[2025-03-10T20:30:17.778+0000] {processor.py:186} INFO - Started process (PID=138) to work on /home/airflow/.local/lib/python3.12/site-packages/airflow/example_dags/example_sensors.py
[2025-03-10T20:30:17.779+0000] {processor.py:914} INFO - Processing file /home/airflow/.local/lib/python3.12/site-packages/airflow/example_dags/example_sensors.py for tasks to queue
[2025-03-10T20:30:17.782+0000] {logging_mixin.py:190} INFO - [2025-03-10T20:30:17.781+0000] {dagbag.py:588} INFO - Filling up the DagBag from /home/airflow/.local/lib/python3.12/site-packages/airflow/example_dags/example_sensors.py
[2025-03-10T20:30:17.798+0000] {processor.py:925} INFO - DAG(s) 'example_sensors' retrieved from /home/airflow/.local/lib/python3.12/site-packages/airflow/example_dags/example_sensors.py
[2025-03-10T20:30:17.877+0000] {logging_mixin.py:190} INFO - [2025-03-10T20:30:17.876+0000] {override.py:1912} INFO - Created Permission View: can read on DAG:example_sensors
[2025-03-10T20:30:17.888+0000] {logging_mixin.py:190} INFO - [2025-03-10T20:30:17.888+0000] {override.py:1912} INFO - Created Permission View: can edit on DAG:example_sensors
[2025-03-10T20:30:17.896+0000] {logging_mixin.py:190} INFO - [2025-03-10T20:30:17.895+0000] {override.py:1912} INFO - Created Permission View: can delete on DAG:example_sensors
[2025-03-10T20:30:17.903+0000] {logging_mixin.py:190} INFO - [2025-03-10T20:30:17.902+0000] {override.py:1912} INFO - Created Permission View: menu access on DAG Run:example_sensors
[2025-03-10T20:30:17.909+0000] {logging_mixin.py:190} INFO - [2025-03-10T20:30:17.909+0000] {override.py:1912} INFO - Created Permission View: can read on DAG Run:example_sensors
[2025-03-10T20:30:17.915+0000] {logging_mixin.py:190} INFO - [2025-03-10T20:30:17.915+0000] {override.py:1912} INFO - Created Permission View: can create on DAG Run:example_sensors
[2025-03-10T20:30:17.922+0000] {logging_mixin.py:190} INFO - [2025-03-10T20:30:17.921+0000] {override.py:1912} INFO - Created Permission View: can delete on DAG Run:example_sensors
[2025-03-10T20:30:17.922+0000] {logging_mixin.py:190} INFO - [2025-03-10T20:30:17.922+0000] {dag.py:3239} INFO - Sync 1 DAGs
[2025-03-10T20:30:17.937+0000] {logging_mixin.py:190} INFO - [2025-03-10T20:30:17.937+0000] {dag.py:3262} INFO - Creating ORM DAG for example_sensors
[2025-03-10T20:30:17.938+0000] {logging_mixin.py:190} INFO - [2025-03-10T20:30:17.937+0000] {dag.py:4180} INFO - Setting next_dagrun for example_sensors to None, run_after=None
[2025-03-10T20:30:17.954+0000] {processor.py:208} INFO - Processing /home/airflow/.local/lib/python3.12/site-packages/airflow/example_dags/example_sensors.py took 0.183 seconds
[2025-03-10T20:30:48.348+0000] {processor.py:186} INFO - Started process (PID=201) to work on /home/airflow/.local/lib/python3.12/site-packages/airflow/example_dags/example_sensors.py
[2025-03-10T20:30:48.349+0000] {processor.py:914} INFO - Processing file /home/airflow/.local/lib/python3.12/site-packages/airflow/example_dags/example_sensors.py for tasks to queue
[2025-03-10T20:30:48.353+0000] {logging_mixin.py:190} INFO - [2025-03-10T20:30:48.352+0000] {dagbag.py:588} INFO - Filling up the DagBag from /home/airflow/.local/lib/python3.12/site-packages/airflow/example_dags/example_sensors.py
[2025-03-10T20:30:48.367+0000] {processor.py:925} INFO - DAG(s) 'example_sensors' retrieved from /home/airflow/.local/lib/python3.12/site-packages/airflow/example_dags/example_sensors.py
[2025-03-10T20:30:48.400+0000] {logging_mixin.py:190} INFO - [2025-03-10T20:30:48.400+0000] {dag.py:3239} INFO - Sync 1 DAGs
[2025-03-10T20:30:48.417+0000] {logging_mixin.py:190} INFO - [2025-03-10T20:30:48.417+0000] {dag.py:4180} INFO - Setting next_dagrun for example_sensors to None, run_after=None
[2025-03-10T20:30:48.438+0000] {processor.py:208} INFO - Processing /home/airflow/.local/lib/python3.12/site-packages/airflow/example_dags/example_sensors.py took 0.098 seconds
[2025-03-10T20:31:24.993+0000] {processor.py:186} INFO - Started process (PID=264) to work on /home/airflow/.local/lib/python3.12/site-packages/airflow/example_dags/example_sensors.py
[2025-03-10T20:31:24.997+0000] {processor.py:914} INFO - Processing file /home/airflow/.local/lib/python3.12/site-packages/airflow/example_dags/example_sensors.py for tasks to queue
[2025-03-10T20:31:25.007+0000] {logging_mixin.py:190} INFO - [2025-03-10T20:31:25.006+0000] {dagbag.py:588} INFO - Filling up the DagBag from /home/airflow/.local/lib/python3.12/site-packages/airflow/example_dags/example_sensors.py
[2025-03-10T20:31:25.052+0000] {processor.py:925} INFO - DAG(s) 'example_sensors' retrieved from /home/airflow/.local/lib/python3.12/site-packages/airflow/example_dags/example_sensors.py
[2025-03-10T20:31:25.207+0000] {logging_mixin.py:190} INFO - [2025-03-10T20:31:25.205+0000] {dag.py:3239} INFO - Sync 1 DAGs
[2025-03-10T20:31:25.322+0000] {logging_mixin.py:190} INFO - [2025-03-10T20:31:25.321+0000] {dag.py:4180} INFO - Setting next_dagrun for example_sensors to None, run_after=None
[2025-03-10T20:31:25.431+0000] {processor.py:208} INFO - Processing /home/airflow/.local/lib/python3.12/site-packages/airflow/example_dags/example_sensors.py took 0.463 seconds
[2025-03-10T20:31:56.032+0000] {processor.py:186} INFO - Started process (PID=327) to work on /home/airflow/.local/lib/python3.12/site-packages/airflow/example_dags/example_sensors.py
[2025-03-10T20:31:56.034+0000] {processor.py:914} INFO - Processing file /home/airflow/.local/lib/python3.12/site-packages/airflow/example_dags/example_sensors.py for tasks to queue
[2025-03-10T20:31:56.037+0000] {logging_mixin.py:190} INFO - [2025-03-10T20:31:56.036+0000] {dagbag.py:588} INFO - Filling up the DagBag from /home/airflow/.local/lib/python3.12/site-packages/airflow/example_dags/example_sensors.py
[2025-03-10T20:31:56.051+0000] {processor.py:925} INFO - DAG(s) 'example_sensors' retrieved from /home/airflow/.local/lib/python3.12/site-packages/airflow/example_dags/example_sensors.py
[2025-03-10T20:31:56.084+0000] {logging_mixin.py:190} INFO - [2025-03-10T20:31:56.084+0000] {dag.py:3239} INFO - Sync 1 DAGs
[2025-03-10T20:31:56.102+0000] {logging_mixin.py:190} INFO - [2025-03-10T20:31:56.102+0000] {dag.py:4180} INFO - Setting next_dagrun for example_sensors to None, run_after=None
[2025-03-10T20:31:56.124+0000] {processor.py:208} INFO - Processing /home/airflow/.local/lib/python3.12/site-packages/airflow/example_dags/example_sensors.py took 0.100 seconds
[2025-03-10T20:32:26.517+0000] {processor.py:186} INFO - Started process (PID=390) to work on /home/airflow/.local/lib/python3.12/site-packages/airflow/example_dags/example_sensors.py
[2025-03-10T20:32:26.518+0000] {processor.py:914} INFO - Processing file /home/airflow/.local/lib/python3.12/site-packages/airflow/example_dags/example_sensors.py for tasks to queue
[2025-03-10T20:32:26.521+0000] {logging_mixin.py:190} INFO - [2025-03-10T20:32:26.520+0000] {dagbag.py:588} INFO - Filling up the DagBag from /home/airflow/.local/lib/python3.12/site-packages/airflow/example_dags/example_sensors.py
[2025-03-10T20:32:26.533+0000] {processor.py:925} INFO - DAG(s) 'example_sensors' retrieved from /home/airflow/.local/lib/python3.12/site-packages/airflow/example_dags/example_sensors.py
[2025-03-10T20:32:26.582+0000] {logging_mixin.py:190} INFO - [2025-03-10T20:32:26.582+0000] {dag.py:3239} INFO - Sync 1 DAGs
[2025-03-10T20:32:26.601+0000] {logging_mixin.py:190} INFO - [2025-03-10T20:32:26.601+0000] {dag.py:4180} INFO - Setting next_dagrun for example_sensors to None, run_after=None
[2025-03-10T20:32:26.623+0000] {processor.py:208} INFO - Processing /home/airflow/.local/lib/python3.12/site-packages/airflow/example_dags/example_sensors.py took 0.113 seconds
[2025-03-10T20:32:56.735+0000] {processor.py:186} INFO - Started process (PID=453) to work on /home/airflow/.local/lib/python3.12/site-packages/airflow/example_dags/example_sensors.py
[2025-03-10T20:32:56.736+0000] {processor.py:914} INFO - Processing file /home/airflow/.local/lib/python3.12/site-packages/airflow/example_dags/example_sensors.py for tasks to queue
[2025-03-10T20:32:56.739+0000] {logging_mixin.py:190} INFO - [2025-03-10T20:32:56.739+0000] {dagbag.py:588} INFO - Filling up the DagBag from /home/airflow/.local/lib/python3.12/site-packages/airflow/example_dags/example_sensors.py
[2025-03-10T20:32:56.751+0000] {processor.py:925} INFO - DAG(s) 'example_sensors' retrieved from /home/airflow/.local/lib/python3.12/site-packages/airflow/example_dags/example_sensors.py
[2025-03-10T20:32:56.783+0000] {logging_mixin.py:190} INFO - [2025-03-10T20:32:56.783+0000] {dag.py:3239} INFO - Sync 1 DAGs
[2025-03-10T20:32:56.800+0000] {logging_mixin.py:190} INFO - [2025-03-10T20:32:56.800+0000] {dag.py:4180} INFO - Setting next_dagrun for example_sensors to None, run_after=None
[2025-03-10T20:32:56.819+0000] {processor.py:208} INFO - Processing /home/airflow/.local/lib/python3.12/site-packages/airflow/example_dags/example_sensors.py took 0.092 seconds
[2025-03-10T20:33:26.898+0000] {processor.py:186} INFO - Started process (PID=516) to work on /home/airflow/.local/lib/python3.12/site-packages/airflow/example_dags/example_sensors.py
[2025-03-10T20:33:26.899+0000] {processor.py:914} INFO - Processing file /home/airflow/.local/lib/python3.12/site-packages/airflow/example_dags/example_sensors.py for tasks to queue
[2025-03-10T20:33:26.902+0000] {logging_mixin.py:190} INFO - [2025-03-10T20:33:26.901+0000] {dagbag.py:588} INFO - Filling up the DagBag from /home/airflow/.local/lib/python3.12/site-packages/airflow/example_dags/example_sensors.py
[2025-03-10T20:33:26.914+0000] {processor.py:925} INFO - DAG(s) 'example_sensors' retrieved from /home/airflow/.local/lib/python3.12/site-packages/airflow/example_dags/example_sensors.py
[2025-03-10T20:33:26.946+0000] {logging_mixin.py:190} INFO - [2025-03-10T20:33:26.946+0000] {dag.py:3239} INFO - Sync 1 DAGs
[2025-03-10T20:33:26.964+0000] {logging_mixin.py:190} INFO - [2025-03-10T20:33:26.964+0000] {dag.py:4180} INFO - Setting next_dagrun for example_sensors to None, run_after=None
[2025-03-10T20:33:26.984+0000] {processor.py:208} INFO - Processing /home/airflow/.local/lib/python3.12/site-packages/airflow/example_dags/example_sensors.py took 0.094 seconds
[2025-03-10T20:33:57.115+0000] {processor.py:186} INFO - Started process (PID=579) to work on /home/airflow/.local/lib/python3.12/site-packages/airflow/example_dags/example_sensors.py
[2025-03-10T20:33:57.116+0000] {processor.py:914} INFO - Processing file /home/airflow/.local/lib/python3.12/site-packages/airflow/example_dags/example_sensors.py for tasks to queue
[2025-03-10T20:33:57.119+0000] {logging_mixin.py:190} INFO - [2025-03-10T20:33:57.118+0000] {dagbag.py:588} INFO - Filling up the DagBag from /home/airflow/.local/lib/python3.12/site-packages/airflow/example_dags/example_sensors.py
[2025-03-10T20:33:57.130+0000] {processor.py:925} INFO - DAG(s) 'example_sensors' retrieved from /home/airflow/.local/lib/python3.12/site-packages/airflow/example_dags/example_sensors.py
[2025-03-10T20:33:57.161+0000] {logging_mixin.py:190} INFO - [2025-03-10T20:33:57.161+0000] {dag.py:3239} INFO - Sync 1 DAGs
[2025-03-10T20:33:57.178+0000] {logging_mixin.py:190} INFO - [2025-03-10T20:33:57.178+0000] {dag.py:4180} INFO - Setting next_dagrun for example_sensors to None, run_after=None
[2025-03-10T20:33:57.198+0000] {processor.py:208} INFO - Processing /home/airflow/.local/lib/python3.12/site-packages/airflow/example_dags/example_sensors.py took 0.090 seconds
[2025-03-10T20:34:28.233+0000] {processor.py:186} INFO - Started process (PID=642) to work on /home/airflow/.local/lib/python3.12/site-packages/airflow/example_dags/example_sensors.py
[2025-03-10T20:34:28.234+0000] {processor.py:914} INFO - Processing file /home/airflow/.local/lib/python3.12/site-packages/airflow/example_dags/example_sensors.py for tasks to queue
[2025-03-10T20:34:28.236+0000] {logging_mixin.py:190} INFO - [2025-03-10T20:34:28.236+0000] {dagbag.py:588} INFO - Filling up the DagBag from /home/airflow/.local/lib/python3.12/site-packages/airflow/example_dags/example_sensors.py
[2025-03-10T20:34:28.248+0000] {processor.py:925} INFO - DAG(s) 'example_sensors' retrieved from /home/airflow/.local/lib/python3.12/site-packages/airflow/example_dags/example_sensors.py
[2025-03-10T20:34:28.280+0000] {logging_mixin.py:190} INFO - [2025-03-10T20:34:28.280+0000] {dag.py:3239} INFO - Sync 1 DAGs
[2025-03-10T20:34:28.299+0000] {logging_mixin.py:190} INFO - [2025-03-10T20:34:28.299+0000] {dag.py:4180} INFO - Setting next_dagrun for example_sensors to None, run_after=None
[2025-03-10T20:34:28.322+0000] {processor.py:208} INFO - Processing /home/airflow/.local/lib/python3.12/site-packages/airflow/example_dags/example_sensors.py took 0.096 seconds
[2025-03-10T20:34:58.527+0000] {processor.py:186} INFO - Started process (PID=704) to work on /home/airflow/.local/lib/python3.12/site-packages/airflow/example_dags/example_sensors.py
[2025-03-10T20:34:58.528+0000] {processor.py:914} INFO - Processing file /home/airflow/.local/lib/python3.12/site-packages/airflow/example_dags/example_sensors.py for tasks to queue
[2025-03-10T20:34:58.531+0000] {logging_mixin.py:190} INFO - [2025-03-10T20:34:58.530+0000] {dagbag.py:588} INFO - Filling up the DagBag from /home/airflow/.local/lib/python3.12/site-packages/airflow/example_dags/example_sensors.py
[2025-03-10T20:34:58.545+0000] {processor.py:925} INFO - DAG(s) 'example_sensors' retrieved from /home/airflow/.local/lib/python3.12/site-packages/airflow/example_dags/example_sensors.py
[2025-03-10T20:34:58.577+0000] {logging_mixin.py:190} INFO - [2025-03-10T20:34:58.577+0000] {dag.py:3239} INFO - Sync 1 DAGs
[2025-03-10T20:34:58.596+0000] {logging_mixin.py:190} INFO - [2025-03-10T20:34:58.596+0000] {dag.py:4180} INFO - Setting next_dagrun for example_sensors to None, run_after=None
[2025-03-10T20:34:58.620+0000] {processor.py:208} INFO - Processing /home/airflow/.local/lib/python3.12/site-packages/airflow/example_dags/example_sensors.py took 0.101 seconds
[2025-03-10T20:35:28.852+0000] {processor.py:186} INFO - Started process (PID=767) to work on /home/airflow/.local/lib/python3.12/site-packages/airflow/example_dags/example_sensors.py
[2025-03-10T20:35:28.853+0000] {processor.py:914} INFO - Processing file /home/airflow/.local/lib/python3.12/site-packages/airflow/example_dags/example_sensors.py for tasks to queue
[2025-03-10T20:35:28.856+0000] {logging_mixin.py:190} INFO - [2025-03-10T20:35:28.856+0000] {dagbag.py:588} INFO - Filling up the DagBag from /home/airflow/.local/lib/python3.12/site-packages/airflow/example_dags/example_sensors.py
[2025-03-10T20:35:28.872+0000] {processor.py:925} INFO - DAG(s) 'example_sensors' retrieved from /home/airflow/.local/lib/python3.12/site-packages/airflow/example_dags/example_sensors.py
[2025-03-10T20:35:28.909+0000] {logging_mixin.py:190} INFO - [2025-03-10T20:35:28.908+0000] {dag.py:3239} INFO - Sync 1 DAGs
[2025-03-10T20:35:28.930+0000] {logging_mixin.py:190} INFO - [2025-03-10T20:35:28.929+0000] {dag.py:4180} INFO - Setting next_dagrun for example_sensors to None, run_after=None
[2025-03-10T20:35:28.956+0000] {processor.py:208} INFO - Processing /home/airflow/.local/lib/python3.12/site-packages/airflow/example_dags/example_sensors.py took 0.112 seconds
[2025-03-10T20:35:59.182+0000] {processor.py:186} INFO - Started process (PID=830) to work on /home/airflow/.local/lib/python3.12/site-packages/airflow/example_dags/example_sensors.py
[2025-03-10T20:35:59.183+0000] {processor.py:914} INFO - Processing file /home/airflow/.local/lib/python3.12/site-packages/airflow/example_dags/example_sensors.py for tasks to queue
[2025-03-10T20:35:59.188+0000] {logging_mixin.py:190} INFO - [2025-03-10T20:35:59.187+0000] {dagbag.py:588} INFO - Filling up the DagBag from /home/airflow/.local/lib/python3.12/site-packages/airflow/example_dags/example_sensors.py
[2025-03-10T20:35:59.210+0000] {processor.py:925} INFO - DAG(s) 'example_sensors' retrieved from /home/airflow/.local/lib/python3.12/site-packages/airflow/example_dags/example_sensors.py
[2025-03-10T20:35:59.268+0000] {logging_mixin.py:190} INFO - [2025-03-10T20:35:59.267+0000] {dag.py:3239} INFO - Sync 1 DAGs
[2025-03-10T20:35:59.301+0000] {logging_mixin.py:190} INFO - [2025-03-10T20:35:59.301+0000] {dag.py:4180} INFO - Setting next_dagrun for example_sensors to None, run_after=None
[2025-03-10T20:35:59.336+0000] {processor.py:208} INFO - Processing /home/airflow/.local/lib/python3.12/site-packages/airflow/example_dags/example_sensors.py took 0.167 seconds
[2025-03-10T20:36:29.408+0000] {processor.py:186} INFO - Started process (PID=893) to work on /home/airflow/.local/lib/python3.12/site-packages/airflow/example_dags/example_sensors.py
[2025-03-10T20:36:29.409+0000] {processor.py:914} INFO - Processing file /home/airflow/.local/lib/python3.12/site-packages/airflow/example_dags/example_sensors.py for tasks to queue
[2025-03-10T20:36:29.412+0000] {logging_mixin.py:190} INFO - [2025-03-10T20:36:29.411+0000] {dagbag.py:588} INFO - Filling up the DagBag from /home/airflow/.local/lib/python3.12/site-packages/airflow/example_dags/example_sensors.py
[2025-03-10T20:36:29.424+0000] {processor.py:925} INFO - DAG(s) 'example_sensors' retrieved from /home/airflow/.local/lib/python3.12/site-packages/airflow/example_dags/example_sensors.py
[2025-03-10T20:36:29.455+0000] {logging_mixin.py:190} INFO - [2025-03-10T20:36:29.455+0000] {dag.py:3239} INFO - Sync 1 DAGs
[2025-03-10T20:36:29.473+0000] {logging_mixin.py:190} INFO - [2025-03-10T20:36:29.472+0000] {dag.py:4180} INFO - Setting next_dagrun for example_sensors to None, run_after=None
[2025-03-10T20:36:29.493+0000] {processor.py:208} INFO - Processing /home/airflow/.local/lib/python3.12/site-packages/airflow/example_dags/example_sensors.py took 0.093 seconds
[2025-03-10T20:37:00.008+0000] {processor.py:186} INFO - Started process (PID=956) to work on /home/airflow/.local/lib/python3.12/site-packages/airflow/example_dags/example_sensors.py
[2025-03-10T20:37:00.009+0000] {processor.py:914} INFO - Processing file /home/airflow/.local/lib/python3.12/site-packages/airflow/example_dags/example_sensors.py for tasks to queue
[2025-03-10T20:37:00.012+0000] {logging_mixin.py:190} INFO - [2025-03-10T20:37:00.012+0000] {dagbag.py:588} INFO - Filling up the DagBag from /home/airflow/.local/lib/python3.12/site-packages/airflow/example_dags/example_sensors.py
[2025-03-10T20:37:00.026+0000] {processor.py:925} INFO - DAG(s) 'example_sensors' retrieved from /home/airflow/.local/lib/python3.12/site-packages/airflow/example_dags/example_sensors.py
[2025-03-10T20:37:00.058+0000] {logging_mixin.py:190} INFO - [2025-03-10T20:37:00.058+0000] {dag.py:3239} INFO - Sync 1 DAGs
[2025-03-10T20:37:00.076+0000] {logging_mixin.py:190} INFO - [2025-03-10T20:37:00.076+0000] {dag.py:4180} INFO - Setting next_dagrun for example_sensors to None, run_after=None
[2025-03-10T20:37:00.098+0000] {processor.py:208} INFO - Processing /home/airflow/.local/lib/python3.12/site-packages/airflow/example_dags/example_sensors.py took 0.098 seconds
[2025-03-10T20:37:30.324+0000] {processor.py:186} INFO - Started process (PID=1020) to work on /home/airflow/.local/lib/python3.12/site-packages/airflow/example_dags/example_sensors.py
[2025-03-10T20:37:30.325+0000] {processor.py:914} INFO - Processing file /home/airflow/.local/lib/python3.12/site-packages/airflow/example_dags/example_sensors.py for tasks to queue
[2025-03-10T20:37:30.328+0000] {logging_mixin.py:190} INFO - [2025-03-10T20:37:30.328+0000] {dagbag.py:588} INFO - Filling up the DagBag from /home/airflow/.local/lib/python3.12/site-packages/airflow/example_dags/example_sensors.py
[2025-03-10T20:37:30.342+0000] {processor.py:925} INFO - DAG(s) 'example_sensors' retrieved from /home/airflow/.local/lib/python3.12/site-packages/airflow/example_dags/example_sensors.py
[2025-03-10T20:37:30.373+0000] {logging_mixin.py:190} INFO - [2025-03-10T20:37:30.373+0000] {dag.py:3239} INFO - Sync 1 DAGs
[2025-03-10T20:37:30.392+0000] {logging_mixin.py:190} INFO - [2025-03-10T20:37:30.391+0000] {dag.py:4180} INFO - Setting next_dagrun for example_sensors to None, run_after=None
[2025-03-10T20:37:30.413+0000] {processor.py:208} INFO - Processing /home/airflow/.local/lib/python3.12/site-packages/airflow/example_dags/example_sensors.py took 0.097 seconds
[2025-03-10T20:38:00.978+0000] {processor.py:186} INFO - Started process (PID=1083) to work on /home/airflow/.local/lib/python3.12/site-packages/airflow/example_dags/example_sensors.py
[2025-03-10T20:38:00.979+0000] {processor.py:914} INFO - Processing file /home/airflow/.local/lib/python3.12/site-packages/airflow/example_dags/example_sensors.py for tasks to queue
[2025-03-10T20:38:00.982+0000] {logging_mixin.py:190} INFO - [2025-03-10T20:38:00.982+0000] {dagbag.py:588} INFO - Filling up the DagBag from /home/airflow/.local/lib/python3.12/site-packages/airflow/example_dags/example_sensors.py
[2025-03-10T20:38:00.995+0000] {processor.py:925} INFO - DAG(s) 'example_sensors' retrieved from /home/airflow/.local/lib/python3.12/site-packages/airflow/example_dags/example_sensors.py
[2025-03-10T20:38:01.026+0000] {logging_mixin.py:190} INFO - [2025-03-10T20:38:01.026+0000] {dag.py:3239} INFO - Sync 1 DAGs
[2025-03-10T20:38:01.045+0000] {logging_mixin.py:190} INFO - [2025-03-10T20:38:01.045+0000] {dag.py:4180} INFO - Setting next_dagrun for example_sensors to None, run_after=None
[2025-03-10T20:38:01.066+0000] {processor.py:208} INFO - Processing /home/airflow/.local/lib/python3.12/site-packages/airflow/example_dags/example_sensors.py took 0.095 seconds
[2025-03-10T20:38:31.461+0000] {processor.py:186} INFO - Started process (PID=1146) to work on /home/airflow/.local/lib/python3.12/site-packages/airflow/example_dags/example_sensors.py
[2025-03-10T20:38:31.462+0000] {processor.py:914} INFO - Processing file /home/airflow/.local/lib/python3.12/site-packages/airflow/example_dags/example_sensors.py for tasks to queue
[2025-03-10T20:38:31.465+0000] {logging_mixin.py:190} INFO - [2025-03-10T20:38:31.464+0000] {dagbag.py:588} INFO - Filling up the DagBag from /home/airflow/.local/lib/python3.12/site-packages/airflow/example_dags/example_sensors.py
[2025-03-10T20:38:31.477+0000] {processor.py:925} INFO - DAG(s) 'example_sensors' retrieved from /home/airflow/.local/lib/python3.12/site-packages/airflow/example_dags/example_sensors.py
[2025-03-10T20:38:31.509+0000] {logging_mixin.py:190} INFO - [2025-03-10T20:38:31.509+0000] {dag.py:3239} INFO - Sync 1 DAGs
[2025-03-10T20:38:31.528+0000] {logging_mixin.py:190} INFO - [2025-03-10T20:38:31.528+0000] {dag.py:4180} INFO - Setting next_dagrun for example_sensors to None, run_after=None
[2025-03-10T20:38:31.550+0000] {processor.py:208} INFO - Processing /home/airflow/.local/lib/python3.12/site-packages/airflow/example_dags/example_sensors.py took 0.097 seconds
[2025-03-10T20:39:02.154+0000] {processor.py:186} INFO - Started process (PID=1209) to work on /home/airflow/.local/lib/python3.12/site-packages/airflow/example_dags/example_sensors.py
[2025-03-10T20:39:02.155+0000] {processor.py:914} INFO - Processing file /home/airflow/.local/lib/python3.12/site-packages/airflow/example_dags/example_sensors.py for tasks to queue
[2025-03-10T20:39:02.157+0000] {logging_mixin.py:190} INFO - [2025-03-10T20:39:02.157+0000] {dagbag.py:588} INFO - Filling up the DagBag from /home/airflow/.local/lib/python3.12/site-packages/airflow/example_dags/example_sensors.py
[2025-03-10T20:39:02.170+0000] {processor.py:925} INFO - DAG(s) 'example_sensors' retrieved from /home/airflow/.local/lib/python3.12/site-packages/airflow/example_dags/example_sensors.py
[2025-03-10T20:39:02.204+0000] {logging_mixin.py:190} INFO - [2025-03-10T20:39:02.204+0000] {dag.py:3239} INFO - Sync 1 DAGs
[2025-03-10T20:39:02.224+0000] {logging_mixin.py:190} INFO - [2025-03-10T20:39:02.224+0000] {dag.py:4180} INFO - Setting next_dagrun for example_sensors to None, run_after=None
[2025-03-10T20:39:02.246+0000] {processor.py:208} INFO - Processing /home/airflow/.local/lib/python3.12/site-packages/airflow/example_dags/example_sensors.py took 0.100 seconds
[2025-03-10T20:39:32.808+0000] {processor.py:186} INFO - Started process (PID=1272) to work on /home/airflow/.local/lib/python3.12/site-packages/airflow/example_dags/example_sensors.py
[2025-03-10T20:39:32.809+0000] {processor.py:914} INFO - Processing file /home/airflow/.local/lib/python3.12/site-packages/airflow/example_dags/example_sensors.py for tasks to queue
[2025-03-10T20:39:32.812+0000] {logging_mixin.py:190} INFO - [2025-03-10T20:39:32.812+0000] {dagbag.py:588} INFO - Filling up the DagBag from /home/airflow/.local/lib/python3.12/site-packages/airflow/example_dags/example_sensors.py
[2025-03-10T20:39:32.826+0000] {processor.py:925} INFO - DAG(s) 'example_sensors' retrieved from /home/airflow/.local/lib/python3.12/site-packages/airflow/example_dags/example_sensors.py
[2025-03-10T20:39:32.857+0000] {logging_mixin.py:190} INFO - [2025-03-10T20:39:32.857+0000] {dag.py:3239} INFO - Sync 1 DAGs
[2025-03-10T20:39:32.875+0000] {logging_mixin.py:190} INFO - [2025-03-10T20:39:32.875+0000] {dag.py:4180} INFO - Setting next_dagrun for example_sensors to None, run_after=None
[2025-03-10T20:39:32.899+0000] {processor.py:208} INFO - Processing /home/airflow/.local/lib/python3.12/site-packages/airflow/example_dags/example_sensors.py took 0.098 seconds
[2025-03-10T20:40:03.566+0000] {processor.py:186} INFO - Started process (PID=1335) to work on /home/airflow/.local/lib/python3.12/site-packages/airflow/example_dags/example_sensors.py
[2025-03-10T20:40:03.567+0000] {processor.py:914} INFO - Processing file /home/airflow/.local/lib/python3.12/site-packages/airflow/example_dags/example_sensors.py for tasks to queue
[2025-03-10T20:40:03.571+0000] {logging_mixin.py:190} INFO - [2025-03-10T20:40:03.570+0000] {dagbag.py:588} INFO - Filling up the DagBag from /home/airflow/.local/lib/python3.12/site-packages/airflow/example_dags/example_sensors.py
[2025-03-10T20:40:03.585+0000] {processor.py:925} INFO - DAG(s) 'example_sensors' retrieved from /home/airflow/.local/lib/python3.12/site-packages/airflow/example_dags/example_sensors.py
[2025-03-10T20:40:03.618+0000] {logging_mixin.py:190} INFO - [2025-03-10T20:40:03.617+0000] {dag.py:3239} INFO - Sync 1 DAGs
[2025-03-10T20:40:03.638+0000] {logging_mixin.py:190} INFO - [2025-03-10T20:40:03.638+0000] {dag.py:4180} INFO - Setting next_dagrun for example_sensors to None, run_after=None
[2025-03-10T20:40:03.662+0000] {processor.py:208} INFO - Processing /home/airflow/.local/lib/python3.12/site-packages/airflow/example_dags/example_sensors.py took 0.103 seconds
[2025-03-10T20:40:34.425+0000] {processor.py:186} INFO - Started process (PID=1398) to work on /home/airflow/.local/lib/python3.12/site-packages/airflow/example_dags/example_sensors.py
[2025-03-10T20:40:34.426+0000] {processor.py:914} INFO - Processing file /home/airflow/.local/lib/python3.12/site-packages/airflow/example_dags/example_sensors.py for tasks to queue
[2025-03-10T20:40:34.429+0000] {logging_mixin.py:190} INFO - [2025-03-10T20:40:34.429+0000] {dagbag.py:588} INFO - Filling up the DagBag from /home/airflow/.local/lib/python3.12/site-packages/airflow/example_dags/example_sensors.py
[2025-03-10T20:40:34.444+0000] {processor.py:925} INFO - DAG(s) 'example_sensors' retrieved from /home/airflow/.local/lib/python3.12/site-packages/airflow/example_dags/example_sensors.py
[2025-03-10T20:40:34.474+0000] {logging_mixin.py:190} INFO - [2025-03-10T20:40:34.474+0000] {dag.py:3239} INFO - Sync 1 DAGs
[2025-03-10T20:40:34.497+0000] {logging_mixin.py:190} INFO - [2025-03-10T20:40:34.497+0000] {dag.py:4180} INFO - Setting next_dagrun for example_sensors to None, run_after=None
[2025-03-10T20:40:34.519+0000] {processor.py:208} INFO - Processing /home/airflow/.local/lib/python3.12/site-packages/airflow/example_dags/example_sensors.py took 0.102 seconds
[2025-03-10T20:41:04.957+0000] {processor.py:186} INFO - Started process (PID=1461) to work on /home/airflow/.local/lib/python3.12/site-packages/airflow/example_dags/example_sensors.py
[2025-03-10T20:41:04.958+0000] {processor.py:914} INFO - Processing file /home/airflow/.local/lib/python3.12/site-packages/airflow/example_dags/example_sensors.py for tasks to queue
[2025-03-10T20:41:04.961+0000] {logging_mixin.py:190} INFO - [2025-03-10T20:41:04.961+0000] {dagbag.py:588} INFO - Filling up the DagBag from /home/airflow/.local/lib/python3.12/site-packages/airflow/example_dags/example_sensors.py
[2025-03-10T20:41:04.976+0000] {processor.py:925} INFO - DAG(s) 'example_sensors' retrieved from /home/airflow/.local/lib/python3.12/site-packages/airflow/example_dags/example_sensors.py
[2025-03-10T20:41:05.010+0000] {logging_mixin.py:190} INFO - [2025-03-10T20:41:05.010+0000] {dag.py:3239} INFO - Sync 1 DAGs
[2025-03-10T20:41:05.028+0000] {logging_mixin.py:190} INFO - [2025-03-10T20:41:05.028+0000] {dag.py:4180} INFO - Setting next_dagrun for example_sensors to None, run_after=None
[2025-03-10T20:41:05.052+0000] {processor.py:208} INFO - Processing /home/airflow/.local/lib/python3.12/site-packages/airflow/example_dags/example_sensors.py took 0.104 seconds
[2025-03-10T20:41:35.720+0000] {processor.py:186} INFO - Started process (PID=1524) to work on /home/airflow/.local/lib/python3.12/site-packages/airflow/example_dags/example_sensors.py
[2025-03-10T20:41:35.721+0000] {processor.py:914} INFO - Processing file /home/airflow/.local/lib/python3.12/site-packages/airflow/example_dags/example_sensors.py for tasks to queue
[2025-03-10T20:41:35.724+0000] {logging_mixin.py:190} INFO - [2025-03-10T20:41:35.724+0000] {dagbag.py:588} INFO - Filling up the DagBag from /home/airflow/.local/lib/python3.12/site-packages/airflow/example_dags/example_sensors.py
[2025-03-10T20:41:35.737+0000] {processor.py:925} INFO - DAG(s) 'example_sensors' retrieved from /home/airflow/.local/lib/python3.12/site-packages/airflow/example_dags/example_sensors.py
[2025-03-10T20:41:35.769+0000] {logging_mixin.py:190} INFO - [2025-03-10T20:41:35.769+0000] {dag.py:3239} INFO - Sync 1 DAGs
[2025-03-10T20:41:35.786+0000] {logging_mixin.py:190} INFO - [2025-03-10T20:41:35.786+0000] {dag.py:4180} INFO - Setting next_dagrun for example_sensors to None, run_after=None
[2025-03-10T20:41:35.809+0000] {processor.py:208} INFO - Processing /home/airflow/.local/lib/python3.12/site-packages/airflow/example_dags/example_sensors.py took 0.097 seconds
[2025-03-10T20:42:06.346+0000] {processor.py:186} INFO - Started process (PID=1587) to work on /home/airflow/.local/lib/python3.12/site-packages/airflow/example_dags/example_sensors.py
[2025-03-10T20:42:06.347+0000] {processor.py:914} INFO - Processing file /home/airflow/.local/lib/python3.12/site-packages/airflow/example_dags/example_sensors.py for tasks to queue
[2025-03-10T20:42:06.350+0000] {logging_mixin.py:190} INFO - [2025-03-10T20:42:06.350+0000] {dagbag.py:588} INFO - Filling up the DagBag from /home/airflow/.local/lib/python3.12/site-packages/airflow/example_dags/example_sensors.py
[2025-03-10T20:42:06.363+0000] {processor.py:925} INFO - DAG(s) 'example_sensors' retrieved from /home/airflow/.local/lib/python3.12/site-packages/airflow/example_dags/example_sensors.py
[2025-03-10T20:42:06.395+0000] {logging_mixin.py:190} INFO - [2025-03-10T20:42:06.395+0000] {dag.py:3239} INFO - Sync 1 DAGs
[2025-03-10T20:42:06.414+0000] {logging_mixin.py:190} INFO - [2025-03-10T20:42:06.414+0000] {dag.py:4180} INFO - Setting next_dagrun for example_sensors to None, run_after=None
[2025-03-10T20:42:06.438+0000] {processor.py:208} INFO - Processing /home/airflow/.local/lib/python3.12/site-packages/airflow/example_dags/example_sensors.py took 0.099 seconds
[2025-03-10T20:42:36.610+0000] {processor.py:186} INFO - Started process (PID=1650) to work on /home/airflow/.local/lib/python3.12/site-packages/airflow/example_dags/example_sensors.py
[2025-03-10T20:42:36.611+0000] {processor.py:914} INFO - Processing file /home/airflow/.local/lib/python3.12/site-packages/airflow/example_dags/example_sensors.py for tasks to queue
[2025-03-10T20:42:36.614+0000] {logging_mixin.py:190} INFO - [2025-03-10T20:42:36.613+0000] {dagbag.py:588} INFO - Filling up the DagBag from /home/airflow/.local/lib/python3.12/site-packages/airflow/example_dags/example_sensors.py
[2025-03-10T20:42:36.626+0000] {processor.py:925} INFO - DAG(s) 'example_sensors' retrieved from /home/airflow/.local/lib/python3.12/site-packages/airflow/example_dags/example_sensors.py
[2025-03-10T20:42:36.659+0000] {logging_mixin.py:190} INFO - [2025-03-10T20:42:36.658+0000] {dag.py:3239} INFO - Sync 1 DAGs
[2025-03-10T20:42:36.677+0000] {logging_mixin.py:190} INFO - [2025-03-10T20:42:36.677+0000] {dag.py:4180} INFO - Setting next_dagrun for example_sensors to None, run_after=None
[2025-03-10T20:42:36.699+0000] {processor.py:208} INFO - Processing /home/airflow/.local/lib/python3.12/site-packages/airflow/example_dags/example_sensors.py took 0.096 seconds
[2025-03-10T20:43:07.960+0000] {processor.py:186} INFO - Started process (PID=1713) to work on /home/airflow/.local/lib/python3.12/site-packages/airflow/example_dags/example_sensors.py
[2025-03-10T20:43:07.962+0000] {processor.py:914} INFO - Processing file /home/airflow/.local/lib/python3.12/site-packages/airflow/example_dags/example_sensors.py for tasks to queue
[2025-03-10T20:43:07.965+0000] {logging_mixin.py:190} INFO - [2025-03-10T20:43:07.964+0000] {dagbag.py:588} INFO - Filling up the DagBag from /home/airflow/.local/lib/python3.12/site-packages/airflow/example_dags/example_sensors.py
[2025-03-10T20:43:07.979+0000] {processor.py:925} INFO - DAG(s) 'example_sensors' retrieved from /home/airflow/.local/lib/python3.12/site-packages/airflow/example_dags/example_sensors.py
[2025-03-10T20:43:08.012+0000] {logging_mixin.py:190} INFO - [2025-03-10T20:43:08.012+0000] {dag.py:3239} INFO - Sync 1 DAGs
[2025-03-10T20:43:08.030+0000] {logging_mixin.py:190} INFO - [2025-03-10T20:43:08.030+0000] {dag.py:4180} INFO - Setting next_dagrun for example_sensors to None, run_after=None
[2025-03-10T20:43:08.051+0000] {processor.py:208} INFO - Processing /home/airflow/.local/lib/python3.12/site-packages/airflow/example_dags/example_sensors.py took 0.099 seconds
[2025-03-10T20:43:38.386+0000] {processor.py:186} INFO - Started process (PID=1776) to work on /home/airflow/.local/lib/python3.12/site-packages/airflow/example_dags/example_sensors.py
[2025-03-10T20:43:38.387+0000] {processor.py:914} INFO - Processing file /home/airflow/.local/lib/python3.12/site-packages/airflow/example_dags/example_sensors.py for tasks to queue
[2025-03-10T20:43:38.389+0000] {logging_mixin.py:190} INFO - [2025-03-10T20:43:38.389+0000] {dagbag.py:588} INFO - Filling up the DagBag from /home/airflow/.local/lib/python3.12/site-packages/airflow/example_dags/example_sensors.py
[2025-03-10T20:43:38.402+0000] {processor.py:925} INFO - DAG(s) 'example_sensors' retrieved from /home/airflow/.local/lib/python3.12/site-packages/airflow/example_dags/example_sensors.py
[2025-03-10T20:43:38.434+0000] {logging_mixin.py:190} INFO - [2025-03-10T20:43:38.434+0000] {dag.py:3239} INFO - Sync 1 DAGs
[2025-03-10T20:43:38.451+0000] {logging_mixin.py:190} INFO - [2025-03-10T20:43:38.451+0000] {dag.py:4180} INFO - Setting next_dagrun for example_sensors to None, run_after=None
[2025-03-10T20:43:38.473+0000] {processor.py:208} INFO - Processing /home/airflow/.local/lib/python3.12/site-packages/airflow/example_dags/example_sensors.py took 0.094 seconds
[2025-03-10T20:44:09.253+0000] {processor.py:186} INFO - Started process (PID=1839) to work on /home/airflow/.local/lib/python3.12/site-packages/airflow/example_dags/example_sensors.py
[2025-03-10T20:44:09.254+0000] {processor.py:914} INFO - Processing file /home/airflow/.local/lib/python3.12/site-packages/airflow/example_dags/example_sensors.py for tasks to queue
[2025-03-10T20:44:09.256+0000] {logging_mixin.py:190} INFO - [2025-03-10T20:44:09.256+0000] {dagbag.py:588} INFO - Filling up the DagBag from /home/airflow/.local/lib/python3.12/site-packages/airflow/example_dags/example_sensors.py
[2025-03-10T20:44:09.269+0000] {processor.py:925} INFO - DAG(s) 'example_sensors' retrieved from /home/airflow/.local/lib/python3.12/site-packages/airflow/example_dags/example_sensors.py
[2025-03-10T20:44:09.301+0000] {logging_mixin.py:190} INFO - [2025-03-10T20:44:09.301+0000] {dag.py:3239} INFO - Sync 1 DAGs
[2025-03-10T20:44:09.318+0000] {logging_mixin.py:190} INFO - [2025-03-10T20:44:09.318+0000] {dag.py:4180} INFO - Setting next_dagrun for example_sensors to None, run_after=None
[2025-03-10T20:44:09.338+0000] {processor.py:208} INFO - Processing /home/airflow/.local/lib/python3.12/site-packages/airflow/example_dags/example_sensors.py took 0.093 seconds
[2025-03-10T20:44:41.620+0000] {processor.py:186} INFO - Started process (PID=1908) to work on /home/airflow/.local/lib/python3.12/site-packages/airflow/example_dags/example_sensors.py
[2025-03-10T20:44:41.621+0000] {processor.py:914} INFO - Processing file /home/airflow/.local/lib/python3.12/site-packages/airflow/example_dags/example_sensors.py for tasks to queue
[2025-03-10T20:44:41.624+0000] {logging_mixin.py:190} INFO - [2025-03-10T20:44:41.624+0000] {dagbag.py:588} INFO - Filling up the DagBag from /home/airflow/.local/lib/python3.12/site-packages/airflow/example_dags/example_sensors.py
[2025-03-10T20:44:41.639+0000] {processor.py:925} INFO - DAG(s) 'example_sensors' retrieved from /home/airflow/.local/lib/python3.12/site-packages/airflow/example_dags/example_sensors.py
[2025-03-10T20:44:41.673+0000] {logging_mixin.py:190} INFO - [2025-03-10T20:44:41.673+0000] {dag.py:3239} INFO - Sync 1 DAGs
[2025-03-10T20:44:41.692+0000] {logging_mixin.py:190} INFO - [2025-03-10T20:44:41.691+0000] {dag.py:4180} INFO - Setting next_dagrun for example_sensors to None, run_after=None
[2025-03-10T20:44:41.713+0000] {processor.py:208} INFO - Processing /home/airflow/.local/lib/python3.12/site-packages/airflow/example_dags/example_sensors.py took 0.102 seconds
[2025-03-10T20:45:13.065+0000] {processor.py:186} INFO - Started process (PID=1971) to work on /home/airflow/.local/lib/python3.12/site-packages/airflow/example_dags/example_sensors.py
[2025-03-10T20:45:13.066+0000] {processor.py:914} INFO - Processing file /home/airflow/.local/lib/python3.12/site-packages/airflow/example_dags/example_sensors.py for tasks to queue
[2025-03-10T20:45:13.068+0000] {logging_mixin.py:190} INFO - [2025-03-10T20:45:13.068+0000] {dagbag.py:588} INFO - Filling up the DagBag from /home/airflow/.local/lib/python3.12/site-packages/airflow/example_dags/example_sensors.py
[2025-03-10T20:45:13.081+0000] {processor.py:925} INFO - DAG(s) 'example_sensors' retrieved from /home/airflow/.local/lib/python3.12/site-packages/airflow/example_dags/example_sensors.py
[2025-03-10T20:45:13.114+0000] {logging_mixin.py:190} INFO - [2025-03-10T20:45:13.114+0000] {dag.py:3239} INFO - Sync 1 DAGs
[2025-03-10T20:45:13.384+0000] {logging_mixin.py:190} INFO - [2025-03-10T20:45:13.384+0000] {dag.py:4180} INFO - Setting next_dagrun for example_sensors to None, run_after=None
[2025-03-10T20:45:13.404+0000] {processor.py:208} INFO - Processing /home/airflow/.local/lib/python3.12/site-packages/airflow/example_dags/example_sensors.py took 0.346 seconds
[2025-03-10T20:45:43.788+0000] {processor.py:186} INFO - Started process (PID=2034) to work on /home/airflow/.local/lib/python3.12/site-packages/airflow/example_dags/example_sensors.py
[2025-03-10T20:45:43.789+0000] {processor.py:914} INFO - Processing file /home/airflow/.local/lib/python3.12/site-packages/airflow/example_dags/example_sensors.py for tasks to queue
[2025-03-10T20:45:43.792+0000] {logging_mixin.py:190} INFO - [2025-03-10T20:45:43.792+0000] {dagbag.py:588} INFO - Filling up the DagBag from /home/airflow/.local/lib/python3.12/site-packages/airflow/example_dags/example_sensors.py
[2025-03-10T20:45:43.805+0000] {processor.py:925} INFO - DAG(s) 'example_sensors' retrieved from /home/airflow/.local/lib/python3.12/site-packages/airflow/example_dags/example_sensors.py
[2025-03-10T20:45:43.836+0000] {logging_mixin.py:190} INFO - [2025-03-10T20:45:43.836+0000] {dag.py:3239} INFO - Sync 1 DAGs
[2025-03-10T20:45:43.854+0000] {logging_mixin.py:190} INFO - [2025-03-10T20:45:43.854+0000] {dag.py:4180} INFO - Setting next_dagrun for example_sensors to None, run_after=None
[2025-03-10T20:45:44.126+0000] {processor.py:208} INFO - Processing /home/airflow/.local/lib/python3.12/site-packages/airflow/example_dags/example_sensors.py took 0.345 seconds
[2025-03-10T20:46:14.270+0000] {processor.py:186} INFO - Started process (PID=2098) to work on /home/airflow/.local/lib/python3.12/site-packages/airflow/example_dags/example_sensors.py
[2025-03-10T20:46:14.271+0000] {processor.py:914} INFO - Processing file /home/airflow/.local/lib/python3.12/site-packages/airflow/example_dags/example_sensors.py for tasks to queue
[2025-03-10T20:46:14.274+0000] {logging_mixin.py:190} INFO - [2025-03-10T20:46:14.273+0000] {dagbag.py:588} INFO - Filling up the DagBag from /home/airflow/.local/lib/python3.12/site-packages/airflow/example_dags/example_sensors.py
[2025-03-10T20:46:14.287+0000] {processor.py:925} INFO - DAG(s) 'example_sensors' retrieved from /home/airflow/.local/lib/python3.12/site-packages/airflow/example_dags/example_sensors.py
[2025-03-10T20:46:14.320+0000] {logging_mixin.py:190} INFO - [2025-03-10T20:46:14.319+0000] {dag.py:3239} INFO - Sync 1 DAGs
[2025-03-10T20:46:14.338+0000] {logging_mixin.py:190} INFO - [2025-03-10T20:46:14.338+0000] {dag.py:4180} INFO - Setting next_dagrun for example_sensors to None, run_after=None
[2025-03-10T20:46:14.359+0000] {processor.py:208} INFO - Processing /home/airflow/.local/lib/python3.12/site-packages/airflow/example_dags/example_sensors.py took 0.095 seconds
[2025-03-10T20:46:47.623+0000] {processor.py:186} INFO - Started process (PID=2160) to work on /home/airflow/.local/lib/python3.12/site-packages/airflow/example_dags/example_sensors.py
[2025-03-10T20:46:47.624+0000] {processor.py:914} INFO - Processing file /home/airflow/.local/lib/python3.12/site-packages/airflow/example_dags/example_sensors.py for tasks to queue
[2025-03-10T20:46:47.627+0000] {logging_mixin.py:190} INFO - [2025-03-10T20:46:47.627+0000] {dagbag.py:588} INFO - Filling up the DagBag from /home/airflow/.local/lib/python3.12/site-packages/airflow/example_dags/example_sensors.py
[2025-03-10T20:46:47.933+0000] {processor.py:925} INFO - DAG(s) 'example_sensors' retrieved from /home/airflow/.local/lib/python3.12/site-packages/airflow/example_dags/example_sensors.py
[2025-03-10T20:46:47.964+0000] {logging_mixin.py:190} INFO - [2025-03-10T20:46:47.964+0000] {dag.py:3239} INFO - Sync 1 DAGs
[2025-03-10T20:46:47.982+0000] {logging_mixin.py:190} INFO - [2025-03-10T20:46:47.981+0000] {dag.py:4180} INFO - Setting next_dagrun for example_sensors to None, run_after=None
[2025-03-10T20:46:48.002+0000] {processor.py:208} INFO - Processing /home/airflow/.local/lib/python3.12/site-packages/airflow/example_dags/example_sensors.py took 0.387 seconds
[2025-03-10T20:47:18.816+0000] {processor.py:186} INFO - Started process (PID=2223) to work on /home/airflow/.local/lib/python3.12/site-packages/airflow/example_dags/example_sensors.py
[2025-03-10T20:47:18.817+0000] {processor.py:914} INFO - Processing file /home/airflow/.local/lib/python3.12/site-packages/airflow/example_dags/example_sensors.py for tasks to queue
[2025-03-10T20:47:18.820+0000] {logging_mixin.py:190} INFO - [2025-03-10T20:47:18.820+0000] {dagbag.py:588} INFO - Filling up the DagBag from /home/airflow/.local/lib/python3.12/site-packages/airflow/example_dags/example_sensors.py
[2025-03-10T20:47:18.833+0000] {processor.py:925} INFO - DAG(s) 'example_sensors' retrieved from /home/airflow/.local/lib/python3.12/site-packages/airflow/example_dags/example_sensors.py
[2025-03-10T20:47:18.866+0000] {logging_mixin.py:190} INFO - [2025-03-10T20:47:18.866+0000] {dag.py:3239} INFO - Sync 1 DAGs
[2025-03-10T20:47:18.884+0000] {logging_mixin.py:190} INFO - [2025-03-10T20:47:18.883+0000] {dag.py:4180} INFO - Setting next_dagrun for example_sensors to None, run_after=None
[2025-03-10T20:47:18.905+0000] {processor.py:208} INFO - Processing /home/airflow/.local/lib/python3.12/site-packages/airflow/example_dags/example_sensors.py took 0.096 seconds
[2025-03-10T20:47:49.340+0000] {processor.py:186} INFO - Started process (PID=2286) to work on /home/airflow/.local/lib/python3.12/site-packages/airflow/example_dags/example_sensors.py
[2025-03-10T20:47:49.341+0000] {processor.py:914} INFO - Processing file /home/airflow/.local/lib/python3.12/site-packages/airflow/example_dags/example_sensors.py for tasks to queue
[2025-03-10T20:47:49.344+0000] {logging_mixin.py:190} INFO - [2025-03-10T20:47:49.344+0000] {dagbag.py:588} INFO - Filling up the DagBag from /home/airflow/.local/lib/python3.12/site-packages/airflow/example_dags/example_sensors.py
[2025-03-10T20:47:49.358+0000] {processor.py:925} INFO - DAG(s) 'example_sensors' retrieved from /home/airflow/.local/lib/python3.12/site-packages/airflow/example_dags/example_sensors.py
[2025-03-10T20:47:49.391+0000] {logging_mixin.py:190} INFO - [2025-03-10T20:47:49.390+0000] {dag.py:3239} INFO - Sync 1 DAGs
[2025-03-10T20:47:49.408+0000] {logging_mixin.py:190} INFO - [2025-03-10T20:47:49.408+0000] {dag.py:4180} INFO - Setting next_dagrun for example_sensors to None, run_after=None
[2025-03-10T20:47:49.429+0000] {processor.py:208} INFO - Processing /home/airflow/.local/lib/python3.12/site-packages/airflow/example_dags/example_sensors.py took 0.098 seconds
[2025-03-10T20:48:19.780+0000] {processor.py:186} INFO - Started process (PID=2349) to work on /home/airflow/.local/lib/python3.12/site-packages/airflow/example_dags/example_sensors.py
[2025-03-10T20:48:19.781+0000] {processor.py:914} INFO - Processing file /home/airflow/.local/lib/python3.12/site-packages/airflow/example_dags/example_sensors.py for tasks to queue
[2025-03-10T20:48:19.784+0000] {logging_mixin.py:190} INFO - [2025-03-10T20:48:19.784+0000] {dagbag.py:588} INFO - Filling up the DagBag from /home/airflow/.local/lib/python3.12/site-packages/airflow/example_dags/example_sensors.py
[2025-03-10T20:48:19.797+0000] {processor.py:925} INFO - DAG(s) 'example_sensors' retrieved from /home/airflow/.local/lib/python3.12/site-packages/airflow/example_dags/example_sensors.py
[2025-03-10T20:48:19.830+0000] {logging_mixin.py:190} INFO - [2025-03-10T20:48:19.830+0000] {dag.py:3239} INFO - Sync 1 DAGs
[2025-03-10T20:48:19.847+0000] {logging_mixin.py:190} INFO - [2025-03-10T20:48:19.847+0000] {dag.py:4180} INFO - Setting next_dagrun for example_sensors to None, run_after=None
[2025-03-10T20:48:19.867+0000] {processor.py:208} INFO - Processing /home/airflow/.local/lib/python3.12/site-packages/airflow/example_dags/example_sensors.py took 0.096 seconds
[2025-03-10T20:48:50.428+0000] {processor.py:186} INFO - Started process (PID=2412) to work on /home/airflow/.local/lib/python3.12/site-packages/airflow/example_dags/example_sensors.py
[2025-03-10T20:48:50.431+0000] {processor.py:914} INFO - Processing file /home/airflow/.local/lib/python3.12/site-packages/airflow/example_dags/example_sensors.py for tasks to queue
[2025-03-10T20:48:50.434+0000] {logging_mixin.py:190} INFO - [2025-03-10T20:48:50.434+0000] {dagbag.py:588} INFO - Filling up the DagBag from /home/airflow/.local/lib/python3.12/site-packages/airflow/example_dags/example_sensors.py
[2025-03-10T20:48:50.449+0000] {processor.py:925} INFO - DAG(s) 'example_sensors' retrieved from /home/airflow/.local/lib/python3.12/site-packages/airflow/example_dags/example_sensors.py
[2025-03-10T20:48:50.484+0000] {logging_mixin.py:190} INFO - [2025-03-10T20:48:50.483+0000] {dag.py:3239} INFO - Sync 1 DAGs
[2025-03-10T20:48:50.503+0000] {logging_mixin.py:190} INFO - [2025-03-10T20:48:50.503+0000] {dag.py:4180} INFO - Setting next_dagrun for example_sensors to None, run_after=None
[2025-03-10T20:48:50.525+0000] {processor.py:208} INFO - Processing /home/airflow/.local/lib/python3.12/site-packages/airflow/example_dags/example_sensors.py took 0.106 seconds
[2025-03-10T20:49:20.901+0000] {processor.py:186} INFO - Started process (PID=2475) to work on /home/airflow/.local/lib/python3.12/site-packages/airflow/example_dags/example_sensors.py
[2025-03-10T20:49:20.902+0000] {processor.py:914} INFO - Processing file /home/airflow/.local/lib/python3.12/site-packages/airflow/example_dags/example_sensors.py for tasks to queue
[2025-03-10T20:49:20.905+0000] {logging_mixin.py:190} INFO - [2025-03-10T20:49:20.905+0000] {dagbag.py:588} INFO - Filling up the DagBag from /home/airflow/.local/lib/python3.12/site-packages/airflow/example_dags/example_sensors.py
[2025-03-10T20:49:20.918+0000] {processor.py:925} INFO - DAG(s) 'example_sensors' retrieved from /home/airflow/.local/lib/python3.12/site-packages/airflow/example_dags/example_sensors.py
[2025-03-10T20:49:20.953+0000] {logging_mixin.py:190} INFO - [2025-03-10T20:49:20.953+0000] {dag.py:3239} INFO - Sync 1 DAGs
[2025-03-10T20:49:20.972+0000] {logging_mixin.py:190} INFO - [2025-03-10T20:49:20.972+0000] {dag.py:4180} INFO - Setting next_dagrun for example_sensors to None, run_after=None
[2025-03-10T20:49:20.993+0000] {processor.py:208} INFO - Processing /home/airflow/.local/lib/python3.12/site-packages/airflow/example_dags/example_sensors.py took 0.099 seconds
[2025-03-10T20:49:51.401+0000] {processor.py:186} INFO - Started process (PID=2538) to work on /home/airflow/.local/lib/python3.12/site-packages/airflow/example_dags/example_sensors.py
[2025-03-10T20:49:51.402+0000] {processor.py:914} INFO - Processing file /home/airflow/.local/lib/python3.12/site-packages/airflow/example_dags/example_sensors.py for tasks to queue
[2025-03-10T20:49:51.405+0000] {logging_mixin.py:190} INFO - [2025-03-10T20:49:51.405+0000] {dagbag.py:588} INFO - Filling up the DagBag from /home/airflow/.local/lib/python3.12/site-packages/airflow/example_dags/example_sensors.py
[2025-03-10T20:49:51.418+0000] {processor.py:925} INFO - DAG(s) 'example_sensors' retrieved from /home/airflow/.local/lib/python3.12/site-packages/airflow/example_dags/example_sensors.py
[2025-03-10T20:49:51.451+0000] {logging_mixin.py:190} INFO - [2025-03-10T20:49:51.451+0000] {dag.py:3239} INFO - Sync 1 DAGs
[2025-03-10T20:49:51.470+0000] {logging_mixin.py:190} INFO - [2025-03-10T20:49:51.469+0000] {dag.py:4180} INFO - Setting next_dagrun for example_sensors to None, run_after=None
[2025-03-10T20:49:51.491+0000] {processor.py:208} INFO - Processing /home/airflow/.local/lib/python3.12/site-packages/airflow/example_dags/example_sensors.py took 0.097 seconds
[2025-03-10T20:50:22.001+0000] {processor.py:186} INFO - Started process (PID=2601) to work on /home/airflow/.local/lib/python3.12/site-packages/airflow/example_dags/example_sensors.py
[2025-03-10T20:50:22.002+0000] {processor.py:914} INFO - Processing file /home/airflow/.local/lib/python3.12/site-packages/airflow/example_dags/example_sensors.py for tasks to queue
[2025-03-10T20:50:22.005+0000] {logging_mixin.py:190} INFO - [2025-03-10T20:50:22.005+0000] {dagbag.py:588} INFO - Filling up the DagBag from /home/airflow/.local/lib/python3.12/site-packages/airflow/example_dags/example_sensors.py
[2025-03-10T20:50:22.019+0000] {processor.py:925} INFO - DAG(s) 'example_sensors' retrieved from /home/airflow/.local/lib/python3.12/site-packages/airflow/example_dags/example_sensors.py
[2025-03-10T20:50:22.052+0000] {logging_mixin.py:190} INFO - [2025-03-10T20:50:22.052+0000] {dag.py:3239} INFO - Sync 1 DAGs
[2025-03-10T20:50:22.070+0000] {logging_mixin.py:190} INFO - [2025-03-10T20:50:22.069+0000] {dag.py:4180} INFO - Setting next_dagrun for example_sensors to None, run_after=None
[2025-03-10T20:50:22.091+0000] {processor.py:208} INFO - Processing /home/airflow/.local/lib/python3.12/site-packages/airflow/example_dags/example_sensors.py took 0.099 seconds
[2025-03-10T23:10:26.940+0000] {processor.py:186} INFO - Started process (PID=134) to work on /home/airflow/.local/lib/python3.12/site-packages/airflow/example_dags/example_sensors.py
[2025-03-10T23:10:26.944+0000] {processor.py:914} INFO - Processing file /home/airflow/.local/lib/python3.12/site-packages/airflow/example_dags/example_sensors.py for tasks to queue
[2025-03-10T23:10:26.949+0000] {logging_mixin.py:190} INFO - [2025-03-10T23:10:26.948+0000] {dagbag.py:588} INFO - Filling up the DagBag from /home/airflow/.local/lib/python3.12/site-packages/airflow/example_dags/example_sensors.py
[2025-03-10T23:10:27.021+0000] {processor.py:925} INFO - DAG(s) 'example_sensors' retrieved from /home/airflow/.local/lib/python3.12/site-packages/airflow/example_dags/example_sensors.py
[2025-03-10T23:10:27.184+0000] {logging_mixin.py:190} INFO - [2025-03-10T23:10:27.182+0000] {dag.py:3239} INFO - Sync 1 DAGs
[2025-03-10T23:10:27.284+0000] {logging_mixin.py:190} INFO - [2025-03-10T23:10:27.283+0000] {dag.py:4180} INFO - Setting next_dagrun for example_sensors to None, run_after=None
[2025-03-10T23:10:27.386+0000] {processor.py:208} INFO - Processing /home/airflow/.local/lib/python3.12/site-packages/airflow/example_dags/example_sensors.py took 0.475 seconds
[2025-03-10T23:13:11.713+0000] {processor.py:186} INFO - Started process (PID=198) to work on /home/airflow/.local/lib/python3.12/site-packages/airflow/example_dags/example_sensors.py
[2025-03-10T23:13:11.722+0000] {processor.py:914} INFO - Processing file /home/airflow/.local/lib/python3.12/site-packages/airflow/example_dags/example_sensors.py for tasks to queue
[2025-03-10T23:13:11.738+0000] {logging_mixin.py:190} INFO - [2025-03-10T23:13:11.735+0000] {dagbag.py:588} INFO - Filling up the DagBag from /home/airflow/.local/lib/python3.12/site-packages/airflow/example_dags/example_sensors.py
[2025-03-10T23:13:11.946+0000] {processor.py:925} INFO - DAG(s) 'example_sensors' retrieved from /home/airflow/.local/lib/python3.12/site-packages/airflow/example_dags/example_sensors.py
[2025-03-10T23:13:12.384+0000] {logging_mixin.py:190} INFO - [2025-03-10T23:13:12.382+0000] {dag.py:3239} INFO - Sync 1 DAGs
[2025-03-10T23:13:12.515+0000] {logging_mixin.py:190} INFO - [2025-03-10T23:13:12.514+0000] {dag.py:4180} INFO - Setting next_dagrun for example_sensors to None, run_after=None
[2025-03-10T23:13:12.732+0000] {processor.py:208} INFO - Processing /home/airflow/.local/lib/python3.12/site-packages/airflow/example_dags/example_sensors.py took 1.057 seconds
[2025-03-10T23:13:43.299+0000] {processor.py:186} INFO - Started process (PID=267) to work on /home/airflow/.local/lib/python3.12/site-packages/airflow/example_dags/example_sensors.py
[2025-03-10T23:13:43.301+0000] {processor.py:914} INFO - Processing file /home/airflow/.local/lib/python3.12/site-packages/airflow/example_dags/example_sensors.py for tasks to queue
[2025-03-10T23:13:43.303+0000] {logging_mixin.py:190} INFO - [2025-03-10T23:13:43.302+0000] {dagbag.py:588} INFO - Filling up the DagBag from /home/airflow/.local/lib/python3.12/site-packages/airflow/example_dags/example_sensors.py
[2025-03-10T23:13:43.325+0000] {processor.py:925} INFO - DAG(s) 'example_sensors' retrieved from /home/airflow/.local/lib/python3.12/site-packages/airflow/example_dags/example_sensors.py
[2025-03-10T23:13:43.370+0000] {logging_mixin.py:190} INFO - [2025-03-10T23:13:43.370+0000] {dag.py:3239} INFO - Sync 1 DAGs
[2025-03-10T23:13:43.397+0000] {logging_mixin.py:190} INFO - [2025-03-10T23:13:43.397+0000] {dag.py:4180} INFO - Setting next_dagrun for example_sensors to None, run_after=None
[2025-03-10T23:13:43.424+0000] {processor.py:208} INFO - Processing /home/airflow/.local/lib/python3.12/site-packages/airflow/example_dags/example_sensors.py took 0.137 seconds
[2025-03-10T23:15:07.438+0000] {processor.py:186} INFO - Started process (PID=322) to work on /home/airflow/.local/lib/python3.12/site-packages/airflow/example_dags/example_sensors.py
[2025-03-10T23:15:07.441+0000] {processor.py:914} INFO - Processing file /home/airflow/.local/lib/python3.12/site-packages/airflow/example_dags/example_sensors.py for tasks to queue
[2025-03-10T23:15:07.446+0000] {logging_mixin.py:190} INFO - [2025-03-10T23:15:07.444+0000] {dagbag.py:588} INFO - Filling up the DagBag from /home/airflow/.local/lib/python3.12/site-packages/airflow/example_dags/example_sensors.py
[2025-03-10T23:15:07.493+0000] {processor.py:925} INFO - DAG(s) 'example_sensors' retrieved from /home/airflow/.local/lib/python3.12/site-packages/airflow/example_dags/example_sensors.py
[2025-03-10T23:15:07.610+0000] {logging_mixin.py:190} INFO - [2025-03-10T23:15:07.609+0000] {dag.py:3239} INFO - Sync 1 DAGs
[2025-03-10T23:15:07.672+0000] {logging_mixin.py:190} INFO - [2025-03-10T23:15:07.671+0000] {dag.py:4180} INFO - Setting next_dagrun for example_sensors to None, run_after=None
[2025-03-10T23:15:07.742+0000] {processor.py:208} INFO - Processing /home/airflow/.local/lib/python3.12/site-packages/airflow/example_dags/example_sensors.py took 0.328 seconds
[2025-03-10T23:15:39.131+0000] {processor.py:186} INFO - Started process (PID=385) to work on /home/airflow/.local/lib/python3.12/site-packages/airflow/example_dags/example_sensors.py
[2025-03-10T23:15:39.134+0000] {processor.py:914} INFO - Processing file /home/airflow/.local/lib/python3.12/site-packages/airflow/example_dags/example_sensors.py for tasks to queue
[2025-03-10T23:15:39.140+0000] {logging_mixin.py:190} INFO - [2025-03-10T23:15:39.139+0000] {dagbag.py:588} INFO - Filling up the DagBag from /home/airflow/.local/lib/python3.12/site-packages/airflow/example_dags/example_sensors.py
[2025-03-10T23:15:39.210+0000] {processor.py:925} INFO - DAG(s) 'example_sensors' retrieved from /home/airflow/.local/lib/python3.12/site-packages/airflow/example_dags/example_sensors.py
[2025-03-10T23:15:39.346+0000] {logging_mixin.py:190} INFO - [2025-03-10T23:15:39.345+0000] {dag.py:3239} INFO - Sync 1 DAGs
[2025-03-10T23:15:39.421+0000] {logging_mixin.py:190} INFO - [2025-03-10T23:15:39.420+0000] {dag.py:4180} INFO - Setting next_dagrun for example_sensors to None, run_after=None
[2025-03-10T23:15:39.494+0000] {processor.py:208} INFO - Processing /home/airflow/.local/lib/python3.12/site-packages/airflow/example_dags/example_sensors.py took 0.394 seconds
[2025-03-10T23:16:11.493+0000] {processor.py:186} INFO - Started process (PID=448) to work on /home/airflow/.local/lib/python3.12/site-packages/airflow/example_dags/example_sensors.py
[2025-03-10T23:16:11.506+0000] {processor.py:914} INFO - Processing file /home/airflow/.local/lib/python3.12/site-packages/airflow/example_dags/example_sensors.py for tasks to queue
[2025-03-10T23:16:11.525+0000] {logging_mixin.py:190} INFO - [2025-03-10T23:16:11.511+0000] {dagbag.py:588} INFO - Filling up the DagBag from /home/airflow/.local/lib/python3.12/site-packages/airflow/example_dags/example_sensors.py
[2025-03-10T23:16:11.617+0000] {processor.py:925} INFO - DAG(s) 'example_sensors' retrieved from /home/airflow/.local/lib/python3.12/site-packages/airflow/example_dags/example_sensors.py
[2025-03-10T23:16:11.815+0000] {logging_mixin.py:190} INFO - [2025-03-10T23:16:11.814+0000] {dag.py:3239} INFO - Sync 1 DAGs
[2025-03-10T23:16:11.943+0000] {logging_mixin.py:190} INFO - [2025-03-10T23:16:11.942+0000] {dag.py:4180} INFO - Setting next_dagrun for example_sensors to None, run_after=None
[2025-03-10T23:16:12.083+0000] {processor.py:208} INFO - Processing /home/airflow/.local/lib/python3.12/site-packages/airflow/example_dags/example_sensors.py took 0.635 seconds
[2025-03-10T23:16:42.903+0000] {processor.py:186} INFO - Started process (PID=511) to work on /home/airflow/.local/lib/python3.12/site-packages/airflow/example_dags/example_sensors.py
[2025-03-10T23:16:42.906+0000] {processor.py:914} INFO - Processing file /home/airflow/.local/lib/python3.12/site-packages/airflow/example_dags/example_sensors.py for tasks to queue
[2025-03-10T23:16:42.911+0000] {logging_mixin.py:190} INFO - [2025-03-10T23:16:42.909+0000] {dagbag.py:588} INFO - Filling up the DagBag from /home/airflow/.local/lib/python3.12/site-packages/airflow/example_dags/example_sensors.py
[2025-03-10T23:16:42.959+0000] {processor.py:925} INFO - DAG(s) 'example_sensors' retrieved from /home/airflow/.local/lib/python3.12/site-packages/airflow/example_dags/example_sensors.py
[2025-03-10T23:16:43.118+0000] {logging_mixin.py:190} INFO - [2025-03-10T23:16:43.116+0000] {dag.py:3239} INFO - Sync 1 DAGs
[2025-03-10T23:16:43.220+0000] {logging_mixin.py:190} INFO - [2025-03-10T23:16:43.219+0000] {dag.py:4180} INFO - Setting next_dagrun for example_sensors to None, run_after=None
[2025-03-10T23:16:43.308+0000] {processor.py:208} INFO - Processing /home/airflow/.local/lib/python3.12/site-packages/airflow/example_dags/example_sensors.py took 0.429 seconds
[2025-03-10T23:17:13.382+0000] {processor.py:186} INFO - Started process (PID=573) to work on /home/airflow/.local/lib/python3.12/site-packages/airflow/example_dags/example_sensors.py
[2025-03-10T23:17:13.383+0000] {processor.py:914} INFO - Processing file /home/airflow/.local/lib/python3.12/site-packages/airflow/example_dags/example_sensors.py for tasks to queue
[2025-03-10T23:17:13.385+0000] {logging_mixin.py:190} INFO - [2025-03-10T23:17:13.384+0000] {dagbag.py:588} INFO - Filling up the DagBag from /home/airflow/.local/lib/python3.12/site-packages/airflow/example_dags/example_sensors.py
[2025-03-10T23:17:13.398+0000] {processor.py:925} INFO - DAG(s) 'example_sensors' retrieved from /home/airflow/.local/lib/python3.12/site-packages/airflow/example_dags/example_sensors.py
[2025-03-10T23:17:13.434+0000] {logging_mixin.py:190} INFO - [2025-03-10T23:17:13.433+0000] {dag.py:3239} INFO - Sync 1 DAGs
[2025-03-10T23:17:13.452+0000] {logging_mixin.py:190} INFO - [2025-03-10T23:17:13.452+0000] {dag.py:4180} INFO - Setting next_dagrun for example_sensors to None, run_after=None
[2025-03-10T23:17:13.480+0000] {processor.py:208} INFO - Processing /home/airflow/.local/lib/python3.12/site-packages/airflow/example_dags/example_sensors.py took 0.106 seconds
[2025-03-10T23:17:43.561+0000] {processor.py:186} INFO - Started process (PID=636) to work on /home/airflow/.local/lib/python3.12/site-packages/airflow/example_dags/example_sensors.py
[2025-03-10T23:17:43.562+0000] {processor.py:914} INFO - Processing file /home/airflow/.local/lib/python3.12/site-packages/airflow/example_dags/example_sensors.py for tasks to queue
[2025-03-10T23:17:43.563+0000] {logging_mixin.py:190} INFO - [2025-03-10T23:17:43.563+0000] {dagbag.py:588} INFO - Filling up the DagBag from /home/airflow/.local/lib/python3.12/site-packages/airflow/example_dags/example_sensors.py
[2025-03-10T23:17:43.578+0000] {processor.py:925} INFO - DAG(s) 'example_sensors' retrieved from /home/airflow/.local/lib/python3.12/site-packages/airflow/example_dags/example_sensors.py
[2025-03-10T23:17:43.612+0000] {logging_mixin.py:190} INFO - [2025-03-10T23:17:43.611+0000] {dag.py:3239} INFO - Sync 1 DAGs
[2025-03-10T23:17:43.629+0000] {logging_mixin.py:190} INFO - [2025-03-10T23:17:43.629+0000] {dag.py:4180} INFO - Setting next_dagrun for example_sensors to None, run_after=None
[2025-03-10T23:17:43.650+0000] {processor.py:208} INFO - Processing /home/airflow/.local/lib/python3.12/site-packages/airflow/example_dags/example_sensors.py took 0.099 seconds
[2025-03-10T23:18:13.828+0000] {processor.py:186} INFO - Started process (PID=699) to work on /home/airflow/.local/lib/python3.12/site-packages/airflow/example_dags/example_sensors.py
[2025-03-10T23:18:13.829+0000] {processor.py:914} INFO - Processing file /home/airflow/.local/lib/python3.12/site-packages/airflow/example_dags/example_sensors.py for tasks to queue
[2025-03-10T23:18:13.831+0000] {logging_mixin.py:190} INFO - [2025-03-10T23:18:13.830+0000] {dagbag.py:588} INFO - Filling up the DagBag from /home/airflow/.local/lib/python3.12/site-packages/airflow/example_dags/example_sensors.py
[2025-03-10T23:18:13.846+0000] {processor.py:925} INFO - DAG(s) 'example_sensors' retrieved from /home/airflow/.local/lib/python3.12/site-packages/airflow/example_dags/example_sensors.py
[2025-03-10T23:18:13.881+0000] {logging_mixin.py:190} INFO - [2025-03-10T23:18:13.881+0000] {dag.py:3239} INFO - Sync 1 DAGs
[2025-03-10T23:18:13.899+0000] {logging_mixin.py:190} INFO - [2025-03-10T23:18:13.899+0000] {dag.py:4180} INFO - Setting next_dagrun for example_sensors to None, run_after=None
[2025-03-10T23:18:13.920+0000] {processor.py:208} INFO - Processing /home/airflow/.local/lib/python3.12/site-packages/airflow/example_dags/example_sensors.py took 0.101 seconds
[2025-03-10T23:18:44.058+0000] {processor.py:186} INFO - Started process (PID=762) to work on /home/airflow/.local/lib/python3.12/site-packages/airflow/example_dags/example_sensors.py
[2025-03-10T23:18:44.059+0000] {processor.py:914} INFO - Processing file /home/airflow/.local/lib/python3.12/site-packages/airflow/example_dags/example_sensors.py for tasks to queue
[2025-03-10T23:18:44.060+0000] {logging_mixin.py:190} INFO - [2025-03-10T23:18:44.060+0000] {dagbag.py:588} INFO - Filling up the DagBag from /home/airflow/.local/lib/python3.12/site-packages/airflow/example_dags/example_sensors.py
[2025-03-10T23:18:44.075+0000] {processor.py:925} INFO - DAG(s) 'example_sensors' retrieved from /home/airflow/.local/lib/python3.12/site-packages/airflow/example_dags/example_sensors.py
[2025-03-10T23:18:44.107+0000] {logging_mixin.py:190} INFO - [2025-03-10T23:18:44.107+0000] {dag.py:3239} INFO - Sync 1 DAGs
[2025-03-10T23:18:44.124+0000] {logging_mixin.py:190} INFO - [2025-03-10T23:18:44.124+0000] {dag.py:4180} INFO - Setting next_dagrun for example_sensors to None, run_after=None
[2025-03-10T23:18:44.145+0000] {processor.py:208} INFO - Processing /home/airflow/.local/lib/python3.12/site-packages/airflow/example_dags/example_sensors.py took 0.096 seconds
[2025-03-10T23:19:14.469+0000] {processor.py:186} INFO - Started process (PID=825) to work on /home/airflow/.local/lib/python3.12/site-packages/airflow/example_dags/example_sensors.py
[2025-03-10T23:19:14.471+0000] {processor.py:914} INFO - Processing file /home/airflow/.local/lib/python3.12/site-packages/airflow/example_dags/example_sensors.py for tasks to queue
[2025-03-10T23:19:14.473+0000] {logging_mixin.py:190} INFO - [2025-03-10T23:19:14.472+0000] {dagbag.py:588} INFO - Filling up the DagBag from /home/airflow/.local/lib/python3.12/site-packages/airflow/example_dags/example_sensors.py
[2025-03-10T23:19:14.487+0000] {processor.py:925} INFO - DAG(s) 'example_sensors' retrieved from /home/airflow/.local/lib/python3.12/site-packages/airflow/example_dags/example_sensors.py
[2025-03-10T23:19:14.520+0000] {logging_mixin.py:190} INFO - [2025-03-10T23:19:14.520+0000] {dag.py:3239} INFO - Sync 1 DAGs
[2025-03-10T23:19:14.538+0000] {logging_mixin.py:190} INFO - [2025-03-10T23:19:14.538+0000] {dag.py:4180} INFO - Setting next_dagrun for example_sensors to None, run_after=None
[2025-03-10T23:19:14.561+0000] {processor.py:208} INFO - Processing /home/airflow/.local/lib/python3.12/site-packages/airflow/example_dags/example_sensors.py took 0.103 seconds
[2025-03-10T23:27:16.697+0000] {processor.py:186} INFO - Started process (PID=121) to work on /home/airflow/.local/lib/python3.12/site-packages/airflow/example_dags/example_sensors.py
[2025-03-10T23:27:16.700+0000] {processor.py:914} INFO - Processing file /home/airflow/.local/lib/python3.12/site-packages/airflow/example_dags/example_sensors.py for tasks to queue
[2025-03-10T23:27:16.709+0000] {logging_mixin.py:190} INFO - [2025-03-10T23:27:16.708+0000] {dagbag.py:588} INFO - Filling up the DagBag from /home/airflow/.local/lib/python3.12/site-packages/airflow/example_dags/example_sensors.py
[2025-03-10T23:27:16.752+0000] {processor.py:925} INFO - DAG(s) 'example_sensors' retrieved from /home/airflow/.local/lib/python3.12/site-packages/airflow/example_dags/example_sensors.py
[2025-03-10T23:27:16.870+0000] {logging_mixin.py:190} INFO - [2025-03-10T23:27:16.869+0000] {dag.py:3239} INFO - Sync 1 DAGs
[2025-03-10T23:27:16.941+0000] {logging_mixin.py:190} INFO - [2025-03-10T23:27:16.940+0000] {dag.py:4180} INFO - Setting next_dagrun for example_sensors to None, run_after=None
[2025-03-10T23:27:17.011+0000] {processor.py:208} INFO - Processing /home/airflow/.local/lib/python3.12/site-packages/airflow/example_dags/example_sensors.py took 0.346 seconds
[2025-03-10T23:27:47.992+0000] {processor.py:186} INFO - Started process (PID=190) to work on /home/airflow/.local/lib/python3.12/site-packages/airflow/example_dags/example_sensors.py
[2025-03-10T23:27:47.993+0000] {processor.py:914} INFO - Processing file /home/airflow/.local/lib/python3.12/site-packages/airflow/example_dags/example_sensors.py for tasks to queue
[2025-03-10T23:27:47.996+0000] {logging_mixin.py:190} INFO - [2025-03-10T23:27:47.995+0000] {dagbag.py:588} INFO - Filling up the DagBag from /home/airflow/.local/lib/python3.12/site-packages/airflow/example_dags/example_sensors.py
[2025-03-10T23:27:48.008+0000] {processor.py:925} INFO - DAG(s) 'example_sensors' retrieved from /home/airflow/.local/lib/python3.12/site-packages/airflow/example_dags/example_sensors.py
[2025-03-10T23:27:48.040+0000] {logging_mixin.py:190} INFO - [2025-03-10T23:27:48.040+0000] {dag.py:3239} INFO - Sync 1 DAGs
[2025-03-10T23:27:48.058+0000] {logging_mixin.py:190} INFO - [2025-03-10T23:27:48.058+0000] {dag.py:4180} INFO - Setting next_dagrun for example_sensors to None, run_after=None
[2025-03-10T23:27:48.078+0000] {processor.py:208} INFO - Processing /home/airflow/.local/lib/python3.12/site-packages/airflow/example_dags/example_sensors.py took 0.093 seconds
[2025-03-10T23:28:18.640+0000] {processor.py:186} INFO - Started process (PID=253) to work on /home/airflow/.local/lib/python3.12/site-packages/airflow/example_dags/example_sensors.py
[2025-03-10T23:28:18.641+0000] {processor.py:914} INFO - Processing file /home/airflow/.local/lib/python3.12/site-packages/airflow/example_dags/example_sensors.py for tasks to queue
[2025-03-10T23:28:18.644+0000] {logging_mixin.py:190} INFO - [2025-03-10T23:28:18.644+0000] {dagbag.py:588} INFO - Filling up the DagBag from /home/airflow/.local/lib/python3.12/site-packages/airflow/example_dags/example_sensors.py
[2025-03-10T23:28:18.658+0000] {processor.py:925} INFO - DAG(s) 'example_sensors' retrieved from /home/airflow/.local/lib/python3.12/site-packages/airflow/example_dags/example_sensors.py
[2025-03-10T23:28:18.696+0000] {logging_mixin.py:190} INFO - [2025-03-10T23:28:18.696+0000] {dag.py:3239} INFO - Sync 1 DAGs
[2025-03-10T23:28:18.713+0000] {logging_mixin.py:190} INFO - [2025-03-10T23:28:18.713+0000] {dag.py:4180} INFO - Setting next_dagrun for example_sensors to None, run_after=None
[2025-03-10T23:28:18.735+0000] {processor.py:208} INFO - Processing /home/airflow/.local/lib/python3.12/site-packages/airflow/example_dags/example_sensors.py took 0.104 seconds
[2025-03-10T23:28:49.356+0000] {processor.py:186} INFO - Started process (PID=316) to work on /home/airflow/.local/lib/python3.12/site-packages/airflow/example_dags/example_sensors.py
[2025-03-10T23:28:49.358+0000] {processor.py:914} INFO - Processing file /home/airflow/.local/lib/python3.12/site-packages/airflow/example_dags/example_sensors.py for tasks to queue
[2025-03-10T23:28:49.361+0000] {logging_mixin.py:190} INFO - [2025-03-10T23:28:49.361+0000] {dagbag.py:588} INFO - Filling up the DagBag from /home/airflow/.local/lib/python3.12/site-packages/airflow/example_dags/example_sensors.py
[2025-03-10T23:28:49.377+0000] {processor.py:925} INFO - DAG(s) 'example_sensors' retrieved from /home/airflow/.local/lib/python3.12/site-packages/airflow/example_dags/example_sensors.py
[2025-03-10T23:28:49.415+0000] {logging_mixin.py:190} INFO - [2025-03-10T23:28:49.415+0000] {dag.py:3239} INFO - Sync 1 DAGs
[2025-03-10T23:28:49.432+0000] {logging_mixin.py:190} INFO - [2025-03-10T23:28:49.432+0000] {dag.py:4180} INFO - Setting next_dagrun for example_sensors to None, run_after=None
[2025-03-10T23:28:49.452+0000] {processor.py:208} INFO - Processing /home/airflow/.local/lib/python3.12/site-packages/airflow/example_dags/example_sensors.py took 0.105 seconds
[2025-03-10T23:29:19.616+0000] {processor.py:186} INFO - Started process (PID=379) to work on /home/airflow/.local/lib/python3.12/site-packages/airflow/example_dags/example_sensors.py
[2025-03-10T23:29:19.617+0000] {processor.py:914} INFO - Processing file /home/airflow/.local/lib/python3.12/site-packages/airflow/example_dags/example_sensors.py for tasks to queue
[2025-03-10T23:29:19.620+0000] {logging_mixin.py:190} INFO - [2025-03-10T23:29:19.620+0000] {dagbag.py:588} INFO - Filling up the DagBag from /home/airflow/.local/lib/python3.12/site-packages/airflow/example_dags/example_sensors.py
[2025-03-10T23:29:19.634+0000] {processor.py:925} INFO - DAG(s) 'example_sensors' retrieved from /home/airflow/.local/lib/python3.12/site-packages/airflow/example_dags/example_sensors.py
[2025-03-10T23:29:19.666+0000] {logging_mixin.py:190} INFO - [2025-03-10T23:29:19.666+0000] {dag.py:3239} INFO - Sync 1 DAGs
[2025-03-10T23:29:19.682+0000] {logging_mixin.py:190} INFO - [2025-03-10T23:29:19.682+0000] {dag.py:4180} INFO - Setting next_dagrun for example_sensors to None, run_after=None
[2025-03-10T23:29:19.702+0000] {processor.py:208} INFO - Processing /home/airflow/.local/lib/python3.12/site-packages/airflow/example_dags/example_sensors.py took 0.095 seconds
[2025-03-10T23:35:31.411+0000] {processor.py:186} INFO - Started process (PID=147) to work on /home/airflow/.local/lib/python3.12/site-packages/airflow/example_dags/example_sensors.py
[2025-03-10T23:35:31.414+0000] {processor.py:914} INFO - Processing file /home/airflow/.local/lib/python3.12/site-packages/airflow/example_dags/example_sensors.py for tasks to queue
[2025-03-10T23:35:31.428+0000] {logging_mixin.py:190} INFO - [2025-03-10T23:35:31.426+0000] {dagbag.py:588} INFO - Filling up the DagBag from /home/airflow/.local/lib/python3.12/site-packages/airflow/example_dags/example_sensors.py
[2025-03-10T23:35:31.479+0000] {processor.py:925} INFO - DAG(s) 'example_sensors' retrieved from /home/airflow/.local/lib/python3.12/site-packages/airflow/example_dags/example_sensors.py
[2025-03-10T23:35:31.647+0000] {logging_mixin.py:190} INFO - [2025-03-10T23:35:31.645+0000] {dag.py:3239} INFO - Sync 1 DAGs
[2025-03-10T23:35:31.753+0000] {logging_mixin.py:190} INFO - [2025-03-10T23:35:31.751+0000] {dag.py:4180} INFO - Setting next_dagrun for example_sensors to None, run_after=None
[2025-03-10T23:35:31.881+0000] {processor.py:208} INFO - Processing /home/airflow/.local/lib/python3.12/site-packages/airflow/example_dags/example_sensors.py took 0.504 seconds
[2025-03-10T23:36:02.798+0000] {processor.py:186} INFO - Started process (PID=210) to work on /home/airflow/.local/lib/python3.12/site-packages/airflow/example_dags/example_sensors.py
[2025-03-10T23:36:02.798+0000] {processor.py:914} INFO - Processing file /home/airflow/.local/lib/python3.12/site-packages/airflow/example_dags/example_sensors.py for tasks to queue
[2025-03-10T23:36:02.802+0000] {logging_mixin.py:190} INFO - [2025-03-10T23:36:02.801+0000] {dagbag.py:588} INFO - Filling up the DagBag from /home/airflow/.local/lib/python3.12/site-packages/airflow/example_dags/example_sensors.py
[2025-03-10T23:36:02.816+0000] {processor.py:925} INFO - DAG(s) 'example_sensors' retrieved from /home/airflow/.local/lib/python3.12/site-packages/airflow/example_dags/example_sensors.py
[2025-03-10T23:36:02.851+0000] {logging_mixin.py:190} INFO - [2025-03-10T23:36:02.851+0000] {dag.py:3239} INFO - Sync 1 DAGs
[2025-03-10T23:36:02.869+0000] {logging_mixin.py:190} INFO - [2025-03-10T23:36:02.869+0000] {dag.py:4180} INFO - Setting next_dagrun for example_sensors to None, run_after=None
[2025-03-10T23:36:02.891+0000] {processor.py:208} INFO - Processing /home/airflow/.local/lib/python3.12/site-packages/airflow/example_dags/example_sensors.py took 0.100 seconds
[2025-03-10T23:36:33.190+0000] {processor.py:186} INFO - Started process (PID=273) to work on /home/airflow/.local/lib/python3.12/site-packages/airflow/example_dags/example_sensors.py
[2025-03-10T23:36:33.191+0000] {processor.py:914} INFO - Processing file /home/airflow/.local/lib/python3.12/site-packages/airflow/example_dags/example_sensors.py for tasks to queue
[2025-03-10T23:36:33.194+0000] {logging_mixin.py:190} INFO - [2025-03-10T23:36:33.193+0000] {dagbag.py:588} INFO - Filling up the DagBag from /home/airflow/.local/lib/python3.12/site-packages/airflow/example_dags/example_sensors.py
[2025-03-10T23:36:33.206+0000] {processor.py:925} INFO - DAG(s) 'example_sensors' retrieved from /home/airflow/.local/lib/python3.12/site-packages/airflow/example_dags/example_sensors.py
[2025-03-10T23:36:33.243+0000] {logging_mixin.py:190} INFO - [2025-03-10T23:36:33.243+0000] {dag.py:3239} INFO - Sync 1 DAGs
[2025-03-10T23:36:33.268+0000] {logging_mixin.py:190} INFO - [2025-03-10T23:36:33.268+0000] {dag.py:4180} INFO - Setting next_dagrun for example_sensors to None, run_after=None
[2025-03-10T23:36:33.297+0000] {processor.py:208} INFO - Processing /home/airflow/.local/lib/python3.12/site-packages/airflow/example_dags/example_sensors.py took 0.114 seconds
[2025-03-10T23:37:03.591+0000] {processor.py:186} INFO - Started process (PID=336) to work on /home/airflow/.local/lib/python3.12/site-packages/airflow/example_dags/example_sensors.py
[2025-03-10T23:37:03.592+0000] {processor.py:914} INFO - Processing file /home/airflow/.local/lib/python3.12/site-packages/airflow/example_dags/example_sensors.py for tasks to queue
[2025-03-10T23:37:03.595+0000] {logging_mixin.py:190} INFO - [2025-03-10T23:37:03.594+0000] {dagbag.py:588} INFO - Filling up the DagBag from /home/airflow/.local/lib/python3.12/site-packages/airflow/example_dags/example_sensors.py
[2025-03-10T23:37:03.607+0000] {processor.py:925} INFO - DAG(s) 'example_sensors' retrieved from /home/airflow/.local/lib/python3.12/site-packages/airflow/example_dags/example_sensors.py
[2025-03-10T23:37:03.640+0000] {logging_mixin.py:190} INFO - [2025-03-10T23:37:03.640+0000] {dag.py:3239} INFO - Sync 1 DAGs
[2025-03-10T23:37:03.657+0000] {logging_mixin.py:190} INFO - [2025-03-10T23:37:03.657+0000] {dag.py:4180} INFO - Setting next_dagrun for example_sensors to None, run_after=None
[2025-03-10T23:37:03.678+0000] {processor.py:208} INFO - Processing /home/airflow/.local/lib/python3.12/site-packages/airflow/example_dags/example_sensors.py took 0.094 seconds
