[2025-03-10T20:30:14.444+0000] {processor.py:186} INFO - Started process (PID=115) to work on /home/airflow/.local/lib/python3.12/site-packages/airflow/example_dags/example_branch_operator.py
[2025-03-10T20:30:14.445+0000] {processor.py:914} INFO - Processing file /home/airflow/.local/lib/python3.12/site-packages/airflow/example_dags/example_branch_operator.py for tasks to queue
[2025-03-10T20:30:14.449+0000] {logging_mixin.py:190} INFO - [2025-03-10T20:30:14.448+0000] {dagbag.py:588} INFO - Filling up the DagBag from /home/airflow/.local/lib/python3.12/site-packages/airflow/example_dags/example_branch_operator.py
[2025-03-10T20:30:14.478+0000] {processor.py:925} INFO - DAG(s) 'example_branch_operator' retrieved from /home/airflow/.local/lib/python3.12/site-packages/airflow/example_dags/example_branch_operator.py
[2025-03-10T20:30:14.575+0000] {logging_mixin.py:190} INFO - [2025-03-10T20:30:14.574+0000] {override.py:1912} INFO - Created Permission View: can read on DAG:example_branch_operator
[2025-03-10T20:30:14.590+0000] {logging_mixin.py:190} INFO - [2025-03-10T20:30:14.589+0000] {override.py:1912} INFO - Created Permission View: can edit on DAG:example_branch_operator
[2025-03-10T20:30:14.599+0000] {logging_mixin.py:190} INFO - [2025-03-10T20:30:14.599+0000] {override.py:1912} INFO - Created Permission View: can delete on DAG:example_branch_operator
[2025-03-10T20:30:14.608+0000] {logging_mixin.py:190} INFO - [2025-03-10T20:30:14.608+0000] {override.py:1912} INFO - Created Permission View: menu access on DAG Run:example_branch_operator
[2025-03-10T20:30:14.618+0000] {logging_mixin.py:190} INFO - [2025-03-10T20:30:14.617+0000] {override.py:1912} INFO - Created Permission View: can read on DAG Run:example_branch_operator
[2025-03-10T20:30:14.629+0000] {logging_mixin.py:190} INFO - [2025-03-10T20:30:14.629+0000] {override.py:1912} INFO - Created Permission View: can create on DAG Run:example_branch_operator
[2025-03-10T20:30:14.636+0000] {logging_mixin.py:190} INFO - [2025-03-10T20:30:14.636+0000] {override.py:1912} INFO - Created Permission View: can delete on DAG Run:example_branch_operator
[2025-03-10T20:30:14.637+0000] {logging_mixin.py:190} INFO - [2025-03-10T20:30:14.637+0000] {dag.py:3239} INFO - Sync 1 DAGs
[2025-03-10T20:30:14.666+0000] {logging_mixin.py:190} INFO - [2025-03-10T20:30:14.665+0000] {dag.py:3262} INFO - Creating ORM DAG for example_branch_operator
[2025-03-10T20:30:14.683+0000] {logging_mixin.py:190} INFO - [2025-03-10T20:30:14.683+0000] {dag.py:4180} INFO - Setting next_dagrun for example_branch_operator to 2025-03-09 00:00:00+00:00, run_after=2025-03-10 00:00:00+00:00
[2025-03-10T20:30:14.708+0000] {processor.py:208} INFO - Processing /home/airflow/.local/lib/python3.12/site-packages/airflow/example_dags/example_branch_operator.py took 0.273 seconds
[2025-03-10T20:30:45.522+0000] {processor.py:186} INFO - Started process (PID=178) to work on /home/airflow/.local/lib/python3.12/site-packages/airflow/example_dags/example_branch_operator.py
[2025-03-10T20:30:45.523+0000] {processor.py:914} INFO - Processing file /home/airflow/.local/lib/python3.12/site-packages/airflow/example_dags/example_branch_operator.py for tasks to queue
[2025-03-10T20:30:45.526+0000] {logging_mixin.py:190} INFO - [2025-03-10T20:30:45.526+0000] {dagbag.py:588} INFO - Filling up the DagBag from /home/airflow/.local/lib/python3.12/site-packages/airflow/example_dags/example_branch_operator.py
[2025-03-10T20:30:45.551+0000] {processor.py:925} INFO - DAG(s) 'example_branch_operator' retrieved from /home/airflow/.local/lib/python3.12/site-packages/airflow/example_dags/example_branch_operator.py
[2025-03-10T20:30:45.588+0000] {logging_mixin.py:190} INFO - [2025-03-10T20:30:45.588+0000] {dag.py:3239} INFO - Sync 1 DAGs
[2025-03-10T20:30:45.619+0000] {logging_mixin.py:190} INFO - [2025-03-10T20:30:45.619+0000] {dag.py:4180} INFO - Setting next_dagrun for example_branch_operator to 2025-03-09 00:00:00+00:00, run_after=2025-03-10 00:00:00+00:00
[2025-03-10T20:30:45.641+0000] {processor.py:208} INFO - Processing /home/airflow/.local/lib/python3.12/site-packages/airflow/example_dags/example_branch_operator.py took 0.127 seconds
[2025-03-10T20:31:16.194+0000] {processor.py:186} INFO - Started process (PID=241) to work on /home/airflow/.local/lib/python3.12/site-packages/airflow/example_dags/example_branch_operator.py
[2025-03-10T20:31:16.197+0000] {processor.py:914} INFO - Processing file /home/airflow/.local/lib/python3.12/site-packages/airflow/example_dags/example_branch_operator.py for tasks to queue
[2025-03-10T20:31:16.209+0000] {logging_mixin.py:190} INFO - [2025-03-10T20:31:16.207+0000] {dagbag.py:588} INFO - Filling up the DagBag from /home/airflow/.local/lib/python3.12/site-packages/airflow/example_dags/example_branch_operator.py
[2025-03-10T20:31:16.301+0000] {processor.py:925} INFO - DAG(s) 'example_branch_operator' retrieved from /home/airflow/.local/lib/python3.12/site-packages/airflow/example_dags/example_branch_operator.py
[2025-03-10T20:31:16.476+0000] {logging_mixin.py:190} INFO - [2025-03-10T20:31:16.475+0000] {dag.py:3239} INFO - Sync 1 DAGs
[2025-03-10T20:31:16.605+0000] {logging_mixin.py:190} INFO - [2025-03-10T20:31:16.604+0000] {dag.py:4180} INFO - Setting next_dagrun for example_branch_operator to 2025-03-09 00:00:00+00:00, run_after=2025-03-10 00:00:00+00:00
[2025-03-10T20:31:16.688+0000] {processor.py:208} INFO - Processing /home/airflow/.local/lib/python3.12/site-packages/airflow/example_dags/example_branch_operator.py took 0.523 seconds
[2025-03-10T20:31:46.849+0000] {processor.py:186} INFO - Started process (PID=304) to work on /home/airflow/.local/lib/python3.12/site-packages/airflow/example_dags/example_branch_operator.py
[2025-03-10T20:31:46.850+0000] {processor.py:914} INFO - Processing file /home/airflow/.local/lib/python3.12/site-packages/airflow/example_dags/example_branch_operator.py for tasks to queue
[2025-03-10T20:31:46.852+0000] {logging_mixin.py:190} INFO - [2025-03-10T20:31:46.852+0000] {dagbag.py:588} INFO - Filling up the DagBag from /home/airflow/.local/lib/python3.12/site-packages/airflow/example_dags/example_branch_operator.py
[2025-03-10T20:31:46.882+0000] {processor.py:925} INFO - DAG(s) 'example_branch_operator' retrieved from /home/airflow/.local/lib/python3.12/site-packages/airflow/example_dags/example_branch_operator.py
[2025-03-10T20:31:46.921+0000] {logging_mixin.py:190} INFO - [2025-03-10T20:31:46.921+0000] {dag.py:3239} INFO - Sync 1 DAGs
[2025-03-10T20:31:46.955+0000] {logging_mixin.py:190} INFO - [2025-03-10T20:31:46.954+0000] {dag.py:4180} INFO - Setting next_dagrun for example_branch_operator to 2025-03-09 00:00:00+00:00, run_after=2025-03-10 00:00:00+00:00
[2025-03-10T20:31:46.974+0000] {processor.py:208} INFO - Processing /home/airflow/.local/lib/python3.12/site-packages/airflow/example_dags/example_branch_operator.py took 0.132 seconds
[2025-03-10T20:32:17.363+0000] {processor.py:186} INFO - Started process (PID=367) to work on /home/airflow/.local/lib/python3.12/site-packages/airflow/example_dags/example_branch_operator.py
[2025-03-10T20:32:17.364+0000] {processor.py:914} INFO - Processing file /home/airflow/.local/lib/python3.12/site-packages/airflow/example_dags/example_branch_operator.py for tasks to queue
[2025-03-10T20:32:17.367+0000] {logging_mixin.py:190} INFO - [2025-03-10T20:32:17.367+0000] {dagbag.py:588} INFO - Filling up the DagBag from /home/airflow/.local/lib/python3.12/site-packages/airflow/example_dags/example_branch_operator.py
[2025-03-10T20:32:17.390+0000] {processor.py:925} INFO - DAG(s) 'example_branch_operator' retrieved from /home/airflow/.local/lib/python3.12/site-packages/airflow/example_dags/example_branch_operator.py
[2025-03-10T20:32:17.425+0000] {logging_mixin.py:190} INFO - [2025-03-10T20:32:17.425+0000] {dag.py:3239} INFO - Sync 1 DAGs
[2025-03-10T20:32:17.455+0000] {logging_mixin.py:190} INFO - [2025-03-10T20:32:17.455+0000] {dag.py:4180} INFO - Setting next_dagrun for example_branch_operator to 2025-03-09 00:00:00+00:00, run_after=2025-03-10 00:00:00+00:00
[2025-03-10T20:32:17.479+0000] {processor.py:208} INFO - Processing /home/airflow/.local/lib/python3.12/site-packages/airflow/example_dags/example_branch_operator.py took 0.123 seconds
[2025-03-10T20:32:47.681+0000] {processor.py:186} INFO - Started process (PID=430) to work on /home/airflow/.local/lib/python3.12/site-packages/airflow/example_dags/example_branch_operator.py
[2025-03-10T20:32:47.682+0000] {processor.py:914} INFO - Processing file /home/airflow/.local/lib/python3.12/site-packages/airflow/example_dags/example_branch_operator.py for tasks to queue
[2025-03-10T20:32:47.685+0000] {logging_mixin.py:190} INFO - [2025-03-10T20:32:47.685+0000] {dagbag.py:588} INFO - Filling up the DagBag from /home/airflow/.local/lib/python3.12/site-packages/airflow/example_dags/example_branch_operator.py
[2025-03-10T20:32:47.709+0000] {processor.py:925} INFO - DAG(s) 'example_branch_operator' retrieved from /home/airflow/.local/lib/python3.12/site-packages/airflow/example_dags/example_branch_operator.py
[2025-03-10T20:32:47.757+0000] {logging_mixin.py:190} INFO - [2025-03-10T20:32:47.757+0000] {dag.py:3239} INFO - Sync 1 DAGs
[2025-03-10T20:32:47.790+0000] {logging_mixin.py:190} INFO - [2025-03-10T20:32:47.789+0000] {dag.py:4180} INFO - Setting next_dagrun for example_branch_operator to 2025-03-09 00:00:00+00:00, run_after=2025-03-10 00:00:00+00:00
[2025-03-10T20:32:47.810+0000] {processor.py:208} INFO - Processing /home/airflow/.local/lib/python3.12/site-packages/airflow/example_dags/example_branch_operator.py took 0.137 seconds
[2025-03-10T20:33:17.888+0000] {processor.py:186} INFO - Started process (PID=493) to work on /home/airflow/.local/lib/python3.12/site-packages/airflow/example_dags/example_branch_operator.py
[2025-03-10T20:33:17.889+0000] {processor.py:914} INFO - Processing file /home/airflow/.local/lib/python3.12/site-packages/airflow/example_dags/example_branch_operator.py for tasks to queue
[2025-03-10T20:33:17.892+0000] {logging_mixin.py:190} INFO - [2025-03-10T20:33:17.891+0000] {dagbag.py:588} INFO - Filling up the DagBag from /home/airflow/.local/lib/python3.12/site-packages/airflow/example_dags/example_branch_operator.py
[2025-03-10T20:33:17.914+0000] {processor.py:925} INFO - DAG(s) 'example_branch_operator' retrieved from /home/airflow/.local/lib/python3.12/site-packages/airflow/example_dags/example_branch_operator.py
[2025-03-10T20:33:17.955+0000] {logging_mixin.py:190} INFO - [2025-03-10T20:33:17.955+0000] {dag.py:3239} INFO - Sync 1 DAGs
[2025-03-10T20:33:17.986+0000] {logging_mixin.py:190} INFO - [2025-03-10T20:33:17.985+0000] {dag.py:4180} INFO - Setting next_dagrun for example_branch_operator to 2025-03-09 00:00:00+00:00, run_after=2025-03-10 00:00:00+00:00
[2025-03-10T20:33:18.008+0000] {processor.py:208} INFO - Processing /home/airflow/.local/lib/python3.12/site-packages/airflow/example_dags/example_branch_operator.py took 0.129 seconds
[2025-03-10T20:33:48.420+0000] {processor.py:186} INFO - Started process (PID=556) to work on /home/airflow/.local/lib/python3.12/site-packages/airflow/example_dags/example_branch_operator.py
[2025-03-10T20:33:48.421+0000] {processor.py:914} INFO - Processing file /home/airflow/.local/lib/python3.12/site-packages/airflow/example_dags/example_branch_operator.py for tasks to queue
[2025-03-10T20:33:48.424+0000] {logging_mixin.py:190} INFO - [2025-03-10T20:33:48.424+0000] {dagbag.py:588} INFO - Filling up the DagBag from /home/airflow/.local/lib/python3.12/site-packages/airflow/example_dags/example_branch_operator.py
[2025-03-10T20:33:48.448+0000] {processor.py:925} INFO - DAG(s) 'example_branch_operator' retrieved from /home/airflow/.local/lib/python3.12/site-packages/airflow/example_dags/example_branch_operator.py
[2025-03-10T20:33:48.482+0000] {logging_mixin.py:190} INFO - [2025-03-10T20:33:48.482+0000] {dag.py:3239} INFO - Sync 1 DAGs
[2025-03-10T20:33:48.514+0000] {logging_mixin.py:190} INFO - [2025-03-10T20:33:48.514+0000] {dag.py:4180} INFO - Setting next_dagrun for example_branch_operator to 2025-03-09 00:00:00+00:00, run_after=2025-03-10 00:00:00+00:00
[2025-03-10T20:33:48.540+0000] {processor.py:208} INFO - Processing /home/airflow/.local/lib/python3.12/site-packages/airflow/example_dags/example_branch_operator.py took 0.129 seconds
[2025-03-10T20:34:18.663+0000] {processor.py:186} INFO - Started process (PID=619) to work on /home/airflow/.local/lib/python3.12/site-packages/airflow/example_dags/example_branch_operator.py
[2025-03-10T20:34:18.664+0000] {processor.py:914} INFO - Processing file /home/airflow/.local/lib/python3.12/site-packages/airflow/example_dags/example_branch_operator.py for tasks to queue
[2025-03-10T20:34:18.667+0000] {logging_mixin.py:190} INFO - [2025-03-10T20:34:18.667+0000] {dagbag.py:588} INFO - Filling up the DagBag from /home/airflow/.local/lib/python3.12/site-packages/airflow/example_dags/example_branch_operator.py
[2025-03-10T20:34:18.691+0000] {processor.py:925} INFO - DAG(s) 'example_branch_operator' retrieved from /home/airflow/.local/lib/python3.12/site-packages/airflow/example_dags/example_branch_operator.py
[2025-03-10T20:34:18.726+0000] {logging_mixin.py:190} INFO - [2025-03-10T20:34:18.726+0000] {dag.py:3239} INFO - Sync 1 DAGs
[2025-03-10T20:34:18.758+0000] {logging_mixin.py:190} INFO - [2025-03-10T20:34:18.758+0000] {dag.py:4180} INFO - Setting next_dagrun for example_branch_operator to 2025-03-09 00:00:00+00:00, run_after=2025-03-10 00:00:00+00:00
[2025-03-10T20:34:18.778+0000] {processor.py:208} INFO - Processing /home/airflow/.local/lib/python3.12/site-packages/airflow/example_dags/example_branch_operator.py took 0.123 seconds
[2025-03-10T20:34:49.121+0000] {processor.py:186} INFO - Started process (PID=682) to work on /home/airflow/.local/lib/python3.12/site-packages/airflow/example_dags/example_branch_operator.py
[2025-03-10T20:34:49.122+0000] {processor.py:914} INFO - Processing file /home/airflow/.local/lib/python3.12/site-packages/airflow/example_dags/example_branch_operator.py for tasks to queue
[2025-03-10T20:34:49.125+0000] {logging_mixin.py:190} INFO - [2025-03-10T20:34:49.124+0000] {dagbag.py:588} INFO - Filling up the DagBag from /home/airflow/.local/lib/python3.12/site-packages/airflow/example_dags/example_branch_operator.py
[2025-03-10T20:34:49.149+0000] {processor.py:925} INFO - DAG(s) 'example_branch_operator' retrieved from /home/airflow/.local/lib/python3.12/site-packages/airflow/example_dags/example_branch_operator.py
[2025-03-10T20:34:49.185+0000] {logging_mixin.py:190} INFO - [2025-03-10T20:34:49.185+0000] {dag.py:3239} INFO - Sync 1 DAGs
[2025-03-10T20:34:49.216+0000] {logging_mixin.py:190} INFO - [2025-03-10T20:34:49.216+0000] {dag.py:4180} INFO - Setting next_dagrun for example_branch_operator to 2025-03-09 00:00:00+00:00, run_after=2025-03-10 00:00:00+00:00
[2025-03-10T20:34:49.237+0000] {processor.py:208} INFO - Processing /home/airflow/.local/lib/python3.12/site-packages/airflow/example_dags/example_branch_operator.py took 0.123 seconds
[2025-03-10T20:35:19.511+0000] {processor.py:186} INFO - Started process (PID=745) to work on /home/airflow/.local/lib/python3.12/site-packages/airflow/example_dags/example_branch_operator.py
[2025-03-10T20:35:19.512+0000] {processor.py:914} INFO - Processing file /home/airflow/.local/lib/python3.12/site-packages/airflow/example_dags/example_branch_operator.py for tasks to queue
[2025-03-10T20:35:19.514+0000] {logging_mixin.py:190} INFO - [2025-03-10T20:35:19.514+0000] {dagbag.py:588} INFO - Filling up the DagBag from /home/airflow/.local/lib/python3.12/site-packages/airflow/example_dags/example_branch_operator.py
[2025-03-10T20:35:19.537+0000] {processor.py:925} INFO - DAG(s) 'example_branch_operator' retrieved from /home/airflow/.local/lib/python3.12/site-packages/airflow/example_dags/example_branch_operator.py
[2025-03-10T20:35:19.575+0000] {logging_mixin.py:190} INFO - [2025-03-10T20:35:19.575+0000] {dag.py:3239} INFO - Sync 1 DAGs
[2025-03-10T20:35:19.602+0000] {logging_mixin.py:190} INFO - [2025-03-10T20:35:19.602+0000] {dag.py:4180} INFO - Setting next_dagrun for example_branch_operator to 2025-03-09 00:00:00+00:00, run_after=2025-03-10 00:00:00+00:00
[2025-03-10T20:35:19.621+0000] {processor.py:208} INFO - Processing /home/airflow/.local/lib/python3.12/site-packages/airflow/example_dags/example_branch_operator.py took 0.118 seconds
[2025-03-10T20:35:50.796+0000] {processor.py:186} INFO - Started process (PID=808) to work on /home/airflow/.local/lib/python3.12/site-packages/airflow/example_dags/example_branch_operator.py
[2025-03-10T20:35:50.798+0000] {processor.py:914} INFO - Processing file /home/airflow/.local/lib/python3.12/site-packages/airflow/example_dags/example_branch_operator.py for tasks to queue
[2025-03-10T20:35:50.801+0000] {logging_mixin.py:190} INFO - [2025-03-10T20:35:50.800+0000] {dagbag.py:588} INFO - Filling up the DagBag from /home/airflow/.local/lib/python3.12/site-packages/airflow/example_dags/example_branch_operator.py
[2025-03-10T20:35:50.825+0000] {processor.py:925} INFO - DAG(s) 'example_branch_operator' retrieved from /home/airflow/.local/lib/python3.12/site-packages/airflow/example_dags/example_branch_operator.py
[2025-03-10T20:35:50.864+0000] {logging_mixin.py:190} INFO - [2025-03-10T20:35:50.863+0000] {dag.py:3239} INFO - Sync 1 DAGs
[2025-03-10T20:35:50.897+0000] {logging_mixin.py:190} INFO - [2025-03-10T20:35:50.896+0000] {dag.py:4180} INFO - Setting next_dagrun for example_branch_operator to 2025-03-09 00:00:00+00:00, run_after=2025-03-10 00:00:00+00:00
[2025-03-10T20:35:50.919+0000] {processor.py:208} INFO - Processing /home/airflow/.local/lib/python3.12/site-packages/airflow/example_dags/example_branch_operator.py took 0.130 seconds
[2025-03-10T20:36:21.949+0000] {processor.py:186} INFO - Started process (PID=871) to work on /home/airflow/.local/lib/python3.12/site-packages/airflow/example_dags/example_branch_operator.py
[2025-03-10T20:36:21.950+0000] {processor.py:914} INFO - Processing file /home/airflow/.local/lib/python3.12/site-packages/airflow/example_dags/example_branch_operator.py for tasks to queue
[2025-03-10T20:36:21.953+0000] {logging_mixin.py:190} INFO - [2025-03-10T20:36:21.952+0000] {dagbag.py:588} INFO - Filling up the DagBag from /home/airflow/.local/lib/python3.12/site-packages/airflow/example_dags/example_branch_operator.py
[2025-03-10T20:36:21.975+0000] {processor.py:925} INFO - DAG(s) 'example_branch_operator' retrieved from /home/airflow/.local/lib/python3.12/site-packages/airflow/example_dags/example_branch_operator.py
[2025-03-10T20:36:22.012+0000] {logging_mixin.py:190} INFO - [2025-03-10T20:36:22.012+0000] {dag.py:3239} INFO - Sync 1 DAGs
[2025-03-10T20:36:22.041+0000] {logging_mixin.py:190} INFO - [2025-03-10T20:36:22.040+0000] {dag.py:4180} INFO - Setting next_dagrun for example_branch_operator to 2025-03-09 00:00:00+00:00, run_after=2025-03-10 00:00:00+00:00
[2025-03-10T20:36:22.059+0000] {processor.py:208} INFO - Processing /home/airflow/.local/lib/python3.12/site-packages/airflow/example_dags/example_branch_operator.py took 0.118 seconds
[2025-03-10T20:36:52.571+0000] {processor.py:186} INFO - Started process (PID=934) to work on /home/airflow/.local/lib/python3.12/site-packages/airflow/example_dags/example_branch_operator.py
[2025-03-10T20:36:52.572+0000] {processor.py:914} INFO - Processing file /home/airflow/.local/lib/python3.12/site-packages/airflow/example_dags/example_branch_operator.py for tasks to queue
[2025-03-10T20:36:52.575+0000] {logging_mixin.py:190} INFO - [2025-03-10T20:36:52.575+0000] {dagbag.py:588} INFO - Filling up the DagBag from /home/airflow/.local/lib/python3.12/site-packages/airflow/example_dags/example_branch_operator.py
[2025-03-10T20:36:52.596+0000] {processor.py:925} INFO - DAG(s) 'example_branch_operator' retrieved from /home/airflow/.local/lib/python3.12/site-packages/airflow/example_dags/example_branch_operator.py
[2025-03-10T20:36:52.631+0000] {logging_mixin.py:190} INFO - [2025-03-10T20:36:52.631+0000] {dag.py:3239} INFO - Sync 1 DAGs
[2025-03-10T20:36:52.661+0000] {logging_mixin.py:190} INFO - [2025-03-10T20:36:52.661+0000] {dag.py:4180} INFO - Setting next_dagrun for example_branch_operator to 2025-03-09 00:00:00+00:00, run_after=2025-03-10 00:00:00+00:00
[2025-03-10T20:36:52.679+0000] {processor.py:208} INFO - Processing /home/airflow/.local/lib/python3.12/site-packages/airflow/example_dags/example_branch_operator.py took 0.115 seconds
[2025-03-10T20:37:23.911+0000] {processor.py:186} INFO - Started process (PID=998) to work on /home/airflow/.local/lib/python3.12/site-packages/airflow/example_dags/example_branch_operator.py
[2025-03-10T20:37:23.912+0000] {processor.py:914} INFO - Processing file /home/airflow/.local/lib/python3.12/site-packages/airflow/example_dags/example_branch_operator.py for tasks to queue
[2025-03-10T20:37:23.915+0000] {logging_mixin.py:190} INFO - [2025-03-10T20:37:23.914+0000] {dagbag.py:588} INFO - Filling up the DagBag from /home/airflow/.local/lib/python3.12/site-packages/airflow/example_dags/example_branch_operator.py
[2025-03-10T20:37:23.936+0000] {processor.py:925} INFO - DAG(s) 'example_branch_operator' retrieved from /home/airflow/.local/lib/python3.12/site-packages/airflow/example_dags/example_branch_operator.py
[2025-03-10T20:37:23.972+0000] {logging_mixin.py:190} INFO - [2025-03-10T20:37:23.972+0000] {dag.py:3239} INFO - Sync 1 DAGs
[2025-03-10T20:37:24.003+0000] {logging_mixin.py:190} INFO - [2025-03-10T20:37:24.003+0000] {dag.py:4180} INFO - Setting next_dagrun for example_branch_operator to 2025-03-09 00:00:00+00:00, run_after=2025-03-10 00:00:00+00:00
[2025-03-10T20:37:24.025+0000] {processor.py:208} INFO - Processing /home/airflow/.local/lib/python3.12/site-packages/airflow/example_dags/example_branch_operator.py took 0.121 seconds
[2025-03-10T20:37:55.594+0000] {processor.py:186} INFO - Started process (PID=1061) to work on /home/airflow/.local/lib/python3.12/site-packages/airflow/example_dags/example_branch_operator.py
[2025-03-10T20:37:55.595+0000] {processor.py:914} INFO - Processing file /home/airflow/.local/lib/python3.12/site-packages/airflow/example_dags/example_branch_operator.py for tasks to queue
[2025-03-10T20:37:55.599+0000] {logging_mixin.py:190} INFO - [2025-03-10T20:37:55.598+0000] {dagbag.py:588} INFO - Filling up the DagBag from /home/airflow/.local/lib/python3.12/site-packages/airflow/example_dags/example_branch_operator.py
[2025-03-10T20:37:55.623+0000] {processor.py:925} INFO - DAG(s) 'example_branch_operator' retrieved from /home/airflow/.local/lib/python3.12/site-packages/airflow/example_dags/example_branch_operator.py
[2025-03-10T20:37:55.661+0000] {logging_mixin.py:190} INFO - [2025-03-10T20:37:55.661+0000] {dag.py:3239} INFO - Sync 1 DAGs
[2025-03-10T20:37:55.693+0000] {logging_mixin.py:190} INFO - [2025-03-10T20:37:55.693+0000] {dag.py:4180} INFO - Setting next_dagrun for example_branch_operator to 2025-03-09 00:00:00+00:00, run_after=2025-03-10 00:00:00+00:00
[2025-03-10T20:37:55.718+0000] {processor.py:208} INFO - Processing /home/airflow/.local/lib/python3.12/site-packages/airflow/example_dags/example_branch_operator.py took 0.131 seconds
[2025-03-10T20:38:26.786+0000] {processor.py:186} INFO - Started process (PID=1124) to work on /home/airflow/.local/lib/python3.12/site-packages/airflow/example_dags/example_branch_operator.py
[2025-03-10T20:38:26.787+0000] {processor.py:914} INFO - Processing file /home/airflow/.local/lib/python3.12/site-packages/airflow/example_dags/example_branch_operator.py for tasks to queue
[2025-03-10T20:38:26.790+0000] {logging_mixin.py:190} INFO - [2025-03-10T20:38:26.789+0000] {dagbag.py:588} INFO - Filling up the DagBag from /home/airflow/.local/lib/python3.12/site-packages/airflow/example_dags/example_branch_operator.py
[2025-03-10T20:38:26.811+0000] {processor.py:925} INFO - DAG(s) 'example_branch_operator' retrieved from /home/airflow/.local/lib/python3.12/site-packages/airflow/example_dags/example_branch_operator.py
[2025-03-10T20:38:26.847+0000] {logging_mixin.py:190} INFO - [2025-03-10T20:38:26.847+0000] {dag.py:3239} INFO - Sync 1 DAGs
[2025-03-10T20:38:26.877+0000] {logging_mixin.py:190} INFO - [2025-03-10T20:38:26.877+0000] {dag.py:4180} INFO - Setting next_dagrun for example_branch_operator to 2025-03-09 00:00:00+00:00, run_after=2025-03-10 00:00:00+00:00
[2025-03-10T20:38:26.898+0000] {processor.py:208} INFO - Processing /home/airflow/.local/lib/python3.12/site-packages/airflow/example_dags/example_branch_operator.py took 0.119 seconds
[2025-03-10T20:38:57.245+0000] {processor.py:186} INFO - Started process (PID=1187) to work on /home/airflow/.local/lib/python3.12/site-packages/airflow/example_dags/example_branch_operator.py
[2025-03-10T20:38:57.246+0000] {processor.py:914} INFO - Processing file /home/airflow/.local/lib/python3.12/site-packages/airflow/example_dags/example_branch_operator.py for tasks to queue
[2025-03-10T20:38:57.249+0000] {logging_mixin.py:190} INFO - [2025-03-10T20:38:57.248+0000] {dagbag.py:588} INFO - Filling up the DagBag from /home/airflow/.local/lib/python3.12/site-packages/airflow/example_dags/example_branch_operator.py
[2025-03-10T20:38:57.270+0000] {processor.py:925} INFO - DAG(s) 'example_branch_operator' retrieved from /home/airflow/.local/lib/python3.12/site-packages/airflow/example_dags/example_branch_operator.py
[2025-03-10T20:38:57.304+0000] {logging_mixin.py:190} INFO - [2025-03-10T20:38:57.303+0000] {dag.py:3239} INFO - Sync 1 DAGs
[2025-03-10T20:38:57.332+0000] {logging_mixin.py:190} INFO - [2025-03-10T20:38:57.332+0000] {dag.py:4180} INFO - Setting next_dagrun for example_branch_operator to 2025-03-09 00:00:00+00:00, run_after=2025-03-10 00:00:00+00:00
[2025-03-10T20:38:57.351+0000] {processor.py:208} INFO - Processing /home/airflow/.local/lib/python3.12/site-packages/airflow/example_dags/example_branch_operator.py took 0.113 seconds
[2025-03-10T20:39:28.356+0000] {processor.py:186} INFO - Started process (PID=1250) to work on /home/airflow/.local/lib/python3.12/site-packages/airflow/example_dags/example_branch_operator.py
[2025-03-10T20:39:28.357+0000] {processor.py:914} INFO - Processing file /home/airflow/.local/lib/python3.12/site-packages/airflow/example_dags/example_branch_operator.py for tasks to queue
[2025-03-10T20:39:28.360+0000] {logging_mixin.py:190} INFO - [2025-03-10T20:39:28.359+0000] {dagbag.py:588} INFO - Filling up the DagBag from /home/airflow/.local/lib/python3.12/site-packages/airflow/example_dags/example_branch_operator.py
[2025-03-10T20:39:28.381+0000] {processor.py:925} INFO - DAG(s) 'example_branch_operator' retrieved from /home/airflow/.local/lib/python3.12/site-packages/airflow/example_dags/example_branch_operator.py
[2025-03-10T20:39:28.415+0000] {logging_mixin.py:190} INFO - [2025-03-10T20:39:28.415+0000] {dag.py:3239} INFO - Sync 1 DAGs
[2025-03-10T20:39:28.445+0000] {logging_mixin.py:190} INFO - [2025-03-10T20:39:28.444+0000] {dag.py:4180} INFO - Setting next_dagrun for example_branch_operator to 2025-03-09 00:00:00+00:00, run_after=2025-03-10 00:00:00+00:00
[2025-03-10T20:39:28.464+0000] {processor.py:208} INFO - Processing /home/airflow/.local/lib/python3.12/site-packages/airflow/example_dags/example_branch_operator.py took 0.115 seconds
[2025-03-10T20:39:59.036+0000] {processor.py:186} INFO - Started process (PID=1313) to work on /home/airflow/.local/lib/python3.12/site-packages/airflow/example_dags/example_branch_operator.py
[2025-03-10T20:39:59.037+0000] {processor.py:914} INFO - Processing file /home/airflow/.local/lib/python3.12/site-packages/airflow/example_dags/example_branch_operator.py for tasks to queue
[2025-03-10T20:39:59.040+0000] {logging_mixin.py:190} INFO - [2025-03-10T20:39:59.039+0000] {dagbag.py:588} INFO - Filling up the DagBag from /home/airflow/.local/lib/python3.12/site-packages/airflow/example_dags/example_branch_operator.py
[2025-03-10T20:39:59.061+0000] {processor.py:925} INFO - DAG(s) 'example_branch_operator' retrieved from /home/airflow/.local/lib/python3.12/site-packages/airflow/example_dags/example_branch_operator.py
[2025-03-10T20:39:59.097+0000] {logging_mixin.py:190} INFO - [2025-03-10T20:39:59.096+0000] {dag.py:3239} INFO - Sync 1 DAGs
[2025-03-10T20:39:59.126+0000] {logging_mixin.py:190} INFO - [2025-03-10T20:39:59.126+0000] {dag.py:4180} INFO - Setting next_dagrun for example_branch_operator to 2025-03-09 00:00:00+00:00, run_after=2025-03-10 00:00:00+00:00
[2025-03-10T20:39:59.148+0000] {processor.py:208} INFO - Processing /home/airflow/.local/lib/python3.12/site-packages/airflow/example_dags/example_branch_operator.py took 0.120 seconds
[2025-03-10T20:40:30.038+0000] {processor.py:186} INFO - Started process (PID=1376) to work on /home/airflow/.local/lib/python3.12/site-packages/airflow/example_dags/example_branch_operator.py
[2025-03-10T20:40:30.039+0000] {processor.py:914} INFO - Processing file /home/airflow/.local/lib/python3.12/site-packages/airflow/example_dags/example_branch_operator.py for tasks to queue
[2025-03-10T20:40:30.042+0000] {logging_mixin.py:190} INFO - [2025-03-10T20:40:30.042+0000] {dagbag.py:588} INFO - Filling up the DagBag from /home/airflow/.local/lib/python3.12/site-packages/airflow/example_dags/example_branch_operator.py
[2025-03-10T20:40:30.064+0000] {processor.py:925} INFO - DAG(s) 'example_branch_operator' retrieved from /home/airflow/.local/lib/python3.12/site-packages/airflow/example_dags/example_branch_operator.py
[2025-03-10T20:40:30.099+0000] {logging_mixin.py:190} INFO - [2025-03-10T20:40:30.099+0000] {dag.py:3239} INFO - Sync 1 DAGs
[2025-03-10T20:40:30.131+0000] {logging_mixin.py:190} INFO - [2025-03-10T20:40:30.131+0000] {dag.py:4180} INFO - Setting next_dagrun for example_branch_operator to 2025-03-09 00:00:00+00:00, run_after=2025-03-10 00:00:00+00:00
[2025-03-10T20:40:30.151+0000] {processor.py:208} INFO - Processing /home/airflow/.local/lib/python3.12/site-packages/airflow/example_dags/example_branch_operator.py took 0.120 seconds
[2025-03-10T20:41:01.414+0000] {processor.py:186} INFO - Started process (PID=1439) to work on /home/airflow/.local/lib/python3.12/site-packages/airflow/example_dags/example_branch_operator.py
[2025-03-10T20:41:01.415+0000] {processor.py:914} INFO - Processing file /home/airflow/.local/lib/python3.12/site-packages/airflow/example_dags/example_branch_operator.py for tasks to queue
[2025-03-10T20:41:01.418+0000] {logging_mixin.py:190} INFO - [2025-03-10T20:41:01.418+0000] {dagbag.py:588} INFO - Filling up the DagBag from /home/airflow/.local/lib/python3.12/site-packages/airflow/example_dags/example_branch_operator.py
[2025-03-10T20:41:01.441+0000] {processor.py:925} INFO - DAG(s) 'example_branch_operator' retrieved from /home/airflow/.local/lib/python3.12/site-packages/airflow/example_dags/example_branch_operator.py
[2025-03-10T20:41:01.479+0000] {logging_mixin.py:190} INFO - [2025-03-10T20:41:01.478+0000] {dag.py:3239} INFO - Sync 1 DAGs
[2025-03-10T20:41:01.512+0000] {logging_mixin.py:190} INFO - [2025-03-10T20:41:01.512+0000] {dag.py:4180} INFO - Setting next_dagrun for example_branch_operator to 2025-03-09 00:00:00+00:00, run_after=2025-03-10 00:00:00+00:00
[2025-03-10T20:41:01.534+0000] {processor.py:208} INFO - Processing /home/airflow/.local/lib/python3.12/site-packages/airflow/example_dags/example_branch_operator.py took 0.128 seconds
[2025-03-10T20:41:32.232+0000] {processor.py:186} INFO - Started process (PID=1502) to work on /home/airflow/.local/lib/python3.12/site-packages/airflow/example_dags/example_branch_operator.py
[2025-03-10T20:41:32.233+0000] {processor.py:914} INFO - Processing file /home/airflow/.local/lib/python3.12/site-packages/airflow/example_dags/example_branch_operator.py for tasks to queue
[2025-03-10T20:41:32.236+0000] {logging_mixin.py:190} INFO - [2025-03-10T20:41:32.236+0000] {dagbag.py:588} INFO - Filling up the DagBag from /home/airflow/.local/lib/python3.12/site-packages/airflow/example_dags/example_branch_operator.py
[2025-03-10T20:41:32.261+0000] {processor.py:925} INFO - DAG(s) 'example_branch_operator' retrieved from /home/airflow/.local/lib/python3.12/site-packages/airflow/example_dags/example_branch_operator.py
[2025-03-10T20:41:32.309+0000] {logging_mixin.py:190} INFO - [2025-03-10T20:41:32.308+0000] {dag.py:3239} INFO - Sync 1 DAGs
[2025-03-10T20:41:32.347+0000] {logging_mixin.py:190} INFO - [2025-03-10T20:41:32.347+0000] {dag.py:4180} INFO - Setting next_dagrun for example_branch_operator to 2025-03-09 00:00:00+00:00, run_after=2025-03-10 00:00:00+00:00
[2025-03-10T20:41:32.369+0000] {processor.py:208} INFO - Processing /home/airflow/.local/lib/python3.12/site-packages/airflow/example_dags/example_branch_operator.py took 0.144 seconds
[2025-03-10T20:42:02.825+0000] {processor.py:186} INFO - Started process (PID=1565) to work on /home/airflow/.local/lib/python3.12/site-packages/airflow/example_dags/example_branch_operator.py
[2025-03-10T20:42:02.826+0000] {processor.py:914} INFO - Processing file /home/airflow/.local/lib/python3.12/site-packages/airflow/example_dags/example_branch_operator.py for tasks to queue
[2025-03-10T20:42:02.829+0000] {logging_mixin.py:190} INFO - [2025-03-10T20:42:02.829+0000] {dagbag.py:588} INFO - Filling up the DagBag from /home/airflow/.local/lib/python3.12/site-packages/airflow/example_dags/example_branch_operator.py
[2025-03-10T20:42:02.853+0000] {processor.py:925} INFO - DAG(s) 'example_branch_operator' retrieved from /home/airflow/.local/lib/python3.12/site-packages/airflow/example_dags/example_branch_operator.py
[2025-03-10T20:42:02.905+0000] {logging_mixin.py:190} INFO - [2025-03-10T20:42:02.905+0000] {dag.py:3239} INFO - Sync 1 DAGs
[2025-03-10T20:42:02.936+0000] {logging_mixin.py:190} INFO - [2025-03-10T20:42:02.936+0000] {dag.py:4180} INFO - Setting next_dagrun for example_branch_operator to 2025-03-09 00:00:00+00:00, run_after=2025-03-10 00:00:00+00:00
[2025-03-10T20:42:02.957+0000] {processor.py:208} INFO - Processing /home/airflow/.local/lib/python3.12/site-packages/airflow/example_dags/example_branch_operator.py took 0.140 seconds
[2025-03-10T20:42:34.129+0000] {processor.py:186} INFO - Started process (PID=1628) to work on /home/airflow/.local/lib/python3.12/site-packages/airflow/example_dags/example_branch_operator.py
[2025-03-10T20:42:34.130+0000] {processor.py:914} INFO - Processing file /home/airflow/.local/lib/python3.12/site-packages/airflow/example_dags/example_branch_operator.py for tasks to queue
[2025-03-10T20:42:34.133+0000] {logging_mixin.py:190} INFO - [2025-03-10T20:42:34.133+0000] {dagbag.py:588} INFO - Filling up the DagBag from /home/airflow/.local/lib/python3.12/site-packages/airflow/example_dags/example_branch_operator.py
[2025-03-10T20:42:34.156+0000] {processor.py:925} INFO - DAG(s) 'example_branch_operator' retrieved from /home/airflow/.local/lib/python3.12/site-packages/airflow/example_dags/example_branch_operator.py
[2025-03-10T20:42:34.195+0000] {logging_mixin.py:190} INFO - [2025-03-10T20:42:34.195+0000] {dag.py:3239} INFO - Sync 1 DAGs
[2025-03-10T20:42:34.229+0000] {logging_mixin.py:190} INFO - [2025-03-10T20:42:34.229+0000] {dag.py:4180} INFO - Setting next_dagrun for example_branch_operator to 2025-03-09 00:00:00+00:00, run_after=2025-03-10 00:00:00+00:00
[2025-03-10T20:42:34.250+0000] {processor.py:208} INFO - Processing /home/airflow/.local/lib/python3.12/site-packages/airflow/example_dags/example_branch_operator.py took 0.128 seconds
[2025-03-10T20:43:05.071+0000] {processor.py:186} INFO - Started process (PID=1691) to work on /home/airflow/.local/lib/python3.12/site-packages/airflow/example_dags/example_branch_operator.py
[2025-03-10T20:43:05.072+0000] {processor.py:914} INFO - Processing file /home/airflow/.local/lib/python3.12/site-packages/airflow/example_dags/example_branch_operator.py for tasks to queue
[2025-03-10T20:43:05.076+0000] {logging_mixin.py:190} INFO - [2025-03-10T20:43:05.076+0000] {dagbag.py:588} INFO - Filling up the DagBag from /home/airflow/.local/lib/python3.12/site-packages/airflow/example_dags/example_branch_operator.py
[2025-03-10T20:43:05.102+0000] {processor.py:925} INFO - DAG(s) 'example_branch_operator' retrieved from /home/airflow/.local/lib/python3.12/site-packages/airflow/example_dags/example_branch_operator.py
[2025-03-10T20:43:05.138+0000] {logging_mixin.py:190} INFO - [2025-03-10T20:43:05.137+0000] {dag.py:3239} INFO - Sync 1 DAGs
[2025-03-10T20:43:05.168+0000] {logging_mixin.py:190} INFO - [2025-03-10T20:43:05.168+0000] {dag.py:4180} INFO - Setting next_dagrun for example_branch_operator to 2025-03-09 00:00:00+00:00, run_after=2025-03-10 00:00:00+00:00
[2025-03-10T20:43:05.427+0000] {processor.py:208} INFO - Processing /home/airflow/.local/lib/python3.12/site-packages/airflow/example_dags/example_branch_operator.py took 0.364 seconds
[2025-03-10T20:43:35.937+0000] {processor.py:186} INFO - Started process (PID=1755) to work on /home/airflow/.local/lib/python3.12/site-packages/airflow/example_dags/example_branch_operator.py
[2025-03-10T20:43:35.938+0000] {processor.py:914} INFO - Processing file /home/airflow/.local/lib/python3.12/site-packages/airflow/example_dags/example_branch_operator.py for tasks to queue
[2025-03-10T20:43:35.941+0000] {logging_mixin.py:190} INFO - [2025-03-10T20:43:35.941+0000] {dagbag.py:588} INFO - Filling up the DagBag from /home/airflow/.local/lib/python3.12/site-packages/airflow/example_dags/example_branch_operator.py
[2025-03-10T20:43:35.962+0000] {processor.py:925} INFO - DAG(s) 'example_branch_operator' retrieved from /home/airflow/.local/lib/python3.12/site-packages/airflow/example_dags/example_branch_operator.py
[2025-03-10T20:43:36.001+0000] {logging_mixin.py:190} INFO - [2025-03-10T20:43:36.001+0000] {dag.py:3239} INFO - Sync 1 DAGs
[2025-03-10T20:43:36.033+0000] {logging_mixin.py:190} INFO - [2025-03-10T20:43:36.033+0000] {dag.py:4180} INFO - Setting next_dagrun for example_branch_operator to 2025-03-09 00:00:00+00:00, run_after=2025-03-10 00:00:00+00:00
[2025-03-10T20:43:36.056+0000] {processor.py:208} INFO - Processing /home/airflow/.local/lib/python3.12/site-packages/airflow/example_dags/example_branch_operator.py took 0.125 seconds
[2025-03-10T20:44:06.576+0000] {processor.py:186} INFO - Started process (PID=1817) to work on /home/airflow/.local/lib/python3.12/site-packages/airflow/example_dags/example_branch_operator.py
[2025-03-10T20:44:06.577+0000] {processor.py:914} INFO - Processing file /home/airflow/.local/lib/python3.12/site-packages/airflow/example_dags/example_branch_operator.py for tasks to queue
[2025-03-10T20:44:06.579+0000] {logging_mixin.py:190} INFO - [2025-03-10T20:44:06.579+0000] {dagbag.py:588} INFO - Filling up the DagBag from /home/airflow/.local/lib/python3.12/site-packages/airflow/example_dags/example_branch_operator.py
[2025-03-10T20:44:06.600+0000] {processor.py:925} INFO - DAG(s) 'example_branch_operator' retrieved from /home/airflow/.local/lib/python3.12/site-packages/airflow/example_dags/example_branch_operator.py
[2025-03-10T20:44:06.635+0000] {logging_mixin.py:190} INFO - [2025-03-10T20:44:06.635+0000] {dag.py:3239} INFO - Sync 1 DAGs
[2025-03-10T20:44:06.664+0000] {logging_mixin.py:190} INFO - [2025-03-10T20:44:06.664+0000] {dag.py:4180} INFO - Setting next_dagrun for example_branch_operator to 2025-03-09 00:00:00+00:00, run_after=2025-03-10 00:00:00+00:00
[2025-03-10T20:44:06.684+0000] {processor.py:208} INFO - Processing /home/airflow/.local/lib/python3.12/site-packages/airflow/example_dags/example_branch_operator.py took 0.115 seconds
[2025-03-10T20:44:38.404+0000] {processor.py:186} INFO - Started process (PID=1880) to work on /home/airflow/.local/lib/python3.12/site-packages/airflow/example_dags/example_branch_operator.py
[2025-03-10T20:44:38.405+0000] {processor.py:914} INFO - Processing file /home/airflow/.local/lib/python3.12/site-packages/airflow/example_dags/example_branch_operator.py for tasks to queue
[2025-03-10T20:44:38.408+0000] {logging_mixin.py:190} INFO - [2025-03-10T20:44:38.408+0000] {dagbag.py:588} INFO - Filling up the DagBag from /home/airflow/.local/lib/python3.12/site-packages/airflow/example_dags/example_branch_operator.py
[2025-03-10T20:44:38.431+0000] {processor.py:925} INFO - DAG(s) 'example_branch_operator' retrieved from /home/airflow/.local/lib/python3.12/site-packages/airflow/example_dags/example_branch_operator.py
[2025-03-10T20:44:38.468+0000] {logging_mixin.py:190} INFO - [2025-03-10T20:44:38.468+0000] {dag.py:3239} INFO - Sync 1 DAGs
[2025-03-10T20:44:38.738+0000] {logging_mixin.py:190} INFO - [2025-03-10T20:44:38.738+0000] {dag.py:4180} INFO - Setting next_dagrun for example_branch_operator to 2025-03-09 00:00:00+00:00, run_after=2025-03-10 00:00:00+00:00
[2025-03-10T20:44:38.761+0000] {processor.py:208} INFO - Processing /home/airflow/.local/lib/python3.12/site-packages/airflow/example_dags/example_branch_operator.py took 0.364 seconds
[2025-03-10T20:45:09.228+0000] {processor.py:186} INFO - Started process (PID=1943) to work on /home/airflow/.local/lib/python3.12/site-packages/airflow/example_dags/example_branch_operator.py
[2025-03-10T20:45:09.229+0000] {processor.py:914} INFO - Processing file /home/airflow/.local/lib/python3.12/site-packages/airflow/example_dags/example_branch_operator.py for tasks to queue
[2025-03-10T20:45:09.232+0000] {logging_mixin.py:190} INFO - [2025-03-10T20:45:09.231+0000] {dagbag.py:588} INFO - Filling up the DagBag from /home/airflow/.local/lib/python3.12/site-packages/airflow/example_dags/example_branch_operator.py
[2025-03-10T20:45:09.254+0000] {processor.py:925} INFO - DAG(s) 'example_branch_operator' retrieved from /home/airflow/.local/lib/python3.12/site-packages/airflow/example_dags/example_branch_operator.py
[2025-03-10T20:45:09.290+0000] {logging_mixin.py:190} INFO - [2025-03-10T20:45:09.289+0000] {dag.py:3239} INFO - Sync 1 DAGs
[2025-03-10T20:45:09.322+0000] {logging_mixin.py:190} INFO - [2025-03-10T20:45:09.321+0000] {dag.py:4180} INFO - Setting next_dagrun for example_branch_operator to 2025-03-09 00:00:00+00:00, run_after=2025-03-10 00:00:00+00:00
[2025-03-10T20:45:09.600+0000] {processor.py:208} INFO - Processing /home/airflow/.local/lib/python3.12/site-packages/airflow/example_dags/example_branch_operator.py took 0.380 seconds
[2025-03-10T20:45:40.075+0000] {processor.py:186} INFO - Started process (PID=2006) to work on /home/airflow/.local/lib/python3.12/site-packages/airflow/example_dags/example_branch_operator.py
[2025-03-10T20:45:40.076+0000] {processor.py:914} INFO - Processing file /home/airflow/.local/lib/python3.12/site-packages/airflow/example_dags/example_branch_operator.py for tasks to queue
[2025-03-10T20:45:40.079+0000] {logging_mixin.py:190} INFO - [2025-03-10T20:45:40.079+0000] {dagbag.py:588} INFO - Filling up the DagBag from /home/airflow/.local/lib/python3.12/site-packages/airflow/example_dags/example_branch_operator.py
[2025-03-10T20:45:40.101+0000] {processor.py:925} INFO - DAG(s) 'example_branch_operator' retrieved from /home/airflow/.local/lib/python3.12/site-packages/airflow/example_dags/example_branch_operator.py
[2025-03-10T20:45:40.138+0000] {logging_mixin.py:190} INFO - [2025-03-10T20:45:40.138+0000] {dag.py:3239} INFO - Sync 1 DAGs
[2025-03-10T20:45:40.169+0000] {logging_mixin.py:190} INFO - [2025-03-10T20:45:40.169+0000] {dag.py:4180} INFO - Setting next_dagrun for example_branch_operator to 2025-03-09 00:00:00+00:00, run_after=2025-03-10 00:00:00+00:00
[2025-03-10T20:45:40.189+0000] {processor.py:208} INFO - Processing /home/airflow/.local/lib/python3.12/site-packages/airflow/example_dags/example_branch_operator.py took 0.121 seconds
[2025-03-10T20:46:12.178+0000] {processor.py:186} INFO - Started process (PID=2075) to work on /home/airflow/.local/lib/python3.12/site-packages/airflow/example_dags/example_branch_operator.py
[2025-03-10T20:46:12.179+0000] {processor.py:914} INFO - Processing file /home/airflow/.local/lib/python3.12/site-packages/airflow/example_dags/example_branch_operator.py for tasks to queue
[2025-03-10T20:46:12.182+0000] {logging_mixin.py:190} INFO - [2025-03-10T20:46:12.182+0000] {dagbag.py:588} INFO - Filling up the DagBag from /home/airflow/.local/lib/python3.12/site-packages/airflow/example_dags/example_branch_operator.py
[2025-03-10T20:46:12.203+0000] {processor.py:925} INFO - DAG(s) 'example_branch_operator' retrieved from /home/airflow/.local/lib/python3.12/site-packages/airflow/example_dags/example_branch_operator.py
[2025-03-10T20:46:12.488+0000] {logging_mixin.py:190} INFO - [2025-03-10T20:46:12.487+0000] {dag.py:3239} INFO - Sync 1 DAGs
[2025-03-10T20:46:12.515+0000] {logging_mixin.py:190} INFO - [2025-03-10T20:46:12.515+0000] {dag.py:4180} INFO - Setting next_dagrun for example_branch_operator to 2025-03-09 00:00:00+00:00, run_after=2025-03-10 00:00:00+00:00
[2025-03-10T20:46:12.534+0000] {processor.py:208} INFO - Processing /home/airflow/.local/lib/python3.12/site-packages/airflow/example_dags/example_branch_operator.py took 0.363 seconds
[2025-03-10T20:46:42.953+0000] {processor.py:186} INFO - Started process (PID=2138) to work on /home/airflow/.local/lib/python3.12/site-packages/airflow/example_dags/example_branch_operator.py
[2025-03-10T20:46:42.954+0000] {processor.py:914} INFO - Processing file /home/airflow/.local/lib/python3.12/site-packages/airflow/example_dags/example_branch_operator.py for tasks to queue
[2025-03-10T20:46:42.957+0000] {logging_mixin.py:190} INFO - [2025-03-10T20:46:42.956+0000] {dagbag.py:588} INFO - Filling up the DagBag from /home/airflow/.local/lib/python3.12/site-packages/airflow/example_dags/example_branch_operator.py
[2025-03-10T20:46:42.982+0000] {processor.py:925} INFO - DAG(s) 'example_branch_operator' retrieved from /home/airflow/.local/lib/python3.12/site-packages/airflow/example_dags/example_branch_operator.py
[2025-03-10T20:46:43.282+0000] {logging_mixin.py:190} INFO - [2025-03-10T20:46:43.282+0000] {dag.py:3239} INFO - Sync 1 DAGs
[2025-03-10T20:46:43.309+0000] {logging_mixin.py:190} INFO - [2025-03-10T20:46:43.309+0000] {dag.py:4180} INFO - Setting next_dagrun for example_branch_operator to 2025-03-09 00:00:00+00:00, run_after=2025-03-10 00:00:00+00:00
[2025-03-10T20:46:43.330+0000] {processor.py:208} INFO - Processing /home/airflow/.local/lib/python3.12/site-packages/airflow/example_dags/example_branch_operator.py took 0.385 seconds
[2025-03-10T20:47:14.172+0000] {processor.py:186} INFO - Started process (PID=2201) to work on /home/airflow/.local/lib/python3.12/site-packages/airflow/example_dags/example_branch_operator.py
[2025-03-10T20:47:14.174+0000] {processor.py:914} INFO - Processing file /home/airflow/.local/lib/python3.12/site-packages/airflow/example_dags/example_branch_operator.py for tasks to queue
[2025-03-10T20:47:14.177+0000] {logging_mixin.py:190} INFO - [2025-03-10T20:47:14.177+0000] {dagbag.py:588} INFO - Filling up the DagBag from /home/airflow/.local/lib/python3.12/site-packages/airflow/example_dags/example_branch_operator.py
[2025-03-10T20:47:14.203+0000] {processor.py:925} INFO - DAG(s) 'example_branch_operator' retrieved from /home/airflow/.local/lib/python3.12/site-packages/airflow/example_dags/example_branch_operator.py
[2025-03-10T20:47:14.240+0000] {logging_mixin.py:190} INFO - [2025-03-10T20:47:14.239+0000] {dag.py:3239} INFO - Sync 1 DAGs
[2025-03-10T20:47:14.272+0000] {logging_mixin.py:190} INFO - [2025-03-10T20:47:14.272+0000] {dag.py:4180} INFO - Setting next_dagrun for example_branch_operator to 2025-03-09 00:00:00+00:00, run_after=2025-03-10 00:00:00+00:00
[2025-03-10T20:47:14.297+0000] {processor.py:208} INFO - Processing /home/airflow/.local/lib/python3.12/site-packages/airflow/example_dags/example_branch_operator.py took 0.134 seconds
[2025-03-10T20:47:44.886+0000] {processor.py:186} INFO - Started process (PID=2264) to work on /home/airflow/.local/lib/python3.12/site-packages/airflow/example_dags/example_branch_operator.py
[2025-03-10T20:47:44.889+0000] {processor.py:914} INFO - Processing file /home/airflow/.local/lib/python3.12/site-packages/airflow/example_dags/example_branch_operator.py for tasks to queue
[2025-03-10T20:47:44.892+0000] {logging_mixin.py:190} INFO - [2025-03-10T20:47:44.892+0000] {dagbag.py:588} INFO - Filling up the DagBag from /home/airflow/.local/lib/python3.12/site-packages/airflow/example_dags/example_branch_operator.py
[2025-03-10T20:47:44.917+0000] {processor.py:925} INFO - DAG(s) 'example_branch_operator' retrieved from /home/airflow/.local/lib/python3.12/site-packages/airflow/example_dags/example_branch_operator.py
[2025-03-10T20:47:44.954+0000] {logging_mixin.py:190} INFO - [2025-03-10T20:47:44.954+0000] {dag.py:3239} INFO - Sync 1 DAGs
[2025-03-10T20:47:44.987+0000] {logging_mixin.py:190} INFO - [2025-03-10T20:47:44.987+0000] {dag.py:4180} INFO - Setting next_dagrun for example_branch_operator to 2025-03-09 00:00:00+00:00, run_after=2025-03-10 00:00:00+00:00
[2025-03-10T20:47:45.010+0000] {processor.py:208} INFO - Processing /home/airflow/.local/lib/python3.12/site-packages/airflow/example_dags/example_branch_operator.py took 0.133 seconds
[2025-03-10T20:48:15.358+0000] {processor.py:186} INFO - Started process (PID=2327) to work on /home/airflow/.local/lib/python3.12/site-packages/airflow/example_dags/example_branch_operator.py
[2025-03-10T20:48:15.359+0000] {processor.py:914} INFO - Processing file /home/airflow/.local/lib/python3.12/site-packages/airflow/example_dags/example_branch_operator.py for tasks to queue
[2025-03-10T20:48:15.362+0000] {logging_mixin.py:190} INFO - [2025-03-10T20:48:15.362+0000] {dagbag.py:588} INFO - Filling up the DagBag from /home/airflow/.local/lib/python3.12/site-packages/airflow/example_dags/example_branch_operator.py
[2025-03-10T20:48:15.384+0000] {processor.py:925} INFO - DAG(s) 'example_branch_operator' retrieved from /home/airflow/.local/lib/python3.12/site-packages/airflow/example_dags/example_branch_operator.py
[2025-03-10T20:48:15.420+0000] {logging_mixin.py:190} INFO - [2025-03-10T20:48:15.420+0000] {dag.py:3239} INFO - Sync 1 DAGs
[2025-03-10T20:48:15.450+0000] {logging_mixin.py:190} INFO - [2025-03-10T20:48:15.449+0000] {dag.py:4180} INFO - Setting next_dagrun for example_branch_operator to 2025-03-09 00:00:00+00:00, run_after=2025-03-10 00:00:00+00:00
[2025-03-10T20:48:15.475+0000] {processor.py:208} INFO - Processing /home/airflow/.local/lib/python3.12/site-packages/airflow/example_dags/example_branch_operator.py took 0.124 seconds
[2025-03-10T20:48:45.928+0000] {processor.py:186} INFO - Started process (PID=2390) to work on /home/airflow/.local/lib/python3.12/site-packages/airflow/example_dags/example_branch_operator.py
[2025-03-10T20:48:45.931+0000] {processor.py:914} INFO - Processing file /home/airflow/.local/lib/python3.12/site-packages/airflow/example_dags/example_branch_operator.py for tasks to queue
[2025-03-10T20:48:45.934+0000] {logging_mixin.py:190} INFO - [2025-03-10T20:48:45.934+0000] {dagbag.py:588} INFO - Filling up the DagBag from /home/airflow/.local/lib/python3.12/site-packages/airflow/example_dags/example_branch_operator.py
[2025-03-10T20:48:45.959+0000] {processor.py:925} INFO - DAG(s) 'example_branch_operator' retrieved from /home/airflow/.local/lib/python3.12/site-packages/airflow/example_dags/example_branch_operator.py
[2025-03-10T20:48:45.996+0000] {logging_mixin.py:190} INFO - [2025-03-10T20:48:45.995+0000] {dag.py:3239} INFO - Sync 1 DAGs
[2025-03-10T20:48:46.026+0000] {logging_mixin.py:190} INFO - [2025-03-10T20:48:46.026+0000] {dag.py:4180} INFO - Setting next_dagrun for example_branch_operator to 2025-03-09 00:00:00+00:00, run_after=2025-03-10 00:00:00+00:00
[2025-03-10T20:48:46.049+0000] {processor.py:208} INFO - Processing /home/airflow/.local/lib/python3.12/site-packages/airflow/example_dags/example_branch_operator.py took 0.130 seconds
[2025-03-10T20:49:16.518+0000] {processor.py:186} INFO - Started process (PID=2453) to work on /home/airflow/.local/lib/python3.12/site-packages/airflow/example_dags/example_branch_operator.py
[2025-03-10T20:49:16.521+0000] {processor.py:914} INFO - Processing file /home/airflow/.local/lib/python3.12/site-packages/airflow/example_dags/example_branch_operator.py for tasks to queue
[2025-03-10T20:49:16.523+0000] {logging_mixin.py:190} INFO - [2025-03-10T20:49:16.523+0000] {dagbag.py:588} INFO - Filling up the DagBag from /home/airflow/.local/lib/python3.12/site-packages/airflow/example_dags/example_branch_operator.py
[2025-03-10T20:49:16.545+0000] {processor.py:925} INFO - DAG(s) 'example_branch_operator' retrieved from /home/airflow/.local/lib/python3.12/site-packages/airflow/example_dags/example_branch_operator.py
[2025-03-10T20:49:16.580+0000] {logging_mixin.py:190} INFO - [2025-03-10T20:49:16.580+0000] {dag.py:3239} INFO - Sync 1 DAGs
[2025-03-10T20:49:16.617+0000] {logging_mixin.py:190} INFO - [2025-03-10T20:49:16.617+0000] {dag.py:4180} INFO - Setting next_dagrun for example_branch_operator to 2025-03-09 00:00:00+00:00, run_after=2025-03-10 00:00:00+00:00
[2025-03-10T20:49:16.636+0000] {processor.py:208} INFO - Processing /home/airflow/.local/lib/python3.12/site-packages/airflow/example_dags/example_branch_operator.py took 0.126 seconds
[2025-03-10T20:49:46.898+0000] {processor.py:186} INFO - Started process (PID=2516) to work on /home/airflow/.local/lib/python3.12/site-packages/airflow/example_dags/example_branch_operator.py
[2025-03-10T20:49:46.899+0000] {processor.py:914} INFO - Processing file /home/airflow/.local/lib/python3.12/site-packages/airflow/example_dags/example_branch_operator.py for tasks to queue
[2025-03-10T20:49:46.902+0000] {logging_mixin.py:190} INFO - [2025-03-10T20:49:46.901+0000] {dagbag.py:588} INFO - Filling up the DagBag from /home/airflow/.local/lib/python3.12/site-packages/airflow/example_dags/example_branch_operator.py
[2025-03-10T20:49:46.923+0000] {processor.py:925} INFO - DAG(s) 'example_branch_operator' retrieved from /home/airflow/.local/lib/python3.12/site-packages/airflow/example_dags/example_branch_operator.py
[2025-03-10T20:49:46.957+0000] {logging_mixin.py:190} INFO - [2025-03-10T20:49:46.957+0000] {dag.py:3239} INFO - Sync 1 DAGs
[2025-03-10T20:49:46.998+0000] {logging_mixin.py:190} INFO - [2025-03-10T20:49:46.998+0000] {dag.py:4180} INFO - Setting next_dagrun for example_branch_operator to 2025-03-09 00:00:00+00:00, run_after=2025-03-10 00:00:00+00:00
[2025-03-10T20:49:47.020+0000] {processor.py:208} INFO - Processing /home/airflow/.local/lib/python3.12/site-packages/airflow/example_dags/example_branch_operator.py took 0.131 seconds
[2025-03-10T20:50:17.497+0000] {processor.py:186} INFO - Started process (PID=2579) to work on /home/airflow/.local/lib/python3.12/site-packages/airflow/example_dags/example_branch_operator.py
[2025-03-10T20:50:17.499+0000] {processor.py:914} INFO - Processing file /home/airflow/.local/lib/python3.12/site-packages/airflow/example_dags/example_branch_operator.py for tasks to queue
[2025-03-10T20:50:17.502+0000] {logging_mixin.py:190} INFO - [2025-03-10T20:50:17.501+0000] {dagbag.py:588} INFO - Filling up the DagBag from /home/airflow/.local/lib/python3.12/site-packages/airflow/example_dags/example_branch_operator.py
[2025-03-10T20:50:17.525+0000] {processor.py:925} INFO - DAG(s) 'example_branch_operator' retrieved from /home/airflow/.local/lib/python3.12/site-packages/airflow/example_dags/example_branch_operator.py
[2025-03-10T20:50:17.565+0000] {logging_mixin.py:190} INFO - [2025-03-10T20:50:17.564+0000] {dag.py:3239} INFO - Sync 1 DAGs
[2025-03-10T20:50:17.597+0000] {logging_mixin.py:190} INFO - [2025-03-10T20:50:17.597+0000] {dag.py:4180} INFO - Setting next_dagrun for example_branch_operator to 2025-03-09 00:00:00+00:00, run_after=2025-03-10 00:00:00+00:00
[2025-03-10T20:50:17.621+0000] {processor.py:208} INFO - Processing /home/airflow/.local/lib/python3.12/site-packages/airflow/example_dags/example_branch_operator.py took 0.132 seconds
[2025-03-10T23:08:58.104+0000] {processor.py:186} INFO - Started process (PID=111) to work on /home/airflow/.local/lib/python3.12/site-packages/airflow/example_dags/example_branch_operator.py
[2025-03-10T23:08:58.106+0000] {processor.py:914} INFO - Processing file /home/airflow/.local/lib/python3.12/site-packages/airflow/example_dags/example_branch_operator.py for tasks to queue
[2025-03-10T23:08:58.108+0000] {logging_mixin.py:190} INFO - [2025-03-10T23:08:58.108+0000] {dagbag.py:588} INFO - Filling up the DagBag from /home/airflow/.local/lib/python3.12/site-packages/airflow/example_dags/example_branch_operator.py
[2025-03-10T23:08:58.133+0000] {processor.py:925} INFO - DAG(s) 'example_branch_operator' retrieved from /home/airflow/.local/lib/python3.12/site-packages/airflow/example_dags/example_branch_operator.py
[2025-03-10T23:08:58.220+0000] {logging_mixin.py:190} INFO - [2025-03-10T23:08:58.220+0000] {dag.py:3239} INFO - Sync 1 DAGs
[2025-03-10T23:08:58.251+0000] {logging_mixin.py:190} INFO - [2025-03-10T23:08:58.250+0000] {dag.py:4180} INFO - Setting next_dagrun for example_branch_operator to 2025-03-09 00:00:00+00:00, run_after=2025-03-10 00:00:00+00:00
[2025-03-10T23:08:58.278+0000] {processor.py:208} INFO - Processing /home/airflow/.local/lib/python3.12/site-packages/airflow/example_dags/example_branch_operator.py took 0.181 seconds
[2025-03-10T23:10:33.709+0000] {processor.py:186} INFO - Started process (PID=168) to work on /home/airflow/.local/lib/python3.12/site-packages/airflow/example_dags/example_branch_operator.py
[2025-03-10T23:10:33.710+0000] {processor.py:914} INFO - Processing file /home/airflow/.local/lib/python3.12/site-packages/airflow/example_dags/example_branch_operator.py for tasks to queue
[2025-03-10T23:10:33.711+0000] {logging_mixin.py:190} INFO - [2025-03-10T23:10:33.711+0000] {dagbag.py:588} INFO - Filling up the DagBag from /home/airflow/.local/lib/python3.12/site-packages/airflow/example_dags/example_branch_operator.py
[2025-03-10T23:10:33.733+0000] {processor.py:925} INFO - DAG(s) 'example_branch_operator' retrieved from /home/airflow/.local/lib/python3.12/site-packages/airflow/example_dags/example_branch_operator.py
[2025-03-10T23:10:33.770+0000] {logging_mixin.py:190} INFO - [2025-03-10T23:10:33.770+0000] {dag.py:3239} INFO - Sync 1 DAGs
[2025-03-10T23:10:33.803+0000] {logging_mixin.py:190} INFO - [2025-03-10T23:10:33.803+0000] {dag.py:4180} INFO - Setting next_dagrun for example_branch_operator to 2025-03-09 00:00:00+00:00, run_after=2025-03-10 00:00:00+00:00
[2025-03-10T23:10:33.827+0000] {processor.py:208} INFO - Processing /home/airflow/.local/lib/python3.12/site-packages/airflow/example_dags/example_branch_operator.py took 0.126 seconds
[2025-03-10T23:13:24.285+0000] {processor.py:186} INFO - Started process (PID=226) to work on /home/airflow/.local/lib/python3.12/site-packages/airflow/example_dags/example_branch_operator.py
[2025-03-10T23:13:24.290+0000] {processor.py:914} INFO - Processing file /home/airflow/.local/lib/python3.12/site-packages/airflow/example_dags/example_branch_operator.py for tasks to queue
[2025-03-10T23:13:24.297+0000] {logging_mixin.py:190} INFO - [2025-03-10T23:13:24.295+0000] {dagbag.py:588} INFO - Filling up the DagBag from /home/airflow/.local/lib/python3.12/site-packages/airflow/example_dags/example_branch_operator.py
[2025-03-10T23:13:24.418+0000] {processor.py:925} INFO - DAG(s) 'example_branch_operator' retrieved from /home/airflow/.local/lib/python3.12/site-packages/airflow/example_dags/example_branch_operator.py
[2025-03-10T23:13:24.562+0000] {logging_mixin.py:190} INFO - [2025-03-10T23:13:24.560+0000] {dag.py:3239} INFO - Sync 1 DAGs
[2025-03-10T23:13:24.720+0000] {logging_mixin.py:190} INFO - [2025-03-10T23:13:24.719+0000] {dag.py:4180} INFO - Setting next_dagrun for example_branch_operator to 2025-03-09 00:00:00+00:00, run_after=2025-03-10 00:00:00+00:00
[2025-03-10T23:13:24.806+0000] {processor.py:208} INFO - Processing /home/airflow/.local/lib/python3.12/site-packages/airflow/example_dags/example_branch_operator.py took 0.559 seconds
[2025-03-10T23:15:00.407+0000] {processor.py:186} INFO - Started process (PID=299) to work on /home/airflow/.local/lib/python3.12/site-packages/airflow/example_dags/example_branch_operator.py
[2025-03-10T23:15:00.412+0000] {processor.py:914} INFO - Processing file /home/airflow/.local/lib/python3.12/site-packages/airflow/example_dags/example_branch_operator.py for tasks to queue
[2025-03-10T23:15:00.419+0000] {logging_mixin.py:190} INFO - [2025-03-10T23:15:00.417+0000] {dagbag.py:588} INFO - Filling up the DagBag from /home/airflow/.local/lib/python3.12/site-packages/airflow/example_dags/example_branch_operator.py
[2025-03-10T23:15:00.540+0000] {processor.py:925} INFO - DAG(s) 'example_branch_operator' retrieved from /home/airflow/.local/lib/python3.12/site-packages/airflow/example_dags/example_branch_operator.py
[2025-03-10T23:15:00.757+0000] {logging_mixin.py:190} INFO - [2025-03-10T23:15:00.755+0000] {dag.py:3239} INFO - Sync 1 DAGs
[2025-03-10T23:15:00.910+0000] {logging_mixin.py:190} INFO - [2025-03-10T23:15:00.909+0000] {dag.py:4180} INFO - Setting next_dagrun for example_branch_operator to 2025-03-09 00:00:00+00:00, run_after=2025-03-10 00:00:00+00:00
[2025-03-10T23:15:00.995+0000] {processor.py:208} INFO - Processing /home/airflow/.local/lib/python3.12/site-packages/airflow/example_dags/example_branch_operator.py took 0.624 seconds
[2025-03-10T23:15:31.768+0000] {processor.py:186} INFO - Started process (PID=362) to work on /home/airflow/.local/lib/python3.12/site-packages/airflow/example_dags/example_branch_operator.py
[2025-03-10T23:15:31.770+0000] {processor.py:914} INFO - Processing file /home/airflow/.local/lib/python3.12/site-packages/airflow/example_dags/example_branch_operator.py for tasks to queue
[2025-03-10T23:15:31.775+0000] {logging_mixin.py:190} INFO - [2025-03-10T23:15:31.774+0000] {dagbag.py:588} INFO - Filling up the DagBag from /home/airflow/.local/lib/python3.12/site-packages/airflow/example_dags/example_branch_operator.py
[2025-03-10T23:15:31.854+0000] {processor.py:925} INFO - DAG(s) 'example_branch_operator' retrieved from /home/airflow/.local/lib/python3.12/site-packages/airflow/example_dags/example_branch_operator.py
[2025-03-10T23:15:32.019+0000] {logging_mixin.py:190} INFO - [2025-03-10T23:15:32.018+0000] {dag.py:3239} INFO - Sync 1 DAGs
[2025-03-10T23:15:32.189+0000] {logging_mixin.py:190} INFO - [2025-03-10T23:15:32.188+0000] {dag.py:4180} INFO - Setting next_dagrun for example_branch_operator to 2025-03-09 00:00:00+00:00, run_after=2025-03-10 00:00:00+00:00
[2025-03-10T23:15:32.275+0000] {processor.py:208} INFO - Processing /home/airflow/.local/lib/python3.12/site-packages/airflow/example_dags/example_branch_operator.py took 0.531 seconds
[2025-03-10T23:16:02.773+0000] {processor.py:186} INFO - Started process (PID=425) to work on /home/airflow/.local/lib/python3.12/site-packages/airflow/example_dags/example_branch_operator.py
[2025-03-10T23:16:02.776+0000] {processor.py:914} INFO - Processing file /home/airflow/.local/lib/python3.12/site-packages/airflow/example_dags/example_branch_operator.py for tasks to queue
[2025-03-10T23:16:02.783+0000] {logging_mixin.py:190} INFO - [2025-03-10T23:16:02.781+0000] {dagbag.py:588} INFO - Filling up the DagBag from /home/airflow/.local/lib/python3.12/site-packages/airflow/example_dags/example_branch_operator.py
[2025-03-10T23:16:02.862+0000] {processor.py:925} INFO - DAG(s) 'example_branch_operator' retrieved from /home/airflow/.local/lib/python3.12/site-packages/airflow/example_dags/example_branch_operator.py
[2025-03-10T23:16:02.982+0000] {logging_mixin.py:190} INFO - [2025-03-10T23:16:02.981+0000] {dag.py:3239} INFO - Sync 1 DAGs
[2025-03-10T23:16:03.103+0000] {logging_mixin.py:190} INFO - [2025-03-10T23:16:03.102+0000] {dag.py:4180} INFO - Setting next_dagrun for example_branch_operator to 2025-03-09 00:00:00+00:00, run_after=2025-03-10 00:00:00+00:00
[2025-03-10T23:16:03.174+0000] {processor.py:208} INFO - Processing /home/airflow/.local/lib/python3.12/site-packages/airflow/example_dags/example_branch_operator.py took 0.434 seconds
[2025-03-10T23:16:33.280+0000] {processor.py:186} INFO - Started process (PID=488) to work on /home/airflow/.local/lib/python3.12/site-packages/airflow/example_dags/example_branch_operator.py
[2025-03-10T23:16:33.280+0000] {processor.py:914} INFO - Processing file /home/airflow/.local/lib/python3.12/site-packages/airflow/example_dags/example_branch_operator.py for tasks to queue
[2025-03-10T23:16:33.282+0000] {logging_mixin.py:190} INFO - [2025-03-10T23:16:33.282+0000] {dagbag.py:588} INFO - Filling up the DagBag from /home/airflow/.local/lib/python3.12/site-packages/airflow/example_dags/example_branch_operator.py
[2025-03-10T23:16:33.305+0000] {processor.py:925} INFO - DAG(s) 'example_branch_operator' retrieved from /home/airflow/.local/lib/python3.12/site-packages/airflow/example_dags/example_branch_operator.py
[2025-03-10T23:16:33.339+0000] {logging_mixin.py:190} INFO - [2025-03-10T23:16:33.339+0000] {dag.py:3239} INFO - Sync 1 DAGs
[2025-03-10T23:16:33.369+0000] {logging_mixin.py:190} INFO - [2025-03-10T23:16:33.368+0000] {dag.py:4180} INFO - Setting next_dagrun for example_branch_operator to 2025-03-09 00:00:00+00:00, run_after=2025-03-10 00:00:00+00:00
[2025-03-10T23:16:33.390+0000] {processor.py:208} INFO - Processing /home/airflow/.local/lib/python3.12/site-packages/airflow/example_dags/example_branch_operator.py took 0.119 seconds
[2025-03-10T23:17:03.897+0000] {processor.py:186} INFO - Started process (PID=551) to work on /home/airflow/.local/lib/python3.12/site-packages/airflow/example_dags/example_branch_operator.py
[2025-03-10T23:17:03.898+0000] {processor.py:914} INFO - Processing file /home/airflow/.local/lib/python3.12/site-packages/airflow/example_dags/example_branch_operator.py for tasks to queue
[2025-03-10T23:17:03.900+0000] {logging_mixin.py:190} INFO - [2025-03-10T23:17:03.900+0000] {dagbag.py:588} INFO - Filling up the DagBag from /home/airflow/.local/lib/python3.12/site-packages/airflow/example_dags/example_branch_operator.py
[2025-03-10T23:17:03.925+0000] {processor.py:925} INFO - DAG(s) 'example_branch_operator' retrieved from /home/airflow/.local/lib/python3.12/site-packages/airflow/example_dags/example_branch_operator.py
[2025-03-10T23:17:03.973+0000] {logging_mixin.py:190} INFO - [2025-03-10T23:17:03.973+0000] {dag.py:3239} INFO - Sync 1 DAGs
[2025-03-10T23:17:04.006+0000] {logging_mixin.py:190} INFO - [2025-03-10T23:17:04.005+0000] {dag.py:4180} INFO - Setting next_dagrun for example_branch_operator to 2025-03-09 00:00:00+00:00, run_after=2025-03-10 00:00:00+00:00
[2025-03-10T23:17:04.029+0000] {processor.py:208} INFO - Processing /home/airflow/.local/lib/python3.12/site-packages/airflow/example_dags/example_branch_operator.py took 0.142 seconds
[2025-03-10T23:17:34.071+0000] {processor.py:186} INFO - Started process (PID=614) to work on /home/airflow/.local/lib/python3.12/site-packages/airflow/example_dags/example_branch_operator.py
[2025-03-10T23:17:34.072+0000] {processor.py:914} INFO - Processing file /home/airflow/.local/lib/python3.12/site-packages/airflow/example_dags/example_branch_operator.py for tasks to queue
[2025-03-10T23:17:34.073+0000] {logging_mixin.py:190} INFO - [2025-03-10T23:17:34.073+0000] {dagbag.py:588} INFO - Filling up the DagBag from /home/airflow/.local/lib/python3.12/site-packages/airflow/example_dags/example_branch_operator.py
[2025-03-10T23:17:34.095+0000] {processor.py:925} INFO - DAG(s) 'example_branch_operator' retrieved from /home/airflow/.local/lib/python3.12/site-packages/airflow/example_dags/example_branch_operator.py
[2025-03-10T23:17:34.135+0000] {logging_mixin.py:190} INFO - [2025-03-10T23:17:34.135+0000] {dag.py:3239} INFO - Sync 1 DAGs
[2025-03-10T23:17:34.170+0000] {logging_mixin.py:190} INFO - [2025-03-10T23:17:34.169+0000] {dag.py:4180} INFO - Setting next_dagrun for example_branch_operator to 2025-03-09 00:00:00+00:00, run_after=2025-03-10 00:00:00+00:00
[2025-03-10T23:17:34.194+0000] {processor.py:208} INFO - Processing /home/airflow/.local/lib/python3.12/site-packages/airflow/example_dags/example_branch_operator.py took 0.130 seconds
[2025-03-10T23:18:04.280+0000] {processor.py:186} INFO - Started process (PID=677) to work on /home/airflow/.local/lib/python3.12/site-packages/airflow/example_dags/example_branch_operator.py
[2025-03-10T23:18:04.281+0000] {processor.py:914} INFO - Processing file /home/airflow/.local/lib/python3.12/site-packages/airflow/example_dags/example_branch_operator.py for tasks to queue
[2025-03-10T23:18:04.282+0000] {logging_mixin.py:190} INFO - [2025-03-10T23:18:04.282+0000] {dagbag.py:588} INFO - Filling up the DagBag from /home/airflow/.local/lib/python3.12/site-packages/airflow/example_dags/example_branch_operator.py
[2025-03-10T23:18:04.305+0000] {processor.py:925} INFO - DAG(s) 'example_branch_operator' retrieved from /home/airflow/.local/lib/python3.12/site-packages/airflow/example_dags/example_branch_operator.py
[2025-03-10T23:18:04.343+0000] {logging_mixin.py:190} INFO - [2025-03-10T23:18:04.343+0000] {dag.py:3239} INFO - Sync 1 DAGs
[2025-03-10T23:18:04.376+0000] {logging_mixin.py:190} INFO - [2025-03-10T23:18:04.376+0000] {dag.py:4180} INFO - Setting next_dagrun for example_branch_operator to 2025-03-09 00:00:00+00:00, run_after=2025-03-10 00:00:00+00:00
[2025-03-10T23:18:04.399+0000] {processor.py:208} INFO - Processing /home/airflow/.local/lib/python3.12/site-packages/airflow/example_dags/example_branch_operator.py took 0.127 seconds
[2025-03-10T23:18:35.386+0000] {processor.py:186} INFO - Started process (PID=740) to work on /home/airflow/.local/lib/python3.12/site-packages/airflow/example_dags/example_branch_operator.py
[2025-03-10T23:18:35.387+0000] {processor.py:914} INFO - Processing file /home/airflow/.local/lib/python3.12/site-packages/airflow/example_dags/example_branch_operator.py for tasks to queue
[2025-03-10T23:18:35.389+0000] {logging_mixin.py:190} INFO - [2025-03-10T23:18:35.389+0000] {dagbag.py:588} INFO - Filling up the DagBag from /home/airflow/.local/lib/python3.12/site-packages/airflow/example_dags/example_branch_operator.py
[2025-03-10T23:18:35.414+0000] {processor.py:925} INFO - DAG(s) 'example_branch_operator' retrieved from /home/airflow/.local/lib/python3.12/site-packages/airflow/example_dags/example_branch_operator.py
[2025-03-10T23:18:35.459+0000] {logging_mixin.py:190} INFO - [2025-03-10T23:18:35.458+0000] {dag.py:3239} INFO - Sync 1 DAGs
[2025-03-10T23:18:35.499+0000] {logging_mixin.py:190} INFO - [2025-03-10T23:18:35.498+0000] {dag.py:4180} INFO - Setting next_dagrun for example_branch_operator to 2025-03-09 00:00:00+00:00, run_after=2025-03-10 00:00:00+00:00
[2025-03-10T23:18:35.522+0000] {processor.py:208} INFO - Processing /home/airflow/.local/lib/python3.12/site-packages/airflow/example_dags/example_branch_operator.py took 0.147 seconds
[2025-03-10T23:19:05.730+0000] {processor.py:186} INFO - Started process (PID=802) to work on /home/airflow/.local/lib/python3.12/site-packages/airflow/example_dags/example_branch_operator.py
[2025-03-10T23:19:05.731+0000] {processor.py:914} INFO - Processing file /home/airflow/.local/lib/python3.12/site-packages/airflow/example_dags/example_branch_operator.py for tasks to queue
[2025-03-10T23:19:05.732+0000] {logging_mixin.py:190} INFO - [2025-03-10T23:19:05.732+0000] {dagbag.py:588} INFO - Filling up the DagBag from /home/airflow/.local/lib/python3.12/site-packages/airflow/example_dags/example_branch_operator.py
[2025-03-10T23:19:05.753+0000] {processor.py:925} INFO - DAG(s) 'example_branch_operator' retrieved from /home/airflow/.local/lib/python3.12/site-packages/airflow/example_dags/example_branch_operator.py
[2025-03-10T23:19:05.788+0000] {logging_mixin.py:190} INFO - [2025-03-10T23:19:05.788+0000] {dag.py:3239} INFO - Sync 1 DAGs
[2025-03-10T23:19:05.818+0000] {logging_mixin.py:190} INFO - [2025-03-10T23:19:05.817+0000] {dag.py:4180} INFO - Setting next_dagrun for example_branch_operator to 2025-03-09 00:00:00+00:00, run_after=2025-03-10 00:00:00+00:00
[2025-03-10T23:19:05.837+0000] {processor.py:208} INFO - Processing /home/airflow/.local/lib/python3.12/site-packages/airflow/example_dags/example_branch_operator.py took 0.115 seconds
[2025-03-10T23:27:11.044+0000] {processor.py:186} INFO - Started process (PID=98) to work on /home/airflow/.local/lib/python3.12/site-packages/airflow/example_dags/example_branch_operator.py
[2025-03-10T23:27:11.045+0000] {processor.py:914} INFO - Processing file /home/airflow/.local/lib/python3.12/site-packages/airflow/example_dags/example_branch_operator.py for tasks to queue
[2025-03-10T23:27:11.048+0000] {logging_mixin.py:190} INFO - [2025-03-10T23:27:11.048+0000] {dagbag.py:588} INFO - Filling up the DagBag from /home/airflow/.local/lib/python3.12/site-packages/airflow/example_dags/example_branch_operator.py
[2025-03-10T23:27:11.070+0000] {processor.py:925} INFO - DAG(s) 'example_branch_operator' retrieved from /home/airflow/.local/lib/python3.12/site-packages/airflow/example_dags/example_branch_operator.py
[2025-03-10T23:27:11.159+0000] {logging_mixin.py:190} INFO - [2025-03-10T23:27:11.159+0000] {dag.py:3239} INFO - Sync 1 DAGs
[2025-03-10T23:27:11.187+0000] {logging_mixin.py:190} INFO - [2025-03-10T23:27:11.187+0000] {dag.py:4180} INFO - Setting next_dagrun for example_branch_operator to 2025-03-09 00:00:00+00:00, run_after=2025-03-10 00:00:00+00:00
[2025-03-10T23:27:11.208+0000] {processor.py:208} INFO - Processing /home/airflow/.local/lib/python3.12/site-packages/airflow/example_dags/example_branch_operator.py took 0.170 seconds
[2025-03-10T23:27:42.120+0000] {processor.py:186} INFO - Started process (PID=161) to work on /home/airflow/.local/lib/python3.12/site-packages/airflow/example_dags/example_branch_operator.py
[2025-03-10T23:27:42.121+0000] {processor.py:914} INFO - Processing file /home/airflow/.local/lib/python3.12/site-packages/airflow/example_dags/example_branch_operator.py for tasks to queue
[2025-03-10T23:27:42.124+0000] {logging_mixin.py:190} INFO - [2025-03-10T23:27:42.123+0000] {dagbag.py:588} INFO - Filling up the DagBag from /home/airflow/.local/lib/python3.12/site-packages/airflow/example_dags/example_branch_operator.py
[2025-03-10T23:27:42.145+0000] {processor.py:925} INFO - DAG(s) 'example_branch_operator' retrieved from /home/airflow/.local/lib/python3.12/site-packages/airflow/example_dags/example_branch_operator.py
[2025-03-10T23:27:42.182+0000] {logging_mixin.py:190} INFO - [2025-03-10T23:27:42.182+0000] {dag.py:3239} INFO - Sync 1 DAGs
[2025-03-10T23:27:42.214+0000] {logging_mixin.py:190} INFO - [2025-03-10T23:27:42.214+0000] {dag.py:4180} INFO - Setting next_dagrun for example_branch_operator to 2025-03-09 00:00:00+00:00, run_after=2025-03-10 00:00:00+00:00
[2025-03-10T23:27:42.237+0000] {processor.py:208} INFO - Processing /home/airflow/.local/lib/python3.12/site-packages/airflow/example_dags/example_branch_operator.py took 0.124 seconds
[2025-03-10T23:28:12.672+0000] {processor.py:186} INFO - Started process (PID=224) to work on /home/airflow/.local/lib/python3.12/site-packages/airflow/example_dags/example_branch_operator.py
[2025-03-10T23:28:12.673+0000] {processor.py:914} INFO - Processing file /home/airflow/.local/lib/python3.12/site-packages/airflow/example_dags/example_branch_operator.py for tasks to queue
[2025-03-10T23:28:12.675+0000] {logging_mixin.py:190} INFO - [2025-03-10T23:28:12.675+0000] {dagbag.py:588} INFO - Filling up the DagBag from /home/airflow/.local/lib/python3.12/site-packages/airflow/example_dags/example_branch_operator.py
[2025-03-10T23:28:12.696+0000] {processor.py:925} INFO - DAG(s) 'example_branch_operator' retrieved from /home/airflow/.local/lib/python3.12/site-packages/airflow/example_dags/example_branch_operator.py
[2025-03-10T23:28:12.732+0000] {logging_mixin.py:190} INFO - [2025-03-10T23:28:12.732+0000] {dag.py:3239} INFO - Sync 1 DAGs
[2025-03-10T23:28:12.760+0000] {logging_mixin.py:190} INFO - [2025-03-10T23:28:12.760+0000] {dag.py:4180} INFO - Setting next_dagrun for example_branch_operator to 2025-03-09 00:00:00+00:00, run_after=2025-03-10 00:00:00+00:00
[2025-03-10T23:28:12.781+0000] {processor.py:208} INFO - Processing /home/airflow/.local/lib/python3.12/site-packages/airflow/example_dags/example_branch_operator.py took 0.115 seconds
[2025-03-10T23:28:43.528+0000] {processor.py:186} INFO - Started process (PID=287) to work on /home/airflow/.local/lib/python3.12/site-packages/airflow/example_dags/example_branch_operator.py
[2025-03-10T23:28:43.529+0000] {processor.py:914} INFO - Processing file /home/airflow/.local/lib/python3.12/site-packages/airflow/example_dags/example_branch_operator.py for tasks to queue
[2025-03-10T23:28:43.532+0000] {logging_mixin.py:190} INFO - [2025-03-10T23:28:43.532+0000] {dagbag.py:588} INFO - Filling up the DagBag from /home/airflow/.local/lib/python3.12/site-packages/airflow/example_dags/example_branch_operator.py
[2025-03-10T23:28:43.555+0000] {processor.py:925} INFO - DAG(s) 'example_branch_operator' retrieved from /home/airflow/.local/lib/python3.12/site-packages/airflow/example_dags/example_branch_operator.py
[2025-03-10T23:28:43.603+0000] {logging_mixin.py:190} INFO - [2025-03-10T23:28:43.602+0000] {dag.py:3239} INFO - Sync 1 DAGs
[2025-03-10T23:28:43.635+0000] {logging_mixin.py:190} INFO - [2025-03-10T23:28:43.635+0000] {dag.py:4180} INFO - Setting next_dagrun for example_branch_operator to 2025-03-09 00:00:00+00:00, run_after=2025-03-10 00:00:00+00:00
[2025-03-10T23:28:43.660+0000] {processor.py:208} INFO - Processing /home/airflow/.local/lib/python3.12/site-packages/airflow/example_dags/example_branch_operator.py took 0.139 seconds
[2025-03-10T23:29:14.738+0000] {processor.py:186} INFO - Started process (PID=350) to work on /home/airflow/.local/lib/python3.12/site-packages/airflow/example_dags/example_branch_operator.py
[2025-03-10T23:29:14.739+0000] {processor.py:914} INFO - Processing file /home/airflow/.local/lib/python3.12/site-packages/airflow/example_dags/example_branch_operator.py for tasks to queue
[2025-03-10T23:29:14.741+0000] {logging_mixin.py:190} INFO - [2025-03-10T23:29:14.741+0000] {dagbag.py:588} INFO - Filling up the DagBag from /home/airflow/.local/lib/python3.12/site-packages/airflow/example_dags/example_branch_operator.py
[2025-03-10T23:29:14.764+0000] {processor.py:925} INFO - DAG(s) 'example_branch_operator' retrieved from /home/airflow/.local/lib/python3.12/site-packages/airflow/example_dags/example_branch_operator.py
[2025-03-10T23:29:14.802+0000] {logging_mixin.py:190} INFO - [2025-03-10T23:29:14.801+0000] {dag.py:3239} INFO - Sync 1 DAGs
[2025-03-10T23:29:14.835+0000] {logging_mixin.py:190} INFO - [2025-03-10T23:29:14.834+0000] {dag.py:4180} INFO - Setting next_dagrun for example_branch_operator to 2025-03-09 00:00:00+00:00, run_after=2025-03-10 00:00:00+00:00
[2025-03-10T23:29:14.855+0000] {processor.py:208} INFO - Processing /home/airflow/.local/lib/python3.12/site-packages/airflow/example_dags/example_branch_operator.py took 0.124 seconds
[2025-03-10T23:35:22.819+0000] {processor.py:186} INFO - Started process (PID=118) to work on /home/airflow/.local/lib/python3.12/site-packages/airflow/example_dags/example_branch_operator.py
[2025-03-10T23:35:22.823+0000] {processor.py:914} INFO - Processing file /home/airflow/.local/lib/python3.12/site-packages/airflow/example_dags/example_branch_operator.py for tasks to queue
[2025-03-10T23:35:22.840+0000] {logging_mixin.py:190} INFO - [2025-03-10T23:35:22.837+0000] {dagbag.py:588} INFO - Filling up the DagBag from /home/airflow/.local/lib/python3.12/site-packages/airflow/example_dags/example_branch_operator.py
[2025-03-10T23:35:22.980+0000] {processor.py:925} INFO - DAG(s) 'example_branch_operator' retrieved from /home/airflow/.local/lib/python3.12/site-packages/airflow/example_dags/example_branch_operator.py
[2025-03-10T23:35:23.531+0000] {logging_mixin.py:190} INFO - [2025-03-10T23:35:23.528+0000] {dag.py:3239} INFO - Sync 1 DAGs
[2025-03-10T23:35:23.725+0000] {logging_mixin.py:190} INFO - [2025-03-10T23:35:23.723+0000] {dag.py:4180} INFO - Setting next_dagrun for example_branch_operator to 2025-03-09 00:00:00+00:00, run_after=2025-03-10 00:00:00+00:00
[2025-03-10T23:35:23.840+0000] {processor.py:208} INFO - Processing /home/airflow/.local/lib/python3.12/site-packages/airflow/example_dags/example_branch_operator.py took 1.060 seconds
[2025-03-10T23:35:54.219+0000] {processor.py:186} INFO - Started process (PID=187) to work on /home/airflow/.local/lib/python3.12/site-packages/airflow/example_dags/example_branch_operator.py
[2025-03-10T23:35:54.220+0000] {processor.py:914} INFO - Processing file /home/airflow/.local/lib/python3.12/site-packages/airflow/example_dags/example_branch_operator.py for tasks to queue
[2025-03-10T23:35:54.223+0000] {logging_mixin.py:190} INFO - [2025-03-10T23:35:54.223+0000] {dagbag.py:588} INFO - Filling up the DagBag from /home/airflow/.local/lib/python3.12/site-packages/airflow/example_dags/example_branch_operator.py
[2025-03-10T23:35:54.245+0000] {processor.py:925} INFO - DAG(s) 'example_branch_operator' retrieved from /home/airflow/.local/lib/python3.12/site-packages/airflow/example_dags/example_branch_operator.py
[2025-03-10T23:35:54.283+0000] {logging_mixin.py:190} INFO - [2025-03-10T23:35:54.283+0000] {dag.py:3239} INFO - Sync 1 DAGs
[2025-03-10T23:35:54.319+0000] {logging_mixin.py:190} INFO - [2025-03-10T23:35:54.319+0000] {dag.py:4180} INFO - Setting next_dagrun for example_branch_operator to 2025-03-09 00:00:00+00:00, run_after=2025-03-10 00:00:00+00:00
[2025-03-10T23:35:54.342+0000] {processor.py:208} INFO - Processing /home/airflow/.local/lib/python3.12/site-packages/airflow/example_dags/example_branch_operator.py took 0.130 seconds
[2025-03-10T23:36:24.474+0000] {processor.py:186} INFO - Started process (PID=250) to work on /home/airflow/.local/lib/python3.12/site-packages/airflow/example_dags/example_branch_operator.py
[2025-03-10T23:36:24.475+0000] {processor.py:914} INFO - Processing file /home/airflow/.local/lib/python3.12/site-packages/airflow/example_dags/example_branch_operator.py for tasks to queue
[2025-03-10T23:36:24.478+0000] {logging_mixin.py:190} INFO - [2025-03-10T23:36:24.477+0000] {dagbag.py:588} INFO - Filling up the DagBag from /home/airflow/.local/lib/python3.12/site-packages/airflow/example_dags/example_branch_operator.py
[2025-03-10T23:36:24.502+0000] {processor.py:925} INFO - DAG(s) 'example_branch_operator' retrieved from /home/airflow/.local/lib/python3.12/site-packages/airflow/example_dags/example_branch_operator.py
[2025-03-10T23:36:24.541+0000] {logging_mixin.py:190} INFO - [2025-03-10T23:36:24.541+0000] {dag.py:3239} INFO - Sync 1 DAGs
[2025-03-10T23:36:24.573+0000] {logging_mixin.py:190} INFO - [2025-03-10T23:36:24.573+0000] {dag.py:4180} INFO - Setting next_dagrun for example_branch_operator to 2025-03-09 00:00:00+00:00, run_after=2025-03-10 00:00:00+00:00
[2025-03-10T23:36:24.598+0000] {processor.py:208} INFO - Processing /home/airflow/.local/lib/python3.12/site-packages/airflow/example_dags/example_branch_operator.py took 0.132 seconds
[2025-03-10T23:36:54.710+0000] {processor.py:186} INFO - Started process (PID=313) to work on /home/airflow/.local/lib/python3.12/site-packages/airflow/example_dags/example_branch_operator.py
[2025-03-10T23:36:54.711+0000] {processor.py:914} INFO - Processing file /home/airflow/.local/lib/python3.12/site-packages/airflow/example_dags/example_branch_operator.py for tasks to queue
[2025-03-10T23:36:54.714+0000] {logging_mixin.py:190} INFO - [2025-03-10T23:36:54.714+0000] {dagbag.py:588} INFO - Filling up the DagBag from /home/airflow/.local/lib/python3.12/site-packages/airflow/example_dags/example_branch_operator.py
[2025-03-10T23:36:54.738+0000] {processor.py:925} INFO - DAG(s) 'example_branch_operator' retrieved from /home/airflow/.local/lib/python3.12/site-packages/airflow/example_dags/example_branch_operator.py
[2025-03-10T23:36:54.775+0000] {logging_mixin.py:190} INFO - [2025-03-10T23:36:54.774+0000] {dag.py:3239} INFO - Sync 1 DAGs
[2025-03-10T23:36:54.807+0000] {logging_mixin.py:190} INFO - [2025-03-10T23:36:54.807+0000] {dag.py:4180} INFO - Setting next_dagrun for example_branch_operator to 2025-03-09 00:00:00+00:00, run_after=2025-03-10 00:00:00+00:00
[2025-03-10T23:36:54.832+0000] {processor.py:208} INFO - Processing /home/airflow/.local/lib/python3.12/site-packages/airflow/example_dags/example_branch_operator.py took 0.130 seconds
[2025-03-10T23:37:25.367+0000] {processor.py:186} INFO - Started process (PID=376) to work on /home/airflow/.local/lib/python3.12/site-packages/airflow/example_dags/example_branch_operator.py
[2025-03-10T23:37:25.369+0000] {processor.py:914} INFO - Processing file /home/airflow/.local/lib/python3.12/site-packages/airflow/example_dags/example_branch_operator.py for tasks to queue
[2025-03-10T23:37:25.372+0000] {logging_mixin.py:190} INFO - [2025-03-10T23:37:25.372+0000] {dagbag.py:588} INFO - Filling up the DagBag from /home/airflow/.local/lib/python3.12/site-packages/airflow/example_dags/example_branch_operator.py
[2025-03-10T23:37:25.398+0000] {processor.py:925} INFO - DAG(s) 'example_branch_operator' retrieved from /home/airflow/.local/lib/python3.12/site-packages/airflow/example_dags/example_branch_operator.py
[2025-03-10T23:37:25.444+0000] {logging_mixin.py:190} INFO - [2025-03-10T23:37:25.444+0000] {dag.py:3239} INFO - Sync 1 DAGs
[2025-03-10T23:37:25.489+0000] {logging_mixin.py:190} INFO - [2025-03-10T23:37:25.488+0000] {dag.py:4180} INFO - Setting next_dagrun for example_branch_operator to 2025-03-09 00:00:00+00:00, run_after=2025-03-10 00:00:00+00:00
[2025-03-10T23:37:25.522+0000] {processor.py:208} INFO - Processing /home/airflow/.local/lib/python3.12/site-packages/airflow/example_dags/example_branch_operator.py took 0.164 seconds
