[2025-03-10T20:30:18.533+0000] {processor.py:186} INFO - Started process (PID=145) to work on /home/airflow/.local/lib/python3.12/site-packages/airflow/example_dags/example_short_circuit_operator.py
[2025-03-10T20:30:18.534+0000] {processor.py:914} INFO - Processing file /home/airflow/.local/lib/python3.12/site-packages/airflow/example_dags/example_short_circuit_operator.py for tasks to queue
[2025-03-10T20:30:18.538+0000] {logging_mixin.py:190} INFO - [2025-03-10T20:30:18.537+0000] {dagbag.py:588} INFO - Filling up the DagBag from /home/airflow/.local/lib/python3.12/site-packages/airflow/example_dags/example_short_circuit_operator.py
[2025-03-10T20:30:18.548+0000] {processor.py:925} INFO - DAG(s) 'example_short_circuit_operator' retrieved from /home/airflow/.local/lib/python3.12/site-packages/airflow/example_dags/example_short_circuit_operator.py
[2025-03-10T20:30:18.637+0000] {logging_mixin.py:190} INFO - [2025-03-10T20:30:18.636+0000] {override.py:1912} INFO - Created Permission View: can read on DAG:example_short_circuit_operator
[2025-03-10T20:30:18.649+0000] {logging_mixin.py:190} INFO - [2025-03-10T20:30:18.648+0000] {override.py:1912} INFO - Created Permission View: can edit on DAG:example_short_circuit_operator
[2025-03-10T20:30:18.656+0000] {logging_mixin.py:190} INFO - [2025-03-10T20:30:18.656+0000] {override.py:1912} INFO - Created Permission View: can delete on DAG:example_short_circuit_operator
[2025-03-10T20:30:18.664+0000] {logging_mixin.py:190} INFO - [2025-03-10T20:30:18.663+0000] {override.py:1912} INFO - Created Permission View: menu access on DAG Run:example_short_circuit_operator
[2025-03-10T20:30:18.670+0000] {logging_mixin.py:190} INFO - [2025-03-10T20:30:18.670+0000] {override.py:1912} INFO - Created Permission View: can read on DAG Run:example_short_circuit_operator
[2025-03-10T20:30:18.677+0000] {logging_mixin.py:190} INFO - [2025-03-10T20:30:18.677+0000] {override.py:1912} INFO - Created Permission View: can create on DAG Run:example_short_circuit_operator
[2025-03-10T20:30:18.684+0000] {logging_mixin.py:190} INFO - [2025-03-10T20:30:18.684+0000] {override.py:1912} INFO - Created Permission View: can delete on DAG Run:example_short_circuit_operator
[2025-03-10T20:30:18.685+0000] {logging_mixin.py:190} INFO - [2025-03-10T20:30:18.684+0000] {dag.py:3239} INFO - Sync 1 DAGs
[2025-03-10T20:30:18.702+0000] {logging_mixin.py:190} INFO - [2025-03-10T20:30:18.702+0000] {dag.py:3262} INFO - Creating ORM DAG for example_short_circuit_operator
[2025-03-10T20:30:18.704+0000] {logging_mixin.py:190} INFO - [2025-03-10T20:30:18.703+0000] {dag.py:4180} INFO - Setting next_dagrun for example_short_circuit_operator to None, run_after=None
[2025-03-10T20:30:18.726+0000] {processor.py:208} INFO - Processing /home/airflow/.local/lib/python3.12/site-packages/airflow/example_dags/example_short_circuit_operator.py took 0.200 seconds
[2025-03-10T20:30:48.981+0000] {processor.py:186} INFO - Started process (PID=207) to work on /home/airflow/.local/lib/python3.12/site-packages/airflow/example_dags/example_short_circuit_operator.py
[2025-03-10T20:30:48.982+0000] {processor.py:914} INFO - Processing file /home/airflow/.local/lib/python3.12/site-packages/airflow/example_dags/example_short_circuit_operator.py for tasks to queue
[2025-03-10T20:30:48.985+0000] {logging_mixin.py:190} INFO - [2025-03-10T20:30:48.984+0000] {dagbag.py:588} INFO - Filling up the DagBag from /home/airflow/.local/lib/python3.12/site-packages/airflow/example_dags/example_short_circuit_operator.py
[2025-03-10T20:30:48.993+0000] {processor.py:925} INFO - DAG(s) 'example_short_circuit_operator' retrieved from /home/airflow/.local/lib/python3.12/site-packages/airflow/example_dags/example_short_circuit_operator.py
[2025-03-10T20:30:49.023+0000] {logging_mixin.py:190} INFO - [2025-03-10T20:30:49.022+0000] {dag.py:3239} INFO - Sync 1 DAGs
[2025-03-10T20:30:49.040+0000] {logging_mixin.py:190} INFO - [2025-03-10T20:30:49.040+0000] {dag.py:4180} INFO - Setting next_dagrun for example_short_circuit_operator to None, run_after=None
[2025-03-10T20:30:49.064+0000] {processor.py:208} INFO - Processing /home/airflow/.local/lib/python3.12/site-packages/airflow/example_dags/example_short_circuit_operator.py took 0.089 seconds
[2025-03-10T20:31:26.954+0000] {processor.py:186} INFO - Started process (PID=271) to work on /home/airflow/.local/lib/python3.12/site-packages/airflow/example_dags/example_short_circuit_operator.py
[2025-03-10T20:31:26.955+0000] {processor.py:914} INFO - Processing file /home/airflow/.local/lib/python3.12/site-packages/airflow/example_dags/example_short_circuit_operator.py for tasks to queue
[2025-03-10T20:31:26.958+0000] {logging_mixin.py:190} INFO - [2025-03-10T20:31:26.958+0000] {dagbag.py:588} INFO - Filling up the DagBag from /home/airflow/.local/lib/python3.12/site-packages/airflow/example_dags/example_short_circuit_operator.py
[2025-03-10T20:31:26.969+0000] {processor.py:925} INFO - DAG(s) 'example_short_circuit_operator' retrieved from /home/airflow/.local/lib/python3.12/site-packages/airflow/example_dags/example_short_circuit_operator.py
[2025-03-10T20:31:26.997+0000] {logging_mixin.py:190} INFO - [2025-03-10T20:31:26.997+0000] {dag.py:3239} INFO - Sync 1 DAGs
[2025-03-10T20:31:27.015+0000] {logging_mixin.py:190} INFO - [2025-03-10T20:31:27.014+0000] {dag.py:4180} INFO - Setting next_dagrun for example_short_circuit_operator to None, run_after=None
[2025-03-10T20:31:27.035+0000] {processor.py:208} INFO - Processing /home/airflow/.local/lib/python3.12/site-packages/airflow/example_dags/example_short_circuit_operator.py took 0.089 seconds
[2025-03-10T20:31:57.475+0000] {processor.py:186} INFO - Started process (PID=333) to work on /home/airflow/.local/lib/python3.12/site-packages/airflow/example_dags/example_short_circuit_operator.py
[2025-03-10T20:31:57.476+0000] {processor.py:914} INFO - Processing file /home/airflow/.local/lib/python3.12/site-packages/airflow/example_dags/example_short_circuit_operator.py for tasks to queue
[2025-03-10T20:31:57.480+0000] {logging_mixin.py:190} INFO - [2025-03-10T20:31:57.479+0000] {dagbag.py:588} INFO - Filling up the DagBag from /home/airflow/.local/lib/python3.12/site-packages/airflow/example_dags/example_short_circuit_operator.py
[2025-03-10T20:31:57.490+0000] {processor.py:925} INFO - DAG(s) 'example_short_circuit_operator' retrieved from /home/airflow/.local/lib/python3.12/site-packages/airflow/example_dags/example_short_circuit_operator.py
[2025-03-10T20:31:57.520+0000] {logging_mixin.py:190} INFO - [2025-03-10T20:31:57.520+0000] {dag.py:3239} INFO - Sync 1 DAGs
[2025-03-10T20:31:57.538+0000] {logging_mixin.py:190} INFO - [2025-03-10T20:31:57.538+0000] {dag.py:4180} INFO - Setting next_dagrun for example_short_circuit_operator to None, run_after=None
[2025-03-10T20:31:57.559+0000] {processor.py:208} INFO - Processing /home/airflow/.local/lib/python3.12/site-packages/airflow/example_dags/example_short_circuit_operator.py took 0.092 seconds
[2025-03-10T20:32:28.025+0000] {processor.py:186} INFO - Started process (PID=396) to work on /home/airflow/.local/lib/python3.12/site-packages/airflow/example_dags/example_short_circuit_operator.py
[2025-03-10T20:32:28.026+0000] {processor.py:914} INFO - Processing file /home/airflow/.local/lib/python3.12/site-packages/airflow/example_dags/example_short_circuit_operator.py for tasks to queue
[2025-03-10T20:32:28.030+0000] {logging_mixin.py:190} INFO - [2025-03-10T20:32:28.029+0000] {dagbag.py:588} INFO - Filling up the DagBag from /home/airflow/.local/lib/python3.12/site-packages/airflow/example_dags/example_short_circuit_operator.py
[2025-03-10T20:32:28.041+0000] {processor.py:925} INFO - DAG(s) 'example_short_circuit_operator' retrieved from /home/airflow/.local/lib/python3.12/site-packages/airflow/example_dags/example_short_circuit_operator.py
[2025-03-10T20:32:28.069+0000] {logging_mixin.py:190} INFO - [2025-03-10T20:32:28.069+0000] {dag.py:3239} INFO - Sync 1 DAGs
[2025-03-10T20:32:28.087+0000] {logging_mixin.py:190} INFO - [2025-03-10T20:32:28.087+0000] {dag.py:4180} INFO - Setting next_dagrun for example_short_circuit_operator to None, run_after=None
[2025-03-10T20:32:28.113+0000] {processor.py:208} INFO - Processing /home/airflow/.local/lib/python3.12/site-packages/airflow/example_dags/example_short_circuit_operator.py took 0.097 seconds
[2025-03-10T20:32:58.280+0000] {processor.py:186} INFO - Started process (PID=459) to work on /home/airflow/.local/lib/python3.12/site-packages/airflow/example_dags/example_short_circuit_operator.py
[2025-03-10T20:32:58.281+0000] {processor.py:914} INFO - Processing file /home/airflow/.local/lib/python3.12/site-packages/airflow/example_dags/example_short_circuit_operator.py for tasks to queue
[2025-03-10T20:32:58.284+0000] {logging_mixin.py:190} INFO - [2025-03-10T20:32:58.283+0000] {dagbag.py:588} INFO - Filling up the DagBag from /home/airflow/.local/lib/python3.12/site-packages/airflow/example_dags/example_short_circuit_operator.py
[2025-03-10T20:32:58.292+0000] {processor.py:925} INFO - DAG(s) 'example_short_circuit_operator' retrieved from /home/airflow/.local/lib/python3.12/site-packages/airflow/example_dags/example_short_circuit_operator.py
[2025-03-10T20:32:58.320+0000] {logging_mixin.py:190} INFO - [2025-03-10T20:32:58.320+0000] {dag.py:3239} INFO - Sync 1 DAGs
[2025-03-10T20:32:58.337+0000] {logging_mixin.py:190} INFO - [2025-03-10T20:32:58.337+0000] {dag.py:4180} INFO - Setting next_dagrun for example_short_circuit_operator to None, run_after=None
[2025-03-10T20:32:58.365+0000] {processor.py:208} INFO - Processing /home/airflow/.local/lib/python3.12/site-packages/airflow/example_dags/example_short_circuit_operator.py took 0.091 seconds
[2025-03-10T20:33:28.482+0000] {processor.py:186} INFO - Started process (PID=522) to work on /home/airflow/.local/lib/python3.12/site-packages/airflow/example_dags/example_short_circuit_operator.py
[2025-03-10T20:33:28.483+0000] {processor.py:914} INFO - Processing file /home/airflow/.local/lib/python3.12/site-packages/airflow/example_dags/example_short_circuit_operator.py for tasks to queue
[2025-03-10T20:33:28.486+0000] {logging_mixin.py:190} INFO - [2025-03-10T20:33:28.485+0000] {dagbag.py:588} INFO - Filling up the DagBag from /home/airflow/.local/lib/python3.12/site-packages/airflow/example_dags/example_short_circuit_operator.py
[2025-03-10T20:33:28.495+0000] {processor.py:925} INFO - DAG(s) 'example_short_circuit_operator' retrieved from /home/airflow/.local/lib/python3.12/site-packages/airflow/example_dags/example_short_circuit_operator.py
[2025-03-10T20:33:28.522+0000] {logging_mixin.py:190} INFO - [2025-03-10T20:33:28.522+0000] {dag.py:3239} INFO - Sync 1 DAGs
[2025-03-10T20:33:28.540+0000] {logging_mixin.py:190} INFO - [2025-03-10T20:33:28.539+0000] {dag.py:4180} INFO - Setting next_dagrun for example_short_circuit_operator to None, run_after=None
[2025-03-10T20:33:28.560+0000] {processor.py:208} INFO - Processing /home/airflow/.local/lib/python3.12/site-packages/airflow/example_dags/example_short_circuit_operator.py took 0.085 seconds
[2025-03-10T20:33:58.717+0000] {processor.py:186} INFO - Started process (PID=585) to work on /home/airflow/.local/lib/python3.12/site-packages/airflow/example_dags/example_short_circuit_operator.py
[2025-03-10T20:33:58.718+0000] {processor.py:914} INFO - Processing file /home/airflow/.local/lib/python3.12/site-packages/airflow/example_dags/example_short_circuit_operator.py for tasks to queue
[2025-03-10T20:33:58.720+0000] {logging_mixin.py:190} INFO - [2025-03-10T20:33:58.720+0000] {dagbag.py:588} INFO - Filling up the DagBag from /home/airflow/.local/lib/python3.12/site-packages/airflow/example_dags/example_short_circuit_operator.py
[2025-03-10T20:33:58.729+0000] {processor.py:925} INFO - DAG(s) 'example_short_circuit_operator' retrieved from /home/airflow/.local/lib/python3.12/site-packages/airflow/example_dags/example_short_circuit_operator.py
[2025-03-10T20:33:58.757+0000] {logging_mixin.py:190} INFO - [2025-03-10T20:33:58.757+0000] {dag.py:3239} INFO - Sync 1 DAGs
[2025-03-10T20:33:58.778+0000] {logging_mixin.py:190} INFO - [2025-03-10T20:33:58.778+0000] {dag.py:4180} INFO - Setting next_dagrun for example_short_circuit_operator to None, run_after=None
[2025-03-10T20:33:58.799+0000] {processor.py:208} INFO - Processing /home/airflow/.local/lib/python3.12/site-packages/airflow/example_dags/example_short_circuit_operator.py took 0.089 seconds
[2025-03-10T20:34:29.111+0000] {processor.py:186} INFO - Started process (PID=648) to work on /home/airflow/.local/lib/python3.12/site-packages/airflow/example_dags/example_short_circuit_operator.py
[2025-03-10T20:34:29.112+0000] {processor.py:914} INFO - Processing file /home/airflow/.local/lib/python3.12/site-packages/airflow/example_dags/example_short_circuit_operator.py for tasks to queue
[2025-03-10T20:34:29.115+0000] {logging_mixin.py:190} INFO - [2025-03-10T20:34:29.115+0000] {dagbag.py:588} INFO - Filling up the DagBag from /home/airflow/.local/lib/python3.12/site-packages/airflow/example_dags/example_short_circuit_operator.py
[2025-03-10T20:34:29.124+0000] {processor.py:925} INFO - DAG(s) 'example_short_circuit_operator' retrieved from /home/airflow/.local/lib/python3.12/site-packages/airflow/example_dags/example_short_circuit_operator.py
[2025-03-10T20:34:29.153+0000] {logging_mixin.py:190} INFO - [2025-03-10T20:34:29.153+0000] {dag.py:3239} INFO - Sync 1 DAGs
[2025-03-10T20:34:29.175+0000] {logging_mixin.py:190} INFO - [2025-03-10T20:34:29.174+0000] {dag.py:4180} INFO - Setting next_dagrun for example_short_circuit_operator to None, run_after=None
[2025-03-10T20:34:29.194+0000] {processor.py:208} INFO - Processing /home/airflow/.local/lib/python3.12/site-packages/airflow/example_dags/example_short_circuit_operator.py took 0.089 seconds
[2025-03-10T20:34:59.534+0000] {processor.py:186} INFO - Started process (PID=711) to work on /home/airflow/.local/lib/python3.12/site-packages/airflow/example_dags/example_short_circuit_operator.py
[2025-03-10T20:34:59.535+0000] {processor.py:914} INFO - Processing file /home/airflow/.local/lib/python3.12/site-packages/airflow/example_dags/example_short_circuit_operator.py for tasks to queue
[2025-03-10T20:34:59.537+0000] {logging_mixin.py:190} INFO - [2025-03-10T20:34:59.537+0000] {dagbag.py:588} INFO - Filling up the DagBag from /home/airflow/.local/lib/python3.12/site-packages/airflow/example_dags/example_short_circuit_operator.py
[2025-03-10T20:34:59.546+0000] {processor.py:925} INFO - DAG(s) 'example_short_circuit_operator' retrieved from /home/airflow/.local/lib/python3.12/site-packages/airflow/example_dags/example_short_circuit_operator.py
[2025-03-10T20:34:59.575+0000] {logging_mixin.py:190} INFO - [2025-03-10T20:34:59.575+0000] {dag.py:3239} INFO - Sync 1 DAGs
[2025-03-10T20:34:59.592+0000] {logging_mixin.py:190} INFO - [2025-03-10T20:34:59.592+0000] {dag.py:4180} INFO - Setting next_dagrun for example_short_circuit_operator to None, run_after=None
[2025-03-10T20:34:59.613+0000] {processor.py:208} INFO - Processing /home/airflow/.local/lib/python3.12/site-packages/airflow/example_dags/example_short_circuit_operator.py took 0.087 seconds
[2025-03-10T20:35:30.594+0000] {processor.py:186} INFO - Started process (PID=774) to work on /home/airflow/.local/lib/python3.12/site-packages/airflow/example_dags/example_short_circuit_operator.py
[2025-03-10T20:35:30.595+0000] {processor.py:914} INFO - Processing file /home/airflow/.local/lib/python3.12/site-packages/airflow/example_dags/example_short_circuit_operator.py for tasks to queue
[2025-03-10T20:35:30.598+0000] {logging_mixin.py:190} INFO - [2025-03-10T20:35:30.598+0000] {dagbag.py:588} INFO - Filling up the DagBag from /home/airflow/.local/lib/python3.12/site-packages/airflow/example_dags/example_short_circuit_operator.py
[2025-03-10T20:35:30.608+0000] {processor.py:925} INFO - DAG(s) 'example_short_circuit_operator' retrieved from /home/airflow/.local/lib/python3.12/site-packages/airflow/example_dags/example_short_circuit_operator.py
[2025-03-10T20:35:30.639+0000] {logging_mixin.py:190} INFO - [2025-03-10T20:35:30.638+0000] {dag.py:3239} INFO - Sync 1 DAGs
[2025-03-10T20:35:30.659+0000] {logging_mixin.py:190} INFO - [2025-03-10T20:35:30.659+0000] {dag.py:4180} INFO - Setting next_dagrun for example_short_circuit_operator to None, run_after=None
[2025-03-10T20:35:30.683+0000] {processor.py:208} INFO - Processing /home/airflow/.local/lib/python3.12/site-packages/airflow/example_dags/example_short_circuit_operator.py took 0.097 seconds
[2025-03-10T20:36:01.550+0000] {processor.py:186} INFO - Started process (PID=837) to work on /home/airflow/.local/lib/python3.12/site-packages/airflow/example_dags/example_short_circuit_operator.py
[2025-03-10T20:36:01.554+0000] {processor.py:914} INFO - Processing file /home/airflow/.local/lib/python3.12/site-packages/airflow/example_dags/example_short_circuit_operator.py for tasks to queue
[2025-03-10T20:36:01.566+0000] {logging_mixin.py:190} INFO - [2025-03-10T20:36:01.565+0000] {dagbag.py:588} INFO - Filling up the DagBag from /home/airflow/.local/lib/python3.12/site-packages/airflow/example_dags/example_short_circuit_operator.py
[2025-03-10T20:36:01.610+0000] {processor.py:925} INFO - DAG(s) 'example_short_circuit_operator' retrieved from /home/airflow/.local/lib/python3.12/site-packages/airflow/example_dags/example_short_circuit_operator.py
[2025-03-10T20:36:01.762+0000] {logging_mixin.py:190} INFO - [2025-03-10T20:36:01.761+0000] {dag.py:3239} INFO - Sync 1 DAGs
[2025-03-10T20:36:01.869+0000] {logging_mixin.py:190} INFO - [2025-03-10T20:36:01.868+0000] {dag.py:4180} INFO - Setting next_dagrun for example_short_circuit_operator to None, run_after=None
[2025-03-10T20:36:01.973+0000] {processor.py:208} INFO - Processing /home/airflow/.local/lib/python3.12/site-packages/airflow/example_dags/example_short_circuit_operator.py took 0.454 seconds
[2025-03-10T20:36:33.032+0000] {processor.py:186} INFO - Started process (PID=899) to work on /home/airflow/.local/lib/python3.12/site-packages/airflow/example_dags/example_short_circuit_operator.py
[2025-03-10T20:36:33.033+0000] {processor.py:914} INFO - Processing file /home/airflow/.local/lib/python3.12/site-packages/airflow/example_dags/example_short_circuit_operator.py for tasks to queue
[2025-03-10T20:36:33.037+0000] {logging_mixin.py:190} INFO - [2025-03-10T20:36:33.037+0000] {dagbag.py:588} INFO - Filling up the DagBag from /home/airflow/.local/lib/python3.12/site-packages/airflow/example_dags/example_short_circuit_operator.py
[2025-03-10T20:36:33.047+0000] {processor.py:925} INFO - DAG(s) 'example_short_circuit_operator' retrieved from /home/airflow/.local/lib/python3.12/site-packages/airflow/example_dags/example_short_circuit_operator.py
[2025-03-10T20:36:33.077+0000] {logging_mixin.py:190} INFO - [2025-03-10T20:36:33.077+0000] {dag.py:3239} INFO - Sync 1 DAGs
[2025-03-10T20:36:33.096+0000] {logging_mixin.py:190} INFO - [2025-03-10T20:36:33.096+0000] {dag.py:4180} INFO - Setting next_dagrun for example_short_circuit_operator to None, run_after=None
[2025-03-10T20:36:33.117+0000] {processor.py:208} INFO - Processing /home/airflow/.local/lib/python3.12/site-packages/airflow/example_dags/example_short_circuit_operator.py took 0.093 seconds
[2025-03-10T20:37:03.496+0000] {processor.py:186} INFO - Started process (PID=962) to work on /home/airflow/.local/lib/python3.12/site-packages/airflow/example_dags/example_short_circuit_operator.py
[2025-03-10T20:37:03.497+0000] {processor.py:914} INFO - Processing file /home/airflow/.local/lib/python3.12/site-packages/airflow/example_dags/example_short_circuit_operator.py for tasks to queue
[2025-03-10T20:37:03.501+0000] {logging_mixin.py:190} INFO - [2025-03-10T20:37:03.501+0000] {dagbag.py:588} INFO - Filling up the DagBag from /home/airflow/.local/lib/python3.12/site-packages/airflow/example_dags/example_short_circuit_operator.py
[2025-03-10T20:37:03.512+0000] {processor.py:925} INFO - DAG(s) 'example_short_circuit_operator' retrieved from /home/airflow/.local/lib/python3.12/site-packages/airflow/example_dags/example_short_circuit_operator.py
[2025-03-10T20:37:03.542+0000] {logging_mixin.py:190} INFO - [2025-03-10T20:37:03.541+0000] {dag.py:3239} INFO - Sync 1 DAGs
[2025-03-10T20:37:03.561+0000] {logging_mixin.py:190} INFO - [2025-03-10T20:37:03.560+0000] {dag.py:4180} INFO - Setting next_dagrun for example_short_circuit_operator to None, run_after=None
[2025-03-10T20:37:03.582+0000] {processor.py:208} INFO - Processing /home/airflow/.local/lib/python3.12/site-packages/airflow/example_dags/example_short_circuit_operator.py took 0.095 seconds
[2025-03-10T20:37:33.820+0000] {processor.py:186} INFO - Started process (PID=1026) to work on /home/airflow/.local/lib/python3.12/site-packages/airflow/example_dags/example_short_circuit_operator.py
[2025-03-10T20:37:33.822+0000] {processor.py:914} INFO - Processing file /home/airflow/.local/lib/python3.12/site-packages/airflow/example_dags/example_short_circuit_operator.py for tasks to queue
[2025-03-10T20:37:33.826+0000] {logging_mixin.py:190} INFO - [2025-03-10T20:37:33.825+0000] {dagbag.py:588} INFO - Filling up the DagBag from /home/airflow/.local/lib/python3.12/site-packages/airflow/example_dags/example_short_circuit_operator.py
[2025-03-10T20:37:33.836+0000] {processor.py:925} INFO - DAG(s) 'example_short_circuit_operator' retrieved from /home/airflow/.local/lib/python3.12/site-packages/airflow/example_dags/example_short_circuit_operator.py
[2025-03-10T20:37:33.867+0000] {logging_mixin.py:190} INFO - [2025-03-10T20:37:33.866+0000] {dag.py:3239} INFO - Sync 1 DAGs
[2025-03-10T20:37:33.884+0000] {logging_mixin.py:190} INFO - [2025-03-10T20:37:33.884+0000] {dag.py:4180} INFO - Setting next_dagrun for example_short_circuit_operator to None, run_after=None
[2025-03-10T20:37:33.906+0000] {processor.py:208} INFO - Processing /home/airflow/.local/lib/python3.12/site-packages/airflow/example_dags/example_short_circuit_operator.py took 0.095 seconds
[2025-03-10T20:38:04.465+0000] {processor.py:186} INFO - Started process (PID=1089) to work on /home/airflow/.local/lib/python3.12/site-packages/airflow/example_dags/example_short_circuit_operator.py
[2025-03-10T20:38:04.466+0000] {processor.py:914} INFO - Processing file /home/airflow/.local/lib/python3.12/site-packages/airflow/example_dags/example_short_circuit_operator.py for tasks to queue
[2025-03-10T20:38:04.470+0000] {logging_mixin.py:190} INFO - [2025-03-10T20:38:04.470+0000] {dagbag.py:588} INFO - Filling up the DagBag from /home/airflow/.local/lib/python3.12/site-packages/airflow/example_dags/example_short_circuit_operator.py
[2025-03-10T20:38:04.480+0000] {processor.py:925} INFO - DAG(s) 'example_short_circuit_operator' retrieved from /home/airflow/.local/lib/python3.12/site-packages/airflow/example_dags/example_short_circuit_operator.py
[2025-03-10T20:38:04.512+0000] {logging_mixin.py:190} INFO - [2025-03-10T20:38:04.512+0000] {dag.py:3239} INFO - Sync 1 DAGs
[2025-03-10T20:38:04.530+0000] {logging_mixin.py:190} INFO - [2025-03-10T20:38:04.529+0000] {dag.py:4180} INFO - Setting next_dagrun for example_short_circuit_operator to None, run_after=None
[2025-03-10T20:38:04.550+0000] {processor.py:208} INFO - Processing /home/airflow/.local/lib/python3.12/site-packages/airflow/example_dags/example_short_circuit_operator.py took 0.094 seconds
[2025-03-10T20:38:35.030+0000] {processor.py:186} INFO - Started process (PID=1152) to work on /home/airflow/.local/lib/python3.12/site-packages/airflow/example_dags/example_short_circuit_operator.py
[2025-03-10T20:38:35.031+0000] {processor.py:914} INFO - Processing file /home/airflow/.local/lib/python3.12/site-packages/airflow/example_dags/example_short_circuit_operator.py for tasks to queue
[2025-03-10T20:38:35.035+0000] {logging_mixin.py:190} INFO - [2025-03-10T20:38:35.035+0000] {dagbag.py:588} INFO - Filling up the DagBag from /home/airflow/.local/lib/python3.12/site-packages/airflow/example_dags/example_short_circuit_operator.py
[2025-03-10T20:38:35.045+0000] {processor.py:925} INFO - DAG(s) 'example_short_circuit_operator' retrieved from /home/airflow/.local/lib/python3.12/site-packages/airflow/example_dags/example_short_circuit_operator.py
[2025-03-10T20:38:35.075+0000] {logging_mixin.py:190} INFO - [2025-03-10T20:38:35.075+0000] {dag.py:3239} INFO - Sync 1 DAGs
[2025-03-10T20:38:35.093+0000] {logging_mixin.py:190} INFO - [2025-03-10T20:38:35.093+0000] {dag.py:4180} INFO - Setting next_dagrun for example_short_circuit_operator to None, run_after=None
[2025-03-10T20:38:35.113+0000] {processor.py:208} INFO - Processing /home/airflow/.local/lib/python3.12/site-packages/airflow/example_dags/example_short_circuit_operator.py took 0.092 seconds
[2025-03-10T20:39:05.647+0000] {processor.py:186} INFO - Started process (PID=1215) to work on /home/airflow/.local/lib/python3.12/site-packages/airflow/example_dags/example_short_circuit_operator.py
[2025-03-10T20:39:05.648+0000] {processor.py:914} INFO - Processing file /home/airflow/.local/lib/python3.12/site-packages/airflow/example_dags/example_short_circuit_operator.py for tasks to queue
[2025-03-10T20:39:05.652+0000] {logging_mixin.py:190} INFO - [2025-03-10T20:39:05.652+0000] {dagbag.py:588} INFO - Filling up the DagBag from /home/airflow/.local/lib/python3.12/site-packages/airflow/example_dags/example_short_circuit_operator.py
[2025-03-10T20:39:05.661+0000] {processor.py:925} INFO - DAG(s) 'example_short_circuit_operator' retrieved from /home/airflow/.local/lib/python3.12/site-packages/airflow/example_dags/example_short_circuit_operator.py
[2025-03-10T20:39:05.694+0000] {logging_mixin.py:190} INFO - [2025-03-10T20:39:05.693+0000] {dag.py:3239} INFO - Sync 1 DAGs
[2025-03-10T20:39:05.714+0000] {logging_mixin.py:190} INFO - [2025-03-10T20:39:05.714+0000] {dag.py:4180} INFO - Setting next_dagrun for example_short_circuit_operator to None, run_after=None
[2025-03-10T20:39:05.739+0000] {processor.py:208} INFO - Processing /home/airflow/.local/lib/python3.12/site-packages/airflow/example_dags/example_short_circuit_operator.py took 0.099 seconds
[2025-03-10T20:39:36.294+0000] {processor.py:186} INFO - Started process (PID=1278) to work on /home/airflow/.local/lib/python3.12/site-packages/airflow/example_dags/example_short_circuit_operator.py
[2025-03-10T20:39:36.295+0000] {processor.py:914} INFO - Processing file /home/airflow/.local/lib/python3.12/site-packages/airflow/example_dags/example_short_circuit_operator.py for tasks to queue
[2025-03-10T20:39:36.299+0000] {logging_mixin.py:190} INFO - [2025-03-10T20:39:36.298+0000] {dagbag.py:588} INFO - Filling up the DagBag from /home/airflow/.local/lib/python3.12/site-packages/airflow/example_dags/example_short_circuit_operator.py
[2025-03-10T20:39:36.308+0000] {processor.py:925} INFO - DAG(s) 'example_short_circuit_operator' retrieved from /home/airflow/.local/lib/python3.12/site-packages/airflow/example_dags/example_short_circuit_operator.py
[2025-03-10T20:39:36.338+0000] {logging_mixin.py:190} INFO - [2025-03-10T20:39:36.337+0000] {dag.py:3239} INFO - Sync 1 DAGs
[2025-03-10T20:39:36.356+0000] {logging_mixin.py:190} INFO - [2025-03-10T20:39:36.356+0000] {dag.py:4180} INFO - Setting next_dagrun for example_short_circuit_operator to None, run_after=None
[2025-03-10T20:39:36.376+0000] {processor.py:208} INFO - Processing /home/airflow/.local/lib/python3.12/site-packages/airflow/example_dags/example_short_circuit_operator.py took 0.089 seconds
[2025-03-10T20:40:07.112+0000] {processor.py:186} INFO - Started process (PID=1341) to work on /home/airflow/.local/lib/python3.12/site-packages/airflow/example_dags/example_short_circuit_operator.py
[2025-03-10T20:40:07.113+0000] {processor.py:914} INFO - Processing file /home/airflow/.local/lib/python3.12/site-packages/airflow/example_dags/example_short_circuit_operator.py for tasks to queue
[2025-03-10T20:40:07.117+0000] {logging_mixin.py:190} INFO - [2025-03-10T20:40:07.116+0000] {dagbag.py:588} INFO - Filling up the DagBag from /home/airflow/.local/lib/python3.12/site-packages/airflow/example_dags/example_short_circuit_operator.py
[2025-03-10T20:40:07.126+0000] {processor.py:925} INFO - DAG(s) 'example_short_circuit_operator' retrieved from /home/airflow/.local/lib/python3.12/site-packages/airflow/example_dags/example_short_circuit_operator.py
[2025-03-10T20:40:07.155+0000] {logging_mixin.py:190} INFO - [2025-03-10T20:40:07.154+0000] {dag.py:3239} INFO - Sync 1 DAGs
[2025-03-10T20:40:07.173+0000] {logging_mixin.py:190} INFO - [2025-03-10T20:40:07.173+0000] {dag.py:4180} INFO - Setting next_dagrun for example_short_circuit_operator to None, run_after=None
[2025-03-10T20:40:07.195+0000] {processor.py:208} INFO - Processing /home/airflow/.local/lib/python3.12/site-packages/airflow/example_dags/example_short_circuit_operator.py took 0.090 seconds
[2025-03-10T20:40:37.909+0000] {processor.py:186} INFO - Started process (PID=1404) to work on /home/airflow/.local/lib/python3.12/site-packages/airflow/example_dags/example_short_circuit_operator.py
[2025-03-10T20:40:37.910+0000] {processor.py:914} INFO - Processing file /home/airflow/.local/lib/python3.12/site-packages/airflow/example_dags/example_short_circuit_operator.py for tasks to queue
[2025-03-10T20:40:37.914+0000] {logging_mixin.py:190} INFO - [2025-03-10T20:40:37.914+0000] {dagbag.py:588} INFO - Filling up the DagBag from /home/airflow/.local/lib/python3.12/site-packages/airflow/example_dags/example_short_circuit_operator.py
[2025-03-10T20:40:37.925+0000] {processor.py:925} INFO - DAG(s) 'example_short_circuit_operator' retrieved from /home/airflow/.local/lib/python3.12/site-packages/airflow/example_dags/example_short_circuit_operator.py
[2025-03-10T20:40:37.955+0000] {logging_mixin.py:190} INFO - [2025-03-10T20:40:37.955+0000] {dag.py:3239} INFO - Sync 1 DAGs
[2025-03-10T20:40:37.973+0000] {logging_mixin.py:190} INFO - [2025-03-10T20:40:37.973+0000] {dag.py:4180} INFO - Setting next_dagrun for example_short_circuit_operator to None, run_after=None
[2025-03-10T20:40:37.995+0000] {processor.py:208} INFO - Processing /home/airflow/.local/lib/python3.12/site-packages/airflow/example_dags/example_short_circuit_operator.py took 0.094 seconds
[2025-03-10T20:41:08.460+0000] {processor.py:186} INFO - Started process (PID=1467) to work on /home/airflow/.local/lib/python3.12/site-packages/airflow/example_dags/example_short_circuit_operator.py
[2025-03-10T20:41:08.461+0000] {processor.py:914} INFO - Processing file /home/airflow/.local/lib/python3.12/site-packages/airflow/example_dags/example_short_circuit_operator.py for tasks to queue
[2025-03-10T20:41:08.465+0000] {logging_mixin.py:190} INFO - [2025-03-10T20:41:08.464+0000] {dagbag.py:588} INFO - Filling up the DagBag from /home/airflow/.local/lib/python3.12/site-packages/airflow/example_dags/example_short_circuit_operator.py
[2025-03-10T20:41:08.474+0000] {processor.py:925} INFO - DAG(s) 'example_short_circuit_operator' retrieved from /home/airflow/.local/lib/python3.12/site-packages/airflow/example_dags/example_short_circuit_operator.py
[2025-03-10T20:41:08.503+0000] {logging_mixin.py:190} INFO - [2025-03-10T20:41:08.503+0000] {dag.py:3239} INFO - Sync 1 DAGs
[2025-03-10T20:41:08.521+0000] {logging_mixin.py:190} INFO - [2025-03-10T20:41:08.520+0000] {dag.py:4180} INFO - Setting next_dagrun for example_short_circuit_operator to None, run_after=None
[2025-03-10T20:41:08.542+0000] {processor.py:208} INFO - Processing /home/airflow/.local/lib/python3.12/site-packages/airflow/example_dags/example_short_circuit_operator.py took 0.090 seconds
[2025-03-10T20:41:39.229+0000] {processor.py:186} INFO - Started process (PID=1530) to work on /home/airflow/.local/lib/python3.12/site-packages/airflow/example_dags/example_short_circuit_operator.py
[2025-03-10T20:41:39.230+0000] {processor.py:914} INFO - Processing file /home/airflow/.local/lib/python3.12/site-packages/airflow/example_dags/example_short_circuit_operator.py for tasks to queue
[2025-03-10T20:41:39.234+0000] {logging_mixin.py:190} INFO - [2025-03-10T20:41:39.234+0000] {dagbag.py:588} INFO - Filling up the DagBag from /home/airflow/.local/lib/python3.12/site-packages/airflow/example_dags/example_short_circuit_operator.py
[2025-03-10T20:41:39.244+0000] {processor.py:925} INFO - DAG(s) 'example_short_circuit_operator' retrieved from /home/airflow/.local/lib/python3.12/site-packages/airflow/example_dags/example_short_circuit_operator.py
[2025-03-10T20:41:39.276+0000] {logging_mixin.py:190} INFO - [2025-03-10T20:41:39.276+0000] {dag.py:3239} INFO - Sync 1 DAGs
[2025-03-10T20:41:39.294+0000] {logging_mixin.py:190} INFO - [2025-03-10T20:41:39.294+0000] {dag.py:4180} INFO - Setting next_dagrun for example_short_circuit_operator to None, run_after=None
[2025-03-10T20:41:39.315+0000] {processor.py:208} INFO - Processing /home/airflow/.local/lib/python3.12/site-packages/airflow/example_dags/example_short_circuit_operator.py took 0.095 seconds
[2025-03-10T20:42:09.808+0000] {processor.py:186} INFO - Started process (PID=1599) to work on /home/airflow/.local/lib/python3.12/site-packages/airflow/example_dags/example_short_circuit_operator.py
[2025-03-10T20:42:09.810+0000] {processor.py:914} INFO - Processing file /home/airflow/.local/lib/python3.12/site-packages/airflow/example_dags/example_short_circuit_operator.py for tasks to queue
[2025-03-10T20:42:09.816+0000] {logging_mixin.py:190} INFO - [2025-03-10T20:42:09.815+0000] {dagbag.py:588} INFO - Filling up the DagBag from /home/airflow/.local/lib/python3.12/site-packages/airflow/example_dags/example_short_circuit_operator.py
[2025-03-10T20:42:09.829+0000] {processor.py:925} INFO - DAG(s) 'example_short_circuit_operator' retrieved from /home/airflow/.local/lib/python3.12/site-packages/airflow/example_dags/example_short_circuit_operator.py
[2025-03-10T20:42:09.864+0000] {logging_mixin.py:190} INFO - [2025-03-10T20:42:09.864+0000] {dag.py:3239} INFO - Sync 1 DAGs
[2025-03-10T20:42:09.887+0000] {logging_mixin.py:190} INFO - [2025-03-10T20:42:09.887+0000] {dag.py:4180} INFO - Setting next_dagrun for example_short_circuit_operator to None, run_after=None
[2025-03-10T20:42:09.911+0000] {processor.py:208} INFO - Processing /home/airflow/.local/lib/python3.12/site-packages/airflow/example_dags/example_short_circuit_operator.py took 0.112 seconds
[2025-03-10T20:42:40.096+0000] {processor.py:186} INFO - Started process (PID=1662) to work on /home/airflow/.local/lib/python3.12/site-packages/airflow/example_dags/example_short_circuit_operator.py
[2025-03-10T20:42:40.097+0000] {processor.py:914} INFO - Processing file /home/airflow/.local/lib/python3.12/site-packages/airflow/example_dags/example_short_circuit_operator.py for tasks to queue
[2025-03-10T20:42:40.101+0000] {logging_mixin.py:190} INFO - [2025-03-10T20:42:40.101+0000] {dagbag.py:588} INFO - Filling up the DagBag from /home/airflow/.local/lib/python3.12/site-packages/airflow/example_dags/example_short_circuit_operator.py
[2025-03-10T20:42:40.111+0000] {processor.py:925} INFO - DAG(s) 'example_short_circuit_operator' retrieved from /home/airflow/.local/lib/python3.12/site-packages/airflow/example_dags/example_short_circuit_operator.py
[2025-03-10T20:42:40.143+0000] {logging_mixin.py:190} INFO - [2025-03-10T20:42:40.142+0000] {dag.py:3239} INFO - Sync 1 DAGs
[2025-03-10T20:42:40.166+0000] {logging_mixin.py:190} INFO - [2025-03-10T20:42:40.166+0000] {dag.py:4180} INFO - Setting next_dagrun for example_short_circuit_operator to None, run_after=None
[2025-03-10T20:42:40.185+0000] {processor.py:208} INFO - Processing /home/airflow/.local/lib/python3.12/site-packages/airflow/example_dags/example_short_circuit_operator.py took 0.098 seconds
[2025-03-10T20:43:10.421+0000] {processor.py:186} INFO - Started process (PID=1725) to work on /home/airflow/.local/lib/python3.12/site-packages/airflow/example_dags/example_short_circuit_operator.py
[2025-03-10T20:43:10.423+0000] {processor.py:914} INFO - Processing file /home/airflow/.local/lib/python3.12/site-packages/airflow/example_dags/example_short_circuit_operator.py for tasks to queue
[2025-03-10T20:43:10.426+0000] {logging_mixin.py:190} INFO - [2025-03-10T20:43:10.425+0000] {dagbag.py:588} INFO - Filling up the DagBag from /home/airflow/.local/lib/python3.12/site-packages/airflow/example_dags/example_short_circuit_operator.py
[2025-03-10T20:43:10.435+0000] {processor.py:925} INFO - DAG(s) 'example_short_circuit_operator' retrieved from /home/airflow/.local/lib/python3.12/site-packages/airflow/example_dags/example_short_circuit_operator.py
[2025-03-10T20:43:10.464+0000] {logging_mixin.py:190} INFO - [2025-03-10T20:43:10.463+0000] {dag.py:3239} INFO - Sync 1 DAGs
[2025-03-10T20:43:10.483+0000] {logging_mixin.py:190} INFO - [2025-03-10T20:43:10.482+0000] {dag.py:4180} INFO - Setting next_dagrun for example_short_circuit_operator to None, run_after=None
[2025-03-10T20:43:10.504+0000] {processor.py:208} INFO - Processing /home/airflow/.local/lib/python3.12/site-packages/airflow/example_dags/example_short_circuit_operator.py took 0.090 seconds
[2025-03-10T20:43:40.872+0000] {processor.py:186} INFO - Started process (PID=1788) to work on /home/airflow/.local/lib/python3.12/site-packages/airflow/example_dags/example_short_circuit_operator.py
[2025-03-10T20:43:40.873+0000] {processor.py:914} INFO - Processing file /home/airflow/.local/lib/python3.12/site-packages/airflow/example_dags/example_short_circuit_operator.py for tasks to queue
[2025-03-10T20:43:40.876+0000] {logging_mixin.py:190} INFO - [2025-03-10T20:43:40.875+0000] {dagbag.py:588} INFO - Filling up the DagBag from /home/airflow/.local/lib/python3.12/site-packages/airflow/example_dags/example_short_circuit_operator.py
[2025-03-10T20:43:40.886+0000] {processor.py:925} INFO - DAG(s) 'example_short_circuit_operator' retrieved from /home/airflow/.local/lib/python3.12/site-packages/airflow/example_dags/example_short_circuit_operator.py
[2025-03-10T20:43:40.916+0000] {logging_mixin.py:190} INFO - [2025-03-10T20:43:40.916+0000] {dag.py:3239} INFO - Sync 1 DAGs
[2025-03-10T20:43:40.934+0000] {logging_mixin.py:190} INFO - [2025-03-10T20:43:40.933+0000] {dag.py:4180} INFO - Setting next_dagrun for example_short_circuit_operator to None, run_after=None
[2025-03-10T20:43:40.954+0000] {processor.py:208} INFO - Processing /home/airflow/.local/lib/python3.12/site-packages/airflow/example_dags/example_short_circuit_operator.py took 0.091 seconds
[2025-03-10T20:44:11.741+0000] {processor.py:186} INFO - Started process (PID=1851) to work on /home/airflow/.local/lib/python3.12/site-packages/airflow/example_dags/example_short_circuit_operator.py
[2025-03-10T20:44:11.742+0000] {processor.py:914} INFO - Processing file /home/airflow/.local/lib/python3.12/site-packages/airflow/example_dags/example_short_circuit_operator.py for tasks to queue
[2025-03-10T20:44:11.745+0000] {logging_mixin.py:190} INFO - [2025-03-10T20:44:11.745+0000] {dagbag.py:588} INFO - Filling up the DagBag from /home/airflow/.local/lib/python3.12/site-packages/airflow/example_dags/example_short_circuit_operator.py
[2025-03-10T20:44:11.755+0000] {processor.py:925} INFO - DAG(s) 'example_short_circuit_operator' retrieved from /home/airflow/.local/lib/python3.12/site-packages/airflow/example_dags/example_short_circuit_operator.py
[2025-03-10T20:44:11.786+0000] {logging_mixin.py:190} INFO - [2025-03-10T20:44:11.785+0000] {dag.py:3239} INFO - Sync 1 DAGs
[2025-03-10T20:44:11.803+0000] {logging_mixin.py:190} INFO - [2025-03-10T20:44:11.803+0000] {dag.py:4180} INFO - Setting next_dagrun for example_short_circuit_operator to None, run_after=None
[2025-03-10T20:44:11.823+0000] {processor.py:208} INFO - Processing /home/airflow/.local/lib/python3.12/site-packages/airflow/example_dags/example_short_circuit_operator.py took 0.091 seconds
[2025-03-10T20:44:42.073+0000] {processor.py:186} INFO - Started process (PID=1914) to work on /home/airflow/.local/lib/python3.12/site-packages/airflow/example_dags/example_short_circuit_operator.py
[2025-03-10T20:44:42.074+0000] {processor.py:914} INFO - Processing file /home/airflow/.local/lib/python3.12/site-packages/airflow/example_dags/example_short_circuit_operator.py for tasks to queue
[2025-03-10T20:44:42.077+0000] {logging_mixin.py:190} INFO - [2025-03-10T20:44:42.076+0000] {dagbag.py:588} INFO - Filling up the DagBag from /home/airflow/.local/lib/python3.12/site-packages/airflow/example_dags/example_short_circuit_operator.py
[2025-03-10T20:44:42.086+0000] {processor.py:925} INFO - DAG(s) 'example_short_circuit_operator' retrieved from /home/airflow/.local/lib/python3.12/site-packages/airflow/example_dags/example_short_circuit_operator.py
[2025-03-10T20:44:42.115+0000] {logging_mixin.py:190} INFO - [2025-03-10T20:44:42.114+0000] {dag.py:3239} INFO - Sync 1 DAGs
[2025-03-10T20:44:42.133+0000] {logging_mixin.py:190} INFO - [2025-03-10T20:44:42.133+0000] {dag.py:4180} INFO - Setting next_dagrun for example_short_circuit_operator to None, run_after=None
[2025-03-10T20:44:42.153+0000] {processor.py:208} INFO - Processing /home/airflow/.local/lib/python3.12/site-packages/airflow/example_dags/example_short_circuit_operator.py took 0.087 seconds
[2025-03-10T20:45:14.245+0000] {processor.py:186} INFO - Started process (PID=1977) to work on /home/airflow/.local/lib/python3.12/site-packages/airflow/example_dags/example_short_circuit_operator.py
[2025-03-10T20:45:14.246+0000] {processor.py:914} INFO - Processing file /home/airflow/.local/lib/python3.12/site-packages/airflow/example_dags/example_short_circuit_operator.py for tasks to queue
[2025-03-10T20:45:14.249+0000] {logging_mixin.py:190} INFO - [2025-03-10T20:45:14.249+0000] {dagbag.py:588} INFO - Filling up the DagBag from /home/airflow/.local/lib/python3.12/site-packages/airflow/example_dags/example_short_circuit_operator.py
[2025-03-10T20:45:14.259+0000] {processor.py:925} INFO - DAG(s) 'example_short_circuit_operator' retrieved from /home/airflow/.local/lib/python3.12/site-packages/airflow/example_dags/example_short_circuit_operator.py
[2025-03-10T20:45:14.286+0000] {logging_mixin.py:190} INFO - [2025-03-10T20:45:14.286+0000] {dag.py:3239} INFO - Sync 1 DAGs
[2025-03-10T20:45:14.304+0000] {logging_mixin.py:190} INFO - [2025-03-10T20:45:14.304+0000] {dag.py:4180} INFO - Setting next_dagrun for example_short_circuit_operator to None, run_after=None
[2025-03-10T20:45:14.582+0000] {processor.py:208} INFO - Processing /home/airflow/.local/lib/python3.12/site-packages/airflow/example_dags/example_short_circuit_operator.py took 0.345 seconds
[2025-03-10T20:45:44.750+0000] {processor.py:186} INFO - Started process (PID=2040) to work on /home/airflow/.local/lib/python3.12/site-packages/airflow/example_dags/example_short_circuit_operator.py
[2025-03-10T20:45:44.751+0000] {processor.py:914} INFO - Processing file /home/airflow/.local/lib/python3.12/site-packages/airflow/example_dags/example_short_circuit_operator.py for tasks to queue
[2025-03-10T20:45:44.754+0000] {logging_mixin.py:190} INFO - [2025-03-10T20:45:44.754+0000] {dagbag.py:588} INFO - Filling up the DagBag from /home/airflow/.local/lib/python3.12/site-packages/airflow/example_dags/example_short_circuit_operator.py
[2025-03-10T20:45:44.763+0000] {processor.py:925} INFO - DAG(s) 'example_short_circuit_operator' retrieved from /home/airflow/.local/lib/python3.12/site-packages/airflow/example_dags/example_short_circuit_operator.py
[2025-03-10T20:45:44.797+0000] {logging_mixin.py:190} INFO - [2025-03-10T20:45:44.797+0000] {dag.py:3239} INFO - Sync 1 DAGs
[2025-03-10T20:45:44.817+0000] {logging_mixin.py:190} INFO - [2025-03-10T20:45:44.817+0000] {dag.py:4180} INFO - Setting next_dagrun for example_short_circuit_operator to None, run_after=None
[2025-03-10T20:45:44.838+0000] {processor.py:208} INFO - Processing /home/airflow/.local/lib/python3.12/site-packages/airflow/example_dags/example_short_circuit_operator.py took 0.095 seconds
[2025-03-10T20:46:15.645+0000] {processor.py:186} INFO - Started process (PID=2103) to work on /home/airflow/.local/lib/python3.12/site-packages/airflow/example_dags/example_short_circuit_operator.py
[2025-03-10T20:46:15.647+0000] {processor.py:914} INFO - Processing file /home/airflow/.local/lib/python3.12/site-packages/airflow/example_dags/example_short_circuit_operator.py for tasks to queue
[2025-03-10T20:46:15.649+0000] {logging_mixin.py:190} INFO - [2025-03-10T20:46:15.649+0000] {dagbag.py:588} INFO - Filling up the DagBag from /home/airflow/.local/lib/python3.12/site-packages/airflow/example_dags/example_short_circuit_operator.py
[2025-03-10T20:46:15.659+0000] {processor.py:925} INFO - DAG(s) 'example_short_circuit_operator' retrieved from /home/airflow/.local/lib/python3.12/site-packages/airflow/example_dags/example_short_circuit_operator.py
[2025-03-10T20:46:15.689+0000] {logging_mixin.py:190} INFO - [2025-03-10T20:46:15.688+0000] {dag.py:3239} INFO - Sync 1 DAGs
[2025-03-10T20:46:15.708+0000] {logging_mixin.py:190} INFO - [2025-03-10T20:46:15.707+0000] {dag.py:4180} INFO - Setting next_dagrun for example_short_circuit_operator to None, run_after=None
[2025-03-10T20:46:15.731+0000] {processor.py:208} INFO - Processing /home/airflow/.local/lib/python3.12/site-packages/airflow/example_dags/example_short_circuit_operator.py took 0.093 seconds
[2025-03-10T20:46:48.859+0000] {processor.py:186} INFO - Started process (PID=2166) to work on /home/airflow/.local/lib/python3.12/site-packages/airflow/example_dags/example_short_circuit_operator.py
[2025-03-10T20:46:48.860+0000] {processor.py:914} INFO - Processing file /home/airflow/.local/lib/python3.12/site-packages/airflow/example_dags/example_short_circuit_operator.py for tasks to queue
[2025-03-10T20:46:48.864+0000] {logging_mixin.py:190} INFO - [2025-03-10T20:46:48.863+0000] {dagbag.py:588} INFO - Filling up the DagBag from /home/airflow/.local/lib/python3.12/site-packages/airflow/example_dags/example_short_circuit_operator.py
[2025-03-10T20:46:48.877+0000] {processor.py:925} INFO - DAG(s) 'example_short_circuit_operator' retrieved from /home/airflow/.local/lib/python3.12/site-packages/airflow/example_dags/example_short_circuit_operator.py
[2025-03-10T20:46:49.157+0000] {logging_mixin.py:190} INFO - [2025-03-10T20:46:49.157+0000] {dag.py:3239} INFO - Sync 1 DAGs
[2025-03-10T20:46:49.172+0000] {logging_mixin.py:190} INFO - [2025-03-10T20:46:49.172+0000] {dag.py:4180} INFO - Setting next_dagrun for example_short_circuit_operator to None, run_after=None
[2025-03-10T20:46:49.190+0000] {processor.py:208} INFO - Processing /home/airflow/.local/lib/python3.12/site-packages/airflow/example_dags/example_short_circuit_operator.py took 0.339 seconds
[2025-03-10T20:47:19.226+0000] {processor.py:186} INFO - Started process (PID=2228) to work on /home/airflow/.local/lib/python3.12/site-packages/airflow/example_dags/example_short_circuit_operator.py
[2025-03-10T20:47:19.227+0000] {processor.py:914} INFO - Processing file /home/airflow/.local/lib/python3.12/site-packages/airflow/example_dags/example_short_circuit_operator.py for tasks to queue
[2025-03-10T20:47:19.230+0000] {logging_mixin.py:190} INFO - [2025-03-10T20:47:19.229+0000] {dagbag.py:588} INFO - Filling up the DagBag from /home/airflow/.local/lib/python3.12/site-packages/airflow/example_dags/example_short_circuit_operator.py
[2025-03-10T20:47:19.238+0000] {processor.py:925} INFO - DAG(s) 'example_short_circuit_operator' retrieved from /home/airflow/.local/lib/python3.12/site-packages/airflow/example_dags/example_short_circuit_operator.py
[2025-03-10T20:47:19.266+0000] {logging_mixin.py:190} INFO - [2025-03-10T20:47:19.266+0000] {dag.py:3239} INFO - Sync 1 DAGs
[2025-03-10T20:47:19.283+0000] {logging_mixin.py:190} INFO - [2025-03-10T20:47:19.283+0000] {dag.py:4180} INFO - Setting next_dagrun for example_short_circuit_operator to None, run_after=None
[2025-03-10T20:47:19.303+0000] {processor.py:208} INFO - Processing /home/airflow/.local/lib/python3.12/site-packages/airflow/example_dags/example_short_circuit_operator.py took 0.083 seconds
[2025-03-10T20:47:49.806+0000] {processor.py:186} INFO - Started process (PID=2292) to work on /home/airflow/.local/lib/python3.12/site-packages/airflow/example_dags/example_short_circuit_operator.py
[2025-03-10T20:47:49.807+0000] {processor.py:914} INFO - Processing file /home/airflow/.local/lib/python3.12/site-packages/airflow/example_dags/example_short_circuit_operator.py for tasks to queue
[2025-03-10T20:47:49.810+0000] {logging_mixin.py:190} INFO - [2025-03-10T20:47:49.810+0000] {dagbag.py:588} INFO - Filling up the DagBag from /home/airflow/.local/lib/python3.12/site-packages/airflow/example_dags/example_short_circuit_operator.py
[2025-03-10T20:47:49.821+0000] {processor.py:925} INFO - DAG(s) 'example_short_circuit_operator' retrieved from /home/airflow/.local/lib/python3.12/site-packages/airflow/example_dags/example_short_circuit_operator.py
[2025-03-10T20:47:49.855+0000] {logging_mixin.py:190} INFO - [2025-03-10T20:47:49.855+0000] {dag.py:3239} INFO - Sync 1 DAGs
[2025-03-10T20:47:49.873+0000] {logging_mixin.py:190} INFO - [2025-03-10T20:47:49.872+0000] {dag.py:4180} INFO - Setting next_dagrun for example_short_circuit_operator to None, run_after=None
[2025-03-10T20:47:49.897+0000] {processor.py:208} INFO - Processing /home/airflow/.local/lib/python3.12/site-packages/airflow/example_dags/example_short_circuit_operator.py took 0.099 seconds
[2025-03-10T20:48:20.232+0000] {processor.py:186} INFO - Started process (PID=2355) to work on /home/airflow/.local/lib/python3.12/site-packages/airflow/example_dags/example_short_circuit_operator.py
[2025-03-10T20:48:20.233+0000] {processor.py:914} INFO - Processing file /home/airflow/.local/lib/python3.12/site-packages/airflow/example_dags/example_short_circuit_operator.py for tasks to queue
[2025-03-10T20:48:20.237+0000] {logging_mixin.py:190} INFO - [2025-03-10T20:48:20.236+0000] {dagbag.py:588} INFO - Filling up the DagBag from /home/airflow/.local/lib/python3.12/site-packages/airflow/example_dags/example_short_circuit_operator.py
[2025-03-10T20:48:20.246+0000] {processor.py:925} INFO - DAG(s) 'example_short_circuit_operator' retrieved from /home/airflow/.local/lib/python3.12/site-packages/airflow/example_dags/example_short_circuit_operator.py
[2025-03-10T20:48:20.275+0000] {logging_mixin.py:190} INFO - [2025-03-10T20:48:20.275+0000] {dag.py:3239} INFO - Sync 1 DAGs
[2025-03-10T20:48:20.293+0000] {logging_mixin.py:190} INFO - [2025-03-10T20:48:20.292+0000] {dag.py:4180} INFO - Setting next_dagrun for example_short_circuit_operator to None, run_after=None
[2025-03-10T20:48:20.314+0000] {processor.py:208} INFO - Processing /home/airflow/.local/lib/python3.12/site-packages/airflow/example_dags/example_short_circuit_operator.py took 0.090 seconds
[2025-03-10T20:48:50.895+0000] {processor.py:186} INFO - Started process (PID=2418) to work on /home/airflow/.local/lib/python3.12/site-packages/airflow/example_dags/example_short_circuit_operator.py
[2025-03-10T20:48:50.896+0000] {processor.py:914} INFO - Processing file /home/airflow/.local/lib/python3.12/site-packages/airflow/example_dags/example_short_circuit_operator.py for tasks to queue
[2025-03-10T20:48:50.898+0000] {logging_mixin.py:190} INFO - [2025-03-10T20:48:50.898+0000] {dagbag.py:588} INFO - Filling up the DagBag from /home/airflow/.local/lib/python3.12/site-packages/airflow/example_dags/example_short_circuit_operator.py
[2025-03-10T20:48:50.907+0000] {processor.py:925} INFO - DAG(s) 'example_short_circuit_operator' retrieved from /home/airflow/.local/lib/python3.12/site-packages/airflow/example_dags/example_short_circuit_operator.py
[2025-03-10T20:48:50.935+0000] {logging_mixin.py:190} INFO - [2025-03-10T20:48:50.935+0000] {dag.py:3239} INFO - Sync 1 DAGs
[2025-03-10T20:48:50.953+0000] {logging_mixin.py:190} INFO - [2025-03-10T20:48:50.953+0000] {dag.py:4180} INFO - Setting next_dagrun for example_short_circuit_operator to None, run_after=None
[2025-03-10T20:48:50.973+0000] {processor.py:208} INFO - Processing /home/airflow/.local/lib/python3.12/site-packages/airflow/example_dags/example_short_circuit_operator.py took 0.086 seconds
[2025-03-10T20:49:21.359+0000] {processor.py:186} INFO - Started process (PID=2481) to work on /home/airflow/.local/lib/python3.12/site-packages/airflow/example_dags/example_short_circuit_operator.py
[2025-03-10T20:49:21.360+0000] {processor.py:914} INFO - Processing file /home/airflow/.local/lib/python3.12/site-packages/airflow/example_dags/example_short_circuit_operator.py for tasks to queue
[2025-03-10T20:49:21.363+0000] {logging_mixin.py:190} INFO - [2025-03-10T20:49:21.363+0000] {dagbag.py:588} INFO - Filling up the DagBag from /home/airflow/.local/lib/python3.12/site-packages/airflow/example_dags/example_short_circuit_operator.py
[2025-03-10T20:49:21.373+0000] {processor.py:925} INFO - DAG(s) 'example_short_circuit_operator' retrieved from /home/airflow/.local/lib/python3.12/site-packages/airflow/example_dags/example_short_circuit_operator.py
[2025-03-10T20:49:21.402+0000] {logging_mixin.py:190} INFO - [2025-03-10T20:49:21.402+0000] {dag.py:3239} INFO - Sync 1 DAGs
[2025-03-10T20:49:21.420+0000] {logging_mixin.py:190} INFO - [2025-03-10T20:49:21.419+0000] {dag.py:4180} INFO - Setting next_dagrun for example_short_circuit_operator to None, run_after=None
[2025-03-10T20:49:21.443+0000] {processor.py:208} INFO - Processing /home/airflow/.local/lib/python3.12/site-packages/airflow/example_dags/example_short_circuit_operator.py took 0.092 seconds
[2025-03-10T20:49:51.853+0000] {processor.py:186} INFO - Started process (PID=2544) to work on /home/airflow/.local/lib/python3.12/site-packages/airflow/example_dags/example_short_circuit_operator.py
[2025-03-10T20:49:51.854+0000] {processor.py:914} INFO - Processing file /home/airflow/.local/lib/python3.12/site-packages/airflow/example_dags/example_short_circuit_operator.py for tasks to queue
[2025-03-10T20:49:51.857+0000] {logging_mixin.py:190} INFO - [2025-03-10T20:49:51.857+0000] {dagbag.py:588} INFO - Filling up the DagBag from /home/airflow/.local/lib/python3.12/site-packages/airflow/example_dags/example_short_circuit_operator.py
[2025-03-10T20:49:51.866+0000] {processor.py:925} INFO - DAG(s) 'example_short_circuit_operator' retrieved from /home/airflow/.local/lib/python3.12/site-packages/airflow/example_dags/example_short_circuit_operator.py
[2025-03-10T20:49:51.897+0000] {logging_mixin.py:190} INFO - [2025-03-10T20:49:51.897+0000] {dag.py:3239} INFO - Sync 1 DAGs
[2025-03-10T20:49:51.918+0000] {logging_mixin.py:190} INFO - [2025-03-10T20:49:51.917+0000] {dag.py:4180} INFO - Setting next_dagrun for example_short_circuit_operator to None, run_after=None
[2025-03-10T20:49:51.945+0000] {processor.py:208} INFO - Processing /home/airflow/.local/lib/python3.12/site-packages/airflow/example_dags/example_short_circuit_operator.py took 0.100 seconds
[2025-03-10T20:50:22.448+0000] {processor.py:186} INFO - Started process (PID=2606) to work on /home/airflow/.local/lib/python3.12/site-packages/airflow/example_dags/example_short_circuit_operator.py
[2025-03-10T20:50:22.449+0000] {processor.py:914} INFO - Processing file /home/airflow/.local/lib/python3.12/site-packages/airflow/example_dags/example_short_circuit_operator.py for tasks to queue
[2025-03-10T20:50:22.452+0000] {logging_mixin.py:190} INFO - [2025-03-10T20:50:22.451+0000] {dagbag.py:588} INFO - Filling up the DagBag from /home/airflow/.local/lib/python3.12/site-packages/airflow/example_dags/example_short_circuit_operator.py
[2025-03-10T20:50:22.460+0000] {processor.py:925} INFO - DAG(s) 'example_short_circuit_operator' retrieved from /home/airflow/.local/lib/python3.12/site-packages/airflow/example_dags/example_short_circuit_operator.py
[2025-03-10T20:50:22.489+0000] {logging_mixin.py:190} INFO - [2025-03-10T20:50:22.489+0000] {dag.py:3239} INFO - Sync 1 DAGs
[2025-03-10T20:50:22.506+0000] {logging_mixin.py:190} INFO - [2025-03-10T20:50:22.506+0000] {dag.py:4180} INFO - Setting next_dagrun for example_short_circuit_operator to None, run_after=None
[2025-03-10T20:50:22.526+0000] {processor.py:208} INFO - Processing /home/airflow/.local/lib/python3.12/site-packages/airflow/example_dags/example_short_circuit_operator.py took 0.084 seconds
[2025-03-10T23:10:29.265+0000] {processor.py:186} INFO - Started process (PID=141) to work on /home/airflow/.local/lib/python3.12/site-packages/airflow/example_dags/example_short_circuit_operator.py
[2025-03-10T23:10:29.268+0000] {processor.py:914} INFO - Processing file /home/airflow/.local/lib/python3.12/site-packages/airflow/example_dags/example_short_circuit_operator.py for tasks to queue
[2025-03-10T23:10:29.273+0000] {logging_mixin.py:190} INFO - [2025-03-10T23:10:29.272+0000] {dagbag.py:588} INFO - Filling up the DagBag from /home/airflow/.local/lib/python3.12/site-packages/airflow/example_dags/example_short_circuit_operator.py
[2025-03-10T23:10:29.313+0000] {processor.py:925} INFO - DAG(s) 'example_short_circuit_operator' retrieved from /home/airflow/.local/lib/python3.12/site-packages/airflow/example_dags/example_short_circuit_operator.py
[2025-03-10T23:10:29.430+0000] {logging_mixin.py:190} INFO - [2025-03-10T23:10:29.429+0000] {dag.py:3239} INFO - Sync 1 DAGs
[2025-03-10T23:10:29.501+0000] {logging_mixin.py:190} INFO - [2025-03-10T23:10:29.501+0000] {dag.py:4180} INFO - Setting next_dagrun for example_short_circuit_operator to None, run_after=None
[2025-03-10T23:10:29.574+0000] {processor.py:208} INFO - Processing /home/airflow/.local/lib/python3.12/site-packages/airflow/example_dags/example_short_circuit_operator.py took 0.334 seconds
[2025-03-10T23:13:34.367+0000] {processor.py:186} INFO - Started process (PID=251) to work on /home/airflow/.local/lib/python3.12/site-packages/airflow/example_dags/example_short_circuit_operator.py
[2025-03-10T23:13:34.371+0000] {processor.py:914} INFO - Processing file /home/airflow/.local/lib/python3.12/site-packages/airflow/example_dags/example_short_circuit_operator.py for tasks to queue
[2025-03-10T23:13:34.378+0000] {logging_mixin.py:190} INFO - [2025-03-10T23:13:34.376+0000] {dagbag.py:588} INFO - Filling up the DagBag from /home/airflow/.local/lib/python3.12/site-packages/airflow/example_dags/example_short_circuit_operator.py
[2025-03-10T23:13:34.437+0000] {processor.py:925} INFO - DAG(s) 'example_short_circuit_operator' retrieved from /home/airflow/.local/lib/python3.12/site-packages/airflow/example_dags/example_short_circuit_operator.py
[2025-03-10T23:13:34.608+0000] {logging_mixin.py:190} INFO - [2025-03-10T23:13:34.607+0000] {dag.py:3239} INFO - Sync 1 DAGs
[2025-03-10T23:13:34.682+0000] {logging_mixin.py:190} INFO - [2025-03-10T23:13:34.681+0000] {dag.py:4180} INFO - Setting next_dagrun for example_short_circuit_operator to None, run_after=None
[2025-03-10T23:13:34.750+0000] {processor.py:208} INFO - Processing /home/airflow/.local/lib/python3.12/site-packages/airflow/example_dags/example_short_circuit_operator.py took 0.421 seconds
[2025-03-10T23:15:08.595+0000] {processor.py:186} INFO - Started process (PID=329) to work on /home/airflow/.local/lib/python3.12/site-packages/airflow/example_dags/example_short_circuit_operator.py
[2025-03-10T23:15:08.596+0000] {processor.py:914} INFO - Processing file /home/airflow/.local/lib/python3.12/site-packages/airflow/example_dags/example_short_circuit_operator.py for tasks to queue
[2025-03-10T23:15:08.597+0000] {logging_mixin.py:190} INFO - [2025-03-10T23:15:08.597+0000] {dagbag.py:588} INFO - Filling up the DagBag from /home/airflow/.local/lib/python3.12/site-packages/airflow/example_dags/example_short_circuit_operator.py
[2025-03-10T23:15:08.607+0000] {processor.py:925} INFO - DAG(s) 'example_short_circuit_operator' retrieved from /home/airflow/.local/lib/python3.12/site-packages/airflow/example_dags/example_short_circuit_operator.py
[2025-03-10T23:15:08.644+0000] {logging_mixin.py:190} INFO - [2025-03-10T23:15:08.643+0000] {dag.py:3239} INFO - Sync 1 DAGs
[2025-03-10T23:15:08.671+0000] {logging_mixin.py:190} INFO - [2025-03-10T23:15:08.671+0000] {dag.py:4180} INFO - Setting next_dagrun for example_short_circuit_operator to None, run_after=None
[2025-03-10T23:15:08.698+0000] {processor.py:208} INFO - Processing /home/airflow/.local/lib/python3.12/site-packages/airflow/example_dags/example_short_circuit_operator.py took 0.110 seconds
[2025-03-10T23:15:40.903+0000] {processor.py:186} INFO - Started process (PID=392) to work on /home/airflow/.local/lib/python3.12/site-packages/airflow/example_dags/example_short_circuit_operator.py
[2025-03-10T23:15:40.906+0000] {processor.py:914} INFO - Processing file /home/airflow/.local/lib/python3.12/site-packages/airflow/example_dags/example_short_circuit_operator.py for tasks to queue
[2025-03-10T23:15:40.912+0000] {logging_mixin.py:190} INFO - [2025-03-10T23:15:40.910+0000] {dagbag.py:588} INFO - Filling up the DagBag from /home/airflow/.local/lib/python3.12/site-packages/airflow/example_dags/example_short_circuit_operator.py
[2025-03-10T23:15:40.945+0000] {processor.py:925} INFO - DAG(s) 'example_short_circuit_operator' retrieved from /home/airflow/.local/lib/python3.12/site-packages/airflow/example_dags/example_short_circuit_operator.py
[2025-03-10T23:15:41.090+0000] {logging_mixin.py:190} INFO - [2025-03-10T23:15:41.089+0000] {dag.py:3239} INFO - Sync 1 DAGs
[2025-03-10T23:15:41.187+0000] {logging_mixin.py:190} INFO - [2025-03-10T23:15:41.186+0000] {dag.py:4180} INFO - Setting next_dagrun for example_short_circuit_operator to None, run_after=None
[2025-03-10T23:15:41.283+0000] {processor.py:208} INFO - Processing /home/airflow/.local/lib/python3.12/site-packages/airflow/example_dags/example_short_circuit_operator.py took 0.405 seconds
[2025-03-10T23:16:14.676+0000] {processor.py:186} INFO - Started process (PID=455) to work on /home/airflow/.local/lib/python3.12/site-packages/airflow/example_dags/example_short_circuit_operator.py
[2025-03-10T23:16:14.680+0000] {processor.py:914} INFO - Processing file /home/airflow/.local/lib/python3.12/site-packages/airflow/example_dags/example_short_circuit_operator.py for tasks to queue
[2025-03-10T23:16:14.686+0000] {logging_mixin.py:190} INFO - [2025-03-10T23:16:14.685+0000] {dagbag.py:588} INFO - Filling up the DagBag from /home/airflow/.local/lib/python3.12/site-packages/airflow/example_dags/example_short_circuit_operator.py
[2025-03-10T23:16:14.738+0000] {processor.py:925} INFO - DAG(s) 'example_short_circuit_operator' retrieved from /home/airflow/.local/lib/python3.12/site-packages/airflow/example_dags/example_short_circuit_operator.py
[2025-03-10T23:16:14.927+0000] {logging_mixin.py:190} INFO - [2025-03-10T23:16:14.926+0000] {dag.py:3239} INFO - Sync 1 DAGs
[2025-03-10T23:16:15.081+0000] {logging_mixin.py:190} INFO - [2025-03-10T23:16:15.080+0000] {dag.py:4180} INFO - Setting next_dagrun for example_short_circuit_operator to None, run_after=None
[2025-03-10T23:16:15.194+0000] {processor.py:208} INFO - Processing /home/airflow/.local/lib/python3.12/site-packages/airflow/example_dags/example_short_circuit_operator.py took 0.558 seconds
[2025-03-10T23:16:45.464+0000] {processor.py:186} INFO - Started process (PID=517) to work on /home/airflow/.local/lib/python3.12/site-packages/airflow/example_dags/example_short_circuit_operator.py
[2025-03-10T23:16:45.467+0000] {processor.py:914} INFO - Processing file /home/airflow/.local/lib/python3.12/site-packages/airflow/example_dags/example_short_circuit_operator.py for tasks to queue
[2025-03-10T23:16:45.474+0000] {logging_mixin.py:190} INFO - [2025-03-10T23:16:45.473+0000] {dagbag.py:588} INFO - Filling up the DagBag from /home/airflow/.local/lib/python3.12/site-packages/airflow/example_dags/example_short_circuit_operator.py
[2025-03-10T23:16:45.512+0000] {processor.py:925} INFO - DAG(s) 'example_short_circuit_operator' retrieved from /home/airflow/.local/lib/python3.12/site-packages/airflow/example_dags/example_short_circuit_operator.py
[2025-03-10T23:16:45.620+0000] {logging_mixin.py:190} INFO - [2025-03-10T23:16:45.619+0000] {dag.py:3239} INFO - Sync 1 DAGs
[2025-03-10T23:16:45.691+0000] {logging_mixin.py:190} INFO - [2025-03-10T23:16:45.690+0000] {dag.py:4180} INFO - Setting next_dagrun for example_short_circuit_operator to None, run_after=None
[2025-03-10T23:16:45.760+0000] {processor.py:208} INFO - Processing /home/airflow/.local/lib/python3.12/site-packages/airflow/example_dags/example_short_circuit_operator.py took 0.321 seconds
[2025-03-10T23:17:16.085+0000] {processor.py:186} INFO - Started process (PID=580) to work on /home/airflow/.local/lib/python3.12/site-packages/airflow/example_dags/example_short_circuit_operator.py
[2025-03-10T23:17:16.086+0000] {processor.py:914} INFO - Processing file /home/airflow/.local/lib/python3.12/site-packages/airflow/example_dags/example_short_circuit_operator.py for tasks to queue
[2025-03-10T23:17:16.087+0000] {logging_mixin.py:190} INFO - [2025-03-10T23:17:16.087+0000] {dagbag.py:588} INFO - Filling up the DagBag from /home/airflow/.local/lib/python3.12/site-packages/airflow/example_dags/example_short_circuit_operator.py
[2025-03-10T23:17:16.099+0000] {processor.py:925} INFO - DAG(s) 'example_short_circuit_operator' retrieved from /home/airflow/.local/lib/python3.12/site-packages/airflow/example_dags/example_short_circuit_operator.py
[2025-03-10T23:17:16.130+0000] {logging_mixin.py:190} INFO - [2025-03-10T23:17:16.130+0000] {dag.py:3239} INFO - Sync 1 DAGs
[2025-03-10T23:17:16.150+0000] {logging_mixin.py:190} INFO - [2025-03-10T23:17:16.150+0000] {dag.py:4180} INFO - Setting next_dagrun for example_short_circuit_operator to None, run_after=None
[2025-03-10T23:17:16.170+0000] {processor.py:208} INFO - Processing /home/airflow/.local/lib/python3.12/site-packages/airflow/example_dags/example_short_circuit_operator.py took 0.094 seconds
[2025-03-10T23:17:46.307+0000] {processor.py:186} INFO - Started process (PID=643) to work on /home/airflow/.local/lib/python3.12/site-packages/airflow/example_dags/example_short_circuit_operator.py
[2025-03-10T23:17:46.308+0000] {processor.py:914} INFO - Processing file /home/airflow/.local/lib/python3.12/site-packages/airflow/example_dags/example_short_circuit_operator.py for tasks to queue
[2025-03-10T23:17:46.310+0000] {logging_mixin.py:190} INFO - [2025-03-10T23:17:46.309+0000] {dagbag.py:588} INFO - Filling up the DagBag from /home/airflow/.local/lib/python3.12/site-packages/airflow/example_dags/example_short_circuit_operator.py
[2025-03-10T23:17:46.320+0000] {processor.py:925} INFO - DAG(s) 'example_short_circuit_operator' retrieved from /home/airflow/.local/lib/python3.12/site-packages/airflow/example_dags/example_short_circuit_operator.py
[2025-03-10T23:17:46.356+0000] {logging_mixin.py:190} INFO - [2025-03-10T23:17:46.355+0000] {dag.py:3239} INFO - Sync 1 DAGs
[2025-03-10T23:17:46.378+0000] {logging_mixin.py:190} INFO - [2025-03-10T23:17:46.378+0000] {dag.py:4180} INFO - Setting next_dagrun for example_short_circuit_operator to None, run_after=None
[2025-03-10T23:17:46.401+0000] {processor.py:208} INFO - Processing /home/airflow/.local/lib/python3.12/site-packages/airflow/example_dags/example_short_circuit_operator.py took 0.102 seconds
[2025-03-10T23:18:16.761+0000] {processor.py:186} INFO - Started process (PID=706) to work on /home/airflow/.local/lib/python3.12/site-packages/airflow/example_dags/example_short_circuit_operator.py
[2025-03-10T23:18:16.762+0000] {processor.py:914} INFO - Processing file /home/airflow/.local/lib/python3.12/site-packages/airflow/example_dags/example_short_circuit_operator.py for tasks to queue
[2025-03-10T23:18:16.763+0000] {logging_mixin.py:190} INFO - [2025-03-10T23:18:16.763+0000] {dagbag.py:588} INFO - Filling up the DagBag from /home/airflow/.local/lib/python3.12/site-packages/airflow/example_dags/example_short_circuit_operator.py
[2025-03-10T23:18:16.774+0000] {processor.py:925} INFO - DAG(s) 'example_short_circuit_operator' retrieved from /home/airflow/.local/lib/python3.12/site-packages/airflow/example_dags/example_short_circuit_operator.py
[2025-03-10T23:18:16.803+0000] {logging_mixin.py:190} INFO - [2025-03-10T23:18:16.803+0000] {dag.py:3239} INFO - Sync 1 DAGs
[2025-03-10T23:18:16.822+0000] {logging_mixin.py:190} INFO - [2025-03-10T23:18:16.822+0000] {dag.py:4180} INFO - Setting next_dagrun for example_short_circuit_operator to None, run_after=None
[2025-03-10T23:18:16.843+0000] {processor.py:208} INFO - Processing /home/airflow/.local/lib/python3.12/site-packages/airflow/example_dags/example_short_circuit_operator.py took 0.090 seconds
[2025-03-10T23:18:47.557+0000] {processor.py:186} INFO - Started process (PID=769) to work on /home/airflow/.local/lib/python3.12/site-packages/airflow/example_dags/example_short_circuit_operator.py
[2025-03-10T23:18:47.557+0000] {processor.py:914} INFO - Processing file /home/airflow/.local/lib/python3.12/site-packages/airflow/example_dags/example_short_circuit_operator.py for tasks to queue
[2025-03-10T23:18:47.559+0000] {logging_mixin.py:190} INFO - [2025-03-10T23:18:47.558+0000] {dagbag.py:588} INFO - Filling up the DagBag from /home/airflow/.local/lib/python3.12/site-packages/airflow/example_dags/example_short_circuit_operator.py
[2025-03-10T23:18:47.567+0000] {processor.py:925} INFO - DAG(s) 'example_short_circuit_operator' retrieved from /home/airflow/.local/lib/python3.12/site-packages/airflow/example_dags/example_short_circuit_operator.py
[2025-03-10T23:18:47.602+0000] {logging_mixin.py:190} INFO - [2025-03-10T23:18:47.601+0000] {dag.py:3239} INFO - Sync 1 DAGs
[2025-03-10T23:18:47.621+0000] {logging_mixin.py:190} INFO - [2025-03-10T23:18:47.621+0000] {dag.py:4180} INFO - Setting next_dagrun for example_short_circuit_operator to None, run_after=None
[2025-03-10T23:18:47.644+0000] {processor.py:208} INFO - Processing /home/airflow/.local/lib/python3.12/site-packages/airflow/example_dags/example_short_circuit_operator.py took 0.094 seconds
[2025-03-10T23:19:17.828+0000] {processor.py:186} INFO - Started process (PID=831) to work on /home/airflow/.local/lib/python3.12/site-packages/airflow/example_dags/example_short_circuit_operator.py
[2025-03-10T23:19:17.829+0000] {processor.py:914} INFO - Processing file /home/airflow/.local/lib/python3.12/site-packages/airflow/example_dags/example_short_circuit_operator.py for tasks to queue
[2025-03-10T23:19:17.830+0000] {logging_mixin.py:190} INFO - [2025-03-10T23:19:17.830+0000] {dagbag.py:588} INFO - Filling up the DagBag from /home/airflow/.local/lib/python3.12/site-packages/airflow/example_dags/example_short_circuit_operator.py
[2025-03-10T23:19:17.840+0000] {processor.py:925} INFO - DAG(s) 'example_short_circuit_operator' retrieved from /home/airflow/.local/lib/python3.12/site-packages/airflow/example_dags/example_short_circuit_operator.py
[2025-03-10T23:19:17.869+0000] {logging_mixin.py:190} INFO - [2025-03-10T23:19:17.869+0000] {dag.py:3239} INFO - Sync 1 DAGs
[2025-03-10T23:19:17.888+0000] {logging_mixin.py:190} INFO - [2025-03-10T23:19:17.888+0000] {dag.py:4180} INFO - Setting next_dagrun for example_short_circuit_operator to None, run_after=None
[2025-03-10T23:19:17.907+0000] {processor.py:208} INFO - Processing /home/airflow/.local/lib/python3.12/site-packages/airflow/example_dags/example_short_circuit_operator.py took 0.088 seconds
[2025-03-10T23:27:18.404+0000] {processor.py:186} INFO - Started process (PID=134) to work on /home/airflow/.local/lib/python3.12/site-packages/airflow/example_dags/example_short_circuit_operator.py
[2025-03-10T23:27:18.406+0000] {processor.py:914} INFO - Processing file /home/airflow/.local/lib/python3.12/site-packages/airflow/example_dags/example_short_circuit_operator.py for tasks to queue
[2025-03-10T23:27:18.411+0000] {logging_mixin.py:190} INFO - [2025-03-10T23:27:18.410+0000] {dagbag.py:588} INFO - Filling up the DagBag from /home/airflow/.local/lib/python3.12/site-packages/airflow/example_dags/example_short_circuit_operator.py
[2025-03-10T23:27:18.425+0000] {processor.py:925} INFO - DAG(s) 'example_short_circuit_operator' retrieved from /home/airflow/.local/lib/python3.12/site-packages/airflow/example_dags/example_short_circuit_operator.py
[2025-03-10T23:27:18.470+0000] {logging_mixin.py:190} INFO - [2025-03-10T23:27:18.470+0000] {dag.py:3239} INFO - Sync 1 DAGs
[2025-03-10T23:27:18.500+0000] {logging_mixin.py:190} INFO - [2025-03-10T23:27:18.499+0000] {dag.py:4180} INFO - Setting next_dagrun for example_short_circuit_operator to None, run_after=None
[2025-03-10T23:27:18.531+0000] {processor.py:208} INFO - Processing /home/airflow/.local/lib/python3.12/site-packages/airflow/example_dags/example_short_circuit_operator.py took 0.138 seconds
[2025-03-10T23:27:49.426+0000] {processor.py:186} INFO - Started process (PID=197) to work on /home/airflow/.local/lib/python3.12/site-packages/airflow/example_dags/example_short_circuit_operator.py
[2025-03-10T23:27:49.427+0000] {processor.py:914} INFO - Processing file /home/airflow/.local/lib/python3.12/site-packages/airflow/example_dags/example_short_circuit_operator.py for tasks to queue
[2025-03-10T23:27:49.430+0000] {logging_mixin.py:190} INFO - [2025-03-10T23:27:49.430+0000] {dagbag.py:588} INFO - Filling up the DagBag from /home/airflow/.local/lib/python3.12/site-packages/airflow/example_dags/example_short_circuit_operator.py
[2025-03-10T23:27:49.439+0000] {processor.py:925} INFO - DAG(s) 'example_short_circuit_operator' retrieved from /home/airflow/.local/lib/python3.12/site-packages/airflow/example_dags/example_short_circuit_operator.py
[2025-03-10T23:27:49.466+0000] {logging_mixin.py:190} INFO - [2025-03-10T23:27:49.465+0000] {dag.py:3239} INFO - Sync 1 DAGs
[2025-03-10T23:27:49.482+0000] {logging_mixin.py:190} INFO - [2025-03-10T23:27:49.482+0000] {dag.py:4180} INFO - Setting next_dagrun for example_short_circuit_operator to None, run_after=None
[2025-03-10T23:27:49.503+0000] {processor.py:208} INFO - Processing /home/airflow/.local/lib/python3.12/site-packages/airflow/example_dags/example_short_circuit_operator.py took 0.083 seconds
[2025-03-10T23:28:20.028+0000] {processor.py:186} INFO - Started process (PID=259) to work on /home/airflow/.local/lib/python3.12/site-packages/airflow/example_dags/example_short_circuit_operator.py
[2025-03-10T23:28:20.029+0000] {processor.py:914} INFO - Processing file /home/airflow/.local/lib/python3.12/site-packages/airflow/example_dags/example_short_circuit_operator.py for tasks to queue
[2025-03-10T23:28:20.032+0000] {logging_mixin.py:190} INFO - [2025-03-10T23:28:20.031+0000] {dagbag.py:588} INFO - Filling up the DagBag from /home/airflow/.local/lib/python3.12/site-packages/airflow/example_dags/example_short_circuit_operator.py
[2025-03-10T23:28:20.041+0000] {processor.py:925} INFO - DAG(s) 'example_short_circuit_operator' retrieved from /home/airflow/.local/lib/python3.12/site-packages/airflow/example_dags/example_short_circuit_operator.py
[2025-03-10T23:28:20.070+0000] {logging_mixin.py:190} INFO - [2025-03-10T23:28:20.069+0000] {dag.py:3239} INFO - Sync 1 DAGs
[2025-03-10T23:28:20.087+0000] {logging_mixin.py:190} INFO - [2025-03-10T23:28:20.087+0000] {dag.py:4180} INFO - Setting next_dagrun for example_short_circuit_operator to None, run_after=None
[2025-03-10T23:28:20.117+0000] {processor.py:208} INFO - Processing /home/airflow/.local/lib/python3.12/site-packages/airflow/example_dags/example_short_circuit_operator.py took 0.095 seconds
[2025-03-10T23:28:50.705+0000] {processor.py:186} INFO - Started process (PID=322) to work on /home/airflow/.local/lib/python3.12/site-packages/airflow/example_dags/example_short_circuit_operator.py
[2025-03-10T23:28:50.705+0000] {processor.py:914} INFO - Processing file /home/airflow/.local/lib/python3.12/site-packages/airflow/example_dags/example_short_circuit_operator.py for tasks to queue
[2025-03-10T23:28:50.709+0000] {logging_mixin.py:190} INFO - [2025-03-10T23:28:50.708+0000] {dagbag.py:588} INFO - Filling up the DagBag from /home/airflow/.local/lib/python3.12/site-packages/airflow/example_dags/example_short_circuit_operator.py
[2025-03-10T23:28:50.719+0000] {processor.py:925} INFO - DAG(s) 'example_short_circuit_operator' retrieved from /home/airflow/.local/lib/python3.12/site-packages/airflow/example_dags/example_short_circuit_operator.py
[2025-03-10T23:28:50.746+0000] {logging_mixin.py:190} INFO - [2025-03-10T23:28:50.746+0000] {dag.py:3239} INFO - Sync 1 DAGs
[2025-03-10T23:28:50.763+0000] {logging_mixin.py:190} INFO - [2025-03-10T23:28:50.763+0000] {dag.py:4180} INFO - Setting next_dagrun for example_short_circuit_operator to None, run_after=None
[2025-03-10T23:28:50.783+0000] {processor.py:208} INFO - Processing /home/airflow/.local/lib/python3.12/site-packages/airflow/example_dags/example_short_circuit_operator.py took 0.085 seconds
[2025-03-10T23:29:21.052+0000] {processor.py:186} INFO - Started process (PID=385) to work on /home/airflow/.local/lib/python3.12/site-packages/airflow/example_dags/example_short_circuit_operator.py
[2025-03-10T23:29:21.053+0000] {processor.py:914} INFO - Processing file /home/airflow/.local/lib/python3.12/site-packages/airflow/example_dags/example_short_circuit_operator.py for tasks to queue
[2025-03-10T23:29:21.056+0000] {logging_mixin.py:190} INFO - [2025-03-10T23:29:21.056+0000] {dagbag.py:588} INFO - Filling up the DagBag from /home/airflow/.local/lib/python3.12/site-packages/airflow/example_dags/example_short_circuit_operator.py
[2025-03-10T23:29:21.066+0000] {processor.py:925} INFO - DAG(s) 'example_short_circuit_operator' retrieved from /home/airflow/.local/lib/python3.12/site-packages/airflow/example_dags/example_short_circuit_operator.py
[2025-03-10T23:29:21.095+0000] {logging_mixin.py:190} INFO - [2025-03-10T23:29:21.094+0000] {dag.py:3239} INFO - Sync 1 DAGs
[2025-03-10T23:29:21.112+0000] {logging_mixin.py:190} INFO - [2025-03-10T23:29:21.112+0000] {dag.py:4180} INFO - Setting next_dagrun for example_short_circuit_operator to None, run_after=None
[2025-03-10T23:29:21.132+0000] {processor.py:208} INFO - Processing /home/airflow/.local/lib/python3.12/site-packages/airflow/example_dags/example_short_circuit_operator.py took 0.088 seconds
[2025-03-10T23:35:33.561+0000] {processor.py:186} INFO - Started process (PID=154) to work on /home/airflow/.local/lib/python3.12/site-packages/airflow/example_dags/example_short_circuit_operator.py
[2025-03-10T23:35:33.565+0000] {processor.py:914} INFO - Processing file /home/airflow/.local/lib/python3.12/site-packages/airflow/example_dags/example_short_circuit_operator.py for tasks to queue
[2025-03-10T23:35:33.582+0000] {logging_mixin.py:190} INFO - [2025-03-10T23:35:33.580+0000] {dagbag.py:588} INFO - Filling up the DagBag from /home/airflow/.local/lib/python3.12/site-packages/airflow/example_dags/example_short_circuit_operator.py
[2025-03-10T23:35:33.636+0000] {processor.py:925} INFO - DAG(s) 'example_short_circuit_operator' retrieved from /home/airflow/.local/lib/python3.12/site-packages/airflow/example_dags/example_short_circuit_operator.py
[2025-03-10T23:35:33.786+0000] {logging_mixin.py:190} INFO - [2025-03-10T23:35:33.784+0000] {dag.py:3239} INFO - Sync 1 DAGs
[2025-03-10T23:35:33.883+0000] {logging_mixin.py:190} INFO - [2025-03-10T23:35:33.882+0000] {dag.py:4180} INFO - Setting next_dagrun for example_short_circuit_operator to None, run_after=None
[2025-03-10T23:35:33.981+0000] {processor.py:208} INFO - Processing /home/airflow/.local/lib/python3.12/site-packages/airflow/example_dags/example_short_circuit_operator.py took 0.459 seconds
[2025-03-10T23:36:04.096+0000] {processor.py:186} INFO - Started process (PID=216) to work on /home/airflow/.local/lib/python3.12/site-packages/airflow/example_dags/example_short_circuit_operator.py
[2025-03-10T23:36:04.097+0000] {processor.py:914} INFO - Processing file /home/airflow/.local/lib/python3.12/site-packages/airflow/example_dags/example_short_circuit_operator.py for tasks to queue
[2025-03-10T23:36:04.099+0000] {logging_mixin.py:190} INFO - [2025-03-10T23:36:04.099+0000] {dagbag.py:588} INFO - Filling up the DagBag from /home/airflow/.local/lib/python3.12/site-packages/airflow/example_dags/example_short_circuit_operator.py
[2025-03-10T23:36:04.108+0000] {processor.py:925} INFO - DAG(s) 'example_short_circuit_operator' retrieved from /home/airflow/.local/lib/python3.12/site-packages/airflow/example_dags/example_short_circuit_operator.py
[2025-03-10T23:36:04.136+0000] {logging_mixin.py:190} INFO - [2025-03-10T23:36:04.136+0000] {dag.py:3239} INFO - Sync 1 DAGs
[2025-03-10T23:36:04.154+0000] {logging_mixin.py:190} INFO - [2025-03-10T23:36:04.154+0000] {dag.py:4180} INFO - Setting next_dagrun for example_short_circuit_operator to None, run_after=None
[2025-03-10T23:36:04.173+0000] {processor.py:208} INFO - Processing /home/airflow/.local/lib/python3.12/site-packages/airflow/example_dags/example_short_circuit_operator.py took 0.084 seconds
[2025-03-10T23:36:35.046+0000] {processor.py:186} INFO - Started process (PID=279) to work on /home/airflow/.local/lib/python3.12/site-packages/airflow/example_dags/example_short_circuit_operator.py
[2025-03-10T23:36:35.049+0000] {processor.py:914} INFO - Processing file /home/airflow/.local/lib/python3.12/site-packages/airflow/example_dags/example_short_circuit_operator.py for tasks to queue
[2025-03-10T23:36:35.059+0000] {logging_mixin.py:190} INFO - [2025-03-10T23:36:35.057+0000] {dagbag.py:588} INFO - Filling up the DagBag from /home/airflow/.local/lib/python3.12/site-packages/airflow/example_dags/example_short_circuit_operator.py
[2025-03-10T23:36:35.089+0000] {processor.py:925} INFO - DAG(s) 'example_short_circuit_operator' retrieved from /home/airflow/.local/lib/python3.12/site-packages/airflow/example_dags/example_short_circuit_operator.py
[2025-03-10T23:36:35.186+0000] {logging_mixin.py:190} INFO - [2025-03-10T23:36:35.185+0000] {dag.py:3239} INFO - Sync 1 DAGs
[2025-03-10T23:36:35.251+0000] {logging_mixin.py:190} INFO - [2025-03-10T23:36:35.250+0000] {dag.py:4180} INFO - Setting next_dagrun for example_short_circuit_operator to None, run_after=None
[2025-03-10T23:36:35.318+0000] {processor.py:208} INFO - Processing /home/airflow/.local/lib/python3.12/site-packages/airflow/example_dags/example_short_circuit_operator.py took 0.295 seconds
[2025-03-10T23:37:06.009+0000] {processor.py:186} INFO - Started process (PID=342) to work on /home/airflow/.local/lib/python3.12/site-packages/airflow/example_dags/example_short_circuit_operator.py
[2025-03-10T23:37:06.010+0000] {processor.py:914} INFO - Processing file /home/airflow/.local/lib/python3.12/site-packages/airflow/example_dags/example_short_circuit_operator.py for tasks to queue
[2025-03-10T23:37:06.013+0000] {logging_mixin.py:190} INFO - [2025-03-10T23:37:06.013+0000] {dagbag.py:588} INFO - Filling up the DagBag from /home/airflow/.local/lib/python3.12/site-packages/airflow/example_dags/example_short_circuit_operator.py
[2025-03-10T23:37:06.022+0000] {processor.py:925} INFO - DAG(s) 'example_short_circuit_operator' retrieved from /home/airflow/.local/lib/python3.12/site-packages/airflow/example_dags/example_short_circuit_operator.py
[2025-03-10T23:37:06.049+0000] {logging_mixin.py:190} INFO - [2025-03-10T23:37:06.049+0000] {dag.py:3239} INFO - Sync 1 DAGs
[2025-03-10T23:37:06.068+0000] {logging_mixin.py:190} INFO - [2025-03-10T23:37:06.067+0000] {dag.py:4180} INFO - Setting next_dagrun for example_short_circuit_operator to None, run_after=None
[2025-03-10T23:37:06.090+0000] {processor.py:208} INFO - Processing /home/airflow/.local/lib/python3.12/site-packages/airflow/example_dags/example_short_circuit_operator.py took 0.088 seconds
