[2025-03-10T20:30:17.827+0000] {processor.py:186} INFO - Started process (PID=139) to work on /home/airflow/.local/lib/python3.12/site-packages/airflow/example_dags/example_task_group_decorator.py
[2025-03-10T20:30:17.828+0000] {processor.py:914} INFO - Processing file /home/airflow/.local/lib/python3.12/site-packages/airflow/example_dags/example_task_group_decorator.py for tasks to queue
[2025-03-10T20:30:17.831+0000] {logging_mixin.py:190} INFO - [2025-03-10T20:30:17.831+0000] {dagbag.py:588} INFO - Filling up the DagBag from /home/airflow/.local/lib/python3.12/site-packages/airflow/example_dags/example_task_group_decorator.py
[2025-03-10T20:30:17.853+0000] {processor.py:925} INFO - DAG(s) 'example_task_group_decorator' retrieved from /home/airflow/.local/lib/python3.12/site-packages/airflow/example_dags/example_task_group_decorator.py
[2025-03-10T20:30:17.925+0000] {logging_mixin.py:190} INFO - [2025-03-10T20:30:17.924+0000] {override.py:1912} INFO - Created Permission View: can read on DAG:example_task_group_decorator
[2025-03-10T20:30:17.936+0000] {logging_mixin.py:190} INFO - [2025-03-10T20:30:17.936+0000] {override.py:1912} INFO - Created Permission View: can edit on DAG:example_task_group_decorator
[2025-03-10T20:30:17.943+0000] {logging_mixin.py:190} INFO - [2025-03-10T20:30:17.943+0000] {override.py:1912} INFO - Created Permission View: can delete on DAG:example_task_group_decorator
[2025-03-10T20:30:17.951+0000] {logging_mixin.py:190} INFO - [2025-03-10T20:30:17.951+0000] {override.py:1912} INFO - Created Permission View: menu access on DAG Run:example_task_group_decorator
[2025-03-10T20:30:17.958+0000] {logging_mixin.py:190} INFO - [2025-03-10T20:30:17.957+0000] {override.py:1912} INFO - Created Permission View: can read on DAG Run:example_task_group_decorator
[2025-03-10T20:30:17.964+0000] {logging_mixin.py:190} INFO - [2025-03-10T20:30:17.964+0000] {override.py:1912} INFO - Created Permission View: can create on DAG Run:example_task_group_decorator
[2025-03-10T20:30:17.971+0000] {logging_mixin.py:190} INFO - [2025-03-10T20:30:17.971+0000] {override.py:1912} INFO - Created Permission View: can delete on DAG Run:example_task_group_decorator
[2025-03-10T20:30:17.971+0000] {logging_mixin.py:190} INFO - [2025-03-10T20:30:17.971+0000] {dag.py:3239} INFO - Sync 1 DAGs
[2025-03-10T20:30:17.989+0000] {logging_mixin.py:190} INFO - [2025-03-10T20:30:17.989+0000] {dag.py:3262} INFO - Creating ORM DAG for example_task_group_decorator
[2025-03-10T20:30:17.990+0000] {logging_mixin.py:190} INFO - [2025-03-10T20:30:17.989+0000] {dag.py:4180} INFO - Setting next_dagrun for example_task_group_decorator to None, run_after=None
[2025-03-10T20:30:18.010+0000] {processor.py:208} INFO - Processing /home/airflow/.local/lib/python3.12/site-packages/airflow/example_dags/example_task_group_decorator.py took 0.190 seconds
[2025-03-10T20:30:48.358+0000] {processor.py:186} INFO - Started process (PID=202) to work on /home/airflow/.local/lib/python3.12/site-packages/airflow/example_dags/example_task_group_decorator.py
[2025-03-10T20:30:48.359+0000] {processor.py:914} INFO - Processing file /home/airflow/.local/lib/python3.12/site-packages/airflow/example_dags/example_task_group_decorator.py for tasks to queue
[2025-03-10T20:30:48.363+0000] {logging_mixin.py:190} INFO - [2025-03-10T20:30:48.362+0000] {dagbag.py:588} INFO - Filling up the DagBag from /home/airflow/.local/lib/python3.12/site-packages/airflow/example_dags/example_task_group_decorator.py
[2025-03-10T20:30:48.383+0000] {processor.py:925} INFO - DAG(s) 'example_task_group_decorator' retrieved from /home/airflow/.local/lib/python3.12/site-packages/airflow/example_dags/example_task_group_decorator.py
[2025-03-10T20:30:48.413+0000] {logging_mixin.py:190} INFO - [2025-03-10T20:30:48.413+0000] {dag.py:3239} INFO - Sync 1 DAGs
[2025-03-10T20:30:48.431+0000] {logging_mixin.py:190} INFO - [2025-03-10T20:30:48.431+0000] {dag.py:4180} INFO - Setting next_dagrun for example_task_group_decorator to None, run_after=None
[2025-03-10T20:30:48.454+0000] {processor.py:208} INFO - Processing /home/airflow/.local/lib/python3.12/site-packages/airflow/example_dags/example_task_group_decorator.py took 0.104 seconds
[2025-03-10T20:31:25.049+0000] {processor.py:186} INFO - Started process (PID=265) to work on /home/airflow/.local/lib/python3.12/site-packages/airflow/example_dags/example_task_group_decorator.py
[2025-03-10T20:31:25.053+0000] {processor.py:914} INFO - Processing file /home/airflow/.local/lib/python3.12/site-packages/airflow/example_dags/example_task_group_decorator.py for tasks to queue
[2025-03-10T20:31:25.063+0000] {logging_mixin.py:190} INFO - [2025-03-10T20:31:25.062+0000] {dagbag.py:588} INFO - Filling up the DagBag from /home/airflow/.local/lib/python3.12/site-packages/airflow/example_dags/example_task_group_decorator.py
[2025-03-10T20:31:25.197+0000] {processor.py:925} INFO - DAG(s) 'example_task_group_decorator' retrieved from /home/airflow/.local/lib/python3.12/site-packages/airflow/example_dags/example_task_group_decorator.py
[2025-03-10T20:31:25.389+0000] {logging_mixin.py:190} INFO - [2025-03-10T20:31:25.388+0000] {dag.py:3239} INFO - Sync 1 DAGs
[2025-03-10T20:31:25.502+0000] {logging_mixin.py:190} INFO - [2025-03-10T20:31:25.500+0000] {dag.py:4180} INFO - Setting next_dagrun for example_task_group_decorator to None, run_after=None
[2025-03-10T20:31:25.613+0000] {processor.py:208} INFO - Processing /home/airflow/.local/lib/python3.12/site-packages/airflow/example_dags/example_task_group_decorator.py took 0.602 seconds
[2025-03-10T20:31:56.042+0000] {processor.py:186} INFO - Started process (PID=328) to work on /home/airflow/.local/lib/python3.12/site-packages/airflow/example_dags/example_task_group_decorator.py
[2025-03-10T20:31:56.044+0000] {processor.py:914} INFO - Processing file /home/airflow/.local/lib/python3.12/site-packages/airflow/example_dags/example_task_group_decorator.py for tasks to queue
[2025-03-10T20:31:56.047+0000] {logging_mixin.py:190} INFO - [2025-03-10T20:31:56.046+0000] {dagbag.py:588} INFO - Filling up the DagBag from /home/airflow/.local/lib/python3.12/site-packages/airflow/example_dags/example_task_group_decorator.py
[2025-03-10T20:31:56.067+0000] {processor.py:925} INFO - DAG(s) 'example_task_group_decorator' retrieved from /home/airflow/.local/lib/python3.12/site-packages/airflow/example_dags/example_task_group_decorator.py
[2025-03-10T20:31:56.099+0000] {logging_mixin.py:190} INFO - [2025-03-10T20:31:56.099+0000] {dag.py:3239} INFO - Sync 1 DAGs
[2025-03-10T20:31:56.118+0000] {logging_mixin.py:190} INFO - [2025-03-10T20:31:56.117+0000] {dag.py:4180} INFO - Setting next_dagrun for example_task_group_decorator to None, run_after=None
[2025-03-10T20:31:56.139+0000] {processor.py:208} INFO - Processing /home/airflow/.local/lib/python3.12/site-packages/airflow/example_dags/example_task_group_decorator.py took 0.105 seconds
[2025-03-10T20:32:26.527+0000] {processor.py:186} INFO - Started process (PID=391) to work on /home/airflow/.local/lib/python3.12/site-packages/airflow/example_dags/example_task_group_decorator.py
[2025-03-10T20:32:26.528+0000] {processor.py:914} INFO - Processing file /home/airflow/.local/lib/python3.12/site-packages/airflow/example_dags/example_task_group_decorator.py for tasks to queue
[2025-03-10T20:32:26.531+0000] {logging_mixin.py:190} INFO - [2025-03-10T20:32:26.530+0000] {dagbag.py:588} INFO - Filling up the DagBag from /home/airflow/.local/lib/python3.12/site-packages/airflow/example_dags/example_task_group_decorator.py
[2025-03-10T20:32:26.551+0000] {processor.py:925} INFO - DAG(s) 'example_task_group_decorator' retrieved from /home/airflow/.local/lib/python3.12/site-packages/airflow/example_dags/example_task_group_decorator.py
[2025-03-10T20:32:26.583+0000] {logging_mixin.py:190} INFO - [2025-03-10T20:32:26.583+0000] {dag.py:3239} INFO - Sync 1 DAGs
[2025-03-10T20:32:26.609+0000] {logging_mixin.py:190} INFO - [2025-03-10T20:32:26.608+0000] {dag.py:4180} INFO - Setting next_dagrun for example_task_group_decorator to None, run_after=None
[2025-03-10T20:32:26.640+0000] {processor.py:208} INFO - Processing /home/airflow/.local/lib/python3.12/site-packages/airflow/example_dags/example_task_group_decorator.py took 0.121 seconds
[2025-03-10T20:32:56.744+0000] {processor.py:186} INFO - Started process (PID=454) to work on /home/airflow/.local/lib/python3.12/site-packages/airflow/example_dags/example_task_group_decorator.py
[2025-03-10T20:32:56.745+0000] {processor.py:914} INFO - Processing file /home/airflow/.local/lib/python3.12/site-packages/airflow/example_dags/example_task_group_decorator.py for tasks to queue
[2025-03-10T20:32:56.747+0000] {logging_mixin.py:190} INFO - [2025-03-10T20:32:56.747+0000] {dagbag.py:588} INFO - Filling up the DagBag from /home/airflow/.local/lib/python3.12/site-packages/airflow/example_dags/example_task_group_decorator.py
[2025-03-10T20:32:56.767+0000] {processor.py:925} INFO - DAG(s) 'example_task_group_decorator' retrieved from /home/airflow/.local/lib/python3.12/site-packages/airflow/example_dags/example_task_group_decorator.py
[2025-03-10T20:32:56.798+0000] {logging_mixin.py:190} INFO - [2025-03-10T20:32:56.798+0000] {dag.py:3239} INFO - Sync 1 DAGs
[2025-03-10T20:32:56.816+0000] {logging_mixin.py:190} INFO - [2025-03-10T20:32:56.816+0000] {dag.py:4180} INFO - Setting next_dagrun for example_task_group_decorator to None, run_after=None
[2025-03-10T20:32:56.838+0000] {processor.py:208} INFO - Processing /home/airflow/.local/lib/python3.12/site-packages/airflow/example_dags/example_task_group_decorator.py took 0.101 seconds
[2025-03-10T20:33:26.922+0000] {processor.py:186} INFO - Started process (PID=517) to work on /home/airflow/.local/lib/python3.12/site-packages/airflow/example_dags/example_task_group_decorator.py
[2025-03-10T20:33:26.923+0000] {processor.py:914} INFO - Processing file /home/airflow/.local/lib/python3.12/site-packages/airflow/example_dags/example_task_group_decorator.py for tasks to queue
[2025-03-10T20:33:26.926+0000] {logging_mixin.py:190} INFO - [2025-03-10T20:33:26.926+0000] {dagbag.py:588} INFO - Filling up the DagBag from /home/airflow/.local/lib/python3.12/site-packages/airflow/example_dags/example_task_group_decorator.py
[2025-03-10T20:33:26.945+0000] {processor.py:925} INFO - DAG(s) 'example_task_group_decorator' retrieved from /home/airflow/.local/lib/python3.12/site-packages/airflow/example_dags/example_task_group_decorator.py
[2025-03-10T20:33:26.975+0000] {logging_mixin.py:190} INFO - [2025-03-10T20:33:26.975+0000] {dag.py:3239} INFO - Sync 1 DAGs
[2025-03-10T20:33:26.993+0000] {logging_mixin.py:190} INFO - [2025-03-10T20:33:26.993+0000] {dag.py:4180} INFO - Setting next_dagrun for example_task_group_decorator to None, run_after=None
[2025-03-10T20:33:27.014+0000] {processor.py:208} INFO - Processing /home/airflow/.local/lib/python3.12/site-packages/airflow/example_dags/example_task_group_decorator.py took 0.099 seconds
[2025-03-10T20:33:57.232+0000] {processor.py:186} INFO - Started process (PID=580) to work on /home/airflow/.local/lib/python3.12/site-packages/airflow/example_dags/example_task_group_decorator.py
[2025-03-10T20:33:57.233+0000] {processor.py:914} INFO - Processing file /home/airflow/.local/lib/python3.12/site-packages/airflow/example_dags/example_task_group_decorator.py for tasks to queue
[2025-03-10T20:33:57.236+0000] {logging_mixin.py:190} INFO - [2025-03-10T20:33:57.236+0000] {dagbag.py:588} INFO - Filling up the DagBag from /home/airflow/.local/lib/python3.12/site-packages/airflow/example_dags/example_task_group_decorator.py
[2025-03-10T20:33:57.256+0000] {processor.py:925} INFO - DAG(s) 'example_task_group_decorator' retrieved from /home/airflow/.local/lib/python3.12/site-packages/airflow/example_dags/example_task_group_decorator.py
[2025-03-10T20:33:57.289+0000] {logging_mixin.py:190} INFO - [2025-03-10T20:33:57.288+0000] {dag.py:3239} INFO - Sync 1 DAGs
[2025-03-10T20:33:57.308+0000] {logging_mixin.py:190} INFO - [2025-03-10T20:33:57.308+0000] {dag.py:4180} INFO - Setting next_dagrun for example_task_group_decorator to None, run_after=None
[2025-03-10T20:33:57.331+0000] {processor.py:208} INFO - Processing /home/airflow/.local/lib/python3.12/site-packages/airflow/example_dags/example_task_group_decorator.py took 0.107 seconds
[2025-03-10T20:34:28.357+0000] {processor.py:186} INFO - Started process (PID=643) to work on /home/airflow/.local/lib/python3.12/site-packages/airflow/example_dags/example_task_group_decorator.py
[2025-03-10T20:34:28.358+0000] {processor.py:914} INFO - Processing file /home/airflow/.local/lib/python3.12/site-packages/airflow/example_dags/example_task_group_decorator.py for tasks to queue
[2025-03-10T20:34:28.361+0000] {logging_mixin.py:190} INFO - [2025-03-10T20:34:28.361+0000] {dagbag.py:588} INFO - Filling up the DagBag from /home/airflow/.local/lib/python3.12/site-packages/airflow/example_dags/example_task_group_decorator.py
[2025-03-10T20:34:28.382+0000] {processor.py:925} INFO - DAG(s) 'example_task_group_decorator' retrieved from /home/airflow/.local/lib/python3.12/site-packages/airflow/example_dags/example_task_group_decorator.py
[2025-03-10T20:34:28.415+0000] {logging_mixin.py:190} INFO - [2025-03-10T20:34:28.415+0000] {dag.py:3239} INFO - Sync 1 DAGs
[2025-03-10T20:34:28.435+0000] {logging_mixin.py:190} INFO - [2025-03-10T20:34:28.435+0000] {dag.py:4180} INFO - Setting next_dagrun for example_task_group_decorator to None, run_after=None
[2025-03-10T20:34:28.459+0000] {processor.py:208} INFO - Processing /home/airflow/.local/lib/python3.12/site-packages/airflow/example_dags/example_task_group_decorator.py took 0.109 seconds
[2025-03-10T20:34:58.627+0000] {processor.py:186} INFO - Started process (PID=705) to work on /home/airflow/.local/lib/python3.12/site-packages/airflow/example_dags/example_task_group_decorator.py
[2025-03-10T20:34:58.628+0000] {processor.py:914} INFO - Processing file /home/airflow/.local/lib/python3.12/site-packages/airflow/example_dags/example_task_group_decorator.py for tasks to queue
[2025-03-10T20:34:58.631+0000] {logging_mixin.py:190} INFO - [2025-03-10T20:34:58.630+0000] {dagbag.py:588} INFO - Filling up the DagBag from /home/airflow/.local/lib/python3.12/site-packages/airflow/example_dags/example_task_group_decorator.py
[2025-03-10T20:34:58.651+0000] {processor.py:925} INFO - DAG(s) 'example_task_group_decorator' retrieved from /home/airflow/.local/lib/python3.12/site-packages/airflow/example_dags/example_task_group_decorator.py
[2025-03-10T20:34:58.683+0000] {logging_mixin.py:190} INFO - [2025-03-10T20:34:58.682+0000] {dag.py:3239} INFO - Sync 1 DAGs
[2025-03-10T20:34:58.700+0000] {logging_mixin.py:190} INFO - [2025-03-10T20:34:58.700+0000] {dag.py:4180} INFO - Setting next_dagrun for example_task_group_decorator to None, run_after=None
[2025-03-10T20:34:58.720+0000] {processor.py:208} INFO - Processing /home/airflow/.local/lib/python3.12/site-packages/airflow/example_dags/example_task_group_decorator.py took 0.100 seconds
[2025-03-10T20:35:28.977+0000] {processor.py:186} INFO - Started process (PID=768) to work on /home/airflow/.local/lib/python3.12/site-packages/airflow/example_dags/example_task_group_decorator.py
[2025-03-10T20:35:28.978+0000] {processor.py:914} INFO - Processing file /home/airflow/.local/lib/python3.12/site-packages/airflow/example_dags/example_task_group_decorator.py for tasks to queue
[2025-03-10T20:35:28.982+0000] {logging_mixin.py:190} INFO - [2025-03-10T20:35:28.981+0000] {dagbag.py:588} INFO - Filling up the DagBag from /home/airflow/.local/lib/python3.12/site-packages/airflow/example_dags/example_task_group_decorator.py
[2025-03-10T20:35:29.008+0000] {processor.py:925} INFO - DAG(s) 'example_task_group_decorator' retrieved from /home/airflow/.local/lib/python3.12/site-packages/airflow/example_dags/example_task_group_decorator.py
[2025-03-10T20:35:29.050+0000] {logging_mixin.py:190} INFO - [2025-03-10T20:35:29.050+0000] {dag.py:3239} INFO - Sync 1 DAGs
[2025-03-10T20:35:29.079+0000] {logging_mixin.py:190} INFO - [2025-03-10T20:35:29.079+0000] {dag.py:4180} INFO - Setting next_dagrun for example_task_group_decorator to None, run_after=None
[2025-03-10T20:35:29.113+0000] {processor.py:208} INFO - Processing /home/airflow/.local/lib/python3.12/site-packages/airflow/example_dags/example_task_group_decorator.py took 0.144 seconds
[2025-03-10T20:35:59.294+0000] {processor.py:186} INFO - Started process (PID=831) to work on /home/airflow/.local/lib/python3.12/site-packages/airflow/example_dags/example_task_group_decorator.py
[2025-03-10T20:35:59.295+0000] {processor.py:914} INFO - Processing file /home/airflow/.local/lib/python3.12/site-packages/airflow/example_dags/example_task_group_decorator.py for tasks to queue
[2025-03-10T20:35:59.298+0000] {logging_mixin.py:190} INFO - [2025-03-10T20:35:59.298+0000] {dagbag.py:588} INFO - Filling up the DagBag from /home/airflow/.local/lib/python3.12/site-packages/airflow/example_dags/example_task_group_decorator.py
[2025-03-10T20:35:59.320+0000] {processor.py:925} INFO - DAG(s) 'example_task_group_decorator' retrieved from /home/airflow/.local/lib/python3.12/site-packages/airflow/example_dags/example_task_group_decorator.py
[2025-03-10T20:35:59.357+0000] {logging_mixin.py:190} INFO - [2025-03-10T20:35:59.357+0000] {dag.py:3239} INFO - Sync 1 DAGs
[2025-03-10T20:35:59.384+0000] {logging_mixin.py:190} INFO - [2025-03-10T20:35:59.383+0000] {dag.py:4180} INFO - Setting next_dagrun for example_task_group_decorator to None, run_after=None
[2025-03-10T20:35:59.424+0000] {processor.py:208} INFO - Processing /home/airflow/.local/lib/python3.12/site-packages/airflow/example_dags/example_task_group_decorator.py took 0.138 seconds
[2025-03-10T20:36:29.507+0000] {processor.py:186} INFO - Started process (PID=894) to work on /home/airflow/.local/lib/python3.12/site-packages/airflow/example_dags/example_task_group_decorator.py
[2025-03-10T20:36:29.508+0000] {processor.py:914} INFO - Processing file /home/airflow/.local/lib/python3.12/site-packages/airflow/example_dags/example_task_group_decorator.py for tasks to queue
[2025-03-10T20:36:29.511+0000] {logging_mixin.py:190} INFO - [2025-03-10T20:36:29.510+0000] {dagbag.py:588} INFO - Filling up the DagBag from /home/airflow/.local/lib/python3.12/site-packages/airflow/example_dags/example_task_group_decorator.py
[2025-03-10T20:36:29.530+0000] {processor.py:925} INFO - DAG(s) 'example_task_group_decorator' retrieved from /home/airflow/.local/lib/python3.12/site-packages/airflow/example_dags/example_task_group_decorator.py
[2025-03-10T20:36:29.564+0000] {logging_mixin.py:190} INFO - [2025-03-10T20:36:29.564+0000] {dag.py:3239} INFO - Sync 1 DAGs
[2025-03-10T20:36:29.582+0000] {logging_mixin.py:190} INFO - [2025-03-10T20:36:29.581+0000] {dag.py:4180} INFO - Setting next_dagrun for example_task_group_decorator to None, run_after=None
[2025-03-10T20:36:29.602+0000] {processor.py:208} INFO - Processing /home/airflow/.local/lib/python3.12/site-packages/airflow/example_dags/example_task_group_decorator.py took 0.103 seconds
[2025-03-10T20:37:00.108+0000] {processor.py:186} INFO - Started process (PID=957) to work on /home/airflow/.local/lib/python3.12/site-packages/airflow/example_dags/example_task_group_decorator.py
[2025-03-10T20:37:00.109+0000] {processor.py:914} INFO - Processing file /home/airflow/.local/lib/python3.12/site-packages/airflow/example_dags/example_task_group_decorator.py for tasks to queue
[2025-03-10T20:37:00.112+0000] {logging_mixin.py:190} INFO - [2025-03-10T20:37:00.111+0000] {dagbag.py:588} INFO - Filling up the DagBag from /home/airflow/.local/lib/python3.12/site-packages/airflow/example_dags/example_task_group_decorator.py
[2025-03-10T20:37:00.133+0000] {processor.py:925} INFO - DAG(s) 'example_task_group_decorator' retrieved from /home/airflow/.local/lib/python3.12/site-packages/airflow/example_dags/example_task_group_decorator.py
[2025-03-10T20:37:00.164+0000] {logging_mixin.py:190} INFO - [2025-03-10T20:37:00.164+0000] {dag.py:3239} INFO - Sync 1 DAGs
[2025-03-10T20:37:00.181+0000] {logging_mixin.py:190} INFO - [2025-03-10T20:37:00.181+0000] {dag.py:4180} INFO - Setting next_dagrun for example_task_group_decorator to None, run_after=None
[2025-03-10T20:37:00.201+0000] {processor.py:208} INFO - Processing /home/airflow/.local/lib/python3.12/site-packages/airflow/example_dags/example_task_group_decorator.py took 0.100 seconds
[2025-03-10T20:37:30.429+0000] {processor.py:186} INFO - Started process (PID=1021) to work on /home/airflow/.local/lib/python3.12/site-packages/airflow/example_dags/example_task_group_decorator.py
[2025-03-10T20:37:30.430+0000] {processor.py:914} INFO - Processing file /home/airflow/.local/lib/python3.12/site-packages/airflow/example_dags/example_task_group_decorator.py for tasks to queue
[2025-03-10T20:37:30.433+0000] {logging_mixin.py:190} INFO - [2025-03-10T20:37:30.432+0000] {dagbag.py:588} INFO - Filling up the DagBag from /home/airflow/.local/lib/python3.12/site-packages/airflow/example_dags/example_task_group_decorator.py
[2025-03-10T20:37:30.453+0000] {processor.py:925} INFO - DAG(s) 'example_task_group_decorator' retrieved from /home/airflow/.local/lib/python3.12/site-packages/airflow/example_dags/example_task_group_decorator.py
[2025-03-10T20:37:30.484+0000] {logging_mixin.py:190} INFO - [2025-03-10T20:37:30.484+0000] {dag.py:3239} INFO - Sync 1 DAGs
[2025-03-10T20:37:30.502+0000] {logging_mixin.py:190} INFO - [2025-03-10T20:37:30.502+0000] {dag.py:4180} INFO - Setting next_dagrun for example_task_group_decorator to None, run_after=None
[2025-03-10T20:37:30.523+0000] {processor.py:208} INFO - Processing /home/airflow/.local/lib/python3.12/site-packages/airflow/example_dags/example_task_group_decorator.py took 0.102 seconds
[2025-03-10T20:38:01.076+0000] {processor.py:186} INFO - Started process (PID=1084) to work on /home/airflow/.local/lib/python3.12/site-packages/airflow/example_dags/example_task_group_decorator.py
[2025-03-10T20:38:01.077+0000] {processor.py:914} INFO - Processing file /home/airflow/.local/lib/python3.12/site-packages/airflow/example_dags/example_task_group_decorator.py for tasks to queue
[2025-03-10T20:38:01.080+0000] {logging_mixin.py:190} INFO - [2025-03-10T20:38:01.080+0000] {dagbag.py:588} INFO - Filling up the DagBag from /home/airflow/.local/lib/python3.12/site-packages/airflow/example_dags/example_task_group_decorator.py
[2025-03-10T20:38:01.099+0000] {processor.py:925} INFO - DAG(s) 'example_task_group_decorator' retrieved from /home/airflow/.local/lib/python3.12/site-packages/airflow/example_dags/example_task_group_decorator.py
[2025-03-10T20:38:01.130+0000] {logging_mixin.py:190} INFO - [2025-03-10T20:38:01.130+0000] {dag.py:3239} INFO - Sync 1 DAGs
[2025-03-10T20:38:01.147+0000] {logging_mixin.py:190} INFO - [2025-03-10T20:38:01.146+0000] {dag.py:4180} INFO - Setting next_dagrun for example_task_group_decorator to None, run_after=None
[2025-03-10T20:38:01.167+0000] {processor.py:208} INFO - Processing /home/airflow/.local/lib/python3.12/site-packages/airflow/example_dags/example_task_group_decorator.py took 0.098 seconds
[2025-03-10T20:38:31.577+0000] {processor.py:186} INFO - Started process (PID=1147) to work on /home/airflow/.local/lib/python3.12/site-packages/airflow/example_dags/example_task_group_decorator.py
[2025-03-10T20:38:31.578+0000] {processor.py:914} INFO - Processing file /home/airflow/.local/lib/python3.12/site-packages/airflow/example_dags/example_task_group_decorator.py for tasks to queue
[2025-03-10T20:38:31.581+0000] {logging_mixin.py:190} INFO - [2025-03-10T20:38:31.580+0000] {dagbag.py:588} INFO - Filling up the DagBag from /home/airflow/.local/lib/python3.12/site-packages/airflow/example_dags/example_task_group_decorator.py
[2025-03-10T20:38:31.599+0000] {processor.py:925} INFO - DAG(s) 'example_task_group_decorator' retrieved from /home/airflow/.local/lib/python3.12/site-packages/airflow/example_dags/example_task_group_decorator.py
[2025-03-10T20:38:31.628+0000] {logging_mixin.py:190} INFO - [2025-03-10T20:38:31.628+0000] {dag.py:3239} INFO - Sync 1 DAGs
[2025-03-10T20:38:31.645+0000] {logging_mixin.py:190} INFO - [2025-03-10T20:38:31.645+0000] {dag.py:4180} INFO - Setting next_dagrun for example_task_group_decorator to None, run_after=None
[2025-03-10T20:38:31.665+0000] {processor.py:208} INFO - Processing /home/airflow/.local/lib/python3.12/site-packages/airflow/example_dags/example_task_group_decorator.py took 0.095 seconds
[2025-03-10T20:39:02.261+0000] {processor.py:186} INFO - Started process (PID=1210) to work on /home/airflow/.local/lib/python3.12/site-packages/airflow/example_dags/example_task_group_decorator.py
[2025-03-10T20:39:02.262+0000] {processor.py:914} INFO - Processing file /home/airflow/.local/lib/python3.12/site-packages/airflow/example_dags/example_task_group_decorator.py for tasks to queue
[2025-03-10T20:39:02.265+0000] {logging_mixin.py:190} INFO - [2025-03-10T20:39:02.265+0000] {dagbag.py:588} INFO - Filling up the DagBag from /home/airflow/.local/lib/python3.12/site-packages/airflow/example_dags/example_task_group_decorator.py
[2025-03-10T20:39:02.284+0000] {processor.py:925} INFO - DAG(s) 'example_task_group_decorator' retrieved from /home/airflow/.local/lib/python3.12/site-packages/airflow/example_dags/example_task_group_decorator.py
[2025-03-10T20:39:02.315+0000] {logging_mixin.py:190} INFO - [2025-03-10T20:39:02.315+0000] {dag.py:3239} INFO - Sync 1 DAGs
[2025-03-10T20:39:02.336+0000] {logging_mixin.py:190} INFO - [2025-03-10T20:39:02.336+0000] {dag.py:4180} INFO - Setting next_dagrun for example_task_group_decorator to None, run_after=None
[2025-03-10T20:39:02.360+0000] {processor.py:208} INFO - Processing /home/airflow/.local/lib/python3.12/site-packages/airflow/example_dags/example_task_group_decorator.py took 0.106 seconds
[2025-03-10T20:39:32.910+0000] {processor.py:186} INFO - Started process (PID=1273) to work on /home/airflow/.local/lib/python3.12/site-packages/airflow/example_dags/example_task_group_decorator.py
[2025-03-10T20:39:32.911+0000] {processor.py:914} INFO - Processing file /home/airflow/.local/lib/python3.12/site-packages/airflow/example_dags/example_task_group_decorator.py for tasks to queue
[2025-03-10T20:39:32.914+0000] {logging_mixin.py:190} INFO - [2025-03-10T20:39:32.914+0000] {dagbag.py:588} INFO - Filling up the DagBag from /home/airflow/.local/lib/python3.12/site-packages/airflow/example_dags/example_task_group_decorator.py
[2025-03-10T20:39:32.934+0000] {processor.py:925} INFO - DAG(s) 'example_task_group_decorator' retrieved from /home/airflow/.local/lib/python3.12/site-packages/airflow/example_dags/example_task_group_decorator.py
[2025-03-10T20:39:32.964+0000] {logging_mixin.py:190} INFO - [2025-03-10T20:39:32.964+0000] {dag.py:3239} INFO - Sync 1 DAGs
[2025-03-10T20:39:32.982+0000] {logging_mixin.py:190} INFO - [2025-03-10T20:39:32.982+0000] {dag.py:4180} INFO - Setting next_dagrun for example_task_group_decorator to None, run_after=None
[2025-03-10T20:39:33.002+0000] {processor.py:208} INFO - Processing /home/airflow/.local/lib/python3.12/site-packages/airflow/example_dags/example_task_group_decorator.py took 0.099 seconds
[2025-03-10T20:40:03.673+0000] {processor.py:186} INFO - Started process (PID=1336) to work on /home/airflow/.local/lib/python3.12/site-packages/airflow/example_dags/example_task_group_decorator.py
[2025-03-10T20:40:03.674+0000] {processor.py:914} INFO - Processing file /home/airflow/.local/lib/python3.12/site-packages/airflow/example_dags/example_task_group_decorator.py for tasks to queue
[2025-03-10T20:40:03.677+0000] {logging_mixin.py:190} INFO - [2025-03-10T20:40:03.676+0000] {dagbag.py:588} INFO - Filling up the DagBag from /home/airflow/.local/lib/python3.12/site-packages/airflow/example_dags/example_task_group_decorator.py
[2025-03-10T20:40:03.696+0000] {processor.py:925} INFO - DAG(s) 'example_task_group_decorator' retrieved from /home/airflow/.local/lib/python3.12/site-packages/airflow/example_dags/example_task_group_decorator.py
[2025-03-10T20:40:03.728+0000] {logging_mixin.py:190} INFO - [2025-03-10T20:40:03.727+0000] {dag.py:3239} INFO - Sync 1 DAGs
[2025-03-10T20:40:03.746+0000] {logging_mixin.py:190} INFO - [2025-03-10T20:40:03.745+0000] {dag.py:4180} INFO - Setting next_dagrun for example_task_group_decorator to None, run_after=None
[2025-03-10T20:40:03.766+0000] {processor.py:208} INFO - Processing /home/airflow/.local/lib/python3.12/site-packages/airflow/example_dags/example_task_group_decorator.py took 0.101 seconds
[2025-03-10T20:40:34.530+0000] {processor.py:186} INFO - Started process (PID=1399) to work on /home/airflow/.local/lib/python3.12/site-packages/airflow/example_dags/example_task_group_decorator.py
[2025-03-10T20:40:34.531+0000] {processor.py:914} INFO - Processing file /home/airflow/.local/lib/python3.12/site-packages/airflow/example_dags/example_task_group_decorator.py for tasks to queue
[2025-03-10T20:40:34.534+0000] {logging_mixin.py:190} INFO - [2025-03-10T20:40:34.533+0000] {dagbag.py:588} INFO - Filling up the DagBag from /home/airflow/.local/lib/python3.12/site-packages/airflow/example_dags/example_task_group_decorator.py
[2025-03-10T20:40:34.553+0000] {processor.py:925} INFO - DAG(s) 'example_task_group_decorator' retrieved from /home/airflow/.local/lib/python3.12/site-packages/airflow/example_dags/example_task_group_decorator.py
[2025-03-10T20:40:34.584+0000] {logging_mixin.py:190} INFO - [2025-03-10T20:40:34.583+0000] {dag.py:3239} INFO - Sync 1 DAGs
[2025-03-10T20:40:34.601+0000] {logging_mixin.py:190} INFO - [2025-03-10T20:40:34.601+0000] {dag.py:4180} INFO - Setting next_dagrun for example_task_group_decorator to None, run_after=None
[2025-03-10T20:40:34.623+0000] {processor.py:208} INFO - Processing /home/airflow/.local/lib/python3.12/site-packages/airflow/example_dags/example_task_group_decorator.py took 0.100 seconds
[2025-03-10T20:41:05.067+0000] {processor.py:186} INFO - Started process (PID=1462) to work on /home/airflow/.local/lib/python3.12/site-packages/airflow/example_dags/example_task_group_decorator.py
[2025-03-10T20:41:05.068+0000] {processor.py:914} INFO - Processing file /home/airflow/.local/lib/python3.12/site-packages/airflow/example_dags/example_task_group_decorator.py for tasks to queue
[2025-03-10T20:41:05.071+0000] {logging_mixin.py:190} INFO - [2025-03-10T20:41:05.070+0000] {dagbag.py:588} INFO - Filling up the DagBag from /home/airflow/.local/lib/python3.12/site-packages/airflow/example_dags/example_task_group_decorator.py
[2025-03-10T20:41:05.090+0000] {processor.py:925} INFO - DAG(s) 'example_task_group_decorator' retrieved from /home/airflow/.local/lib/python3.12/site-packages/airflow/example_dags/example_task_group_decorator.py
[2025-03-10T20:41:05.120+0000] {logging_mixin.py:190} INFO - [2025-03-10T20:41:05.120+0000] {dag.py:3239} INFO - Sync 1 DAGs
[2025-03-10T20:41:05.137+0000] {logging_mixin.py:190} INFO - [2025-03-10T20:41:05.137+0000] {dag.py:4180} INFO - Setting next_dagrun for example_task_group_decorator to None, run_after=None
[2025-03-10T20:41:05.157+0000] {processor.py:208} INFO - Processing /home/airflow/.local/lib/python3.12/site-packages/airflow/example_dags/example_task_group_decorator.py took 0.098 seconds
[2025-03-10T20:41:35.823+0000] {processor.py:186} INFO - Started process (PID=1525) to work on /home/airflow/.local/lib/python3.12/site-packages/airflow/example_dags/example_task_group_decorator.py
[2025-03-10T20:41:35.824+0000] {processor.py:914} INFO - Processing file /home/airflow/.local/lib/python3.12/site-packages/airflow/example_dags/example_task_group_decorator.py for tasks to queue
[2025-03-10T20:41:35.827+0000] {logging_mixin.py:190} INFO - [2025-03-10T20:41:35.827+0000] {dagbag.py:588} INFO - Filling up the DagBag from /home/airflow/.local/lib/python3.12/site-packages/airflow/example_dags/example_task_group_decorator.py
[2025-03-10T20:41:35.847+0000] {processor.py:925} INFO - DAG(s) 'example_task_group_decorator' retrieved from /home/airflow/.local/lib/python3.12/site-packages/airflow/example_dags/example_task_group_decorator.py
[2025-03-10T20:41:35.878+0000] {logging_mixin.py:190} INFO - [2025-03-10T20:41:35.877+0000] {dag.py:3239} INFO - Sync 1 DAGs
[2025-03-10T20:41:35.895+0000] {logging_mixin.py:190} INFO - [2025-03-10T20:41:35.895+0000] {dag.py:4180} INFO - Setting next_dagrun for example_task_group_decorator to None, run_after=None
[2025-03-10T20:41:35.913+0000] {processor.py:208} INFO - Processing /home/airflow/.local/lib/python3.12/site-packages/airflow/example_dags/example_task_group_decorator.py took 0.098 seconds
[2025-03-10T20:42:06.450+0000] {processor.py:186} INFO - Started process (PID=1588) to work on /home/airflow/.local/lib/python3.12/site-packages/airflow/example_dags/example_task_group_decorator.py
[2025-03-10T20:42:06.451+0000] {processor.py:914} INFO - Processing file /home/airflow/.local/lib/python3.12/site-packages/airflow/example_dags/example_task_group_decorator.py for tasks to queue
[2025-03-10T20:42:06.454+0000] {logging_mixin.py:190} INFO - [2025-03-10T20:42:06.454+0000] {dagbag.py:588} INFO - Filling up the DagBag from /home/airflow/.local/lib/python3.12/site-packages/airflow/example_dags/example_task_group_decorator.py
[2025-03-10T20:42:06.475+0000] {processor.py:925} INFO - DAG(s) 'example_task_group_decorator' retrieved from /home/airflow/.local/lib/python3.12/site-packages/airflow/example_dags/example_task_group_decorator.py
[2025-03-10T20:42:06.506+0000] {logging_mixin.py:190} INFO - [2025-03-10T20:42:06.505+0000] {dag.py:3239} INFO - Sync 1 DAGs
[2025-03-10T20:42:06.523+0000] {logging_mixin.py:190} INFO - [2025-03-10T20:42:06.523+0000] {dag.py:4180} INFO - Setting next_dagrun for example_task_group_decorator to None, run_after=None
[2025-03-10T20:42:06.543+0000] {processor.py:208} INFO - Processing /home/airflow/.local/lib/python3.12/site-packages/airflow/example_dags/example_task_group_decorator.py took 0.102 seconds
[2025-03-10T20:42:36.707+0000] {processor.py:186} INFO - Started process (PID=1651) to work on /home/airflow/.local/lib/python3.12/site-packages/airflow/example_dags/example_task_group_decorator.py
[2025-03-10T20:42:36.708+0000] {processor.py:914} INFO - Processing file /home/airflow/.local/lib/python3.12/site-packages/airflow/example_dags/example_task_group_decorator.py for tasks to queue
[2025-03-10T20:42:36.711+0000] {logging_mixin.py:190} INFO - [2025-03-10T20:42:36.710+0000] {dagbag.py:588} INFO - Filling up the DagBag from /home/airflow/.local/lib/python3.12/site-packages/airflow/example_dags/example_task_group_decorator.py
[2025-03-10T20:42:36.730+0000] {processor.py:925} INFO - DAG(s) 'example_task_group_decorator' retrieved from /home/airflow/.local/lib/python3.12/site-packages/airflow/example_dags/example_task_group_decorator.py
[2025-03-10T20:42:36.764+0000] {logging_mixin.py:190} INFO - [2025-03-10T20:42:36.763+0000] {dag.py:3239} INFO - Sync 1 DAGs
[2025-03-10T20:42:36.782+0000] {logging_mixin.py:190} INFO - [2025-03-10T20:42:36.782+0000] {dag.py:4180} INFO - Setting next_dagrun for example_task_group_decorator to None, run_after=None
[2025-03-10T20:42:36.802+0000] {processor.py:208} INFO - Processing /home/airflow/.local/lib/python3.12/site-packages/airflow/example_dags/example_task_group_decorator.py took 0.102 seconds
[2025-03-10T20:43:07.970+0000] {processor.py:186} INFO - Started process (PID=1714) to work on /home/airflow/.local/lib/python3.12/site-packages/airflow/example_dags/example_task_group_decorator.py
[2025-03-10T20:43:07.972+0000] {processor.py:914} INFO - Processing file /home/airflow/.local/lib/python3.12/site-packages/airflow/example_dags/example_task_group_decorator.py for tasks to queue
[2025-03-10T20:43:07.975+0000] {logging_mixin.py:190} INFO - [2025-03-10T20:43:07.974+0000] {dagbag.py:588} INFO - Filling up the DagBag from /home/airflow/.local/lib/python3.12/site-packages/airflow/example_dags/example_task_group_decorator.py
[2025-03-10T20:43:07.996+0000] {processor.py:925} INFO - DAG(s) 'example_task_group_decorator' retrieved from /home/airflow/.local/lib/python3.12/site-packages/airflow/example_dags/example_task_group_decorator.py
[2025-03-10T20:43:08.027+0000] {logging_mixin.py:190} INFO - [2025-03-10T20:43:08.026+0000] {dag.py:3239} INFO - Sync 1 DAGs
[2025-03-10T20:43:08.046+0000] {logging_mixin.py:190} INFO - [2025-03-10T20:43:08.045+0000] {dag.py:4180} INFO - Setting next_dagrun for example_task_group_decorator to None, run_after=None
[2025-03-10T20:43:08.070+0000] {processor.py:208} INFO - Processing /home/airflow/.local/lib/python3.12/site-packages/airflow/example_dags/example_task_group_decorator.py took 0.107 seconds
[2025-03-10T20:43:38.395+0000] {processor.py:186} INFO - Started process (PID=1777) to work on /home/airflow/.local/lib/python3.12/site-packages/airflow/example_dags/example_task_group_decorator.py
[2025-03-10T20:43:38.396+0000] {processor.py:914} INFO - Processing file /home/airflow/.local/lib/python3.12/site-packages/airflow/example_dags/example_task_group_decorator.py for tasks to queue
[2025-03-10T20:43:38.399+0000] {logging_mixin.py:190} INFO - [2025-03-10T20:43:38.398+0000] {dagbag.py:588} INFO - Filling up the DagBag from /home/airflow/.local/lib/python3.12/site-packages/airflow/example_dags/example_task_group_decorator.py
[2025-03-10T20:43:38.419+0000] {processor.py:925} INFO - DAG(s) 'example_task_group_decorator' retrieved from /home/airflow/.local/lib/python3.12/site-packages/airflow/example_dags/example_task_group_decorator.py
[2025-03-10T20:43:38.449+0000] {logging_mixin.py:190} INFO - [2025-03-10T20:43:38.449+0000] {dag.py:3239} INFO - Sync 1 DAGs
[2025-03-10T20:43:38.468+0000] {logging_mixin.py:190} INFO - [2025-03-10T20:43:38.468+0000] {dag.py:4180} INFO - Setting next_dagrun for example_task_group_decorator to None, run_after=None
[2025-03-10T20:43:38.491+0000] {processor.py:208} INFO - Processing /home/airflow/.local/lib/python3.12/site-packages/airflow/example_dags/example_task_group_decorator.py took 0.102 seconds
[2025-03-10T20:44:09.262+0000] {processor.py:186} INFO - Started process (PID=1840) to work on /home/airflow/.local/lib/python3.12/site-packages/airflow/example_dags/example_task_group_decorator.py
[2025-03-10T20:44:09.263+0000] {processor.py:914} INFO - Processing file /home/airflow/.local/lib/python3.12/site-packages/airflow/example_dags/example_task_group_decorator.py for tasks to queue
[2025-03-10T20:44:09.265+0000] {logging_mixin.py:190} INFO - [2025-03-10T20:44:09.265+0000] {dagbag.py:588} INFO - Filling up the DagBag from /home/airflow/.local/lib/python3.12/site-packages/airflow/example_dags/example_task_group_decorator.py
[2025-03-10T20:44:09.285+0000] {processor.py:925} INFO - DAG(s) 'example_task_group_decorator' retrieved from /home/airflow/.local/lib/python3.12/site-packages/airflow/example_dags/example_task_group_decorator.py
[2025-03-10T20:44:09.316+0000] {logging_mixin.py:190} INFO - [2025-03-10T20:44:09.315+0000] {dag.py:3239} INFO - Sync 1 DAGs
[2025-03-10T20:44:09.334+0000] {logging_mixin.py:190} INFO - [2025-03-10T20:44:09.333+0000] {dag.py:4180} INFO - Setting next_dagrun for example_task_group_decorator to None, run_after=None
[2025-03-10T20:44:09.355+0000] {processor.py:208} INFO - Processing /home/airflow/.local/lib/python3.12/site-packages/airflow/example_dags/example_task_group_decorator.py took 0.101 seconds
[2025-03-10T20:44:41.630+0000] {processor.py:186} INFO - Started process (PID=1909) to work on /home/airflow/.local/lib/python3.12/site-packages/airflow/example_dags/example_task_group_decorator.py
[2025-03-10T20:44:41.631+0000] {processor.py:914} INFO - Processing file /home/airflow/.local/lib/python3.12/site-packages/airflow/example_dags/example_task_group_decorator.py for tasks to queue
[2025-03-10T20:44:41.634+0000] {logging_mixin.py:190} INFO - [2025-03-10T20:44:41.634+0000] {dagbag.py:588} INFO - Filling up the DagBag from /home/airflow/.local/lib/python3.12/site-packages/airflow/example_dags/example_task_group_decorator.py
[2025-03-10T20:44:41.655+0000] {processor.py:925} INFO - DAG(s) 'example_task_group_decorator' retrieved from /home/airflow/.local/lib/python3.12/site-packages/airflow/example_dags/example_task_group_decorator.py
[2025-03-10T20:44:41.686+0000] {logging_mixin.py:190} INFO - [2025-03-10T20:44:41.686+0000] {dag.py:3239} INFO - Sync 1 DAGs
[2025-03-10T20:44:41.705+0000] {logging_mixin.py:190} INFO - [2025-03-10T20:44:41.704+0000] {dag.py:4180} INFO - Setting next_dagrun for example_task_group_decorator to None, run_after=None
[2025-03-10T20:44:41.726+0000] {processor.py:208} INFO - Processing /home/airflow/.local/lib/python3.12/site-packages/airflow/example_dags/example_task_group_decorator.py took 0.104 seconds
[2025-03-10T20:45:13.100+0000] {processor.py:186} INFO - Started process (PID=1972) to work on /home/airflow/.local/lib/python3.12/site-packages/airflow/example_dags/example_task_group_decorator.py
[2025-03-10T20:45:13.101+0000] {processor.py:914} INFO - Processing file /home/airflow/.local/lib/python3.12/site-packages/airflow/example_dags/example_task_group_decorator.py for tasks to queue
[2025-03-10T20:45:13.104+0000] {logging_mixin.py:190} INFO - [2025-03-10T20:45:13.103+0000] {dagbag.py:588} INFO - Filling up the DagBag from /home/airflow/.local/lib/python3.12/site-packages/airflow/example_dags/example_task_group_decorator.py
[2025-03-10T20:45:13.123+0000] {processor.py:925} INFO - DAG(s) 'example_task_group_decorator' retrieved from /home/airflow/.local/lib/python3.12/site-packages/airflow/example_dags/example_task_group_decorator.py
[2025-03-10T20:45:13.156+0000] {logging_mixin.py:190} INFO - [2025-03-10T20:45:13.155+0000] {dag.py:3239} INFO - Sync 1 DAGs
[2025-03-10T20:45:13.425+0000] {logging_mixin.py:190} INFO - [2025-03-10T20:45:13.425+0000] {dag.py:4180} INFO - Setting next_dagrun for example_task_group_decorator to None, run_after=None
[2025-03-10T20:45:13.445+0000] {processor.py:208} INFO - Processing /home/airflow/.local/lib/python3.12/site-packages/airflow/example_dags/example_task_group_decorator.py took 0.352 seconds
[2025-03-10T20:45:43.815+0000] {processor.py:186} INFO - Started process (PID=2035) to work on /home/airflow/.local/lib/python3.12/site-packages/airflow/example_dags/example_task_group_decorator.py
[2025-03-10T20:45:43.816+0000] {processor.py:914} INFO - Processing file /home/airflow/.local/lib/python3.12/site-packages/airflow/example_dags/example_task_group_decorator.py for tasks to queue
[2025-03-10T20:45:43.819+0000] {logging_mixin.py:190} INFO - [2025-03-10T20:45:43.819+0000] {dagbag.py:588} INFO - Filling up the DagBag from /home/airflow/.local/lib/python3.12/site-packages/airflow/example_dags/example_task_group_decorator.py
[2025-03-10T20:45:43.837+0000] {processor.py:925} INFO - DAG(s) 'example_task_group_decorator' retrieved from /home/airflow/.local/lib/python3.12/site-packages/airflow/example_dags/example_task_group_decorator.py
[2025-03-10T20:45:43.868+0000] {logging_mixin.py:190} INFO - [2025-03-10T20:45:43.868+0000] {dag.py:3239} INFO - Sync 1 DAGs
[2025-03-10T20:45:43.888+0000] {logging_mixin.py:190} INFO - [2025-03-10T20:45:43.888+0000] {dag.py:4180} INFO - Setting next_dagrun for example_task_group_decorator to None, run_after=None
[2025-03-10T20:45:43.911+0000] {processor.py:208} INFO - Processing /home/airflow/.local/lib/python3.12/site-packages/airflow/example_dags/example_task_group_decorator.py took 0.103 seconds
[2025-03-10T20:46:14.203+0000] {processor.py:186} INFO - Started process (PID=2097) to work on /home/airflow/.local/lib/python3.12/site-packages/airflow/example_dags/example_task_group_decorator.py
[2025-03-10T20:46:14.204+0000] {processor.py:914} INFO - Processing file /home/airflow/.local/lib/python3.12/site-packages/airflow/example_dags/example_task_group_decorator.py for tasks to queue
[2025-03-10T20:46:14.206+0000] {logging_mixin.py:190} INFO - [2025-03-10T20:46:14.206+0000] {dagbag.py:588} INFO - Filling up the DagBag from /home/airflow/.local/lib/python3.12/site-packages/airflow/example_dags/example_task_group_decorator.py
[2025-03-10T20:46:14.225+0000] {processor.py:925} INFO - DAG(s) 'example_task_group_decorator' retrieved from /home/airflow/.local/lib/python3.12/site-packages/airflow/example_dags/example_task_group_decorator.py
[2025-03-10T20:46:14.257+0000] {logging_mixin.py:190} INFO - [2025-03-10T20:46:14.257+0000] {dag.py:3239} INFO - Sync 1 DAGs
[2025-03-10T20:46:14.276+0000] {logging_mixin.py:190} INFO - [2025-03-10T20:46:14.275+0000] {dag.py:4180} INFO - Setting next_dagrun for example_task_group_decorator to None, run_after=None
[2025-03-10T20:46:14.296+0000] {processor.py:208} INFO - Processing /home/airflow/.local/lib/python3.12/site-packages/airflow/example_dags/example_task_group_decorator.py took 0.100 seconds
[2025-03-10T20:46:47.653+0000] {processor.py:186} INFO - Started process (PID=2161) to work on /home/airflow/.local/lib/python3.12/site-packages/airflow/example_dags/example_task_group_decorator.py
[2025-03-10T20:46:47.654+0000] {processor.py:914} INFO - Processing file /home/airflow/.local/lib/python3.12/site-packages/airflow/example_dags/example_task_group_decorator.py for tasks to queue
[2025-03-10T20:46:47.658+0000] {logging_mixin.py:190} INFO - [2025-03-10T20:46:47.657+0000] {dagbag.py:588} INFO - Filling up the DagBag from /home/airflow/.local/lib/python3.12/site-packages/airflow/example_dags/example_task_group_decorator.py
[2025-03-10T20:46:47.962+0000] {processor.py:925} INFO - DAG(s) 'example_task_group_decorator' retrieved from /home/airflow/.local/lib/python3.12/site-packages/airflow/example_dags/example_task_group_decorator.py
[2025-03-10T20:46:47.992+0000] {logging_mixin.py:190} INFO - [2025-03-10T20:46:47.992+0000] {dag.py:3239} INFO - Sync 1 DAGs
[2025-03-10T20:46:48.009+0000] {logging_mixin.py:190} INFO - [2025-03-10T20:46:48.009+0000] {dag.py:4180} INFO - Setting next_dagrun for example_task_group_decorator to None, run_after=None
[2025-03-10T20:46:48.031+0000] {processor.py:208} INFO - Processing /home/airflow/.local/lib/python3.12/site-packages/airflow/example_dags/example_task_group_decorator.py took 0.386 seconds
[2025-03-10T20:47:18.825+0000] {processor.py:186} INFO - Started process (PID=2224) to work on /home/airflow/.local/lib/python3.12/site-packages/airflow/example_dags/example_task_group_decorator.py
[2025-03-10T20:47:18.826+0000] {processor.py:914} INFO - Processing file /home/airflow/.local/lib/python3.12/site-packages/airflow/example_dags/example_task_group_decorator.py for tasks to queue
[2025-03-10T20:47:18.829+0000] {logging_mixin.py:190} INFO - [2025-03-10T20:47:18.829+0000] {dagbag.py:588} INFO - Filling up the DagBag from /home/airflow/.local/lib/python3.12/site-packages/airflow/example_dags/example_task_group_decorator.py
[2025-03-10T20:47:18.849+0000] {processor.py:925} INFO - DAG(s) 'example_task_group_decorator' retrieved from /home/airflow/.local/lib/python3.12/site-packages/airflow/example_dags/example_task_group_decorator.py
[2025-03-10T20:47:18.880+0000] {logging_mixin.py:190} INFO - [2025-03-10T20:47:18.880+0000] {dag.py:3239} INFO - Sync 1 DAGs
[2025-03-10T20:47:18.898+0000] {logging_mixin.py:190} INFO - [2025-03-10T20:47:18.897+0000] {dag.py:4180} INFO - Setting next_dagrun for example_task_group_decorator to None, run_after=None
[2025-03-10T20:47:18.921+0000] {processor.py:208} INFO - Processing /home/airflow/.local/lib/python3.12/site-packages/airflow/example_dags/example_task_group_decorator.py took 0.103 seconds
[2025-03-10T20:47:49.350+0000] {processor.py:186} INFO - Started process (PID=2287) to work on /home/airflow/.local/lib/python3.12/site-packages/airflow/example_dags/example_task_group_decorator.py
[2025-03-10T20:47:49.350+0000] {processor.py:914} INFO - Processing file /home/airflow/.local/lib/python3.12/site-packages/airflow/example_dags/example_task_group_decorator.py for tasks to queue
[2025-03-10T20:47:49.353+0000] {logging_mixin.py:190} INFO - [2025-03-10T20:47:49.353+0000] {dagbag.py:588} INFO - Filling up the DagBag from /home/airflow/.local/lib/python3.12/site-packages/airflow/example_dags/example_task_group_decorator.py
[2025-03-10T20:47:49.373+0000] {processor.py:925} INFO - DAG(s) 'example_task_group_decorator' retrieved from /home/airflow/.local/lib/python3.12/site-packages/airflow/example_dags/example_task_group_decorator.py
[2025-03-10T20:47:49.404+0000] {logging_mixin.py:190} INFO - [2025-03-10T20:47:49.404+0000] {dag.py:3239} INFO - Sync 1 DAGs
[2025-03-10T20:47:49.423+0000] {logging_mixin.py:190} INFO - [2025-03-10T20:47:49.422+0000] {dag.py:4180} INFO - Setting next_dagrun for example_task_group_decorator to None, run_after=None
[2025-03-10T20:47:49.445+0000] {processor.py:208} INFO - Processing /home/airflow/.local/lib/python3.12/site-packages/airflow/example_dags/example_task_group_decorator.py took 0.103 seconds
[2025-03-10T20:48:19.789+0000] {processor.py:186} INFO - Started process (PID=2350) to work on /home/airflow/.local/lib/python3.12/site-packages/airflow/example_dags/example_task_group_decorator.py
[2025-03-10T20:48:19.790+0000] {processor.py:914} INFO - Processing file /home/airflow/.local/lib/python3.12/site-packages/airflow/example_dags/example_task_group_decorator.py for tasks to queue
[2025-03-10T20:48:19.793+0000] {logging_mixin.py:190} INFO - [2025-03-10T20:48:19.792+0000] {dagbag.py:588} INFO - Filling up the DagBag from /home/airflow/.local/lib/python3.12/site-packages/airflow/example_dags/example_task_group_decorator.py
[2025-03-10T20:48:19.812+0000] {processor.py:925} INFO - DAG(s) 'example_task_group_decorator' retrieved from /home/airflow/.local/lib/python3.12/site-packages/airflow/example_dags/example_task_group_decorator.py
[2025-03-10T20:48:19.843+0000] {logging_mixin.py:190} INFO - [2025-03-10T20:48:19.843+0000] {dag.py:3239} INFO - Sync 1 DAGs
[2025-03-10T20:48:19.861+0000] {logging_mixin.py:190} INFO - [2025-03-10T20:48:19.860+0000] {dag.py:4180} INFO - Setting next_dagrun for example_task_group_decorator to None, run_after=None
[2025-03-10T20:48:19.882+0000] {processor.py:208} INFO - Processing /home/airflow/.local/lib/python3.12/site-packages/airflow/example_dags/example_task_group_decorator.py took 0.100 seconds
[2025-03-10T20:48:50.438+0000] {processor.py:186} INFO - Started process (PID=2413) to work on /home/airflow/.local/lib/python3.12/site-packages/airflow/example_dags/example_task_group_decorator.py
[2025-03-10T20:48:50.440+0000] {processor.py:914} INFO - Processing file /home/airflow/.local/lib/python3.12/site-packages/airflow/example_dags/example_task_group_decorator.py for tasks to queue
[2025-03-10T20:48:50.443+0000] {logging_mixin.py:190} INFO - [2025-03-10T20:48:50.442+0000] {dagbag.py:588} INFO - Filling up the DagBag from /home/airflow/.local/lib/python3.12/site-packages/airflow/example_dags/example_task_group_decorator.py
[2025-03-10T20:48:50.464+0000] {processor.py:925} INFO - DAG(s) 'example_task_group_decorator' retrieved from /home/airflow/.local/lib/python3.12/site-packages/airflow/example_dags/example_task_group_decorator.py
[2025-03-10T20:48:50.497+0000] {logging_mixin.py:190} INFO - [2025-03-10T20:48:50.496+0000] {dag.py:3239} INFO - Sync 1 DAGs
[2025-03-10T20:48:50.516+0000] {logging_mixin.py:190} INFO - [2025-03-10T20:48:50.515+0000] {dag.py:4180} INFO - Setting next_dagrun for example_task_group_decorator to None, run_after=None
[2025-03-10T20:48:50.536+0000] {processor.py:208} INFO - Processing /home/airflow/.local/lib/python3.12/site-packages/airflow/example_dags/example_task_group_decorator.py took 0.106 seconds
[2025-03-10T20:49:20.911+0000] {processor.py:186} INFO - Started process (PID=2476) to work on /home/airflow/.local/lib/python3.12/site-packages/airflow/example_dags/example_task_group_decorator.py
[2025-03-10T20:49:20.912+0000] {processor.py:914} INFO - Processing file /home/airflow/.local/lib/python3.12/site-packages/airflow/example_dags/example_task_group_decorator.py for tasks to queue
[2025-03-10T20:49:20.915+0000] {logging_mixin.py:190} INFO - [2025-03-10T20:49:20.914+0000] {dagbag.py:588} INFO - Filling up the DagBag from /home/airflow/.local/lib/python3.12/site-packages/airflow/example_dags/example_task_group_decorator.py
[2025-03-10T20:49:20.935+0000] {processor.py:925} INFO - DAG(s) 'example_task_group_decorator' retrieved from /home/airflow/.local/lib/python3.12/site-packages/airflow/example_dags/example_task_group_decorator.py
[2025-03-10T20:49:20.973+0000] {logging_mixin.py:190} INFO - [2025-03-10T20:49:20.972+0000] {dag.py:3239} INFO - Sync 1 DAGs
[2025-03-10T20:49:20.991+0000] {logging_mixin.py:190} INFO - [2025-03-10T20:49:20.991+0000] {dag.py:4180} INFO - Setting next_dagrun for example_task_group_decorator to None, run_after=None
[2025-03-10T20:49:21.011+0000] {processor.py:208} INFO - Processing /home/airflow/.local/lib/python3.12/site-packages/airflow/example_dags/example_task_group_decorator.py took 0.108 seconds
[2025-03-10T20:49:51.411+0000] {processor.py:186} INFO - Started process (PID=2539) to work on /home/airflow/.local/lib/python3.12/site-packages/airflow/example_dags/example_task_group_decorator.py
[2025-03-10T20:49:51.411+0000] {processor.py:914} INFO - Processing file /home/airflow/.local/lib/python3.12/site-packages/airflow/example_dags/example_task_group_decorator.py for tasks to queue
[2025-03-10T20:49:51.414+0000] {logging_mixin.py:190} INFO - [2025-03-10T20:49:51.414+0000] {dagbag.py:588} INFO - Filling up the DagBag from /home/airflow/.local/lib/python3.12/site-packages/airflow/example_dags/example_task_group_decorator.py
[2025-03-10T20:49:51.435+0000] {processor.py:925} INFO - DAG(s) 'example_task_group_decorator' retrieved from /home/airflow/.local/lib/python3.12/site-packages/airflow/example_dags/example_task_group_decorator.py
[2025-03-10T20:49:51.476+0000] {logging_mixin.py:190} INFO - [2025-03-10T20:49:51.476+0000] {dag.py:3239} INFO - Sync 1 DAGs
[2025-03-10T20:49:51.498+0000] {logging_mixin.py:190} INFO - [2025-03-10T20:49:51.497+0000] {dag.py:4180} INFO - Setting next_dagrun for example_task_group_decorator to None, run_after=None
[2025-03-10T20:49:51.520+0000] {processor.py:208} INFO - Processing /home/airflow/.local/lib/python3.12/site-packages/airflow/example_dags/example_task_group_decorator.py took 0.117 seconds
[2025-03-10T20:50:22.011+0000] {processor.py:186} INFO - Started process (PID=2602) to work on /home/airflow/.local/lib/python3.12/site-packages/airflow/example_dags/example_task_group_decorator.py
[2025-03-10T20:50:22.012+0000] {processor.py:914} INFO - Processing file /home/airflow/.local/lib/python3.12/site-packages/airflow/example_dags/example_task_group_decorator.py for tasks to queue
[2025-03-10T20:50:22.015+0000] {logging_mixin.py:190} INFO - [2025-03-10T20:50:22.014+0000] {dagbag.py:588} INFO - Filling up the DagBag from /home/airflow/.local/lib/python3.12/site-packages/airflow/example_dags/example_task_group_decorator.py
[2025-03-10T20:50:22.035+0000] {processor.py:925} INFO - DAG(s) 'example_task_group_decorator' retrieved from /home/airflow/.local/lib/python3.12/site-packages/airflow/example_dags/example_task_group_decorator.py
[2025-03-10T20:50:22.066+0000] {logging_mixin.py:190} INFO - [2025-03-10T20:50:22.065+0000] {dag.py:3239} INFO - Sync 1 DAGs
[2025-03-10T20:50:22.084+0000] {logging_mixin.py:190} INFO - [2025-03-10T20:50:22.083+0000] {dag.py:4180} INFO - Setting next_dagrun for example_task_group_decorator to None, run_after=None
[2025-03-10T20:50:22.106+0000] {processor.py:208} INFO - Processing /home/airflow/.local/lib/python3.12/site-packages/airflow/example_dags/example_task_group_decorator.py took 0.103 seconds
[2025-03-10T23:10:27.133+0000] {processor.py:186} INFO - Started process (PID=135) to work on /home/airflow/.local/lib/python3.12/site-packages/airflow/example_dags/example_task_group_decorator.py
[2025-03-10T23:10:27.138+0000] {processor.py:914} INFO - Processing file /home/airflow/.local/lib/python3.12/site-packages/airflow/example_dags/example_task_group_decorator.py for tasks to queue
[2025-03-10T23:10:27.144+0000] {logging_mixin.py:190} INFO - [2025-03-10T23:10:27.142+0000] {dagbag.py:588} INFO - Filling up the DagBag from /home/airflow/.local/lib/python3.12/site-packages/airflow/example_dags/example_task_group_decorator.py
[2025-03-10T23:10:27.246+0000] {processor.py:925} INFO - DAG(s) 'example_task_group_decorator' retrieved from /home/airflow/.local/lib/python3.12/site-packages/airflow/example_dags/example_task_group_decorator.py
[2025-03-10T23:10:27.430+0000] {logging_mixin.py:190} INFO - [2025-03-10T23:10:27.429+0000] {dag.py:3239} INFO - Sync 1 DAGs
[2025-03-10T23:10:27.512+0000] {logging_mixin.py:190} INFO - [2025-03-10T23:10:27.511+0000] {dag.py:4180} INFO - Setting next_dagrun for example_task_group_decorator to None, run_after=None
[2025-03-10T23:10:27.619+0000] {processor.py:208} INFO - Processing /home/airflow/.local/lib/python3.12/site-packages/airflow/example_dags/example_task_group_decorator.py took 0.509 seconds
[2025-03-10T23:13:12.876+0000] {processor.py:186} INFO - Started process (PID=205) to work on /home/airflow/.local/lib/python3.12/site-packages/airflow/example_dags/example_task_group_decorator.py
[2025-03-10T23:13:12.894+0000] {processor.py:914} INFO - Processing file /home/airflow/.local/lib/python3.12/site-packages/airflow/example_dags/example_task_group_decorator.py for tasks to queue
[2025-03-10T23:13:12.901+0000] {logging_mixin.py:190} INFO - [2025-03-10T23:13:12.899+0000] {dagbag.py:588} INFO - Filling up the DagBag from /home/airflow/.local/lib/python3.12/site-packages/airflow/example_dags/example_task_group_decorator.py
[2025-03-10T23:13:13.024+0000] {processor.py:925} INFO - DAG(s) 'example_task_group_decorator' retrieved from /home/airflow/.local/lib/python3.12/site-packages/airflow/example_dags/example_task_group_decorator.py
[2025-03-10T23:13:13.227+0000] {logging_mixin.py:190} INFO - [2025-03-10T23:13:13.226+0000] {dag.py:3239} INFO - Sync 1 DAGs
[2025-03-10T23:13:13.339+0000] {logging_mixin.py:190} INFO - [2025-03-10T23:13:13.337+0000] {dag.py:4180} INFO - Setting next_dagrun for example_task_group_decorator to None, run_after=None
[2025-03-10T23:13:13.528+0000] {processor.py:208} INFO - Processing /home/airflow/.local/lib/python3.12/site-packages/airflow/example_dags/example_task_group_decorator.py took 0.689 seconds
[2025-03-10T23:13:44.434+0000] {processor.py:186} INFO - Started process (PID=269) to work on /home/airflow/.local/lib/python3.12/site-packages/airflow/example_dags/example_task_group_decorator.py
[2025-03-10T23:13:44.436+0000] {processor.py:914} INFO - Processing file /home/airflow/.local/lib/python3.12/site-packages/airflow/example_dags/example_task_group_decorator.py for tasks to queue
[2025-03-10T23:13:44.437+0000] {logging_mixin.py:190} INFO - [2025-03-10T23:13:44.437+0000] {dagbag.py:588} INFO - Filling up the DagBag from /home/airflow/.local/lib/python3.12/site-packages/airflow/example_dags/example_task_group_decorator.py
[2025-03-10T23:13:44.467+0000] {processor.py:925} INFO - DAG(s) 'example_task_group_decorator' retrieved from /home/airflow/.local/lib/python3.12/site-packages/airflow/example_dags/example_task_group_decorator.py
[2025-03-10T23:13:44.504+0000] {logging_mixin.py:190} INFO - [2025-03-10T23:13:44.503+0000] {dag.py:3239} INFO - Sync 1 DAGs
[2025-03-10T23:13:44.526+0000] {logging_mixin.py:190} INFO - [2025-03-10T23:13:44.525+0000] {dag.py:4180} INFO - Setting next_dagrun for example_task_group_decorator to None, run_after=None
[2025-03-10T23:13:44.553+0000] {processor.py:208} INFO - Processing /home/airflow/.local/lib/python3.12/site-packages/airflow/example_dags/example_task_group_decorator.py took 0.127 seconds
[2025-03-10T23:15:07.470+0000] {processor.py:186} INFO - Started process (PID=323) to work on /home/airflow/.local/lib/python3.12/site-packages/airflow/example_dags/example_task_group_decorator.py
[2025-03-10T23:15:07.473+0000] {processor.py:914} INFO - Processing file /home/airflow/.local/lib/python3.12/site-packages/airflow/example_dags/example_task_group_decorator.py for tasks to queue
[2025-03-10T23:15:07.478+0000] {logging_mixin.py:190} INFO - [2025-03-10T23:15:07.477+0000] {dagbag.py:588} INFO - Filling up the DagBag from /home/airflow/.local/lib/python3.12/site-packages/airflow/example_dags/example_task_group_decorator.py
[2025-03-10T23:15:07.550+0000] {processor.py:925} INFO - DAG(s) 'example_task_group_decorator' retrieved from /home/airflow/.local/lib/python3.12/site-packages/airflow/example_dags/example_task_group_decorator.py
[2025-03-10T23:15:07.656+0000] {logging_mixin.py:190} INFO - [2025-03-10T23:15:07.656+0000] {dag.py:3239} INFO - Sync 1 DAGs
[2025-03-10T23:15:07.722+0000] {logging_mixin.py:190} INFO - [2025-03-10T23:15:07.721+0000] {dag.py:4180} INFO - Setting next_dagrun for example_task_group_decorator to None, run_after=None
[2025-03-10T23:15:07.792+0000] {processor.py:208} INFO - Processing /home/airflow/.local/lib/python3.12/site-packages/airflow/example_dags/example_task_group_decorator.py took 0.346 seconds
[2025-03-10T23:15:39.314+0000] {processor.py:186} INFO - Started process (PID=386) to work on /home/airflow/.local/lib/python3.12/site-packages/airflow/example_dags/example_task_group_decorator.py
[2025-03-10T23:15:39.317+0000] {processor.py:914} INFO - Processing file /home/airflow/.local/lib/python3.12/site-packages/airflow/example_dags/example_task_group_decorator.py for tasks to queue
[2025-03-10T23:15:39.321+0000] {logging_mixin.py:190} INFO - [2025-03-10T23:15:39.320+0000] {dagbag.py:588} INFO - Filling up the DagBag from /home/airflow/.local/lib/python3.12/site-packages/airflow/example_dags/example_task_group_decorator.py
[2025-03-10T23:15:39.395+0000] {processor.py:925} INFO - DAG(s) 'example_task_group_decorator' retrieved from /home/airflow/.local/lib/python3.12/site-packages/airflow/example_dags/example_task_group_decorator.py
[2025-03-10T23:15:39.503+0000] {logging_mixin.py:190} INFO - [2025-03-10T23:15:39.502+0000] {dag.py:3239} INFO - Sync 1 DAGs
[2025-03-10T23:15:39.577+0000] {logging_mixin.py:190} INFO - [2025-03-10T23:15:39.576+0000] {dag.py:4180} INFO - Setting next_dagrun for example_task_group_decorator to None, run_after=None
[2025-03-10T23:15:39.652+0000] {processor.py:208} INFO - Processing /home/airflow/.local/lib/python3.12/site-packages/airflow/example_dags/example_task_group_decorator.py took 0.362 seconds
[2025-03-10T23:16:11.833+0000] {processor.py:186} INFO - Started process (PID=449) to work on /home/airflow/.local/lib/python3.12/site-packages/airflow/example_dags/example_task_group_decorator.py
[2025-03-10T23:16:11.838+0000] {processor.py:914} INFO - Processing file /home/airflow/.local/lib/python3.12/site-packages/airflow/example_dags/example_task_group_decorator.py for tasks to queue
[2025-03-10T23:16:11.846+0000] {logging_mixin.py:190} INFO - [2025-03-10T23:16:11.844+0000] {dagbag.py:588} INFO - Filling up the DagBag from /home/airflow/.local/lib/python3.12/site-packages/airflow/example_dags/example_task_group_decorator.py
[2025-03-10T23:16:11.974+0000] {processor.py:925} INFO - DAG(s) 'example_task_group_decorator' retrieved from /home/airflow/.local/lib/python3.12/site-packages/airflow/example_dags/example_task_group_decorator.py
[2025-03-10T23:16:12.164+0000] {logging_mixin.py:190} INFO - [2025-03-10T23:16:12.163+0000] {dag.py:3239} INFO - Sync 1 DAGs
[2025-03-10T23:16:12.286+0000] {logging_mixin.py:190} INFO - [2025-03-10T23:16:12.285+0000] {dag.py:4180} INFO - Setting next_dagrun for example_task_group_decorator to None, run_after=None
[2025-03-10T23:16:12.410+0000] {processor.py:208} INFO - Processing /home/airflow/.local/lib/python3.12/site-packages/airflow/example_dags/example_task_group_decorator.py took 0.613 seconds
[2025-03-10T23:16:43.425+0000] {processor.py:186} INFO - Started process (PID=512) to work on /home/airflow/.local/lib/python3.12/site-packages/airflow/example_dags/example_task_group_decorator.py
[2025-03-10T23:16:43.427+0000] {processor.py:914} INFO - Processing file /home/airflow/.local/lib/python3.12/site-packages/airflow/example_dags/example_task_group_decorator.py for tasks to queue
[2025-03-10T23:16:43.432+0000] {logging_mixin.py:190} INFO - [2025-03-10T23:16:43.431+0000] {dagbag.py:588} INFO - Filling up the DagBag from /home/airflow/.local/lib/python3.12/site-packages/airflow/example_dags/example_task_group_decorator.py
[2025-03-10T23:16:43.518+0000] {processor.py:925} INFO - DAG(s) 'example_task_group_decorator' retrieved from /home/airflow/.local/lib/python3.12/site-packages/airflow/example_dags/example_task_group_decorator.py
[2025-03-10T23:16:43.703+0000] {logging_mixin.py:190} INFO - [2025-03-10T23:16:43.702+0000] {dag.py:3239} INFO - Sync 1 DAGs
[2025-03-10T23:16:43.786+0000] {logging_mixin.py:190} INFO - [2025-03-10T23:16:43.785+0000] {dag.py:4180} INFO - Setting next_dagrun for example_task_group_decorator to None, run_after=None
[2025-03-10T23:16:43.850+0000] {processor.py:208} INFO - Processing /home/airflow/.local/lib/python3.12/site-packages/airflow/example_dags/example_task_group_decorator.py took 0.450 seconds
[2025-03-10T23:17:14.492+0000] {processor.py:186} INFO - Started process (PID=575) to work on /home/airflow/.local/lib/python3.12/site-packages/airflow/example_dags/example_task_group_decorator.py
[2025-03-10T23:17:14.493+0000] {processor.py:914} INFO - Processing file /home/airflow/.local/lib/python3.12/site-packages/airflow/example_dags/example_task_group_decorator.py for tasks to queue
[2025-03-10T23:17:14.494+0000] {logging_mixin.py:190} INFO - [2025-03-10T23:17:14.494+0000] {dagbag.py:588} INFO - Filling up the DagBag from /home/airflow/.local/lib/python3.12/site-packages/airflow/example_dags/example_task_group_decorator.py
[2025-03-10T23:17:14.517+0000] {processor.py:925} INFO - DAG(s) 'example_task_group_decorator' retrieved from /home/airflow/.local/lib/python3.12/site-packages/airflow/example_dags/example_task_group_decorator.py
[2025-03-10T23:17:14.548+0000] {logging_mixin.py:190} INFO - [2025-03-10T23:17:14.548+0000] {dag.py:3239} INFO - Sync 1 DAGs
[2025-03-10T23:17:14.567+0000] {logging_mixin.py:190} INFO - [2025-03-10T23:17:14.567+0000] {dag.py:4180} INFO - Setting next_dagrun for example_task_group_decorator to None, run_after=None
[2025-03-10T23:17:14.588+0000] {processor.py:208} INFO - Processing /home/airflow/.local/lib/python3.12/site-packages/airflow/example_dags/example_task_group_decorator.py took 0.105 seconds
[2025-03-10T23:17:44.652+0000] {processor.py:186} INFO - Started process (PID=637) to work on /home/airflow/.local/lib/python3.12/site-packages/airflow/example_dags/example_task_group_decorator.py
[2025-03-10T23:17:44.653+0000] {processor.py:914} INFO - Processing file /home/airflow/.local/lib/python3.12/site-packages/airflow/example_dags/example_task_group_decorator.py for tasks to queue
[2025-03-10T23:17:44.655+0000] {logging_mixin.py:190} INFO - [2025-03-10T23:17:44.654+0000] {dagbag.py:588} INFO - Filling up the DagBag from /home/airflow/.local/lib/python3.12/site-packages/airflow/example_dags/example_task_group_decorator.py
[2025-03-10T23:17:44.675+0000] {processor.py:925} INFO - DAG(s) 'example_task_group_decorator' retrieved from /home/airflow/.local/lib/python3.12/site-packages/airflow/example_dags/example_task_group_decorator.py
[2025-03-10T23:17:44.707+0000] {logging_mixin.py:190} INFO - [2025-03-10T23:17:44.707+0000] {dag.py:3239} INFO - Sync 1 DAGs
[2025-03-10T23:17:44.727+0000] {logging_mixin.py:190} INFO - [2025-03-10T23:17:44.727+0000] {dag.py:4180} INFO - Setting next_dagrun for example_task_group_decorator to None, run_after=None
[2025-03-10T23:17:44.749+0000] {processor.py:208} INFO - Processing /home/airflow/.local/lib/python3.12/site-packages/airflow/example_dags/example_task_group_decorator.py took 0.105 seconds
[2025-03-10T23:18:14.928+0000] {processor.py:186} INFO - Started process (PID=700) to work on /home/airflow/.local/lib/python3.12/site-packages/airflow/example_dags/example_task_group_decorator.py
[2025-03-10T23:18:14.929+0000] {processor.py:914} INFO - Processing file /home/airflow/.local/lib/python3.12/site-packages/airflow/example_dags/example_task_group_decorator.py for tasks to queue
[2025-03-10T23:18:14.930+0000] {logging_mixin.py:190} INFO - [2025-03-10T23:18:14.930+0000] {dagbag.py:588} INFO - Filling up the DagBag from /home/airflow/.local/lib/python3.12/site-packages/airflow/example_dags/example_task_group_decorator.py
[2025-03-10T23:18:14.950+0000] {processor.py:925} INFO - DAG(s) 'example_task_group_decorator' retrieved from /home/airflow/.local/lib/python3.12/site-packages/airflow/example_dags/example_task_group_decorator.py
[2025-03-10T23:18:14.981+0000] {logging_mixin.py:190} INFO - [2025-03-10T23:18:14.981+0000] {dag.py:3239} INFO - Sync 1 DAGs
[2025-03-10T23:18:14.999+0000] {logging_mixin.py:190} INFO - [2025-03-10T23:18:14.999+0000] {dag.py:4180} INFO - Setting next_dagrun for example_task_group_decorator to None, run_after=None
[2025-03-10T23:18:15.017+0000] {processor.py:208} INFO - Processing /home/airflow/.local/lib/python3.12/site-packages/airflow/example_dags/example_task_group_decorator.py took 0.097 seconds
[2025-03-10T23:18:45.092+0000] {processor.py:186} INFO - Started process (PID=763) to work on /home/airflow/.local/lib/python3.12/site-packages/airflow/example_dags/example_task_group_decorator.py
[2025-03-10T23:18:45.093+0000] {processor.py:914} INFO - Processing file /home/airflow/.local/lib/python3.12/site-packages/airflow/example_dags/example_task_group_decorator.py for tasks to queue
[2025-03-10T23:18:45.095+0000] {logging_mixin.py:190} INFO - [2025-03-10T23:18:45.094+0000] {dagbag.py:588} INFO - Filling up the DagBag from /home/airflow/.local/lib/python3.12/site-packages/airflow/example_dags/example_task_group_decorator.py
[2025-03-10T23:18:45.115+0000] {processor.py:925} INFO - DAG(s) 'example_task_group_decorator' retrieved from /home/airflow/.local/lib/python3.12/site-packages/airflow/example_dags/example_task_group_decorator.py
[2025-03-10T23:18:45.148+0000] {logging_mixin.py:190} INFO - [2025-03-10T23:18:45.148+0000] {dag.py:3239} INFO - Sync 1 DAGs
[2025-03-10T23:18:45.167+0000] {logging_mixin.py:190} INFO - [2025-03-10T23:18:45.167+0000] {dag.py:4180} INFO - Setting next_dagrun for example_task_group_decorator to None, run_after=None
[2025-03-10T23:18:45.188+0000] {processor.py:208} INFO - Processing /home/airflow/.local/lib/python3.12/site-packages/airflow/example_dags/example_task_group_decorator.py took 0.105 seconds
[2025-03-10T23:19:15.512+0000] {processor.py:186} INFO - Started process (PID=826) to work on /home/airflow/.local/lib/python3.12/site-packages/airflow/example_dags/example_task_group_decorator.py
[2025-03-10T23:19:15.513+0000] {processor.py:914} INFO - Processing file /home/airflow/.local/lib/python3.12/site-packages/airflow/example_dags/example_task_group_decorator.py for tasks to queue
[2025-03-10T23:19:15.515+0000] {logging_mixin.py:190} INFO - [2025-03-10T23:19:15.514+0000] {dagbag.py:588} INFO - Filling up the DagBag from /home/airflow/.local/lib/python3.12/site-packages/airflow/example_dags/example_task_group_decorator.py
[2025-03-10T23:19:15.537+0000] {processor.py:925} INFO - DAG(s) 'example_task_group_decorator' retrieved from /home/airflow/.local/lib/python3.12/site-packages/airflow/example_dags/example_task_group_decorator.py
[2025-03-10T23:19:15.572+0000] {logging_mixin.py:190} INFO - [2025-03-10T23:19:15.572+0000] {dag.py:3239} INFO - Sync 1 DAGs
[2025-03-10T23:19:15.590+0000] {logging_mixin.py:190} INFO - [2025-03-10T23:19:15.590+0000] {dag.py:4180} INFO - Setting next_dagrun for example_task_group_decorator to None, run_after=None
[2025-03-10T23:19:15.610+0000] {processor.py:208} INFO - Processing /home/airflow/.local/lib/python3.12/site-packages/airflow/example_dags/example_task_group_decorator.py took 0.107 seconds
[2025-03-10T23:27:16.740+0000] {processor.py:186} INFO - Started process (PID=122) to work on /home/airflow/.local/lib/python3.12/site-packages/airflow/example_dags/example_task_group_decorator.py
[2025-03-10T23:27:16.744+0000] {processor.py:914} INFO - Processing file /home/airflow/.local/lib/python3.12/site-packages/airflow/example_dags/example_task_group_decorator.py for tasks to queue
[2025-03-10T23:27:16.758+0000] {logging_mixin.py:190} INFO - [2025-03-10T23:27:16.756+0000] {dagbag.py:588} INFO - Filling up the DagBag from /home/airflow/.local/lib/python3.12/site-packages/airflow/example_dags/example_task_group_decorator.py
[2025-03-10T23:27:16.874+0000] {processor.py:925} INFO - DAG(s) 'example_task_group_decorator' retrieved from /home/airflow/.local/lib/python3.12/site-packages/airflow/example_dags/example_task_group_decorator.py
[2025-03-10T23:27:17.051+0000] {logging_mixin.py:190} INFO - [2025-03-10T23:27:17.050+0000] {dag.py:3239} INFO - Sync 1 DAGs
[2025-03-10T23:27:17.155+0000] {logging_mixin.py:190} INFO - [2025-03-10T23:27:17.154+0000] {dag.py:4180} INFO - Setting next_dagrun for example_task_group_decorator to None, run_after=None
[2025-03-10T23:27:17.257+0000] {processor.py:208} INFO - Processing /home/airflow/.local/lib/python3.12/site-packages/airflow/example_dags/example_task_group_decorator.py took 0.552 seconds
[2025-03-10T23:27:48.000+0000] {processor.py:186} INFO - Started process (PID=191) to work on /home/airflow/.local/lib/python3.12/site-packages/airflow/example_dags/example_task_group_decorator.py
[2025-03-10T23:27:48.001+0000] {processor.py:914} INFO - Processing file /home/airflow/.local/lib/python3.12/site-packages/airflow/example_dags/example_task_group_decorator.py for tasks to queue
[2025-03-10T23:27:48.004+0000] {logging_mixin.py:190} INFO - [2025-03-10T23:27:48.004+0000] {dagbag.py:588} INFO - Filling up the DagBag from /home/airflow/.local/lib/python3.12/site-packages/airflow/example_dags/example_task_group_decorator.py
[2025-03-10T23:27:48.023+0000] {processor.py:925} INFO - DAG(s) 'example_task_group_decorator' retrieved from /home/airflow/.local/lib/python3.12/site-packages/airflow/example_dags/example_task_group_decorator.py
[2025-03-10T23:27:48.052+0000] {logging_mixin.py:190} INFO - [2025-03-10T23:27:48.052+0000] {dag.py:3239} INFO - Sync 1 DAGs
[2025-03-10T23:27:48.069+0000] {logging_mixin.py:190} INFO - [2025-03-10T23:27:48.068+0000] {dag.py:4180} INFO - Setting next_dagrun for example_task_group_decorator to None, run_after=None
[2025-03-10T23:27:48.090+0000] {processor.py:208} INFO - Processing /home/airflow/.local/lib/python3.12/site-packages/airflow/example_dags/example_task_group_decorator.py took 0.096 seconds
[2025-03-10T23:28:18.651+0000] {processor.py:186} INFO - Started process (PID=254) to work on /home/airflow/.local/lib/python3.12/site-packages/airflow/example_dags/example_task_group_decorator.py
[2025-03-10T23:28:18.652+0000] {processor.py:914} INFO - Processing file /home/airflow/.local/lib/python3.12/site-packages/airflow/example_dags/example_task_group_decorator.py for tasks to queue
[2025-03-10T23:28:18.655+0000] {logging_mixin.py:190} INFO - [2025-03-10T23:28:18.655+0000] {dagbag.py:588} INFO - Filling up the DagBag from /home/airflow/.local/lib/python3.12/site-packages/airflow/example_dags/example_task_group_decorator.py
[2025-03-10T23:28:18.679+0000] {processor.py:925} INFO - DAG(s) 'example_task_group_decorator' retrieved from /home/airflow/.local/lib/python3.12/site-packages/airflow/example_dags/example_task_group_decorator.py
[2025-03-10T23:28:18.709+0000] {logging_mixin.py:190} INFO - [2025-03-10T23:28:18.709+0000] {dag.py:3239} INFO - Sync 1 DAGs
[2025-03-10T23:28:18.727+0000] {logging_mixin.py:190} INFO - [2025-03-10T23:28:18.727+0000] {dag.py:4180} INFO - Setting next_dagrun for example_task_group_decorator to None, run_after=None
[2025-03-10T23:28:18.751+0000] {processor.py:208} INFO - Processing /home/airflow/.local/lib/python3.12/site-packages/airflow/example_dags/example_task_group_decorator.py took 0.109 seconds
[2025-03-10T23:28:49.374+0000] {processor.py:186} INFO - Started process (PID=317) to work on /home/airflow/.local/lib/python3.12/site-packages/airflow/example_dags/example_task_group_decorator.py
[2025-03-10T23:28:49.375+0000] {processor.py:914} INFO - Processing file /home/airflow/.local/lib/python3.12/site-packages/airflow/example_dags/example_task_group_decorator.py for tasks to queue
[2025-03-10T23:28:49.379+0000] {logging_mixin.py:190} INFO - [2025-03-10T23:28:49.379+0000] {dagbag.py:588} INFO - Filling up the DagBag from /home/airflow/.local/lib/python3.12/site-packages/airflow/example_dags/example_task_group_decorator.py
[2025-03-10T23:28:49.403+0000] {processor.py:925} INFO - DAG(s) 'example_task_group_decorator' retrieved from /home/airflow/.local/lib/python3.12/site-packages/airflow/example_dags/example_task_group_decorator.py
[2025-03-10T23:28:49.434+0000] {logging_mixin.py:190} INFO - [2025-03-10T23:28:49.434+0000] {dag.py:3239} INFO - Sync 1 DAGs
[2025-03-10T23:28:49.451+0000] {logging_mixin.py:190} INFO - [2025-03-10T23:28:49.451+0000] {dag.py:4180} INFO - Setting next_dagrun for example_task_group_decorator to None, run_after=None
[2025-03-10T23:28:49.473+0000] {processor.py:208} INFO - Processing /home/airflow/.local/lib/python3.12/site-packages/airflow/example_dags/example_task_group_decorator.py took 0.110 seconds
[2025-03-10T23:29:19.625+0000] {processor.py:186} INFO - Started process (PID=380) to work on /home/airflow/.local/lib/python3.12/site-packages/airflow/example_dags/example_task_group_decorator.py
[2025-03-10T23:29:19.626+0000] {processor.py:914} INFO - Processing file /home/airflow/.local/lib/python3.12/site-packages/airflow/example_dags/example_task_group_decorator.py for tasks to queue
[2025-03-10T23:29:19.629+0000] {logging_mixin.py:190} INFO - [2025-03-10T23:29:19.628+0000] {dagbag.py:588} INFO - Filling up the DagBag from /home/airflow/.local/lib/python3.12/site-packages/airflow/example_dags/example_task_group_decorator.py
[2025-03-10T23:29:19.648+0000] {processor.py:925} INFO - DAG(s) 'example_task_group_decorator' retrieved from /home/airflow/.local/lib/python3.12/site-packages/airflow/example_dags/example_task_group_decorator.py
[2025-03-10T23:29:19.677+0000] {logging_mixin.py:190} INFO - [2025-03-10T23:29:19.677+0000] {dag.py:3239} INFO - Sync 1 DAGs
[2025-03-10T23:29:19.694+0000] {logging_mixin.py:190} INFO - [2025-03-10T23:29:19.694+0000] {dag.py:4180} INFO - Setting next_dagrun for example_task_group_decorator to None, run_after=None
[2025-03-10T23:29:19.715+0000] {processor.py:208} INFO - Processing /home/airflow/.local/lib/python3.12/site-packages/airflow/example_dags/example_task_group_decorator.py took 0.097 seconds
[2025-03-10T23:35:31.483+0000] {processor.py:186} INFO - Started process (PID=148) to work on /home/airflow/.local/lib/python3.12/site-packages/airflow/example_dags/example_task_group_decorator.py
[2025-03-10T23:35:31.487+0000] {processor.py:914} INFO - Processing file /home/airflow/.local/lib/python3.12/site-packages/airflow/example_dags/example_task_group_decorator.py for tasks to queue
[2025-03-10T23:35:31.501+0000] {logging_mixin.py:190} INFO - [2025-03-10T23:35:31.499+0000] {dagbag.py:588} INFO - Filling up the DagBag from /home/airflow/.local/lib/python3.12/site-packages/airflow/example_dags/example_task_group_decorator.py
[2025-03-10T23:35:31.621+0000] {processor.py:925} INFO - DAG(s) 'example_task_group_decorator' retrieved from /home/airflow/.local/lib/python3.12/site-packages/airflow/example_dags/example_task_group_decorator.py
[2025-03-10T23:35:31.808+0000] {logging_mixin.py:190} INFO - [2025-03-10T23:35:31.807+0000] {dag.py:3239} INFO - Sync 1 DAGs
[2025-03-10T23:35:31.925+0000] {logging_mixin.py:190} INFO - [2025-03-10T23:35:31.923+0000] {dag.py:4180} INFO - Setting next_dagrun for example_task_group_decorator to None, run_after=None
[2025-03-10T23:35:32.030+0000] {processor.py:208} INFO - Processing /home/airflow/.local/lib/python3.12/site-packages/airflow/example_dags/example_task_group_decorator.py took 0.585 seconds
[2025-03-10T23:36:02.807+0000] {processor.py:186} INFO - Started process (PID=211) to work on /home/airflow/.local/lib/python3.12/site-packages/airflow/example_dags/example_task_group_decorator.py
[2025-03-10T23:36:02.808+0000] {processor.py:914} INFO - Processing file /home/airflow/.local/lib/python3.12/site-packages/airflow/example_dags/example_task_group_decorator.py for tasks to queue
[2025-03-10T23:36:02.811+0000] {logging_mixin.py:190} INFO - [2025-03-10T23:36:02.810+0000] {dagbag.py:588} INFO - Filling up the DagBag from /home/airflow/.local/lib/python3.12/site-packages/airflow/example_dags/example_task_group_decorator.py
[2025-03-10T23:36:02.832+0000] {processor.py:925} INFO - DAG(s) 'example_task_group_decorator' retrieved from /home/airflow/.local/lib/python3.12/site-packages/airflow/example_dags/example_task_group_decorator.py
[2025-03-10T23:36:02.869+0000] {logging_mixin.py:190} INFO - [2025-03-10T23:36:02.869+0000] {dag.py:3239} INFO - Sync 1 DAGs
[2025-03-10T23:36:02.892+0000] {logging_mixin.py:190} INFO - [2025-03-10T23:36:02.891+0000] {dag.py:4180} INFO - Setting next_dagrun for example_task_group_decorator to None, run_after=None
[2025-03-10T23:36:02.919+0000] {processor.py:208} INFO - Processing /home/airflow/.local/lib/python3.12/site-packages/airflow/example_dags/example_task_group_decorator.py took 0.120 seconds
[2025-03-10T23:36:33.198+0000] {processor.py:186} INFO - Started process (PID=274) to work on /home/airflow/.local/lib/python3.12/site-packages/airflow/example_dags/example_task_group_decorator.py
[2025-03-10T23:36:33.199+0000] {processor.py:914} INFO - Processing file /home/airflow/.local/lib/python3.12/site-packages/airflow/example_dags/example_task_group_decorator.py for tasks to queue
[2025-03-10T23:36:33.202+0000] {logging_mixin.py:190} INFO - [2025-03-10T23:36:33.202+0000] {dagbag.py:588} INFO - Filling up the DagBag from /home/airflow/.local/lib/python3.12/site-packages/airflow/example_dags/example_task_group_decorator.py
[2025-03-10T23:36:33.222+0000] {processor.py:925} INFO - DAG(s) 'example_task_group_decorator' retrieved from /home/airflow/.local/lib/python3.12/site-packages/airflow/example_dags/example_task_group_decorator.py
[2025-03-10T23:36:33.264+0000] {logging_mixin.py:190} INFO - [2025-03-10T23:36:33.263+0000] {dag.py:3239} INFO - Sync 1 DAGs
[2025-03-10T23:36:33.292+0000] {logging_mixin.py:190} INFO - [2025-03-10T23:36:33.291+0000] {dag.py:4180} INFO - Setting next_dagrun for example_task_group_decorator to None, run_after=None
[2025-03-10T23:36:33.320+0000] {processor.py:208} INFO - Processing /home/airflow/.local/lib/python3.12/site-packages/airflow/example_dags/example_task_group_decorator.py took 0.129 seconds
[2025-03-10T23:37:03.600+0000] {processor.py:186} INFO - Started process (PID=337) to work on /home/airflow/.local/lib/python3.12/site-packages/airflow/example_dags/example_task_group_decorator.py
[2025-03-10T23:37:03.600+0000] {processor.py:914} INFO - Processing file /home/airflow/.local/lib/python3.12/site-packages/airflow/example_dags/example_task_group_decorator.py for tasks to queue
[2025-03-10T23:37:03.603+0000] {logging_mixin.py:190} INFO - [2025-03-10T23:37:03.603+0000] {dagbag.py:588} INFO - Filling up the DagBag from /home/airflow/.local/lib/python3.12/site-packages/airflow/example_dags/example_task_group_decorator.py
[2025-03-10T23:37:03.623+0000] {processor.py:925} INFO - DAG(s) 'example_task_group_decorator' retrieved from /home/airflow/.local/lib/python3.12/site-packages/airflow/example_dags/example_task_group_decorator.py
[2025-03-10T23:37:03.652+0000] {logging_mixin.py:190} INFO - [2025-03-10T23:37:03.652+0000] {dag.py:3239} INFO - Sync 1 DAGs
[2025-03-10T23:37:03.670+0000] {logging_mixin.py:190} INFO - [2025-03-10T23:37:03.670+0000] {dag.py:4180} INFO - Setting next_dagrun for example_task_group_decorator to None, run_after=None
[2025-03-10T23:37:03.691+0000] {processor.py:208} INFO - Processing /home/airflow/.local/lib/python3.12/site-packages/airflow/example_dags/example_task_group_decorator.py took 0.099 seconds
