[2025-03-10T20:30:02.335+0000] {processor.py:186} INFO - Started process (PID=90) to work on /home/airflow/.local/lib/python3.12/site-packages/airflow/example_dags/example_display_name.py
[2025-03-10T20:30:02.339+0000] {processor.py:914} INFO - Processing file /home/airflow/.local/lib/python3.12/site-packages/airflow/example_dags/example_display_name.py for tasks to queue
[2025-03-10T20:30:02.365+0000] {logging_mixin.py:190} INFO - [2025-03-10T20:30:02.355+0000] {dagbag.py:588} INFO - Filling up the DagBag from /home/airflow/.local/lib/python3.12/site-packages/airflow/example_dags/example_display_name.py
[2025-03-10T20:30:02.407+0000] {processor.py:925} INFO - DAG(s) 'example_display_name' retrieved from /home/airflow/.local/lib/python3.12/site-packages/airflow/example_dags/example_display_name.py
[2025-03-10T20:30:02.890+0000] {logging_mixin.py:190} INFO - [2025-03-10T20:30:02.886+0000] {override.py:1912} INFO - Created Permission View: can read on DAG:example_display_name
[2025-03-10T20:30:02.984+0000] {logging_mixin.py:190} INFO - [2025-03-10T20:30:02.983+0000] {override.py:1912} INFO - Created Permission View: can edit on DAG:example_display_name
[2025-03-10T20:30:03.019+0000] {logging_mixin.py:190} INFO - [2025-03-10T20:30:03.017+0000] {override.py:1912} INFO - Created Permission View: can delete on DAG:example_display_name
[2025-03-10T20:30:03.049+0000] {logging_mixin.py:190} INFO - [2025-03-10T20:30:03.048+0000] {override.py:1912} INFO - Created Permission View: menu access on DAG Run:example_display_name
[2025-03-10T20:30:03.081+0000] {logging_mixin.py:190} INFO - [2025-03-10T20:30:03.079+0000] {override.py:1912} INFO - Created Permission View: can read on DAG Run:example_display_name
[2025-03-10T20:30:03.112+0000] {logging_mixin.py:190} INFO - [2025-03-10T20:30:03.110+0000] {override.py:1912} INFO - Created Permission View: can create on DAG Run:example_display_name
[2025-03-10T20:30:03.144+0000] {logging_mixin.py:190} INFO - [2025-03-10T20:30:03.141+0000] {override.py:1912} INFO - Created Permission View: can delete on DAG Run:example_display_name
[2025-03-10T20:30:03.148+0000] {logging_mixin.py:190} INFO - [2025-03-10T20:30:03.147+0000] {dag.py:3239} INFO - Sync 1 DAGs
[2025-03-10T20:30:03.255+0000] {logging_mixin.py:190} INFO - [2025-03-10T20:30:03.254+0000] {dag.py:3262} INFO - Creating ORM DAG for example_display_name
[2025-03-10T20:30:03.259+0000] {logging_mixin.py:190} INFO - [2025-03-10T20:30:03.258+0000] {dag.py:4180} INFO - Setting next_dagrun for example_display_name to None, run_after=None
[2025-03-10T20:30:03.350+0000] {processor.py:208} INFO - Processing /home/airflow/.local/lib/python3.12/site-packages/airflow/example_dags/example_display_name.py took 1.081 seconds
[2025-03-10T20:30:34.481+0000] {processor.py:186} INFO - Started process (PID=152) to work on /home/airflow/.local/lib/python3.12/site-packages/airflow/example_dags/example_display_name.py
[2025-03-10T20:30:34.484+0000] {processor.py:914} INFO - Processing file /home/airflow/.local/lib/python3.12/site-packages/airflow/example_dags/example_display_name.py for tasks to queue
[2025-03-10T20:30:34.495+0000] {logging_mixin.py:190} INFO - [2025-03-10T20:30:34.493+0000] {dagbag.py:588} INFO - Filling up the DagBag from /home/airflow/.local/lib/python3.12/site-packages/airflow/example_dags/example_display_name.py
[2025-03-10T20:30:34.527+0000] {processor.py:925} INFO - DAG(s) 'example_display_name' retrieved from /home/airflow/.local/lib/python3.12/site-packages/airflow/example_dags/example_display_name.py
[2025-03-10T20:30:34.606+0000] {logging_mixin.py:190} INFO - [2025-03-10T20:30:34.605+0000] {dag.py:3239} INFO - Sync 1 DAGs
[2025-03-10T20:30:34.676+0000] {logging_mixin.py:190} INFO - [2025-03-10T20:30:34.675+0000] {dag.py:4180} INFO - Setting next_dagrun for example_display_name to None, run_after=None
[2025-03-10T20:30:34.748+0000] {processor.py:208} INFO - Processing /home/airflow/.local/lib/python3.12/site-packages/airflow/example_dags/example_display_name.py took 0.293 seconds
[2025-03-10T20:31:05.025+0000] {processor.py:186} INFO - Started process (PID=215) to work on /home/airflow/.local/lib/python3.12/site-packages/airflow/example_dags/example_display_name.py
[2025-03-10T20:31:05.026+0000] {processor.py:914} INFO - Processing file /home/airflow/.local/lib/python3.12/site-packages/airflow/example_dags/example_display_name.py for tasks to queue
[2025-03-10T20:31:05.029+0000] {logging_mixin.py:190} INFO - [2025-03-10T20:31:05.029+0000] {dagbag.py:588} INFO - Filling up the DagBag from /home/airflow/.local/lib/python3.12/site-packages/airflow/example_dags/example_display_name.py
[2025-03-10T20:31:05.038+0000] {processor.py:925} INFO - DAG(s) 'example_display_name' retrieved from /home/airflow/.local/lib/python3.12/site-packages/airflow/example_dags/example_display_name.py
[2025-03-10T20:31:05.064+0000] {logging_mixin.py:190} INFO - [2025-03-10T20:31:05.063+0000] {dag.py:3239} INFO - Sync 1 DAGs
[2025-03-10T20:31:05.113+0000] {logging_mixin.py:190} INFO - [2025-03-10T20:31:05.112+0000] {dag.py:4180} INFO - Setting next_dagrun for example_display_name to None, run_after=None
[2025-03-10T20:31:05.199+0000] {processor.py:208} INFO - Processing /home/airflow/.local/lib/python3.12/site-packages/airflow/example_dags/example_display_name.py took 0.180 seconds
[2025-03-10T20:31:35.590+0000] {processor.py:186} INFO - Started process (PID=278) to work on /home/airflow/.local/lib/python3.12/site-packages/airflow/example_dags/example_display_name.py
[2025-03-10T20:31:35.591+0000] {processor.py:914} INFO - Processing file /home/airflow/.local/lib/python3.12/site-packages/airflow/example_dags/example_display_name.py for tasks to queue
[2025-03-10T20:31:35.594+0000] {logging_mixin.py:190} INFO - [2025-03-10T20:31:35.594+0000] {dagbag.py:588} INFO - Filling up the DagBag from /home/airflow/.local/lib/python3.12/site-packages/airflow/example_dags/example_display_name.py
[2025-03-10T20:31:35.603+0000] {processor.py:925} INFO - DAG(s) 'example_display_name' retrieved from /home/airflow/.local/lib/python3.12/site-packages/airflow/example_dags/example_display_name.py
[2025-03-10T20:31:35.629+0000] {logging_mixin.py:190} INFO - [2025-03-10T20:31:35.629+0000] {dag.py:3239} INFO - Sync 1 DAGs
[2025-03-10T20:31:35.648+0000] {logging_mixin.py:190} INFO - [2025-03-10T20:31:35.648+0000] {dag.py:4180} INFO - Setting next_dagrun for example_display_name to None, run_after=None
[2025-03-10T20:31:35.671+0000] {processor.py:208} INFO - Processing /home/airflow/.local/lib/python3.12/site-packages/airflow/example_dags/example_display_name.py took 0.090 seconds
[2025-03-10T20:32:06.005+0000] {processor.py:186} INFO - Started process (PID=341) to work on /home/airflow/.local/lib/python3.12/site-packages/airflow/example_dags/example_display_name.py
[2025-03-10T20:32:06.006+0000] {processor.py:914} INFO - Processing file /home/airflow/.local/lib/python3.12/site-packages/airflow/example_dags/example_display_name.py for tasks to queue
[2025-03-10T20:32:06.009+0000] {logging_mixin.py:190} INFO - [2025-03-10T20:32:06.009+0000] {dagbag.py:588} INFO - Filling up the DagBag from /home/airflow/.local/lib/python3.12/site-packages/airflow/example_dags/example_display_name.py
[2025-03-10T20:32:06.018+0000] {processor.py:925} INFO - DAG(s) 'example_display_name' retrieved from /home/airflow/.local/lib/python3.12/site-packages/airflow/example_dags/example_display_name.py
[2025-03-10T20:32:06.043+0000] {logging_mixin.py:190} INFO - [2025-03-10T20:32:06.043+0000] {dag.py:3239} INFO - Sync 1 DAGs
[2025-03-10T20:32:06.060+0000] {logging_mixin.py:190} INFO - [2025-03-10T20:32:06.060+0000] {dag.py:4180} INFO - Setting next_dagrun for example_display_name to None, run_after=None
[2025-03-10T20:32:06.086+0000] {processor.py:208} INFO - Processing /home/airflow/.local/lib/python3.12/site-packages/airflow/example_dags/example_display_name.py took 0.090 seconds
[2025-03-10T20:32:36.478+0000] {processor.py:186} INFO - Started process (PID=404) to work on /home/airflow/.local/lib/python3.12/site-packages/airflow/example_dags/example_display_name.py
[2025-03-10T20:32:36.479+0000] {processor.py:914} INFO - Processing file /home/airflow/.local/lib/python3.12/site-packages/airflow/example_dags/example_display_name.py for tasks to queue
[2025-03-10T20:32:36.483+0000] {logging_mixin.py:190} INFO - [2025-03-10T20:32:36.482+0000] {dagbag.py:588} INFO - Filling up the DagBag from /home/airflow/.local/lib/python3.12/site-packages/airflow/example_dags/example_display_name.py
[2025-03-10T20:32:36.491+0000] {processor.py:925} INFO - DAG(s) 'example_display_name' retrieved from /home/airflow/.local/lib/python3.12/site-packages/airflow/example_dags/example_display_name.py
[2025-03-10T20:32:36.517+0000] {logging_mixin.py:190} INFO - [2025-03-10T20:32:36.517+0000] {dag.py:3239} INFO - Sync 1 DAGs
[2025-03-10T20:32:36.536+0000] {logging_mixin.py:190} INFO - [2025-03-10T20:32:36.536+0000] {dag.py:4180} INFO - Setting next_dagrun for example_display_name to None, run_after=None
[2025-03-10T20:32:36.558+0000] {processor.py:208} INFO - Processing /home/airflow/.local/lib/python3.12/site-packages/airflow/example_dags/example_display_name.py took 0.089 seconds
[2025-03-10T20:33:06.745+0000] {processor.py:186} INFO - Started process (PID=467) to work on /home/airflow/.local/lib/python3.12/site-packages/airflow/example_dags/example_display_name.py
[2025-03-10T20:33:06.753+0000] {processor.py:914} INFO - Processing file /home/airflow/.local/lib/python3.12/site-packages/airflow/example_dags/example_display_name.py for tasks to queue
[2025-03-10T20:33:06.756+0000] {logging_mixin.py:190} INFO - [2025-03-10T20:33:06.756+0000] {dagbag.py:588} INFO - Filling up the DagBag from /home/airflow/.local/lib/python3.12/site-packages/airflow/example_dags/example_display_name.py
[2025-03-10T20:33:06.765+0000] {processor.py:925} INFO - DAG(s) 'example_display_name' retrieved from /home/airflow/.local/lib/python3.12/site-packages/airflow/example_dags/example_display_name.py
[2025-03-10T20:33:06.793+0000] {logging_mixin.py:190} INFO - [2025-03-10T20:33:06.793+0000] {dag.py:3239} INFO - Sync 1 DAGs
[2025-03-10T20:33:06.813+0000] {logging_mixin.py:190} INFO - [2025-03-10T20:33:06.813+0000] {dag.py:4180} INFO - Setting next_dagrun for example_display_name to None, run_after=None
[2025-03-10T20:33:06.836+0000] {processor.py:208} INFO - Processing /home/airflow/.local/lib/python3.12/site-packages/airflow/example_dags/example_display_name.py took 0.101 seconds
[2025-03-10T20:33:37.342+0000] {processor.py:186} INFO - Started process (PID=530) to work on /home/airflow/.local/lib/python3.12/site-packages/airflow/example_dags/example_display_name.py
[2025-03-10T20:33:37.342+0000] {processor.py:914} INFO - Processing file /home/airflow/.local/lib/python3.12/site-packages/airflow/example_dags/example_display_name.py for tasks to queue
[2025-03-10T20:33:37.345+0000] {logging_mixin.py:190} INFO - [2025-03-10T20:33:37.345+0000] {dagbag.py:588} INFO - Filling up the DagBag from /home/airflow/.local/lib/python3.12/site-packages/airflow/example_dags/example_display_name.py
[2025-03-10T20:33:37.353+0000] {processor.py:925} INFO - DAG(s) 'example_display_name' retrieved from /home/airflow/.local/lib/python3.12/site-packages/airflow/example_dags/example_display_name.py
[2025-03-10T20:33:37.377+0000] {logging_mixin.py:190} INFO - [2025-03-10T20:33:37.377+0000] {dag.py:3239} INFO - Sync 1 DAGs
[2025-03-10T20:33:37.397+0000] {logging_mixin.py:190} INFO - [2025-03-10T20:33:37.396+0000] {dag.py:4180} INFO - Setting next_dagrun for example_display_name to None, run_after=None
[2025-03-10T20:33:37.418+0000] {processor.py:208} INFO - Processing /home/airflow/.local/lib/python3.12/site-packages/airflow/example_dags/example_display_name.py took 0.084 seconds
[2025-03-10T20:34:07.618+0000] {processor.py:186} INFO - Started process (PID=593) to work on /home/airflow/.local/lib/python3.12/site-packages/airflow/example_dags/example_display_name.py
[2025-03-10T20:34:07.619+0000] {processor.py:914} INFO - Processing file /home/airflow/.local/lib/python3.12/site-packages/airflow/example_dags/example_display_name.py for tasks to queue
[2025-03-10T20:34:07.622+0000] {logging_mixin.py:190} INFO - [2025-03-10T20:34:07.622+0000] {dagbag.py:588} INFO - Filling up the DagBag from /home/airflow/.local/lib/python3.12/site-packages/airflow/example_dags/example_display_name.py
[2025-03-10T20:34:07.631+0000] {processor.py:925} INFO - DAG(s) 'example_display_name' retrieved from /home/airflow/.local/lib/python3.12/site-packages/airflow/example_dags/example_display_name.py
[2025-03-10T20:34:07.658+0000] {logging_mixin.py:190} INFO - [2025-03-10T20:34:07.657+0000] {dag.py:3239} INFO - Sync 1 DAGs
[2025-03-10T20:34:07.677+0000] {logging_mixin.py:190} INFO - [2025-03-10T20:34:07.677+0000] {dag.py:4180} INFO - Setting next_dagrun for example_display_name to None, run_after=None
[2025-03-10T20:34:07.700+0000] {processor.py:208} INFO - Processing /home/airflow/.local/lib/python3.12/site-packages/airflow/example_dags/example_display_name.py took 0.092 seconds
[2025-03-10T20:34:38.061+0000] {processor.py:186} INFO - Started process (PID=656) to work on /home/airflow/.local/lib/python3.12/site-packages/airflow/example_dags/example_display_name.py
[2025-03-10T20:34:38.062+0000] {processor.py:914} INFO - Processing file /home/airflow/.local/lib/python3.12/site-packages/airflow/example_dags/example_display_name.py for tasks to queue
[2025-03-10T20:34:38.065+0000] {logging_mixin.py:190} INFO - [2025-03-10T20:34:38.065+0000] {dagbag.py:588} INFO - Filling up the DagBag from /home/airflow/.local/lib/python3.12/site-packages/airflow/example_dags/example_display_name.py
[2025-03-10T20:34:38.074+0000] {processor.py:925} INFO - DAG(s) 'example_display_name' retrieved from /home/airflow/.local/lib/python3.12/site-packages/airflow/example_dags/example_display_name.py
[2025-03-10T20:34:38.101+0000] {logging_mixin.py:190} INFO - [2025-03-10T20:34:38.100+0000] {dag.py:3239} INFO - Sync 1 DAGs
[2025-03-10T20:34:38.120+0000] {logging_mixin.py:190} INFO - [2025-03-10T20:34:38.119+0000] {dag.py:4180} INFO - Setting next_dagrun for example_display_name to None, run_after=None
[2025-03-10T20:34:38.141+0000] {processor.py:208} INFO - Processing /home/airflow/.local/lib/python3.12/site-packages/airflow/example_dags/example_display_name.py took 0.090 seconds
[2025-03-10T20:35:08.518+0000] {processor.py:186} INFO - Started process (PID=719) to work on /home/airflow/.local/lib/python3.12/site-packages/airflow/example_dags/example_display_name.py
[2025-03-10T20:35:08.519+0000] {processor.py:914} INFO - Processing file /home/airflow/.local/lib/python3.12/site-packages/airflow/example_dags/example_display_name.py for tasks to queue
[2025-03-10T20:35:08.523+0000] {logging_mixin.py:190} INFO - [2025-03-10T20:35:08.523+0000] {dagbag.py:588} INFO - Filling up the DagBag from /home/airflow/.local/lib/python3.12/site-packages/airflow/example_dags/example_display_name.py
[2025-03-10T20:35:08.532+0000] {processor.py:925} INFO - DAG(s) 'example_display_name' retrieved from /home/airflow/.local/lib/python3.12/site-packages/airflow/example_dags/example_display_name.py
[2025-03-10T20:35:08.557+0000] {logging_mixin.py:190} INFO - [2025-03-10T20:35:08.556+0000] {dag.py:3239} INFO - Sync 1 DAGs
[2025-03-10T20:35:08.578+0000] {logging_mixin.py:190} INFO - [2025-03-10T20:35:08.577+0000] {dag.py:4180} INFO - Setting next_dagrun for example_display_name to None, run_after=None
[2025-03-10T20:35:08.595+0000] {processor.py:208} INFO - Processing /home/airflow/.local/lib/python3.12/site-packages/airflow/example_dags/example_display_name.py took 0.086 seconds
[2025-03-10T20:35:38.663+0000] {processor.py:186} INFO - Started process (PID=788) to work on /home/airflow/.local/lib/python3.12/site-packages/airflow/example_dags/example_display_name.py
[2025-03-10T20:35:38.664+0000] {processor.py:914} INFO - Processing file /home/airflow/.local/lib/python3.12/site-packages/airflow/example_dags/example_display_name.py for tasks to queue
[2025-03-10T20:35:38.669+0000] {logging_mixin.py:190} INFO - [2025-03-10T20:35:38.668+0000] {dagbag.py:588} INFO - Filling up the DagBag from /home/airflow/.local/lib/python3.12/site-packages/airflow/example_dags/example_display_name.py
[2025-03-10T20:35:38.679+0000] {processor.py:925} INFO - DAG(s) 'example_display_name' retrieved from /home/airflow/.local/lib/python3.12/site-packages/airflow/example_dags/example_display_name.py
[2025-03-10T20:35:38.705+0000] {logging_mixin.py:190} INFO - [2025-03-10T20:35:38.704+0000] {dag.py:3239} INFO - Sync 1 DAGs
[2025-03-10T20:35:38.725+0000] {logging_mixin.py:190} INFO - [2025-03-10T20:35:38.725+0000] {dag.py:4180} INFO - Setting next_dagrun for example_display_name to None, run_after=None
[2025-03-10T20:35:38.750+0000] {processor.py:208} INFO - Processing /home/airflow/.local/lib/python3.12/site-packages/airflow/example_dags/example_display_name.py took 0.097 seconds
[2025-03-10T20:36:08.914+0000] {processor.py:186} INFO - Started process (PID=851) to work on /home/airflow/.local/lib/python3.12/site-packages/airflow/example_dags/example_display_name.py
[2025-03-10T20:36:08.915+0000] {processor.py:914} INFO - Processing file /home/airflow/.local/lib/python3.12/site-packages/airflow/example_dags/example_display_name.py for tasks to queue
[2025-03-10T20:36:08.919+0000] {logging_mixin.py:190} INFO - [2025-03-10T20:36:08.918+0000] {dagbag.py:588} INFO - Filling up the DagBag from /home/airflow/.local/lib/python3.12/site-packages/airflow/example_dags/example_display_name.py
[2025-03-10T20:36:08.927+0000] {processor.py:925} INFO - DAG(s) 'example_display_name' retrieved from /home/airflow/.local/lib/python3.12/site-packages/airflow/example_dags/example_display_name.py
[2025-03-10T20:36:08.953+0000] {logging_mixin.py:190} INFO - [2025-03-10T20:36:08.952+0000] {dag.py:3239} INFO - Sync 1 DAGs
[2025-03-10T20:36:08.972+0000] {logging_mixin.py:190} INFO - [2025-03-10T20:36:08.972+0000] {dag.py:4180} INFO - Setting next_dagrun for example_display_name to None, run_after=None
[2025-03-10T20:36:08.996+0000] {processor.py:208} INFO - Processing /home/airflow/.local/lib/python3.12/site-packages/airflow/example_dags/example_display_name.py took 0.089 seconds
[2025-03-10T20:36:39.445+0000] {processor.py:186} INFO - Started process (PID=914) to work on /home/airflow/.local/lib/python3.12/site-packages/airflow/example_dags/example_display_name.py
[2025-03-10T20:36:39.446+0000] {processor.py:914} INFO - Processing file /home/airflow/.local/lib/python3.12/site-packages/airflow/example_dags/example_display_name.py for tasks to queue
[2025-03-10T20:36:39.449+0000] {logging_mixin.py:190} INFO - [2025-03-10T20:36:39.449+0000] {dagbag.py:588} INFO - Filling up the DagBag from /home/airflow/.local/lib/python3.12/site-packages/airflow/example_dags/example_display_name.py
[2025-03-10T20:36:39.457+0000] {processor.py:925} INFO - DAG(s) 'example_display_name' retrieved from /home/airflow/.local/lib/python3.12/site-packages/airflow/example_dags/example_display_name.py
[2025-03-10T20:36:39.479+0000] {logging_mixin.py:190} INFO - [2025-03-10T20:36:39.479+0000] {dag.py:3239} INFO - Sync 1 DAGs
[2025-03-10T20:36:39.497+0000] {logging_mixin.py:190} INFO - [2025-03-10T20:36:39.497+0000] {dag.py:4180} INFO - Setting next_dagrun for example_display_name to None, run_after=None
[2025-03-10T20:36:39.520+0000] {processor.py:208} INFO - Processing /home/airflow/.local/lib/python3.12/site-packages/airflow/example_dags/example_display_name.py took 0.082 seconds
[2025-03-10T20:37:09.880+0000] {processor.py:186} INFO - Started process (PID=978) to work on /home/airflow/.local/lib/python3.12/site-packages/airflow/example_dags/example_display_name.py
[2025-03-10T20:37:09.881+0000] {processor.py:914} INFO - Processing file /home/airflow/.local/lib/python3.12/site-packages/airflow/example_dags/example_display_name.py for tasks to queue
[2025-03-10T20:37:09.884+0000] {logging_mixin.py:190} INFO - [2025-03-10T20:37:09.884+0000] {dagbag.py:588} INFO - Filling up the DagBag from /home/airflow/.local/lib/python3.12/site-packages/airflow/example_dags/example_display_name.py
[2025-03-10T20:37:09.894+0000] {processor.py:925} INFO - DAG(s) 'example_display_name' retrieved from /home/airflow/.local/lib/python3.12/site-packages/airflow/example_dags/example_display_name.py
[2025-03-10T20:37:09.921+0000] {logging_mixin.py:190} INFO - [2025-03-10T20:37:09.921+0000] {dag.py:3239} INFO - Sync 1 DAGs
[2025-03-10T20:37:09.940+0000] {logging_mixin.py:190} INFO - [2025-03-10T20:37:09.940+0000] {dag.py:4180} INFO - Setting next_dagrun for example_display_name to None, run_after=None
[2025-03-10T20:37:09.963+0000] {processor.py:208} INFO - Processing /home/airflow/.local/lib/python3.12/site-packages/airflow/example_dags/example_display_name.py took 0.091 seconds
[2025-03-10T20:37:40.188+0000] {processor.py:186} INFO - Started process (PID=1041) to work on /home/airflow/.local/lib/python3.12/site-packages/airflow/example_dags/example_display_name.py
[2025-03-10T20:37:40.188+0000] {processor.py:914} INFO - Processing file /home/airflow/.local/lib/python3.12/site-packages/airflow/example_dags/example_display_name.py for tasks to queue
[2025-03-10T20:37:40.191+0000] {logging_mixin.py:190} INFO - [2025-03-10T20:37:40.191+0000] {dagbag.py:588} INFO - Filling up the DagBag from /home/airflow/.local/lib/python3.12/site-packages/airflow/example_dags/example_display_name.py
[2025-03-10T20:37:40.198+0000] {processor.py:925} INFO - DAG(s) 'example_display_name' retrieved from /home/airflow/.local/lib/python3.12/site-packages/airflow/example_dags/example_display_name.py
[2025-03-10T20:37:40.221+0000] {logging_mixin.py:190} INFO - [2025-03-10T20:37:40.220+0000] {dag.py:3239} INFO - Sync 1 DAGs
[2025-03-10T20:37:40.239+0000] {logging_mixin.py:190} INFO - [2025-03-10T20:37:40.238+0000] {dag.py:4180} INFO - Setting next_dagrun for example_display_name to None, run_after=None
[2025-03-10T20:37:40.258+0000] {processor.py:208} INFO - Processing /home/airflow/.local/lib/python3.12/site-packages/airflow/example_dags/example_display_name.py took 0.077 seconds
[2025-03-10T20:38:10.410+0000] {processor.py:186} INFO - Started process (PID=1103) to work on /home/airflow/.local/lib/python3.12/site-packages/airflow/example_dags/example_display_name.py
[2025-03-10T20:38:10.411+0000] {processor.py:914} INFO - Processing file /home/airflow/.local/lib/python3.12/site-packages/airflow/example_dags/example_display_name.py for tasks to queue
[2025-03-10T20:38:10.414+0000] {logging_mixin.py:190} INFO - [2025-03-10T20:38:10.414+0000] {dagbag.py:588} INFO - Filling up the DagBag from /home/airflow/.local/lib/python3.12/site-packages/airflow/example_dags/example_display_name.py
[2025-03-10T20:38:10.423+0000] {processor.py:925} INFO - DAG(s) 'example_display_name' retrieved from /home/airflow/.local/lib/python3.12/site-packages/airflow/example_dags/example_display_name.py
[2025-03-10T20:38:10.449+0000] {logging_mixin.py:190} INFO - [2025-03-10T20:38:10.449+0000] {dag.py:3239} INFO - Sync 1 DAGs
[2025-03-10T20:38:10.466+0000] {logging_mixin.py:190} INFO - [2025-03-10T20:38:10.466+0000] {dag.py:4180} INFO - Setting next_dagrun for example_display_name to None, run_after=None
[2025-03-10T20:38:10.488+0000] {processor.py:208} INFO - Processing /home/airflow/.local/lib/python3.12/site-packages/airflow/example_dags/example_display_name.py took 0.087 seconds
[2025-03-10T20:38:40.957+0000] {processor.py:186} INFO - Started process (PID=1166) to work on /home/airflow/.local/lib/python3.12/site-packages/airflow/example_dags/example_display_name.py
[2025-03-10T20:38:40.958+0000] {processor.py:914} INFO - Processing file /home/airflow/.local/lib/python3.12/site-packages/airflow/example_dags/example_display_name.py for tasks to queue
[2025-03-10T20:38:40.961+0000] {logging_mixin.py:190} INFO - [2025-03-10T20:38:40.960+0000] {dagbag.py:588} INFO - Filling up the DagBag from /home/airflow/.local/lib/python3.12/site-packages/airflow/example_dags/example_display_name.py
[2025-03-10T20:38:40.969+0000] {processor.py:925} INFO - DAG(s) 'example_display_name' retrieved from /home/airflow/.local/lib/python3.12/site-packages/airflow/example_dags/example_display_name.py
[2025-03-10T20:38:40.994+0000] {logging_mixin.py:190} INFO - [2025-03-10T20:38:40.994+0000] {dag.py:3239} INFO - Sync 1 DAGs
[2025-03-10T20:38:41.011+0000] {logging_mixin.py:190} INFO - [2025-03-10T20:38:41.011+0000] {dag.py:4180} INFO - Setting next_dagrun for example_display_name to None, run_after=None
[2025-03-10T20:38:41.031+0000] {processor.py:208} INFO - Processing /home/airflow/.local/lib/python3.12/site-packages/airflow/example_dags/example_display_name.py took 0.083 seconds
[2025-03-10T20:39:11.588+0000] {processor.py:186} INFO - Started process (PID=1229) to work on /home/airflow/.local/lib/python3.12/site-packages/airflow/example_dags/example_display_name.py
[2025-03-10T20:39:11.589+0000] {processor.py:914} INFO - Processing file /home/airflow/.local/lib/python3.12/site-packages/airflow/example_dags/example_display_name.py for tasks to queue
[2025-03-10T20:39:11.592+0000] {logging_mixin.py:190} INFO - [2025-03-10T20:39:11.592+0000] {dagbag.py:588} INFO - Filling up the DagBag from /home/airflow/.local/lib/python3.12/site-packages/airflow/example_dags/example_display_name.py
[2025-03-10T20:39:11.601+0000] {processor.py:925} INFO - DAG(s) 'example_display_name' retrieved from /home/airflow/.local/lib/python3.12/site-packages/airflow/example_dags/example_display_name.py
[2025-03-10T20:39:11.628+0000] {logging_mixin.py:190} INFO - [2025-03-10T20:39:11.628+0000] {dag.py:3239} INFO - Sync 1 DAGs
[2025-03-10T20:39:11.648+0000] {logging_mixin.py:190} INFO - [2025-03-10T20:39:11.648+0000] {dag.py:4180} INFO - Setting next_dagrun for example_display_name to None, run_after=None
[2025-03-10T20:39:11.672+0000] {processor.py:208} INFO - Processing /home/airflow/.local/lib/python3.12/site-packages/airflow/example_dags/example_display_name.py took 0.093 seconds
[2025-03-10T20:39:42.199+0000] {processor.py:186} INFO - Started process (PID=1292) to work on /home/airflow/.local/lib/python3.12/site-packages/airflow/example_dags/example_display_name.py
[2025-03-10T20:39:42.200+0000] {processor.py:914} INFO - Processing file /home/airflow/.local/lib/python3.12/site-packages/airflow/example_dags/example_display_name.py for tasks to queue
[2025-03-10T20:39:42.203+0000] {logging_mixin.py:190} INFO - [2025-03-10T20:39:42.203+0000] {dagbag.py:588} INFO - Filling up the DagBag from /home/airflow/.local/lib/python3.12/site-packages/airflow/example_dags/example_display_name.py
[2025-03-10T20:39:42.211+0000] {processor.py:925} INFO - DAG(s) 'example_display_name' retrieved from /home/airflow/.local/lib/python3.12/site-packages/airflow/example_dags/example_display_name.py
[2025-03-10T20:39:42.235+0000] {logging_mixin.py:190} INFO - [2025-03-10T20:39:42.234+0000] {dag.py:3239} INFO - Sync 1 DAGs
[2025-03-10T20:39:42.253+0000] {logging_mixin.py:190} INFO - [2025-03-10T20:39:42.253+0000] {dag.py:4180} INFO - Setting next_dagrun for example_display_name to None, run_after=None
[2025-03-10T20:39:42.274+0000] {processor.py:208} INFO - Processing /home/airflow/.local/lib/python3.12/site-packages/airflow/example_dags/example_display_name.py took 0.082 seconds
[2025-03-10T20:40:12.471+0000] {processor.py:186} INFO - Started process (PID=1355) to work on /home/airflow/.local/lib/python3.12/site-packages/airflow/example_dags/example_display_name.py
[2025-03-10T20:40:12.472+0000] {processor.py:914} INFO - Processing file /home/airflow/.local/lib/python3.12/site-packages/airflow/example_dags/example_display_name.py for tasks to queue
[2025-03-10T20:40:12.475+0000] {logging_mixin.py:190} INFO - [2025-03-10T20:40:12.475+0000] {dagbag.py:588} INFO - Filling up the DagBag from /home/airflow/.local/lib/python3.12/site-packages/airflow/example_dags/example_display_name.py
[2025-03-10T20:40:12.483+0000] {processor.py:925} INFO - DAG(s) 'example_display_name' retrieved from /home/airflow/.local/lib/python3.12/site-packages/airflow/example_dags/example_display_name.py
[2025-03-10T20:40:12.507+0000] {logging_mixin.py:190} INFO - [2025-03-10T20:40:12.506+0000] {dag.py:3239} INFO - Sync 1 DAGs
[2025-03-10T20:40:12.525+0000] {logging_mixin.py:190} INFO - [2025-03-10T20:40:12.525+0000] {dag.py:4180} INFO - Setting next_dagrun for example_display_name to None, run_after=None
[2025-03-10T20:40:12.546+0000] {processor.py:208} INFO - Processing /home/airflow/.local/lib/python3.12/site-packages/airflow/example_dags/example_display_name.py took 0.083 seconds
[2025-03-10T20:40:42.860+0000] {processor.py:186} INFO - Started process (PID=1418) to work on /home/airflow/.local/lib/python3.12/site-packages/airflow/example_dags/example_display_name.py
[2025-03-10T20:40:42.861+0000] {processor.py:914} INFO - Processing file /home/airflow/.local/lib/python3.12/site-packages/airflow/example_dags/example_display_name.py for tasks to queue
[2025-03-10T20:40:42.864+0000] {logging_mixin.py:190} INFO - [2025-03-10T20:40:42.864+0000] {dagbag.py:588} INFO - Filling up the DagBag from /home/airflow/.local/lib/python3.12/site-packages/airflow/example_dags/example_display_name.py
[2025-03-10T20:40:42.873+0000] {processor.py:925} INFO - DAG(s) 'example_display_name' retrieved from /home/airflow/.local/lib/python3.12/site-packages/airflow/example_dags/example_display_name.py
[2025-03-10T20:40:42.899+0000] {logging_mixin.py:190} INFO - [2025-03-10T20:40:42.898+0000] {dag.py:3239} INFO - Sync 1 DAGs
[2025-03-10T20:40:42.919+0000] {logging_mixin.py:190} INFO - [2025-03-10T20:40:42.919+0000] {dag.py:4180} INFO - Setting next_dagrun for example_display_name to None, run_after=None
[2025-03-10T20:40:42.942+0000] {processor.py:208} INFO - Processing /home/airflow/.local/lib/python3.12/site-packages/airflow/example_dags/example_display_name.py took 0.091 seconds
[2025-03-10T20:41:13.788+0000] {processor.py:186} INFO - Started process (PID=1480) to work on /home/airflow/.local/lib/python3.12/site-packages/airflow/example_dags/example_display_name.py
[2025-03-10T20:41:13.789+0000] {processor.py:914} INFO - Processing file /home/airflow/.local/lib/python3.12/site-packages/airflow/example_dags/example_display_name.py for tasks to queue
[2025-03-10T20:41:13.793+0000] {logging_mixin.py:190} INFO - [2025-03-10T20:41:13.792+0000] {dagbag.py:588} INFO - Filling up the DagBag from /home/airflow/.local/lib/python3.12/site-packages/airflow/example_dags/example_display_name.py
[2025-03-10T20:41:13.800+0000] {processor.py:925} INFO - DAG(s) 'example_display_name' retrieved from /home/airflow/.local/lib/python3.12/site-packages/airflow/example_dags/example_display_name.py
[2025-03-10T20:41:13.825+0000] {logging_mixin.py:190} INFO - [2025-03-10T20:41:13.824+0000] {dag.py:3239} INFO - Sync 1 DAGs
[2025-03-10T20:41:13.842+0000] {logging_mixin.py:190} INFO - [2025-03-10T20:41:13.842+0000] {dag.py:4180} INFO - Setting next_dagrun for example_display_name to None, run_after=None
[2025-03-10T20:41:13.866+0000] {processor.py:208} INFO - Processing /home/airflow/.local/lib/python3.12/site-packages/airflow/example_dags/example_display_name.py took 0.086 seconds
[2025-03-10T20:41:44.602+0000] {processor.py:186} INFO - Started process (PID=1543) to work on /home/airflow/.local/lib/python3.12/site-packages/airflow/example_dags/example_display_name.py
[2025-03-10T20:41:44.603+0000] {processor.py:914} INFO - Processing file /home/airflow/.local/lib/python3.12/site-packages/airflow/example_dags/example_display_name.py for tasks to queue
[2025-03-10T20:41:44.606+0000] {logging_mixin.py:190} INFO - [2025-03-10T20:41:44.606+0000] {dagbag.py:588} INFO - Filling up the DagBag from /home/airflow/.local/lib/python3.12/site-packages/airflow/example_dags/example_display_name.py
[2025-03-10T20:41:44.614+0000] {processor.py:925} INFO - DAG(s) 'example_display_name' retrieved from /home/airflow/.local/lib/python3.12/site-packages/airflow/example_dags/example_display_name.py
[2025-03-10T20:41:44.638+0000] {logging_mixin.py:190} INFO - [2025-03-10T20:41:44.638+0000] {dag.py:3239} INFO - Sync 1 DAGs
[2025-03-10T20:41:44.656+0000] {logging_mixin.py:190} INFO - [2025-03-10T20:41:44.655+0000] {dag.py:4180} INFO - Setting next_dagrun for example_display_name to None, run_after=None
[2025-03-10T20:41:44.674+0000] {processor.py:208} INFO - Processing /home/airflow/.local/lib/python3.12/site-packages/airflow/example_dags/example_display_name.py took 0.080 seconds
[2025-03-10T20:42:15.158+0000] {processor.py:186} INFO - Started process (PID=1606) to work on /home/airflow/.local/lib/python3.12/site-packages/airflow/example_dags/example_display_name.py
[2025-03-10T20:42:15.159+0000] {processor.py:914} INFO - Processing file /home/airflow/.local/lib/python3.12/site-packages/airflow/example_dags/example_display_name.py for tasks to queue
[2025-03-10T20:42:15.163+0000] {logging_mixin.py:190} INFO - [2025-03-10T20:42:15.163+0000] {dagbag.py:588} INFO - Filling up the DagBag from /home/airflow/.local/lib/python3.12/site-packages/airflow/example_dags/example_display_name.py
[2025-03-10T20:42:15.172+0000] {processor.py:925} INFO - DAG(s) 'example_display_name' retrieved from /home/airflow/.local/lib/python3.12/site-packages/airflow/example_dags/example_display_name.py
[2025-03-10T20:42:15.198+0000] {logging_mixin.py:190} INFO - [2025-03-10T20:42:15.197+0000] {dag.py:3239} INFO - Sync 1 DAGs
[2025-03-10T20:42:15.215+0000] {logging_mixin.py:190} INFO - [2025-03-10T20:42:15.215+0000] {dag.py:4180} INFO - Setting next_dagrun for example_display_name to None, run_after=None
[2025-03-10T20:42:15.238+0000] {processor.py:208} INFO - Processing /home/airflow/.local/lib/python3.12/site-packages/airflow/example_dags/example_display_name.py took 0.089 seconds
[2025-03-10T20:42:45.380+0000] {processor.py:186} INFO - Started process (PID=1669) to work on /home/airflow/.local/lib/python3.12/site-packages/airflow/example_dags/example_display_name.py
[2025-03-10T20:42:45.381+0000] {processor.py:914} INFO - Processing file /home/airflow/.local/lib/python3.12/site-packages/airflow/example_dags/example_display_name.py for tasks to queue
[2025-03-10T20:42:45.385+0000] {logging_mixin.py:190} INFO - [2025-03-10T20:42:45.384+0000] {dagbag.py:588} INFO - Filling up the DagBag from /home/airflow/.local/lib/python3.12/site-packages/airflow/example_dags/example_display_name.py
[2025-03-10T20:42:45.393+0000] {processor.py:925} INFO - DAG(s) 'example_display_name' retrieved from /home/airflow/.local/lib/python3.12/site-packages/airflow/example_dags/example_display_name.py
[2025-03-10T20:42:45.419+0000] {logging_mixin.py:190} INFO - [2025-03-10T20:42:45.419+0000] {dag.py:3239} INFO - Sync 1 DAGs
[2025-03-10T20:42:45.438+0000] {logging_mixin.py:190} INFO - [2025-03-10T20:42:45.437+0000] {dag.py:4180} INFO - Setting next_dagrun for example_display_name to None, run_after=None
[2025-03-10T20:42:45.460+0000] {processor.py:208} INFO - Processing /home/airflow/.local/lib/python3.12/site-packages/airflow/example_dags/example_display_name.py took 0.088 seconds
[2025-03-10T20:43:15.715+0000] {processor.py:186} INFO - Started process (PID=1732) to work on /home/airflow/.local/lib/python3.12/site-packages/airflow/example_dags/example_display_name.py
[2025-03-10T20:43:15.717+0000] {processor.py:914} INFO - Processing file /home/airflow/.local/lib/python3.12/site-packages/airflow/example_dags/example_display_name.py for tasks to queue
[2025-03-10T20:43:15.721+0000] {logging_mixin.py:190} INFO - [2025-03-10T20:43:15.720+0000] {dagbag.py:588} INFO - Filling up the DagBag from /home/airflow/.local/lib/python3.12/site-packages/airflow/example_dags/example_display_name.py
[2025-03-10T20:43:15.730+0000] {processor.py:925} INFO - DAG(s) 'example_display_name' retrieved from /home/airflow/.local/lib/python3.12/site-packages/airflow/example_dags/example_display_name.py
[2025-03-10T20:43:15.754+0000] {logging_mixin.py:190} INFO - [2025-03-10T20:43:15.754+0000] {dag.py:3239} INFO - Sync 1 DAGs
[2025-03-10T20:43:15.773+0000] {logging_mixin.py:190} INFO - [2025-03-10T20:43:15.772+0000] {dag.py:4180} INFO - Setting next_dagrun for example_display_name to None, run_after=None
[2025-03-10T20:43:15.797+0000] {processor.py:208} INFO - Processing /home/airflow/.local/lib/python3.12/site-packages/airflow/example_dags/example_display_name.py took 0.090 seconds
[2025-03-10T20:43:46.191+0000] {processor.py:186} INFO - Started process (PID=1795) to work on /home/airflow/.local/lib/python3.12/site-packages/airflow/example_dags/example_display_name.py
[2025-03-10T20:43:46.192+0000] {processor.py:914} INFO - Processing file /home/airflow/.local/lib/python3.12/site-packages/airflow/example_dags/example_display_name.py for tasks to queue
[2025-03-10T20:43:46.195+0000] {logging_mixin.py:190} INFO - [2025-03-10T20:43:46.195+0000] {dagbag.py:588} INFO - Filling up the DagBag from /home/airflow/.local/lib/python3.12/site-packages/airflow/example_dags/example_display_name.py
[2025-03-10T20:43:46.204+0000] {processor.py:925} INFO - DAG(s) 'example_display_name' retrieved from /home/airflow/.local/lib/python3.12/site-packages/airflow/example_dags/example_display_name.py
[2025-03-10T20:43:46.229+0000] {logging_mixin.py:190} INFO - [2025-03-10T20:43:46.229+0000] {dag.py:3239} INFO - Sync 1 DAGs
[2025-03-10T20:43:46.248+0000] {logging_mixin.py:190} INFO - [2025-03-10T20:43:46.248+0000] {dag.py:4180} INFO - Setting next_dagrun for example_display_name to None, run_after=None
[2025-03-10T20:43:46.272+0000] {processor.py:208} INFO - Processing /home/airflow/.local/lib/python3.12/site-packages/airflow/example_dags/example_display_name.py took 0.088 seconds
[2025-03-10T20:44:17.093+0000] {processor.py:186} INFO - Started process (PID=1858) to work on /home/airflow/.local/lib/python3.12/site-packages/airflow/example_dags/example_display_name.py
[2025-03-10T20:44:17.095+0000] {processor.py:914} INFO - Processing file /home/airflow/.local/lib/python3.12/site-packages/airflow/example_dags/example_display_name.py for tasks to queue
[2025-03-10T20:44:17.099+0000] {logging_mixin.py:190} INFO - [2025-03-10T20:44:17.099+0000] {dagbag.py:588} INFO - Filling up the DagBag from /home/airflow/.local/lib/python3.12/site-packages/airflow/example_dags/example_display_name.py
[2025-03-10T20:44:17.107+0000] {processor.py:925} INFO - DAG(s) 'example_display_name' retrieved from /home/airflow/.local/lib/python3.12/site-packages/airflow/example_dags/example_display_name.py
[2025-03-10T20:44:17.131+0000] {logging_mixin.py:190} INFO - [2025-03-10T20:44:17.131+0000] {dag.py:3239} INFO - Sync 1 DAGs
[2025-03-10T20:44:17.149+0000] {logging_mixin.py:190} INFO - [2025-03-10T20:44:17.148+0000] {dag.py:4180} INFO - Setting next_dagrun for example_display_name to None, run_after=None
[2025-03-10T20:44:17.169+0000] {processor.py:208} INFO - Processing /home/airflow/.local/lib/python3.12/site-packages/airflow/example_dags/example_display_name.py took 0.083 seconds
[2025-03-10T20:44:47.478+0000] {processor.py:186} INFO - Started process (PID=1921) to work on /home/airflow/.local/lib/python3.12/site-packages/airflow/example_dags/example_display_name.py
[2025-03-10T20:44:47.479+0000] {processor.py:914} INFO - Processing file /home/airflow/.local/lib/python3.12/site-packages/airflow/example_dags/example_display_name.py for tasks to queue
[2025-03-10T20:44:47.483+0000] {logging_mixin.py:190} INFO - [2025-03-10T20:44:47.482+0000] {dagbag.py:588} INFO - Filling up the DagBag from /home/airflow/.local/lib/python3.12/site-packages/airflow/example_dags/example_display_name.py
[2025-03-10T20:44:47.491+0000] {processor.py:925} INFO - DAG(s) 'example_display_name' retrieved from /home/airflow/.local/lib/python3.12/site-packages/airflow/example_dags/example_display_name.py
[2025-03-10T20:44:47.516+0000] {logging_mixin.py:190} INFO - [2025-03-10T20:44:47.515+0000] {dag.py:3239} INFO - Sync 1 DAGs
[2025-03-10T20:44:47.533+0000] {logging_mixin.py:190} INFO - [2025-03-10T20:44:47.533+0000] {dag.py:4180} INFO - Setting next_dagrun for example_display_name to None, run_after=None
[2025-03-10T20:44:47.554+0000] {processor.py:208} INFO - Processing /home/airflow/.local/lib/python3.12/site-packages/airflow/example_dags/example_display_name.py took 0.085 seconds
[2025-03-10T20:45:17.828+0000] {processor.py:186} INFO - Started process (PID=1984) to work on /home/airflow/.local/lib/python3.12/site-packages/airflow/example_dags/example_display_name.py
[2025-03-10T20:45:17.829+0000] {processor.py:914} INFO - Processing file /home/airflow/.local/lib/python3.12/site-packages/airflow/example_dags/example_display_name.py for tasks to queue
[2025-03-10T20:45:17.833+0000] {logging_mixin.py:190} INFO - [2025-03-10T20:45:17.832+0000] {dagbag.py:588} INFO - Filling up the DagBag from /home/airflow/.local/lib/python3.12/site-packages/airflow/example_dags/example_display_name.py
[2025-03-10T20:45:17.841+0000] {processor.py:925} INFO - DAG(s) 'example_display_name' retrieved from /home/airflow/.local/lib/python3.12/site-packages/airflow/example_dags/example_display_name.py
[2025-03-10T20:45:17.866+0000] {logging_mixin.py:190} INFO - [2025-03-10T20:45:17.866+0000] {dag.py:3239} INFO - Sync 1 DAGs
[2025-03-10T20:45:18.131+0000] {logging_mixin.py:190} INFO - [2025-03-10T20:45:18.131+0000] {dag.py:4180} INFO - Setting next_dagrun for example_display_name to None, run_after=None
[2025-03-10T20:45:18.150+0000] {processor.py:208} INFO - Processing /home/airflow/.local/lib/python3.12/site-packages/airflow/example_dags/example_display_name.py took 0.330 seconds
[2025-03-10T20:45:49.154+0000] {processor.py:186} INFO - Started process (PID=2047) to work on /home/airflow/.local/lib/python3.12/site-packages/airflow/example_dags/example_display_name.py
[2025-03-10T20:45:49.154+0000] {processor.py:914} INFO - Processing file /home/airflow/.local/lib/python3.12/site-packages/airflow/example_dags/example_display_name.py for tasks to queue
[2025-03-10T20:45:49.158+0000] {logging_mixin.py:190} INFO - [2025-03-10T20:45:49.157+0000] {dagbag.py:588} INFO - Filling up the DagBag from /home/airflow/.local/lib/python3.12/site-packages/airflow/example_dags/example_display_name.py
[2025-03-10T20:45:49.167+0000] {processor.py:925} INFO - DAG(s) 'example_display_name' retrieved from /home/airflow/.local/lib/python3.12/site-packages/airflow/example_dags/example_display_name.py
[2025-03-10T20:45:49.192+0000] {logging_mixin.py:190} INFO - [2025-03-10T20:45:49.192+0000] {dag.py:3239} INFO - Sync 1 DAGs
[2025-03-10T20:45:49.210+0000] {logging_mixin.py:190} INFO - [2025-03-10T20:45:49.210+0000] {dag.py:4180} INFO - Setting next_dagrun for example_display_name to None, run_after=None
[2025-03-10T20:45:49.235+0000] {processor.py:208} INFO - Processing /home/airflow/.local/lib/python3.12/site-packages/airflow/example_dags/example_display_name.py took 0.089 seconds
[2025-03-10T20:46:20.032+0000] {processor.py:186} INFO - Started process (PID=2110) to work on /home/airflow/.local/lib/python3.12/site-packages/airflow/example_dags/example_display_name.py
[2025-03-10T20:46:20.033+0000] {processor.py:914} INFO - Processing file /home/airflow/.local/lib/python3.12/site-packages/airflow/example_dags/example_display_name.py for tasks to queue
[2025-03-10T20:46:20.036+0000] {logging_mixin.py:190} INFO - [2025-03-10T20:46:20.036+0000] {dagbag.py:588} INFO - Filling up the DagBag from /home/airflow/.local/lib/python3.12/site-packages/airflow/example_dags/example_display_name.py
[2025-03-10T20:46:20.044+0000] {processor.py:925} INFO - DAG(s) 'example_display_name' retrieved from /home/airflow/.local/lib/python3.12/site-packages/airflow/example_dags/example_display_name.py
[2025-03-10T20:46:20.068+0000] {logging_mixin.py:190} INFO - [2025-03-10T20:46:20.067+0000] {dag.py:3239} INFO - Sync 1 DAGs
[2025-03-10T20:46:20.086+0000] {logging_mixin.py:190} INFO - [2025-03-10T20:46:20.085+0000] {dag.py:4180} INFO - Setting next_dagrun for example_display_name to None, run_after=None
[2025-03-10T20:46:20.106+0000] {processor.py:208} INFO - Processing /home/airflow/.local/lib/python3.12/site-packages/airflow/example_dags/example_display_name.py took 0.081 seconds
[2025-03-10T20:46:50.573+0000] {processor.py:186} INFO - Started process (PID=2173) to work on /home/airflow/.local/lib/python3.12/site-packages/airflow/example_dags/example_display_name.py
[2025-03-10T20:46:50.574+0000] {processor.py:914} INFO - Processing file /home/airflow/.local/lib/python3.12/site-packages/airflow/example_dags/example_display_name.py for tasks to queue
[2025-03-10T20:46:50.577+0000] {logging_mixin.py:190} INFO - [2025-03-10T20:46:50.577+0000] {dagbag.py:588} INFO - Filling up the DagBag from /home/airflow/.local/lib/python3.12/site-packages/airflow/example_dags/example_display_name.py
[2025-03-10T20:46:50.586+0000] {processor.py:925} INFO - DAG(s) 'example_display_name' retrieved from /home/airflow/.local/lib/python3.12/site-packages/airflow/example_dags/example_display_name.py
[2025-03-10T20:46:50.610+0000] {logging_mixin.py:190} INFO - [2025-03-10T20:46:50.610+0000] {dag.py:3239} INFO - Sync 1 DAGs
[2025-03-10T20:46:50.628+0000] {logging_mixin.py:190} INFO - [2025-03-10T20:46:50.627+0000] {dag.py:4180} INFO - Setting next_dagrun for example_display_name to None, run_after=None
[2025-03-10T20:46:50.650+0000] {processor.py:208} INFO - Processing /home/airflow/.local/lib/python3.12/site-packages/airflow/example_dags/example_display_name.py took 0.084 seconds
[2025-03-10T20:47:20.746+0000] {processor.py:186} INFO - Started process (PID=2236) to work on /home/airflow/.local/lib/python3.12/site-packages/airflow/example_dags/example_display_name.py
[2025-03-10T20:47:20.747+0000] {processor.py:914} INFO - Processing file /home/airflow/.local/lib/python3.12/site-packages/airflow/example_dags/example_display_name.py for tasks to queue
[2025-03-10T20:47:20.750+0000] {logging_mixin.py:190} INFO - [2025-03-10T20:47:20.750+0000] {dagbag.py:588} INFO - Filling up the DagBag from /home/airflow/.local/lib/python3.12/site-packages/airflow/example_dags/example_display_name.py
[2025-03-10T20:47:20.758+0000] {processor.py:925} INFO - DAG(s) 'example_display_name' retrieved from /home/airflow/.local/lib/python3.12/site-packages/airflow/example_dags/example_display_name.py
[2025-03-10T20:47:20.782+0000] {logging_mixin.py:190} INFO - [2025-03-10T20:47:20.782+0000] {dag.py:3239} INFO - Sync 1 DAGs
[2025-03-10T20:47:20.801+0000] {logging_mixin.py:190} INFO - [2025-03-10T20:47:20.800+0000] {dag.py:4180} INFO - Setting next_dagrun for example_display_name to None, run_after=None
[2025-03-10T20:47:20.820+0000] {processor.py:208} INFO - Processing /home/airflow/.local/lib/python3.12/site-packages/airflow/example_dags/example_display_name.py took 0.081 seconds
[2025-03-10T20:47:51.168+0000] {processor.py:186} INFO - Started process (PID=2299) to work on /home/airflow/.local/lib/python3.12/site-packages/airflow/example_dags/example_display_name.py
[2025-03-10T20:47:51.169+0000] {processor.py:914} INFO - Processing file /home/airflow/.local/lib/python3.12/site-packages/airflow/example_dags/example_display_name.py for tasks to queue
[2025-03-10T20:47:51.173+0000] {logging_mixin.py:190} INFO - [2025-03-10T20:47:51.172+0000] {dagbag.py:588} INFO - Filling up the DagBag from /home/airflow/.local/lib/python3.12/site-packages/airflow/example_dags/example_display_name.py
[2025-03-10T20:47:51.182+0000] {processor.py:925} INFO - DAG(s) 'example_display_name' retrieved from /home/airflow/.local/lib/python3.12/site-packages/airflow/example_dags/example_display_name.py
[2025-03-10T20:47:51.206+0000] {logging_mixin.py:190} INFO - [2025-03-10T20:47:51.206+0000] {dag.py:3239} INFO - Sync 1 DAGs
[2025-03-10T20:47:51.225+0000] {logging_mixin.py:190} INFO - [2025-03-10T20:47:51.224+0000] {dag.py:4180} INFO - Setting next_dagrun for example_display_name to None, run_after=None
[2025-03-10T20:47:51.244+0000] {processor.py:208} INFO - Processing /home/airflow/.local/lib/python3.12/site-packages/airflow/example_dags/example_display_name.py took 0.084 seconds
[2025-03-10T20:48:21.678+0000] {processor.py:186} INFO - Started process (PID=2362) to work on /home/airflow/.local/lib/python3.12/site-packages/airflow/example_dags/example_display_name.py
[2025-03-10T20:48:21.679+0000] {processor.py:914} INFO - Processing file /home/airflow/.local/lib/python3.12/site-packages/airflow/example_dags/example_display_name.py for tasks to queue
[2025-03-10T20:48:21.683+0000] {logging_mixin.py:190} INFO - [2025-03-10T20:48:21.682+0000] {dagbag.py:588} INFO - Filling up the DagBag from /home/airflow/.local/lib/python3.12/site-packages/airflow/example_dags/example_display_name.py
[2025-03-10T20:48:21.692+0000] {processor.py:925} INFO - DAG(s) 'example_display_name' retrieved from /home/airflow/.local/lib/python3.12/site-packages/airflow/example_dags/example_display_name.py
[2025-03-10T20:48:21.716+0000] {logging_mixin.py:190} INFO - [2025-03-10T20:48:21.716+0000] {dag.py:3239} INFO - Sync 1 DAGs
[2025-03-10T20:48:21.735+0000] {logging_mixin.py:190} INFO - [2025-03-10T20:48:21.735+0000] {dag.py:4180} INFO - Setting next_dagrun for example_display_name to None, run_after=None
[2025-03-10T20:48:21.754+0000] {processor.py:208} INFO - Processing /home/airflow/.local/lib/python3.12/site-packages/airflow/example_dags/example_display_name.py took 0.085 seconds
[2025-03-10T20:48:52.261+0000] {processor.py:186} INFO - Started process (PID=2425) to work on /home/airflow/.local/lib/python3.12/site-packages/airflow/example_dags/example_display_name.py
[2025-03-10T20:48:52.262+0000] {processor.py:914} INFO - Processing file /home/airflow/.local/lib/python3.12/site-packages/airflow/example_dags/example_display_name.py for tasks to queue
[2025-03-10T20:48:52.266+0000] {logging_mixin.py:190} INFO - [2025-03-10T20:48:52.265+0000] {dagbag.py:588} INFO - Filling up the DagBag from /home/airflow/.local/lib/python3.12/site-packages/airflow/example_dags/example_display_name.py
[2025-03-10T20:48:52.274+0000] {processor.py:925} INFO - DAG(s) 'example_display_name' retrieved from /home/airflow/.local/lib/python3.12/site-packages/airflow/example_dags/example_display_name.py
[2025-03-10T20:48:52.299+0000] {logging_mixin.py:190} INFO - [2025-03-10T20:48:52.299+0000] {dag.py:3239} INFO - Sync 1 DAGs
[2025-03-10T20:48:52.319+0000] {logging_mixin.py:190} INFO - [2025-03-10T20:48:52.318+0000] {dag.py:4180} INFO - Setting next_dagrun for example_display_name to None, run_after=None
[2025-03-10T20:48:52.339+0000] {processor.py:208} INFO - Processing /home/airflow/.local/lib/python3.12/site-packages/airflow/example_dags/example_display_name.py took 0.086 seconds
[2025-03-10T20:49:22.712+0000] {processor.py:186} INFO - Started process (PID=2488) to work on /home/airflow/.local/lib/python3.12/site-packages/airflow/example_dags/example_display_name.py
[2025-03-10T20:49:22.713+0000] {processor.py:914} INFO - Processing file /home/airflow/.local/lib/python3.12/site-packages/airflow/example_dags/example_display_name.py for tasks to queue
[2025-03-10T20:49:22.717+0000] {logging_mixin.py:190} INFO - [2025-03-10T20:49:22.716+0000] {dagbag.py:588} INFO - Filling up the DagBag from /home/airflow/.local/lib/python3.12/site-packages/airflow/example_dags/example_display_name.py
[2025-03-10T20:49:22.726+0000] {processor.py:925} INFO - DAG(s) 'example_display_name' retrieved from /home/airflow/.local/lib/python3.12/site-packages/airflow/example_dags/example_display_name.py
[2025-03-10T20:49:22.750+0000] {logging_mixin.py:190} INFO - [2025-03-10T20:49:22.750+0000] {dag.py:3239} INFO - Sync 1 DAGs
[2025-03-10T20:49:22.768+0000] {logging_mixin.py:190} INFO - [2025-03-10T20:49:22.768+0000] {dag.py:4180} INFO - Setting next_dagrun for example_display_name to None, run_after=None
[2025-03-10T20:49:22.788+0000] {processor.py:208} INFO - Processing /home/airflow/.local/lib/python3.12/site-packages/airflow/example_dags/example_display_name.py took 0.085 seconds
[2025-03-10T20:49:53.200+0000] {processor.py:186} INFO - Started process (PID=2551) to work on /home/airflow/.local/lib/python3.12/site-packages/airflow/example_dags/example_display_name.py
[2025-03-10T20:49:53.201+0000] {processor.py:914} INFO - Processing file /home/airflow/.local/lib/python3.12/site-packages/airflow/example_dags/example_display_name.py for tasks to queue
[2025-03-10T20:49:53.204+0000] {logging_mixin.py:190} INFO - [2025-03-10T20:49:53.204+0000] {dagbag.py:588} INFO - Filling up the DagBag from /home/airflow/.local/lib/python3.12/site-packages/airflow/example_dags/example_display_name.py
[2025-03-10T20:49:53.213+0000] {processor.py:925} INFO - DAG(s) 'example_display_name' retrieved from /home/airflow/.local/lib/python3.12/site-packages/airflow/example_dags/example_display_name.py
[2025-03-10T20:49:53.237+0000] {logging_mixin.py:190} INFO - [2025-03-10T20:49:53.236+0000] {dag.py:3239} INFO - Sync 1 DAGs
[2025-03-10T20:49:53.256+0000] {logging_mixin.py:190} INFO - [2025-03-10T20:49:53.255+0000] {dag.py:4180} INFO - Setting next_dagrun for example_display_name to None, run_after=None
[2025-03-10T20:49:53.278+0000] {processor.py:208} INFO - Processing /home/airflow/.local/lib/python3.12/site-packages/airflow/example_dags/example_display_name.py took 0.085 seconds
[2025-03-10T20:50:23.916+0000] {processor.py:186} INFO - Started process (PID=2614) to work on /home/airflow/.local/lib/python3.12/site-packages/airflow/example_dags/example_display_name.py
[2025-03-10T20:50:23.918+0000] {processor.py:914} INFO - Processing file /home/airflow/.local/lib/python3.12/site-packages/airflow/example_dags/example_display_name.py for tasks to queue
[2025-03-10T20:50:23.921+0000] {logging_mixin.py:190} INFO - [2025-03-10T20:50:23.920+0000] {dagbag.py:588} INFO - Filling up the DagBag from /home/airflow/.local/lib/python3.12/site-packages/airflow/example_dags/example_display_name.py
[2025-03-10T20:50:23.930+0000] {processor.py:925} INFO - DAG(s) 'example_display_name' retrieved from /home/airflow/.local/lib/python3.12/site-packages/airflow/example_dags/example_display_name.py
[2025-03-10T20:50:23.956+0000] {logging_mixin.py:190} INFO - [2025-03-10T20:50:23.956+0000] {dag.py:3239} INFO - Sync 1 DAGs
[2025-03-10T20:50:23.974+0000] {logging_mixin.py:190} INFO - [2025-03-10T20:50:23.974+0000] {dag.py:4180} INFO - Setting next_dagrun for example_display_name to None, run_after=None
[2025-03-10T20:50:23.994+0000] {processor.py:208} INFO - Processing /home/airflow/.local/lib/python3.12/site-packages/airflow/example_dags/example_display_name.py took 0.087 seconds
[2025-03-10T23:08:50.246+0000] {processor.py:186} INFO - Started process (PID=85) to work on /home/airflow/.local/lib/python3.12/site-packages/airflow/example_dags/example_display_name.py
[2025-03-10T23:08:50.249+0000] {processor.py:914} INFO - Processing file /home/airflow/.local/lib/python3.12/site-packages/airflow/example_dags/example_display_name.py for tasks to queue
[2025-03-10T23:08:50.258+0000] {logging_mixin.py:190} INFO - [2025-03-10T23:08:50.257+0000] {dagbag.py:588} INFO - Filling up the DagBag from /home/airflow/.local/lib/python3.12/site-packages/airflow/example_dags/example_display_name.py
[2025-03-10T23:08:50.288+0000] {processor.py:925} INFO - DAG(s) 'example_display_name' retrieved from /home/airflow/.local/lib/python3.12/site-packages/airflow/example_dags/example_display_name.py
[2025-03-10T23:08:50.466+0000] {logging_mixin.py:190} INFO - [2025-03-10T23:08:50.459+0000] {dag.py:3239} INFO - Sync 1 DAGs
[2025-03-10T23:08:50.722+0000] {logging_mixin.py:190} INFO - [2025-03-10T23:08:50.720+0000] {dag.py:4180} INFO - Setting next_dagrun for example_display_name to None, run_after=None
[2025-03-10T23:08:50.907+0000] {processor.py:208} INFO - Processing /home/airflow/.local/lib/python3.12/site-packages/airflow/example_dags/example_display_name.py took 0.691 seconds
[2025-03-10T23:10:31.553+0000] {processor.py:186} INFO - Started process (PID=149) to work on /home/airflow/.local/lib/python3.12/site-packages/airflow/example_dags/example_display_name.py
[2025-03-10T23:10:31.554+0000] {processor.py:914} INFO - Processing file /home/airflow/.local/lib/python3.12/site-packages/airflow/example_dags/example_display_name.py for tasks to queue
[2025-03-10T23:10:31.555+0000] {logging_mixin.py:190} INFO - [2025-03-10T23:10:31.555+0000] {dagbag.py:588} INFO - Filling up the DagBag from /home/airflow/.local/lib/python3.12/site-packages/airflow/example_dags/example_display_name.py
[2025-03-10T23:10:31.566+0000] {processor.py:925} INFO - DAG(s) 'example_display_name' retrieved from /home/airflow/.local/lib/python3.12/site-packages/airflow/example_dags/example_display_name.py
[2025-03-10T23:10:31.604+0000] {logging_mixin.py:190} INFO - [2025-03-10T23:10:31.603+0000] {dag.py:3239} INFO - Sync 1 DAGs
[2025-03-10T23:10:31.637+0000] {logging_mixin.py:190} INFO - [2025-03-10T23:10:31.637+0000] {dag.py:4180} INFO - Setting next_dagrun for example_display_name to None, run_after=None
[2025-03-10T23:10:31.668+0000] {processor.py:208} INFO - Processing /home/airflow/.local/lib/python3.12/site-packages/airflow/example_dags/example_display_name.py took 0.125 seconds
[2025-03-10T23:13:13.691+0000] {processor.py:186} INFO - Started process (PID=207) to work on /home/airflow/.local/lib/python3.12/site-packages/airflow/example_dags/example_display_name.py
[2025-03-10T23:13:13.696+0000] {processor.py:914} INFO - Processing file /home/airflow/.local/lib/python3.12/site-packages/airflow/example_dags/example_display_name.py for tasks to queue
[2025-03-10T23:13:13.703+0000] {logging_mixin.py:190} INFO - [2025-03-10T23:13:13.701+0000] {dagbag.py:588} INFO - Filling up the DagBag from /home/airflow/.local/lib/python3.12/site-packages/airflow/example_dags/example_display_name.py
[2025-03-10T23:13:13.746+0000] {processor.py:925} INFO - DAG(s) 'example_display_name' retrieved from /home/airflow/.local/lib/python3.12/site-packages/airflow/example_dags/example_display_name.py
[2025-03-10T23:13:13.901+0000] {logging_mixin.py:190} INFO - [2025-03-10T23:13:13.900+0000] {dag.py:3239} INFO - Sync 1 DAGs
[2025-03-10T23:13:14.028+0000] {logging_mixin.py:190} INFO - [2025-03-10T23:13:14.027+0000] {dag.py:4180} INFO - Setting next_dagrun for example_display_name to None, run_after=None
[2025-03-10T23:13:14.156+0000] {processor.py:208} INFO - Processing /home/airflow/.local/lib/python3.12/site-packages/airflow/example_dags/example_display_name.py took 0.503 seconds
[2025-03-10T23:13:44.425+0000] {processor.py:186} INFO - Started process (PID=268) to work on /home/airflow/.local/lib/python3.12/site-packages/airflow/example_dags/example_display_name.py
[2025-03-10T23:13:44.426+0000] {processor.py:914} INFO - Processing file /home/airflow/.local/lib/python3.12/site-packages/airflow/example_dags/example_display_name.py for tasks to queue
[2025-03-10T23:13:44.428+0000] {logging_mixin.py:190} INFO - [2025-03-10T23:13:44.427+0000] {dagbag.py:588} INFO - Filling up the DagBag from /home/airflow/.local/lib/python3.12/site-packages/airflow/example_dags/example_display_name.py
[2025-03-10T23:13:44.439+0000] {processor.py:925} INFO - DAG(s) 'example_display_name' retrieved from /home/airflow/.local/lib/python3.12/site-packages/airflow/example_dags/example_display_name.py
[2025-03-10T23:13:44.474+0000] {logging_mixin.py:190} INFO - [2025-03-10T23:13:44.473+0000] {dag.py:3239} INFO - Sync 1 DAGs
[2025-03-10T23:13:44.504+0000] {logging_mixin.py:190} INFO - [2025-03-10T23:13:44.504+0000] {dag.py:4180} INFO - Setting next_dagrun for example_display_name to None, run_after=None
[2025-03-10T23:13:44.536+0000] {processor.py:208} INFO - Processing /home/airflow/.local/lib/python3.12/site-packages/airflow/example_dags/example_display_name.py took 0.119 seconds
[2025-03-10T23:14:48.680+0000] {processor.py:186} INFO - Started process (PID=275) to work on /home/airflow/.local/lib/python3.12/site-packages/airflow/example_dags/example_display_name.py
[2025-03-10T23:14:48.685+0000] {processor.py:914} INFO - Processing file /home/airflow/.local/lib/python3.12/site-packages/airflow/example_dags/example_display_name.py for tasks to queue
[2025-03-10T23:14:48.688+0000] {logging_mixin.py:190} INFO - [2025-03-10T23:14:48.687+0000] {dagbag.py:588} INFO - Filling up the DagBag from /home/airflow/.local/lib/python3.12/site-packages/airflow/example_dags/example_display_name.py
[2025-03-10T23:14:48.753+0000] {processor.py:925} INFO - DAG(s) 'example_display_name' retrieved from /home/airflow/.local/lib/python3.12/site-packages/airflow/example_dags/example_display_name.py
[2025-03-10T23:14:49.297+0000] {logging_mixin.py:190} INFO - [2025-03-10T23:14:49.293+0000] {dag.py:3239} INFO - Sync 1 DAGs
[2025-03-10T23:14:49.361+0000] {logging_mixin.py:190} INFO - [2025-03-10T23:14:49.360+0000] {dag.py:4180} INFO - Setting next_dagrun for example_display_name to None, run_after=None
[2025-03-10T23:14:49.419+0000] {processor.py:208} INFO - Processing /home/airflow/.local/lib/python3.12/site-packages/airflow/example_dags/example_display_name.py took 0.778 seconds
[2025-03-10T23:15:20.004+0000] {processor.py:186} INFO - Started process (PID=338) to work on /home/airflow/.local/lib/python3.12/site-packages/airflow/example_dags/example_display_name.py
[2025-03-10T23:15:20.008+0000] {processor.py:914} INFO - Processing file /home/airflow/.local/lib/python3.12/site-packages/airflow/example_dags/example_display_name.py for tasks to queue
[2025-03-10T23:15:20.015+0000] {logging_mixin.py:190} INFO - [2025-03-10T23:15:20.013+0000] {dagbag.py:588} INFO - Filling up the DagBag from /home/airflow/.local/lib/python3.12/site-packages/airflow/example_dags/example_display_name.py
[2025-03-10T23:15:20.059+0000] {processor.py:925} INFO - DAG(s) 'example_display_name' retrieved from /home/airflow/.local/lib/python3.12/site-packages/airflow/example_dags/example_display_name.py
[2025-03-10T23:15:20.160+0000] {logging_mixin.py:190} INFO - [2025-03-10T23:15:20.159+0000] {dag.py:3239} INFO - Sync 1 DAGs
[2025-03-10T23:15:20.233+0000] {logging_mixin.py:190} INFO - [2025-03-10T23:15:20.232+0000] {dag.py:4180} INFO - Setting next_dagrun for example_display_name to None, run_after=None
[2025-03-10T23:15:20.310+0000] {processor.py:208} INFO - Processing /home/airflow/.local/lib/python3.12/site-packages/airflow/example_dags/example_display_name.py took 0.342 seconds
[2025-03-10T23:15:50.848+0000] {processor.py:186} INFO - Started process (PID=407) to work on /home/airflow/.local/lib/python3.12/site-packages/airflow/example_dags/example_display_name.py
[2025-03-10T23:15:50.850+0000] {processor.py:914} INFO - Processing file /home/airflow/.local/lib/python3.12/site-packages/airflow/example_dags/example_display_name.py for tasks to queue
[2025-03-10T23:15:50.852+0000] {logging_mixin.py:190} INFO - [2025-03-10T23:15:50.851+0000] {dagbag.py:588} INFO - Filling up the DagBag from /home/airflow/.local/lib/python3.12/site-packages/airflow/example_dags/example_display_name.py
[2025-03-10T23:15:50.877+0000] {processor.py:925} INFO - DAG(s) 'example_display_name' retrieved from /home/airflow/.local/lib/python3.12/site-packages/airflow/example_dags/example_display_name.py
[2025-03-10T23:15:50.913+0000] {logging_mixin.py:190} INFO - [2025-03-10T23:15:50.912+0000] {dag.py:3239} INFO - Sync 1 DAGs
[2025-03-10T23:15:50.947+0000] {logging_mixin.py:190} INFO - [2025-03-10T23:15:50.946+0000] {dag.py:4180} INFO - Setting next_dagrun for example_display_name to None, run_after=None
[2025-03-10T23:15:50.989+0000] {processor.py:208} INFO - Processing /home/airflow/.local/lib/python3.12/site-packages/airflow/example_dags/example_display_name.py took 0.152 seconds
[2025-03-10T23:16:22.622+0000] {processor.py:186} INFO - Started process (PID=470) to work on /home/airflow/.local/lib/python3.12/site-packages/airflow/example_dags/example_display_name.py
[2025-03-10T23:16:22.625+0000] {processor.py:914} INFO - Processing file /home/airflow/.local/lib/python3.12/site-packages/airflow/example_dags/example_display_name.py for tasks to queue
[2025-03-10T23:16:22.632+0000] {logging_mixin.py:190} INFO - [2025-03-10T23:16:22.631+0000] {dagbag.py:588} INFO - Filling up the DagBag from /home/airflow/.local/lib/python3.12/site-packages/airflow/example_dags/example_display_name.py
[2025-03-10T23:16:22.659+0000] {processor.py:925} INFO - DAG(s) 'example_display_name' retrieved from /home/airflow/.local/lib/python3.12/site-packages/airflow/example_dags/example_display_name.py
[2025-03-10T23:16:22.755+0000] {logging_mixin.py:190} INFO - [2025-03-10T23:16:22.753+0000] {dag.py:3239} INFO - Sync 1 DAGs
[2025-03-10T23:16:22.837+0000] {logging_mixin.py:190} INFO - [2025-03-10T23:16:22.836+0000] {dag.py:4180} INFO - Setting next_dagrun for example_display_name to None, run_after=None
[2025-03-10T23:16:22.915+0000] {processor.py:208} INFO - Processing /home/airflow/.local/lib/python3.12/site-packages/airflow/example_dags/example_display_name.py took 0.322 seconds
[2025-03-10T23:16:55.122+0000] {processor.py:186} INFO - Started process (PID=533) to work on /home/airflow/.local/lib/python3.12/site-packages/airflow/example_dags/example_display_name.py
[2025-03-10T23:16:55.125+0000] {processor.py:914} INFO - Processing file /home/airflow/.local/lib/python3.12/site-packages/airflow/example_dags/example_display_name.py for tasks to queue
[2025-03-10T23:16:55.131+0000] {logging_mixin.py:190} INFO - [2025-03-10T23:16:55.129+0000] {dagbag.py:588} INFO - Filling up the DagBag from /home/airflow/.local/lib/python3.12/site-packages/airflow/example_dags/example_display_name.py
[2025-03-10T23:16:55.164+0000] {processor.py:925} INFO - DAG(s) 'example_display_name' retrieved from /home/airflow/.local/lib/python3.12/site-packages/airflow/example_dags/example_display_name.py
[2025-03-10T23:16:55.259+0000] {logging_mixin.py:190} INFO - [2025-03-10T23:16:55.257+0000] {dag.py:3239} INFO - Sync 1 DAGs
[2025-03-10T23:16:55.409+0000] {logging_mixin.py:190} INFO - [2025-03-10T23:16:55.407+0000] {dag.py:4180} INFO - Setting next_dagrun for example_display_name to None, run_after=None
[2025-03-10T23:16:55.501+0000] {processor.py:208} INFO - Processing /home/airflow/.local/lib/python3.12/site-packages/airflow/example_dags/example_display_name.py took 0.413 seconds
[2025-03-10T23:17:25.760+0000] {processor.py:186} INFO - Started process (PID=596) to work on /home/airflow/.local/lib/python3.12/site-packages/airflow/example_dags/example_display_name.py
[2025-03-10T23:17:25.761+0000] {processor.py:914} INFO - Processing file /home/airflow/.local/lib/python3.12/site-packages/airflow/example_dags/example_display_name.py for tasks to queue
[2025-03-10T23:17:25.762+0000] {logging_mixin.py:190} INFO - [2025-03-10T23:17:25.762+0000] {dagbag.py:588} INFO - Filling up the DagBag from /home/airflow/.local/lib/python3.12/site-packages/airflow/example_dags/example_display_name.py
[2025-03-10T23:17:25.770+0000] {processor.py:925} INFO - DAG(s) 'example_display_name' retrieved from /home/airflow/.local/lib/python3.12/site-packages/airflow/example_dags/example_display_name.py
[2025-03-10T23:17:25.795+0000] {logging_mixin.py:190} INFO - [2025-03-10T23:17:25.795+0000] {dag.py:3239} INFO - Sync 1 DAGs
[2025-03-10T23:17:25.817+0000] {logging_mixin.py:190} INFO - [2025-03-10T23:17:25.817+0000] {dag.py:4180} INFO - Setting next_dagrun for example_display_name to None, run_after=None
[2025-03-10T23:17:25.842+0000] {processor.py:208} INFO - Processing /home/airflow/.local/lib/python3.12/site-packages/airflow/example_dags/example_display_name.py took 0.088 seconds
[2025-03-10T23:17:56.444+0000] {processor.py:186} INFO - Started process (PID=659) to work on /home/airflow/.local/lib/python3.12/site-packages/airflow/example_dags/example_display_name.py
[2025-03-10T23:17:56.444+0000] {processor.py:914} INFO - Processing file /home/airflow/.local/lib/python3.12/site-packages/airflow/example_dags/example_display_name.py for tasks to queue
[2025-03-10T23:17:56.446+0000] {logging_mixin.py:190} INFO - [2025-03-10T23:17:56.445+0000] {dagbag.py:588} INFO - Filling up the DagBag from /home/airflow/.local/lib/python3.12/site-packages/airflow/example_dags/example_display_name.py
[2025-03-10T23:17:56.454+0000] {processor.py:925} INFO - DAG(s) 'example_display_name' retrieved from /home/airflow/.local/lib/python3.12/site-packages/airflow/example_dags/example_display_name.py
[2025-03-10T23:17:56.484+0000] {logging_mixin.py:190} INFO - [2025-03-10T23:17:56.484+0000] {dag.py:3239} INFO - Sync 1 DAGs
[2025-03-10T23:17:56.510+0000] {logging_mixin.py:190} INFO - [2025-03-10T23:17:56.510+0000] {dag.py:4180} INFO - Setting next_dagrun for example_display_name to None, run_after=None
[2025-03-10T23:17:56.534+0000] {processor.py:208} INFO - Processing /home/airflow/.local/lib/python3.12/site-packages/airflow/example_dags/example_display_name.py took 0.098 seconds
[2025-03-10T23:18:26.753+0000] {processor.py:186} INFO - Started process (PID=721) to work on /home/airflow/.local/lib/python3.12/site-packages/airflow/example_dags/example_display_name.py
[2025-03-10T23:18:26.780+0000] {processor.py:914} INFO - Processing file /home/airflow/.local/lib/python3.12/site-packages/airflow/example_dags/example_display_name.py for tasks to queue
[2025-03-10T23:18:26.781+0000] {logging_mixin.py:190} INFO - [2025-03-10T23:18:26.781+0000] {dagbag.py:588} INFO - Filling up the DagBag from /home/airflow/.local/lib/python3.12/site-packages/airflow/example_dags/example_display_name.py
[2025-03-10T23:18:26.789+0000] {processor.py:925} INFO - DAG(s) 'example_display_name' retrieved from /home/airflow/.local/lib/python3.12/site-packages/airflow/example_dags/example_display_name.py
[2025-03-10T23:18:26.812+0000] {logging_mixin.py:190} INFO - [2025-03-10T23:18:26.811+0000] {dag.py:3239} INFO - Sync 1 DAGs
[2025-03-10T23:18:26.829+0000] {logging_mixin.py:190} INFO - [2025-03-10T23:18:26.829+0000] {dag.py:4180} INFO - Setting next_dagrun for example_display_name to None, run_after=None
[2025-03-10T23:18:26.848+0000] {processor.py:208} INFO - Processing /home/airflow/.local/lib/python3.12/site-packages/airflow/example_dags/example_display_name.py took 0.104 seconds
[2025-03-10T23:18:57.016+0000] {processor.py:186} INFO - Started process (PID=783) to work on /home/airflow/.local/lib/python3.12/site-packages/airflow/example_dags/example_display_name.py
[2025-03-10T23:18:57.017+0000] {processor.py:914} INFO - Processing file /home/airflow/.local/lib/python3.12/site-packages/airflow/example_dags/example_display_name.py for tasks to queue
[2025-03-10T23:18:57.019+0000] {logging_mixin.py:190} INFO - [2025-03-10T23:18:57.019+0000] {dagbag.py:588} INFO - Filling up the DagBag from /home/airflow/.local/lib/python3.12/site-packages/airflow/example_dags/example_display_name.py
[2025-03-10T23:18:57.028+0000] {processor.py:925} INFO - DAG(s) 'example_display_name' retrieved from /home/airflow/.local/lib/python3.12/site-packages/airflow/example_dags/example_display_name.py
[2025-03-10T23:18:57.055+0000] {logging_mixin.py:190} INFO - [2025-03-10T23:18:57.054+0000] {dag.py:3239} INFO - Sync 1 DAGs
[2025-03-10T23:18:57.074+0000] {logging_mixin.py:190} INFO - [2025-03-10T23:18:57.074+0000] {dag.py:4180} INFO - Setting next_dagrun for example_display_name to None, run_after=None
[2025-03-10T23:18:57.168+0000] {processor.py:208} INFO - Processing /home/airflow/.local/lib/python3.12/site-packages/airflow/example_dags/example_display_name.py took 0.160 seconds
[2025-03-10T23:27:09.021+0000] {processor.py:186} INFO - Started process (PID=79) to work on /home/airflow/.local/lib/python3.12/site-packages/airflow/example_dags/example_display_name.py
[2025-03-10T23:27:09.023+0000] {processor.py:914} INFO - Processing file /home/airflow/.local/lib/python3.12/site-packages/airflow/example_dags/example_display_name.py for tasks to queue
[2025-03-10T23:27:09.027+0000] {logging_mixin.py:190} INFO - [2025-03-10T23:27:09.026+0000] {dagbag.py:588} INFO - Filling up the DagBag from /home/airflow/.local/lib/python3.12/site-packages/airflow/example_dags/example_display_name.py
[2025-03-10T23:27:09.040+0000] {processor.py:925} INFO - DAG(s) 'example_display_name' retrieved from /home/airflow/.local/lib/python3.12/site-packages/airflow/example_dags/example_display_name.py
[2025-03-10T23:27:09.073+0000] {logging_mixin.py:190} INFO - [2025-03-10T23:27:09.073+0000] {dag.py:3239} INFO - Sync 1 DAGs
[2025-03-10T23:27:09.096+0000] {logging_mixin.py:190} INFO - [2025-03-10T23:27:09.096+0000] {dag.py:4180} INFO - Setting next_dagrun for example_display_name to None, run_after=None
[2025-03-10T23:27:09.125+0000] {processor.py:208} INFO - Processing /home/airflow/.local/lib/python3.12/site-packages/airflow/example_dags/example_display_name.py took 0.114 seconds
[2025-03-10T23:27:39.205+0000] {processor.py:186} INFO - Started process (PID=141) to work on /home/airflow/.local/lib/python3.12/site-packages/airflow/example_dags/example_display_name.py
[2025-03-10T23:27:39.208+0000] {processor.py:914} INFO - Processing file /home/airflow/.local/lib/python3.12/site-packages/airflow/example_dags/example_display_name.py for tasks to queue
[2025-03-10T23:27:39.212+0000] {logging_mixin.py:190} INFO - [2025-03-10T23:27:39.211+0000] {dagbag.py:588} INFO - Filling up the DagBag from /home/airflow/.local/lib/python3.12/site-packages/airflow/example_dags/example_display_name.py
[2025-03-10T23:27:39.221+0000] {processor.py:925} INFO - DAG(s) 'example_display_name' retrieved from /home/airflow/.local/lib/python3.12/site-packages/airflow/example_dags/example_display_name.py
[2025-03-10T23:27:39.247+0000] {logging_mixin.py:190} INFO - [2025-03-10T23:27:39.247+0000] {dag.py:3239} INFO - Sync 1 DAGs
[2025-03-10T23:27:39.265+0000] {logging_mixin.py:190} INFO - [2025-03-10T23:27:39.265+0000] {dag.py:4180} INFO - Setting next_dagrun for example_display_name to None, run_after=None
[2025-03-10T23:27:39.286+0000] {processor.py:208} INFO - Processing /home/airflow/.local/lib/python3.12/site-packages/airflow/example_dags/example_display_name.py took 0.093 seconds
[2025-03-10T23:28:10.083+0000] {processor.py:186} INFO - Started process (PID=204) to work on /home/airflow/.local/lib/python3.12/site-packages/airflow/example_dags/example_display_name.py
[2025-03-10T23:28:10.086+0000] {processor.py:914} INFO - Processing file /home/airflow/.local/lib/python3.12/site-packages/airflow/example_dags/example_display_name.py for tasks to queue
[2025-03-10T23:28:10.089+0000] {logging_mixin.py:190} INFO - [2025-03-10T23:28:10.089+0000] {dagbag.py:588} INFO - Filling up the DagBag from /home/airflow/.local/lib/python3.12/site-packages/airflow/example_dags/example_display_name.py
[2025-03-10T23:28:10.098+0000] {processor.py:925} INFO - DAG(s) 'example_display_name' retrieved from /home/airflow/.local/lib/python3.12/site-packages/airflow/example_dags/example_display_name.py
[2025-03-10T23:28:10.123+0000] {logging_mixin.py:190} INFO - [2025-03-10T23:28:10.122+0000] {dag.py:3239} INFO - Sync 1 DAGs
[2025-03-10T23:28:10.140+0000] {logging_mixin.py:190} INFO - [2025-03-10T23:28:10.140+0000] {dag.py:4180} INFO - Setting next_dagrun for example_display_name to None, run_after=None
[2025-03-10T23:28:10.162+0000] {processor.py:208} INFO - Processing /home/airflow/.local/lib/python3.12/site-packages/airflow/example_dags/example_display_name.py took 0.088 seconds
[2025-03-10T23:28:40.355+0000] {processor.py:186} INFO - Started process (PID=267) to work on /home/airflow/.local/lib/python3.12/site-packages/airflow/example_dags/example_display_name.py
[2025-03-10T23:28:40.358+0000] {processor.py:914} INFO - Processing file /home/airflow/.local/lib/python3.12/site-packages/airflow/example_dags/example_display_name.py for tasks to queue
[2025-03-10T23:28:40.373+0000] {logging_mixin.py:190} INFO - [2025-03-10T23:28:40.371+0000] {dagbag.py:588} INFO - Filling up the DagBag from /home/airflow/.local/lib/python3.12/site-packages/airflow/example_dags/example_display_name.py
[2025-03-10T23:28:40.406+0000] {processor.py:925} INFO - DAG(s) 'example_display_name' retrieved from /home/airflow/.local/lib/python3.12/site-packages/airflow/example_dags/example_display_name.py
[2025-03-10T23:28:40.497+0000] {logging_mixin.py:190} INFO - [2025-03-10T23:28:40.496+0000] {dag.py:3239} INFO - Sync 1 DAGs
[2025-03-10T23:28:40.569+0000] {logging_mixin.py:190} INFO - [2025-03-10T23:28:40.569+0000] {dag.py:4180} INFO - Setting next_dagrun for example_display_name to None, run_after=None
[2025-03-10T23:28:40.608+0000] {processor.py:208} INFO - Processing /home/airflow/.local/lib/python3.12/site-packages/airflow/example_dags/example_display_name.py took 0.290 seconds
[2025-03-10T23:29:10.667+0000] {processor.py:186} INFO - Started process (PID=330) to work on /home/airflow/.local/lib/python3.12/site-packages/airflow/example_dags/example_display_name.py
[2025-03-10T23:29:10.668+0000] {processor.py:914} INFO - Processing file /home/airflow/.local/lib/python3.12/site-packages/airflow/example_dags/example_display_name.py for tasks to queue
[2025-03-10T23:29:10.671+0000] {logging_mixin.py:190} INFO - [2025-03-10T23:29:10.671+0000] {dagbag.py:588} INFO - Filling up the DagBag from /home/airflow/.local/lib/python3.12/site-packages/airflow/example_dags/example_display_name.py
[2025-03-10T23:29:10.678+0000] {processor.py:925} INFO - DAG(s) 'example_display_name' retrieved from /home/airflow/.local/lib/python3.12/site-packages/airflow/example_dags/example_display_name.py
[2025-03-10T23:29:10.702+0000] {logging_mixin.py:190} INFO - [2025-03-10T23:29:10.701+0000] {dag.py:3239} INFO - Sync 1 DAGs
[2025-03-10T23:29:10.720+0000] {logging_mixin.py:190} INFO - [2025-03-10T23:29:10.720+0000] {dag.py:4180} INFO - Setting next_dagrun for example_display_name to None, run_after=None
[2025-03-10T23:29:10.743+0000] {processor.py:208} INFO - Processing /home/airflow/.local/lib/python3.12/site-packages/airflow/example_dags/example_display_name.py took 0.082 seconds
[2025-03-10T23:35:12.439+0000] {processor.py:186} INFO - Started process (PID=99) to work on /home/airflow/.local/lib/python3.12/site-packages/airflow/example_dags/example_display_name.py
[2025-03-10T23:35:12.443+0000] {processor.py:914} INFO - Processing file /home/airflow/.local/lib/python3.12/site-packages/airflow/example_dags/example_display_name.py for tasks to queue
[2025-03-10T23:35:12.457+0000] {logging_mixin.py:190} INFO - [2025-03-10T23:35:12.455+0000] {dagbag.py:588} INFO - Filling up the DagBag from /home/airflow/.local/lib/python3.12/site-packages/airflow/example_dags/example_display_name.py
[2025-03-10T23:35:12.504+0000] {processor.py:925} INFO - DAG(s) 'example_display_name' retrieved from /home/airflow/.local/lib/python3.12/site-packages/airflow/example_dags/example_display_name.py
[2025-03-10T23:35:12.748+0000] {logging_mixin.py:190} INFO - [2025-03-10T23:35:12.746+0000] {dag.py:3239} INFO - Sync 1 DAGs
[2025-03-10T23:35:12.845+0000] {logging_mixin.py:190} INFO - [2025-03-10T23:35:12.844+0000] {dag.py:4180} INFO - Setting next_dagrun for example_display_name to None, run_after=None
[2025-03-10T23:35:12.958+0000] {processor.py:208} INFO - Processing /home/airflow/.local/lib/python3.12/site-packages/airflow/example_dags/example_display_name.py took 0.552 seconds
[2025-03-10T23:35:43.535+0000] {processor.py:186} INFO - Started process (PID=161) to work on /home/airflow/.local/lib/python3.12/site-packages/airflow/example_dags/example_display_name.py
[2025-03-10T23:35:43.536+0000] {processor.py:914} INFO - Processing file /home/airflow/.local/lib/python3.12/site-packages/airflow/example_dags/example_display_name.py for tasks to queue
[2025-03-10T23:35:43.539+0000] {logging_mixin.py:190} INFO - [2025-03-10T23:35:43.538+0000] {dagbag.py:588} INFO - Filling up the DagBag from /home/airflow/.local/lib/python3.12/site-packages/airflow/example_dags/example_display_name.py
[2025-03-10T23:35:43.546+0000] {processor.py:925} INFO - DAG(s) 'example_display_name' retrieved from /home/airflow/.local/lib/python3.12/site-packages/airflow/example_dags/example_display_name.py
[2025-03-10T23:35:43.568+0000] {logging_mixin.py:190} INFO - [2025-03-10T23:35:43.567+0000] {dag.py:3239} INFO - Sync 1 DAGs
[2025-03-10T23:35:43.585+0000] {logging_mixin.py:190} INFO - [2025-03-10T23:35:43.584+0000] {dag.py:4180} INFO - Setting next_dagrun for example_display_name to None, run_after=None
[2025-03-10T23:35:43.605+0000] {processor.py:208} INFO - Processing /home/airflow/.local/lib/python3.12/site-packages/airflow/example_dags/example_display_name.py took 0.077 seconds
[2025-03-10T23:36:14.007+0000] {processor.py:186} INFO - Started process (PID=224) to work on /home/airflow/.local/lib/python3.12/site-packages/airflow/example_dags/example_display_name.py
[2025-03-10T23:36:14.008+0000] {processor.py:914} INFO - Processing file /home/airflow/.local/lib/python3.12/site-packages/airflow/example_dags/example_display_name.py for tasks to queue
[2025-03-10T23:36:14.011+0000] {logging_mixin.py:190} INFO - [2025-03-10T23:36:14.010+0000] {dagbag.py:588} INFO - Filling up the DagBag from /home/airflow/.local/lib/python3.12/site-packages/airflow/example_dags/example_display_name.py
[2025-03-10T23:36:14.019+0000] {processor.py:925} INFO - DAG(s) 'example_display_name' retrieved from /home/airflow/.local/lib/python3.12/site-packages/airflow/example_dags/example_display_name.py
[2025-03-10T23:36:14.045+0000] {logging_mixin.py:190} INFO - [2025-03-10T23:36:14.044+0000] {dag.py:3239} INFO - Sync 1 DAGs
[2025-03-10T23:36:14.062+0000] {logging_mixin.py:190} INFO - [2025-03-10T23:36:14.062+0000] {dag.py:4180} INFO - Setting next_dagrun for example_display_name to None, run_after=None
[2025-03-10T23:36:14.088+0000] {processor.py:208} INFO - Processing /home/airflow/.local/lib/python3.12/site-packages/airflow/example_dags/example_display_name.py took 0.088 seconds
[2025-03-10T23:36:44.289+0000] {processor.py:186} INFO - Started process (PID=287) to work on /home/airflow/.local/lib/python3.12/site-packages/airflow/example_dags/example_display_name.py
[2025-03-10T23:36:44.291+0000] {processor.py:914} INFO - Processing file /home/airflow/.local/lib/python3.12/site-packages/airflow/example_dags/example_display_name.py for tasks to queue
[2025-03-10T23:36:44.294+0000] {logging_mixin.py:190} INFO - [2025-03-10T23:36:44.293+0000] {dagbag.py:588} INFO - Filling up the DagBag from /home/airflow/.local/lib/python3.12/site-packages/airflow/example_dags/example_display_name.py
[2025-03-10T23:36:44.302+0000] {processor.py:925} INFO - DAG(s) 'example_display_name' retrieved from /home/airflow/.local/lib/python3.12/site-packages/airflow/example_dags/example_display_name.py
[2025-03-10T23:36:44.330+0000] {logging_mixin.py:190} INFO - [2025-03-10T23:36:44.329+0000] {dag.py:3239} INFO - Sync 1 DAGs
[2025-03-10T23:36:44.350+0000] {logging_mixin.py:190} INFO - [2025-03-10T23:36:44.350+0000] {dag.py:4180} INFO - Setting next_dagrun for example_display_name to None, run_after=None
[2025-03-10T23:36:44.374+0000] {processor.py:208} INFO - Processing /home/airflow/.local/lib/python3.12/site-packages/airflow/example_dags/example_display_name.py took 0.093 seconds
[2025-03-10T23:37:14.426+0000] {processor.py:186} INFO - Started process (PID=350) to work on /home/airflow/.local/lib/python3.12/site-packages/airflow/example_dags/example_display_name.py
[2025-03-10T23:37:14.427+0000] {processor.py:914} INFO - Processing file /home/airflow/.local/lib/python3.12/site-packages/airflow/example_dags/example_display_name.py for tasks to queue
[2025-03-10T23:37:14.429+0000] {logging_mixin.py:190} INFO - [2025-03-10T23:37:14.429+0000] {dagbag.py:588} INFO - Filling up the DagBag from /home/airflow/.local/lib/python3.12/site-packages/airflow/example_dags/example_display_name.py
[2025-03-10T23:37:14.437+0000] {processor.py:925} INFO - DAG(s) 'example_display_name' retrieved from /home/airflow/.local/lib/python3.12/site-packages/airflow/example_dags/example_display_name.py
[2025-03-10T23:37:14.462+0000] {logging_mixin.py:190} INFO - [2025-03-10T23:37:14.461+0000] {dag.py:3239} INFO - Sync 1 DAGs
[2025-03-10T23:37:14.482+0000] {logging_mixin.py:190} INFO - [2025-03-10T23:37:14.482+0000] {dag.py:4180} INFO - Setting next_dagrun for example_display_name to None, run_after=None
[2025-03-10T23:37:14.500+0000] {processor.py:208} INFO - Processing /home/airflow/.local/lib/python3.12/site-packages/airflow/example_dags/example_display_name.py took 0.082 seconds
