[2025-03-10T20:30:15.609+0000] {processor.py:186} INFO - Started process (PID=124) to work on /home/airflow/.local/lib/python3.12/site-packages/airflow/example_dags/example_branch_python_dop_operator_3.py
[2025-03-10T20:30:15.610+0000] {processor.py:914} INFO - Processing file /home/airflow/.local/lib/python3.12/site-packages/airflow/example_dags/example_branch_python_dop_operator_3.py for tasks to queue
[2025-03-10T20:30:15.613+0000] {logging_mixin.py:190} INFO - [2025-03-10T20:30:15.612+0000] {dagbag.py:588} INFO - Filling up the DagBag from /home/airflow/.local/lib/python3.12/site-packages/airflow/example_dags/example_branch_python_dop_operator_3.py
[2025-03-10T20:30:15.625+0000] {processor.py:925} INFO - DAG(s) 'example_branch_dop_operator_v3' retrieved from /home/airflow/.local/lib/python3.12/site-packages/airflow/example_dags/example_branch_python_dop_operator_3.py
[2025-03-10T20:30:15.695+0000] {logging_mixin.py:190} INFO - [2025-03-10T20:30:15.694+0000] {override.py:1912} INFO - Created Permission View: can read on DAG:example_branch_dop_operator_v3
[2025-03-10T20:30:15.708+0000] {logging_mixin.py:190} INFO - [2025-03-10T20:30:15.708+0000] {override.py:1912} INFO - Created Permission View: can edit on DAG:example_branch_dop_operator_v3
[2025-03-10T20:30:15.715+0000] {logging_mixin.py:190} INFO - [2025-03-10T20:30:15.715+0000] {override.py:1912} INFO - Created Permission View: can delete on DAG:example_branch_dop_operator_v3
[2025-03-10T20:30:15.723+0000] {logging_mixin.py:190} INFO - [2025-03-10T20:30:15.722+0000] {override.py:1912} INFO - Created Permission View: menu access on DAG Run:example_branch_dop_operator_v3
[2025-03-10T20:30:15.730+0000] {logging_mixin.py:190} INFO - [2025-03-10T20:30:15.729+0000] {override.py:1912} INFO - Created Permission View: can read on DAG Run:example_branch_dop_operator_v3
[2025-03-10T20:30:15.736+0000] {logging_mixin.py:190} INFO - [2025-03-10T20:30:15.736+0000] {override.py:1912} INFO - Created Permission View: can create on DAG Run:example_branch_dop_operator_v3
[2025-03-10T20:30:15.743+0000] {logging_mixin.py:190} INFO - [2025-03-10T20:30:15.742+0000] {override.py:1912} INFO - Created Permission View: can delete on DAG Run:example_branch_dop_operator_v3
[2025-03-10T20:30:15.743+0000] {logging_mixin.py:190} INFO - [2025-03-10T20:30:15.743+0000] {dag.py:3239} INFO - Sync 1 DAGs
[2025-03-10T20:30:15.760+0000] {logging_mixin.py:190} INFO - [2025-03-10T20:30:15.760+0000] {dag.py:3262} INFO - Creating ORM DAG for example_branch_dop_operator_v3
[2025-03-10T20:30:15.777+0000] {logging_mixin.py:190} INFO - [2025-03-10T20:30:15.777+0000] {dag.py:4180} INFO - Setting next_dagrun for example_branch_dop_operator_v3 to 2025-03-10 20:29:00+00:00, run_after=2025-03-10 20:30:00+00:00
[2025-03-10T20:30:15.796+0000] {processor.py:208} INFO - Processing /home/airflow/.local/lib/python3.12/site-packages/airflow/example_dags/example_branch_python_dop_operator_3.py took 0.193 seconds
[2025-03-10T20:30:46.140+0000] {processor.py:186} INFO - Started process (PID=187) to work on /home/airflow/.local/lib/python3.12/site-packages/airflow/example_dags/example_branch_python_dop_operator_3.py
[2025-03-10T20:30:46.141+0000] {processor.py:914} INFO - Processing file /home/airflow/.local/lib/python3.12/site-packages/airflow/example_dags/example_branch_python_dop_operator_3.py for tasks to queue
[2025-03-10T20:30:46.143+0000] {logging_mixin.py:190} INFO - [2025-03-10T20:30:46.143+0000] {dagbag.py:588} INFO - Filling up the DagBag from /home/airflow/.local/lib/python3.12/site-packages/airflow/example_dags/example_branch_python_dop_operator_3.py
[2025-03-10T20:30:46.155+0000] {processor.py:925} INFO - DAG(s) 'example_branch_dop_operator_v3' retrieved from /home/airflow/.local/lib/python3.12/site-packages/airflow/example_dags/example_branch_python_dop_operator_3.py
[2025-03-10T20:30:46.181+0000] {logging_mixin.py:190} INFO - [2025-03-10T20:30:46.181+0000] {dag.py:3239} INFO - Sync 1 DAGs
[2025-03-10T20:30:46.215+0000] {logging_mixin.py:190} INFO - [2025-03-10T20:30:46.215+0000] {dag.py:4180} INFO - Setting next_dagrun for example_branch_dop_operator_v3 to 2025-03-10 20:29:00+00:00, run_after=2025-03-10 20:30:00+00:00
[2025-03-10T20:30:46.236+0000] {processor.py:208} INFO - Processing /home/airflow/.local/lib/python3.12/site-packages/airflow/example_dags/example_branch_python_dop_operator_3.py took 0.105 seconds
[2025-03-10T20:31:18.663+0000] {processor.py:186} INFO - Started process (PID=250) to work on /home/airflow/.local/lib/python3.12/site-packages/airflow/example_dags/example_branch_python_dop_operator_3.py
[2025-03-10T20:31:18.667+0000] {processor.py:914} INFO - Processing file /home/airflow/.local/lib/python3.12/site-packages/airflow/example_dags/example_branch_python_dop_operator_3.py for tasks to queue
[2025-03-10T20:31:18.680+0000] {logging_mixin.py:190} INFO - [2025-03-10T20:31:18.678+0000] {dagbag.py:588} INFO - Filling up the DagBag from /home/airflow/.local/lib/python3.12/site-packages/airflow/example_dags/example_branch_python_dop_operator_3.py
[2025-03-10T20:31:18.729+0000] {processor.py:925} INFO - DAG(s) 'example_branch_dop_operator_v3' retrieved from /home/airflow/.local/lib/python3.12/site-packages/airflow/example_dags/example_branch_python_dop_operator_3.py
[2025-03-10T20:31:18.840+0000] {logging_mixin.py:190} INFO - [2025-03-10T20:31:18.839+0000] {dag.py:3239} INFO - Sync 1 DAGs
[2025-03-10T20:31:19.001+0000] {logging_mixin.py:190} INFO - [2025-03-10T20:31:19.000+0000] {dag.py:4180} INFO - Setting next_dagrun for example_branch_dop_operator_v3 to 2025-03-10 20:30:00+00:00, run_after=2025-03-10 20:31:00+00:00
[2025-03-10T20:31:19.076+0000] {processor.py:208} INFO - Processing /home/airflow/.local/lib/python3.12/site-packages/airflow/example_dags/example_branch_python_dop_operator_3.py took 0.447 seconds
[2025-03-10T20:31:49.649+0000] {processor.py:186} INFO - Started process (PID=313) to work on /home/airflow/.local/lib/python3.12/site-packages/airflow/example_dags/example_branch_python_dop_operator_3.py
[2025-03-10T20:31:49.650+0000] {processor.py:914} INFO - Processing file /home/airflow/.local/lib/python3.12/site-packages/airflow/example_dags/example_branch_python_dop_operator_3.py for tasks to queue
[2025-03-10T20:31:49.653+0000] {logging_mixin.py:190} INFO - [2025-03-10T20:31:49.652+0000] {dagbag.py:588} INFO - Filling up the DagBag from /home/airflow/.local/lib/python3.12/site-packages/airflow/example_dags/example_branch_python_dop_operator_3.py
[2025-03-10T20:31:49.666+0000] {processor.py:925} INFO - DAG(s) 'example_branch_dop_operator_v3' retrieved from /home/airflow/.local/lib/python3.12/site-packages/airflow/example_dags/example_branch_python_dop_operator_3.py
[2025-03-10T20:31:49.698+0000] {logging_mixin.py:190} INFO - [2025-03-10T20:31:49.697+0000] {dag.py:3239} INFO - Sync 1 DAGs
[2025-03-10T20:31:49.749+0000] {logging_mixin.py:190} INFO - [2025-03-10T20:31:49.748+0000] {dag.py:4180} INFO - Setting next_dagrun for example_branch_dop_operator_v3 to 2025-03-10 20:30:00+00:00, run_after=2025-03-10 20:31:00+00:00
[2025-03-10T20:31:49.776+0000] {processor.py:208} INFO - Processing /home/airflow/.local/lib/python3.12/site-packages/airflow/example_dags/example_branch_python_dop_operator_3.py took 0.134 seconds
[2025-03-10T20:32:20.010+0000] {processor.py:186} INFO - Started process (PID=376) to work on /home/airflow/.local/lib/python3.12/site-packages/airflow/example_dags/example_branch_python_dop_operator_3.py
[2025-03-10T20:32:20.011+0000] {processor.py:914} INFO - Processing file /home/airflow/.local/lib/python3.12/site-packages/airflow/example_dags/example_branch_python_dop_operator_3.py for tasks to queue
[2025-03-10T20:32:20.014+0000] {logging_mixin.py:190} INFO - [2025-03-10T20:32:20.013+0000] {dagbag.py:588} INFO - Filling up the DagBag from /home/airflow/.local/lib/python3.12/site-packages/airflow/example_dags/example_branch_python_dop_operator_3.py
[2025-03-10T20:32:20.026+0000] {processor.py:925} INFO - DAG(s) 'example_branch_dop_operator_v3' retrieved from /home/airflow/.local/lib/python3.12/site-packages/airflow/example_dags/example_branch_python_dop_operator_3.py
[2025-03-10T20:32:20.048+0000] {logging_mixin.py:190} INFO - [2025-03-10T20:32:20.048+0000] {dag.py:3239} INFO - Sync 1 DAGs
[2025-03-10T20:32:20.080+0000] {logging_mixin.py:190} INFO - [2025-03-10T20:32:20.080+0000] {dag.py:4180} INFO - Setting next_dagrun for example_branch_dop_operator_v3 to 2025-03-10 20:31:00+00:00, run_after=2025-03-10 20:32:00+00:00
[2025-03-10T20:32:20.101+0000] {processor.py:208} INFO - Processing /home/airflow/.local/lib/python3.12/site-packages/airflow/example_dags/example_branch_python_dop_operator_3.py took 0.099 seconds
[2025-03-10T20:32:50.354+0000] {processor.py:186} INFO - Started process (PID=439) to work on /home/airflow/.local/lib/python3.12/site-packages/airflow/example_dags/example_branch_python_dop_operator_3.py
[2025-03-10T20:32:50.355+0000] {processor.py:914} INFO - Processing file /home/airflow/.local/lib/python3.12/site-packages/airflow/example_dags/example_branch_python_dop_operator_3.py for tasks to queue
[2025-03-10T20:32:50.358+0000] {logging_mixin.py:190} INFO - [2025-03-10T20:32:50.358+0000] {dagbag.py:588} INFO - Filling up the DagBag from /home/airflow/.local/lib/python3.12/site-packages/airflow/example_dags/example_branch_python_dop_operator_3.py
[2025-03-10T20:32:50.371+0000] {processor.py:925} INFO - DAG(s) 'example_branch_dop_operator_v3' retrieved from /home/airflow/.local/lib/python3.12/site-packages/airflow/example_dags/example_branch_python_dop_operator_3.py
[2025-03-10T20:32:50.394+0000] {logging_mixin.py:190} INFO - [2025-03-10T20:32:50.393+0000] {dag.py:3239} INFO - Sync 1 DAGs
[2025-03-10T20:32:50.426+0000] {logging_mixin.py:190} INFO - [2025-03-10T20:32:50.426+0000] {dag.py:4180} INFO - Setting next_dagrun for example_branch_dop_operator_v3 to 2025-03-10 20:31:00+00:00, run_after=2025-03-10 20:32:00+00:00
[2025-03-10T20:32:50.446+0000] {processor.py:208} INFO - Processing /home/airflow/.local/lib/python3.12/site-packages/airflow/example_dags/example_branch_python_dop_operator_3.py took 0.101 seconds
[2025-03-10T20:33:20.527+0000] {processor.py:186} INFO - Started process (PID=502) to work on /home/airflow/.local/lib/python3.12/site-packages/airflow/example_dags/example_branch_python_dop_operator_3.py
[2025-03-10T20:33:20.528+0000] {processor.py:914} INFO - Processing file /home/airflow/.local/lib/python3.12/site-packages/airflow/example_dags/example_branch_python_dop_operator_3.py for tasks to queue
[2025-03-10T20:33:20.531+0000] {logging_mixin.py:190} INFO - [2025-03-10T20:33:20.531+0000] {dagbag.py:588} INFO - Filling up the DagBag from /home/airflow/.local/lib/python3.12/site-packages/airflow/example_dags/example_branch_python_dop_operator_3.py
[2025-03-10T20:33:20.543+0000] {processor.py:925} INFO - DAG(s) 'example_branch_dop_operator_v3' retrieved from /home/airflow/.local/lib/python3.12/site-packages/airflow/example_dags/example_branch_python_dop_operator_3.py
[2025-03-10T20:33:20.566+0000] {logging_mixin.py:190} INFO - [2025-03-10T20:33:20.566+0000] {dag.py:3239} INFO - Sync 1 DAGs
[2025-03-10T20:33:20.599+0000] {logging_mixin.py:190} INFO - [2025-03-10T20:33:20.599+0000] {dag.py:4180} INFO - Setting next_dagrun for example_branch_dop_operator_v3 to 2025-03-10 20:32:00+00:00, run_after=2025-03-10 20:33:00+00:00
[2025-03-10T20:33:20.620+0000] {processor.py:208} INFO - Processing /home/airflow/.local/lib/python3.12/site-packages/airflow/example_dags/example_branch_python_dop_operator_3.py took 0.100 seconds
[2025-03-10T20:33:51.090+0000] {processor.py:186} INFO - Started process (PID=565) to work on /home/airflow/.local/lib/python3.12/site-packages/airflow/example_dags/example_branch_python_dop_operator_3.py
[2025-03-10T20:33:51.092+0000] {processor.py:914} INFO - Processing file /home/airflow/.local/lib/python3.12/site-packages/airflow/example_dags/example_branch_python_dop_operator_3.py for tasks to queue
[2025-03-10T20:33:51.094+0000] {logging_mixin.py:190} INFO - [2025-03-10T20:33:51.094+0000] {dagbag.py:588} INFO - Filling up the DagBag from /home/airflow/.local/lib/python3.12/site-packages/airflow/example_dags/example_branch_python_dop_operator_3.py
[2025-03-10T20:33:51.106+0000] {processor.py:925} INFO - DAG(s) 'example_branch_dop_operator_v3' retrieved from /home/airflow/.local/lib/python3.12/site-packages/airflow/example_dags/example_branch_python_dop_operator_3.py
[2025-03-10T20:33:51.130+0000] {logging_mixin.py:190} INFO - [2025-03-10T20:33:51.130+0000] {dag.py:3239} INFO - Sync 1 DAGs
[2025-03-10T20:33:51.163+0000] {logging_mixin.py:190} INFO - [2025-03-10T20:33:51.163+0000] {dag.py:4180} INFO - Setting next_dagrun for example_branch_dop_operator_v3 to 2025-03-10 20:32:00+00:00, run_after=2025-03-10 20:33:00+00:00
[2025-03-10T20:33:51.182+0000] {processor.py:208} INFO - Processing /home/airflow/.local/lib/python3.12/site-packages/airflow/example_dags/example_branch_python_dop_operator_3.py took 0.099 seconds
[2025-03-10T20:34:21.338+0000] {processor.py:186} INFO - Started process (PID=628) to work on /home/airflow/.local/lib/python3.12/site-packages/airflow/example_dags/example_branch_python_dop_operator_3.py
[2025-03-10T20:34:21.339+0000] {processor.py:914} INFO - Processing file /home/airflow/.local/lib/python3.12/site-packages/airflow/example_dags/example_branch_python_dop_operator_3.py for tasks to queue
[2025-03-10T20:34:21.342+0000] {logging_mixin.py:190} INFO - [2025-03-10T20:34:21.342+0000] {dagbag.py:588} INFO - Filling up the DagBag from /home/airflow/.local/lib/python3.12/site-packages/airflow/example_dags/example_branch_python_dop_operator_3.py
[2025-03-10T20:34:21.355+0000] {processor.py:925} INFO - DAG(s) 'example_branch_dop_operator_v3' retrieved from /home/airflow/.local/lib/python3.12/site-packages/airflow/example_dags/example_branch_python_dop_operator_3.py
[2025-03-10T20:34:21.380+0000] {logging_mixin.py:190} INFO - [2025-03-10T20:34:21.380+0000] {dag.py:3239} INFO - Sync 1 DAGs
[2025-03-10T20:34:21.412+0000] {logging_mixin.py:190} INFO - [2025-03-10T20:34:21.412+0000] {dag.py:4180} INFO - Setting next_dagrun for example_branch_dop_operator_v3 to 2025-03-10 20:33:00+00:00, run_after=2025-03-10 20:34:00+00:00
[2025-03-10T20:34:21.435+0000] {processor.py:208} INFO - Processing /home/airflow/.local/lib/python3.12/site-packages/airflow/example_dags/example_branch_python_dop_operator_3.py took 0.107 seconds
[2025-03-10T20:34:51.705+0000] {processor.py:186} INFO - Started process (PID=691) to work on /home/airflow/.local/lib/python3.12/site-packages/airflow/example_dags/example_branch_python_dop_operator_3.py
[2025-03-10T20:34:51.706+0000] {processor.py:914} INFO - Processing file /home/airflow/.local/lib/python3.12/site-packages/airflow/example_dags/example_branch_python_dop_operator_3.py for tasks to queue
[2025-03-10T20:34:51.710+0000] {logging_mixin.py:190} INFO - [2025-03-10T20:34:51.709+0000] {dagbag.py:588} INFO - Filling up the DagBag from /home/airflow/.local/lib/python3.12/site-packages/airflow/example_dags/example_branch_python_dop_operator_3.py
[2025-03-10T20:34:51.726+0000] {processor.py:925} INFO - DAG(s) 'example_branch_dop_operator_v3' retrieved from /home/airflow/.local/lib/python3.12/site-packages/airflow/example_dags/example_branch_python_dop_operator_3.py
[2025-03-10T20:34:51.764+0000] {logging_mixin.py:190} INFO - [2025-03-10T20:34:51.763+0000] {dag.py:3239} INFO - Sync 1 DAGs
[2025-03-10T20:34:51.816+0000] {logging_mixin.py:190} INFO - [2025-03-10T20:34:51.815+0000] {dag.py:4180} INFO - Setting next_dagrun for example_branch_dop_operator_v3 to 2025-03-10 20:33:00+00:00, run_after=2025-03-10 20:34:00+00:00
[2025-03-10T20:34:51.848+0000] {processor.py:208} INFO - Processing /home/airflow/.local/lib/python3.12/site-packages/airflow/example_dags/example_branch_python_dop_operator_3.py took 0.152 seconds
[2025-03-10T20:35:21.991+0000] {processor.py:186} INFO - Started process (PID=754) to work on /home/airflow/.local/lib/python3.12/site-packages/airflow/example_dags/example_branch_python_dop_operator_3.py
[2025-03-10T20:35:21.992+0000] {processor.py:914} INFO - Processing file /home/airflow/.local/lib/python3.12/site-packages/airflow/example_dags/example_branch_python_dop_operator_3.py for tasks to queue
[2025-03-10T20:35:21.995+0000] {logging_mixin.py:190} INFO - [2025-03-10T20:35:21.995+0000] {dagbag.py:588} INFO - Filling up the DagBag from /home/airflow/.local/lib/python3.12/site-packages/airflow/example_dags/example_branch_python_dop_operator_3.py
[2025-03-10T20:35:22.009+0000] {processor.py:925} INFO - DAG(s) 'example_branch_dop_operator_v3' retrieved from /home/airflow/.local/lib/python3.12/site-packages/airflow/example_dags/example_branch_python_dop_operator_3.py
[2025-03-10T20:35:22.034+0000] {logging_mixin.py:190} INFO - [2025-03-10T20:35:22.034+0000] {dag.py:3239} INFO - Sync 1 DAGs
[2025-03-10T20:35:22.066+0000] {logging_mixin.py:190} INFO - [2025-03-10T20:35:22.066+0000] {dag.py:4180} INFO - Setting next_dagrun for example_branch_dop_operator_v3 to 2025-03-10 20:34:00+00:00, run_after=2025-03-10 20:35:00+00:00
[2025-03-10T20:35:22.087+0000] {processor.py:208} INFO - Processing /home/airflow/.local/lib/python3.12/site-packages/airflow/example_dags/example_branch_python_dop_operator_3.py took 0.104 seconds
[2025-03-10T20:35:52.385+0000] {processor.py:186} INFO - Started process (PID=817) to work on /home/airflow/.local/lib/python3.12/site-packages/airflow/example_dags/example_branch_python_dop_operator_3.py
[2025-03-10T20:35:52.386+0000] {processor.py:914} INFO - Processing file /home/airflow/.local/lib/python3.12/site-packages/airflow/example_dags/example_branch_python_dop_operator_3.py for tasks to queue
[2025-03-10T20:35:52.390+0000] {logging_mixin.py:190} INFO - [2025-03-10T20:35:52.389+0000] {dagbag.py:588} INFO - Filling up the DagBag from /home/airflow/.local/lib/python3.12/site-packages/airflow/example_dags/example_branch_python_dop_operator_3.py
[2025-03-10T20:35:52.403+0000] {processor.py:925} INFO - DAG(s) 'example_branch_dop_operator_v3' retrieved from /home/airflow/.local/lib/python3.12/site-packages/airflow/example_dags/example_branch_python_dop_operator_3.py
[2025-03-10T20:35:52.429+0000] {logging_mixin.py:190} INFO - [2025-03-10T20:35:52.429+0000] {dag.py:3239} INFO - Sync 1 DAGs
[2025-03-10T20:35:52.465+0000] {logging_mixin.py:190} INFO - [2025-03-10T20:35:52.465+0000] {dag.py:4180} INFO - Setting next_dagrun for example_branch_dop_operator_v3 to 2025-03-10 20:34:00+00:00, run_after=2025-03-10 20:35:00+00:00
[2025-03-10T20:35:52.489+0000] {processor.py:208} INFO - Processing /home/airflow/.local/lib/python3.12/site-packages/airflow/example_dags/example_branch_python_dop_operator_3.py took 0.111 seconds
[2025-03-10T20:36:22.607+0000] {processor.py:186} INFO - Started process (PID=880) to work on /home/airflow/.local/lib/python3.12/site-packages/airflow/example_dags/example_branch_python_dop_operator_3.py
[2025-03-10T20:36:22.608+0000] {processor.py:914} INFO - Processing file /home/airflow/.local/lib/python3.12/site-packages/airflow/example_dags/example_branch_python_dop_operator_3.py for tasks to queue
[2025-03-10T20:36:22.611+0000] {logging_mixin.py:190} INFO - [2025-03-10T20:36:22.610+0000] {dagbag.py:588} INFO - Filling up the DagBag from /home/airflow/.local/lib/python3.12/site-packages/airflow/example_dags/example_branch_python_dop_operator_3.py
[2025-03-10T20:36:22.623+0000] {processor.py:925} INFO - DAG(s) 'example_branch_dop_operator_v3' retrieved from /home/airflow/.local/lib/python3.12/site-packages/airflow/example_dags/example_branch_python_dop_operator_3.py
[2025-03-10T20:36:22.648+0000] {logging_mixin.py:190} INFO - [2025-03-10T20:36:22.647+0000] {dag.py:3239} INFO - Sync 1 DAGs
[2025-03-10T20:36:22.683+0000] {logging_mixin.py:190} INFO - [2025-03-10T20:36:22.683+0000] {dag.py:4180} INFO - Setting next_dagrun for example_branch_dop_operator_v3 to 2025-03-10 20:35:00+00:00, run_after=2025-03-10 20:36:00+00:00
[2025-03-10T20:36:22.704+0000] {processor.py:208} INFO - Processing /home/airflow/.local/lib/python3.12/site-packages/airflow/example_dags/example_branch_python_dop_operator_3.py took 0.105 seconds
[2025-03-10T20:36:53.193+0000] {processor.py:186} INFO - Started process (PID=943) to work on /home/airflow/.local/lib/python3.12/site-packages/airflow/example_dags/example_branch_python_dop_operator_3.py
[2025-03-10T20:36:53.194+0000] {processor.py:914} INFO - Processing file /home/airflow/.local/lib/python3.12/site-packages/airflow/example_dags/example_branch_python_dop_operator_3.py for tasks to queue
[2025-03-10T20:36:53.197+0000] {logging_mixin.py:190} INFO - [2025-03-10T20:36:53.197+0000] {dagbag.py:588} INFO - Filling up the DagBag from /home/airflow/.local/lib/python3.12/site-packages/airflow/example_dags/example_branch_python_dop_operator_3.py
[2025-03-10T20:36:53.209+0000] {processor.py:925} INFO - DAG(s) 'example_branch_dop_operator_v3' retrieved from /home/airflow/.local/lib/python3.12/site-packages/airflow/example_dags/example_branch_python_dop_operator_3.py
[2025-03-10T20:36:53.234+0000] {logging_mixin.py:190} INFO - [2025-03-10T20:36:53.233+0000] {dag.py:3239} INFO - Sync 1 DAGs
[2025-03-10T20:36:53.267+0000] {logging_mixin.py:190} INFO - [2025-03-10T20:36:53.267+0000] {dag.py:4180} INFO - Setting next_dagrun for example_branch_dop_operator_v3 to 2025-03-10 20:35:00+00:00, run_after=2025-03-10 20:36:00+00:00
[2025-03-10T20:36:53.288+0000] {processor.py:208} INFO - Processing /home/airflow/.local/lib/python3.12/site-packages/airflow/example_dags/example_branch_python_dop_operator_3.py took 0.102 seconds
[2025-03-10T20:37:24.487+0000] {processor.py:186} INFO - Started process (PID=1007) to work on /home/airflow/.local/lib/python3.12/site-packages/airflow/example_dags/example_branch_python_dop_operator_3.py
[2025-03-10T20:37:24.488+0000] {processor.py:914} INFO - Processing file /home/airflow/.local/lib/python3.12/site-packages/airflow/example_dags/example_branch_python_dop_operator_3.py for tasks to queue
[2025-03-10T20:37:24.491+0000] {logging_mixin.py:190} INFO - [2025-03-10T20:37:24.490+0000] {dagbag.py:588} INFO - Filling up the DagBag from /home/airflow/.local/lib/python3.12/site-packages/airflow/example_dags/example_branch_python_dop_operator_3.py
[2025-03-10T20:37:24.502+0000] {processor.py:925} INFO - DAG(s) 'example_branch_dop_operator_v3' retrieved from /home/airflow/.local/lib/python3.12/site-packages/airflow/example_dags/example_branch_python_dop_operator_3.py
[2025-03-10T20:37:24.528+0000] {logging_mixin.py:190} INFO - [2025-03-10T20:37:24.528+0000] {dag.py:3239} INFO - Sync 1 DAGs
[2025-03-10T20:37:24.563+0000] {logging_mixin.py:190} INFO - [2025-03-10T20:37:24.563+0000] {dag.py:4180} INFO - Setting next_dagrun for example_branch_dop_operator_v3 to 2025-03-10 20:36:00+00:00, run_after=2025-03-10 20:37:00+00:00
[2025-03-10T20:37:24.585+0000] {processor.py:208} INFO - Processing /home/airflow/.local/lib/python3.12/site-packages/airflow/example_dags/example_branch_python_dop_operator_3.py took 0.106 seconds
[2025-03-10T20:37:56.163+0000] {processor.py:186} INFO - Started process (PID=1070) to work on /home/airflow/.local/lib/python3.12/site-packages/airflow/example_dags/example_branch_python_dop_operator_3.py
[2025-03-10T20:37:56.164+0000] {processor.py:914} INFO - Processing file /home/airflow/.local/lib/python3.12/site-packages/airflow/example_dags/example_branch_python_dop_operator_3.py for tasks to queue
[2025-03-10T20:37:56.166+0000] {logging_mixin.py:190} INFO - [2025-03-10T20:37:56.166+0000] {dagbag.py:588} INFO - Filling up the DagBag from /home/airflow/.local/lib/python3.12/site-packages/airflow/example_dags/example_branch_python_dop_operator_3.py
[2025-03-10T20:37:56.178+0000] {processor.py:925} INFO - DAG(s) 'example_branch_dop_operator_v3' retrieved from /home/airflow/.local/lib/python3.12/site-packages/airflow/example_dags/example_branch_python_dop_operator_3.py
[2025-03-10T20:37:56.201+0000] {logging_mixin.py:190} INFO - [2025-03-10T20:37:56.201+0000] {dag.py:3239} INFO - Sync 1 DAGs
[2025-03-10T20:37:56.234+0000] {logging_mixin.py:190} INFO - [2025-03-10T20:37:56.234+0000] {dag.py:4180} INFO - Setting next_dagrun for example_branch_dop_operator_v3 to 2025-03-10 20:36:00+00:00, run_after=2025-03-10 20:37:00+00:00
[2025-03-10T20:37:56.258+0000] {processor.py:208} INFO - Processing /home/airflow/.local/lib/python3.12/site-packages/airflow/example_dags/example_branch_python_dop_operator_3.py took 0.103 seconds
[2025-03-10T20:38:27.426+0000] {processor.py:186} INFO - Started process (PID=1133) to work on /home/airflow/.local/lib/python3.12/site-packages/airflow/example_dags/example_branch_python_dop_operator_3.py
[2025-03-10T20:38:27.427+0000] {processor.py:914} INFO - Processing file /home/airflow/.local/lib/python3.12/site-packages/airflow/example_dags/example_branch_python_dop_operator_3.py for tasks to queue
[2025-03-10T20:38:27.430+0000] {logging_mixin.py:190} INFO - [2025-03-10T20:38:27.430+0000] {dagbag.py:588} INFO - Filling up the DagBag from /home/airflow/.local/lib/python3.12/site-packages/airflow/example_dags/example_branch_python_dop_operator_3.py
[2025-03-10T20:38:27.441+0000] {processor.py:925} INFO - DAG(s) 'example_branch_dop_operator_v3' retrieved from /home/airflow/.local/lib/python3.12/site-packages/airflow/example_dags/example_branch_python_dop_operator_3.py
[2025-03-10T20:38:27.465+0000] {logging_mixin.py:190} INFO - [2025-03-10T20:38:27.465+0000] {dag.py:3239} INFO - Sync 1 DAGs
[2025-03-10T20:38:27.498+0000] {logging_mixin.py:190} INFO - [2025-03-10T20:38:27.498+0000] {dag.py:4180} INFO - Setting next_dagrun for example_branch_dop_operator_v3 to 2025-03-10 20:37:00+00:00, run_after=2025-03-10 20:38:00+00:00
[2025-03-10T20:38:27.521+0000] {processor.py:208} INFO - Processing /home/airflow/.local/lib/python3.12/site-packages/airflow/example_dags/example_branch_python_dop_operator_3.py took 0.101 seconds
[2025-03-10T20:38:58.195+0000] {processor.py:186} INFO - Started process (PID=1196) to work on /home/airflow/.local/lib/python3.12/site-packages/airflow/example_dags/example_branch_python_dop_operator_3.py
[2025-03-10T20:38:58.196+0000] {processor.py:914} INFO - Processing file /home/airflow/.local/lib/python3.12/site-packages/airflow/example_dags/example_branch_python_dop_operator_3.py for tasks to queue
[2025-03-10T20:38:58.199+0000] {logging_mixin.py:190} INFO - [2025-03-10T20:38:58.198+0000] {dagbag.py:588} INFO - Filling up the DagBag from /home/airflow/.local/lib/python3.12/site-packages/airflow/example_dags/example_branch_python_dop_operator_3.py
[2025-03-10T20:38:58.210+0000] {processor.py:925} INFO - DAG(s) 'example_branch_dop_operator_v3' retrieved from /home/airflow/.local/lib/python3.12/site-packages/airflow/example_dags/example_branch_python_dop_operator_3.py
[2025-03-10T20:38:58.235+0000] {logging_mixin.py:190} INFO - [2025-03-10T20:38:58.235+0000] {dag.py:3239} INFO - Sync 1 DAGs
[2025-03-10T20:38:58.270+0000] {logging_mixin.py:190} INFO - [2025-03-10T20:38:58.270+0000] {dag.py:4180} INFO - Setting next_dagrun for example_branch_dop_operator_v3 to 2025-03-10 20:37:00+00:00, run_after=2025-03-10 20:38:00+00:00
[2025-03-10T20:38:58.290+0000] {processor.py:208} INFO - Processing /home/airflow/.local/lib/python3.12/site-packages/airflow/example_dags/example_branch_python_dop_operator_3.py took 0.102 seconds
[2025-03-10T20:39:29.006+0000] {processor.py:186} INFO - Started process (PID=1259) to work on /home/airflow/.local/lib/python3.12/site-packages/airflow/example_dags/example_branch_python_dop_operator_3.py
[2025-03-10T20:39:29.007+0000] {processor.py:914} INFO - Processing file /home/airflow/.local/lib/python3.12/site-packages/airflow/example_dags/example_branch_python_dop_operator_3.py for tasks to queue
[2025-03-10T20:39:29.010+0000] {logging_mixin.py:190} INFO - [2025-03-10T20:39:29.009+0000] {dagbag.py:588} INFO - Filling up the DagBag from /home/airflow/.local/lib/python3.12/site-packages/airflow/example_dags/example_branch_python_dop_operator_3.py
[2025-03-10T20:39:29.022+0000] {processor.py:925} INFO - DAG(s) 'example_branch_dop_operator_v3' retrieved from /home/airflow/.local/lib/python3.12/site-packages/airflow/example_dags/example_branch_python_dop_operator_3.py
[2025-03-10T20:39:29.047+0000] {logging_mixin.py:190} INFO - [2025-03-10T20:39:29.047+0000] {dag.py:3239} INFO - Sync 1 DAGs
[2025-03-10T20:39:29.080+0000] {logging_mixin.py:190} INFO - [2025-03-10T20:39:29.080+0000] {dag.py:4180} INFO - Setting next_dagrun for example_branch_dop_operator_v3 to 2025-03-10 20:38:00+00:00, run_after=2025-03-10 20:39:00+00:00
[2025-03-10T20:39:29.102+0000] {processor.py:208} INFO - Processing /home/airflow/.local/lib/python3.12/site-packages/airflow/example_dags/example_branch_python_dop_operator_3.py took 0.104 seconds
[2025-03-10T20:39:59.693+0000] {processor.py:186} INFO - Started process (PID=1322) to work on /home/airflow/.local/lib/python3.12/site-packages/airflow/example_dags/example_branch_python_dop_operator_3.py
[2025-03-10T20:39:59.694+0000] {processor.py:914} INFO - Processing file /home/airflow/.local/lib/python3.12/site-packages/airflow/example_dags/example_branch_python_dop_operator_3.py for tasks to queue
[2025-03-10T20:39:59.697+0000] {logging_mixin.py:190} INFO - [2025-03-10T20:39:59.696+0000] {dagbag.py:588} INFO - Filling up the DagBag from /home/airflow/.local/lib/python3.12/site-packages/airflow/example_dags/example_branch_python_dop_operator_3.py
[2025-03-10T20:39:59.709+0000] {processor.py:925} INFO - DAG(s) 'example_branch_dop_operator_v3' retrieved from /home/airflow/.local/lib/python3.12/site-packages/airflow/example_dags/example_branch_python_dop_operator_3.py
[2025-03-10T20:39:59.732+0000] {logging_mixin.py:190} INFO - [2025-03-10T20:39:59.732+0000] {dag.py:3239} INFO - Sync 1 DAGs
[2025-03-10T20:39:59.765+0000] {logging_mixin.py:190} INFO - [2025-03-10T20:39:59.765+0000] {dag.py:4180} INFO - Setting next_dagrun for example_branch_dop_operator_v3 to 2025-03-10 20:38:00+00:00, run_after=2025-03-10 20:39:00+00:00
[2025-03-10T20:39:59.785+0000] {processor.py:208} INFO - Processing /home/airflow/.local/lib/python3.12/site-packages/airflow/example_dags/example_branch_python_dop_operator_3.py took 0.099 seconds
[2025-03-10T20:40:30.596+0000] {processor.py:186} INFO - Started process (PID=1385) to work on /home/airflow/.local/lib/python3.12/site-packages/airflow/example_dags/example_branch_python_dop_operator_3.py
[2025-03-10T20:40:30.597+0000] {processor.py:914} INFO - Processing file /home/airflow/.local/lib/python3.12/site-packages/airflow/example_dags/example_branch_python_dop_operator_3.py for tasks to queue
[2025-03-10T20:40:30.600+0000] {logging_mixin.py:190} INFO - [2025-03-10T20:40:30.599+0000] {dagbag.py:588} INFO - Filling up the DagBag from /home/airflow/.local/lib/python3.12/site-packages/airflow/example_dags/example_branch_python_dop_operator_3.py
[2025-03-10T20:40:30.611+0000] {processor.py:925} INFO - DAG(s) 'example_branch_dop_operator_v3' retrieved from /home/airflow/.local/lib/python3.12/site-packages/airflow/example_dags/example_branch_python_dop_operator_3.py
[2025-03-10T20:40:30.635+0000] {logging_mixin.py:190} INFO - [2025-03-10T20:40:30.635+0000] {dag.py:3239} INFO - Sync 1 DAGs
[2025-03-10T20:40:30.669+0000] {logging_mixin.py:190} INFO - [2025-03-10T20:40:30.668+0000] {dag.py:4180} INFO - Setting next_dagrun for example_branch_dop_operator_v3 to 2025-03-10 20:39:00+00:00, run_after=2025-03-10 20:40:00+00:00
[2025-03-10T20:40:30.691+0000] {processor.py:208} INFO - Processing /home/airflow/.local/lib/python3.12/site-packages/airflow/example_dags/example_branch_python_dop_operator_3.py took 0.103 seconds
[2025-03-10T20:41:02.017+0000] {processor.py:186} INFO - Started process (PID=1448) to work on /home/airflow/.local/lib/python3.12/site-packages/airflow/example_dags/example_branch_python_dop_operator_3.py
[2025-03-10T20:41:02.018+0000] {processor.py:914} INFO - Processing file /home/airflow/.local/lib/python3.12/site-packages/airflow/example_dags/example_branch_python_dop_operator_3.py for tasks to queue
[2025-03-10T20:41:02.021+0000] {logging_mixin.py:190} INFO - [2025-03-10T20:41:02.021+0000] {dagbag.py:588} INFO - Filling up the DagBag from /home/airflow/.local/lib/python3.12/site-packages/airflow/example_dags/example_branch_python_dop_operator_3.py
[2025-03-10T20:41:02.032+0000] {processor.py:925} INFO - DAG(s) 'example_branch_dop_operator_v3' retrieved from /home/airflow/.local/lib/python3.12/site-packages/airflow/example_dags/example_branch_python_dop_operator_3.py
[2025-03-10T20:41:02.057+0000] {logging_mixin.py:190} INFO - [2025-03-10T20:41:02.056+0000] {dag.py:3239} INFO - Sync 1 DAGs
[2025-03-10T20:41:02.093+0000] {logging_mixin.py:190} INFO - [2025-03-10T20:41:02.093+0000] {dag.py:4180} INFO - Setting next_dagrun for example_branch_dop_operator_v3 to 2025-03-10 20:40:00+00:00, run_after=2025-03-10 20:41:00+00:00
[2025-03-10T20:41:02.115+0000] {processor.py:208} INFO - Processing /home/airflow/.local/lib/python3.12/site-packages/airflow/example_dags/example_branch_python_dop_operator_3.py took 0.104 seconds
[2025-03-10T20:41:32.888+0000] {processor.py:186} INFO - Started process (PID=1511) to work on /home/airflow/.local/lib/python3.12/site-packages/airflow/example_dags/example_branch_python_dop_operator_3.py
[2025-03-10T20:41:32.889+0000] {processor.py:914} INFO - Processing file /home/airflow/.local/lib/python3.12/site-packages/airflow/example_dags/example_branch_python_dop_operator_3.py for tasks to queue
[2025-03-10T20:41:32.892+0000] {logging_mixin.py:190} INFO - [2025-03-10T20:41:32.892+0000] {dagbag.py:588} INFO - Filling up the DagBag from /home/airflow/.local/lib/python3.12/site-packages/airflow/example_dags/example_branch_python_dop_operator_3.py
[2025-03-10T20:41:32.903+0000] {processor.py:925} INFO - DAG(s) 'example_branch_dop_operator_v3' retrieved from /home/airflow/.local/lib/python3.12/site-packages/airflow/example_dags/example_branch_python_dop_operator_3.py
[2025-03-10T20:41:32.928+0000] {logging_mixin.py:190} INFO - [2025-03-10T20:41:32.928+0000] {dag.py:3239} INFO - Sync 1 DAGs
[2025-03-10T20:41:32.966+0000] {logging_mixin.py:190} INFO - [2025-03-10T20:41:32.965+0000] {dag.py:4180} INFO - Setting next_dagrun for example_branch_dop_operator_v3 to 2025-03-10 20:40:00+00:00, run_after=2025-03-10 20:41:00+00:00
[2025-03-10T20:41:32.999+0000] {processor.py:208} INFO - Processing /home/airflow/.local/lib/python3.12/site-packages/airflow/example_dags/example_branch_python_dop_operator_3.py took 0.117 seconds
[2025-03-10T20:42:03.518+0000] {processor.py:186} INFO - Started process (PID=1574) to work on /home/airflow/.local/lib/python3.12/site-packages/airflow/example_dags/example_branch_python_dop_operator_3.py
[2025-03-10T20:42:03.519+0000] {processor.py:914} INFO - Processing file /home/airflow/.local/lib/python3.12/site-packages/airflow/example_dags/example_branch_python_dop_operator_3.py for tasks to queue
[2025-03-10T20:42:03.522+0000] {logging_mixin.py:190} INFO - [2025-03-10T20:42:03.522+0000] {dagbag.py:588} INFO - Filling up the DagBag from /home/airflow/.local/lib/python3.12/site-packages/airflow/example_dags/example_branch_python_dop_operator_3.py
[2025-03-10T20:42:03.535+0000] {processor.py:925} INFO - DAG(s) 'example_branch_dop_operator_v3' retrieved from /home/airflow/.local/lib/python3.12/site-packages/airflow/example_dags/example_branch_python_dop_operator_3.py
[2025-03-10T20:42:03.562+0000] {logging_mixin.py:190} INFO - [2025-03-10T20:42:03.562+0000] {dag.py:3239} INFO - Sync 1 DAGs
[2025-03-10T20:42:03.609+0000] {logging_mixin.py:190} INFO - [2025-03-10T20:42:03.609+0000] {dag.py:4180} INFO - Setting next_dagrun for example_branch_dop_operator_v3 to 2025-03-10 20:41:00+00:00, run_after=2025-03-10 20:42:00+00:00
[2025-03-10T20:42:03.639+0000] {processor.py:208} INFO - Processing /home/airflow/.local/lib/python3.12/site-packages/airflow/example_dags/example_branch_python_dop_operator_3.py took 0.128 seconds
[2025-03-10T20:42:34.816+0000] {processor.py:186} INFO - Started process (PID=1637) to work on /home/airflow/.local/lib/python3.12/site-packages/airflow/example_dags/example_branch_python_dop_operator_3.py
[2025-03-10T20:42:34.817+0000] {processor.py:914} INFO - Processing file /home/airflow/.local/lib/python3.12/site-packages/airflow/example_dags/example_branch_python_dop_operator_3.py for tasks to queue
[2025-03-10T20:42:34.820+0000] {logging_mixin.py:190} INFO - [2025-03-10T20:42:34.819+0000] {dagbag.py:588} INFO - Filling up the DagBag from /home/airflow/.local/lib/python3.12/site-packages/airflow/example_dags/example_branch_python_dop_operator_3.py
[2025-03-10T20:42:34.832+0000] {processor.py:925} INFO - DAG(s) 'example_branch_dop_operator_v3' retrieved from /home/airflow/.local/lib/python3.12/site-packages/airflow/example_dags/example_branch_python_dop_operator_3.py
[2025-03-10T20:42:34.854+0000] {logging_mixin.py:190} INFO - [2025-03-10T20:42:34.854+0000] {dag.py:3239} INFO - Sync 1 DAGs
[2025-03-10T20:42:34.886+0000] {logging_mixin.py:190} INFO - [2025-03-10T20:42:34.886+0000] {dag.py:4180} INFO - Setting next_dagrun for example_branch_dop_operator_v3 to 2025-03-10 20:41:00+00:00, run_after=2025-03-10 20:42:00+00:00
[2025-03-10T20:42:34.908+0000] {processor.py:208} INFO - Processing /home/airflow/.local/lib/python3.12/site-packages/airflow/example_dags/example_branch_python_dop_operator_3.py took 0.099 seconds
[2025-03-10T20:43:05.941+0000] {processor.py:186} INFO - Started process (PID=1700) to work on /home/airflow/.local/lib/python3.12/site-packages/airflow/example_dags/example_branch_python_dop_operator_3.py
[2025-03-10T20:43:05.942+0000] {processor.py:914} INFO - Processing file /home/airflow/.local/lib/python3.12/site-packages/airflow/example_dags/example_branch_python_dop_operator_3.py for tasks to queue
[2025-03-10T20:43:05.945+0000] {logging_mixin.py:190} INFO - [2025-03-10T20:43:05.944+0000] {dagbag.py:588} INFO - Filling up the DagBag from /home/airflow/.local/lib/python3.12/site-packages/airflow/example_dags/example_branch_python_dop_operator_3.py
[2025-03-10T20:43:05.956+0000] {processor.py:925} INFO - DAG(s) 'example_branch_dop_operator_v3' retrieved from /home/airflow/.local/lib/python3.12/site-packages/airflow/example_dags/example_branch_python_dop_operator_3.py
[2025-03-10T20:43:05.980+0000] {logging_mixin.py:190} INFO - [2025-03-10T20:43:05.980+0000] {dag.py:3239} INFO - Sync 1 DAGs
[2025-03-10T20:43:06.013+0000] {logging_mixin.py:190} INFO - [2025-03-10T20:43:06.013+0000] {dag.py:4180} INFO - Setting next_dagrun for example_branch_dop_operator_v3 to 2025-03-10 20:42:00+00:00, run_after=2025-03-10 20:43:00+00:00
[2025-03-10T20:43:06.035+0000] {processor.py:208} INFO - Processing /home/airflow/.local/lib/python3.12/site-packages/airflow/example_dags/example_branch_python_dop_operator_3.py took 0.101 seconds
[2025-03-10T20:43:36.458+0000] {processor.py:186} INFO - Started process (PID=1763) to work on /home/airflow/.local/lib/python3.12/site-packages/airflow/example_dags/example_branch_python_dop_operator_3.py
[2025-03-10T20:43:36.460+0000] {processor.py:914} INFO - Processing file /home/airflow/.local/lib/python3.12/site-packages/airflow/example_dags/example_branch_python_dop_operator_3.py for tasks to queue
[2025-03-10T20:43:36.463+0000] {logging_mixin.py:190} INFO - [2025-03-10T20:43:36.462+0000] {dagbag.py:588} INFO - Filling up the DagBag from /home/airflow/.local/lib/python3.12/site-packages/airflow/example_dags/example_branch_python_dop_operator_3.py
[2025-03-10T20:43:36.474+0000] {processor.py:925} INFO - DAG(s) 'example_branch_dop_operator_v3' retrieved from /home/airflow/.local/lib/python3.12/site-packages/airflow/example_dags/example_branch_python_dop_operator_3.py
[2025-03-10T20:43:36.498+0000] {logging_mixin.py:190} INFO - [2025-03-10T20:43:36.498+0000] {dag.py:3239} INFO - Sync 1 DAGs
[2025-03-10T20:43:36.533+0000] {logging_mixin.py:190} INFO - [2025-03-10T20:43:36.532+0000] {dag.py:4180} INFO - Setting next_dagrun for example_branch_dop_operator_v3 to 2025-03-10 20:42:00+00:00, run_after=2025-03-10 20:43:00+00:00
[2025-03-10T20:43:36.554+0000] {processor.py:208} INFO - Processing /home/airflow/.local/lib/python3.12/site-packages/airflow/example_dags/example_branch_python_dop_operator_3.py took 0.102 seconds
[2025-03-10T20:44:07.357+0000] {processor.py:186} INFO - Started process (PID=1826) to work on /home/airflow/.local/lib/python3.12/site-packages/airflow/example_dags/example_branch_python_dop_operator_3.py
[2025-03-10T20:44:07.358+0000] {processor.py:914} INFO - Processing file /home/airflow/.local/lib/python3.12/site-packages/airflow/example_dags/example_branch_python_dop_operator_3.py for tasks to queue
[2025-03-10T20:44:07.361+0000] {logging_mixin.py:190} INFO - [2025-03-10T20:44:07.360+0000] {dagbag.py:588} INFO - Filling up the DagBag from /home/airflow/.local/lib/python3.12/site-packages/airflow/example_dags/example_branch_python_dop_operator_3.py
[2025-03-10T20:44:07.373+0000] {processor.py:925} INFO - DAG(s) 'example_branch_dop_operator_v3' retrieved from /home/airflow/.local/lib/python3.12/site-packages/airflow/example_dags/example_branch_python_dop_operator_3.py
[2025-03-10T20:44:07.399+0000] {logging_mixin.py:190} INFO - [2025-03-10T20:44:07.398+0000] {dag.py:3239} INFO - Sync 1 DAGs
[2025-03-10T20:44:07.433+0000] {logging_mixin.py:190} INFO - [2025-03-10T20:44:07.433+0000] {dag.py:4180} INFO - Setting next_dagrun for example_branch_dop_operator_v3 to 2025-03-10 20:43:00+00:00, run_after=2025-03-10 20:44:00+00:00
[2025-03-10T20:44:07.453+0000] {processor.py:208} INFO - Processing /home/airflow/.local/lib/python3.12/site-packages/airflow/example_dags/example_branch_python_dop_operator_3.py took 0.103 seconds
[2025-03-10T20:44:40.074+0000] {processor.py:186} INFO - Started process (PID=1889) to work on /home/airflow/.local/lib/python3.12/site-packages/airflow/example_dags/example_branch_python_dop_operator_3.py
[2025-03-10T20:44:40.075+0000] {processor.py:914} INFO - Processing file /home/airflow/.local/lib/python3.12/site-packages/airflow/example_dags/example_branch_python_dop_operator_3.py for tasks to queue
[2025-03-10T20:44:40.078+0000] {logging_mixin.py:190} INFO - [2025-03-10T20:44:40.078+0000] {dagbag.py:588} INFO - Filling up the DagBag from /home/airflow/.local/lib/python3.12/site-packages/airflow/example_dags/example_branch_python_dop_operator_3.py
[2025-03-10T20:44:40.091+0000] {processor.py:925} INFO - DAG(s) 'example_branch_dop_operator_v3' retrieved from /home/airflow/.local/lib/python3.12/site-packages/airflow/example_dags/example_branch_python_dop_operator_3.py
[2025-03-10T20:44:40.116+0000] {logging_mixin.py:190} INFO - [2025-03-10T20:44:40.116+0000] {dag.py:3239} INFO - Sync 1 DAGs
[2025-03-10T20:44:40.414+0000] {logging_mixin.py:190} INFO - [2025-03-10T20:44:40.414+0000] {dag.py:4180} INFO - Setting next_dagrun for example_branch_dop_operator_v3 to 2025-03-10 20:43:00+00:00, run_after=2025-03-10 20:44:00+00:00
[2025-03-10T20:44:40.435+0000] {processor.py:208} INFO - Processing /home/airflow/.local/lib/python3.12/site-packages/airflow/example_dags/example_branch_python_dop_operator_3.py took 0.369 seconds
[2025-03-10T20:45:10.656+0000] {processor.py:186} INFO - Started process (PID=1958) to work on /home/airflow/.local/lib/python3.12/site-packages/airflow/example_dags/example_branch_python_dop_operator_3.py
[2025-03-10T20:45:10.657+0000] {processor.py:914} INFO - Processing file /home/airflow/.local/lib/python3.12/site-packages/airflow/example_dags/example_branch_python_dop_operator_3.py for tasks to queue
[2025-03-10T20:45:10.660+0000] {logging_mixin.py:190} INFO - [2025-03-10T20:45:10.660+0000] {dagbag.py:588} INFO - Filling up the DagBag from /home/airflow/.local/lib/python3.12/site-packages/airflow/example_dags/example_branch_python_dop_operator_3.py
[2025-03-10T20:45:10.673+0000] {processor.py:925} INFO - DAG(s) 'example_branch_dop_operator_v3' retrieved from /home/airflow/.local/lib/python3.12/site-packages/airflow/example_dags/example_branch_python_dop_operator_3.py
[2025-03-10T20:45:10.697+0000] {logging_mixin.py:190} INFO - [2025-03-10T20:45:10.697+0000] {dag.py:3239} INFO - Sync 1 DAGs
[2025-03-10T20:45:10.730+0000] {logging_mixin.py:190} INFO - [2025-03-10T20:45:10.730+0000] {dag.py:4180} INFO - Setting next_dagrun for example_branch_dop_operator_v3 to 2025-03-10 20:44:00+00:00, run_after=2025-03-10 20:45:00+00:00
[2025-03-10T20:45:11.001+0000] {processor.py:208} INFO - Processing /home/airflow/.local/lib/python3.12/site-packages/airflow/example_dags/example_branch_python_dop_operator_3.py took 0.353 seconds
[2025-03-10T20:45:41.831+0000] {processor.py:186} INFO - Started process (PID=2021) to work on /home/airflow/.local/lib/python3.12/site-packages/airflow/example_dags/example_branch_python_dop_operator_3.py
[2025-03-10T20:45:41.832+0000] {processor.py:914} INFO - Processing file /home/airflow/.local/lib/python3.12/site-packages/airflow/example_dags/example_branch_python_dop_operator_3.py for tasks to queue
[2025-03-10T20:45:41.835+0000] {logging_mixin.py:190} INFO - [2025-03-10T20:45:41.835+0000] {dagbag.py:588} INFO - Filling up the DagBag from /home/airflow/.local/lib/python3.12/site-packages/airflow/example_dags/example_branch_python_dop_operator_3.py
[2025-03-10T20:45:41.848+0000] {processor.py:925} INFO - DAG(s) 'example_branch_dop_operator_v3' retrieved from /home/airflow/.local/lib/python3.12/site-packages/airflow/example_dags/example_branch_python_dop_operator_3.py
[2025-03-10T20:45:41.874+0000] {logging_mixin.py:190} INFO - [2025-03-10T20:45:41.874+0000] {dag.py:3239} INFO - Sync 1 DAGs
[2025-03-10T20:45:41.909+0000] {logging_mixin.py:190} INFO - [2025-03-10T20:45:41.909+0000] {dag.py:4180} INFO - Setting next_dagrun for example_branch_dop_operator_v3 to 2025-03-10 20:44:00+00:00, run_after=2025-03-10 20:45:00+00:00
[2025-03-10T20:45:41.930+0000] {processor.py:208} INFO - Processing /home/airflow/.local/lib/python3.12/site-packages/airflow/example_dags/example_branch_python_dop_operator_3.py took 0.106 seconds
[2025-03-10T20:46:13.397+0000] {processor.py:186} INFO - Started process (PID=2084) to work on /home/airflow/.local/lib/python3.12/site-packages/airflow/example_dags/example_branch_python_dop_operator_3.py
[2025-03-10T20:46:13.398+0000] {processor.py:914} INFO - Processing file /home/airflow/.local/lib/python3.12/site-packages/airflow/example_dags/example_branch_python_dop_operator_3.py for tasks to queue
[2025-03-10T20:46:13.401+0000] {logging_mixin.py:190} INFO - [2025-03-10T20:46:13.400+0000] {dagbag.py:588} INFO - Filling up the DagBag from /home/airflow/.local/lib/python3.12/site-packages/airflow/example_dags/example_branch_python_dop_operator_3.py
[2025-03-10T20:46:13.413+0000] {processor.py:925} INFO - DAG(s) 'example_branch_dop_operator_v3' retrieved from /home/airflow/.local/lib/python3.12/site-packages/airflow/example_dags/example_branch_python_dop_operator_3.py
[2025-03-10T20:46:13.439+0000] {logging_mixin.py:190} INFO - [2025-03-10T20:46:13.439+0000] {dag.py:3239} INFO - Sync 1 DAGs
[2025-03-10T20:46:13.473+0000] {logging_mixin.py:190} INFO - [2025-03-10T20:46:13.473+0000] {dag.py:4180} INFO - Setting next_dagrun for example_branch_dop_operator_v3 to 2025-03-10 20:45:00+00:00, run_after=2025-03-10 20:46:00+00:00
[2025-03-10T20:46:13.496+0000] {processor.py:208} INFO - Processing /home/airflow/.local/lib/python3.12/site-packages/airflow/example_dags/example_branch_python_dop_operator_3.py took 0.106 seconds
[2025-03-10T20:46:44.569+0000] {processor.py:186} INFO - Started process (PID=2147) to work on /home/airflow/.local/lib/python3.12/site-packages/airflow/example_dags/example_branch_python_dop_operator_3.py
[2025-03-10T20:46:44.569+0000] {processor.py:914} INFO - Processing file /home/airflow/.local/lib/python3.12/site-packages/airflow/example_dags/example_branch_python_dop_operator_3.py for tasks to queue
[2025-03-10T20:46:44.572+0000] {logging_mixin.py:190} INFO - [2025-03-10T20:46:44.572+0000] {dagbag.py:588} INFO - Filling up the DagBag from /home/airflow/.local/lib/python3.12/site-packages/airflow/example_dags/example_branch_python_dop_operator_3.py
[2025-03-10T20:46:44.584+0000] {processor.py:925} INFO - DAG(s) 'example_branch_dop_operator_v3' retrieved from /home/airflow/.local/lib/python3.12/site-packages/airflow/example_dags/example_branch_python_dop_operator_3.py
[2025-03-10T20:46:44.611+0000] {logging_mixin.py:190} INFO - [2025-03-10T20:46:44.611+0000] {dag.py:3239} INFO - Sync 1 DAGs
[2025-03-10T20:46:44.890+0000] {logging_mixin.py:190} INFO - [2025-03-10T20:46:44.889+0000] {dag.py:4180} INFO - Setting next_dagrun for example_branch_dop_operator_v3 to 2025-03-10 20:45:00+00:00, run_after=2025-03-10 20:46:00+00:00
[2025-03-10T20:46:44.911+0000] {processor.py:208} INFO - Processing /home/airflow/.local/lib/python3.12/site-packages/airflow/example_dags/example_branch_python_dop_operator_3.py took 0.350 seconds
[2025-03-10T20:47:15.735+0000] {processor.py:186} INFO - Started process (PID=2210) to work on /home/airflow/.local/lib/python3.12/site-packages/airflow/example_dags/example_branch_python_dop_operator_3.py
[2025-03-10T20:47:15.736+0000] {processor.py:914} INFO - Processing file /home/airflow/.local/lib/python3.12/site-packages/airflow/example_dags/example_branch_python_dop_operator_3.py for tasks to queue
[2025-03-10T20:47:15.740+0000] {logging_mixin.py:190} INFO - [2025-03-10T20:47:15.739+0000] {dagbag.py:588} INFO - Filling up the DagBag from /home/airflow/.local/lib/python3.12/site-packages/airflow/example_dags/example_branch_python_dop_operator_3.py
[2025-03-10T20:47:15.753+0000] {processor.py:925} INFO - DAG(s) 'example_branch_dop_operator_v3' retrieved from /home/airflow/.local/lib/python3.12/site-packages/airflow/example_dags/example_branch_python_dop_operator_3.py
[2025-03-10T20:47:15.776+0000] {logging_mixin.py:190} INFO - [2025-03-10T20:47:15.776+0000] {dag.py:3239} INFO - Sync 1 DAGs
[2025-03-10T20:47:15.810+0000] {logging_mixin.py:190} INFO - [2025-03-10T20:47:15.809+0000] {dag.py:4180} INFO - Setting next_dagrun for example_branch_dop_operator_v3 to 2025-03-10 20:46:00+00:00, run_after=2025-03-10 20:47:00+00:00
[2025-03-10T20:47:15.829+0000] {processor.py:208} INFO - Processing /home/airflow/.local/lib/python3.12/site-packages/airflow/example_dags/example_branch_python_dop_operator_3.py took 0.103 seconds
[2025-03-10T20:47:46.443+0000] {processor.py:186} INFO - Started process (PID=2273) to work on /home/airflow/.local/lib/python3.12/site-packages/airflow/example_dags/example_branch_python_dop_operator_3.py
[2025-03-10T20:47:46.444+0000] {processor.py:914} INFO - Processing file /home/airflow/.local/lib/python3.12/site-packages/airflow/example_dags/example_branch_python_dop_operator_3.py for tasks to queue
[2025-03-10T20:47:46.447+0000] {logging_mixin.py:190} INFO - [2025-03-10T20:47:46.446+0000] {dagbag.py:588} INFO - Filling up the DagBag from /home/airflow/.local/lib/python3.12/site-packages/airflow/example_dags/example_branch_python_dop_operator_3.py
[2025-03-10T20:47:46.459+0000] {processor.py:925} INFO - DAG(s) 'example_branch_dop_operator_v3' retrieved from /home/airflow/.local/lib/python3.12/site-packages/airflow/example_dags/example_branch_python_dop_operator_3.py
[2025-03-10T20:47:46.484+0000] {logging_mixin.py:190} INFO - [2025-03-10T20:47:46.483+0000] {dag.py:3239} INFO - Sync 1 DAGs
[2025-03-10T20:47:46.519+0000] {logging_mixin.py:190} INFO - [2025-03-10T20:47:46.519+0000] {dag.py:4180} INFO - Setting next_dagrun for example_branch_dop_operator_v3 to 2025-03-10 20:46:00+00:00, run_after=2025-03-10 20:47:00+00:00
[2025-03-10T20:47:46.540+0000] {processor.py:208} INFO - Processing /home/airflow/.local/lib/python3.12/site-packages/airflow/example_dags/example_branch_python_dop_operator_3.py took 0.105 seconds
[2025-03-10T20:48:16.930+0000] {processor.py:186} INFO - Started process (PID=2336) to work on /home/airflow/.local/lib/python3.12/site-packages/airflow/example_dags/example_branch_python_dop_operator_3.py
[2025-03-10T20:48:16.931+0000] {processor.py:914} INFO - Processing file /home/airflow/.local/lib/python3.12/site-packages/airflow/example_dags/example_branch_python_dop_operator_3.py for tasks to queue
[2025-03-10T20:48:16.935+0000] {logging_mixin.py:190} INFO - [2025-03-10T20:48:16.934+0000] {dagbag.py:588} INFO - Filling up the DagBag from /home/airflow/.local/lib/python3.12/site-packages/airflow/example_dags/example_branch_python_dop_operator_3.py
[2025-03-10T20:48:16.949+0000] {processor.py:925} INFO - DAG(s) 'example_branch_dop_operator_v3' retrieved from /home/airflow/.local/lib/python3.12/site-packages/airflow/example_dags/example_branch_python_dop_operator_3.py
[2025-03-10T20:48:16.974+0000] {logging_mixin.py:190} INFO - [2025-03-10T20:48:16.974+0000] {dag.py:3239} INFO - Sync 1 DAGs
[2025-03-10T20:48:17.014+0000] {logging_mixin.py:190} INFO - [2025-03-10T20:48:17.014+0000] {dag.py:4180} INFO - Setting next_dagrun for example_branch_dop_operator_v3 to 2025-03-10 20:47:00+00:00, run_after=2025-03-10 20:48:00+00:00
[2025-03-10T20:48:17.041+0000] {processor.py:208} INFO - Processing /home/airflow/.local/lib/python3.12/site-packages/airflow/example_dags/example_branch_python_dop_operator_3.py took 0.120 seconds
[2025-03-10T20:48:47.507+0000] {processor.py:186} INFO - Started process (PID=2399) to work on /home/airflow/.local/lib/python3.12/site-packages/airflow/example_dags/example_branch_python_dop_operator_3.py
[2025-03-10T20:48:47.507+0000] {processor.py:914} INFO - Processing file /home/airflow/.local/lib/python3.12/site-packages/airflow/example_dags/example_branch_python_dop_operator_3.py for tasks to queue
[2025-03-10T20:48:47.511+0000] {logging_mixin.py:190} INFO - [2025-03-10T20:48:47.510+0000] {dagbag.py:588} INFO - Filling up the DagBag from /home/airflow/.local/lib/python3.12/site-packages/airflow/example_dags/example_branch_python_dop_operator_3.py
[2025-03-10T20:48:47.523+0000] {processor.py:925} INFO - DAG(s) 'example_branch_dop_operator_v3' retrieved from /home/airflow/.local/lib/python3.12/site-packages/airflow/example_dags/example_branch_python_dop_operator_3.py
[2025-03-10T20:48:47.548+0000] {logging_mixin.py:190} INFO - [2025-03-10T20:48:47.548+0000] {dag.py:3239} INFO - Sync 1 DAGs
[2025-03-10T20:48:47.581+0000] {logging_mixin.py:190} INFO - [2025-03-10T20:48:47.581+0000] {dag.py:4180} INFO - Setting next_dagrun for example_branch_dop_operator_v3 to 2025-03-10 20:47:00+00:00, run_after=2025-03-10 20:48:00+00:00
[2025-03-10T20:48:47.601+0000] {processor.py:208} INFO - Processing /home/airflow/.local/lib/python3.12/site-packages/airflow/example_dags/example_branch_python_dop_operator_3.py took 0.103 seconds
[2025-03-10T20:49:18.069+0000] {processor.py:186} INFO - Started process (PID=2462) to work on /home/airflow/.local/lib/python3.12/site-packages/airflow/example_dags/example_branch_python_dop_operator_3.py
[2025-03-10T20:49:18.070+0000] {processor.py:914} INFO - Processing file /home/airflow/.local/lib/python3.12/site-packages/airflow/example_dags/example_branch_python_dop_operator_3.py for tasks to queue
[2025-03-10T20:49:18.073+0000] {logging_mixin.py:190} INFO - [2025-03-10T20:49:18.072+0000] {dagbag.py:588} INFO - Filling up the DagBag from /home/airflow/.local/lib/python3.12/site-packages/airflow/example_dags/example_branch_python_dop_operator_3.py
[2025-03-10T20:49:18.086+0000] {processor.py:925} INFO - DAG(s) 'example_branch_dop_operator_v3' retrieved from /home/airflow/.local/lib/python3.12/site-packages/airflow/example_dags/example_branch_python_dop_operator_3.py
[2025-03-10T20:49:18.116+0000] {logging_mixin.py:190} INFO - [2025-03-10T20:49:18.116+0000] {dag.py:3239} INFO - Sync 1 DAGs
[2025-03-10T20:49:18.152+0000] {logging_mixin.py:190} INFO - [2025-03-10T20:49:18.152+0000] {dag.py:4180} INFO - Setting next_dagrun for example_branch_dop_operator_v3 to 2025-03-10 20:48:00+00:00, run_after=2025-03-10 20:49:00+00:00
[2025-03-10T20:49:18.174+0000] {processor.py:208} INFO - Processing /home/airflow/.local/lib/python3.12/site-packages/airflow/example_dags/example_branch_python_dop_operator_3.py took 0.112 seconds
[2025-03-10T20:49:48.466+0000] {processor.py:186} INFO - Started process (PID=2525) to work on /home/airflow/.local/lib/python3.12/site-packages/airflow/example_dags/example_branch_python_dop_operator_3.py
[2025-03-10T20:49:48.467+0000] {processor.py:914} INFO - Processing file /home/airflow/.local/lib/python3.12/site-packages/airflow/example_dags/example_branch_python_dop_operator_3.py for tasks to queue
[2025-03-10T20:49:48.470+0000] {logging_mixin.py:190} INFO - [2025-03-10T20:49:48.469+0000] {dagbag.py:588} INFO - Filling up the DagBag from /home/airflow/.local/lib/python3.12/site-packages/airflow/example_dags/example_branch_python_dop_operator_3.py
[2025-03-10T20:49:48.483+0000] {processor.py:925} INFO - DAG(s) 'example_branch_dop_operator_v3' retrieved from /home/airflow/.local/lib/python3.12/site-packages/airflow/example_dags/example_branch_python_dop_operator_3.py
[2025-03-10T20:49:48.507+0000] {logging_mixin.py:190} INFO - [2025-03-10T20:49:48.507+0000] {dag.py:3239} INFO - Sync 1 DAGs
[2025-03-10T20:49:48.540+0000] {logging_mixin.py:190} INFO - [2025-03-10T20:49:48.540+0000] {dag.py:4180} INFO - Setting next_dagrun for example_branch_dop_operator_v3 to 2025-03-10 20:48:00+00:00, run_after=2025-03-10 20:49:00+00:00
[2025-03-10T20:49:48.561+0000] {processor.py:208} INFO - Processing /home/airflow/.local/lib/python3.12/site-packages/airflow/example_dags/example_branch_python_dop_operator_3.py took 0.104 seconds
[2025-03-10T20:50:19.045+0000] {processor.py:186} INFO - Started process (PID=2588) to work on /home/airflow/.local/lib/python3.12/site-packages/airflow/example_dags/example_branch_python_dop_operator_3.py
[2025-03-10T20:50:19.046+0000] {processor.py:914} INFO - Processing file /home/airflow/.local/lib/python3.12/site-packages/airflow/example_dags/example_branch_python_dop_operator_3.py for tasks to queue
[2025-03-10T20:50:19.049+0000] {logging_mixin.py:190} INFO - [2025-03-10T20:50:19.048+0000] {dagbag.py:588} INFO - Filling up the DagBag from /home/airflow/.local/lib/python3.12/site-packages/airflow/example_dags/example_branch_python_dop_operator_3.py
[2025-03-10T20:50:19.060+0000] {processor.py:925} INFO - DAG(s) 'example_branch_dop_operator_v3' retrieved from /home/airflow/.local/lib/python3.12/site-packages/airflow/example_dags/example_branch_python_dop_operator_3.py
[2025-03-10T20:50:19.083+0000] {logging_mixin.py:190} INFO - [2025-03-10T20:50:19.083+0000] {dag.py:3239} INFO - Sync 1 DAGs
[2025-03-10T20:50:19.115+0000] {logging_mixin.py:190} INFO - [2025-03-10T20:50:19.115+0000] {dag.py:4180} INFO - Setting next_dagrun for example_branch_dop_operator_v3 to 2025-03-10 20:49:00+00:00, run_after=2025-03-10 20:50:00+00:00
[2025-03-10T20:50:19.136+0000] {processor.py:208} INFO - Processing /home/airflow/.local/lib/python3.12/site-packages/airflow/example_dags/example_branch_python_dop_operator_3.py took 0.098 seconds
[2025-03-10T23:08:59.006+0000] {processor.py:186} INFO - Started process (PID=120) to work on /home/airflow/.local/lib/python3.12/site-packages/airflow/example_dags/example_branch_python_dop_operator_3.py
[2025-03-10T23:08:59.008+0000] {processor.py:914} INFO - Processing file /home/airflow/.local/lib/python3.12/site-packages/airflow/example_dags/example_branch_python_dop_operator_3.py for tasks to queue
[2025-03-10T23:08:59.011+0000] {logging_mixin.py:190} INFO - [2025-03-10T23:08:59.011+0000] {dagbag.py:588} INFO - Filling up the DagBag from /home/airflow/.local/lib/python3.12/site-packages/airflow/example_dags/example_branch_python_dop_operator_3.py
[2025-03-10T23:08:59.024+0000] {processor.py:925} INFO - DAG(s) 'example_branch_dop_operator_v3' retrieved from /home/airflow/.local/lib/python3.12/site-packages/airflow/example_dags/example_branch_python_dop_operator_3.py
[2025-03-10T23:08:59.066+0000] {logging_mixin.py:190} INFO - [2025-03-10T23:08:59.065+0000] {dag.py:3239} INFO - Sync 1 DAGs
[2025-03-10T23:08:59.103+0000] {logging_mixin.py:190} INFO - [2025-03-10T23:08:59.103+0000] {dag.py:4180} INFO - Setting next_dagrun for example_branch_dop_operator_v3 to 2025-03-10 23:07:00+00:00, run_after=2025-03-10 23:08:00+00:00
[2025-03-10T23:08:59.126+0000] {processor.py:208} INFO - Processing /home/airflow/.local/lib/python3.12/site-packages/airflow/example_dags/example_branch_python_dop_operator_3.py took 0.129 seconds
[2025-03-10T23:10:34.474+0000] {processor.py:186} INFO - Started process (PID=177) to work on /home/airflow/.local/lib/python3.12/site-packages/airflow/example_dags/example_branch_python_dop_operator_3.py
[2025-03-10T23:10:34.475+0000] {processor.py:914} INFO - Processing file /home/airflow/.local/lib/python3.12/site-packages/airflow/example_dags/example_branch_python_dop_operator_3.py for tasks to queue
[2025-03-10T23:10:34.476+0000] {logging_mixin.py:190} INFO - [2025-03-10T23:10:34.475+0000] {dagbag.py:588} INFO - Filling up the DagBag from /home/airflow/.local/lib/python3.12/site-packages/airflow/example_dags/example_branch_python_dop_operator_3.py
[2025-03-10T23:10:34.487+0000] {processor.py:925} INFO - DAG(s) 'example_branch_dop_operator_v3' retrieved from /home/airflow/.local/lib/python3.12/site-packages/airflow/example_dags/example_branch_python_dop_operator_3.py
[2025-03-10T23:10:34.512+0000] {logging_mixin.py:190} INFO - [2025-03-10T23:10:34.511+0000] {dag.py:3239} INFO - Sync 1 DAGs
[2025-03-10T23:10:34.545+0000] {logging_mixin.py:190} INFO - [2025-03-10T23:10:34.544+0000] {dag.py:4180} INFO - Setting next_dagrun for example_branch_dop_operator_v3 to 2025-03-10 23:09:00+00:00, run_after=2025-03-10 23:10:00+00:00
[2025-03-10T23:10:34.565+0000] {processor.py:208} INFO - Processing /home/airflow/.local/lib/python3.12/site-packages/airflow/example_dags/example_branch_python_dop_operator_3.py took 0.099 seconds
[2025-03-10T23:13:27.416+0000] {processor.py:186} INFO - Started process (PID=235) to work on /home/airflow/.local/lib/python3.12/site-packages/airflow/example_dags/example_branch_python_dop_operator_3.py
[2025-03-10T23:13:27.419+0000] {processor.py:914} INFO - Processing file /home/airflow/.local/lib/python3.12/site-packages/airflow/example_dags/example_branch_python_dop_operator_3.py for tasks to queue
[2025-03-10T23:13:27.424+0000] {logging_mixin.py:190} INFO - [2025-03-10T23:13:27.423+0000] {dagbag.py:588} INFO - Filling up the DagBag from /home/airflow/.local/lib/python3.12/site-packages/airflow/example_dags/example_branch_python_dop_operator_3.py
[2025-03-10T23:13:27.470+0000] {processor.py:925} INFO - DAG(s) 'example_branch_dop_operator_v3' retrieved from /home/airflow/.local/lib/python3.12/site-packages/airflow/example_dags/example_branch_python_dop_operator_3.py
[2025-03-10T23:13:27.595+0000] {logging_mixin.py:190} INFO - [2025-03-10T23:13:27.593+0000] {dag.py:3239} INFO - Sync 1 DAGs
[2025-03-10T23:13:27.788+0000] {logging_mixin.py:190} INFO - [2025-03-10T23:13:27.787+0000] {dag.py:4180} INFO - Setting next_dagrun for example_branch_dop_operator_v3 to 2025-03-10 23:12:00+00:00, run_after=2025-03-10 23:13:00+00:00
[2025-03-10T23:13:27.898+0000] {processor.py:208} INFO - Processing /home/airflow/.local/lib/python3.12/site-packages/airflow/example_dags/example_branch_python_dop_operator_3.py took 0.509 seconds
[2025-03-10T23:15:02.622+0000] {processor.py:186} INFO - Started process (PID=308) to work on /home/airflow/.local/lib/python3.12/site-packages/airflow/example_dags/example_branch_python_dop_operator_3.py
[2025-03-10T23:15:02.625+0000] {processor.py:914} INFO - Processing file /home/airflow/.local/lib/python3.12/site-packages/airflow/example_dags/example_branch_python_dop_operator_3.py for tasks to queue
[2025-03-10T23:15:02.630+0000] {logging_mixin.py:190} INFO - [2025-03-10T23:15:02.629+0000] {dagbag.py:588} INFO - Filling up the DagBag from /home/airflow/.local/lib/python3.12/site-packages/airflow/example_dags/example_branch_python_dop_operator_3.py
[2025-03-10T23:15:02.680+0000] {processor.py:925} INFO - DAG(s) 'example_branch_dop_operator_v3' retrieved from /home/airflow/.local/lib/python3.12/site-packages/airflow/example_dags/example_branch_python_dop_operator_3.py
[2025-03-10T23:15:02.786+0000] {logging_mixin.py:190} INFO - [2025-03-10T23:15:02.784+0000] {dag.py:3239} INFO - Sync 1 DAGs
[2025-03-10T23:15:02.931+0000] {logging_mixin.py:190} INFO - [2025-03-10T23:15:02.930+0000] {dag.py:4180} INFO - Setting next_dagrun for example_branch_dop_operator_v3 to 2025-03-10 23:14:00+00:00, run_after=2025-03-10 23:15:00+00:00
[2025-03-10T23:15:03.041+0000] {processor.py:208} INFO - Processing /home/airflow/.local/lib/python3.12/site-packages/airflow/example_dags/example_branch_python_dop_operator_3.py took 0.444 seconds
[2025-03-10T23:15:34.308+0000] {processor.py:186} INFO - Started process (PID=371) to work on /home/airflow/.local/lib/python3.12/site-packages/airflow/example_dags/example_branch_python_dop_operator_3.py
[2025-03-10T23:15:34.312+0000] {processor.py:914} INFO - Processing file /home/airflow/.local/lib/python3.12/site-packages/airflow/example_dags/example_branch_python_dop_operator_3.py for tasks to queue
[2025-03-10T23:15:34.319+0000] {logging_mixin.py:190} INFO - [2025-03-10T23:15:34.317+0000] {dagbag.py:588} INFO - Filling up the DagBag from /home/airflow/.local/lib/python3.12/site-packages/airflow/example_dags/example_branch_python_dop_operator_3.py
[2025-03-10T23:15:34.385+0000] {processor.py:925} INFO - DAG(s) 'example_branch_dop_operator_v3' retrieved from /home/airflow/.local/lib/python3.12/site-packages/airflow/example_dags/example_branch_python_dop_operator_3.py
[2025-03-10T23:15:34.500+0000] {logging_mixin.py:190} INFO - [2025-03-10T23:15:34.499+0000] {dag.py:3239} INFO - Sync 1 DAGs
[2025-03-10T23:15:34.681+0000] {logging_mixin.py:190} INFO - [2025-03-10T23:15:34.680+0000] {dag.py:4180} INFO - Setting next_dagrun for example_branch_dop_operator_v3 to 2025-03-10 23:14:00+00:00, run_after=2025-03-10 23:15:00+00:00
[2025-03-10T23:15:34.768+0000] {processor.py:208} INFO - Processing /home/airflow/.local/lib/python3.12/site-packages/airflow/example_dags/example_branch_python_dop_operator_3.py took 0.499 seconds
[2025-03-10T23:16:05.789+0000] {processor.py:186} INFO - Started process (PID=434) to work on /home/airflow/.local/lib/python3.12/site-packages/airflow/example_dags/example_branch_python_dop_operator_3.py
[2025-03-10T23:16:05.793+0000] {processor.py:914} INFO - Processing file /home/airflow/.local/lib/python3.12/site-packages/airflow/example_dags/example_branch_python_dop_operator_3.py for tasks to queue
[2025-03-10T23:16:05.800+0000] {logging_mixin.py:190} INFO - [2025-03-10T23:16:05.798+0000] {dagbag.py:588} INFO - Filling up the DagBag from /home/airflow/.local/lib/python3.12/site-packages/airflow/example_dags/example_branch_python_dop_operator_3.py
[2025-03-10T23:16:05.860+0000] {processor.py:925} INFO - DAG(s) 'example_branch_dop_operator_v3' retrieved from /home/airflow/.local/lib/python3.12/site-packages/airflow/example_dags/example_branch_python_dop_operator_3.py
[2025-03-10T23:16:05.953+0000] {logging_mixin.py:190} INFO - [2025-03-10T23:16:05.952+0000] {dag.py:3239} INFO - Sync 1 DAGs
[2025-03-10T23:16:06.125+0000] {logging_mixin.py:190} INFO - [2025-03-10T23:16:06.124+0000] {dag.py:4180} INFO - Setting next_dagrun for example_branch_dop_operator_v3 to 2025-03-10 23:15:00+00:00, run_after=2025-03-10 23:16:00+00:00
[2025-03-10T23:16:06.233+0000] {processor.py:208} INFO - Processing /home/airflow/.local/lib/python3.12/site-packages/airflow/example_dags/example_branch_python_dop_operator_3.py took 0.479 seconds
[2025-03-10T23:16:36.882+0000] {processor.py:186} INFO - Started process (PID=497) to work on /home/airflow/.local/lib/python3.12/site-packages/airflow/example_dags/example_branch_python_dop_operator_3.py
[2025-03-10T23:16:36.883+0000] {processor.py:914} INFO - Processing file /home/airflow/.local/lib/python3.12/site-packages/airflow/example_dags/example_branch_python_dop_operator_3.py for tasks to queue
[2025-03-10T23:16:36.884+0000] {logging_mixin.py:190} INFO - [2025-03-10T23:16:36.884+0000] {dagbag.py:588} INFO - Filling up the DagBag from /home/airflow/.local/lib/python3.12/site-packages/airflow/example_dags/example_branch_python_dop_operator_3.py
[2025-03-10T23:16:36.897+0000] {processor.py:925} INFO - DAG(s) 'example_branch_dop_operator_v3' retrieved from /home/airflow/.local/lib/python3.12/site-packages/airflow/example_dags/example_branch_python_dop_operator_3.py
[2025-03-10T23:16:36.925+0000] {logging_mixin.py:190} INFO - [2025-03-10T23:16:36.925+0000] {dag.py:3239} INFO - Sync 1 DAGs
[2025-03-10T23:16:36.960+0000] {logging_mixin.py:190} INFO - [2025-03-10T23:16:36.959+0000] {dag.py:4180} INFO - Setting next_dagrun for example_branch_dop_operator_v3 to 2025-03-10 23:15:00+00:00, run_after=2025-03-10 23:16:00+00:00
[2025-03-10T23:16:36.980+0000] {processor.py:208} INFO - Processing /home/airflow/.local/lib/python3.12/site-packages/airflow/example_dags/example_branch_python_dop_operator_3.py took 0.106 seconds
[2025-03-10T23:17:07.485+0000] {processor.py:186} INFO - Started process (PID=560) to work on /home/airflow/.local/lib/python3.12/site-packages/airflow/example_dags/example_branch_python_dop_operator_3.py
[2025-03-10T23:17:07.486+0000] {processor.py:914} INFO - Processing file /home/airflow/.local/lib/python3.12/site-packages/airflow/example_dags/example_branch_python_dop_operator_3.py for tasks to queue
[2025-03-10T23:17:07.488+0000] {logging_mixin.py:190} INFO - [2025-03-10T23:17:07.487+0000] {dagbag.py:588} INFO - Filling up the DagBag from /home/airflow/.local/lib/python3.12/site-packages/airflow/example_dags/example_branch_python_dop_operator_3.py
[2025-03-10T23:17:07.503+0000] {processor.py:925} INFO - DAG(s) 'example_branch_dop_operator_v3' retrieved from /home/airflow/.local/lib/python3.12/site-packages/airflow/example_dags/example_branch_python_dop_operator_3.py
[2025-03-10T23:17:07.530+0000] {logging_mixin.py:190} INFO - [2025-03-10T23:17:07.529+0000] {dag.py:3239} INFO - Sync 1 DAGs
[2025-03-10T23:17:07.566+0000] {logging_mixin.py:190} INFO - [2025-03-10T23:17:07.566+0000] {dag.py:4180} INFO - Setting next_dagrun for example_branch_dop_operator_v3 to 2025-03-10 23:16:00+00:00, run_after=2025-03-10 23:17:00+00:00
[2025-03-10T23:17:07.590+0000] {processor.py:208} INFO - Processing /home/airflow/.local/lib/python3.12/site-packages/airflow/example_dags/example_branch_python_dop_operator_3.py took 0.116 seconds
[2025-03-10T23:17:37.673+0000] {processor.py:186} INFO - Started process (PID=623) to work on /home/airflow/.local/lib/python3.12/site-packages/airflow/example_dags/example_branch_python_dop_operator_3.py
[2025-03-10T23:17:37.673+0000] {processor.py:914} INFO - Processing file /home/airflow/.local/lib/python3.12/site-packages/airflow/example_dags/example_branch_python_dop_operator_3.py for tasks to queue
[2025-03-10T23:17:37.675+0000] {logging_mixin.py:190} INFO - [2025-03-10T23:17:37.674+0000] {dagbag.py:588} INFO - Filling up the DagBag from /home/airflow/.local/lib/python3.12/site-packages/airflow/example_dags/example_branch_python_dop_operator_3.py
[2025-03-10T23:17:37.687+0000] {processor.py:925} INFO - DAG(s) 'example_branch_dop_operator_v3' retrieved from /home/airflow/.local/lib/python3.12/site-packages/airflow/example_dags/example_branch_python_dop_operator_3.py
[2025-03-10T23:17:37.712+0000] {logging_mixin.py:190} INFO - [2025-03-10T23:17:37.711+0000] {dag.py:3239} INFO - Sync 1 DAGs
[2025-03-10T23:17:37.744+0000] {logging_mixin.py:190} INFO - [2025-03-10T23:17:37.744+0000] {dag.py:4180} INFO - Setting next_dagrun for example_branch_dop_operator_v3 to 2025-03-10 23:16:00+00:00, run_after=2025-03-10 23:17:00+00:00
[2025-03-10T23:17:37.765+0000] {processor.py:208} INFO - Processing /home/airflow/.local/lib/python3.12/site-packages/airflow/example_dags/example_branch_python_dop_operator_3.py took 0.100 seconds
[2025-03-10T23:18:07.929+0000] {processor.py:186} INFO - Started process (PID=686) to work on /home/airflow/.local/lib/python3.12/site-packages/airflow/example_dags/example_branch_python_dop_operator_3.py
[2025-03-10T23:18:07.930+0000] {processor.py:914} INFO - Processing file /home/airflow/.local/lib/python3.12/site-packages/airflow/example_dags/example_branch_python_dop_operator_3.py for tasks to queue
[2025-03-10T23:18:07.932+0000] {logging_mixin.py:190} INFO - [2025-03-10T23:18:07.931+0000] {dagbag.py:588} INFO - Filling up the DagBag from /home/airflow/.local/lib/python3.12/site-packages/airflow/example_dags/example_branch_python_dop_operator_3.py
[2025-03-10T23:18:07.947+0000] {processor.py:925} INFO - DAG(s) 'example_branch_dop_operator_v3' retrieved from /home/airflow/.local/lib/python3.12/site-packages/airflow/example_dags/example_branch_python_dop_operator_3.py
[2025-03-10T23:18:07.979+0000] {logging_mixin.py:190} INFO - [2025-03-10T23:18:07.979+0000] {dag.py:3239} INFO - Sync 1 DAGs
[2025-03-10T23:18:08.026+0000] {logging_mixin.py:190} INFO - [2025-03-10T23:18:08.026+0000] {dag.py:4180} INFO - Setting next_dagrun for example_branch_dop_operator_v3 to 2025-03-10 23:17:00+00:00, run_after=2025-03-10 23:18:00+00:00
[2025-03-10T23:18:08.056+0000] {processor.py:208} INFO - Processing /home/airflow/.local/lib/python3.12/site-packages/airflow/example_dags/example_branch_python_dop_operator_3.py took 0.138 seconds
[2025-03-10T23:18:38.201+0000] {processor.py:186} INFO - Started process (PID=749) to work on /home/airflow/.local/lib/python3.12/site-packages/airflow/example_dags/example_branch_python_dop_operator_3.py
[2025-03-10T23:18:38.202+0000] {processor.py:914} INFO - Processing file /home/airflow/.local/lib/python3.12/site-packages/airflow/example_dags/example_branch_python_dop_operator_3.py for tasks to queue
[2025-03-10T23:18:38.204+0000] {logging_mixin.py:190} INFO - [2025-03-10T23:18:38.203+0000] {dagbag.py:588} INFO - Filling up the DagBag from /home/airflow/.local/lib/python3.12/site-packages/airflow/example_dags/example_branch_python_dop_operator_3.py
[2025-03-10T23:18:38.217+0000] {processor.py:925} INFO - DAG(s) 'example_branch_dop_operator_v3' retrieved from /home/airflow/.local/lib/python3.12/site-packages/airflow/example_dags/example_branch_python_dop_operator_3.py
[2025-03-10T23:18:38.243+0000] {logging_mixin.py:190} INFO - [2025-03-10T23:18:38.242+0000] {dag.py:3239} INFO - Sync 1 DAGs
[2025-03-10T23:18:38.287+0000] {logging_mixin.py:190} INFO - [2025-03-10T23:18:38.287+0000] {dag.py:4180} INFO - Setting next_dagrun for example_branch_dop_operator_v3 to 2025-03-10 23:17:00+00:00, run_after=2025-03-10 23:18:00+00:00
[2025-03-10T23:18:38.309+0000] {processor.py:208} INFO - Processing /home/airflow/.local/lib/python3.12/site-packages/airflow/example_dags/example_branch_python_dop_operator_3.py took 0.114 seconds
[2025-03-10T23:19:08.531+0000] {processor.py:186} INFO - Started process (PID=812) to work on /home/airflow/.local/lib/python3.12/site-packages/airflow/example_dags/example_branch_python_dop_operator_3.py
[2025-03-10T23:19:08.532+0000] {processor.py:914} INFO - Processing file /home/airflow/.local/lib/python3.12/site-packages/airflow/example_dags/example_branch_python_dop_operator_3.py for tasks to queue
[2025-03-10T23:19:08.533+0000] {logging_mixin.py:190} INFO - [2025-03-10T23:19:08.533+0000] {dagbag.py:588} INFO - Filling up the DagBag from /home/airflow/.local/lib/python3.12/site-packages/airflow/example_dags/example_branch_python_dop_operator_3.py
[2025-03-10T23:19:08.545+0000] {processor.py:925} INFO - DAG(s) 'example_branch_dop_operator_v3' retrieved from /home/airflow/.local/lib/python3.12/site-packages/airflow/example_dags/example_branch_python_dop_operator_3.py
[2025-03-10T23:19:08.568+0000] {logging_mixin.py:190} INFO - [2025-03-10T23:19:08.568+0000] {dag.py:3239} INFO - Sync 1 DAGs
[2025-03-10T23:19:08.610+0000] {logging_mixin.py:190} INFO - [2025-03-10T23:19:08.610+0000] {dag.py:4180} INFO - Setting next_dagrun for example_branch_dop_operator_v3 to 2025-03-10 23:18:00+00:00, run_after=2025-03-10 23:19:00+00:00
[2025-03-10T23:19:08.636+0000] {processor.py:208} INFO - Processing /home/airflow/.local/lib/python3.12/site-packages/airflow/example_dags/example_branch_python_dop_operator_3.py took 0.112 seconds
[2025-03-10T23:27:12.275+0000] {processor.py:186} INFO - Started process (PID=107) to work on /home/airflow/.local/lib/python3.12/site-packages/airflow/example_dags/example_branch_python_dop_operator_3.py
[2025-03-10T23:27:12.278+0000] {processor.py:914} INFO - Processing file /home/airflow/.local/lib/python3.12/site-packages/airflow/example_dags/example_branch_python_dop_operator_3.py for tasks to queue
[2025-03-10T23:27:12.288+0000] {logging_mixin.py:190} INFO - [2025-03-10T23:27:12.286+0000] {dagbag.py:588} INFO - Filling up the DagBag from /home/airflow/.local/lib/python3.12/site-packages/airflow/example_dags/example_branch_python_dop_operator_3.py
[2025-03-10T23:27:12.326+0000] {processor.py:925} INFO - DAG(s) 'example_branch_dop_operator_v3' retrieved from /home/airflow/.local/lib/python3.12/site-packages/airflow/example_dags/example_branch_python_dop_operator_3.py
[2025-03-10T23:27:12.412+0000] {logging_mixin.py:190} INFO - [2025-03-10T23:27:12.411+0000] {dag.py:3239} INFO - Sync 1 DAGs
[2025-03-10T23:27:12.532+0000] {logging_mixin.py:190} INFO - [2025-03-10T23:27:12.531+0000] {dag.py:4180} INFO - Setting next_dagrun for example_branch_dop_operator_v3 to 2025-03-10 23:26:00+00:00, run_after=2025-03-10 23:27:00+00:00
[2025-03-10T23:27:12.600+0000] {processor.py:208} INFO - Processing /home/airflow/.local/lib/python3.12/site-packages/airflow/example_dags/example_branch_python_dop_operator_3.py took 0.348 seconds
[2025-03-10T23:27:42.741+0000] {processor.py:186} INFO - Started process (PID=170) to work on /home/airflow/.local/lib/python3.12/site-packages/airflow/example_dags/example_branch_python_dop_operator_3.py
[2025-03-10T23:27:42.742+0000] {processor.py:914} INFO - Processing file /home/airflow/.local/lib/python3.12/site-packages/airflow/example_dags/example_branch_python_dop_operator_3.py for tasks to queue
[2025-03-10T23:27:42.745+0000] {logging_mixin.py:190} INFO - [2025-03-10T23:27:42.745+0000] {dagbag.py:588} INFO - Filling up the DagBag from /home/airflow/.local/lib/python3.12/site-packages/airflow/example_dags/example_branch_python_dop_operator_3.py
[2025-03-10T23:27:42.757+0000] {processor.py:925} INFO - DAG(s) 'example_branch_dop_operator_v3' retrieved from /home/airflow/.local/lib/python3.12/site-packages/airflow/example_dags/example_branch_python_dop_operator_3.py
[2025-03-10T23:27:42.782+0000] {logging_mixin.py:190} INFO - [2025-03-10T23:27:42.782+0000] {dag.py:3239} INFO - Sync 1 DAGs
[2025-03-10T23:27:42.814+0000] {logging_mixin.py:190} INFO - [2025-03-10T23:27:42.813+0000] {dag.py:4180} INFO - Setting next_dagrun for example_branch_dop_operator_v3 to 2025-03-10 23:26:00+00:00, run_after=2025-03-10 23:27:00+00:00
[2025-03-10T23:27:42.833+0000] {processor.py:208} INFO - Processing /home/airflow/.local/lib/python3.12/site-packages/airflow/example_dags/example_branch_python_dop_operator_3.py took 0.099 seconds
[2025-03-10T23:28:13.289+0000] {processor.py:186} INFO - Started process (PID=233) to work on /home/airflow/.local/lib/python3.12/site-packages/airflow/example_dags/example_branch_python_dop_operator_3.py
[2025-03-10T23:28:13.290+0000] {processor.py:914} INFO - Processing file /home/airflow/.local/lib/python3.12/site-packages/airflow/example_dags/example_branch_python_dop_operator_3.py for tasks to queue
[2025-03-10T23:28:13.293+0000] {logging_mixin.py:190} INFO - [2025-03-10T23:28:13.293+0000] {dagbag.py:588} INFO - Filling up the DagBag from /home/airflow/.local/lib/python3.12/site-packages/airflow/example_dags/example_branch_python_dop_operator_3.py
[2025-03-10T23:28:13.305+0000] {processor.py:925} INFO - DAG(s) 'example_branch_dop_operator_v3' retrieved from /home/airflow/.local/lib/python3.12/site-packages/airflow/example_dags/example_branch_python_dop_operator_3.py
[2025-03-10T23:28:13.327+0000] {logging_mixin.py:190} INFO - [2025-03-10T23:28:13.327+0000] {dag.py:3239} INFO - Sync 1 DAGs
[2025-03-10T23:28:13.358+0000] {logging_mixin.py:190} INFO - [2025-03-10T23:28:13.357+0000] {dag.py:4180} INFO - Setting next_dagrun for example_branch_dop_operator_v3 to 2025-03-10 23:27:00+00:00, run_after=2025-03-10 23:28:00+00:00
[2025-03-10T23:28:13.376+0000] {processor.py:208} INFO - Processing /home/airflow/.local/lib/python3.12/site-packages/airflow/example_dags/example_branch_python_dop_operator_3.py took 0.094 seconds
[2025-03-10T23:28:44.162+0000] {processor.py:186} INFO - Started process (PID=296) to work on /home/airflow/.local/lib/python3.12/site-packages/airflow/example_dags/example_branch_python_dop_operator_3.py
[2025-03-10T23:28:44.164+0000] {processor.py:914} INFO - Processing file /home/airflow/.local/lib/python3.12/site-packages/airflow/example_dags/example_branch_python_dop_operator_3.py for tasks to queue
[2025-03-10T23:28:44.166+0000] {logging_mixin.py:190} INFO - [2025-03-10T23:28:44.166+0000] {dagbag.py:588} INFO - Filling up the DagBag from /home/airflow/.local/lib/python3.12/site-packages/airflow/example_dags/example_branch_python_dop_operator_3.py
[2025-03-10T23:28:44.178+0000] {processor.py:925} INFO - DAG(s) 'example_branch_dop_operator_v3' retrieved from /home/airflow/.local/lib/python3.12/site-packages/airflow/example_dags/example_branch_python_dop_operator_3.py
[2025-03-10T23:28:44.204+0000] {logging_mixin.py:190} INFO - [2025-03-10T23:28:44.203+0000] {dag.py:3239} INFO - Sync 1 DAGs
[2025-03-10T23:28:44.238+0000] {logging_mixin.py:190} INFO - [2025-03-10T23:28:44.238+0000] {dag.py:4180} INFO - Setting next_dagrun for example_branch_dop_operator_v3 to 2025-03-10 23:27:00+00:00, run_after=2025-03-10 23:28:00+00:00
[2025-03-10T23:28:44.262+0000] {processor.py:208} INFO - Processing /home/airflow/.local/lib/python3.12/site-packages/airflow/example_dags/example_branch_python_dop_operator_3.py took 0.107 seconds
[2025-03-10T23:29:15.344+0000] {processor.py:186} INFO - Started process (PID=359) to work on /home/airflow/.local/lib/python3.12/site-packages/airflow/example_dags/example_branch_python_dop_operator_3.py
[2025-03-10T23:29:15.345+0000] {processor.py:914} INFO - Processing file /home/airflow/.local/lib/python3.12/site-packages/airflow/example_dags/example_branch_python_dop_operator_3.py for tasks to queue
[2025-03-10T23:29:15.347+0000] {logging_mixin.py:190} INFO - [2025-03-10T23:29:15.347+0000] {dagbag.py:588} INFO - Filling up the DagBag from /home/airflow/.local/lib/python3.12/site-packages/airflow/example_dags/example_branch_python_dop_operator_3.py
[2025-03-10T23:29:15.359+0000] {processor.py:925} INFO - DAG(s) 'example_branch_dop_operator_v3' retrieved from /home/airflow/.local/lib/python3.12/site-packages/airflow/example_dags/example_branch_python_dop_operator_3.py
[2025-03-10T23:29:15.385+0000] {logging_mixin.py:190} INFO - [2025-03-10T23:29:15.384+0000] {dag.py:3239} INFO - Sync 1 DAGs
[2025-03-10T23:29:15.417+0000] {logging_mixin.py:190} INFO - [2025-03-10T23:29:15.417+0000] {dag.py:4180} INFO - Setting next_dagrun for example_branch_dop_operator_v3 to 2025-03-10 23:28:00+00:00, run_after=2025-03-10 23:29:00+00:00
[2025-03-10T23:29:15.443+0000] {processor.py:208} INFO - Processing /home/airflow/.local/lib/python3.12/site-packages/airflow/example_dags/example_branch_python_dop_operator_3.py took 0.106 seconds
[2025-03-10T23:35:26.265+0000] {processor.py:186} INFO - Started process (PID=133) to work on /home/airflow/.local/lib/python3.12/site-packages/airflow/example_dags/example_branch_python_dop_operator_3.py
[2025-03-10T23:35:26.270+0000] {processor.py:914} INFO - Processing file /home/airflow/.local/lib/python3.12/site-packages/airflow/example_dags/example_branch_python_dop_operator_3.py for tasks to queue
[2025-03-10T23:35:26.287+0000] {logging_mixin.py:190} INFO - [2025-03-10T23:35:26.284+0000] {dagbag.py:588} INFO - Filling up the DagBag from /home/airflow/.local/lib/python3.12/site-packages/airflow/example_dags/example_branch_python_dop_operator_3.py
[2025-03-10T23:35:26.366+0000] {processor.py:925} INFO - DAG(s) 'example_branch_dop_operator_v3' retrieved from /home/airflow/.local/lib/python3.12/site-packages/airflow/example_dags/example_branch_python_dop_operator_3.py
[2025-03-10T23:35:26.467+0000] {logging_mixin.py:190} INFO - [2025-03-10T23:35:26.466+0000] {dag.py:3239} INFO - Sync 1 DAGs
[2025-03-10T23:35:26.635+0000] {logging_mixin.py:190} INFO - [2025-03-10T23:35:26.633+0000] {dag.py:4180} INFO - Setting next_dagrun for example_branch_dop_operator_v3 to 2025-03-10 23:34:00+00:00, run_after=2025-03-10 23:35:00+00:00
[2025-03-10T23:35:26.736+0000] {processor.py:208} INFO - Processing /home/airflow/.local/lib/python3.12/site-packages/airflow/example_dags/example_branch_python_dop_operator_3.py took 0.513 seconds
[2025-03-10T23:35:56.801+0000] {processor.py:186} INFO - Started process (PID=196) to work on /home/airflow/.local/lib/python3.12/site-packages/airflow/example_dags/example_branch_python_dop_operator_3.py
[2025-03-10T23:35:56.802+0000] {processor.py:914} INFO - Processing file /home/airflow/.local/lib/python3.12/site-packages/airflow/example_dags/example_branch_python_dop_operator_3.py for tasks to queue
[2025-03-10T23:35:56.805+0000] {logging_mixin.py:190} INFO - [2025-03-10T23:35:56.804+0000] {dagbag.py:588} INFO - Filling up the DagBag from /home/airflow/.local/lib/python3.12/site-packages/airflow/example_dags/example_branch_python_dop_operator_3.py
[2025-03-10T23:35:56.817+0000] {processor.py:925} INFO - DAG(s) 'example_branch_dop_operator_v3' retrieved from /home/airflow/.local/lib/python3.12/site-packages/airflow/example_dags/example_branch_python_dop_operator_3.py
[2025-03-10T23:35:56.855+0000] {logging_mixin.py:190} INFO - [2025-03-10T23:35:56.855+0000] {dag.py:3239} INFO - Sync 1 DAGs
[2025-03-10T23:35:56.923+0000] {logging_mixin.py:190} INFO - [2025-03-10T23:35:56.922+0000] {dag.py:4180} INFO - Setting next_dagrun for example_branch_dop_operator_v3 to 2025-03-10 23:34:00+00:00, run_after=2025-03-10 23:35:00+00:00
[2025-03-10T23:35:56.949+0000] {processor.py:208} INFO - Processing /home/airflow/.local/lib/python3.12/site-packages/airflow/example_dags/example_branch_python_dop_operator_3.py took 0.154 seconds
[2025-03-10T23:36:27.192+0000] {processor.py:186} INFO - Started process (PID=259) to work on /home/airflow/.local/lib/python3.12/site-packages/airflow/example_dags/example_branch_python_dop_operator_3.py
[2025-03-10T23:36:27.194+0000] {processor.py:914} INFO - Processing file /home/airflow/.local/lib/python3.12/site-packages/airflow/example_dags/example_branch_python_dop_operator_3.py for tasks to queue
[2025-03-10T23:36:27.197+0000] {logging_mixin.py:190} INFO - [2025-03-10T23:36:27.196+0000] {dagbag.py:588} INFO - Filling up the DagBag from /home/airflow/.local/lib/python3.12/site-packages/airflow/example_dags/example_branch_python_dop_operator_3.py
[2025-03-10T23:36:27.208+0000] {processor.py:925} INFO - DAG(s) 'example_branch_dop_operator_v3' retrieved from /home/airflow/.local/lib/python3.12/site-packages/airflow/example_dags/example_branch_python_dop_operator_3.py
[2025-03-10T23:36:27.235+0000] {logging_mixin.py:190} INFO - [2025-03-10T23:36:27.235+0000] {dag.py:3239} INFO - Sync 1 DAGs
[2025-03-10T23:36:27.270+0000] {logging_mixin.py:190} INFO - [2025-03-10T23:36:27.270+0000] {dag.py:4180} INFO - Setting next_dagrun for example_branch_dop_operator_v3 to 2025-03-10 23:35:00+00:00, run_after=2025-03-10 23:36:00+00:00
[2025-03-10T23:36:27.292+0000] {processor.py:208} INFO - Processing /home/airflow/.local/lib/python3.12/site-packages/airflow/example_dags/example_branch_python_dop_operator_3.py took 0.107 seconds
[2025-03-10T23:36:57.395+0000] {processor.py:186} INFO - Started process (PID=322) to work on /home/airflow/.local/lib/python3.12/site-packages/airflow/example_dags/example_branch_python_dop_operator_3.py
[2025-03-10T23:36:57.396+0000] {processor.py:914} INFO - Processing file /home/airflow/.local/lib/python3.12/site-packages/airflow/example_dags/example_branch_python_dop_operator_3.py for tasks to queue
[2025-03-10T23:36:57.399+0000] {logging_mixin.py:190} INFO - [2025-03-10T23:36:57.399+0000] {dagbag.py:588} INFO - Filling up the DagBag from /home/airflow/.local/lib/python3.12/site-packages/airflow/example_dags/example_branch_python_dop_operator_3.py
[2025-03-10T23:36:57.412+0000] {processor.py:925} INFO - DAG(s) 'example_branch_dop_operator_v3' retrieved from /home/airflow/.local/lib/python3.12/site-packages/airflow/example_dags/example_branch_python_dop_operator_3.py
[2025-03-10T23:36:57.438+0000] {logging_mixin.py:190} INFO - [2025-03-10T23:36:57.438+0000] {dag.py:3239} INFO - Sync 1 DAGs
[2025-03-10T23:36:57.472+0000] {logging_mixin.py:190} INFO - [2025-03-10T23:36:57.472+0000] {dag.py:4180} INFO - Setting next_dagrun for example_branch_dop_operator_v3 to 2025-03-10 23:35:00+00:00, run_after=2025-03-10 23:36:00+00:00
[2025-03-10T23:36:57.495+0000] {processor.py:208} INFO - Processing /home/airflow/.local/lib/python3.12/site-packages/airflow/example_dags/example_branch_python_dop_operator_3.py took 0.109 seconds
