[2025-03-10T20:30:10.506+0000] {processor.py:186} INFO - Started process (PID=107) to work on /home/airflow/.local/lib/python3.12/site-packages/airflow/example_dags/example_task_group.py
[2025-03-10T20:30:10.510+0000] {processor.py:914} INFO - Processing file /home/airflow/.local/lib/python3.12/site-packages/airflow/example_dags/example_task_group.py for tasks to queue
[2025-03-10T20:30:10.524+0000] {logging_mixin.py:190} INFO - [2025-03-10T20:30:10.522+0000] {dagbag.py:588} INFO - Filling up the DagBag from /home/airflow/.local/lib/python3.12/site-packages/airflow/example_dags/example_task_group.py
[2025-03-10T20:30:10.590+0000] {processor.py:925} INFO - DAG(s) 'example_task_group' retrieved from /home/airflow/.local/lib/python3.12/site-packages/airflow/example_dags/example_task_group.py
[2025-03-10T20:30:11.037+0000] {logging_mixin.py:190} INFO - [2025-03-10T20:30:11.034+0000] {override.py:1912} INFO - Created Permission View: can read on DAG:example_task_group
[2025-03-10T20:30:11.107+0000] {logging_mixin.py:190} INFO - [2025-03-10T20:30:11.105+0000] {override.py:1912} INFO - Created Permission View: can edit on DAG:example_task_group
[2025-03-10T20:30:11.162+0000] {logging_mixin.py:190} INFO - [2025-03-10T20:30:11.160+0000] {override.py:1912} INFO - Created Permission View: can delete on DAG:example_task_group
[2025-03-10T20:30:11.195+0000] {logging_mixin.py:190} INFO - [2025-03-10T20:30:11.194+0000] {override.py:1912} INFO - Created Permission View: menu access on DAG Run:example_task_group
[2025-03-10T20:30:11.239+0000] {logging_mixin.py:190} INFO - [2025-03-10T20:30:11.238+0000] {override.py:1912} INFO - Created Permission View: can read on DAG Run:example_task_group
[2025-03-10T20:30:11.265+0000] {logging_mixin.py:190} INFO - [2025-03-10T20:30:11.264+0000] {override.py:1912} INFO - Created Permission View: can create on DAG Run:example_task_group
[2025-03-10T20:30:11.297+0000] {logging_mixin.py:190} INFO - [2025-03-10T20:30:11.296+0000] {override.py:1912} INFO - Created Permission View: can delete on DAG Run:example_task_group
[2025-03-10T20:30:11.300+0000] {logging_mixin.py:190} INFO - [2025-03-10T20:30:11.299+0000] {dag.py:3239} INFO - Sync 1 DAGs
[2025-03-10T20:30:11.380+0000] {logging_mixin.py:190} INFO - [2025-03-10T20:30:11.379+0000] {dag.py:3262} INFO - Creating ORM DAG for example_task_group
[2025-03-10T20:30:11.385+0000] {logging_mixin.py:190} INFO - [2025-03-10T20:30:11.384+0000] {dag.py:4180} INFO - Setting next_dagrun for example_task_group to None, run_after=None
[2025-03-10T20:30:11.465+0000] {processor.py:208} INFO - Processing /home/airflow/.local/lib/python3.12/site-packages/airflow/example_dags/example_task_group.py took 0.995 seconds
[2025-03-10T20:30:42.059+0000] {processor.py:186} INFO - Started process (PID=170) to work on /home/airflow/.local/lib/python3.12/site-packages/airflow/example_dags/example_task_group.py
[2025-03-10T20:30:42.061+0000] {processor.py:914} INFO - Processing file /home/airflow/.local/lib/python3.12/site-packages/airflow/example_dags/example_task_group.py for tasks to queue
[2025-03-10T20:30:42.064+0000] {logging_mixin.py:190} INFO - [2025-03-10T20:30:42.063+0000] {dagbag.py:588} INFO - Filling up the DagBag from /home/airflow/.local/lib/python3.12/site-packages/airflow/example_dags/example_task_group.py
[2025-03-10T20:30:42.073+0000] {processor.py:925} INFO - DAG(s) 'example_task_group' retrieved from /home/airflow/.local/lib/python3.12/site-packages/airflow/example_dags/example_task_group.py
[2025-03-10T20:30:42.101+0000] {logging_mixin.py:190} INFO - [2025-03-10T20:30:42.101+0000] {dag.py:3239} INFO - Sync 1 DAGs
[2025-03-10T20:30:42.119+0000] {logging_mixin.py:190} INFO - [2025-03-10T20:30:42.118+0000] {dag.py:4180} INFO - Setting next_dagrun for example_task_group to None, run_after=None
[2025-03-10T20:30:42.139+0000] {processor.py:208} INFO - Processing /home/airflow/.local/lib/python3.12/site-packages/airflow/example_dags/example_task_group.py took 0.088 seconds
[2025-03-10T20:31:12.328+0000] {processor.py:186} INFO - Started process (PID=233) to work on /home/airflow/.local/lib/python3.12/site-packages/airflow/example_dags/example_task_group.py
[2025-03-10T20:31:12.334+0000] {processor.py:914} INFO - Processing file /home/airflow/.local/lib/python3.12/site-packages/airflow/example_dags/example_task_group.py for tasks to queue
[2025-03-10T20:31:12.352+0000] {logging_mixin.py:190} INFO - [2025-03-10T20:31:12.347+0000] {dagbag.py:588} INFO - Filling up the DagBag from /home/airflow/.local/lib/python3.12/site-packages/airflow/example_dags/example_task_group.py
[2025-03-10T20:31:12.418+0000] {processor.py:925} INFO - DAG(s) 'example_task_group' retrieved from /home/airflow/.local/lib/python3.12/site-packages/airflow/example_dags/example_task_group.py
[2025-03-10T20:31:12.578+0000] {logging_mixin.py:190} INFO - [2025-03-10T20:31:12.576+0000] {dag.py:3239} INFO - Sync 1 DAGs
[2025-03-10T20:31:12.696+0000] {logging_mixin.py:190} INFO - [2025-03-10T20:31:12.694+0000] {dag.py:4180} INFO - Setting next_dagrun for example_task_group to None, run_after=None
[2025-03-10T20:31:12.840+0000] {processor.py:208} INFO - Processing /home/airflow/.local/lib/python3.12/site-packages/airflow/example_dags/example_task_group.py took 0.554 seconds
[2025-03-10T20:31:43.054+0000] {processor.py:186} INFO - Started process (PID=296) to work on /home/airflow/.local/lib/python3.12/site-packages/airflow/example_dags/example_task_group.py
[2025-03-10T20:31:43.055+0000] {processor.py:914} INFO - Processing file /home/airflow/.local/lib/python3.12/site-packages/airflow/example_dags/example_task_group.py for tasks to queue
[2025-03-10T20:31:43.059+0000] {logging_mixin.py:190} INFO - [2025-03-10T20:31:43.058+0000] {dagbag.py:588} INFO - Filling up the DagBag from /home/airflow/.local/lib/python3.12/site-packages/airflow/example_dags/example_task_group.py
[2025-03-10T20:31:43.068+0000] {processor.py:925} INFO - DAG(s) 'example_task_group' retrieved from /home/airflow/.local/lib/python3.12/site-packages/airflow/example_dags/example_task_group.py
[2025-03-10T20:31:43.097+0000] {logging_mixin.py:190} INFO - [2025-03-10T20:31:43.097+0000] {dag.py:3239} INFO - Sync 1 DAGs
[2025-03-10T20:31:43.117+0000] {logging_mixin.py:190} INFO - [2025-03-10T20:31:43.117+0000] {dag.py:4180} INFO - Setting next_dagrun for example_task_group to None, run_after=None
[2025-03-10T20:31:43.139+0000] {processor.py:208} INFO - Processing /home/airflow/.local/lib/python3.12/site-packages/airflow/example_dags/example_task_group.py took 0.092 seconds
[2025-03-10T20:32:13.339+0000] {processor.py:186} INFO - Started process (PID=358) to work on /home/airflow/.local/lib/python3.12/site-packages/airflow/example_dags/example_task_group.py
[2025-03-10T20:32:13.340+0000] {processor.py:914} INFO - Processing file /home/airflow/.local/lib/python3.12/site-packages/airflow/example_dags/example_task_group.py for tasks to queue
[2025-03-10T20:32:13.343+0000] {logging_mixin.py:190} INFO - [2025-03-10T20:32:13.343+0000] {dagbag.py:588} INFO - Filling up the DagBag from /home/airflow/.local/lib/python3.12/site-packages/airflow/example_dags/example_task_group.py
[2025-03-10T20:32:13.354+0000] {processor.py:925} INFO - DAG(s) 'example_task_group' retrieved from /home/airflow/.local/lib/python3.12/site-packages/airflow/example_dags/example_task_group.py
[2025-03-10T20:32:13.382+0000] {logging_mixin.py:190} INFO - [2025-03-10T20:32:13.382+0000] {dag.py:3239} INFO - Sync 1 DAGs
[2025-03-10T20:32:13.400+0000] {logging_mixin.py:190} INFO - [2025-03-10T20:32:13.399+0000] {dag.py:4180} INFO - Setting next_dagrun for example_task_group to None, run_after=None
[2025-03-10T20:32:13.422+0000] {processor.py:208} INFO - Processing /home/airflow/.local/lib/python3.12/site-packages/airflow/example_dags/example_task_group.py took 0.091 seconds
[2025-03-10T20:32:43.742+0000] {processor.py:186} INFO - Started process (PID=421) to work on /home/airflow/.local/lib/python3.12/site-packages/airflow/example_dags/example_task_group.py
[2025-03-10T20:32:43.743+0000] {processor.py:914} INFO - Processing file /home/airflow/.local/lib/python3.12/site-packages/airflow/example_dags/example_task_group.py for tasks to queue
[2025-03-10T20:32:43.746+0000] {logging_mixin.py:190} INFO - [2025-03-10T20:32:43.746+0000] {dagbag.py:588} INFO - Filling up the DagBag from /home/airflow/.local/lib/python3.12/site-packages/airflow/example_dags/example_task_group.py
[2025-03-10T20:32:43.756+0000] {processor.py:925} INFO - DAG(s) 'example_task_group' retrieved from /home/airflow/.local/lib/python3.12/site-packages/airflow/example_dags/example_task_group.py
[2025-03-10T20:32:43.784+0000] {logging_mixin.py:190} INFO - [2025-03-10T20:32:43.784+0000] {dag.py:3239} INFO - Sync 1 DAGs
[2025-03-10T20:32:43.801+0000] {logging_mixin.py:190} INFO - [2025-03-10T20:32:43.800+0000] {dag.py:4180} INFO - Setting next_dagrun for example_task_group to None, run_after=None
[2025-03-10T20:32:43.820+0000] {processor.py:208} INFO - Processing /home/airflow/.local/lib/python3.12/site-packages/airflow/example_dags/example_task_group.py took 0.084 seconds
[2025-03-10T20:33:14.003+0000] {processor.py:186} INFO - Started process (PID=484) to work on /home/airflow/.local/lib/python3.12/site-packages/airflow/example_dags/example_task_group.py
[2025-03-10T20:33:14.004+0000] {processor.py:914} INFO - Processing file /home/airflow/.local/lib/python3.12/site-packages/airflow/example_dags/example_task_group.py for tasks to queue
[2025-03-10T20:33:14.007+0000] {logging_mixin.py:190} INFO - [2025-03-10T20:33:14.007+0000] {dagbag.py:588} INFO - Filling up the DagBag from /home/airflow/.local/lib/python3.12/site-packages/airflow/example_dags/example_task_group.py
[2025-03-10T20:33:14.016+0000] {processor.py:925} INFO - DAG(s) 'example_task_group' retrieved from /home/airflow/.local/lib/python3.12/site-packages/airflow/example_dags/example_task_group.py
[2025-03-10T20:33:14.039+0000] {logging_mixin.py:190} INFO - [2025-03-10T20:33:14.039+0000] {dag.py:3239} INFO - Sync 1 DAGs
[2025-03-10T20:33:14.056+0000] {logging_mixin.py:190} INFO - [2025-03-10T20:33:14.055+0000] {dag.py:4180} INFO - Setting next_dagrun for example_task_group to None, run_after=None
[2025-03-10T20:33:14.074+0000] {processor.py:208} INFO - Processing /home/airflow/.local/lib/python3.12/site-packages/airflow/example_dags/example_task_group.py took 0.078 seconds
[2025-03-10T20:33:44.662+0000] {processor.py:186} INFO - Started process (PID=547) to work on /home/airflow/.local/lib/python3.12/site-packages/airflow/example_dags/example_task_group.py
[2025-03-10T20:33:44.664+0000] {processor.py:914} INFO - Processing file /home/airflow/.local/lib/python3.12/site-packages/airflow/example_dags/example_task_group.py for tasks to queue
[2025-03-10T20:33:44.667+0000] {logging_mixin.py:190} INFO - [2025-03-10T20:33:44.666+0000] {dagbag.py:588} INFO - Filling up the DagBag from /home/airflow/.local/lib/python3.12/site-packages/airflow/example_dags/example_task_group.py
[2025-03-10T20:33:44.677+0000] {processor.py:925} INFO - DAG(s) 'example_task_group' retrieved from /home/airflow/.local/lib/python3.12/site-packages/airflow/example_dags/example_task_group.py
[2025-03-10T20:33:44.700+0000] {logging_mixin.py:190} INFO - [2025-03-10T20:33:44.700+0000] {dag.py:3239} INFO - Sync 1 DAGs
[2025-03-10T20:33:44.716+0000] {logging_mixin.py:190} INFO - [2025-03-10T20:33:44.716+0000] {dag.py:4180} INFO - Setting next_dagrun for example_task_group to None, run_after=None
[2025-03-10T20:33:44.735+0000] {processor.py:208} INFO - Processing /home/airflow/.local/lib/python3.12/site-packages/airflow/example_dags/example_task_group.py took 0.079 seconds
[2025-03-10T20:34:16.003+0000] {processor.py:186} INFO - Started process (PID=610) to work on /home/airflow/.local/lib/python3.12/site-packages/airflow/example_dags/example_task_group.py
[2025-03-10T20:34:16.004+0000] {processor.py:914} INFO - Processing file /home/airflow/.local/lib/python3.12/site-packages/airflow/example_dags/example_task_group.py for tasks to queue
[2025-03-10T20:34:16.007+0000] {logging_mixin.py:190} INFO - [2025-03-10T20:34:16.007+0000] {dagbag.py:588} INFO - Filling up the DagBag from /home/airflow/.local/lib/python3.12/site-packages/airflow/example_dags/example_task_group.py
[2025-03-10T20:34:16.018+0000] {processor.py:925} INFO - DAG(s) 'example_task_group' retrieved from /home/airflow/.local/lib/python3.12/site-packages/airflow/example_dags/example_task_group.py
[2025-03-10T20:34:16.046+0000] {logging_mixin.py:190} INFO - [2025-03-10T20:34:16.046+0000] {dag.py:3239} INFO - Sync 1 DAGs
[2025-03-10T20:34:16.066+0000] {logging_mixin.py:190} INFO - [2025-03-10T20:34:16.066+0000] {dag.py:4180} INFO - Setting next_dagrun for example_task_group to None, run_after=None
[2025-03-10T20:34:16.088+0000] {processor.py:208} INFO - Processing /home/airflow/.local/lib/python3.12/site-packages/airflow/example_dags/example_task_group.py took 0.092 seconds
[2025-03-10T20:34:47.510+0000] {processor.py:186} INFO - Started process (PID=673) to work on /home/airflow/.local/lib/python3.12/site-packages/airflow/example_dags/example_task_group.py
[2025-03-10T20:34:47.511+0000] {processor.py:914} INFO - Processing file /home/airflow/.local/lib/python3.12/site-packages/airflow/example_dags/example_task_group.py for tasks to queue
[2025-03-10T20:34:47.514+0000] {logging_mixin.py:190} INFO - [2025-03-10T20:34:47.514+0000] {dagbag.py:588} INFO - Filling up the DagBag from /home/airflow/.local/lib/python3.12/site-packages/airflow/example_dags/example_task_group.py
[2025-03-10T20:34:47.524+0000] {processor.py:925} INFO - DAG(s) 'example_task_group' retrieved from /home/airflow/.local/lib/python3.12/site-packages/airflow/example_dags/example_task_group.py
[2025-03-10T20:34:47.558+0000] {logging_mixin.py:190} INFO - [2025-03-10T20:34:47.557+0000] {dag.py:3239} INFO - Sync 1 DAGs
[2025-03-10T20:34:47.584+0000] {logging_mixin.py:190} INFO - [2025-03-10T20:34:47.583+0000] {dag.py:4180} INFO - Setting next_dagrun for example_task_group to None, run_after=None
[2025-03-10T20:34:47.611+0000] {processor.py:208} INFO - Processing /home/airflow/.local/lib/python3.12/site-packages/airflow/example_dags/example_task_group.py took 0.108 seconds
[2025-03-10T20:35:18.732+0000] {processor.py:186} INFO - Started process (PID=736) to work on /home/airflow/.local/lib/python3.12/site-packages/airflow/example_dags/example_task_group.py
[2025-03-10T20:35:18.733+0000] {processor.py:914} INFO - Processing file /home/airflow/.local/lib/python3.12/site-packages/airflow/example_dags/example_task_group.py for tasks to queue
[2025-03-10T20:35:18.737+0000] {logging_mixin.py:190} INFO - [2025-03-10T20:35:18.736+0000] {dagbag.py:588} INFO - Filling up the DagBag from /home/airflow/.local/lib/python3.12/site-packages/airflow/example_dags/example_task_group.py
[2025-03-10T20:35:18.749+0000] {processor.py:925} INFO - DAG(s) 'example_task_group' retrieved from /home/airflow/.local/lib/python3.12/site-packages/airflow/example_dags/example_task_group.py
[2025-03-10T20:35:18.775+0000] {logging_mixin.py:190} INFO - [2025-03-10T20:35:18.774+0000] {dag.py:3239} INFO - Sync 1 DAGs
[2025-03-10T20:35:18.792+0000] {logging_mixin.py:190} INFO - [2025-03-10T20:35:18.792+0000] {dag.py:4180} INFO - Setting next_dagrun for example_task_group to None, run_after=None
[2025-03-10T20:35:18.811+0000] {processor.py:208} INFO - Processing /home/airflow/.local/lib/python3.12/site-packages/airflow/example_dags/example_task_group.py took 0.087 seconds
[2025-03-10T20:35:49.872+0000] {processor.py:186} INFO - Started process (PID=799) to work on /home/airflow/.local/lib/python3.12/site-packages/airflow/example_dags/example_task_group.py
[2025-03-10T20:35:49.873+0000] {processor.py:914} INFO - Processing file /home/airflow/.local/lib/python3.12/site-packages/airflow/example_dags/example_task_group.py for tasks to queue
[2025-03-10T20:35:49.876+0000] {logging_mixin.py:190} INFO - [2025-03-10T20:35:49.876+0000] {dagbag.py:588} INFO - Filling up the DagBag from /home/airflow/.local/lib/python3.12/site-packages/airflow/example_dags/example_task_group.py
[2025-03-10T20:35:49.887+0000] {processor.py:925} INFO - DAG(s) 'example_task_group' retrieved from /home/airflow/.local/lib/python3.12/site-packages/airflow/example_dags/example_task_group.py
[2025-03-10T20:35:49.915+0000] {logging_mixin.py:190} INFO - [2025-03-10T20:35:49.915+0000] {dag.py:3239} INFO - Sync 1 DAGs
[2025-03-10T20:35:49.935+0000] {logging_mixin.py:190} INFO - [2025-03-10T20:35:49.935+0000] {dag.py:4180} INFO - Setting next_dagrun for example_task_group to None, run_after=None
[2025-03-10T20:35:49.961+0000] {processor.py:208} INFO - Processing /home/airflow/.local/lib/python3.12/site-packages/airflow/example_dags/example_task_group.py took 0.097 seconds
[2025-03-10T20:36:21.149+0000] {processor.py:186} INFO - Started process (PID=862) to work on /home/airflow/.local/lib/python3.12/site-packages/airflow/example_dags/example_task_group.py
[2025-03-10T20:36:21.150+0000] {processor.py:914} INFO - Processing file /home/airflow/.local/lib/python3.12/site-packages/airflow/example_dags/example_task_group.py for tasks to queue
[2025-03-10T20:36:21.153+0000] {logging_mixin.py:190} INFO - [2025-03-10T20:36:21.152+0000] {dagbag.py:588} INFO - Filling up the DagBag from /home/airflow/.local/lib/python3.12/site-packages/airflow/example_dags/example_task_group.py
[2025-03-10T20:36:21.163+0000] {processor.py:925} INFO - DAG(s) 'example_task_group' retrieved from /home/airflow/.local/lib/python3.12/site-packages/airflow/example_dags/example_task_group.py
[2025-03-10T20:36:21.189+0000] {logging_mixin.py:190} INFO - [2025-03-10T20:36:21.189+0000] {dag.py:3239} INFO - Sync 1 DAGs
[2025-03-10T20:36:21.207+0000] {logging_mixin.py:190} INFO - [2025-03-10T20:36:21.207+0000] {dag.py:4180} INFO - Setting next_dagrun for example_task_group to None, run_after=None
[2025-03-10T20:36:21.227+0000] {processor.py:208} INFO - Processing /home/airflow/.local/lib/python3.12/site-packages/airflow/example_dags/example_task_group.py took 0.086 seconds
[2025-03-10T20:36:51.792+0000] {processor.py:186} INFO - Started process (PID=925) to work on /home/airflow/.local/lib/python3.12/site-packages/airflow/example_dags/example_task_group.py
[2025-03-10T20:36:51.793+0000] {processor.py:914} INFO - Processing file /home/airflow/.local/lib/python3.12/site-packages/airflow/example_dags/example_task_group.py for tasks to queue
[2025-03-10T20:36:51.796+0000] {logging_mixin.py:190} INFO - [2025-03-10T20:36:51.796+0000] {dagbag.py:588} INFO - Filling up the DagBag from /home/airflow/.local/lib/python3.12/site-packages/airflow/example_dags/example_task_group.py
[2025-03-10T20:36:51.806+0000] {processor.py:925} INFO - DAG(s) 'example_task_group' retrieved from /home/airflow/.local/lib/python3.12/site-packages/airflow/example_dags/example_task_group.py
[2025-03-10T20:36:51.831+0000] {logging_mixin.py:190} INFO - [2025-03-10T20:36:51.831+0000] {dag.py:3239} INFO - Sync 1 DAGs
[2025-03-10T20:36:51.850+0000] {logging_mixin.py:190} INFO - [2025-03-10T20:36:51.849+0000] {dag.py:4180} INFO - Setting next_dagrun for example_task_group to None, run_after=None
[2025-03-10T20:36:51.869+0000] {processor.py:208} INFO - Processing /home/airflow/.local/lib/python3.12/site-packages/airflow/example_dags/example_task_group.py took 0.084 seconds
[2025-03-10T20:37:23.148+0000] {processor.py:186} INFO - Started process (PID=989) to work on /home/airflow/.local/lib/python3.12/site-packages/airflow/example_dags/example_task_group.py
[2025-03-10T20:37:23.149+0000] {processor.py:914} INFO - Processing file /home/airflow/.local/lib/python3.12/site-packages/airflow/example_dags/example_task_group.py for tasks to queue
[2025-03-10T20:37:23.152+0000] {logging_mixin.py:190} INFO - [2025-03-10T20:37:23.151+0000] {dagbag.py:588} INFO - Filling up the DagBag from /home/airflow/.local/lib/python3.12/site-packages/airflow/example_dags/example_task_group.py
[2025-03-10T20:37:23.162+0000] {processor.py:925} INFO - DAG(s) 'example_task_group' retrieved from /home/airflow/.local/lib/python3.12/site-packages/airflow/example_dags/example_task_group.py
[2025-03-10T20:37:23.187+0000] {logging_mixin.py:190} INFO - [2025-03-10T20:37:23.187+0000] {dag.py:3239} INFO - Sync 1 DAGs
[2025-03-10T20:37:23.205+0000] {logging_mixin.py:190} INFO - [2025-03-10T20:37:23.205+0000] {dag.py:4180} INFO - Setting next_dagrun for example_task_group to None, run_after=None
[2025-03-10T20:37:23.225+0000] {processor.py:208} INFO - Processing /home/airflow/.local/lib/python3.12/site-packages/airflow/example_dags/example_task_group.py took 0.084 seconds
[2025-03-10T20:37:54.664+0000] {processor.py:186} INFO - Started process (PID=1052) to work on /home/airflow/.local/lib/python3.12/site-packages/airflow/example_dags/example_task_group.py
[2025-03-10T20:37:54.665+0000] {processor.py:914} INFO - Processing file /home/airflow/.local/lib/python3.12/site-packages/airflow/example_dags/example_task_group.py for tasks to queue
[2025-03-10T20:37:54.669+0000] {logging_mixin.py:190} INFO - [2025-03-10T20:37:54.669+0000] {dagbag.py:588} INFO - Filling up the DagBag from /home/airflow/.local/lib/python3.12/site-packages/airflow/example_dags/example_task_group.py
[2025-03-10T20:37:54.680+0000] {processor.py:925} INFO - DAG(s) 'example_task_group' retrieved from /home/airflow/.local/lib/python3.12/site-packages/airflow/example_dags/example_task_group.py
[2025-03-10T20:37:54.709+0000] {logging_mixin.py:190} INFO - [2025-03-10T20:37:54.708+0000] {dag.py:3239} INFO - Sync 1 DAGs
[2025-03-10T20:37:54.735+0000] {logging_mixin.py:190} INFO - [2025-03-10T20:37:54.735+0000] {dag.py:4180} INFO - Setting next_dagrun for example_task_group to None, run_after=None
[2025-03-10T20:37:54.760+0000] {processor.py:208} INFO - Processing /home/airflow/.local/lib/python3.12/site-packages/airflow/example_dags/example_task_group.py took 0.107 seconds
[2025-03-10T20:38:25.872+0000] {processor.py:186} INFO - Started process (PID=1115) to work on /home/airflow/.local/lib/python3.12/site-packages/airflow/example_dags/example_task_group.py
[2025-03-10T20:38:25.873+0000] {processor.py:914} INFO - Processing file /home/airflow/.local/lib/python3.12/site-packages/airflow/example_dags/example_task_group.py for tasks to queue
[2025-03-10T20:38:25.876+0000] {logging_mixin.py:190} INFO - [2025-03-10T20:38:25.876+0000] {dagbag.py:588} INFO - Filling up the DagBag from /home/airflow/.local/lib/python3.12/site-packages/airflow/example_dags/example_task_group.py
[2025-03-10T20:38:25.886+0000] {processor.py:925} INFO - DAG(s) 'example_task_group' retrieved from /home/airflow/.local/lib/python3.12/site-packages/airflow/example_dags/example_task_group.py
[2025-03-10T20:38:25.913+0000] {logging_mixin.py:190} INFO - [2025-03-10T20:38:25.913+0000] {dag.py:3239} INFO - Sync 1 DAGs
[2025-03-10T20:38:25.932+0000] {logging_mixin.py:190} INFO - [2025-03-10T20:38:25.932+0000] {dag.py:4180} INFO - Setting next_dagrun for example_task_group to None, run_after=None
[2025-03-10T20:38:25.954+0000] {processor.py:208} INFO - Processing /home/airflow/.local/lib/python3.12/site-packages/airflow/example_dags/example_task_group.py took 0.089 seconds
[2025-03-10T20:38:56.507+0000] {processor.py:186} INFO - Started process (PID=1178) to work on /home/airflow/.local/lib/python3.12/site-packages/airflow/example_dags/example_task_group.py
[2025-03-10T20:38:56.508+0000] {processor.py:914} INFO - Processing file /home/airflow/.local/lib/python3.12/site-packages/airflow/example_dags/example_task_group.py for tasks to queue
[2025-03-10T20:38:56.511+0000] {logging_mixin.py:190} INFO - [2025-03-10T20:38:56.511+0000] {dagbag.py:588} INFO - Filling up the DagBag from /home/airflow/.local/lib/python3.12/site-packages/airflow/example_dags/example_task_group.py
[2025-03-10T20:38:56.521+0000] {processor.py:925} INFO - DAG(s) 'example_task_group' retrieved from /home/airflow/.local/lib/python3.12/site-packages/airflow/example_dags/example_task_group.py
[2025-03-10T20:38:56.547+0000] {logging_mixin.py:190} INFO - [2025-03-10T20:38:56.546+0000] {dag.py:3239} INFO - Sync 1 DAGs
[2025-03-10T20:38:56.565+0000] {logging_mixin.py:190} INFO - [2025-03-10T20:38:56.565+0000] {dag.py:4180} INFO - Setting next_dagrun for example_task_group to None, run_after=None
[2025-03-10T20:38:56.585+0000] {processor.py:208} INFO - Processing /home/airflow/.local/lib/python3.12/site-packages/airflow/example_dags/example_task_group.py took 0.085 seconds
[2025-03-10T20:39:27.583+0000] {processor.py:186} INFO - Started process (PID=1242) to work on /home/airflow/.local/lib/python3.12/site-packages/airflow/example_dags/example_task_group.py
[2025-03-10T20:39:27.584+0000] {processor.py:914} INFO - Processing file /home/airflow/.local/lib/python3.12/site-packages/airflow/example_dags/example_task_group.py for tasks to queue
[2025-03-10T20:39:27.587+0000] {logging_mixin.py:190} INFO - [2025-03-10T20:39:27.587+0000] {dagbag.py:588} INFO - Filling up the DagBag from /home/airflow/.local/lib/python3.12/site-packages/airflow/example_dags/example_task_group.py
[2025-03-10T20:39:27.596+0000] {processor.py:925} INFO - DAG(s) 'example_task_group' retrieved from /home/airflow/.local/lib/python3.12/site-packages/airflow/example_dags/example_task_group.py
[2025-03-10T20:39:27.622+0000] {logging_mixin.py:190} INFO - [2025-03-10T20:39:27.622+0000] {dag.py:3239} INFO - Sync 1 DAGs
[2025-03-10T20:39:27.640+0000] {logging_mixin.py:190} INFO - [2025-03-10T20:39:27.640+0000] {dag.py:4180} INFO - Setting next_dagrun for example_task_group to None, run_after=None
[2025-03-10T20:39:27.661+0000] {processor.py:208} INFO - Processing /home/airflow/.local/lib/python3.12/site-packages/airflow/example_dags/example_task_group.py took 0.085 seconds
[2025-03-10T20:39:58.229+0000] {processor.py:186} INFO - Started process (PID=1304) to work on /home/airflow/.local/lib/python3.12/site-packages/airflow/example_dags/example_task_group.py
[2025-03-10T20:39:58.230+0000] {processor.py:914} INFO - Processing file /home/airflow/.local/lib/python3.12/site-packages/airflow/example_dags/example_task_group.py for tasks to queue
[2025-03-10T20:39:58.233+0000] {logging_mixin.py:190} INFO - [2025-03-10T20:39:58.233+0000] {dagbag.py:588} INFO - Filling up the DagBag from /home/airflow/.local/lib/python3.12/site-packages/airflow/example_dags/example_task_group.py
[2025-03-10T20:39:58.243+0000] {processor.py:925} INFO - DAG(s) 'example_task_group' retrieved from /home/airflow/.local/lib/python3.12/site-packages/airflow/example_dags/example_task_group.py
[2025-03-10T20:39:58.268+0000] {logging_mixin.py:190} INFO - [2025-03-10T20:39:58.268+0000] {dag.py:3239} INFO - Sync 1 DAGs
[2025-03-10T20:39:58.287+0000] {logging_mixin.py:190} INFO - [2025-03-10T20:39:58.286+0000] {dag.py:4180} INFO - Setting next_dagrun for example_task_group to None, run_after=None
[2025-03-10T20:39:58.312+0000] {processor.py:208} INFO - Processing /home/airflow/.local/lib/python3.12/site-packages/airflow/example_dags/example_task_group.py took 0.090 seconds
[2025-03-10T20:40:29.291+0000] {processor.py:186} INFO - Started process (PID=1368) to work on /home/airflow/.local/lib/python3.12/site-packages/airflow/example_dags/example_task_group.py
[2025-03-10T20:40:29.292+0000] {processor.py:914} INFO - Processing file /home/airflow/.local/lib/python3.12/site-packages/airflow/example_dags/example_task_group.py for tasks to queue
[2025-03-10T20:40:29.295+0000] {logging_mixin.py:190} INFO - [2025-03-10T20:40:29.294+0000] {dagbag.py:588} INFO - Filling up the DagBag from /home/airflow/.local/lib/python3.12/site-packages/airflow/example_dags/example_task_group.py
[2025-03-10T20:40:29.304+0000] {processor.py:925} INFO - DAG(s) 'example_task_group' retrieved from /home/airflow/.local/lib/python3.12/site-packages/airflow/example_dags/example_task_group.py
[2025-03-10T20:40:29.331+0000] {logging_mixin.py:190} INFO - [2025-03-10T20:40:29.331+0000] {dag.py:3239} INFO - Sync 1 DAGs
[2025-03-10T20:40:29.349+0000] {logging_mixin.py:190} INFO - [2025-03-10T20:40:29.348+0000] {dag.py:4180} INFO - Setting next_dagrun for example_task_group to None, run_after=None
[2025-03-10T20:40:29.369+0000] {processor.py:208} INFO - Processing /home/airflow/.local/lib/python3.12/site-packages/airflow/example_dags/example_task_group.py took 0.085 seconds
[2025-03-10T20:41:00.656+0000] {processor.py:186} INFO - Started process (PID=1430) to work on /home/airflow/.local/lib/python3.12/site-packages/airflow/example_dags/example_task_group.py
[2025-03-10T20:41:00.657+0000] {processor.py:914} INFO - Processing file /home/airflow/.local/lib/python3.12/site-packages/airflow/example_dags/example_task_group.py for tasks to queue
[2025-03-10T20:41:00.660+0000] {logging_mixin.py:190} INFO - [2025-03-10T20:41:00.660+0000] {dagbag.py:588} INFO - Filling up the DagBag from /home/airflow/.local/lib/python3.12/site-packages/airflow/example_dags/example_task_group.py
[2025-03-10T20:41:00.670+0000] {processor.py:925} INFO - DAG(s) 'example_task_group' retrieved from /home/airflow/.local/lib/python3.12/site-packages/airflow/example_dags/example_task_group.py
[2025-03-10T20:41:00.699+0000] {logging_mixin.py:190} INFO - [2025-03-10T20:41:00.698+0000] {dag.py:3239} INFO - Sync 1 DAGs
[2025-03-10T20:41:00.716+0000] {logging_mixin.py:190} INFO - [2025-03-10T20:41:00.716+0000] {dag.py:4180} INFO - Setting next_dagrun for example_task_group to None, run_after=None
[2025-03-10T20:41:00.735+0000] {processor.py:208} INFO - Processing /home/airflow/.local/lib/python3.12/site-packages/airflow/example_dags/example_task_group.py took 0.086 seconds
[2025-03-10T20:41:31.377+0000] {processor.py:186} INFO - Started process (PID=1493) to work on /home/airflow/.local/lib/python3.12/site-packages/airflow/example_dags/example_task_group.py
[2025-03-10T20:41:31.378+0000] {processor.py:914} INFO - Processing file /home/airflow/.local/lib/python3.12/site-packages/airflow/example_dags/example_task_group.py for tasks to queue
[2025-03-10T20:41:31.380+0000] {logging_mixin.py:190} INFO - [2025-03-10T20:41:31.380+0000] {dagbag.py:588} INFO - Filling up the DagBag from /home/airflow/.local/lib/python3.12/site-packages/airflow/example_dags/example_task_group.py
[2025-03-10T20:41:31.389+0000] {processor.py:925} INFO - DAG(s) 'example_task_group' retrieved from /home/airflow/.local/lib/python3.12/site-packages/airflow/example_dags/example_task_group.py
[2025-03-10T20:41:31.414+0000] {logging_mixin.py:190} INFO - [2025-03-10T20:41:31.414+0000] {dag.py:3239} INFO - Sync 1 DAGs
[2025-03-10T20:41:31.431+0000] {logging_mixin.py:190} INFO - [2025-03-10T20:41:31.431+0000] {dag.py:4180} INFO - Setting next_dagrun for example_task_group to None, run_after=None
[2025-03-10T20:41:31.451+0000] {processor.py:208} INFO - Processing /home/airflow/.local/lib/python3.12/site-packages/airflow/example_dags/example_task_group.py took 0.081 seconds
[2025-03-10T20:42:02.064+0000] {processor.py:186} INFO - Started process (PID=1556) to work on /home/airflow/.local/lib/python3.12/site-packages/airflow/example_dags/example_task_group.py
[2025-03-10T20:42:02.065+0000] {processor.py:914} INFO - Processing file /home/airflow/.local/lib/python3.12/site-packages/airflow/example_dags/example_task_group.py for tasks to queue
[2025-03-10T20:42:02.068+0000] {logging_mixin.py:190} INFO - [2025-03-10T20:42:02.068+0000] {dagbag.py:588} INFO - Filling up the DagBag from /home/airflow/.local/lib/python3.12/site-packages/airflow/example_dags/example_task_group.py
[2025-03-10T20:42:02.078+0000] {processor.py:925} INFO - DAG(s) 'example_task_group' retrieved from /home/airflow/.local/lib/python3.12/site-packages/airflow/example_dags/example_task_group.py
[2025-03-10T20:42:02.103+0000] {logging_mixin.py:190} INFO - [2025-03-10T20:42:02.103+0000] {dag.py:3239} INFO - Sync 1 DAGs
[2025-03-10T20:42:02.121+0000] {logging_mixin.py:190} INFO - [2025-03-10T20:42:02.121+0000] {dag.py:4180} INFO - Setting next_dagrun for example_task_group to None, run_after=None
[2025-03-10T20:42:02.143+0000] {processor.py:208} INFO - Processing /home/airflow/.local/lib/python3.12/site-packages/airflow/example_dags/example_task_group.py took 0.087 seconds
[2025-03-10T20:42:33.203+0000] {processor.py:186} INFO - Started process (PID=1619) to work on /home/airflow/.local/lib/python3.12/site-packages/airflow/example_dags/example_task_group.py
[2025-03-10T20:42:33.204+0000] {processor.py:914} INFO - Processing file /home/airflow/.local/lib/python3.12/site-packages/airflow/example_dags/example_task_group.py for tasks to queue
[2025-03-10T20:42:33.207+0000] {logging_mixin.py:190} INFO - [2025-03-10T20:42:33.207+0000] {dagbag.py:588} INFO - Filling up the DagBag from /home/airflow/.local/lib/python3.12/site-packages/airflow/example_dags/example_task_group.py
[2025-03-10T20:42:33.217+0000] {processor.py:925} INFO - DAG(s) 'example_task_group' retrieved from /home/airflow/.local/lib/python3.12/site-packages/airflow/example_dags/example_task_group.py
[2025-03-10T20:42:33.242+0000] {logging_mixin.py:190} INFO - [2025-03-10T20:42:33.241+0000] {dag.py:3239} INFO - Sync 1 DAGs
[2025-03-10T20:42:33.261+0000] {logging_mixin.py:190} INFO - [2025-03-10T20:42:33.260+0000] {dag.py:4180} INFO - Setting next_dagrun for example_task_group to None, run_after=None
[2025-03-10T20:42:33.280+0000] {processor.py:208} INFO - Processing /home/airflow/.local/lib/python3.12/site-packages/airflow/example_dags/example_task_group.py took 0.083 seconds
[2025-03-10T20:43:04.318+0000] {processor.py:186} INFO - Started process (PID=1682) to work on /home/airflow/.local/lib/python3.12/site-packages/airflow/example_dags/example_task_group.py
[2025-03-10T20:43:04.319+0000] {processor.py:914} INFO - Processing file /home/airflow/.local/lib/python3.12/site-packages/airflow/example_dags/example_task_group.py for tasks to queue
[2025-03-10T20:43:04.322+0000] {logging_mixin.py:190} INFO - [2025-03-10T20:43:04.321+0000] {dagbag.py:588} INFO - Filling up the DagBag from /home/airflow/.local/lib/python3.12/site-packages/airflow/example_dags/example_task_group.py
[2025-03-10T20:43:04.332+0000] {processor.py:925} INFO - DAG(s) 'example_task_group' retrieved from /home/airflow/.local/lib/python3.12/site-packages/airflow/example_dags/example_task_group.py
[2025-03-10T20:43:04.357+0000] {logging_mixin.py:190} INFO - [2025-03-10T20:43:04.357+0000] {dag.py:3239} INFO - Sync 1 DAGs
[2025-03-10T20:43:04.375+0000] {logging_mixin.py:190} INFO - [2025-03-10T20:43:04.375+0000] {dag.py:4180} INFO - Setting next_dagrun for example_task_group to None, run_after=None
[2025-03-10T20:43:04.395+0000] {processor.py:208} INFO - Processing /home/airflow/.local/lib/python3.12/site-packages/airflow/example_dags/example_task_group.py took 0.085 seconds
[2025-03-10T20:43:35.111+0000] {processor.py:186} INFO - Started process (PID=1745) to work on /home/airflow/.local/lib/python3.12/site-packages/airflow/example_dags/example_task_group.py
[2025-03-10T20:43:35.112+0000] {processor.py:914} INFO - Processing file /home/airflow/.local/lib/python3.12/site-packages/airflow/example_dags/example_task_group.py for tasks to queue
[2025-03-10T20:43:35.115+0000] {logging_mixin.py:190} INFO - [2025-03-10T20:43:35.114+0000] {dagbag.py:588} INFO - Filling up the DagBag from /home/airflow/.local/lib/python3.12/site-packages/airflow/example_dags/example_task_group.py
[2025-03-10T20:43:35.125+0000] {processor.py:925} INFO - DAG(s) 'example_task_group' retrieved from /home/airflow/.local/lib/python3.12/site-packages/airflow/example_dags/example_task_group.py
[2025-03-10T20:43:35.152+0000] {logging_mixin.py:190} INFO - [2025-03-10T20:43:35.152+0000] {dag.py:3239} INFO - Sync 1 DAGs
[2025-03-10T20:43:35.171+0000] {logging_mixin.py:190} INFO - [2025-03-10T20:43:35.171+0000] {dag.py:4180} INFO - Setting next_dagrun for example_task_group to None, run_after=None
[2025-03-10T20:43:35.191+0000] {processor.py:208} INFO - Processing /home/airflow/.local/lib/python3.12/site-packages/airflow/example_dags/example_task_group.py took 0.087 seconds
[2025-03-10T20:44:05.851+0000] {processor.py:186} INFO - Started process (PID=1808) to work on /home/airflow/.local/lib/python3.12/site-packages/airflow/example_dags/example_task_group.py
[2025-03-10T20:44:05.852+0000] {processor.py:914} INFO - Processing file /home/airflow/.local/lib/python3.12/site-packages/airflow/example_dags/example_task_group.py for tasks to queue
[2025-03-10T20:44:05.855+0000] {logging_mixin.py:190} INFO - [2025-03-10T20:44:05.855+0000] {dagbag.py:588} INFO - Filling up the DagBag from /home/airflow/.local/lib/python3.12/site-packages/airflow/example_dags/example_task_group.py
[2025-03-10T20:44:05.866+0000] {processor.py:925} INFO - DAG(s) 'example_task_group' retrieved from /home/airflow/.local/lib/python3.12/site-packages/airflow/example_dags/example_task_group.py
[2025-03-10T20:44:05.891+0000] {logging_mixin.py:190} INFO - [2025-03-10T20:44:05.891+0000] {dag.py:3239} INFO - Sync 1 DAGs
[2025-03-10T20:44:05.911+0000] {logging_mixin.py:190} INFO - [2025-03-10T20:44:05.910+0000] {dag.py:4180} INFO - Setting next_dagrun for example_task_group to None, run_after=None
[2025-03-10T20:44:05.930+0000] {processor.py:208} INFO - Processing /home/airflow/.local/lib/python3.12/site-packages/airflow/example_dags/example_task_group.py took 0.087 seconds
[2025-03-10T20:44:36.783+0000] {processor.py:186} INFO - Started process (PID=1871) to work on /home/airflow/.local/lib/python3.12/site-packages/airflow/example_dags/example_task_group.py
[2025-03-10T20:44:36.784+0000] {processor.py:914} INFO - Processing file /home/airflow/.local/lib/python3.12/site-packages/airflow/example_dags/example_task_group.py for tasks to queue
[2025-03-10T20:44:36.787+0000] {logging_mixin.py:190} INFO - [2025-03-10T20:44:36.786+0000] {dagbag.py:588} INFO - Filling up the DagBag from /home/airflow/.local/lib/python3.12/site-packages/airflow/example_dags/example_task_group.py
[2025-03-10T20:44:36.797+0000] {processor.py:925} INFO - DAG(s) 'example_task_group' retrieved from /home/airflow/.local/lib/python3.12/site-packages/airflow/example_dags/example_task_group.py
[2025-03-10T20:44:36.824+0000] {logging_mixin.py:190} INFO - [2025-03-10T20:44:36.824+0000] {dag.py:3239} INFO - Sync 1 DAGs
[2025-03-10T20:44:36.842+0000] {logging_mixin.py:190} INFO - [2025-03-10T20:44:36.842+0000] {dag.py:4180} INFO - Setting next_dagrun for example_task_group to None, run_after=None
[2025-03-10T20:44:36.863+0000] {processor.py:208} INFO - Processing /home/airflow/.local/lib/python3.12/site-packages/airflow/example_dags/example_task_group.py took 0.089 seconds
[2025-03-10T20:45:07.430+0000] {processor.py:186} INFO - Started process (PID=1934) to work on /home/airflow/.local/lib/python3.12/site-packages/airflow/example_dags/example_task_group.py
[2025-03-10T20:45:07.431+0000] {processor.py:914} INFO - Processing file /home/airflow/.local/lib/python3.12/site-packages/airflow/example_dags/example_task_group.py for tasks to queue
[2025-03-10T20:45:07.434+0000] {logging_mixin.py:190} INFO - [2025-03-10T20:45:07.433+0000] {dagbag.py:588} INFO - Filling up the DagBag from /home/airflow/.local/lib/python3.12/site-packages/airflow/example_dags/example_task_group.py
[2025-03-10T20:45:07.444+0000] {processor.py:925} INFO - DAG(s) 'example_task_group' retrieved from /home/airflow/.local/lib/python3.12/site-packages/airflow/example_dags/example_task_group.py
[2025-03-10T20:45:07.472+0000] {logging_mixin.py:190} INFO - [2025-03-10T20:45:07.472+0000] {dag.py:3239} INFO - Sync 1 DAGs
[2025-03-10T20:45:07.495+0000] {logging_mixin.py:190} INFO - [2025-03-10T20:45:07.494+0000] {dag.py:4180} INFO - Setting next_dagrun for example_task_group to None, run_after=None
[2025-03-10T20:45:07.522+0000] {processor.py:208} INFO - Processing /home/airflow/.local/lib/python3.12/site-packages/airflow/example_dags/example_task_group.py took 0.098 seconds
[2025-03-10T20:45:38.347+0000] {processor.py:186} INFO - Started process (PID=1997) to work on /home/airflow/.local/lib/python3.12/site-packages/airflow/example_dags/example_task_group.py
[2025-03-10T20:45:38.349+0000] {processor.py:914} INFO - Processing file /home/airflow/.local/lib/python3.12/site-packages/airflow/example_dags/example_task_group.py for tasks to queue
[2025-03-10T20:45:38.352+0000] {logging_mixin.py:190} INFO - [2025-03-10T20:45:38.352+0000] {dagbag.py:588} INFO - Filling up the DagBag from /home/airflow/.local/lib/python3.12/site-packages/airflow/example_dags/example_task_group.py
[2025-03-10T20:45:38.363+0000] {processor.py:925} INFO - DAG(s) 'example_task_group' retrieved from /home/airflow/.local/lib/python3.12/site-packages/airflow/example_dags/example_task_group.py
[2025-03-10T20:45:38.389+0000] {logging_mixin.py:190} INFO - [2025-03-10T20:45:38.389+0000] {dag.py:3239} INFO - Sync 1 DAGs
[2025-03-10T20:45:38.408+0000] {logging_mixin.py:190} INFO - [2025-03-10T20:45:38.408+0000] {dag.py:4180} INFO - Setting next_dagrun for example_task_group to None, run_after=None
[2025-03-10T20:45:38.428+0000] {processor.py:208} INFO - Processing /home/airflow/.local/lib/python3.12/site-packages/airflow/example_dags/example_task_group.py took 0.088 seconds
[2025-03-10T20:46:10.316+0000] {processor.py:186} INFO - Started process (PID=2060) to work on /home/airflow/.local/lib/python3.12/site-packages/airflow/example_dags/example_task_group.py
[2025-03-10T20:46:10.317+0000] {processor.py:914} INFO - Processing file /home/airflow/.local/lib/python3.12/site-packages/airflow/example_dags/example_task_group.py for tasks to queue
[2025-03-10T20:46:10.320+0000] {logging_mixin.py:190} INFO - [2025-03-10T20:46:10.320+0000] {dagbag.py:588} INFO - Filling up the DagBag from /home/airflow/.local/lib/python3.12/site-packages/airflow/example_dags/example_task_group.py
[2025-03-10T20:46:10.330+0000] {processor.py:925} INFO - DAG(s) 'example_task_group' retrieved from /home/airflow/.local/lib/python3.12/site-packages/airflow/example_dags/example_task_group.py
[2025-03-10T20:46:10.357+0000] {logging_mixin.py:190} INFO - [2025-03-10T20:46:10.356+0000] {dag.py:3239} INFO - Sync 1 DAGs
[2025-03-10T20:46:10.644+0000] {logging_mixin.py:190} INFO - [2025-03-10T20:46:10.643+0000] {dag.py:4180} INFO - Setting next_dagrun for example_task_group to None, run_after=None
[2025-03-10T20:46:10.671+0000] {processor.py:208} INFO - Processing /home/airflow/.local/lib/python3.12/site-packages/airflow/example_dags/example_task_group.py took 0.362 seconds
[2025-03-10T20:46:41.084+0000] {processor.py:186} INFO - Started process (PID=2129) to work on /home/airflow/.local/lib/python3.12/site-packages/airflow/example_dags/example_task_group.py
[2025-03-10T20:46:41.085+0000] {processor.py:914} INFO - Processing file /home/airflow/.local/lib/python3.12/site-packages/airflow/example_dags/example_task_group.py for tasks to queue
[2025-03-10T20:46:41.088+0000] {logging_mixin.py:190} INFO - [2025-03-10T20:46:41.088+0000] {dagbag.py:588} INFO - Filling up the DagBag from /home/airflow/.local/lib/python3.12/site-packages/airflow/example_dags/example_task_group.py
[2025-03-10T20:46:41.099+0000] {processor.py:925} INFO - DAG(s) 'example_task_group' retrieved from /home/airflow/.local/lib/python3.12/site-packages/airflow/example_dags/example_task_group.py
[2025-03-10T20:46:41.126+0000] {logging_mixin.py:190} INFO - [2025-03-10T20:46:41.126+0000] {dag.py:3239} INFO - Sync 1 DAGs
[2025-03-10T20:46:41.395+0000] {logging_mixin.py:190} INFO - [2025-03-10T20:46:41.395+0000] {dag.py:4180} INFO - Setting next_dagrun for example_task_group to None, run_after=None
[2025-03-10T20:46:41.418+0000] {processor.py:208} INFO - Processing /home/airflow/.local/lib/python3.12/site-packages/airflow/example_dags/example_task_group.py took 0.341 seconds
[2025-03-10T20:47:11.495+0000] {processor.py:186} INFO - Started process (PID=2192) to work on /home/airflow/.local/lib/python3.12/site-packages/airflow/example_dags/example_task_group.py
[2025-03-10T20:47:11.496+0000] {processor.py:914} INFO - Processing file /home/airflow/.local/lib/python3.12/site-packages/airflow/example_dags/example_task_group.py for tasks to queue
[2025-03-10T20:47:11.499+0000] {logging_mixin.py:190} INFO - [2025-03-10T20:47:11.498+0000] {dagbag.py:588} INFO - Filling up the DagBag from /home/airflow/.local/lib/python3.12/site-packages/airflow/example_dags/example_task_group.py
[2025-03-10T20:47:11.508+0000] {processor.py:925} INFO - DAG(s) 'example_task_group' retrieved from /home/airflow/.local/lib/python3.12/site-packages/airflow/example_dags/example_task_group.py
[2025-03-10T20:47:11.533+0000] {logging_mixin.py:190} INFO - [2025-03-10T20:47:11.533+0000] {dag.py:3239} INFO - Sync 1 DAGs
[2025-03-10T20:47:11.551+0000] {logging_mixin.py:190} INFO - [2025-03-10T20:47:11.550+0000] {dag.py:4180} INFO - Setting next_dagrun for example_task_group to None, run_after=None
[2025-03-10T20:47:11.571+0000] {processor.py:208} INFO - Processing /home/airflow/.local/lib/python3.12/site-packages/airflow/example_dags/example_task_group.py took 0.083 seconds
[2025-03-10T20:47:42.213+0000] {processor.py:186} INFO - Started process (PID=2255) to work on /home/airflow/.local/lib/python3.12/site-packages/airflow/example_dags/example_task_group.py
[2025-03-10T20:47:42.215+0000] {processor.py:914} INFO - Processing file /home/airflow/.local/lib/python3.12/site-packages/airflow/example_dags/example_task_group.py for tasks to queue
[2025-03-10T20:47:42.217+0000] {logging_mixin.py:190} INFO - [2025-03-10T20:47:42.217+0000] {dagbag.py:588} INFO - Filling up the DagBag from /home/airflow/.local/lib/python3.12/site-packages/airflow/example_dags/example_task_group.py
[2025-03-10T20:47:42.227+0000] {processor.py:925} INFO - DAG(s) 'example_task_group' retrieved from /home/airflow/.local/lib/python3.12/site-packages/airflow/example_dags/example_task_group.py
[2025-03-10T20:47:42.253+0000] {logging_mixin.py:190} INFO - [2025-03-10T20:47:42.252+0000] {dag.py:3239} INFO - Sync 1 DAGs
[2025-03-10T20:47:42.270+0000] {logging_mixin.py:190} INFO - [2025-03-10T20:47:42.270+0000] {dag.py:4180} INFO - Setting next_dagrun for example_task_group to None, run_after=None
[2025-03-10T20:47:42.290+0000] {processor.py:208} INFO - Processing /home/airflow/.local/lib/python3.12/site-packages/airflow/example_dags/example_task_group.py took 0.084 seconds
[2025-03-10T20:48:12.681+0000] {processor.py:186} INFO - Started process (PID=2318) to work on /home/airflow/.local/lib/python3.12/site-packages/airflow/example_dags/example_task_group.py
[2025-03-10T20:48:12.682+0000] {processor.py:914} INFO - Processing file /home/airflow/.local/lib/python3.12/site-packages/airflow/example_dags/example_task_group.py for tasks to queue
[2025-03-10T20:48:12.685+0000] {logging_mixin.py:190} INFO - [2025-03-10T20:48:12.684+0000] {dagbag.py:588} INFO - Filling up the DagBag from /home/airflow/.local/lib/python3.12/site-packages/airflow/example_dags/example_task_group.py
[2025-03-10T20:48:12.695+0000] {processor.py:925} INFO - DAG(s) 'example_task_group' retrieved from /home/airflow/.local/lib/python3.12/site-packages/airflow/example_dags/example_task_group.py
[2025-03-10T20:48:12.720+0000] {logging_mixin.py:190} INFO - [2025-03-10T20:48:12.720+0000] {dag.py:3239} INFO - Sync 1 DAGs
[2025-03-10T20:48:12.738+0000] {logging_mixin.py:190} INFO - [2025-03-10T20:48:12.738+0000] {dag.py:4180} INFO - Setting next_dagrun for example_task_group to None, run_after=None
[2025-03-10T20:48:12.758+0000] {processor.py:208} INFO - Processing /home/airflow/.local/lib/python3.12/site-packages/airflow/example_dags/example_task_group.py took 0.086 seconds
[2025-03-10T20:48:43.215+0000] {processor.py:186} INFO - Started process (PID=2381) to work on /home/airflow/.local/lib/python3.12/site-packages/airflow/example_dags/example_task_group.py
[2025-03-10T20:48:43.216+0000] {processor.py:914} INFO - Processing file /home/airflow/.local/lib/python3.12/site-packages/airflow/example_dags/example_task_group.py for tasks to queue
[2025-03-10T20:48:43.218+0000] {logging_mixin.py:190} INFO - [2025-03-10T20:48:43.218+0000] {dagbag.py:588} INFO - Filling up the DagBag from /home/airflow/.local/lib/python3.12/site-packages/airflow/example_dags/example_task_group.py
[2025-03-10T20:48:43.228+0000] {processor.py:925} INFO - DAG(s) 'example_task_group' retrieved from /home/airflow/.local/lib/python3.12/site-packages/airflow/example_dags/example_task_group.py
[2025-03-10T20:48:43.255+0000] {logging_mixin.py:190} INFO - [2025-03-10T20:48:43.254+0000] {dag.py:3239} INFO - Sync 1 DAGs
[2025-03-10T20:48:43.273+0000] {logging_mixin.py:190} INFO - [2025-03-10T20:48:43.272+0000] {dag.py:4180} INFO - Setting next_dagrun for example_task_group to None, run_after=None
[2025-03-10T20:48:43.294+0000] {processor.py:208} INFO - Processing /home/airflow/.local/lib/python3.12/site-packages/airflow/example_dags/example_task_group.py took 0.087 seconds
[2025-03-10T20:49:13.808+0000] {processor.py:186} INFO - Started process (PID=2444) to work on /home/airflow/.local/lib/python3.12/site-packages/airflow/example_dags/example_task_group.py
[2025-03-10T20:49:13.809+0000] {processor.py:914} INFO - Processing file /home/airflow/.local/lib/python3.12/site-packages/airflow/example_dags/example_task_group.py for tasks to queue
[2025-03-10T20:49:13.812+0000] {logging_mixin.py:190} INFO - [2025-03-10T20:49:13.812+0000] {dagbag.py:588} INFO - Filling up the DagBag from /home/airflow/.local/lib/python3.12/site-packages/airflow/example_dags/example_task_group.py
[2025-03-10T20:49:13.822+0000] {processor.py:925} INFO - DAG(s) 'example_task_group' retrieved from /home/airflow/.local/lib/python3.12/site-packages/airflow/example_dags/example_task_group.py
[2025-03-10T20:49:13.848+0000] {logging_mixin.py:190} INFO - [2025-03-10T20:49:13.848+0000] {dag.py:3239} INFO - Sync 1 DAGs
[2025-03-10T20:49:13.866+0000] {logging_mixin.py:190} INFO - [2025-03-10T20:49:13.866+0000] {dag.py:4180} INFO - Setting next_dagrun for example_task_group to None, run_after=None
[2025-03-10T20:49:13.888+0000] {processor.py:208} INFO - Processing /home/airflow/.local/lib/python3.12/site-packages/airflow/example_dags/example_task_group.py took 0.088 seconds
[2025-03-10T20:49:44.211+0000] {processor.py:186} INFO - Started process (PID=2507) to work on /home/airflow/.local/lib/python3.12/site-packages/airflow/example_dags/example_task_group.py
[2025-03-10T20:49:44.212+0000] {processor.py:914} INFO - Processing file /home/airflow/.local/lib/python3.12/site-packages/airflow/example_dags/example_task_group.py for tasks to queue
[2025-03-10T20:49:44.215+0000] {logging_mixin.py:190} INFO - [2025-03-10T20:49:44.215+0000] {dagbag.py:588} INFO - Filling up the DagBag from /home/airflow/.local/lib/python3.12/site-packages/airflow/example_dags/example_task_group.py
[2025-03-10T20:49:44.227+0000] {processor.py:925} INFO - DAG(s) 'example_task_group' retrieved from /home/airflow/.local/lib/python3.12/site-packages/airflow/example_dags/example_task_group.py
[2025-03-10T20:49:44.257+0000] {logging_mixin.py:190} INFO - [2025-03-10T20:49:44.257+0000] {dag.py:3239} INFO - Sync 1 DAGs
[2025-03-10T20:49:44.276+0000] {logging_mixin.py:190} INFO - [2025-03-10T20:49:44.276+0000] {dag.py:4180} INFO - Setting next_dagrun for example_task_group to None, run_after=None
[2025-03-10T20:49:44.297+0000] {processor.py:208} INFO - Processing /home/airflow/.local/lib/python3.12/site-packages/airflow/example_dags/example_task_group.py took 0.095 seconds
[2025-03-10T20:50:14.812+0000] {processor.py:186} INFO - Started process (PID=2570) to work on /home/airflow/.local/lib/python3.12/site-packages/airflow/example_dags/example_task_group.py
[2025-03-10T20:50:14.813+0000] {processor.py:914} INFO - Processing file /home/airflow/.local/lib/python3.12/site-packages/airflow/example_dags/example_task_group.py for tasks to queue
[2025-03-10T20:50:14.817+0000] {logging_mixin.py:190} INFO - [2025-03-10T20:50:14.816+0000] {dagbag.py:588} INFO - Filling up the DagBag from /home/airflow/.local/lib/python3.12/site-packages/airflow/example_dags/example_task_group.py
[2025-03-10T20:50:14.829+0000] {processor.py:925} INFO - DAG(s) 'example_task_group' retrieved from /home/airflow/.local/lib/python3.12/site-packages/airflow/example_dags/example_task_group.py
[2025-03-10T20:50:14.855+0000] {logging_mixin.py:190} INFO - [2025-03-10T20:50:14.855+0000] {dag.py:3239} INFO - Sync 1 DAGs
[2025-03-10T20:50:14.879+0000] {logging_mixin.py:190} INFO - [2025-03-10T20:50:14.878+0000] {dag.py:4180} INFO - Setting next_dagrun for example_task_group to None, run_after=None
[2025-03-10T20:50:14.901+0000] {processor.py:208} INFO - Processing /home/airflow/.local/lib/python3.12/site-packages/airflow/example_dags/example_task_group.py took 0.097 seconds
[2025-03-10T20:50:45.656+0000] {processor.py:186} INFO - Started process (PID=2633) to work on /home/airflow/.local/lib/python3.12/site-packages/airflow/example_dags/example_task_group.py
[2025-03-10T20:50:45.658+0000] {processor.py:914} INFO - Processing file /home/airflow/.local/lib/python3.12/site-packages/airflow/example_dags/example_task_group.py for tasks to queue
[2025-03-10T20:50:45.664+0000] {logging_mixin.py:190} INFO - [2025-03-10T20:50:45.663+0000] {dagbag.py:588} INFO - Filling up the DagBag from /home/airflow/.local/lib/python3.12/site-packages/airflow/example_dags/example_task_group.py
[2025-03-10T20:50:45.684+0000] {processor.py:925} INFO - DAG(s) 'example_task_group' retrieved from /home/airflow/.local/lib/python3.12/site-packages/airflow/example_dags/example_task_group.py
[2025-03-10T20:50:45.747+0000] {logging_mixin.py:190} INFO - [2025-03-10T20:50:45.746+0000] {dag.py:3239} INFO - Sync 1 DAGs
[2025-03-10T20:50:45.786+0000] {logging_mixin.py:190} INFO - [2025-03-10T20:50:45.786+0000] {dag.py:4180} INFO - Setting next_dagrun for example_task_group to None, run_after=None
[2025-03-10T20:50:45.835+0000] {processor.py:208} INFO - Processing /home/airflow/.local/lib/python3.12/site-packages/airflow/example_dags/example_task_group.py took 0.193 seconds
[2025-03-10T23:08:57.428+0000] {processor.py:186} INFO - Started process (PID=103) to work on /home/airflow/.local/lib/python3.12/site-packages/airflow/example_dags/example_task_group.py
[2025-03-10T23:08:57.430+0000] {processor.py:914} INFO - Processing file /home/airflow/.local/lib/python3.12/site-packages/airflow/example_dags/example_task_group.py for tasks to queue
[2025-03-10T23:08:57.433+0000] {logging_mixin.py:190} INFO - [2025-03-10T23:08:57.433+0000] {dagbag.py:588} INFO - Filling up the DagBag from /home/airflow/.local/lib/python3.12/site-packages/airflow/example_dags/example_task_group.py
[2025-03-10T23:08:57.445+0000] {processor.py:925} INFO - DAG(s) 'example_task_group' retrieved from /home/airflow/.local/lib/python3.12/site-packages/airflow/example_dags/example_task_group.py
[2025-03-10T23:08:57.477+0000] {logging_mixin.py:190} INFO - [2025-03-10T23:08:57.476+0000] {dag.py:3239} INFO - Sync 1 DAGs
[2025-03-10T23:08:57.496+0000] {logging_mixin.py:190} INFO - [2025-03-10T23:08:57.496+0000] {dag.py:4180} INFO - Setting next_dagrun for example_task_group to None, run_after=None
[2025-03-10T23:08:57.519+0000] {processor.py:208} INFO - Processing /home/airflow/.local/lib/python3.12/site-packages/airflow/example_dags/example_task_group.py took 0.098 seconds
[2025-03-10T23:10:33.099+0000] {processor.py:186} INFO - Started process (PID=160) to work on /home/airflow/.local/lib/python3.12/site-packages/airflow/example_dags/example_task_group.py
[2025-03-10T23:10:33.100+0000] {processor.py:914} INFO - Processing file /home/airflow/.local/lib/python3.12/site-packages/airflow/example_dags/example_task_group.py for tasks to queue
[2025-03-10T23:10:33.101+0000] {logging_mixin.py:190} INFO - [2025-03-10T23:10:33.101+0000] {dagbag.py:588} INFO - Filling up the DagBag from /home/airflow/.local/lib/python3.12/site-packages/airflow/example_dags/example_task_group.py
[2025-03-10T23:10:33.113+0000] {processor.py:925} INFO - DAG(s) 'example_task_group' retrieved from /home/airflow/.local/lib/python3.12/site-packages/airflow/example_dags/example_task_group.py
[2025-03-10T23:10:33.143+0000] {logging_mixin.py:190} INFO - [2025-03-10T23:10:33.143+0000] {dag.py:3239} INFO - Sync 1 DAGs
[2025-03-10T23:10:33.165+0000] {logging_mixin.py:190} INFO - [2025-03-10T23:10:33.165+0000] {dag.py:4180} INFO - Setting next_dagrun for example_task_group to None, run_after=None
[2025-03-10T23:10:33.189+0000] {processor.py:208} INFO - Processing /home/airflow/.local/lib/python3.12/site-packages/airflow/example_dags/example_task_group.py took 0.097 seconds
[2025-03-10T23:13:21.234+0000] {processor.py:186} INFO - Started process (PID=218) to work on /home/airflow/.local/lib/python3.12/site-packages/airflow/example_dags/example_task_group.py
[2025-03-10T23:13:21.238+0000] {processor.py:914} INFO - Processing file /home/airflow/.local/lib/python3.12/site-packages/airflow/example_dags/example_task_group.py for tasks to queue
[2025-03-10T23:13:21.245+0000] {logging_mixin.py:190} INFO - [2025-03-10T23:13:21.243+0000] {dagbag.py:588} INFO - Filling up the DagBag from /home/airflow/.local/lib/python3.12/site-packages/airflow/example_dags/example_task_group.py
[2025-03-10T23:13:21.309+0000] {processor.py:925} INFO - DAG(s) 'example_task_group' retrieved from /home/airflow/.local/lib/python3.12/site-packages/airflow/example_dags/example_task_group.py
[2025-03-10T23:13:21.464+0000] {logging_mixin.py:190} INFO - [2025-03-10T23:13:21.462+0000] {dag.py:3239} INFO - Sync 1 DAGs
[2025-03-10T23:13:21.589+0000] {logging_mixin.py:190} INFO - [2025-03-10T23:13:21.588+0000] {dag.py:4180} INFO - Setting next_dagrun for example_task_group to None, run_after=None
[2025-03-10T23:13:21.685+0000] {processor.py:208} INFO - Processing /home/airflow/.local/lib/python3.12/site-packages/airflow/example_dags/example_task_group.py took 0.492 seconds
[2025-03-10T23:14:57.309+0000] {processor.py:186} INFO - Started process (PID=291) to work on /home/airflow/.local/lib/python3.12/site-packages/airflow/example_dags/example_task_group.py
[2025-03-10T23:14:57.328+0000] {processor.py:914} INFO - Processing file /home/airflow/.local/lib/python3.12/site-packages/airflow/example_dags/example_task_group.py for tasks to queue
[2025-03-10T23:14:57.340+0000] {logging_mixin.py:190} INFO - [2025-03-10T23:14:57.338+0000] {dagbag.py:588} INFO - Filling up the DagBag from /home/airflow/.local/lib/python3.12/site-packages/airflow/example_dags/example_task_group.py
[2025-03-10T23:14:57.438+0000] {processor.py:925} INFO - DAG(s) 'example_task_group' retrieved from /home/airflow/.local/lib/python3.12/site-packages/airflow/example_dags/example_task_group.py
[2025-03-10T23:14:57.636+0000] {logging_mixin.py:190} INFO - [2025-03-10T23:14:57.634+0000] {dag.py:3239} INFO - Sync 1 DAGs
[2025-03-10T23:14:57.745+0000] {logging_mixin.py:190} INFO - [2025-03-10T23:14:57.743+0000] {dag.py:4180} INFO - Setting next_dagrun for example_task_group to None, run_after=None
[2025-03-10T23:14:57.915+0000] {processor.py:208} INFO - Processing /home/airflow/.local/lib/python3.12/site-packages/airflow/example_dags/example_task_group.py took 0.682 seconds
[2025-03-10T23:15:28.225+0000] {processor.py:186} INFO - Started process (PID=354) to work on /home/airflow/.local/lib/python3.12/site-packages/airflow/example_dags/example_task_group.py
[2025-03-10T23:15:28.228+0000] {processor.py:914} INFO - Processing file /home/airflow/.local/lib/python3.12/site-packages/airflow/example_dags/example_task_group.py for tasks to queue
[2025-03-10T23:15:28.234+0000] {logging_mixin.py:190} INFO - [2025-03-10T23:15:28.233+0000] {dagbag.py:588} INFO - Filling up the DagBag from /home/airflow/.local/lib/python3.12/site-packages/airflow/example_dags/example_task_group.py
[2025-03-10T23:15:28.277+0000] {processor.py:925} INFO - DAG(s) 'example_task_group' retrieved from /home/airflow/.local/lib/python3.12/site-packages/airflow/example_dags/example_task_group.py
[2025-03-10T23:15:28.420+0000] {logging_mixin.py:190} INFO - [2025-03-10T23:15:28.418+0000] {dag.py:3239} INFO - Sync 1 DAGs
[2025-03-10T23:15:28.505+0000] {logging_mixin.py:190} INFO - [2025-03-10T23:15:28.504+0000] {dag.py:4180} INFO - Setting next_dagrun for example_task_group to None, run_after=None
[2025-03-10T23:15:28.602+0000] {processor.py:208} INFO - Processing /home/airflow/.local/lib/python3.12/site-packages/airflow/example_dags/example_task_group.py took 0.412 seconds
[2025-03-10T23:15:59.537+0000] {processor.py:186} INFO - Started process (PID=416) to work on /home/airflow/.local/lib/python3.12/site-packages/airflow/example_dags/example_task_group.py
[2025-03-10T23:15:59.538+0000] {processor.py:914} INFO - Processing file /home/airflow/.local/lib/python3.12/site-packages/airflow/example_dags/example_task_group.py for tasks to queue
[2025-03-10T23:15:59.540+0000] {logging_mixin.py:190} INFO - [2025-03-10T23:15:59.539+0000] {dagbag.py:588} INFO - Filling up the DagBag from /home/airflow/.local/lib/python3.12/site-packages/airflow/example_dags/example_task_group.py
[2025-03-10T23:15:59.550+0000] {processor.py:925} INFO - DAG(s) 'example_task_group' retrieved from /home/airflow/.local/lib/python3.12/site-packages/airflow/example_dags/example_task_group.py
[2025-03-10T23:15:59.587+0000] {logging_mixin.py:190} INFO - [2025-03-10T23:15:59.587+0000] {dag.py:3239} INFO - Sync 1 DAGs
[2025-03-10T23:15:59.617+0000] {logging_mixin.py:190} INFO - [2025-03-10T23:15:59.616+0000] {dag.py:4180} INFO - Setting next_dagrun for example_task_group to None, run_after=None
[2025-03-10T23:15:59.645+0000] {processor.py:208} INFO - Processing /home/airflow/.local/lib/python3.12/site-packages/airflow/example_dags/example_task_group.py took 0.115 seconds
[2025-03-10T23:16:30.365+0000] {processor.py:186} INFO - Started process (PID=479) to work on /home/airflow/.local/lib/python3.12/site-packages/airflow/example_dags/example_task_group.py
[2025-03-10T23:16:30.366+0000] {processor.py:914} INFO - Processing file /home/airflow/.local/lib/python3.12/site-packages/airflow/example_dags/example_task_group.py for tasks to queue
[2025-03-10T23:16:30.368+0000] {logging_mixin.py:190} INFO - [2025-03-10T23:16:30.367+0000] {dagbag.py:588} INFO - Filling up the DagBag from /home/airflow/.local/lib/python3.12/site-packages/airflow/example_dags/example_task_group.py
[2025-03-10T23:16:30.381+0000] {processor.py:925} INFO - DAG(s) 'example_task_group' retrieved from /home/airflow/.local/lib/python3.12/site-packages/airflow/example_dags/example_task_group.py
[2025-03-10T23:16:30.414+0000] {logging_mixin.py:190} INFO - [2025-03-10T23:16:30.413+0000] {dag.py:3239} INFO - Sync 1 DAGs
[2025-03-10T23:16:30.434+0000] {logging_mixin.py:190} INFO - [2025-03-10T23:16:30.434+0000] {dag.py:4180} INFO - Setting next_dagrun for example_task_group to None, run_after=None
[2025-03-10T23:16:30.459+0000] {processor.py:208} INFO - Processing /home/airflow/.local/lib/python3.12/site-packages/airflow/example_dags/example_task_group.py took 0.105 seconds
[2025-03-10T23:17:01.036+0000] {processor.py:186} INFO - Started process (PID=542) to work on /home/airflow/.local/lib/python3.12/site-packages/airflow/example_dags/example_task_group.py
[2025-03-10T23:17:01.038+0000] {processor.py:914} INFO - Processing file /home/airflow/.local/lib/python3.12/site-packages/airflow/example_dags/example_task_group.py for tasks to queue
[2025-03-10T23:17:01.039+0000] {logging_mixin.py:190} INFO - [2025-03-10T23:17:01.039+0000] {dagbag.py:588} INFO - Filling up the DagBag from /home/airflow/.local/lib/python3.12/site-packages/airflow/example_dags/example_task_group.py
[2025-03-10T23:17:01.053+0000] {processor.py:925} INFO - DAG(s) 'example_task_group' retrieved from /home/airflow/.local/lib/python3.12/site-packages/airflow/example_dags/example_task_group.py
[2025-03-10T23:17:01.090+0000] {logging_mixin.py:190} INFO - [2025-03-10T23:17:01.089+0000] {dag.py:3239} INFO - Sync 1 DAGs
[2025-03-10T23:17:01.115+0000] {logging_mixin.py:190} INFO - [2025-03-10T23:17:01.115+0000] {dag.py:4180} INFO - Setting next_dagrun for example_task_group to None, run_after=None
[2025-03-10T23:17:01.139+0000] {processor.py:208} INFO - Processing /home/airflow/.local/lib/python3.12/site-packages/airflow/example_dags/example_task_group.py took 0.113 seconds
[2025-03-10T23:17:31.342+0000] {processor.py:186} INFO - Started process (PID=605) to work on /home/airflow/.local/lib/python3.12/site-packages/airflow/example_dags/example_task_group.py
[2025-03-10T23:17:31.343+0000] {processor.py:914} INFO - Processing file /home/airflow/.local/lib/python3.12/site-packages/airflow/example_dags/example_task_group.py for tasks to queue
[2025-03-10T23:17:31.345+0000] {logging_mixin.py:190} INFO - [2025-03-10T23:17:31.344+0000] {dagbag.py:588} INFO - Filling up the DagBag from /home/airflow/.local/lib/python3.12/site-packages/airflow/example_dags/example_task_group.py
[2025-03-10T23:17:31.357+0000] {processor.py:925} INFO - DAG(s) 'example_task_group' retrieved from /home/airflow/.local/lib/python3.12/site-packages/airflow/example_dags/example_task_group.py
[2025-03-10T23:17:31.383+0000] {logging_mixin.py:190} INFO - [2025-03-10T23:17:31.383+0000] {dag.py:3239} INFO - Sync 1 DAGs
[2025-03-10T23:17:31.403+0000] {logging_mixin.py:190} INFO - [2025-03-10T23:17:31.402+0000] {dag.py:4180} INFO - Setting next_dagrun for example_task_group to None, run_after=None
[2025-03-10T23:17:31.423+0000] {processor.py:208} INFO - Processing /home/airflow/.local/lib/python3.12/site-packages/airflow/example_dags/example_task_group.py took 0.089 seconds
[2025-03-10T23:18:02.077+0000] {processor.py:186} INFO - Started process (PID=668) to work on /home/airflow/.local/lib/python3.12/site-packages/airflow/example_dags/example_task_group.py
[2025-03-10T23:18:02.078+0000] {processor.py:914} INFO - Processing file /home/airflow/.local/lib/python3.12/site-packages/airflow/example_dags/example_task_group.py for tasks to queue
[2025-03-10T23:18:02.080+0000] {logging_mixin.py:190} INFO - [2025-03-10T23:18:02.079+0000] {dagbag.py:588} INFO - Filling up the DagBag from /home/airflow/.local/lib/python3.12/site-packages/airflow/example_dags/example_task_group.py
[2025-03-10T23:18:02.093+0000] {processor.py:925} INFO - DAG(s) 'example_task_group' retrieved from /home/airflow/.local/lib/python3.12/site-packages/airflow/example_dags/example_task_group.py
[2025-03-10T23:18:02.130+0000] {logging_mixin.py:190} INFO - [2025-03-10T23:18:02.129+0000] {dag.py:3239} INFO - Sync 1 DAGs
[2025-03-10T23:18:02.155+0000] {logging_mixin.py:190} INFO - [2025-03-10T23:18:02.155+0000] {dag.py:4180} INFO - Setting next_dagrun for example_task_group to None, run_after=None
[2025-03-10T23:18:02.179+0000] {processor.py:208} INFO - Processing /home/airflow/.local/lib/python3.12/site-packages/airflow/example_dags/example_task_group.py took 0.110 seconds
[2025-03-10T23:18:32.680+0000] {processor.py:186} INFO - Started process (PID=731) to work on /home/airflow/.local/lib/python3.12/site-packages/airflow/example_dags/example_task_group.py
[2025-03-10T23:18:32.682+0000] {processor.py:914} INFO - Processing file /home/airflow/.local/lib/python3.12/site-packages/airflow/example_dags/example_task_group.py for tasks to queue
[2025-03-10T23:18:32.683+0000] {logging_mixin.py:190} INFO - [2025-03-10T23:18:32.683+0000] {dagbag.py:588} INFO - Filling up the DagBag from /home/airflow/.local/lib/python3.12/site-packages/airflow/example_dags/example_task_group.py
[2025-03-10T23:18:32.695+0000] {processor.py:925} INFO - DAG(s) 'example_task_group' retrieved from /home/airflow/.local/lib/python3.12/site-packages/airflow/example_dags/example_task_group.py
[2025-03-10T23:18:32.732+0000] {logging_mixin.py:190} INFO - [2025-03-10T23:18:32.731+0000] {dag.py:3239} INFO - Sync 1 DAGs
[2025-03-10T23:18:32.759+0000] {logging_mixin.py:190} INFO - [2025-03-10T23:18:32.759+0000] {dag.py:4180} INFO - Setting next_dagrun for example_task_group to None, run_after=None
[2025-03-10T23:18:32.784+0000] {processor.py:208} INFO - Processing /home/airflow/.local/lib/python3.12/site-packages/airflow/example_dags/example_task_group.py took 0.111 seconds
[2025-03-10T23:19:03.228+0000] {processor.py:186} INFO - Started process (PID=794) to work on /home/airflow/.local/lib/python3.12/site-packages/airflow/example_dags/example_task_group.py
[2025-03-10T23:19:03.229+0000] {processor.py:914} INFO - Processing file /home/airflow/.local/lib/python3.12/site-packages/airflow/example_dags/example_task_group.py for tasks to queue
[2025-03-10T23:19:03.231+0000] {logging_mixin.py:190} INFO - [2025-03-10T23:19:03.230+0000] {dagbag.py:588} INFO - Filling up the DagBag from /home/airflow/.local/lib/python3.12/site-packages/airflow/example_dags/example_task_group.py
[2025-03-10T23:19:03.242+0000] {processor.py:925} INFO - DAG(s) 'example_task_group' retrieved from /home/airflow/.local/lib/python3.12/site-packages/airflow/example_dags/example_task_group.py
[2025-03-10T23:19:03.270+0000] {logging_mixin.py:190} INFO - [2025-03-10T23:19:03.270+0000] {dag.py:3239} INFO - Sync 1 DAGs
[2025-03-10T23:19:03.290+0000] {logging_mixin.py:190} INFO - [2025-03-10T23:19:03.289+0000] {dag.py:4180} INFO - Setting next_dagrun for example_task_group to None, run_after=None
[2025-03-10T23:19:03.309+0000] {processor.py:208} INFO - Processing /home/airflow/.local/lib/python3.12/site-packages/airflow/example_dags/example_task_group.py took 0.089 seconds
[2025-03-10T23:27:10.359+0000] {processor.py:186} INFO - Started process (PID=90) to work on /home/airflow/.local/lib/python3.12/site-packages/airflow/example_dags/example_task_group.py
[2025-03-10T23:27:10.360+0000] {processor.py:914} INFO - Processing file /home/airflow/.local/lib/python3.12/site-packages/airflow/example_dags/example_task_group.py for tasks to queue
[2025-03-10T23:27:10.363+0000] {logging_mixin.py:190} INFO - [2025-03-10T23:27:10.363+0000] {dagbag.py:588} INFO - Filling up the DagBag from /home/airflow/.local/lib/python3.12/site-packages/airflow/example_dags/example_task_group.py
[2025-03-10T23:27:10.373+0000] {processor.py:925} INFO - DAG(s) 'example_task_group' retrieved from /home/airflow/.local/lib/python3.12/site-packages/airflow/example_dags/example_task_group.py
[2025-03-10T23:27:10.417+0000] {logging_mixin.py:190} INFO - [2025-03-10T23:27:10.416+0000] {dag.py:3239} INFO - Sync 1 DAGs
[2025-03-10T23:27:10.439+0000] {logging_mixin.py:190} INFO - [2025-03-10T23:27:10.438+0000] {dag.py:4180} INFO - Setting next_dagrun for example_task_group to None, run_after=None
[2025-03-10T23:27:10.462+0000] {processor.py:208} INFO - Processing /home/airflow/.local/lib/python3.12/site-packages/airflow/example_dags/example_task_group.py took 0.109 seconds
[2025-03-10T23:27:41.545+0000] {processor.py:186} INFO - Started process (PID=153) to work on /home/airflow/.local/lib/python3.12/site-packages/airflow/example_dags/example_task_group.py
[2025-03-10T23:27:41.546+0000] {processor.py:914} INFO - Processing file /home/airflow/.local/lib/python3.12/site-packages/airflow/example_dags/example_task_group.py for tasks to queue
[2025-03-10T23:27:41.548+0000] {logging_mixin.py:190} INFO - [2025-03-10T23:27:41.548+0000] {dagbag.py:588} INFO - Filling up the DagBag from /home/airflow/.local/lib/python3.12/site-packages/airflow/example_dags/example_task_group.py
[2025-03-10T23:27:41.558+0000] {processor.py:925} INFO - DAG(s) 'example_task_group' retrieved from /home/airflow/.local/lib/python3.12/site-packages/airflow/example_dags/example_task_group.py
[2025-03-10T23:27:41.587+0000] {logging_mixin.py:190} INFO - [2025-03-10T23:27:41.586+0000] {dag.py:3239} INFO - Sync 1 DAGs
[2025-03-10T23:27:41.604+0000] {logging_mixin.py:190} INFO - [2025-03-10T23:27:41.604+0000] {dag.py:4180} INFO - Setting next_dagrun for example_task_group to None, run_after=None
[2025-03-10T23:27:41.631+0000] {processor.py:208} INFO - Processing /home/airflow/.local/lib/python3.12/site-packages/airflow/example_dags/example_task_group.py took 0.093 seconds
[2025-03-10T23:28:12.076+0000] {processor.py:186} INFO - Started process (PID=216) to work on /home/airflow/.local/lib/python3.12/site-packages/airflow/example_dags/example_task_group.py
[2025-03-10T23:28:12.077+0000] {processor.py:914} INFO - Processing file /home/airflow/.local/lib/python3.12/site-packages/airflow/example_dags/example_task_group.py for tasks to queue
[2025-03-10T23:28:12.079+0000] {logging_mixin.py:190} INFO - [2025-03-10T23:28:12.079+0000] {dagbag.py:588} INFO - Filling up the DagBag from /home/airflow/.local/lib/python3.12/site-packages/airflow/example_dags/example_task_group.py
[2025-03-10T23:28:12.088+0000] {processor.py:925} INFO - DAG(s) 'example_task_group' retrieved from /home/airflow/.local/lib/python3.12/site-packages/airflow/example_dags/example_task_group.py
[2025-03-10T23:28:12.116+0000] {logging_mixin.py:190} INFO - [2025-03-10T23:28:12.116+0000] {dag.py:3239} INFO - Sync 1 DAGs
[2025-03-10T23:28:12.133+0000] {logging_mixin.py:190} INFO - [2025-03-10T23:28:12.133+0000] {dag.py:4180} INFO - Setting next_dagrun for example_task_group to None, run_after=None
[2025-03-10T23:28:12.154+0000] {processor.py:208} INFO - Processing /home/airflow/.local/lib/python3.12/site-packages/airflow/example_dags/example_task_group.py took 0.085 seconds
[2025-03-10T23:28:43.002+0000] {processor.py:186} INFO - Started process (PID=279) to work on /home/airflow/.local/lib/python3.12/site-packages/airflow/example_dags/example_task_group.py
[2025-03-10T23:28:43.003+0000] {processor.py:914} INFO - Processing file /home/airflow/.local/lib/python3.12/site-packages/airflow/example_dags/example_task_group.py for tasks to queue
[2025-03-10T23:28:43.006+0000] {logging_mixin.py:190} INFO - [2025-03-10T23:28:43.005+0000] {dagbag.py:588} INFO - Filling up the DagBag from /home/airflow/.local/lib/python3.12/site-packages/airflow/example_dags/example_task_group.py
[2025-03-10T23:28:43.015+0000] {processor.py:925} INFO - DAG(s) 'example_task_group' retrieved from /home/airflow/.local/lib/python3.12/site-packages/airflow/example_dags/example_task_group.py
[2025-03-10T23:28:43.043+0000] {logging_mixin.py:190} INFO - [2025-03-10T23:28:43.043+0000] {dag.py:3239} INFO - Sync 1 DAGs
[2025-03-10T23:28:43.065+0000] {logging_mixin.py:190} INFO - [2025-03-10T23:28:43.064+0000] {dag.py:4180} INFO - Setting next_dagrun for example_task_group to None, run_after=None
[2025-03-10T23:28:43.089+0000] {processor.py:208} INFO - Processing /home/airflow/.local/lib/python3.12/site-packages/airflow/example_dags/example_task_group.py took 0.095 seconds
[2025-03-10T23:29:14.228+0000] {processor.py:186} INFO - Started process (PID=342) to work on /home/airflow/.local/lib/python3.12/site-packages/airflow/example_dags/example_task_group.py
[2025-03-10T23:29:14.229+0000] {processor.py:914} INFO - Processing file /home/airflow/.local/lib/python3.12/site-packages/airflow/example_dags/example_task_group.py for tasks to queue
[2025-03-10T23:29:14.232+0000] {logging_mixin.py:190} INFO - [2025-03-10T23:29:14.232+0000] {dagbag.py:588} INFO - Filling up the DagBag from /home/airflow/.local/lib/python3.12/site-packages/airflow/example_dags/example_task_group.py
[2025-03-10T23:29:14.242+0000] {processor.py:925} INFO - DAG(s) 'example_task_group' retrieved from /home/airflow/.local/lib/python3.12/site-packages/airflow/example_dags/example_task_group.py
[2025-03-10T23:29:14.266+0000] {logging_mixin.py:190} INFO - [2025-03-10T23:29:14.266+0000] {dag.py:3239} INFO - Sync 1 DAGs
[2025-03-10T23:29:14.284+0000] {logging_mixin.py:190} INFO - [2025-03-10T23:29:14.284+0000] {dag.py:4180} INFO - Setting next_dagrun for example_task_group to None, run_after=None
[2025-03-10T23:29:14.304+0000] {processor.py:208} INFO - Processing /home/airflow/.local/lib/python3.12/site-packages/airflow/example_dags/example_task_group.py took 0.082 seconds
[2025-03-10T23:35:19.724+0000] {processor.py:186} INFO - Started process (PID=110) to work on /home/airflow/.local/lib/python3.12/site-packages/airflow/example_dags/example_task_group.py
[2025-03-10T23:35:19.732+0000] {processor.py:914} INFO - Processing file /home/airflow/.local/lib/python3.12/site-packages/airflow/example_dags/example_task_group.py for tasks to queue
[2025-03-10T23:35:19.745+0000] {logging_mixin.py:190} INFO - [2025-03-10T23:35:19.743+0000] {dagbag.py:588} INFO - Filling up the DagBag from /home/airflow/.local/lib/python3.12/site-packages/airflow/example_dags/example_task_group.py
[2025-03-10T23:35:19.800+0000] {processor.py:925} INFO - DAG(s) 'example_task_group' retrieved from /home/airflow/.local/lib/python3.12/site-packages/airflow/example_dags/example_task_group.py
[2025-03-10T23:35:19.960+0000] {logging_mixin.py:190} INFO - [2025-03-10T23:35:19.958+0000] {dag.py:3239} INFO - Sync 1 DAGs
[2025-03-10T23:35:20.062+0000] {logging_mixin.py:190} INFO - [2025-03-10T23:35:20.061+0000] {dag.py:4180} INFO - Setting next_dagrun for example_task_group to None, run_after=None
[2025-03-10T23:35:20.163+0000] {processor.py:208} INFO - Processing /home/airflow/.local/lib/python3.12/site-packages/airflow/example_dags/example_task_group.py took 0.475 seconds
[2025-03-10T23:35:50.688+0000] {processor.py:186} INFO - Started process (PID=173) to work on /home/airflow/.local/lib/python3.12/site-packages/airflow/example_dags/example_task_group.py
[2025-03-10T23:35:50.689+0000] {processor.py:914} INFO - Processing file /home/airflow/.local/lib/python3.12/site-packages/airflow/example_dags/example_task_group.py for tasks to queue
[2025-03-10T23:35:50.691+0000] {logging_mixin.py:190} INFO - [2025-03-10T23:35:50.691+0000] {dagbag.py:588} INFO - Filling up the DagBag from /home/airflow/.local/lib/python3.12/site-packages/airflow/example_dags/example_task_group.py
[2025-03-10T23:35:50.701+0000] {processor.py:925} INFO - DAG(s) 'example_task_group' retrieved from /home/airflow/.local/lib/python3.12/site-packages/airflow/example_dags/example_task_group.py
[2025-03-10T23:35:50.727+0000] {logging_mixin.py:190} INFO - [2025-03-10T23:35:50.727+0000] {dag.py:3239} INFO - Sync 1 DAGs
[2025-03-10T23:35:50.745+0000] {logging_mixin.py:190} INFO - [2025-03-10T23:35:50.745+0000] {dag.py:4180} INFO - Setting next_dagrun for example_task_group to None, run_after=None
[2025-03-10T23:35:50.766+0000] {processor.py:208} INFO - Processing /home/airflow/.local/lib/python3.12/site-packages/airflow/example_dags/example_task_group.py took 0.085 seconds
[2025-03-10T23:36:20.926+0000] {processor.py:186} INFO - Started process (PID=236) to work on /home/airflow/.local/lib/python3.12/site-packages/airflow/example_dags/example_task_group.py
[2025-03-10T23:36:20.927+0000] {processor.py:914} INFO - Processing file /home/airflow/.local/lib/python3.12/site-packages/airflow/example_dags/example_task_group.py for tasks to queue
[2025-03-10T23:36:20.931+0000] {logging_mixin.py:190} INFO - [2025-03-10T23:36:20.930+0000] {dagbag.py:588} INFO - Filling up the DagBag from /home/airflow/.local/lib/python3.12/site-packages/airflow/example_dags/example_task_group.py
[2025-03-10T23:36:20.942+0000] {processor.py:925} INFO - DAG(s) 'example_task_group' retrieved from /home/airflow/.local/lib/python3.12/site-packages/airflow/example_dags/example_task_group.py
[2025-03-10T23:36:20.970+0000] {logging_mixin.py:190} INFO - [2025-03-10T23:36:20.970+0000] {dag.py:3239} INFO - Sync 1 DAGs
[2025-03-10T23:36:20.989+0000] {logging_mixin.py:190} INFO - [2025-03-10T23:36:20.989+0000] {dag.py:4180} INFO - Setting next_dagrun for example_task_group to None, run_after=None
[2025-03-10T23:36:21.010+0000] {processor.py:208} INFO - Processing /home/airflow/.local/lib/python3.12/site-packages/airflow/example_dags/example_task_group.py took 0.093 seconds
[2025-03-10T23:36:51.152+0000] {processor.py:186} INFO - Started process (PID=299) to work on /home/airflow/.local/lib/python3.12/site-packages/airflow/example_dags/example_task_group.py
[2025-03-10T23:36:51.153+0000] {processor.py:914} INFO - Processing file /home/airflow/.local/lib/python3.12/site-packages/airflow/example_dags/example_task_group.py for tasks to queue
[2025-03-10T23:36:51.155+0000] {logging_mixin.py:190} INFO - [2025-03-10T23:36:51.155+0000] {dagbag.py:588} INFO - Filling up the DagBag from /home/airflow/.local/lib/python3.12/site-packages/airflow/example_dags/example_task_group.py
[2025-03-10T23:36:51.165+0000] {processor.py:925} INFO - DAG(s) 'example_task_group' retrieved from /home/airflow/.local/lib/python3.12/site-packages/airflow/example_dags/example_task_group.py
[2025-03-10T23:36:51.191+0000] {logging_mixin.py:190} INFO - [2025-03-10T23:36:51.191+0000] {dag.py:3239} INFO - Sync 1 DAGs
[2025-03-10T23:36:51.210+0000] {logging_mixin.py:190} INFO - [2025-03-10T23:36:51.209+0000] {dag.py:4180} INFO - Setting next_dagrun for example_task_group to None, run_after=None
[2025-03-10T23:36:51.234+0000] {processor.py:208} INFO - Processing /home/airflow/.local/lib/python3.12/site-packages/airflow/example_dags/example_task_group.py took 0.089 seconds
[2025-03-10T23:37:21.784+0000] {processor.py:186} INFO - Started process (PID=362) to work on /home/airflow/.local/lib/python3.12/site-packages/airflow/example_dags/example_task_group.py
[2025-03-10T23:37:21.785+0000] {processor.py:914} INFO - Processing file /home/airflow/.local/lib/python3.12/site-packages/airflow/example_dags/example_task_group.py for tasks to queue
[2025-03-10T23:37:21.788+0000] {logging_mixin.py:190} INFO - [2025-03-10T23:37:21.788+0000] {dagbag.py:588} INFO - Filling up the DagBag from /home/airflow/.local/lib/python3.12/site-packages/airflow/example_dags/example_task_group.py
[2025-03-10T23:37:21.797+0000] {processor.py:925} INFO - DAG(s) 'example_task_group' retrieved from /home/airflow/.local/lib/python3.12/site-packages/airflow/example_dags/example_task_group.py
[2025-03-10T23:37:21.822+0000] {logging_mixin.py:190} INFO - [2025-03-10T23:37:21.822+0000] {dag.py:3239} INFO - Sync 1 DAGs
[2025-03-10T23:37:21.839+0000] {logging_mixin.py:190} INFO - [2025-03-10T23:37:21.839+0000] {dag.py:4180} INFO - Setting next_dagrun for example_task_group to None, run_after=None
[2025-03-10T23:37:21.859+0000] {processor.py:208} INFO - Processing /home/airflow/.local/lib/python3.12/site-packages/airflow/example_dags/example_task_group.py took 0.081 seconds
