[2025-03-10T20:30:16.760+0000] {processor.py:186} INFO - Started process (PID=130) to work on /home/airflow/.local/lib/python3.12/site-packages/airflow/example_dags/example_branch_labels.py
[2025-03-10T20:30:16.761+0000] {processor.py:914} INFO - Processing file /home/airflow/.local/lib/python3.12/site-packages/airflow/example_dags/example_branch_labels.py for tasks to queue
[2025-03-10T20:30:16.763+0000] {logging_mixin.py:190} INFO - [2025-03-10T20:30:16.763+0000] {dagbag.py:588} INFO - Filling up the DagBag from /home/airflow/.local/lib/python3.12/site-packages/airflow/example_dags/example_branch_labels.py
[2025-03-10T20:30:16.774+0000] {processor.py:925} INFO - DAG(s) 'example_branch_labels' retrieved from /home/airflow/.local/lib/python3.12/site-packages/airflow/example_dags/example_branch_labels.py
[2025-03-10T20:30:16.864+0000] {logging_mixin.py:190} INFO - [2025-03-10T20:30:16.863+0000] {override.py:1912} INFO - Created Permission View: can read on DAG:example_branch_labels
[2025-03-10T20:30:16.877+0000] {logging_mixin.py:190} INFO - [2025-03-10T20:30:16.877+0000] {override.py:1912} INFO - Created Permission View: can edit on DAG:example_branch_labels
[2025-03-10T20:30:16.884+0000] {logging_mixin.py:190} INFO - [2025-03-10T20:30:16.884+0000] {override.py:1912} INFO - Created Permission View: can delete on DAG:example_branch_labels
[2025-03-10T20:30:16.892+0000] {logging_mixin.py:190} INFO - [2025-03-10T20:30:16.891+0000] {override.py:1912} INFO - Created Permission View: menu access on DAG Run:example_branch_labels
[2025-03-10T20:30:16.899+0000] {logging_mixin.py:190} INFO - [2025-03-10T20:30:16.899+0000] {override.py:1912} INFO - Created Permission View: can read on DAG Run:example_branch_labels
[2025-03-10T20:30:16.906+0000] {logging_mixin.py:190} INFO - [2025-03-10T20:30:16.905+0000] {override.py:1912} INFO - Created Permission View: can create on DAG Run:example_branch_labels
[2025-03-10T20:30:16.915+0000] {logging_mixin.py:190} INFO - [2025-03-10T20:30:16.915+0000] {override.py:1912} INFO - Created Permission View: can delete on DAG Run:example_branch_labels
[2025-03-10T20:30:16.915+0000] {logging_mixin.py:190} INFO - [2025-03-10T20:30:16.915+0000] {dag.py:3239} INFO - Sync 1 DAGs
[2025-03-10T20:30:16.933+0000] {logging_mixin.py:190} INFO - [2025-03-10T20:30:16.933+0000] {dag.py:3262} INFO - Creating ORM DAG for example_branch_labels
[2025-03-10T20:30:16.948+0000] {logging_mixin.py:190} INFO - [2025-03-10T20:30:16.948+0000] {dag.py:4180} INFO - Setting next_dagrun for example_branch_labels to 2025-03-09 00:00:00+00:00, run_after=2025-03-10 00:00:00+00:00
[2025-03-10T20:30:16.967+0000] {processor.py:208} INFO - Processing /home/airflow/.local/lib/python3.12/site-packages/airflow/example_dags/example_branch_labels.py took 0.214 seconds
[2025-03-10T20:30:47.618+0000] {processor.py:186} INFO - Started process (PID=193) to work on /home/airflow/.local/lib/python3.12/site-packages/airflow/example_dags/example_branch_labels.py
[2025-03-10T20:30:47.619+0000] {processor.py:914} INFO - Processing file /home/airflow/.local/lib/python3.12/site-packages/airflow/example_dags/example_branch_labels.py for tasks to queue
[2025-03-10T20:30:47.622+0000] {logging_mixin.py:190} INFO - [2025-03-10T20:30:47.621+0000] {dagbag.py:588} INFO - Filling up the DagBag from /home/airflow/.local/lib/python3.12/site-packages/airflow/example_dags/example_branch_labels.py
[2025-03-10T20:30:47.631+0000] {processor.py:925} INFO - DAG(s) 'example_branch_labels' retrieved from /home/airflow/.local/lib/python3.12/site-packages/airflow/example_dags/example_branch_labels.py
[2025-03-10T20:30:47.658+0000] {logging_mixin.py:190} INFO - [2025-03-10T20:30:47.657+0000] {dag.py:3239} INFO - Sync 1 DAGs
[2025-03-10T20:30:47.689+0000] {logging_mixin.py:190} INFO - [2025-03-10T20:30:47.689+0000] {dag.py:4180} INFO - Setting next_dagrun for example_branch_labels to 2025-03-09 00:00:00+00:00, run_after=2025-03-10 00:00:00+00:00
[2025-03-10T20:30:47.713+0000] {processor.py:208} INFO - Processing /home/airflow/.local/lib/python3.12/site-packages/airflow/example_dags/example_branch_labels.py took 0.101 seconds
[2025-03-10T20:31:21.662+0000] {processor.py:186} INFO - Started process (PID=256) to work on /home/airflow/.local/lib/python3.12/site-packages/airflow/example_dags/example_branch_labels.py
[2025-03-10T20:31:21.665+0000] {processor.py:914} INFO - Processing file /home/airflow/.local/lib/python3.12/site-packages/airflow/example_dags/example_branch_labels.py for tasks to queue
[2025-03-10T20:31:21.674+0000] {logging_mixin.py:190} INFO - [2025-03-10T20:31:21.673+0000] {dagbag.py:588} INFO - Filling up the DagBag from /home/airflow/.local/lib/python3.12/site-packages/airflow/example_dags/example_branch_labels.py
[2025-03-10T20:31:21.714+0000] {processor.py:925} INFO - DAG(s) 'example_branch_labels' retrieved from /home/airflow/.local/lib/python3.12/site-packages/airflow/example_dags/example_branch_labels.py
[2025-03-10T20:31:21.818+0000] {logging_mixin.py:190} INFO - [2025-03-10T20:31:21.817+0000] {dag.py:3239} INFO - Sync 1 DAGs
[2025-03-10T20:31:21.962+0000] {logging_mixin.py:190} INFO - [2025-03-10T20:31:21.961+0000] {dag.py:4180} INFO - Setting next_dagrun for example_branch_labels to 2025-03-09 00:00:00+00:00, run_after=2025-03-10 00:00:00+00:00
[2025-03-10T20:31:22.103+0000] {processor.py:208} INFO - Processing /home/airflow/.local/lib/python3.12/site-packages/airflow/example_dags/example_branch_labels.py took 0.477 seconds
[2025-03-10T20:31:52.571+0000] {processor.py:186} INFO - Started process (PID=319) to work on /home/airflow/.local/lib/python3.12/site-packages/airflow/example_dags/example_branch_labels.py
[2025-03-10T20:31:52.572+0000] {processor.py:914} INFO - Processing file /home/airflow/.local/lib/python3.12/site-packages/airflow/example_dags/example_branch_labels.py for tasks to queue
[2025-03-10T20:31:52.575+0000] {logging_mixin.py:190} INFO - [2025-03-10T20:31:52.575+0000] {dagbag.py:588} INFO - Filling up the DagBag from /home/airflow/.local/lib/python3.12/site-packages/airflow/example_dags/example_branch_labels.py
[2025-03-10T20:31:52.586+0000] {processor.py:925} INFO - DAG(s) 'example_branch_labels' retrieved from /home/airflow/.local/lib/python3.12/site-packages/airflow/example_dags/example_branch_labels.py
[2025-03-10T20:31:52.613+0000] {logging_mixin.py:190} INFO - [2025-03-10T20:31:52.613+0000] {dag.py:3239} INFO - Sync 1 DAGs
[2025-03-10T20:31:52.644+0000] {logging_mixin.py:190} INFO - [2025-03-10T20:31:52.643+0000] {dag.py:4180} INFO - Setting next_dagrun for example_branch_labels to 2025-03-09 00:00:00+00:00, run_after=2025-03-10 00:00:00+00:00
[2025-03-10T20:31:52.666+0000] {processor.py:208} INFO - Processing /home/airflow/.local/lib/python3.12/site-packages/airflow/example_dags/example_branch_labels.py took 0.102 seconds
[2025-03-10T20:32:23.317+0000] {processor.py:186} INFO - Started process (PID=382) to work on /home/airflow/.local/lib/python3.12/site-packages/airflow/example_dags/example_branch_labels.py
[2025-03-10T20:32:23.318+0000] {processor.py:914} INFO - Processing file /home/airflow/.local/lib/python3.12/site-packages/airflow/example_dags/example_branch_labels.py for tasks to queue
[2025-03-10T20:32:23.321+0000] {logging_mixin.py:190} INFO - [2025-03-10T20:32:23.320+0000] {dagbag.py:588} INFO - Filling up the DagBag from /home/airflow/.local/lib/python3.12/site-packages/airflow/example_dags/example_branch_labels.py
[2025-03-10T20:32:23.331+0000] {processor.py:925} INFO - DAG(s) 'example_branch_labels' retrieved from /home/airflow/.local/lib/python3.12/site-packages/airflow/example_dags/example_branch_labels.py
[2025-03-10T20:32:23.369+0000] {logging_mixin.py:190} INFO - [2025-03-10T20:32:23.369+0000] {dag.py:3239} INFO - Sync 1 DAGs
[2025-03-10T20:32:23.401+0000] {logging_mixin.py:190} INFO - [2025-03-10T20:32:23.400+0000] {dag.py:4180} INFO - Setting next_dagrun for example_branch_labels to 2025-03-09 00:00:00+00:00, run_after=2025-03-10 00:00:00+00:00
[2025-03-10T20:32:23.420+0000] {processor.py:208} INFO - Processing /home/airflow/.local/lib/python3.12/site-packages/airflow/example_dags/example_branch_labels.py took 0.111 seconds
[2025-03-10T20:32:53.765+0000] {processor.py:186} INFO - Started process (PID=444) to work on /home/airflow/.local/lib/python3.12/site-packages/airflow/example_dags/example_branch_labels.py
[2025-03-10T20:32:53.766+0000] {processor.py:914} INFO - Processing file /home/airflow/.local/lib/python3.12/site-packages/airflow/example_dags/example_branch_labels.py for tasks to queue
[2025-03-10T20:32:53.769+0000] {logging_mixin.py:190} INFO - [2025-03-10T20:32:53.769+0000] {dagbag.py:588} INFO - Filling up the DagBag from /home/airflow/.local/lib/python3.12/site-packages/airflow/example_dags/example_branch_labels.py
[2025-03-10T20:32:53.780+0000] {processor.py:925} INFO - DAG(s) 'example_branch_labels' retrieved from /home/airflow/.local/lib/python3.12/site-packages/airflow/example_dags/example_branch_labels.py
[2025-03-10T20:32:53.807+0000] {logging_mixin.py:190} INFO - [2025-03-10T20:32:53.807+0000] {dag.py:3239} INFO - Sync 1 DAGs
[2025-03-10T20:32:53.836+0000] {logging_mixin.py:190} INFO - [2025-03-10T20:32:53.835+0000] {dag.py:4180} INFO - Setting next_dagrun for example_branch_labels to 2025-03-09 00:00:00+00:00, run_after=2025-03-10 00:00:00+00:00
[2025-03-10T20:32:53.854+0000] {processor.py:208} INFO - Processing /home/airflow/.local/lib/python3.12/site-packages/airflow/example_dags/example_branch_labels.py took 0.097 seconds
[2025-03-10T20:33:23.941+0000] {processor.py:186} INFO - Started process (PID=507) to work on /home/airflow/.local/lib/python3.12/site-packages/airflow/example_dags/example_branch_labels.py
[2025-03-10T20:33:23.942+0000] {processor.py:914} INFO - Processing file /home/airflow/.local/lib/python3.12/site-packages/airflow/example_dags/example_branch_labels.py for tasks to queue
[2025-03-10T20:33:23.945+0000] {logging_mixin.py:190} INFO - [2025-03-10T20:33:23.945+0000] {dagbag.py:588} INFO - Filling up the DagBag from /home/airflow/.local/lib/python3.12/site-packages/airflow/example_dags/example_branch_labels.py
[2025-03-10T20:33:23.955+0000] {processor.py:925} INFO - DAG(s) 'example_branch_labels' retrieved from /home/airflow/.local/lib/python3.12/site-packages/airflow/example_dags/example_branch_labels.py
[2025-03-10T20:33:23.983+0000] {logging_mixin.py:190} INFO - [2025-03-10T20:33:23.983+0000] {dag.py:3239} INFO - Sync 1 DAGs
[2025-03-10T20:33:24.013+0000] {logging_mixin.py:190} INFO - [2025-03-10T20:33:24.013+0000] {dag.py:4180} INFO - Setting next_dagrun for example_branch_labels to 2025-03-09 00:00:00+00:00, run_after=2025-03-10 00:00:00+00:00
[2025-03-10T20:33:24.034+0000] {processor.py:208} INFO - Processing /home/airflow/.local/lib/python3.12/site-packages/airflow/example_dags/example_branch_labels.py took 0.101 seconds
[2025-03-10T20:33:54.406+0000] {processor.py:186} INFO - Started process (PID=570) to work on /home/airflow/.local/lib/python3.12/site-packages/airflow/example_dags/example_branch_labels.py
[2025-03-10T20:33:54.407+0000] {processor.py:914} INFO - Processing file /home/airflow/.local/lib/python3.12/site-packages/airflow/example_dags/example_branch_labels.py for tasks to queue
[2025-03-10T20:33:54.410+0000] {logging_mixin.py:190} INFO - [2025-03-10T20:33:54.410+0000] {dagbag.py:588} INFO - Filling up the DagBag from /home/airflow/.local/lib/python3.12/site-packages/airflow/example_dags/example_branch_labels.py
[2025-03-10T20:33:54.421+0000] {processor.py:925} INFO - DAG(s) 'example_branch_labels' retrieved from /home/airflow/.local/lib/python3.12/site-packages/airflow/example_dags/example_branch_labels.py
[2025-03-10T20:33:54.450+0000] {logging_mixin.py:190} INFO - [2025-03-10T20:33:54.449+0000] {dag.py:3239} INFO - Sync 1 DAGs
[2025-03-10T20:33:54.480+0000] {logging_mixin.py:190} INFO - [2025-03-10T20:33:54.479+0000] {dag.py:4180} INFO - Setting next_dagrun for example_branch_labels to 2025-03-09 00:00:00+00:00, run_after=2025-03-10 00:00:00+00:00
[2025-03-10T20:33:54.499+0000] {processor.py:208} INFO - Processing /home/airflow/.local/lib/python3.12/site-packages/airflow/example_dags/example_branch_labels.py took 0.102 seconds
[2025-03-10T20:34:24.666+0000] {processor.py:186} INFO - Started process (PID=633) to work on /home/airflow/.local/lib/python3.12/site-packages/airflow/example_dags/example_branch_labels.py
[2025-03-10T20:34:24.667+0000] {processor.py:914} INFO - Processing file /home/airflow/.local/lib/python3.12/site-packages/airflow/example_dags/example_branch_labels.py for tasks to queue
[2025-03-10T20:34:24.670+0000] {logging_mixin.py:190} INFO - [2025-03-10T20:34:24.670+0000] {dagbag.py:588} INFO - Filling up the DagBag from /home/airflow/.local/lib/python3.12/site-packages/airflow/example_dags/example_branch_labels.py
[2025-03-10T20:34:24.681+0000] {processor.py:925} INFO - DAG(s) 'example_branch_labels' retrieved from /home/airflow/.local/lib/python3.12/site-packages/airflow/example_dags/example_branch_labels.py
[2025-03-10T20:34:24.710+0000] {logging_mixin.py:190} INFO - [2025-03-10T20:34:24.709+0000] {dag.py:3239} INFO - Sync 1 DAGs
[2025-03-10T20:34:24.741+0000] {logging_mixin.py:190} INFO - [2025-03-10T20:34:24.741+0000] {dag.py:4180} INFO - Setting next_dagrun for example_branch_labels to 2025-03-09 00:00:00+00:00, run_after=2025-03-10 00:00:00+00:00
[2025-03-10T20:34:24.763+0000] {processor.py:208} INFO - Processing /home/airflow/.local/lib/python3.12/site-packages/airflow/example_dags/example_branch_labels.py took 0.106 seconds
[2025-03-10T20:34:55.064+0000] {processor.py:186} INFO - Started process (PID=696) to work on /home/airflow/.local/lib/python3.12/site-packages/airflow/example_dags/example_branch_labels.py
[2025-03-10T20:34:55.065+0000] {processor.py:914} INFO - Processing file /home/airflow/.local/lib/python3.12/site-packages/airflow/example_dags/example_branch_labels.py for tasks to queue
[2025-03-10T20:34:55.068+0000] {logging_mixin.py:190} INFO - [2025-03-10T20:34:55.068+0000] {dagbag.py:588} INFO - Filling up the DagBag from /home/airflow/.local/lib/python3.12/site-packages/airflow/example_dags/example_branch_labels.py
[2025-03-10T20:34:55.079+0000] {processor.py:925} INFO - DAG(s) 'example_branch_labels' retrieved from /home/airflow/.local/lib/python3.12/site-packages/airflow/example_dags/example_branch_labels.py
[2025-03-10T20:34:55.106+0000] {logging_mixin.py:190} INFO - [2025-03-10T20:34:55.105+0000] {dag.py:3239} INFO - Sync 1 DAGs
[2025-03-10T20:34:55.134+0000] {logging_mixin.py:190} INFO - [2025-03-10T20:34:55.134+0000] {dag.py:4180} INFO - Setting next_dagrun for example_branch_labels to 2025-03-09 00:00:00+00:00, run_after=2025-03-10 00:00:00+00:00
[2025-03-10T20:34:55.155+0000] {processor.py:208} INFO - Processing /home/airflow/.local/lib/python3.12/site-packages/airflow/example_dags/example_branch_labels.py took 0.100 seconds
[2025-03-10T20:35:25.295+0000] {processor.py:186} INFO - Started process (PID=759) to work on /home/airflow/.local/lib/python3.12/site-packages/airflow/example_dags/example_branch_labels.py
[2025-03-10T20:35:25.296+0000] {processor.py:914} INFO - Processing file /home/airflow/.local/lib/python3.12/site-packages/airflow/example_dags/example_branch_labels.py for tasks to queue
[2025-03-10T20:35:25.299+0000] {logging_mixin.py:190} INFO - [2025-03-10T20:35:25.298+0000] {dagbag.py:588} INFO - Filling up the DagBag from /home/airflow/.local/lib/python3.12/site-packages/airflow/example_dags/example_branch_labels.py
[2025-03-10T20:35:25.308+0000] {processor.py:925} INFO - DAG(s) 'example_branch_labels' retrieved from /home/airflow/.local/lib/python3.12/site-packages/airflow/example_dags/example_branch_labels.py
[2025-03-10T20:35:25.332+0000] {logging_mixin.py:190} INFO - [2025-03-10T20:35:25.332+0000] {dag.py:3239} INFO - Sync 1 DAGs
[2025-03-10T20:35:25.361+0000] {logging_mixin.py:190} INFO - [2025-03-10T20:35:25.361+0000] {dag.py:4180} INFO - Setting next_dagrun for example_branch_labels to 2025-03-09 00:00:00+00:00, run_after=2025-03-10 00:00:00+00:00
[2025-03-10T20:35:25.380+0000] {processor.py:208} INFO - Processing /home/airflow/.local/lib/python3.12/site-packages/airflow/example_dags/example_branch_labels.py took 0.091 seconds
[2025-03-10T20:35:55.686+0000] {processor.py:186} INFO - Started process (PID=822) to work on /home/airflow/.local/lib/python3.12/site-packages/airflow/example_dags/example_branch_labels.py
[2025-03-10T20:35:55.687+0000] {processor.py:914} INFO - Processing file /home/airflow/.local/lib/python3.12/site-packages/airflow/example_dags/example_branch_labels.py for tasks to queue
[2025-03-10T20:35:55.690+0000] {logging_mixin.py:190} INFO - [2025-03-10T20:35:55.690+0000] {dagbag.py:588} INFO - Filling up the DagBag from /home/airflow/.local/lib/python3.12/site-packages/airflow/example_dags/example_branch_labels.py
[2025-03-10T20:35:55.701+0000] {processor.py:925} INFO - DAG(s) 'example_branch_labels' retrieved from /home/airflow/.local/lib/python3.12/site-packages/airflow/example_dags/example_branch_labels.py
[2025-03-10T20:35:55.728+0000] {logging_mixin.py:190} INFO - [2025-03-10T20:35:55.727+0000] {dag.py:3239} INFO - Sync 1 DAGs
[2025-03-10T20:35:55.759+0000] {logging_mixin.py:190} INFO - [2025-03-10T20:35:55.758+0000] {dag.py:4180} INFO - Setting next_dagrun for example_branch_labels to 2025-03-09 00:00:00+00:00, run_after=2025-03-10 00:00:00+00:00
[2025-03-10T20:35:55.780+0000] {processor.py:208} INFO - Processing /home/airflow/.local/lib/python3.12/site-packages/airflow/example_dags/example_branch_labels.py took 0.101 seconds
[2025-03-10T20:36:25.926+0000] {processor.py:186} INFO - Started process (PID=885) to work on /home/airflow/.local/lib/python3.12/site-packages/airflow/example_dags/example_branch_labels.py
[2025-03-10T20:36:25.926+0000] {processor.py:914} INFO - Processing file /home/airflow/.local/lib/python3.12/site-packages/airflow/example_dags/example_branch_labels.py for tasks to queue
[2025-03-10T20:36:25.930+0000] {logging_mixin.py:190} INFO - [2025-03-10T20:36:25.929+0000] {dagbag.py:588} INFO - Filling up the DagBag from /home/airflow/.local/lib/python3.12/site-packages/airflow/example_dags/example_branch_labels.py
[2025-03-10T20:36:25.940+0000] {processor.py:925} INFO - DAG(s) 'example_branch_labels' retrieved from /home/airflow/.local/lib/python3.12/site-packages/airflow/example_dags/example_branch_labels.py
[2025-03-10T20:36:25.968+0000] {logging_mixin.py:190} INFO - [2025-03-10T20:36:25.968+0000] {dag.py:3239} INFO - Sync 1 DAGs
[2025-03-10T20:36:25.999+0000] {logging_mixin.py:190} INFO - [2025-03-10T20:36:25.999+0000] {dag.py:4180} INFO - Setting next_dagrun for example_branch_labels to 2025-03-09 00:00:00+00:00, run_after=2025-03-10 00:00:00+00:00
[2025-03-10T20:36:26.022+0000] {processor.py:208} INFO - Processing /home/airflow/.local/lib/python3.12/site-packages/airflow/example_dags/example_branch_labels.py took 0.105 seconds
[2025-03-10T20:36:56.526+0000] {processor.py:186} INFO - Started process (PID=948) to work on /home/airflow/.local/lib/python3.12/site-packages/airflow/example_dags/example_branch_labels.py
[2025-03-10T20:36:56.527+0000] {processor.py:914} INFO - Processing file /home/airflow/.local/lib/python3.12/site-packages/airflow/example_dags/example_branch_labels.py for tasks to queue
[2025-03-10T20:36:56.530+0000] {logging_mixin.py:190} INFO - [2025-03-10T20:36:56.530+0000] {dagbag.py:588} INFO - Filling up the DagBag from /home/airflow/.local/lib/python3.12/site-packages/airflow/example_dags/example_branch_labels.py
[2025-03-10T20:36:56.542+0000] {processor.py:925} INFO - DAG(s) 'example_branch_labels' retrieved from /home/airflow/.local/lib/python3.12/site-packages/airflow/example_dags/example_branch_labels.py
[2025-03-10T20:36:56.569+0000] {logging_mixin.py:190} INFO - [2025-03-10T20:36:56.569+0000] {dag.py:3239} INFO - Sync 1 DAGs
[2025-03-10T20:36:56.599+0000] {logging_mixin.py:190} INFO - [2025-03-10T20:36:56.599+0000] {dag.py:4180} INFO - Setting next_dagrun for example_branch_labels to 2025-03-09 00:00:00+00:00, run_after=2025-03-10 00:00:00+00:00
[2025-03-10T20:36:56.620+0000] {processor.py:208} INFO - Processing /home/airflow/.local/lib/python3.12/site-packages/airflow/example_dags/example_branch_labels.py took 0.103 seconds
[2025-03-10T20:37:26.846+0000] {processor.py:186} INFO - Started process (PID=1012) to work on /home/airflow/.local/lib/python3.12/site-packages/airflow/example_dags/example_branch_labels.py
[2025-03-10T20:37:26.847+0000] {processor.py:914} INFO - Processing file /home/airflow/.local/lib/python3.12/site-packages/airflow/example_dags/example_branch_labels.py for tasks to queue
[2025-03-10T20:37:26.850+0000] {logging_mixin.py:190} INFO - [2025-03-10T20:37:26.849+0000] {dagbag.py:588} INFO - Filling up the DagBag from /home/airflow/.local/lib/python3.12/site-packages/airflow/example_dags/example_branch_labels.py
[2025-03-10T20:37:26.860+0000] {processor.py:925} INFO - DAG(s) 'example_branch_labels' retrieved from /home/airflow/.local/lib/python3.12/site-packages/airflow/example_dags/example_branch_labels.py
[2025-03-10T20:37:26.888+0000] {logging_mixin.py:190} INFO - [2025-03-10T20:37:26.887+0000] {dag.py:3239} INFO - Sync 1 DAGs
[2025-03-10T20:37:26.919+0000] {logging_mixin.py:190} INFO - [2025-03-10T20:37:26.918+0000] {dag.py:4180} INFO - Setting next_dagrun for example_branch_labels to 2025-03-09 00:00:00+00:00, run_after=2025-03-10 00:00:00+00:00
[2025-03-10T20:37:26.941+0000] {processor.py:208} INFO - Processing /home/airflow/.local/lib/python3.12/site-packages/airflow/example_dags/example_branch_labels.py took 0.104 seconds
[2025-03-10T20:37:57.524+0000] {processor.py:186} INFO - Started process (PID=1075) to work on /home/airflow/.local/lib/python3.12/site-packages/airflow/example_dags/example_branch_labels.py
[2025-03-10T20:37:57.525+0000] {processor.py:914} INFO - Processing file /home/airflow/.local/lib/python3.12/site-packages/airflow/example_dags/example_branch_labels.py for tasks to queue
[2025-03-10T20:37:57.528+0000] {logging_mixin.py:190} INFO - [2025-03-10T20:37:57.527+0000] {dagbag.py:588} INFO - Filling up the DagBag from /home/airflow/.local/lib/python3.12/site-packages/airflow/example_dags/example_branch_labels.py
[2025-03-10T20:37:57.537+0000] {processor.py:925} INFO - DAG(s) 'example_branch_labels' retrieved from /home/airflow/.local/lib/python3.12/site-packages/airflow/example_dags/example_branch_labels.py
[2025-03-10T20:37:57.563+0000] {logging_mixin.py:190} INFO - [2025-03-10T20:37:57.562+0000] {dag.py:3239} INFO - Sync 1 DAGs
[2025-03-10T20:37:57.593+0000] {logging_mixin.py:190} INFO - [2025-03-10T20:37:57.592+0000] {dag.py:4180} INFO - Setting next_dagrun for example_branch_labels to 2025-03-09 00:00:00+00:00, run_after=2025-03-10 00:00:00+00:00
[2025-03-10T20:37:57.613+0000] {processor.py:208} INFO - Processing /home/airflow/.local/lib/python3.12/site-packages/airflow/example_dags/example_branch_labels.py took 0.096 seconds
[2025-03-10T20:38:27.967+0000] {processor.py:186} INFO - Started process (PID=1138) to work on /home/airflow/.local/lib/python3.12/site-packages/airflow/example_dags/example_branch_labels.py
[2025-03-10T20:38:27.968+0000] {processor.py:914} INFO - Processing file /home/airflow/.local/lib/python3.12/site-packages/airflow/example_dags/example_branch_labels.py for tasks to queue
[2025-03-10T20:38:27.971+0000] {logging_mixin.py:190} INFO - [2025-03-10T20:38:27.970+0000] {dagbag.py:588} INFO - Filling up the DagBag from /home/airflow/.local/lib/python3.12/site-packages/airflow/example_dags/example_branch_labels.py
[2025-03-10T20:38:27.981+0000] {processor.py:925} INFO - DAG(s) 'example_branch_labels' retrieved from /home/airflow/.local/lib/python3.12/site-packages/airflow/example_dags/example_branch_labels.py
[2025-03-10T20:38:28.008+0000] {logging_mixin.py:190} INFO - [2025-03-10T20:38:28.008+0000] {dag.py:3239} INFO - Sync 1 DAGs
[2025-03-10T20:38:28.039+0000] {logging_mixin.py:190} INFO - [2025-03-10T20:38:28.038+0000] {dag.py:4180} INFO - Setting next_dagrun for example_branch_labels to 2025-03-09 00:00:00+00:00, run_after=2025-03-10 00:00:00+00:00
[2025-03-10T20:38:28.060+0000] {processor.py:208} INFO - Processing /home/airflow/.local/lib/python3.12/site-packages/airflow/example_dags/example_branch_labels.py took 0.100 seconds
[2025-03-10T20:38:58.619+0000] {processor.py:186} INFO - Started process (PID=1201) to work on /home/airflow/.local/lib/python3.12/site-packages/airflow/example_dags/example_branch_labels.py
[2025-03-10T20:38:58.620+0000] {processor.py:914} INFO - Processing file /home/airflow/.local/lib/python3.12/site-packages/airflow/example_dags/example_branch_labels.py for tasks to queue
[2025-03-10T20:38:58.623+0000] {logging_mixin.py:190} INFO - [2025-03-10T20:38:58.622+0000] {dagbag.py:588} INFO - Filling up the DagBag from /home/airflow/.local/lib/python3.12/site-packages/airflow/example_dags/example_branch_labels.py
[2025-03-10T20:38:58.634+0000] {processor.py:925} INFO - DAG(s) 'example_branch_labels' retrieved from /home/airflow/.local/lib/python3.12/site-packages/airflow/example_dags/example_branch_labels.py
[2025-03-10T20:38:58.660+0000] {logging_mixin.py:190} INFO - [2025-03-10T20:38:58.660+0000] {dag.py:3239} INFO - Sync 1 DAGs
[2025-03-10T20:38:58.691+0000] {logging_mixin.py:190} INFO - [2025-03-10T20:38:58.690+0000] {dag.py:4180} INFO - Setting next_dagrun for example_branch_labels to 2025-03-09 00:00:00+00:00, run_after=2025-03-10 00:00:00+00:00
[2025-03-10T20:38:58.710+0000] {processor.py:208} INFO - Processing /home/airflow/.local/lib/python3.12/site-packages/airflow/example_dags/example_branch_labels.py took 0.098 seconds
[2025-03-10T20:39:29.317+0000] {processor.py:186} INFO - Started process (PID=1264) to work on /home/airflow/.local/lib/python3.12/site-packages/airflow/example_dags/example_branch_labels.py
[2025-03-10T20:39:29.318+0000] {processor.py:914} INFO - Processing file /home/airflow/.local/lib/python3.12/site-packages/airflow/example_dags/example_branch_labels.py for tasks to queue
[2025-03-10T20:39:29.321+0000] {logging_mixin.py:190} INFO - [2025-03-10T20:39:29.320+0000] {dagbag.py:588} INFO - Filling up the DagBag from /home/airflow/.local/lib/python3.12/site-packages/airflow/example_dags/example_branch_labels.py
[2025-03-10T20:39:29.331+0000] {processor.py:925} INFO - DAG(s) 'example_branch_labels' retrieved from /home/airflow/.local/lib/python3.12/site-packages/airflow/example_dags/example_branch_labels.py
[2025-03-10T20:39:29.356+0000] {logging_mixin.py:190} INFO - [2025-03-10T20:39:29.356+0000] {dag.py:3239} INFO - Sync 1 DAGs
[2025-03-10T20:39:29.386+0000] {logging_mixin.py:190} INFO - [2025-03-10T20:39:29.386+0000] {dag.py:4180} INFO - Setting next_dagrun for example_branch_labels to 2025-03-09 00:00:00+00:00, run_after=2025-03-10 00:00:00+00:00
[2025-03-10T20:39:29.408+0000] {processor.py:208} INFO - Processing /home/airflow/.local/lib/python3.12/site-packages/airflow/example_dags/example_branch_labels.py took 0.099 seconds
[2025-03-10T20:40:00.013+0000] {processor.py:186} INFO - Started process (PID=1327) to work on /home/airflow/.local/lib/python3.12/site-packages/airflow/example_dags/example_branch_labels.py
[2025-03-10T20:40:00.014+0000] {processor.py:914} INFO - Processing file /home/airflow/.local/lib/python3.12/site-packages/airflow/example_dags/example_branch_labels.py for tasks to queue
[2025-03-10T20:40:00.017+0000] {logging_mixin.py:190} INFO - [2025-03-10T20:40:00.017+0000] {dagbag.py:588} INFO - Filling up the DagBag from /home/airflow/.local/lib/python3.12/site-packages/airflow/example_dags/example_branch_labels.py
[2025-03-10T20:40:00.027+0000] {processor.py:925} INFO - DAG(s) 'example_branch_labels' retrieved from /home/airflow/.local/lib/python3.12/site-packages/airflow/example_dags/example_branch_labels.py
[2025-03-10T20:40:00.052+0000] {logging_mixin.py:190} INFO - [2025-03-10T20:40:00.052+0000] {dag.py:3239} INFO - Sync 1 DAGs
[2025-03-10T20:40:00.081+0000] {logging_mixin.py:190} INFO - [2025-03-10T20:40:00.081+0000] {dag.py:4180} INFO - Setting next_dagrun for example_branch_labels to 2025-03-09 00:00:00+00:00, run_after=2025-03-10 00:00:00+00:00
[2025-03-10T20:40:00.100+0000] {processor.py:208} INFO - Processing /home/airflow/.local/lib/python3.12/site-packages/airflow/example_dags/example_branch_labels.py took 0.094 seconds
[2025-03-10T20:40:30.944+0000] {processor.py:186} INFO - Started process (PID=1390) to work on /home/airflow/.local/lib/python3.12/site-packages/airflow/example_dags/example_branch_labels.py
[2025-03-10T20:40:30.945+0000] {processor.py:914} INFO - Processing file /home/airflow/.local/lib/python3.12/site-packages/airflow/example_dags/example_branch_labels.py for tasks to queue
[2025-03-10T20:40:30.948+0000] {logging_mixin.py:190} INFO - [2025-03-10T20:40:30.948+0000] {dagbag.py:588} INFO - Filling up the DagBag from /home/airflow/.local/lib/python3.12/site-packages/airflow/example_dags/example_branch_labels.py
[2025-03-10T20:40:30.958+0000] {processor.py:925} INFO - DAG(s) 'example_branch_labels' retrieved from /home/airflow/.local/lib/python3.12/site-packages/airflow/example_dags/example_branch_labels.py
[2025-03-10T20:40:30.986+0000] {logging_mixin.py:190} INFO - [2025-03-10T20:40:30.986+0000] {dag.py:3239} INFO - Sync 1 DAGs
[2025-03-10T20:40:31.016+0000] {logging_mixin.py:190} INFO - [2025-03-10T20:40:31.016+0000] {dag.py:4180} INFO - Setting next_dagrun for example_branch_labels to 2025-03-09 00:00:00+00:00, run_after=2025-03-10 00:00:00+00:00
[2025-03-10T20:40:31.035+0000] {processor.py:208} INFO - Processing /home/airflow/.local/lib/python3.12/site-packages/airflow/example_dags/example_branch_labels.py took 0.099 seconds
[2025-03-10T20:41:02.377+0000] {processor.py:186} INFO - Started process (PID=1453) to work on /home/airflow/.local/lib/python3.12/site-packages/airflow/example_dags/example_branch_labels.py
[2025-03-10T20:41:02.378+0000] {processor.py:914} INFO - Processing file /home/airflow/.local/lib/python3.12/site-packages/airflow/example_dags/example_branch_labels.py for tasks to queue
[2025-03-10T20:41:02.380+0000] {logging_mixin.py:190} INFO - [2025-03-10T20:41:02.380+0000] {dagbag.py:588} INFO - Filling up the DagBag from /home/airflow/.local/lib/python3.12/site-packages/airflow/example_dags/example_branch_labels.py
[2025-03-10T20:41:02.389+0000] {processor.py:925} INFO - DAG(s) 'example_branch_labels' retrieved from /home/airflow/.local/lib/python3.12/site-packages/airflow/example_dags/example_branch_labels.py
[2025-03-10T20:41:02.415+0000] {logging_mixin.py:190} INFO - [2025-03-10T20:41:02.415+0000] {dag.py:3239} INFO - Sync 1 DAGs
[2025-03-10T20:41:02.444+0000] {logging_mixin.py:190} INFO - [2025-03-10T20:41:02.444+0000] {dag.py:4180} INFO - Setting next_dagrun for example_branch_labels to 2025-03-09 00:00:00+00:00, run_after=2025-03-10 00:00:00+00:00
[2025-03-10T20:41:02.463+0000] {processor.py:208} INFO - Processing /home/airflow/.local/lib/python3.12/site-packages/airflow/example_dags/example_branch_labels.py took 0.095 seconds
[2025-03-10T20:41:33.246+0000] {processor.py:186} INFO - Started process (PID=1516) to work on /home/airflow/.local/lib/python3.12/site-packages/airflow/example_dags/example_branch_labels.py
[2025-03-10T20:41:33.247+0000] {processor.py:914} INFO - Processing file /home/airflow/.local/lib/python3.12/site-packages/airflow/example_dags/example_branch_labels.py for tasks to queue
[2025-03-10T20:41:33.250+0000] {logging_mixin.py:190} INFO - [2025-03-10T20:41:33.250+0000] {dagbag.py:588} INFO - Filling up the DagBag from /home/airflow/.local/lib/python3.12/site-packages/airflow/example_dags/example_branch_labels.py
[2025-03-10T20:41:33.259+0000] {processor.py:925} INFO - DAG(s) 'example_branch_labels' retrieved from /home/airflow/.local/lib/python3.12/site-packages/airflow/example_dags/example_branch_labels.py
[2025-03-10T20:41:33.285+0000] {logging_mixin.py:190} INFO - [2025-03-10T20:41:33.285+0000] {dag.py:3239} INFO - Sync 1 DAGs
[2025-03-10T20:41:33.315+0000] {logging_mixin.py:190} INFO - [2025-03-10T20:41:33.315+0000] {dag.py:4180} INFO - Setting next_dagrun for example_branch_labels to 2025-03-09 00:00:00+00:00, run_after=2025-03-10 00:00:00+00:00
[2025-03-10T20:41:33.335+0000] {processor.py:208} INFO - Processing /home/airflow/.local/lib/python3.12/site-packages/airflow/example_dags/example_branch_labels.py took 0.095 seconds
[2025-03-10T20:42:03.886+0000] {processor.py:186} INFO - Started process (PID=1579) to work on /home/airflow/.local/lib/python3.12/site-packages/airflow/example_dags/example_branch_labels.py
[2025-03-10T20:42:03.887+0000] {processor.py:914} INFO - Processing file /home/airflow/.local/lib/python3.12/site-packages/airflow/example_dags/example_branch_labels.py for tasks to queue
[2025-03-10T20:42:03.891+0000] {logging_mixin.py:190} INFO - [2025-03-10T20:42:03.890+0000] {dagbag.py:588} INFO - Filling up the DagBag from /home/airflow/.local/lib/python3.12/site-packages/airflow/example_dags/example_branch_labels.py
[2025-03-10T20:42:03.902+0000] {processor.py:925} INFO - DAG(s) 'example_branch_labels' retrieved from /home/airflow/.local/lib/python3.12/site-packages/airflow/example_dags/example_branch_labels.py
[2025-03-10T20:42:03.928+0000] {logging_mixin.py:190} INFO - [2025-03-10T20:42:03.928+0000] {dag.py:3239} INFO - Sync 1 DAGs
[2025-03-10T20:42:03.959+0000] {logging_mixin.py:190} INFO - [2025-03-10T20:42:03.959+0000] {dag.py:4180} INFO - Setting next_dagrun for example_branch_labels to 2025-03-09 00:00:00+00:00, run_after=2025-03-10 00:00:00+00:00
[2025-03-10T20:42:03.975+0000] {processor.py:208} INFO - Processing /home/airflow/.local/lib/python3.12/site-packages/airflow/example_dags/example_branch_labels.py took 0.097 seconds
[2025-03-10T20:42:35.144+0000] {processor.py:186} INFO - Started process (PID=1642) to work on /home/airflow/.local/lib/python3.12/site-packages/airflow/example_dags/example_branch_labels.py
[2025-03-10T20:42:35.145+0000] {processor.py:914} INFO - Processing file /home/airflow/.local/lib/python3.12/site-packages/airflow/example_dags/example_branch_labels.py for tasks to queue
[2025-03-10T20:42:35.148+0000] {logging_mixin.py:190} INFO - [2025-03-10T20:42:35.148+0000] {dagbag.py:588} INFO - Filling up the DagBag from /home/airflow/.local/lib/python3.12/site-packages/airflow/example_dags/example_branch_labels.py
[2025-03-10T20:42:35.160+0000] {processor.py:925} INFO - DAG(s) 'example_branch_labels' retrieved from /home/airflow/.local/lib/python3.12/site-packages/airflow/example_dags/example_branch_labels.py
[2025-03-10T20:42:35.189+0000] {logging_mixin.py:190} INFO - [2025-03-10T20:42:35.189+0000] {dag.py:3239} INFO - Sync 1 DAGs
[2025-03-10T20:42:35.223+0000] {logging_mixin.py:190} INFO - [2025-03-10T20:42:35.223+0000] {dag.py:4180} INFO - Setting next_dagrun for example_branch_labels to 2025-03-09 00:00:00+00:00, run_after=2025-03-10 00:00:00+00:00
[2025-03-10T20:42:35.244+0000] {processor.py:208} INFO - Processing /home/airflow/.local/lib/python3.12/site-packages/airflow/example_dags/example_branch_labels.py took 0.108 seconds
[2025-03-10T20:43:06.296+0000] {processor.py:186} INFO - Started process (PID=1705) to work on /home/airflow/.local/lib/python3.12/site-packages/airflow/example_dags/example_branch_labels.py
[2025-03-10T20:43:06.297+0000] {processor.py:914} INFO - Processing file /home/airflow/.local/lib/python3.12/site-packages/airflow/example_dags/example_branch_labels.py for tasks to queue
[2025-03-10T20:43:06.300+0000] {logging_mixin.py:190} INFO - [2025-03-10T20:43:06.299+0000] {dagbag.py:588} INFO - Filling up the DagBag from /home/airflow/.local/lib/python3.12/site-packages/airflow/example_dags/example_branch_labels.py
[2025-03-10T20:43:06.310+0000] {processor.py:925} INFO - DAG(s) 'example_branch_labels' retrieved from /home/airflow/.local/lib/python3.12/site-packages/airflow/example_dags/example_branch_labels.py
[2025-03-10T20:43:06.336+0000] {logging_mixin.py:190} INFO - [2025-03-10T20:43:06.336+0000] {dag.py:3239} INFO - Sync 1 DAGs
[2025-03-10T20:43:06.367+0000] {logging_mixin.py:190} INFO - [2025-03-10T20:43:06.366+0000] {dag.py:4180} INFO - Setting next_dagrun for example_branch_labels to 2025-03-09 00:00:00+00:00, run_after=2025-03-10 00:00:00+00:00
[2025-03-10T20:43:06.387+0000] {processor.py:208} INFO - Processing /home/airflow/.local/lib/python3.12/site-packages/airflow/example_dags/example_branch_labels.py took 0.098 seconds
[2025-03-10T20:43:36.760+0000] {processor.py:186} INFO - Started process (PID=1768) to work on /home/airflow/.local/lib/python3.12/site-packages/airflow/example_dags/example_branch_labels.py
[2025-03-10T20:43:36.761+0000] {processor.py:914} INFO - Processing file /home/airflow/.local/lib/python3.12/site-packages/airflow/example_dags/example_branch_labels.py for tasks to queue
[2025-03-10T20:43:36.764+0000] {logging_mixin.py:190} INFO - [2025-03-10T20:43:36.763+0000] {dagbag.py:588} INFO - Filling up the DagBag from /home/airflow/.local/lib/python3.12/site-packages/airflow/example_dags/example_branch_labels.py
[2025-03-10T20:43:36.774+0000] {processor.py:925} INFO - DAG(s) 'example_branch_labels' retrieved from /home/airflow/.local/lib/python3.12/site-packages/airflow/example_dags/example_branch_labels.py
[2025-03-10T20:43:36.800+0000] {logging_mixin.py:190} INFO - [2025-03-10T20:43:36.799+0000] {dag.py:3239} INFO - Sync 1 DAGs
[2025-03-10T20:43:36.829+0000] {logging_mixin.py:190} INFO - [2025-03-10T20:43:36.829+0000] {dag.py:4180} INFO - Setting next_dagrun for example_branch_labels to 2025-03-09 00:00:00+00:00, run_after=2025-03-10 00:00:00+00:00
[2025-03-10T20:43:36.850+0000] {processor.py:208} INFO - Processing /home/airflow/.local/lib/python3.12/site-packages/airflow/example_dags/example_branch_labels.py took 0.097 seconds
[2025-03-10T20:44:07.685+0000] {processor.py:186} INFO - Started process (PID=1831) to work on /home/airflow/.local/lib/python3.12/site-packages/airflow/example_dags/example_branch_labels.py
[2025-03-10T20:44:07.686+0000] {processor.py:914} INFO - Processing file /home/airflow/.local/lib/python3.12/site-packages/airflow/example_dags/example_branch_labels.py for tasks to queue
[2025-03-10T20:44:07.688+0000] {logging_mixin.py:190} INFO - [2025-03-10T20:44:07.688+0000] {dagbag.py:588} INFO - Filling up the DagBag from /home/airflow/.local/lib/python3.12/site-packages/airflow/example_dags/example_branch_labels.py
[2025-03-10T20:44:07.699+0000] {processor.py:925} INFO - DAG(s) 'example_branch_labels' retrieved from /home/airflow/.local/lib/python3.12/site-packages/airflow/example_dags/example_branch_labels.py
[2025-03-10T20:44:07.725+0000] {logging_mixin.py:190} INFO - [2025-03-10T20:44:07.725+0000] {dag.py:3239} INFO - Sync 1 DAGs
[2025-03-10T20:44:07.756+0000] {logging_mixin.py:190} INFO - [2025-03-10T20:44:07.755+0000] {dag.py:4180} INFO - Setting next_dagrun for example_branch_labels to 2025-03-09 00:00:00+00:00, run_after=2025-03-10 00:00:00+00:00
[2025-03-10T20:44:07.774+0000] {processor.py:208} INFO - Processing /home/airflow/.local/lib/python3.12/site-packages/airflow/example_dags/example_branch_labels.py took 0.097 seconds
[2025-03-10T20:44:40.965+0000] {processor.py:186} INFO - Started process (PID=1900) to work on /home/airflow/.local/lib/python3.12/site-packages/airflow/example_dags/example_branch_labels.py
[2025-03-10T20:44:40.966+0000] {processor.py:914} INFO - Processing file /home/airflow/.local/lib/python3.12/site-packages/airflow/example_dags/example_branch_labels.py for tasks to queue
[2025-03-10T20:44:40.969+0000] {logging_mixin.py:190} INFO - [2025-03-10T20:44:40.968+0000] {dagbag.py:588} INFO - Filling up the DagBag from /home/airflow/.local/lib/python3.12/site-packages/airflow/example_dags/example_branch_labels.py
[2025-03-10T20:44:40.979+0000] {processor.py:925} INFO - DAG(s) 'example_branch_labels' retrieved from /home/airflow/.local/lib/python3.12/site-packages/airflow/example_dags/example_branch_labels.py
[2025-03-10T20:44:41.008+0000] {logging_mixin.py:190} INFO - [2025-03-10T20:44:41.008+0000] {dag.py:3239} INFO - Sync 1 DAGs
[2025-03-10T20:44:41.040+0000] {logging_mixin.py:190} INFO - [2025-03-10T20:44:41.040+0000] {dag.py:4180} INFO - Setting next_dagrun for example_branch_labels to 2025-03-09 00:00:00+00:00, run_after=2025-03-10 00:00:00+00:00
[2025-03-10T20:44:41.060+0000] {processor.py:208} INFO - Processing /home/airflow/.local/lib/python3.12/site-packages/airflow/example_dags/example_branch_labels.py took 0.102 seconds
[2025-03-10T20:45:11.210+0000] {processor.py:186} INFO - Started process (PID=1963) to work on /home/airflow/.local/lib/python3.12/site-packages/airflow/example_dags/example_branch_labels.py
[2025-03-10T20:45:11.211+0000] {processor.py:914} INFO - Processing file /home/airflow/.local/lib/python3.12/site-packages/airflow/example_dags/example_branch_labels.py for tasks to queue
[2025-03-10T20:45:11.214+0000] {logging_mixin.py:190} INFO - [2025-03-10T20:45:11.213+0000] {dagbag.py:588} INFO - Filling up the DagBag from /home/airflow/.local/lib/python3.12/site-packages/airflow/example_dags/example_branch_labels.py
[2025-03-10T20:45:11.223+0000] {processor.py:925} INFO - DAG(s) 'example_branch_labels' retrieved from /home/airflow/.local/lib/python3.12/site-packages/airflow/example_dags/example_branch_labels.py
[2025-03-10T20:45:11.251+0000] {logging_mixin.py:190} INFO - [2025-03-10T20:45:11.251+0000] {dag.py:3239} INFO - Sync 1 DAGs
[2025-03-10T20:45:11.291+0000] {logging_mixin.py:190} INFO - [2025-03-10T20:45:11.290+0000] {dag.py:4180} INFO - Setting next_dagrun for example_branch_labels to 2025-03-09 00:00:00+00:00, run_after=2025-03-10 00:00:00+00:00
[2025-03-10T20:45:11.555+0000] {processor.py:208} INFO - Processing /home/airflow/.local/lib/python3.12/site-packages/airflow/example_dags/example_branch_labels.py took 0.352 seconds
[2025-03-10T20:45:42.195+0000] {processor.py:186} INFO - Started process (PID=2026) to work on /home/airflow/.local/lib/python3.12/site-packages/airflow/example_dags/example_branch_labels.py
[2025-03-10T20:45:42.196+0000] {processor.py:914} INFO - Processing file /home/airflow/.local/lib/python3.12/site-packages/airflow/example_dags/example_branch_labels.py for tasks to queue
[2025-03-10T20:45:42.199+0000] {logging_mixin.py:190} INFO - [2025-03-10T20:45:42.199+0000] {dagbag.py:588} INFO - Filling up the DagBag from /home/airflow/.local/lib/python3.12/site-packages/airflow/example_dags/example_branch_labels.py
[2025-03-10T20:45:42.210+0000] {processor.py:925} INFO - DAG(s) 'example_branch_labels' retrieved from /home/airflow/.local/lib/python3.12/site-packages/airflow/example_dags/example_branch_labels.py
[2025-03-10T20:45:42.238+0000] {logging_mixin.py:190} INFO - [2025-03-10T20:45:42.237+0000] {dag.py:3239} INFO - Sync 1 DAGs
[2025-03-10T20:45:42.270+0000] {logging_mixin.py:190} INFO - [2025-03-10T20:45:42.269+0000] {dag.py:4180} INFO - Setting next_dagrun for example_branch_labels to 2025-03-09 00:00:00+00:00, run_after=2025-03-10 00:00:00+00:00
[2025-03-10T20:45:42.291+0000] {processor.py:208} INFO - Processing /home/airflow/.local/lib/python3.12/site-packages/airflow/example_dags/example_branch_labels.py took 0.103 seconds
[2025-03-10T20:46:13.722+0000] {processor.py:186} INFO - Started process (PID=2089) to work on /home/airflow/.local/lib/python3.12/site-packages/airflow/example_dags/example_branch_labels.py
[2025-03-10T20:46:13.723+0000] {processor.py:914} INFO - Processing file /home/airflow/.local/lib/python3.12/site-packages/airflow/example_dags/example_branch_labels.py for tasks to queue
[2025-03-10T20:46:13.726+0000] {logging_mixin.py:190} INFO - [2025-03-10T20:46:13.725+0000] {dagbag.py:588} INFO - Filling up the DagBag from /home/airflow/.local/lib/python3.12/site-packages/airflow/example_dags/example_branch_labels.py
[2025-03-10T20:46:13.736+0000] {processor.py:925} INFO - DAG(s) 'example_branch_labels' retrieved from /home/airflow/.local/lib/python3.12/site-packages/airflow/example_dags/example_branch_labels.py
[2025-03-10T20:46:13.763+0000] {logging_mixin.py:190} INFO - [2025-03-10T20:46:13.763+0000] {dag.py:3239} INFO - Sync 1 DAGs
[2025-03-10T20:46:13.794+0000] {logging_mixin.py:190} INFO - [2025-03-10T20:46:13.793+0000] {dag.py:4180} INFO - Setting next_dagrun for example_branch_labels to 2025-03-09 00:00:00+00:00, run_after=2025-03-10 00:00:00+00:00
[2025-03-10T20:46:13.812+0000] {processor.py:208} INFO - Processing /home/airflow/.local/lib/python3.12/site-packages/airflow/example_dags/example_branch_labels.py took 0.097 seconds
[2025-03-10T20:46:45.713+0000] {processor.py:186} INFO - Started process (PID=2152) to work on /home/airflow/.local/lib/python3.12/site-packages/airflow/example_dags/example_branch_labels.py
[2025-03-10T20:46:45.714+0000] {processor.py:914} INFO - Processing file /home/airflow/.local/lib/python3.12/site-packages/airflow/example_dags/example_branch_labels.py for tasks to queue
[2025-03-10T20:46:45.717+0000] {logging_mixin.py:190} INFO - [2025-03-10T20:46:45.716+0000] {dagbag.py:588} INFO - Filling up the DagBag from /home/airflow/.local/lib/python3.12/site-packages/airflow/example_dags/example_branch_labels.py
[2025-03-10T20:46:45.727+0000] {processor.py:925} INFO - DAG(s) 'example_branch_labels' retrieved from /home/airflow/.local/lib/python3.12/site-packages/airflow/example_dags/example_branch_labels.py
[2025-03-10T20:46:46.053+0000] {logging_mixin.py:190} INFO - [2025-03-10T20:46:46.053+0000] {dag.py:3239} INFO - Sync 1 DAGs
[2025-03-10T20:46:46.080+0000] {logging_mixin.py:190} INFO - [2025-03-10T20:46:46.080+0000] {dag.py:4180} INFO - Setting next_dagrun for example_branch_labels to 2025-03-09 00:00:00+00:00, run_after=2025-03-10 00:00:00+00:00
[2025-03-10T20:46:46.100+0000] {processor.py:208} INFO - Processing /home/airflow/.local/lib/python3.12/site-packages/airflow/example_dags/example_branch_labels.py took 0.394 seconds
[2025-03-10T20:47:16.161+0000] {processor.py:186} INFO - Started process (PID=2215) to work on /home/airflow/.local/lib/python3.12/site-packages/airflow/example_dags/example_branch_labels.py
[2025-03-10T20:47:16.162+0000] {processor.py:914} INFO - Processing file /home/airflow/.local/lib/python3.12/site-packages/airflow/example_dags/example_branch_labels.py for tasks to queue
[2025-03-10T20:47:16.165+0000] {logging_mixin.py:190} INFO - [2025-03-10T20:47:16.165+0000] {dagbag.py:588} INFO - Filling up the DagBag from /home/airflow/.local/lib/python3.12/site-packages/airflow/example_dags/example_branch_labels.py
[2025-03-10T20:47:16.176+0000] {processor.py:925} INFO - DAG(s) 'example_branch_labels' retrieved from /home/airflow/.local/lib/python3.12/site-packages/airflow/example_dags/example_branch_labels.py
[2025-03-10T20:47:16.204+0000] {logging_mixin.py:190} INFO - [2025-03-10T20:47:16.203+0000] {dag.py:3239} INFO - Sync 1 DAGs
[2025-03-10T20:47:16.234+0000] {logging_mixin.py:190} INFO - [2025-03-10T20:47:16.234+0000] {dag.py:4180} INFO - Setting next_dagrun for example_branch_labels to 2025-03-09 00:00:00+00:00, run_after=2025-03-10 00:00:00+00:00
[2025-03-10T20:47:16.257+0000] {processor.py:208} INFO - Processing /home/airflow/.local/lib/python3.12/site-packages/airflow/example_dags/example_branch_labels.py took 0.104 seconds
[2025-03-10T20:47:46.855+0000] {processor.py:186} INFO - Started process (PID=2278) to work on /home/airflow/.local/lib/python3.12/site-packages/airflow/example_dags/example_branch_labels.py
[2025-03-10T20:47:46.856+0000] {processor.py:914} INFO - Processing file /home/airflow/.local/lib/python3.12/site-packages/airflow/example_dags/example_branch_labels.py for tasks to queue
[2025-03-10T20:47:46.859+0000] {logging_mixin.py:190} INFO - [2025-03-10T20:47:46.859+0000] {dagbag.py:588} INFO - Filling up the DagBag from /home/airflow/.local/lib/python3.12/site-packages/airflow/example_dags/example_branch_labels.py
[2025-03-10T20:47:46.868+0000] {processor.py:925} INFO - DAG(s) 'example_branch_labels' retrieved from /home/airflow/.local/lib/python3.12/site-packages/airflow/example_dags/example_branch_labels.py
[2025-03-10T20:47:46.894+0000] {logging_mixin.py:190} INFO - [2025-03-10T20:47:46.894+0000] {dag.py:3239} INFO - Sync 1 DAGs
[2025-03-10T20:47:46.925+0000] {logging_mixin.py:190} INFO - [2025-03-10T20:47:46.925+0000] {dag.py:4180} INFO - Setting next_dagrun for example_branch_labels to 2025-03-09 00:00:00+00:00, run_after=2025-03-10 00:00:00+00:00
[2025-03-10T20:47:46.947+0000] {processor.py:208} INFO - Processing /home/airflow/.local/lib/python3.12/site-packages/airflow/example_dags/example_branch_labels.py took 0.098 seconds
[2025-03-10T20:48:17.303+0000] {processor.py:186} INFO - Started process (PID=2341) to work on /home/airflow/.local/lib/python3.12/site-packages/airflow/example_dags/example_branch_labels.py
[2025-03-10T20:48:17.304+0000] {processor.py:914} INFO - Processing file /home/airflow/.local/lib/python3.12/site-packages/airflow/example_dags/example_branch_labels.py for tasks to queue
[2025-03-10T20:48:17.307+0000] {logging_mixin.py:190} INFO - [2025-03-10T20:48:17.306+0000] {dagbag.py:588} INFO - Filling up the DagBag from /home/airflow/.local/lib/python3.12/site-packages/airflow/example_dags/example_branch_labels.py
[2025-03-10T20:48:17.316+0000] {processor.py:925} INFO - DAG(s) 'example_branch_labels' retrieved from /home/airflow/.local/lib/python3.12/site-packages/airflow/example_dags/example_branch_labels.py
[2025-03-10T20:48:17.343+0000] {logging_mixin.py:190} INFO - [2025-03-10T20:48:17.342+0000] {dag.py:3239} INFO - Sync 1 DAGs
[2025-03-10T20:48:17.372+0000] {logging_mixin.py:190} INFO - [2025-03-10T20:48:17.372+0000] {dag.py:4180} INFO - Setting next_dagrun for example_branch_labels to 2025-03-09 00:00:00+00:00, run_after=2025-03-10 00:00:00+00:00
[2025-03-10T20:48:17.394+0000] {processor.py:208} INFO - Processing /home/airflow/.local/lib/python3.12/site-packages/airflow/example_dags/example_branch_labels.py took 0.098 seconds
[2025-03-10T20:48:47.932+0000] {processor.py:186} INFO - Started process (PID=2404) to work on /home/airflow/.local/lib/python3.12/site-packages/airflow/example_dags/example_branch_labels.py
[2025-03-10T20:48:47.933+0000] {processor.py:914} INFO - Processing file /home/airflow/.local/lib/python3.12/site-packages/airflow/example_dags/example_branch_labels.py for tasks to queue
[2025-03-10T20:48:47.936+0000] {logging_mixin.py:190} INFO - [2025-03-10T20:48:47.936+0000] {dagbag.py:588} INFO - Filling up the DagBag from /home/airflow/.local/lib/python3.12/site-packages/airflow/example_dags/example_branch_labels.py
[2025-03-10T20:48:47.946+0000] {processor.py:925} INFO - DAG(s) 'example_branch_labels' retrieved from /home/airflow/.local/lib/python3.12/site-packages/airflow/example_dags/example_branch_labels.py
[2025-03-10T20:48:47.973+0000] {logging_mixin.py:190} INFO - [2025-03-10T20:48:47.973+0000] {dag.py:3239} INFO - Sync 1 DAGs
[2025-03-10T20:48:48.002+0000] {logging_mixin.py:190} INFO - [2025-03-10T20:48:48.002+0000] {dag.py:4180} INFO - Setting next_dagrun for example_branch_labels to 2025-03-09 00:00:00+00:00, run_after=2025-03-10 00:00:00+00:00
[2025-03-10T20:48:48.025+0000] {processor.py:208} INFO - Processing /home/airflow/.local/lib/python3.12/site-packages/airflow/example_dags/example_branch_labels.py took 0.100 seconds
[2025-03-10T20:49:18.437+0000] {processor.py:186} INFO - Started process (PID=2467) to work on /home/airflow/.local/lib/python3.12/site-packages/airflow/example_dags/example_branch_labels.py
[2025-03-10T20:49:18.438+0000] {processor.py:914} INFO - Processing file /home/airflow/.local/lib/python3.12/site-packages/airflow/example_dags/example_branch_labels.py for tasks to queue
[2025-03-10T20:49:18.441+0000] {logging_mixin.py:190} INFO - [2025-03-10T20:49:18.440+0000] {dagbag.py:588} INFO - Filling up the DagBag from /home/airflow/.local/lib/python3.12/site-packages/airflow/example_dags/example_branch_labels.py
[2025-03-10T20:49:18.454+0000] {processor.py:925} INFO - DAG(s) 'example_branch_labels' retrieved from /home/airflow/.local/lib/python3.12/site-packages/airflow/example_dags/example_branch_labels.py
[2025-03-10T20:49:18.482+0000] {logging_mixin.py:190} INFO - [2025-03-10T20:49:18.481+0000] {dag.py:3239} INFO - Sync 1 DAGs
[2025-03-10T20:49:18.511+0000] {logging_mixin.py:190} INFO - [2025-03-10T20:49:18.511+0000] {dag.py:4180} INFO - Setting next_dagrun for example_branch_labels to 2025-03-09 00:00:00+00:00, run_after=2025-03-10 00:00:00+00:00
[2025-03-10T20:49:18.529+0000] {processor.py:208} INFO - Processing /home/airflow/.local/lib/python3.12/site-packages/airflow/example_dags/example_branch_labels.py took 0.099 seconds
[2025-03-10T20:49:48.842+0000] {processor.py:186} INFO - Started process (PID=2530) to work on /home/airflow/.local/lib/python3.12/site-packages/airflow/example_dags/example_branch_labels.py
[2025-03-10T20:49:48.843+0000] {processor.py:914} INFO - Processing file /home/airflow/.local/lib/python3.12/site-packages/airflow/example_dags/example_branch_labels.py for tasks to queue
[2025-03-10T20:49:48.845+0000] {logging_mixin.py:190} INFO - [2025-03-10T20:49:48.845+0000] {dagbag.py:588} INFO - Filling up the DagBag from /home/airflow/.local/lib/python3.12/site-packages/airflow/example_dags/example_branch_labels.py
[2025-03-10T20:49:48.855+0000] {processor.py:925} INFO - DAG(s) 'example_branch_labels' retrieved from /home/airflow/.local/lib/python3.12/site-packages/airflow/example_dags/example_branch_labels.py
[2025-03-10T20:49:48.880+0000] {logging_mixin.py:190} INFO - [2025-03-10T20:49:48.879+0000] {dag.py:3239} INFO - Sync 1 DAGs
[2025-03-10T20:49:48.910+0000] {logging_mixin.py:190} INFO - [2025-03-10T20:49:48.909+0000] {dag.py:4180} INFO - Setting next_dagrun for example_branch_labels to 2025-03-09 00:00:00+00:00, run_after=2025-03-10 00:00:00+00:00
[2025-03-10T20:49:48.929+0000] {processor.py:208} INFO - Processing /home/airflow/.local/lib/python3.12/site-packages/airflow/example_dags/example_branch_labels.py took 0.095 seconds
[2025-03-10T20:50:19.464+0000] {processor.py:186} INFO - Started process (PID=2593) to work on /home/airflow/.local/lib/python3.12/site-packages/airflow/example_dags/example_branch_labels.py
[2025-03-10T20:50:19.465+0000] {processor.py:914} INFO - Processing file /home/airflow/.local/lib/python3.12/site-packages/airflow/example_dags/example_branch_labels.py for tasks to queue
[2025-03-10T20:50:19.467+0000] {logging_mixin.py:190} INFO - [2025-03-10T20:50:19.467+0000] {dagbag.py:588} INFO - Filling up the DagBag from /home/airflow/.local/lib/python3.12/site-packages/airflow/example_dags/example_branch_labels.py
[2025-03-10T20:50:19.477+0000] {processor.py:925} INFO - DAG(s) 'example_branch_labels' retrieved from /home/airflow/.local/lib/python3.12/site-packages/airflow/example_dags/example_branch_labels.py
[2025-03-10T20:50:19.503+0000] {logging_mixin.py:190} INFO - [2025-03-10T20:50:19.503+0000] {dag.py:3239} INFO - Sync 1 DAGs
[2025-03-10T20:50:19.535+0000] {logging_mixin.py:190} INFO - [2025-03-10T20:50:19.534+0000] {dag.py:4180} INFO - Setting next_dagrun for example_branch_labels to 2025-03-09 00:00:00+00:00, run_after=2025-03-10 00:00:00+00:00
[2025-03-10T20:50:19.556+0000] {processor.py:208} INFO - Processing /home/airflow/.local/lib/python3.12/site-packages/airflow/example_dags/example_branch_labels.py took 0.099 seconds
[2025-03-10T23:08:59.814+0000] {processor.py:186} INFO - Started process (PID=126) to work on /home/airflow/.local/lib/python3.12/site-packages/airflow/example_dags/example_branch_labels.py
[2025-03-10T23:08:59.817+0000] {processor.py:914} INFO - Processing file /home/airflow/.local/lib/python3.12/site-packages/airflow/example_dags/example_branch_labels.py for tasks to queue
[2025-03-10T23:08:59.825+0000] {logging_mixin.py:190} INFO - [2025-03-10T23:08:59.823+0000] {dagbag.py:588} INFO - Filling up the DagBag from /home/airflow/.local/lib/python3.12/site-packages/airflow/example_dags/example_branch_labels.py
[2025-03-10T23:08:59.855+0000] {processor.py:925} INFO - DAG(s) 'example_branch_labels' retrieved from /home/airflow/.local/lib/python3.12/site-packages/airflow/example_dags/example_branch_labels.py
[2025-03-10T23:10:51.415+0000] {processor.py:186} INFO - Started process (PID=183) to work on /home/airflow/.local/lib/python3.12/site-packages/airflow/example_dags/example_branch_labels.py
[2025-03-10T23:10:51.416+0000] {processor.py:914} INFO - Processing file /home/airflow/.local/lib/python3.12/site-packages/airflow/example_dags/example_branch_labels.py for tasks to queue
[2025-03-10T23:10:51.417+0000] {logging_mixin.py:190} INFO - [2025-03-10T23:10:51.417+0000] {dagbag.py:588} INFO - Filling up the DagBag from /home/airflow/.local/lib/python3.12/site-packages/airflow/example_dags/example_branch_labels.py
[2025-03-10T23:10:51.428+0000] {processor.py:925} INFO - DAG(s) 'example_branch_labels' retrieved from /home/airflow/.local/lib/python3.12/site-packages/airflow/example_dags/example_branch_labels.py
[2025-03-10T23:10:51.522+0000] {logging_mixin.py:190} INFO - [2025-03-10T23:10:51.522+0000] {dag.py:3239} INFO - Sync 1 DAGs
[2025-03-10T23:10:51.552+0000] {logging_mixin.py:190} INFO - [2025-03-10T23:10:51.551+0000] {dag.py:4180} INFO - Setting next_dagrun for example_branch_labels to 2025-03-09 00:00:00+00:00, run_after=2025-03-10 00:00:00+00:00
[2025-03-10T23:10:51.571+0000] {processor.py:208} INFO - Processing /home/airflow/.local/lib/python3.12/site-packages/airflow/example_dags/example_branch_labels.py took 0.163 seconds
[2025-03-10T23:13:30.802+0000] {processor.py:186} INFO - Started process (PID=241) to work on /home/airflow/.local/lib/python3.12/site-packages/airflow/example_dags/example_branch_labels.py
[2025-03-10T23:13:30.807+0000] {processor.py:914} INFO - Processing file /home/airflow/.local/lib/python3.12/site-packages/airflow/example_dags/example_branch_labels.py for tasks to queue
[2025-03-10T23:13:30.811+0000] {logging_mixin.py:190} INFO - [2025-03-10T23:13:30.810+0000] {dagbag.py:588} INFO - Filling up the DagBag from /home/airflow/.local/lib/python3.12/site-packages/airflow/example_dags/example_branch_labels.py
[2025-03-10T23:13:30.846+0000] {processor.py:925} INFO - DAG(s) 'example_branch_labels' retrieved from /home/airflow/.local/lib/python3.12/site-packages/airflow/example_dags/example_branch_labels.py
[2025-03-10T23:13:30.975+0000] {logging_mixin.py:190} INFO - [2025-03-10T23:13:30.974+0000] {dag.py:3239} INFO - Sync 1 DAGs
[2025-03-10T23:13:31.143+0000] {logging_mixin.py:190} INFO - [2025-03-10T23:13:31.142+0000] {dag.py:4180} INFO - Setting next_dagrun for example_branch_labels to 2025-03-09 00:00:00+00:00, run_after=2025-03-10 00:00:00+00:00
[2025-03-10T23:13:31.230+0000] {processor.py:208} INFO - Processing /home/airflow/.local/lib/python3.12/site-packages/airflow/example_dags/example_branch_labels.py took 0.464 seconds
[2025-03-10T23:15:05.073+0000] {processor.py:186} INFO - Started process (PID=314) to work on /home/airflow/.local/lib/python3.12/site-packages/airflow/example_dags/example_branch_labels.py
[2025-03-10T23:15:05.077+0000] {processor.py:914} INFO - Processing file /home/airflow/.local/lib/python3.12/site-packages/airflow/example_dags/example_branch_labels.py for tasks to queue
[2025-03-10T23:15:05.081+0000] {logging_mixin.py:190} INFO - [2025-03-10T23:15:05.080+0000] {dagbag.py:588} INFO - Filling up the DagBag from /home/airflow/.local/lib/python3.12/site-packages/airflow/example_dags/example_branch_labels.py
[2025-03-10T23:15:05.117+0000] {processor.py:925} INFO - DAG(s) 'example_branch_labels' retrieved from /home/airflow/.local/lib/python3.12/site-packages/airflow/example_dags/example_branch_labels.py
[2025-03-10T23:15:05.219+0000] {logging_mixin.py:190} INFO - [2025-03-10T23:15:05.218+0000] {dag.py:3239} INFO - Sync 1 DAGs
[2025-03-10T23:15:05.344+0000] {logging_mixin.py:190} INFO - [2025-03-10T23:15:05.343+0000] {dag.py:4180} INFO - Setting next_dagrun for example_branch_labels to 2025-03-09 00:00:00+00:00, run_after=2025-03-10 00:00:00+00:00
[2025-03-10T23:15:05.411+0000] {processor.py:208} INFO - Processing /home/airflow/.local/lib/python3.12/site-packages/airflow/example_dags/example_branch_labels.py took 0.363 seconds
[2025-03-10T23:15:35.926+0000] {processor.py:186} INFO - Started process (PID=377) to work on /home/airflow/.local/lib/python3.12/site-packages/airflow/example_dags/example_branch_labels.py
[2025-03-10T23:15:35.929+0000] {processor.py:914} INFO - Processing file /home/airflow/.local/lib/python3.12/site-packages/airflow/example_dags/example_branch_labels.py for tasks to queue
[2025-03-10T23:15:35.933+0000] {logging_mixin.py:190} INFO - [2025-03-10T23:15:35.932+0000] {dagbag.py:588} INFO - Filling up the DagBag from /home/airflow/.local/lib/python3.12/site-packages/airflow/example_dags/example_branch_labels.py
[2025-03-10T23:15:35.970+0000] {processor.py:925} INFO - DAG(s) 'example_branch_labels' retrieved from /home/airflow/.local/lib/python3.12/site-packages/airflow/example_dags/example_branch_labels.py
[2025-03-10T23:15:36.068+0000] {logging_mixin.py:190} INFO - [2025-03-10T23:15:36.067+0000] {dag.py:3239} INFO - Sync 1 DAGs
[2025-03-10T23:15:36.233+0000] {logging_mixin.py:190} INFO - [2025-03-10T23:15:36.232+0000] {dag.py:4180} INFO - Setting next_dagrun for example_branch_labels to 2025-03-09 00:00:00+00:00, run_after=2025-03-10 00:00:00+00:00
[2025-03-10T23:15:36.301+0000] {processor.py:208} INFO - Processing /home/airflow/.local/lib/python3.12/site-packages/airflow/example_dags/example_branch_labels.py took 0.401 seconds
[2025-03-10T23:16:07.469+0000] {processor.py:186} INFO - Started process (PID=439) to work on /home/airflow/.local/lib/python3.12/site-packages/airflow/example_dags/example_branch_labels.py
[2025-03-10T23:16:07.473+0000] {processor.py:914} INFO - Processing file /home/airflow/.local/lib/python3.12/site-packages/airflow/example_dags/example_branch_labels.py for tasks to queue
[2025-03-10T23:16:07.478+0000] {logging_mixin.py:190} INFO - [2025-03-10T23:16:07.477+0000] {dagbag.py:588} INFO - Filling up the DagBag from /home/airflow/.local/lib/python3.12/site-packages/airflow/example_dags/example_branch_labels.py
[2025-03-10T23:16:07.523+0000] {processor.py:925} INFO - DAG(s) 'example_branch_labels' retrieved from /home/airflow/.local/lib/python3.12/site-packages/airflow/example_dags/example_branch_labels.py
[2025-03-10T23:16:07.647+0000] {logging_mixin.py:190} INFO - [2025-03-10T23:16:07.646+0000] {dag.py:3239} INFO - Sync 1 DAGs
[2025-03-10T23:16:07.802+0000] {logging_mixin.py:190} INFO - [2025-03-10T23:16:07.801+0000] {dag.py:4180} INFO - Setting next_dagrun for example_branch_labels to 2025-03-09 00:00:00+00:00, run_after=2025-03-10 00:00:00+00:00
[2025-03-10T23:16:07.893+0000] {processor.py:208} INFO - Processing /home/airflow/.local/lib/python3.12/site-packages/airflow/example_dags/example_branch_labels.py took 0.455 seconds
[2025-03-10T23:16:38.283+0000] {processor.py:186} INFO - Started process (PID=502) to work on /home/airflow/.local/lib/python3.12/site-packages/airflow/example_dags/example_branch_labels.py
[2025-03-10T23:16:38.284+0000] {processor.py:914} INFO - Processing file /home/airflow/.local/lib/python3.12/site-packages/airflow/example_dags/example_branch_labels.py for tasks to queue
[2025-03-10T23:16:38.285+0000] {logging_mixin.py:190} INFO - [2025-03-10T23:16:38.285+0000] {dagbag.py:588} INFO - Filling up the DagBag from /home/airflow/.local/lib/python3.12/site-packages/airflow/example_dags/example_branch_labels.py
[2025-03-10T23:16:38.295+0000] {processor.py:925} INFO - DAG(s) 'example_branch_labels' retrieved from /home/airflow/.local/lib/python3.12/site-packages/airflow/example_dags/example_branch_labels.py
[2025-03-10T23:16:38.324+0000] {logging_mixin.py:190} INFO - [2025-03-10T23:16:38.323+0000] {dag.py:3239} INFO - Sync 1 DAGs
[2025-03-10T23:16:38.354+0000] {logging_mixin.py:190} INFO - [2025-03-10T23:16:38.354+0000] {dag.py:4180} INFO - Setting next_dagrun for example_branch_labels to 2025-03-09 00:00:00+00:00, run_after=2025-03-10 00:00:00+00:00
[2025-03-10T23:16:38.374+0000] {processor.py:208} INFO - Processing /home/airflow/.local/lib/python3.12/site-packages/airflow/example_dags/example_branch_labels.py took 0.098 seconds
[2025-03-10T23:17:08.949+0000] {processor.py:186} INFO - Started process (PID=565) to work on /home/airflow/.local/lib/python3.12/site-packages/airflow/example_dags/example_branch_labels.py
[2025-03-10T23:17:08.950+0000] {processor.py:914} INFO - Processing file /home/airflow/.local/lib/python3.12/site-packages/airflow/example_dags/example_branch_labels.py for tasks to queue
[2025-03-10T23:17:08.952+0000] {logging_mixin.py:190} INFO - [2025-03-10T23:17:08.951+0000] {dagbag.py:588} INFO - Filling up the DagBag from /home/airflow/.local/lib/python3.12/site-packages/airflow/example_dags/example_branch_labels.py
[2025-03-10T23:17:08.961+0000] {processor.py:925} INFO - DAG(s) 'example_branch_labels' retrieved from /home/airflow/.local/lib/python3.12/site-packages/airflow/example_dags/example_branch_labels.py
[2025-03-10T23:17:08.991+0000] {logging_mixin.py:190} INFO - [2025-03-10T23:17:08.990+0000] {dag.py:3239} INFO - Sync 1 DAGs
[2025-03-10T23:17:09.026+0000] {logging_mixin.py:190} INFO - [2025-03-10T23:17:09.025+0000] {dag.py:4180} INFO - Setting next_dagrun for example_branch_labels to 2025-03-09 00:00:00+00:00, run_after=2025-03-10 00:00:00+00:00
[2025-03-10T23:17:09.048+0000] {processor.py:208} INFO - Processing /home/airflow/.local/lib/python3.12/site-packages/airflow/example_dags/example_branch_labels.py took 0.107 seconds
[2025-03-10T23:17:39.157+0000] {processor.py:186} INFO - Started process (PID=628) to work on /home/airflow/.local/lib/python3.12/site-packages/airflow/example_dags/example_branch_labels.py
[2025-03-10T23:17:39.157+0000] {processor.py:914} INFO - Processing file /home/airflow/.local/lib/python3.12/site-packages/airflow/example_dags/example_branch_labels.py for tasks to queue
[2025-03-10T23:17:39.159+0000] {logging_mixin.py:190} INFO - [2025-03-10T23:17:39.158+0000] {dagbag.py:588} INFO - Filling up the DagBag from /home/airflow/.local/lib/python3.12/site-packages/airflow/example_dags/example_branch_labels.py
[2025-03-10T23:17:39.168+0000] {processor.py:925} INFO - DAG(s) 'example_branch_labels' retrieved from /home/airflow/.local/lib/python3.12/site-packages/airflow/example_dags/example_branch_labels.py
[2025-03-10T23:17:39.194+0000] {logging_mixin.py:190} INFO - [2025-03-10T23:17:39.194+0000] {dag.py:3239} INFO - Sync 1 DAGs
[2025-03-10T23:17:39.225+0000] {logging_mixin.py:190} INFO - [2025-03-10T23:17:39.224+0000] {dag.py:4180} INFO - Setting next_dagrun for example_branch_labels to 2025-03-09 00:00:00+00:00, run_after=2025-03-10 00:00:00+00:00
[2025-03-10T23:17:39.242+0000] {processor.py:208} INFO - Processing /home/airflow/.local/lib/python3.12/site-packages/airflow/example_dags/example_branch_labels.py took 0.093 seconds
[2025-03-10T23:18:09.338+0000] {processor.py:186} INFO - Started process (PID=691) to work on /home/airflow/.local/lib/python3.12/site-packages/airflow/example_dags/example_branch_labels.py
[2025-03-10T23:18:09.339+0000] {processor.py:914} INFO - Processing file /home/airflow/.local/lib/python3.12/site-packages/airflow/example_dags/example_branch_labels.py for tasks to queue
[2025-03-10T23:18:09.341+0000] {logging_mixin.py:190} INFO - [2025-03-10T23:18:09.340+0000] {dagbag.py:588} INFO - Filling up the DagBag from /home/airflow/.local/lib/python3.12/site-packages/airflow/example_dags/example_branch_labels.py
[2025-03-10T23:18:09.351+0000] {processor.py:925} INFO - DAG(s) 'example_branch_labels' retrieved from /home/airflow/.local/lib/python3.12/site-packages/airflow/example_dags/example_branch_labels.py
[2025-03-10T23:18:09.379+0000] {logging_mixin.py:190} INFO - [2025-03-10T23:18:09.379+0000] {dag.py:3239} INFO - Sync 1 DAGs
[2025-03-10T23:18:09.411+0000] {logging_mixin.py:190} INFO - [2025-03-10T23:18:09.411+0000] {dag.py:4180} INFO - Setting next_dagrun for example_branch_labels to 2025-03-09 00:00:00+00:00, run_after=2025-03-10 00:00:00+00:00
[2025-03-10T23:18:09.433+0000] {processor.py:208} INFO - Processing /home/airflow/.local/lib/python3.12/site-packages/airflow/example_dags/example_branch_labels.py took 0.103 seconds
[2025-03-10T23:18:39.599+0000] {processor.py:186} INFO - Started process (PID=754) to work on /home/airflow/.local/lib/python3.12/site-packages/airflow/example_dags/example_branch_labels.py
[2025-03-10T23:18:39.599+0000] {processor.py:914} INFO - Processing file /home/airflow/.local/lib/python3.12/site-packages/airflow/example_dags/example_branch_labels.py for tasks to queue
[2025-03-10T23:18:39.601+0000] {logging_mixin.py:190} INFO - [2025-03-10T23:18:39.600+0000] {dagbag.py:588} INFO - Filling up the DagBag from /home/airflow/.local/lib/python3.12/site-packages/airflow/example_dags/example_branch_labels.py
[2025-03-10T23:18:39.610+0000] {processor.py:925} INFO - DAG(s) 'example_branch_labels' retrieved from /home/airflow/.local/lib/python3.12/site-packages/airflow/example_dags/example_branch_labels.py
[2025-03-10T23:18:39.636+0000] {logging_mixin.py:190} INFO - [2025-03-10T23:18:39.636+0000] {dag.py:3239} INFO - Sync 1 DAGs
[2025-03-10T23:18:39.665+0000] {logging_mixin.py:190} INFO - [2025-03-10T23:18:39.665+0000] {dag.py:4180} INFO - Setting next_dagrun for example_branch_labels to 2025-03-09 00:00:00+00:00, run_after=2025-03-10 00:00:00+00:00
[2025-03-10T23:18:39.684+0000] {processor.py:208} INFO - Processing /home/airflow/.local/lib/python3.12/site-packages/airflow/example_dags/example_branch_labels.py took 0.092 seconds
[2025-03-10T23:19:09.917+0000] {processor.py:186} INFO - Started process (PID=817) to work on /home/airflow/.local/lib/python3.12/site-packages/airflow/example_dags/example_branch_labels.py
[2025-03-10T23:19:09.918+0000] {processor.py:914} INFO - Processing file /home/airflow/.local/lib/python3.12/site-packages/airflow/example_dags/example_branch_labels.py for tasks to queue
[2025-03-10T23:19:09.919+0000] {logging_mixin.py:190} INFO - [2025-03-10T23:19:09.919+0000] {dagbag.py:588} INFO - Filling up the DagBag from /home/airflow/.local/lib/python3.12/site-packages/airflow/example_dags/example_branch_labels.py
[2025-03-10T23:19:09.929+0000] {processor.py:925} INFO - DAG(s) 'example_branch_labels' retrieved from /home/airflow/.local/lib/python3.12/site-packages/airflow/example_dags/example_branch_labels.py
[2025-03-10T23:19:09.955+0000] {logging_mixin.py:190} INFO - [2025-03-10T23:19:09.955+0000] {dag.py:3239} INFO - Sync 1 DAGs
[2025-03-10T23:19:09.988+0000] {logging_mixin.py:190} INFO - [2025-03-10T23:19:09.988+0000] {dag.py:4180} INFO - Setting next_dagrun for example_branch_labels to 2025-03-09 00:00:00+00:00, run_after=2025-03-10 00:00:00+00:00
[2025-03-10T23:19:10.014+0000] {processor.py:208} INFO - Processing /home/airflow/.local/lib/python3.12/site-packages/airflow/example_dags/example_branch_labels.py took 0.104 seconds
[2025-03-10T23:27:14.542+0000] {processor.py:186} INFO - Started process (PID=113) to work on /home/airflow/.local/lib/python3.12/site-packages/airflow/example_dags/example_branch_labels.py
[2025-03-10T23:27:14.545+0000] {processor.py:914} INFO - Processing file /home/airflow/.local/lib/python3.12/site-packages/airflow/example_dags/example_branch_labels.py for tasks to queue
[2025-03-10T23:27:14.554+0000] {logging_mixin.py:190} INFO - [2025-03-10T23:27:14.553+0000] {dagbag.py:588} INFO - Filling up the DagBag from /home/airflow/.local/lib/python3.12/site-packages/airflow/example_dags/example_branch_labels.py
[2025-03-10T23:27:14.588+0000] {processor.py:925} INFO - DAG(s) 'example_branch_labels' retrieved from /home/airflow/.local/lib/python3.12/site-packages/airflow/example_dags/example_branch_labels.py
[2025-03-10T23:27:14.678+0000] {logging_mixin.py:190} INFO - [2025-03-10T23:27:14.677+0000] {dag.py:3239} INFO - Sync 1 DAGs
[2025-03-10T23:27:14.780+0000] {logging_mixin.py:190} INFO - [2025-03-10T23:27:14.779+0000] {dag.py:4180} INFO - Setting next_dagrun for example_branch_labels to 2025-03-09 00:00:00+00:00, run_after=2025-03-10 00:00:00+00:00
[2025-03-10T23:27:14.849+0000] {processor.py:208} INFO - Processing /home/airflow/.local/lib/python3.12/site-packages/airflow/example_dags/example_branch_labels.py took 0.329 seconds
[2025-03-10T23:27:45.177+0000] {processor.py:186} INFO - Started process (PID=176) to work on /home/airflow/.local/lib/python3.12/site-packages/airflow/example_dags/example_branch_labels.py
[2025-03-10T23:27:45.179+0000] {processor.py:914} INFO - Processing file /home/airflow/.local/lib/python3.12/site-packages/airflow/example_dags/example_branch_labels.py for tasks to queue
[2025-03-10T23:27:45.181+0000] {logging_mixin.py:190} INFO - [2025-03-10T23:27:45.181+0000] {dagbag.py:588} INFO - Filling up the DagBag from /home/airflow/.local/lib/python3.12/site-packages/airflow/example_dags/example_branch_labels.py
[2025-03-10T23:27:45.191+0000] {processor.py:925} INFO - DAG(s) 'example_branch_labels' retrieved from /home/airflow/.local/lib/python3.12/site-packages/airflow/example_dags/example_branch_labels.py
[2025-03-10T23:27:45.225+0000] {logging_mixin.py:190} INFO - [2025-03-10T23:27:45.225+0000] {dag.py:3239} INFO - Sync 1 DAGs
[2025-03-10T23:27:45.273+0000] {logging_mixin.py:190} INFO - [2025-03-10T23:27:45.273+0000] {dag.py:4180} INFO - Setting next_dagrun for example_branch_labels to 2025-03-09 00:00:00+00:00, run_after=2025-03-10 00:00:00+00:00
[2025-03-10T23:27:45.304+0000] {processor.py:208} INFO - Processing /home/airflow/.local/lib/python3.12/site-packages/airflow/example_dags/example_branch_labels.py took 0.133 seconds
[2025-03-10T23:28:15.584+0000] {processor.py:186} INFO - Started process (PID=238) to work on /home/airflow/.local/lib/python3.12/site-packages/airflow/example_dags/example_branch_labels.py
[2025-03-10T23:28:15.585+0000] {processor.py:914} INFO - Processing file /home/airflow/.local/lib/python3.12/site-packages/airflow/example_dags/example_branch_labels.py for tasks to queue
[2025-03-10T23:28:15.588+0000] {logging_mixin.py:190} INFO - [2025-03-10T23:28:15.587+0000] {dagbag.py:588} INFO - Filling up the DagBag from /home/airflow/.local/lib/python3.12/site-packages/airflow/example_dags/example_branch_labels.py
[2025-03-10T23:28:15.597+0000] {processor.py:925} INFO - DAG(s) 'example_branch_labels' retrieved from /home/airflow/.local/lib/python3.12/site-packages/airflow/example_dags/example_branch_labels.py
[2025-03-10T23:28:15.623+0000] {logging_mixin.py:190} INFO - [2025-03-10T23:28:15.622+0000] {dag.py:3239} INFO - Sync 1 DAGs
[2025-03-10T23:28:15.652+0000] {logging_mixin.py:190} INFO - [2025-03-10T23:28:15.651+0000] {dag.py:4180} INFO - Setting next_dagrun for example_branch_labels to 2025-03-09 00:00:00+00:00, run_after=2025-03-10 00:00:00+00:00
[2025-03-10T23:28:15.670+0000] {processor.py:208} INFO - Processing /home/airflow/.local/lib/python3.12/site-packages/airflow/example_dags/example_branch_labels.py took 0.093 seconds
[2025-03-10T23:28:46.648+0000] {processor.py:186} INFO - Started process (PID=302) to work on /home/airflow/.local/lib/python3.12/site-packages/airflow/example_dags/example_branch_labels.py
[2025-03-10T23:28:46.649+0000] {processor.py:914} INFO - Processing file /home/airflow/.local/lib/python3.12/site-packages/airflow/example_dags/example_branch_labels.py for tasks to queue
[2025-03-10T23:28:46.652+0000] {logging_mixin.py:190} INFO - [2025-03-10T23:28:46.652+0000] {dagbag.py:588} INFO - Filling up the DagBag from /home/airflow/.local/lib/python3.12/site-packages/airflow/example_dags/example_branch_labels.py
[2025-03-10T23:28:46.662+0000] {processor.py:925} INFO - DAG(s) 'example_branch_labels' retrieved from /home/airflow/.local/lib/python3.12/site-packages/airflow/example_dags/example_branch_labels.py
[2025-03-10T23:28:46.688+0000] {logging_mixin.py:190} INFO - [2025-03-10T23:28:46.688+0000] {dag.py:3239} INFO - Sync 1 DAGs
[2025-03-10T23:28:46.722+0000] {logging_mixin.py:190} INFO - [2025-03-10T23:28:46.722+0000] {dag.py:4180} INFO - Setting next_dagrun for example_branch_labels to 2025-03-09 00:00:00+00:00, run_after=2025-03-10 00:00:00+00:00
[2025-03-10T23:28:46.745+0000] {processor.py:208} INFO - Processing /home/airflow/.local/lib/python3.12/site-packages/airflow/example_dags/example_branch_labels.py took 0.103 seconds
[2025-03-10T23:29:16.841+0000] {processor.py:186} INFO - Started process (PID=364) to work on /home/airflow/.local/lib/python3.12/site-packages/airflow/example_dags/example_branch_labels.py
[2025-03-10T23:29:16.842+0000] {processor.py:914} INFO - Processing file /home/airflow/.local/lib/python3.12/site-packages/airflow/example_dags/example_branch_labels.py for tasks to queue
[2025-03-10T23:29:16.844+0000] {logging_mixin.py:190} INFO - [2025-03-10T23:29:16.844+0000] {dagbag.py:588} INFO - Filling up the DagBag from /home/airflow/.local/lib/python3.12/site-packages/airflow/example_dags/example_branch_labels.py
[2025-03-10T23:29:16.854+0000] {processor.py:925} INFO - DAG(s) 'example_branch_labels' retrieved from /home/airflow/.local/lib/python3.12/site-packages/airflow/example_dags/example_branch_labels.py
[2025-03-10T23:29:16.879+0000] {logging_mixin.py:190} INFO - [2025-03-10T23:29:16.879+0000] {dag.py:3239} INFO - Sync 1 DAGs
[2025-03-10T23:29:16.910+0000] {logging_mixin.py:190} INFO - [2025-03-10T23:29:16.910+0000] {dag.py:4180} INFO - Setting next_dagrun for example_branch_labels to 2025-03-09 00:00:00+00:00, run_after=2025-03-10 00:00:00+00:00
[2025-03-10T23:29:16.933+0000] {processor.py:208} INFO - Processing /home/airflow/.local/lib/python3.12/site-packages/airflow/example_dags/example_branch_labels.py took 0.099 seconds
[2025-03-10T23:35:29.422+0000] {processor.py:186} INFO - Started process (PID=139) to work on /home/airflow/.local/lib/python3.12/site-packages/airflow/example_dags/example_branch_labels.py
[2025-03-10T23:35:29.425+0000] {processor.py:914} INFO - Processing file /home/airflow/.local/lib/python3.12/site-packages/airflow/example_dags/example_branch_labels.py for tasks to queue
[2025-03-10T23:35:29.438+0000] {logging_mixin.py:190} INFO - [2025-03-10T23:35:29.436+0000] {dagbag.py:588} INFO - Filling up the DagBag from /home/airflow/.local/lib/python3.12/site-packages/airflow/example_dags/example_branch_labels.py
[2025-03-10T23:35:29.476+0000] {processor.py:925} INFO - DAG(s) 'example_branch_labels' retrieved from /home/airflow/.local/lib/python3.12/site-packages/airflow/example_dags/example_branch_labels.py
[2025-03-10T23:35:29.593+0000] {logging_mixin.py:190} INFO - [2025-03-10T23:35:29.592+0000] {dag.py:3239} INFO - Sync 1 DAGs
[2025-03-10T23:35:29.709+0000] {logging_mixin.py:190} INFO - [2025-03-10T23:35:29.708+0000] {dag.py:4180} INFO - Setting next_dagrun for example_branch_labels to 2025-03-09 00:00:00+00:00, run_after=2025-03-10 00:00:00+00:00
[2025-03-10T23:35:29.772+0000] {processor.py:208} INFO - Processing /home/airflow/.local/lib/python3.12/site-packages/airflow/example_dags/example_branch_labels.py took 0.375 seconds
[2025-03-10T23:36:00.125+0000] {processor.py:186} INFO - Started process (PID=202) to work on /home/airflow/.local/lib/python3.12/site-packages/airflow/example_dags/example_branch_labels.py
[2025-03-10T23:36:00.127+0000] {processor.py:914} INFO - Processing file /home/airflow/.local/lib/python3.12/site-packages/airflow/example_dags/example_branch_labels.py for tasks to queue
[2025-03-10T23:36:00.131+0000] {logging_mixin.py:190} INFO - [2025-03-10T23:36:00.130+0000] {dagbag.py:588} INFO - Filling up the DagBag from /home/airflow/.local/lib/python3.12/site-packages/airflow/example_dags/example_branch_labels.py
[2025-03-10T23:36:00.142+0000] {processor.py:925} INFO - DAG(s) 'example_branch_labels' retrieved from /home/airflow/.local/lib/python3.12/site-packages/airflow/example_dags/example_branch_labels.py
[2025-03-10T23:36:00.172+0000] {logging_mixin.py:190} INFO - [2025-03-10T23:36:00.171+0000] {dag.py:3239} INFO - Sync 1 DAGs
[2025-03-10T23:36:00.203+0000] {logging_mixin.py:190} INFO - [2025-03-10T23:36:00.203+0000] {dag.py:4180} INFO - Setting next_dagrun for example_branch_labels to 2025-03-09 00:00:00+00:00, run_after=2025-03-10 00:00:00+00:00
[2025-03-10T23:36:00.226+0000] {processor.py:208} INFO - Processing /home/airflow/.local/lib/python3.12/site-packages/airflow/example_dags/example_branch_labels.py took 0.109 seconds
[2025-03-10T23:36:30.357+0000] {processor.py:186} INFO - Started process (PID=264) to work on /home/airflow/.local/lib/python3.12/site-packages/airflow/example_dags/example_branch_labels.py
[2025-03-10T23:36:30.358+0000] {processor.py:914} INFO - Processing file /home/airflow/.local/lib/python3.12/site-packages/airflow/example_dags/example_branch_labels.py for tasks to queue
[2025-03-10T23:36:30.361+0000] {logging_mixin.py:190} INFO - [2025-03-10T23:36:30.360+0000] {dagbag.py:588} INFO - Filling up the DagBag from /home/airflow/.local/lib/python3.12/site-packages/airflow/example_dags/example_branch_labels.py
[2025-03-10T23:36:30.370+0000] {processor.py:925} INFO - DAG(s) 'example_branch_labels' retrieved from /home/airflow/.local/lib/python3.12/site-packages/airflow/example_dags/example_branch_labels.py
[2025-03-10T23:36:30.403+0000] {logging_mixin.py:190} INFO - [2025-03-10T23:36:30.402+0000] {dag.py:3239} INFO - Sync 1 DAGs
[2025-03-10T23:36:30.447+0000] {logging_mixin.py:190} INFO - [2025-03-10T23:36:30.447+0000] {dag.py:4180} INFO - Setting next_dagrun for example_branch_labels to 2025-03-09 00:00:00+00:00, run_after=2025-03-10 00:00:00+00:00
[2025-03-10T23:36:30.475+0000] {processor.py:208} INFO - Processing /home/airflow/.local/lib/python3.12/site-packages/airflow/example_dags/example_branch_labels.py took 0.126 seconds
[2025-03-10T23:37:00.699+0000] {processor.py:186} INFO - Started process (PID=327) to work on /home/airflow/.local/lib/python3.12/site-packages/airflow/example_dags/example_branch_labels.py
[2025-03-10T23:37:00.700+0000] {processor.py:914} INFO - Processing file /home/airflow/.local/lib/python3.12/site-packages/airflow/example_dags/example_branch_labels.py for tasks to queue
[2025-03-10T23:37:00.702+0000] {logging_mixin.py:190} INFO - [2025-03-10T23:37:00.702+0000] {dagbag.py:588} INFO - Filling up the DagBag from /home/airflow/.local/lib/python3.12/site-packages/airflow/example_dags/example_branch_labels.py
[2025-03-10T23:37:00.714+0000] {processor.py:925} INFO - DAG(s) 'example_branch_labels' retrieved from /home/airflow/.local/lib/python3.12/site-packages/airflow/example_dags/example_branch_labels.py
[2025-03-10T23:37:00.742+0000] {logging_mixin.py:190} INFO - [2025-03-10T23:37:00.741+0000] {dag.py:3239} INFO - Sync 1 DAGs
[2025-03-10T23:37:00.772+0000] {logging_mixin.py:190} INFO - [2025-03-10T23:37:00.772+0000] {dag.py:4180} INFO - Setting next_dagrun for example_branch_labels to 2025-03-09 00:00:00+00:00, run_after=2025-03-10 00:00:00+00:00
[2025-03-10T23:37:00.791+0000] {processor.py:208} INFO - Processing /home/airflow/.local/lib/python3.12/site-packages/airflow/example_dags/example_branch_labels.py took 0.100 seconds
