[2025-03-10T20:30:14.756+0000] {processor.py:186} INFO - Started process (PID=117) to work on /home/airflow/.local/lib/python3.12/site-packages/airflow/example_dags/example_bash_decorator.py
[2025-03-10T20:30:14.757+0000] {processor.py:914} INFO - Processing file /home/airflow/.local/lib/python3.12/site-packages/airflow/example_dags/example_bash_decorator.py for tasks to queue
[2025-03-10T20:30:14.763+0000] {logging_mixin.py:190} INFO - [2025-03-10T20:30:14.762+0000] {dagbag.py:588} INFO - Filling up the DagBag from /home/airflow/.local/lib/python3.12/site-packages/airflow/example_dags/example_bash_decorator.py
[2025-03-10T20:30:14.784+0000] {processor.py:925} INFO - DAG(s) 'example_bash_decorator' retrieved from /home/airflow/.local/lib/python3.12/site-packages/airflow/example_dags/example_bash_decorator.py
[2025-03-10T20:30:14.869+0000] {logging_mixin.py:190} INFO - [2025-03-10T20:30:14.869+0000] {override.py:1912} INFO - Created Permission View: can read on DAG:example_bash_decorator
[2025-03-10T20:30:14.884+0000] {logging_mixin.py:190} INFO - [2025-03-10T20:30:14.883+0000] {override.py:1912} INFO - Created Permission View: can edit on DAG:example_bash_decorator
[2025-03-10T20:30:14.893+0000] {logging_mixin.py:190} INFO - [2025-03-10T20:30:14.892+0000] {override.py:1912} INFO - Created Permission View: can delete on DAG:example_bash_decorator
[2025-03-10T20:30:14.902+0000] {logging_mixin.py:190} INFO - [2025-03-10T20:30:14.902+0000] {override.py:1912} INFO - Created Permission View: menu access on DAG Run:example_bash_decorator
[2025-03-10T20:30:14.910+0000] {logging_mixin.py:190} INFO - [2025-03-10T20:30:14.910+0000] {override.py:1912} INFO - Created Permission View: can read on DAG Run:example_bash_decorator
[2025-03-10T20:30:14.918+0000] {logging_mixin.py:190} INFO - [2025-03-10T20:30:14.917+0000] {override.py:1912} INFO - Created Permission View: can create on DAG Run:example_bash_decorator
[2025-03-10T20:30:14.925+0000] {logging_mixin.py:190} INFO - [2025-03-10T20:30:14.924+0000] {override.py:1912} INFO - Created Permission View: can delete on DAG Run:example_bash_decorator
[2025-03-10T20:30:14.925+0000] {logging_mixin.py:190} INFO - [2025-03-10T20:30:14.925+0000] {dag.py:3239} INFO - Sync 1 DAGs
[2025-03-10T20:30:14.943+0000] {logging_mixin.py:190} INFO - [2025-03-10T20:30:14.943+0000] {dag.py:3262} INFO - Creating ORM DAG for example_bash_decorator
[2025-03-10T20:30:14.944+0000] {logging_mixin.py:190} INFO - [2025-03-10T20:30:14.944+0000] {dag.py:4180} INFO - Setting next_dagrun for example_bash_decorator to None, run_after=None
[2025-03-10T20:30:14.960+0000] {processor.py:208} INFO - Processing /home/airflow/.local/lib/python3.12/site-packages/airflow/example_dags/example_bash_decorator.py took 0.216 seconds
[2025-03-10T20:30:45.679+0000] {processor.py:186} INFO - Started process (PID=180) to work on /home/airflow/.local/lib/python3.12/site-packages/airflow/example_dags/example_bash_decorator.py
[2025-03-10T20:30:45.680+0000] {processor.py:914} INFO - Processing file /home/airflow/.local/lib/python3.12/site-packages/airflow/example_dags/example_bash_decorator.py for tasks to queue
[2025-03-10T20:30:45.682+0000] {logging_mixin.py:190} INFO - [2025-03-10T20:30:45.682+0000] {dagbag.py:588} INFO - Filling up the DagBag from /home/airflow/.local/lib/python3.12/site-packages/airflow/example_dags/example_bash_decorator.py
[2025-03-10T20:30:45.700+0000] {processor.py:925} INFO - DAG(s) 'example_bash_decorator' retrieved from /home/airflow/.local/lib/python3.12/site-packages/airflow/example_dags/example_bash_decorator.py
[2025-03-10T20:30:45.730+0000] {logging_mixin.py:190} INFO - [2025-03-10T20:30:45.730+0000] {dag.py:3239} INFO - Sync 1 DAGs
[2025-03-10T20:30:45.748+0000] {logging_mixin.py:190} INFO - [2025-03-10T20:30:45.748+0000] {dag.py:4180} INFO - Setting next_dagrun for example_bash_decorator to None, run_after=None
[2025-03-10T20:30:45.768+0000] {processor.py:208} INFO - Processing /home/airflow/.local/lib/python3.12/site-packages/airflow/example_dags/example_bash_decorator.py took 0.096 seconds
[2025-03-10T20:31:16.815+0000] {processor.py:186} INFO - Started process (PID=243) to work on /home/airflow/.local/lib/python3.12/site-packages/airflow/example_dags/example_bash_decorator.py
[2025-03-10T20:31:16.819+0000] {processor.py:914} INFO - Processing file /home/airflow/.local/lib/python3.12/site-packages/airflow/example_dags/example_bash_decorator.py for tasks to queue
[2025-03-10T20:31:16.832+0000] {logging_mixin.py:190} INFO - [2025-03-10T20:31:16.830+0000] {dagbag.py:588} INFO - Filling up the DagBag from /home/airflow/.local/lib/python3.12/site-packages/airflow/example_dags/example_bash_decorator.py
[2025-03-10T20:31:16.928+0000] {processor.py:925} INFO - DAG(s) 'example_bash_decorator' retrieved from /home/airflow/.local/lib/python3.12/site-packages/airflow/example_dags/example_bash_decorator.py
[2025-03-10T20:31:17.053+0000] {logging_mixin.py:190} INFO - [2025-03-10T20:31:17.052+0000] {dag.py:3239} INFO - Sync 1 DAGs
[2025-03-10T20:31:17.144+0000] {logging_mixin.py:190} INFO - [2025-03-10T20:31:17.142+0000] {dag.py:4180} INFO - Setting next_dagrun for example_bash_decorator to None, run_after=None
[2025-03-10T20:31:17.257+0000] {processor.py:208} INFO - Processing /home/airflow/.local/lib/python3.12/site-packages/airflow/example_dags/example_bash_decorator.py took 0.479 seconds
[2025-03-10T20:31:47.998+0000] {processor.py:186} INFO - Started process (PID=306) to work on /home/airflow/.local/lib/python3.12/site-packages/airflow/example_dags/example_bash_decorator.py
[2025-03-10T20:31:47.999+0000] {processor.py:914} INFO - Processing file /home/airflow/.local/lib/python3.12/site-packages/airflow/example_dags/example_bash_decorator.py for tasks to queue
[2025-03-10T20:31:48.002+0000] {logging_mixin.py:190} INFO - [2025-03-10T20:31:48.002+0000] {dagbag.py:588} INFO - Filling up the DagBag from /home/airflow/.local/lib/python3.12/site-packages/airflow/example_dags/example_bash_decorator.py
[2025-03-10T20:31:48.021+0000] {processor.py:925} INFO - DAG(s) 'example_bash_decorator' retrieved from /home/airflow/.local/lib/python3.12/site-packages/airflow/example_dags/example_bash_decorator.py
[2025-03-10T20:31:48.049+0000] {logging_mixin.py:190} INFO - [2025-03-10T20:31:48.048+0000] {dag.py:3239} INFO - Sync 1 DAGs
[2025-03-10T20:31:48.068+0000] {logging_mixin.py:190} INFO - [2025-03-10T20:31:48.068+0000] {dag.py:4180} INFO - Setting next_dagrun for example_bash_decorator to None, run_after=None
[2025-03-10T20:31:48.091+0000] {processor.py:208} INFO - Processing /home/airflow/.local/lib/python3.12/site-packages/airflow/example_dags/example_bash_decorator.py took 0.100 seconds
[2025-03-10T20:32:18.508+0000] {processor.py:186} INFO - Started process (PID=369) to work on /home/airflow/.local/lib/python3.12/site-packages/airflow/example_dags/example_bash_decorator.py
[2025-03-10T20:32:18.509+0000] {processor.py:914} INFO - Processing file /home/airflow/.local/lib/python3.12/site-packages/airflow/example_dags/example_bash_decorator.py for tasks to queue
[2025-03-10T20:32:18.512+0000] {logging_mixin.py:190} INFO - [2025-03-10T20:32:18.511+0000] {dagbag.py:588} INFO - Filling up the DagBag from /home/airflow/.local/lib/python3.12/site-packages/airflow/example_dags/example_bash_decorator.py
[2025-03-10T20:32:18.530+0000] {processor.py:925} INFO - DAG(s) 'example_bash_decorator' retrieved from /home/airflow/.local/lib/python3.12/site-packages/airflow/example_dags/example_bash_decorator.py
[2025-03-10T20:32:18.558+0000] {logging_mixin.py:190} INFO - [2025-03-10T20:32:18.558+0000] {dag.py:3239} INFO - Sync 1 DAGs
[2025-03-10T20:32:18.575+0000] {logging_mixin.py:190} INFO - [2025-03-10T20:32:18.575+0000] {dag.py:4180} INFO - Setting next_dagrun for example_bash_decorator to None, run_after=None
[2025-03-10T20:32:18.596+0000] {processor.py:208} INFO - Processing /home/airflow/.local/lib/python3.12/site-packages/airflow/example_dags/example_bash_decorator.py took 0.096 seconds
[2025-03-10T20:32:48.839+0000] {processor.py:186} INFO - Started process (PID=432) to work on /home/airflow/.local/lib/python3.12/site-packages/airflow/example_dags/example_bash_decorator.py
[2025-03-10T20:32:48.840+0000] {processor.py:914} INFO - Processing file /home/airflow/.local/lib/python3.12/site-packages/airflow/example_dags/example_bash_decorator.py for tasks to queue
[2025-03-10T20:32:48.843+0000] {logging_mixin.py:190} INFO - [2025-03-10T20:32:48.843+0000] {dagbag.py:588} INFO - Filling up the DagBag from /home/airflow/.local/lib/python3.12/site-packages/airflow/example_dags/example_bash_decorator.py
[2025-03-10T20:32:48.863+0000] {processor.py:925} INFO - DAG(s) 'example_bash_decorator' retrieved from /home/airflow/.local/lib/python3.12/site-packages/airflow/example_dags/example_bash_decorator.py
[2025-03-10T20:32:48.892+0000] {logging_mixin.py:190} INFO - [2025-03-10T20:32:48.891+0000] {dag.py:3239} INFO - Sync 1 DAGs
[2025-03-10T20:32:48.910+0000] {logging_mixin.py:190} INFO - [2025-03-10T20:32:48.909+0000] {dag.py:4180} INFO - Setting next_dagrun for example_bash_decorator to None, run_after=None
[2025-03-10T20:32:48.930+0000] {processor.py:208} INFO - Processing /home/airflow/.local/lib/python3.12/site-packages/airflow/example_dags/example_bash_decorator.py took 0.099 seconds
[2025-03-10T20:33:19.032+0000] {processor.py:186} INFO - Started process (PID=495) to work on /home/airflow/.local/lib/python3.12/site-packages/airflow/example_dags/example_bash_decorator.py
[2025-03-10T20:33:19.033+0000] {processor.py:914} INFO - Processing file /home/airflow/.local/lib/python3.12/site-packages/airflow/example_dags/example_bash_decorator.py for tasks to queue
[2025-03-10T20:33:19.036+0000] {logging_mixin.py:190} INFO - [2025-03-10T20:33:19.036+0000] {dagbag.py:588} INFO - Filling up the DagBag from /home/airflow/.local/lib/python3.12/site-packages/airflow/example_dags/example_bash_decorator.py
[2025-03-10T20:33:19.055+0000] {processor.py:925} INFO - DAG(s) 'example_bash_decorator' retrieved from /home/airflow/.local/lib/python3.12/site-packages/airflow/example_dags/example_bash_decorator.py
[2025-03-10T20:33:19.083+0000] {logging_mixin.py:190} INFO - [2025-03-10T20:33:19.083+0000] {dag.py:3239} INFO - Sync 1 DAGs
[2025-03-10T20:33:19.101+0000] {logging_mixin.py:190} INFO - [2025-03-10T20:33:19.101+0000] {dag.py:4180} INFO - Setting next_dagrun for example_bash_decorator to None, run_after=None
[2025-03-10T20:33:19.126+0000] {processor.py:208} INFO - Processing /home/airflow/.local/lib/python3.12/site-packages/airflow/example_dags/example_bash_decorator.py took 0.102 seconds
[2025-03-10T20:33:49.564+0000] {processor.py:186} INFO - Started process (PID=558) to work on /home/airflow/.local/lib/python3.12/site-packages/airflow/example_dags/example_bash_decorator.py
[2025-03-10T20:33:49.565+0000] {processor.py:914} INFO - Processing file /home/airflow/.local/lib/python3.12/site-packages/airflow/example_dags/example_bash_decorator.py for tasks to queue
[2025-03-10T20:33:49.568+0000] {logging_mixin.py:190} INFO - [2025-03-10T20:33:49.568+0000] {dagbag.py:588} INFO - Filling up the DagBag from /home/airflow/.local/lib/python3.12/site-packages/airflow/example_dags/example_bash_decorator.py
[2025-03-10T20:33:49.588+0000] {processor.py:925} INFO - DAG(s) 'example_bash_decorator' retrieved from /home/airflow/.local/lib/python3.12/site-packages/airflow/example_dags/example_bash_decorator.py
[2025-03-10T20:33:49.615+0000] {logging_mixin.py:190} INFO - [2025-03-10T20:33:49.615+0000] {dag.py:3239} INFO - Sync 1 DAGs
[2025-03-10T20:33:49.634+0000] {logging_mixin.py:190} INFO - [2025-03-10T20:33:49.633+0000] {dag.py:4180} INFO - Setting next_dagrun for example_bash_decorator to None, run_after=None
[2025-03-10T20:33:49.653+0000] {processor.py:208} INFO - Processing /home/airflow/.local/lib/python3.12/site-packages/airflow/example_dags/example_bash_decorator.py took 0.097 seconds
[2025-03-10T20:34:19.810+0000] {processor.py:186} INFO - Started process (PID=621) to work on /home/airflow/.local/lib/python3.12/site-packages/airflow/example_dags/example_bash_decorator.py
[2025-03-10T20:34:19.811+0000] {processor.py:914} INFO - Processing file /home/airflow/.local/lib/python3.12/site-packages/airflow/example_dags/example_bash_decorator.py for tasks to queue
[2025-03-10T20:34:19.814+0000] {logging_mixin.py:190} INFO - [2025-03-10T20:34:19.814+0000] {dagbag.py:588} INFO - Filling up the DagBag from /home/airflow/.local/lib/python3.12/site-packages/airflow/example_dags/example_bash_decorator.py
[2025-03-10T20:34:19.834+0000] {processor.py:925} INFO - DAG(s) 'example_bash_decorator' retrieved from /home/airflow/.local/lib/python3.12/site-packages/airflow/example_dags/example_bash_decorator.py
[2025-03-10T20:34:19.864+0000] {logging_mixin.py:190} INFO - [2025-03-10T20:34:19.863+0000] {dag.py:3239} INFO - Sync 1 DAGs
[2025-03-10T20:34:19.881+0000] {logging_mixin.py:190} INFO - [2025-03-10T20:34:19.881+0000] {dag.py:4180} INFO - Setting next_dagrun for example_bash_decorator to None, run_after=None
[2025-03-10T20:34:19.902+0000] {processor.py:208} INFO - Processing /home/airflow/.local/lib/python3.12/site-packages/airflow/example_dags/example_bash_decorator.py took 0.100 seconds
[2025-03-10T20:34:50.270+0000] {processor.py:186} INFO - Started process (PID=684) to work on /home/airflow/.local/lib/python3.12/site-packages/airflow/example_dags/example_bash_decorator.py
[2025-03-10T20:34:50.271+0000] {processor.py:914} INFO - Processing file /home/airflow/.local/lib/python3.12/site-packages/airflow/example_dags/example_bash_decorator.py for tasks to queue
[2025-03-10T20:34:50.275+0000] {logging_mixin.py:190} INFO - [2025-03-10T20:34:50.274+0000] {dagbag.py:588} INFO - Filling up the DagBag from /home/airflow/.local/lib/python3.12/site-packages/airflow/example_dags/example_bash_decorator.py
[2025-03-10T20:34:50.293+0000] {processor.py:925} INFO - DAG(s) 'example_bash_decorator' retrieved from /home/airflow/.local/lib/python3.12/site-packages/airflow/example_dags/example_bash_decorator.py
[2025-03-10T20:34:50.320+0000] {logging_mixin.py:190} INFO - [2025-03-10T20:34:50.319+0000] {dag.py:3239} INFO - Sync 1 DAGs
[2025-03-10T20:34:50.337+0000] {logging_mixin.py:190} INFO - [2025-03-10T20:34:50.336+0000] {dag.py:4180} INFO - Setting next_dagrun for example_bash_decorator to None, run_after=None
[2025-03-10T20:34:50.357+0000] {processor.py:208} INFO - Processing /home/airflow/.local/lib/python3.12/site-packages/airflow/example_dags/example_bash_decorator.py took 0.095 seconds
[2025-03-10T20:35:20.591+0000] {processor.py:186} INFO - Started process (PID=747) to work on /home/airflow/.local/lib/python3.12/site-packages/airflow/example_dags/example_bash_decorator.py
[2025-03-10T20:35:20.592+0000] {processor.py:914} INFO - Processing file /home/airflow/.local/lib/python3.12/site-packages/airflow/example_dags/example_bash_decorator.py for tasks to queue
[2025-03-10T20:35:20.595+0000] {logging_mixin.py:190} INFO - [2025-03-10T20:35:20.595+0000] {dagbag.py:588} INFO - Filling up the DagBag from /home/airflow/.local/lib/python3.12/site-packages/airflow/example_dags/example_bash_decorator.py
[2025-03-10T20:35:20.613+0000] {processor.py:925} INFO - DAG(s) 'example_bash_decorator' retrieved from /home/airflow/.local/lib/python3.12/site-packages/airflow/example_dags/example_bash_decorator.py
[2025-03-10T20:35:20.642+0000] {logging_mixin.py:190} INFO - [2025-03-10T20:35:20.642+0000] {dag.py:3239} INFO - Sync 1 DAGs
[2025-03-10T20:35:20.659+0000] {logging_mixin.py:190} INFO - [2025-03-10T20:35:20.659+0000] {dag.py:4180} INFO - Setting next_dagrun for example_bash_decorator to None, run_after=None
[2025-03-10T20:35:20.679+0000] {processor.py:208} INFO - Processing /home/airflow/.local/lib/python3.12/site-packages/airflow/example_dags/example_bash_decorator.py took 0.096 seconds
[2025-03-10T20:35:50.955+0000] {processor.py:186} INFO - Started process (PID=810) to work on /home/airflow/.local/lib/python3.12/site-packages/airflow/example_dags/example_bash_decorator.py
[2025-03-10T20:35:50.956+0000] {processor.py:914} INFO - Processing file /home/airflow/.local/lib/python3.12/site-packages/airflow/example_dags/example_bash_decorator.py for tasks to queue
[2025-03-10T20:35:50.959+0000] {logging_mixin.py:190} INFO - [2025-03-10T20:35:50.959+0000] {dagbag.py:588} INFO - Filling up the DagBag from /home/airflow/.local/lib/python3.12/site-packages/airflow/example_dags/example_bash_decorator.py
[2025-03-10T20:35:50.978+0000] {processor.py:925} INFO - DAG(s) 'example_bash_decorator' retrieved from /home/airflow/.local/lib/python3.12/site-packages/airflow/example_dags/example_bash_decorator.py
[2025-03-10T20:35:51.009+0000] {logging_mixin.py:190} INFO - [2025-03-10T20:35:51.008+0000] {dag.py:3239} INFO - Sync 1 DAGs
[2025-03-10T20:35:51.029+0000] {logging_mixin.py:190} INFO - [2025-03-10T20:35:51.029+0000] {dag.py:4180} INFO - Setting next_dagrun for example_bash_decorator to None, run_after=None
[2025-03-10T20:35:51.052+0000] {processor.py:208} INFO - Processing /home/airflow/.local/lib/python3.12/site-packages/airflow/example_dags/example_bash_decorator.py took 0.104 seconds
[2025-03-10T20:36:22.098+0000] {processor.py:186} INFO - Started process (PID=873) to work on /home/airflow/.local/lib/python3.12/site-packages/airflow/example_dags/example_bash_decorator.py
[2025-03-10T20:36:22.099+0000] {processor.py:914} INFO - Processing file /home/airflow/.local/lib/python3.12/site-packages/airflow/example_dags/example_bash_decorator.py for tasks to queue
[2025-03-10T20:36:22.101+0000] {logging_mixin.py:190} INFO - [2025-03-10T20:36:22.101+0000] {dagbag.py:588} INFO - Filling up the DagBag from /home/airflow/.local/lib/python3.12/site-packages/airflow/example_dags/example_bash_decorator.py
[2025-03-10T20:36:22.117+0000] {processor.py:925} INFO - DAG(s) 'example_bash_decorator' retrieved from /home/airflow/.local/lib/python3.12/site-packages/airflow/example_dags/example_bash_decorator.py
[2025-03-10T20:36:22.147+0000] {logging_mixin.py:190} INFO - [2025-03-10T20:36:22.147+0000] {dag.py:3239} INFO - Sync 1 DAGs
[2025-03-10T20:36:22.164+0000] {logging_mixin.py:190} INFO - [2025-03-10T20:36:22.164+0000] {dag.py:4180} INFO - Setting next_dagrun for example_bash_decorator to None, run_after=None
[2025-03-10T20:36:22.185+0000] {processor.py:208} INFO - Processing /home/airflow/.local/lib/python3.12/site-packages/airflow/example_dags/example_bash_decorator.py took 0.094 seconds
[2025-03-10T20:36:52.714+0000] {processor.py:186} INFO - Started process (PID=936) to work on /home/airflow/.local/lib/python3.12/site-packages/airflow/example_dags/example_bash_decorator.py
[2025-03-10T20:36:52.715+0000] {processor.py:914} INFO - Processing file /home/airflow/.local/lib/python3.12/site-packages/airflow/example_dags/example_bash_decorator.py for tasks to queue
[2025-03-10T20:36:52.718+0000] {logging_mixin.py:190} INFO - [2025-03-10T20:36:52.717+0000] {dagbag.py:588} INFO - Filling up the DagBag from /home/airflow/.local/lib/python3.12/site-packages/airflow/example_dags/example_bash_decorator.py
[2025-03-10T20:36:52.735+0000] {processor.py:925} INFO - DAG(s) 'example_bash_decorator' retrieved from /home/airflow/.local/lib/python3.12/site-packages/airflow/example_dags/example_bash_decorator.py
[2025-03-10T20:36:52.763+0000] {logging_mixin.py:190} INFO - [2025-03-10T20:36:52.763+0000] {dag.py:3239} INFO - Sync 1 DAGs
[2025-03-10T20:36:52.781+0000] {logging_mixin.py:190} INFO - [2025-03-10T20:36:52.780+0000] {dag.py:4180} INFO - Setting next_dagrun for example_bash_decorator to None, run_after=None
[2025-03-10T20:36:52.800+0000] {processor.py:208} INFO - Processing /home/airflow/.local/lib/python3.12/site-packages/airflow/example_dags/example_bash_decorator.py took 0.092 seconds
[2025-03-10T20:37:24.059+0000] {processor.py:186} INFO - Started process (PID=1000) to work on /home/airflow/.local/lib/python3.12/site-packages/airflow/example_dags/example_bash_decorator.py
[2025-03-10T20:37:24.060+0000] {processor.py:914} INFO - Processing file /home/airflow/.local/lib/python3.12/site-packages/airflow/example_dags/example_bash_decorator.py for tasks to queue
[2025-03-10T20:37:24.062+0000] {logging_mixin.py:190} INFO - [2025-03-10T20:37:24.062+0000] {dagbag.py:588} INFO - Filling up the DagBag from /home/airflow/.local/lib/python3.12/site-packages/airflow/example_dags/example_bash_decorator.py
[2025-03-10T20:37:24.080+0000] {processor.py:925} INFO - DAG(s) 'example_bash_decorator' retrieved from /home/airflow/.local/lib/python3.12/site-packages/airflow/example_dags/example_bash_decorator.py
[2025-03-10T20:37:24.111+0000] {logging_mixin.py:190} INFO - [2025-03-10T20:37:24.111+0000] {dag.py:3239} INFO - Sync 1 DAGs
[2025-03-10T20:37:24.129+0000] {logging_mixin.py:190} INFO - [2025-03-10T20:37:24.128+0000] {dag.py:4180} INFO - Setting next_dagrun for example_bash_decorator to None, run_after=None
[2025-03-10T20:37:24.149+0000] {processor.py:208} INFO - Processing /home/airflow/.local/lib/python3.12/site-packages/airflow/example_dags/example_bash_decorator.py took 0.097 seconds
[2025-03-10T20:37:55.753+0000] {processor.py:186} INFO - Started process (PID=1063) to work on /home/airflow/.local/lib/python3.12/site-packages/airflow/example_dags/example_bash_decorator.py
[2025-03-10T20:37:55.754+0000] {processor.py:914} INFO - Processing file /home/airflow/.local/lib/python3.12/site-packages/airflow/example_dags/example_bash_decorator.py for tasks to queue
[2025-03-10T20:37:55.757+0000] {logging_mixin.py:190} INFO - [2025-03-10T20:37:55.756+0000] {dagbag.py:588} INFO - Filling up the DagBag from /home/airflow/.local/lib/python3.12/site-packages/airflow/example_dags/example_bash_decorator.py
[2025-03-10T20:37:55.775+0000] {processor.py:925} INFO - DAG(s) 'example_bash_decorator' retrieved from /home/airflow/.local/lib/python3.12/site-packages/airflow/example_dags/example_bash_decorator.py
[2025-03-10T20:37:55.811+0000] {logging_mixin.py:190} INFO - [2025-03-10T20:37:55.811+0000] {dag.py:3239} INFO - Sync 1 DAGs
[2025-03-10T20:37:55.828+0000] {logging_mixin.py:190} INFO - [2025-03-10T20:37:55.828+0000] {dag.py:4180} INFO - Setting next_dagrun for example_bash_decorator to None, run_after=None
[2025-03-10T20:37:55.849+0000] {processor.py:208} INFO - Processing /home/airflow/.local/lib/python3.12/site-packages/airflow/example_dags/example_bash_decorator.py took 0.103 seconds
[2025-03-10T20:38:26.932+0000] {processor.py:186} INFO - Started process (PID=1126) to work on /home/airflow/.local/lib/python3.12/site-packages/airflow/example_dags/example_bash_decorator.py
[2025-03-10T20:38:26.933+0000] {processor.py:914} INFO - Processing file /home/airflow/.local/lib/python3.12/site-packages/airflow/example_dags/example_bash_decorator.py for tasks to queue
[2025-03-10T20:38:26.935+0000] {logging_mixin.py:190} INFO - [2025-03-10T20:38:26.935+0000] {dagbag.py:588} INFO - Filling up the DagBag from /home/airflow/.local/lib/python3.12/site-packages/airflow/example_dags/example_bash_decorator.py
[2025-03-10T20:38:26.953+0000] {processor.py:925} INFO - DAG(s) 'example_bash_decorator' retrieved from /home/airflow/.local/lib/python3.12/site-packages/airflow/example_dags/example_bash_decorator.py
[2025-03-10T20:38:26.982+0000] {logging_mixin.py:190} INFO - [2025-03-10T20:38:26.982+0000] {dag.py:3239} INFO - Sync 1 DAGs
[2025-03-10T20:38:26.999+0000] {logging_mixin.py:190} INFO - [2025-03-10T20:38:26.999+0000] {dag.py:4180} INFO - Setting next_dagrun for example_bash_decorator to None, run_after=None
[2025-03-10T20:38:27.018+0000] {processor.py:208} INFO - Processing /home/airflow/.local/lib/python3.12/site-packages/airflow/example_dags/example_bash_decorator.py took 0.094 seconds
[2025-03-10T20:38:57.514+0000] {processor.py:186} INFO - Started process (PID=1189) to work on /home/airflow/.local/lib/python3.12/site-packages/airflow/example_dags/example_bash_decorator.py
[2025-03-10T20:38:57.515+0000] {processor.py:914} INFO - Processing file /home/airflow/.local/lib/python3.12/site-packages/airflow/example_dags/example_bash_decorator.py for tasks to queue
[2025-03-10T20:38:57.519+0000] {logging_mixin.py:190} INFO - [2025-03-10T20:38:57.518+0000] {dagbag.py:588} INFO - Filling up the DagBag from /home/airflow/.local/lib/python3.12/site-packages/airflow/example_dags/example_bash_decorator.py
[2025-03-10T20:38:57.538+0000] {processor.py:925} INFO - DAG(s) 'example_bash_decorator' retrieved from /home/airflow/.local/lib/python3.12/site-packages/airflow/example_dags/example_bash_decorator.py
[2025-03-10T20:38:57.567+0000] {logging_mixin.py:190} INFO - [2025-03-10T20:38:57.566+0000] {dag.py:3239} INFO - Sync 1 DAGs
[2025-03-10T20:38:57.586+0000] {logging_mixin.py:190} INFO - [2025-03-10T20:38:57.585+0000] {dag.py:4180} INFO - Setting next_dagrun for example_bash_decorator to None, run_after=None
[2025-03-10T20:38:57.606+0000] {processor.py:208} INFO - Processing /home/airflow/.local/lib/python3.12/site-packages/airflow/example_dags/example_bash_decorator.py took 0.100 seconds
[2025-03-10T20:39:28.499+0000] {processor.py:186} INFO - Started process (PID=1252) to work on /home/airflow/.local/lib/python3.12/site-packages/airflow/example_dags/example_bash_decorator.py
[2025-03-10T20:39:28.500+0000] {processor.py:914} INFO - Processing file /home/airflow/.local/lib/python3.12/site-packages/airflow/example_dags/example_bash_decorator.py for tasks to queue
[2025-03-10T20:39:28.503+0000] {logging_mixin.py:190} INFO - [2025-03-10T20:39:28.503+0000] {dagbag.py:588} INFO - Filling up the DagBag from /home/airflow/.local/lib/python3.12/site-packages/airflow/example_dags/example_bash_decorator.py
[2025-03-10T20:39:28.521+0000] {processor.py:925} INFO - DAG(s) 'example_bash_decorator' retrieved from /home/airflow/.local/lib/python3.12/site-packages/airflow/example_dags/example_bash_decorator.py
[2025-03-10T20:39:28.549+0000] {logging_mixin.py:190} INFO - [2025-03-10T20:39:28.549+0000] {dag.py:3239} INFO - Sync 1 DAGs
[2025-03-10T20:39:28.567+0000] {logging_mixin.py:190} INFO - [2025-03-10T20:39:28.567+0000] {dag.py:4180} INFO - Setting next_dagrun for example_bash_decorator to None, run_after=None
[2025-03-10T20:39:28.586+0000] {processor.py:208} INFO - Processing /home/airflow/.local/lib/python3.12/site-packages/airflow/example_dags/example_bash_decorator.py took 0.094 seconds
[2025-03-10T20:39:59.188+0000] {processor.py:186} INFO - Started process (PID=1315) to work on /home/airflow/.local/lib/python3.12/site-packages/airflow/example_dags/example_bash_decorator.py
[2025-03-10T20:39:59.189+0000] {processor.py:914} INFO - Processing file /home/airflow/.local/lib/python3.12/site-packages/airflow/example_dags/example_bash_decorator.py for tasks to queue
[2025-03-10T20:39:59.192+0000] {logging_mixin.py:190} INFO - [2025-03-10T20:39:59.192+0000] {dagbag.py:588} INFO - Filling up the DagBag from /home/airflow/.local/lib/python3.12/site-packages/airflow/example_dags/example_bash_decorator.py
[2025-03-10T20:39:59.212+0000] {processor.py:925} INFO - DAG(s) 'example_bash_decorator' retrieved from /home/airflow/.local/lib/python3.12/site-packages/airflow/example_dags/example_bash_decorator.py
[2025-03-10T20:39:59.244+0000] {logging_mixin.py:190} INFO - [2025-03-10T20:39:59.243+0000] {dag.py:3239} INFO - Sync 1 DAGs
[2025-03-10T20:39:59.262+0000] {logging_mixin.py:190} INFO - [2025-03-10T20:39:59.262+0000] {dag.py:4180} INFO - Setting next_dagrun for example_bash_decorator to None, run_after=None
[2025-03-10T20:39:59.283+0000] {processor.py:208} INFO - Processing /home/airflow/.local/lib/python3.12/site-packages/airflow/example_dags/example_bash_decorator.py took 0.104 seconds
[2025-03-10T20:40:30.188+0000] {processor.py:186} INFO - Started process (PID=1378) to work on /home/airflow/.local/lib/python3.12/site-packages/airflow/example_dags/example_bash_decorator.py
[2025-03-10T20:40:30.189+0000] {processor.py:914} INFO - Processing file /home/airflow/.local/lib/python3.12/site-packages/airflow/example_dags/example_bash_decorator.py for tasks to queue
[2025-03-10T20:40:30.192+0000] {logging_mixin.py:190} INFO - [2025-03-10T20:40:30.192+0000] {dagbag.py:588} INFO - Filling up the DagBag from /home/airflow/.local/lib/python3.12/site-packages/airflow/example_dags/example_bash_decorator.py
[2025-03-10T20:40:30.219+0000] {processor.py:925} INFO - DAG(s) 'example_bash_decorator' retrieved from /home/airflow/.local/lib/python3.12/site-packages/airflow/example_dags/example_bash_decorator.py
[2025-03-10T20:40:30.248+0000] {logging_mixin.py:190} INFO - [2025-03-10T20:40:30.248+0000] {dag.py:3239} INFO - Sync 1 DAGs
[2025-03-10T20:40:30.269+0000] {logging_mixin.py:190} INFO - [2025-03-10T20:40:30.268+0000] {dag.py:4180} INFO - Setting next_dagrun for example_bash_decorator to None, run_after=None
[2025-03-10T20:40:30.290+0000] {processor.py:208} INFO - Processing /home/airflow/.local/lib/python3.12/site-packages/airflow/example_dags/example_bash_decorator.py took 0.108 seconds
[2025-03-10T20:41:01.570+0000] {processor.py:186} INFO - Started process (PID=1441) to work on /home/airflow/.local/lib/python3.12/site-packages/airflow/example_dags/example_bash_decorator.py
[2025-03-10T20:41:01.571+0000] {processor.py:914} INFO - Processing file /home/airflow/.local/lib/python3.12/site-packages/airflow/example_dags/example_bash_decorator.py for tasks to queue
[2025-03-10T20:41:01.573+0000] {logging_mixin.py:190} INFO - [2025-03-10T20:41:01.573+0000] {dagbag.py:588} INFO - Filling up the DagBag from /home/airflow/.local/lib/python3.12/site-packages/airflow/example_dags/example_bash_decorator.py
[2025-03-10T20:41:01.591+0000] {processor.py:925} INFO - DAG(s) 'example_bash_decorator' retrieved from /home/airflow/.local/lib/python3.12/site-packages/airflow/example_dags/example_bash_decorator.py
[2025-03-10T20:41:01.620+0000] {logging_mixin.py:190} INFO - [2025-03-10T20:41:01.620+0000] {dag.py:3239} INFO - Sync 1 DAGs
[2025-03-10T20:41:01.639+0000] {logging_mixin.py:190} INFO - [2025-03-10T20:41:01.638+0000] {dag.py:4180} INFO - Setting next_dagrun for example_bash_decorator to None, run_after=None
[2025-03-10T20:41:01.660+0000] {processor.py:208} INFO - Processing /home/airflow/.local/lib/python3.12/site-packages/airflow/example_dags/example_bash_decorator.py took 0.097 seconds
[2025-03-10T20:41:32.403+0000] {processor.py:186} INFO - Started process (PID=1504) to work on /home/airflow/.local/lib/python3.12/site-packages/airflow/example_dags/example_bash_decorator.py
[2025-03-10T20:41:32.404+0000] {processor.py:914} INFO - Processing file /home/airflow/.local/lib/python3.12/site-packages/airflow/example_dags/example_bash_decorator.py for tasks to queue
[2025-03-10T20:41:32.406+0000] {logging_mixin.py:190} INFO - [2025-03-10T20:41:32.406+0000] {dagbag.py:588} INFO - Filling up the DagBag from /home/airflow/.local/lib/python3.12/site-packages/airflow/example_dags/example_bash_decorator.py
[2025-03-10T20:41:32.424+0000] {processor.py:925} INFO - DAG(s) 'example_bash_decorator' retrieved from /home/airflow/.local/lib/python3.12/site-packages/airflow/example_dags/example_bash_decorator.py
[2025-03-10T20:41:32.453+0000] {logging_mixin.py:190} INFO - [2025-03-10T20:41:32.453+0000] {dag.py:3239} INFO - Sync 1 DAGs
[2025-03-10T20:41:32.470+0000] {logging_mixin.py:190} INFO - [2025-03-10T20:41:32.470+0000] {dag.py:4180} INFO - Setting next_dagrun for example_bash_decorator to None, run_after=None
[2025-03-10T20:41:32.491+0000] {processor.py:208} INFO - Processing /home/airflow/.local/lib/python3.12/site-packages/airflow/example_dags/example_bash_decorator.py took 0.095 seconds
[2025-03-10T20:42:03.007+0000] {processor.py:186} INFO - Started process (PID=1567) to work on /home/airflow/.local/lib/python3.12/site-packages/airflow/example_dags/example_bash_decorator.py
[2025-03-10T20:42:03.009+0000] {processor.py:914} INFO - Processing file /home/airflow/.local/lib/python3.12/site-packages/airflow/example_dags/example_bash_decorator.py for tasks to queue
[2025-03-10T20:42:03.011+0000] {logging_mixin.py:190} INFO - [2025-03-10T20:42:03.011+0000] {dagbag.py:588} INFO - Filling up the DagBag from /home/airflow/.local/lib/python3.12/site-packages/airflow/example_dags/example_bash_decorator.py
[2025-03-10T20:42:03.029+0000] {processor.py:925} INFO - DAG(s) 'example_bash_decorator' retrieved from /home/airflow/.local/lib/python3.12/site-packages/airflow/example_dags/example_bash_decorator.py
[2025-03-10T20:42:03.058+0000] {logging_mixin.py:190} INFO - [2025-03-10T20:42:03.058+0000] {dag.py:3239} INFO - Sync 1 DAGs
[2025-03-10T20:42:03.076+0000] {logging_mixin.py:190} INFO - [2025-03-10T20:42:03.076+0000] {dag.py:4180} INFO - Setting next_dagrun for example_bash_decorator to None, run_after=None
[2025-03-10T20:42:03.100+0000] {processor.py:208} INFO - Processing /home/airflow/.local/lib/python3.12/site-packages/airflow/example_dags/example_bash_decorator.py took 0.099 seconds
[2025-03-10T20:42:34.290+0000] {processor.py:186} INFO - Started process (PID=1630) to work on /home/airflow/.local/lib/python3.12/site-packages/airflow/example_dags/example_bash_decorator.py
[2025-03-10T20:42:34.291+0000] {processor.py:914} INFO - Processing file /home/airflow/.local/lib/python3.12/site-packages/airflow/example_dags/example_bash_decorator.py for tasks to queue
[2025-03-10T20:42:34.293+0000] {logging_mixin.py:190} INFO - [2025-03-10T20:42:34.293+0000] {dagbag.py:588} INFO - Filling up the DagBag from /home/airflow/.local/lib/python3.12/site-packages/airflow/example_dags/example_bash_decorator.py
[2025-03-10T20:42:34.312+0000] {processor.py:925} INFO - DAG(s) 'example_bash_decorator' retrieved from /home/airflow/.local/lib/python3.12/site-packages/airflow/example_dags/example_bash_decorator.py
[2025-03-10T20:42:34.348+0000] {logging_mixin.py:190} INFO - [2025-03-10T20:42:34.348+0000] {dag.py:3239} INFO - Sync 1 DAGs
[2025-03-10T20:42:34.368+0000] {logging_mixin.py:190} INFO - [2025-03-10T20:42:34.368+0000] {dag.py:4180} INFO - Setting next_dagrun for example_bash_decorator to None, run_after=None
[2025-03-10T20:42:34.389+0000] {processor.py:208} INFO - Processing /home/airflow/.local/lib/python3.12/site-packages/airflow/example_dags/example_bash_decorator.py took 0.106 seconds
[2025-03-10T20:43:05.307+0000] {processor.py:186} INFO - Started process (PID=1693) to work on /home/airflow/.local/lib/python3.12/site-packages/airflow/example_dags/example_bash_decorator.py
[2025-03-10T20:43:05.308+0000] {processor.py:914} INFO - Processing file /home/airflow/.local/lib/python3.12/site-packages/airflow/example_dags/example_bash_decorator.py for tasks to queue
[2025-03-10T20:43:05.311+0000] {logging_mixin.py:190} INFO - [2025-03-10T20:43:05.310+0000] {dagbag.py:588} INFO - Filling up the DagBag from /home/airflow/.local/lib/python3.12/site-packages/airflow/example_dags/example_bash_decorator.py
[2025-03-10T20:43:05.329+0000] {processor.py:925} INFO - DAG(s) 'example_bash_decorator' retrieved from /home/airflow/.local/lib/python3.12/site-packages/airflow/example_dags/example_bash_decorator.py
[2025-03-10T20:43:05.359+0000] {logging_mixin.py:190} INFO - [2025-03-10T20:43:05.359+0000] {dag.py:3239} INFO - Sync 1 DAGs
[2025-03-10T20:43:05.376+0000] {logging_mixin.py:190} INFO - [2025-03-10T20:43:05.376+0000] {dag.py:4180} INFO - Setting next_dagrun for example_bash_decorator to None, run_after=None
[2025-03-10T20:43:05.398+0000] {processor.py:208} INFO - Processing /home/airflow/.local/lib/python3.12/site-packages/airflow/example_dags/example_bash_decorator.py took 0.099 seconds
[2025-03-10T20:43:36.022+0000] {processor.py:186} INFO - Started process (PID=1756) to work on /home/airflow/.local/lib/python3.12/site-packages/airflow/example_dags/example_bash_decorator.py
[2025-03-10T20:43:36.023+0000] {processor.py:914} INFO - Processing file /home/airflow/.local/lib/python3.12/site-packages/airflow/example_dags/example_bash_decorator.py for tasks to queue
[2025-03-10T20:43:36.025+0000] {logging_mixin.py:190} INFO - [2025-03-10T20:43:36.025+0000] {dagbag.py:588} INFO - Filling up the DagBag from /home/airflow/.local/lib/python3.12/site-packages/airflow/example_dags/example_bash_decorator.py
[2025-03-10T20:43:36.044+0000] {processor.py:925} INFO - DAG(s) 'example_bash_decorator' retrieved from /home/airflow/.local/lib/python3.12/site-packages/airflow/example_dags/example_bash_decorator.py
[2025-03-10T20:43:36.078+0000] {logging_mixin.py:190} INFO - [2025-03-10T20:43:36.078+0000] {dag.py:3239} INFO - Sync 1 DAGs
[2025-03-10T20:43:36.096+0000] {logging_mixin.py:190} INFO - [2025-03-10T20:43:36.096+0000] {dag.py:4180} INFO - Setting next_dagrun for example_bash_decorator to None, run_after=None
[2025-03-10T20:43:36.116+0000] {processor.py:208} INFO - Processing /home/airflow/.local/lib/python3.12/site-packages/airflow/example_dags/example_bash_decorator.py took 0.103 seconds
[2025-03-10T20:44:06.857+0000] {processor.py:186} INFO - Started process (PID=1819) to work on /home/airflow/.local/lib/python3.12/site-packages/airflow/example_dags/example_bash_decorator.py
[2025-03-10T20:44:06.858+0000] {processor.py:914} INFO - Processing file /home/airflow/.local/lib/python3.12/site-packages/airflow/example_dags/example_bash_decorator.py for tasks to queue
[2025-03-10T20:44:06.861+0000] {logging_mixin.py:190} INFO - [2025-03-10T20:44:06.860+0000] {dagbag.py:588} INFO - Filling up the DagBag from /home/airflow/.local/lib/python3.12/site-packages/airflow/example_dags/example_bash_decorator.py
[2025-03-10T20:44:06.878+0000] {processor.py:925} INFO - DAG(s) 'example_bash_decorator' retrieved from /home/airflow/.local/lib/python3.12/site-packages/airflow/example_dags/example_bash_decorator.py
[2025-03-10T20:44:06.909+0000] {logging_mixin.py:190} INFO - [2025-03-10T20:44:06.909+0000] {dag.py:3239} INFO - Sync 1 DAGs
[2025-03-10T20:44:06.927+0000] {logging_mixin.py:190} INFO - [2025-03-10T20:44:06.926+0000] {dag.py:4180} INFO - Setting next_dagrun for example_bash_decorator to None, run_after=None
[2025-03-10T20:44:06.947+0000] {processor.py:208} INFO - Processing /home/airflow/.local/lib/python3.12/site-packages/airflow/example_dags/example_bash_decorator.py took 0.096 seconds
[2025-03-10T20:44:38.801+0000] {processor.py:186} INFO - Started process (PID=1882) to work on /home/airflow/.local/lib/python3.12/site-packages/airflow/example_dags/example_bash_decorator.py
[2025-03-10T20:44:38.802+0000] {processor.py:914} INFO - Processing file /home/airflow/.local/lib/python3.12/site-packages/airflow/example_dags/example_bash_decorator.py for tasks to queue
[2025-03-10T20:44:38.805+0000] {logging_mixin.py:190} INFO - [2025-03-10T20:44:38.805+0000] {dagbag.py:588} INFO - Filling up the DagBag from /home/airflow/.local/lib/python3.12/site-packages/airflow/example_dags/example_bash_decorator.py
[2025-03-10T20:44:38.824+0000] {processor.py:925} INFO - DAG(s) 'example_bash_decorator' retrieved from /home/airflow/.local/lib/python3.12/site-packages/airflow/example_dags/example_bash_decorator.py
[2025-03-10T20:44:38.852+0000] {logging_mixin.py:190} INFO - [2025-03-10T20:44:38.852+0000] {dag.py:3239} INFO - Sync 1 DAGs
[2025-03-10T20:44:39.111+0000] {logging_mixin.py:190} INFO - [2025-03-10T20:44:39.111+0000] {dag.py:4180} INFO - Setting next_dagrun for example_bash_decorator to None, run_after=None
[2025-03-10T20:44:39.135+0000] {processor.py:208} INFO - Processing /home/airflow/.local/lib/python3.12/site-packages/airflow/example_dags/example_bash_decorator.py took 0.341 seconds
[2025-03-10T20:45:09.640+0000] {processor.py:186} INFO - Started process (PID=1945) to work on /home/airflow/.local/lib/python3.12/site-packages/airflow/example_dags/example_bash_decorator.py
[2025-03-10T20:45:09.641+0000] {processor.py:914} INFO - Processing file /home/airflow/.local/lib/python3.12/site-packages/airflow/example_dags/example_bash_decorator.py for tasks to queue
[2025-03-10T20:45:09.644+0000] {logging_mixin.py:190} INFO - [2025-03-10T20:45:09.643+0000] {dagbag.py:588} INFO - Filling up the DagBag from /home/airflow/.local/lib/python3.12/site-packages/airflow/example_dags/example_bash_decorator.py
[2025-03-10T20:45:09.662+0000] {processor.py:925} INFO - DAG(s) 'example_bash_decorator' retrieved from /home/airflow/.local/lib/python3.12/site-packages/airflow/example_dags/example_bash_decorator.py
[2025-03-10T20:45:09.692+0000] {logging_mixin.py:190} INFO - [2025-03-10T20:45:09.691+0000] {dag.py:3239} INFO - Sync 1 DAGs
[2025-03-10T20:45:09.710+0000] {logging_mixin.py:190} INFO - [2025-03-10T20:45:09.710+0000] {dag.py:4180} INFO - Setting next_dagrun for example_bash_decorator to None, run_after=None
[2025-03-10T20:45:09.733+0000] {processor.py:208} INFO - Processing /home/airflow/.local/lib/python3.12/site-packages/airflow/example_dags/example_bash_decorator.py took 0.100 seconds
[2025-03-10T20:45:40.278+0000] {processor.py:186} INFO - Started process (PID=2008) to work on /home/airflow/.local/lib/python3.12/site-packages/airflow/example_dags/example_bash_decorator.py
[2025-03-10T20:45:40.279+0000] {processor.py:914} INFO - Processing file /home/airflow/.local/lib/python3.12/site-packages/airflow/example_dags/example_bash_decorator.py for tasks to queue
[2025-03-10T20:45:40.282+0000] {logging_mixin.py:190} INFO - [2025-03-10T20:45:40.281+0000] {dagbag.py:588} INFO - Filling up the DagBag from /home/airflow/.local/lib/python3.12/site-packages/airflow/example_dags/example_bash_decorator.py
[2025-03-10T20:45:40.299+0000] {processor.py:925} INFO - DAG(s) 'example_bash_decorator' retrieved from /home/airflow/.local/lib/python3.12/site-packages/airflow/example_dags/example_bash_decorator.py
[2025-03-10T20:45:40.329+0000] {logging_mixin.py:190} INFO - [2025-03-10T20:45:40.329+0000] {dag.py:3239} INFO - Sync 1 DAGs
[2025-03-10T20:45:40.352+0000] {logging_mixin.py:190} INFO - [2025-03-10T20:45:40.351+0000] {dag.py:4180} INFO - Setting next_dagrun for example_bash_decorator to None, run_after=None
[2025-03-10T20:45:40.373+0000] {processor.py:208} INFO - Processing /home/airflow/.local/lib/python3.12/site-packages/airflow/example_dags/example_bash_decorator.py took 0.102 seconds
[2025-03-10T20:46:12.574+0000] {processor.py:186} INFO - Started process (PID=2077) to work on /home/airflow/.local/lib/python3.12/site-packages/airflow/example_dags/example_bash_decorator.py
[2025-03-10T20:46:12.575+0000] {processor.py:914} INFO - Processing file /home/airflow/.local/lib/python3.12/site-packages/airflow/example_dags/example_bash_decorator.py for tasks to queue
[2025-03-10T20:46:12.578+0000] {logging_mixin.py:190} INFO - [2025-03-10T20:46:12.578+0000] {dagbag.py:588} INFO - Filling up the DagBag from /home/airflow/.local/lib/python3.12/site-packages/airflow/example_dags/example_bash_decorator.py
[2025-03-10T20:46:12.598+0000] {processor.py:925} INFO - DAG(s) 'example_bash_decorator' retrieved from /home/airflow/.local/lib/python3.12/site-packages/airflow/example_dags/example_bash_decorator.py
[2025-03-10T20:46:12.879+0000] {logging_mixin.py:190} INFO - [2025-03-10T20:46:12.879+0000] {dag.py:3239} INFO - Sync 1 DAGs
[2025-03-10T20:46:12.894+0000] {logging_mixin.py:190} INFO - [2025-03-10T20:46:12.894+0000] {dag.py:4180} INFO - Setting next_dagrun for example_bash_decorator to None, run_after=None
[2025-03-10T20:46:12.912+0000] {processor.py:208} INFO - Processing /home/airflow/.local/lib/python3.12/site-packages/airflow/example_dags/example_bash_decorator.py took 0.346 seconds
[2025-03-10T20:46:43.372+0000] {processor.py:186} INFO - Started process (PID=2140) to work on /home/airflow/.local/lib/python3.12/site-packages/airflow/example_dags/example_bash_decorator.py
[2025-03-10T20:46:43.373+0000] {processor.py:914} INFO - Processing file /home/airflow/.local/lib/python3.12/site-packages/airflow/example_dags/example_bash_decorator.py for tasks to queue
[2025-03-10T20:46:43.376+0000] {logging_mixin.py:190} INFO - [2025-03-10T20:46:43.376+0000] {dagbag.py:588} INFO - Filling up the DagBag from /home/airflow/.local/lib/python3.12/site-packages/airflow/example_dags/example_bash_decorator.py
[2025-03-10T20:46:43.398+0000] {processor.py:925} INFO - DAG(s) 'example_bash_decorator' retrieved from /home/airflow/.local/lib/python3.12/site-packages/airflow/example_dags/example_bash_decorator.py
[2025-03-10T20:46:43.695+0000] {logging_mixin.py:190} INFO - [2025-03-10T20:46:43.694+0000] {dag.py:3239} INFO - Sync 1 DAGs
[2025-03-10T20:46:43.710+0000] {logging_mixin.py:190} INFO - [2025-03-10T20:46:43.710+0000] {dag.py:4180} INFO - Setting next_dagrun for example_bash_decorator to None, run_after=None
[2025-03-10T20:46:43.730+0000] {processor.py:208} INFO - Processing /home/airflow/.local/lib/python3.12/site-packages/airflow/example_dags/example_bash_decorator.py took 0.367 seconds
[2025-03-10T20:47:14.314+0000] {processor.py:186} INFO - Started process (PID=2203) to work on /home/airflow/.local/lib/python3.12/site-packages/airflow/example_dags/example_bash_decorator.py
[2025-03-10T20:47:14.315+0000] {processor.py:914} INFO - Processing file /home/airflow/.local/lib/python3.12/site-packages/airflow/example_dags/example_bash_decorator.py for tasks to queue
[2025-03-10T20:47:14.319+0000] {logging_mixin.py:190} INFO - [2025-03-10T20:47:14.318+0000] {dagbag.py:588} INFO - Filling up the DagBag from /home/airflow/.local/lib/python3.12/site-packages/airflow/example_dags/example_bash_decorator.py
[2025-03-10T20:47:14.337+0000] {processor.py:925} INFO - DAG(s) 'example_bash_decorator' retrieved from /home/airflow/.local/lib/python3.12/site-packages/airflow/example_dags/example_bash_decorator.py
[2025-03-10T20:47:14.366+0000] {logging_mixin.py:190} INFO - [2025-03-10T20:47:14.366+0000] {dag.py:3239} INFO - Sync 1 DAGs
[2025-03-10T20:47:14.385+0000] {logging_mixin.py:190} INFO - [2025-03-10T20:47:14.384+0000] {dag.py:4180} INFO - Setting next_dagrun for example_bash_decorator to None, run_after=None
[2025-03-10T20:47:14.404+0000] {processor.py:208} INFO - Processing /home/airflow/.local/lib/python3.12/site-packages/airflow/example_dags/example_bash_decorator.py took 0.098 seconds
[2025-03-10T20:47:45.023+0000] {processor.py:186} INFO - Started process (PID=2266) to work on /home/airflow/.local/lib/python3.12/site-packages/airflow/example_dags/example_bash_decorator.py
[2025-03-10T20:47:45.024+0000] {processor.py:914} INFO - Processing file /home/airflow/.local/lib/python3.12/site-packages/airflow/example_dags/example_bash_decorator.py for tasks to queue
[2025-03-10T20:47:45.027+0000] {logging_mixin.py:190} INFO - [2025-03-10T20:47:45.026+0000] {dagbag.py:588} INFO - Filling up the DagBag from /home/airflow/.local/lib/python3.12/site-packages/airflow/example_dags/example_bash_decorator.py
[2025-03-10T20:47:45.049+0000] {processor.py:925} INFO - DAG(s) 'example_bash_decorator' retrieved from /home/airflow/.local/lib/python3.12/site-packages/airflow/example_dags/example_bash_decorator.py
[2025-03-10T20:47:45.078+0000] {logging_mixin.py:190} INFO - [2025-03-10T20:47:45.078+0000] {dag.py:3239} INFO - Sync 1 DAGs
[2025-03-10T20:47:45.095+0000] {logging_mixin.py:190} INFO - [2025-03-10T20:47:45.095+0000] {dag.py:4180} INFO - Setting next_dagrun for example_bash_decorator to None, run_after=None
[2025-03-10T20:47:45.115+0000] {processor.py:208} INFO - Processing /home/airflow/.local/lib/python3.12/site-packages/airflow/example_dags/example_bash_decorator.py took 0.099 seconds
[2025-03-10T20:48:15.493+0000] {processor.py:186} INFO - Started process (PID=2329) to work on /home/airflow/.local/lib/python3.12/site-packages/airflow/example_dags/example_bash_decorator.py
[2025-03-10T20:48:15.494+0000] {processor.py:914} INFO - Processing file /home/airflow/.local/lib/python3.12/site-packages/airflow/example_dags/example_bash_decorator.py for tasks to queue
[2025-03-10T20:48:15.497+0000] {logging_mixin.py:190} INFO - [2025-03-10T20:48:15.497+0000] {dagbag.py:588} INFO - Filling up the DagBag from /home/airflow/.local/lib/python3.12/site-packages/airflow/example_dags/example_bash_decorator.py
[2025-03-10T20:48:15.517+0000] {processor.py:925} INFO - DAG(s) 'example_bash_decorator' retrieved from /home/airflow/.local/lib/python3.12/site-packages/airflow/example_dags/example_bash_decorator.py
[2025-03-10T20:48:15.546+0000] {logging_mixin.py:190} INFO - [2025-03-10T20:48:15.546+0000] {dag.py:3239} INFO - Sync 1 DAGs
[2025-03-10T20:48:15.563+0000] {logging_mixin.py:190} INFO - [2025-03-10T20:48:15.563+0000] {dag.py:4180} INFO - Setting next_dagrun for example_bash_decorator to None, run_after=None
[2025-03-10T20:48:15.583+0000] {processor.py:208} INFO - Processing /home/airflow/.local/lib/python3.12/site-packages/airflow/example_dags/example_bash_decorator.py took 0.098 seconds
[2025-03-10T20:48:46.064+0000] {processor.py:186} INFO - Started process (PID=2392) to work on /home/airflow/.local/lib/python3.12/site-packages/airflow/example_dags/example_bash_decorator.py
[2025-03-10T20:48:46.065+0000] {processor.py:914} INFO - Processing file /home/airflow/.local/lib/python3.12/site-packages/airflow/example_dags/example_bash_decorator.py for tasks to queue
[2025-03-10T20:48:46.068+0000] {logging_mixin.py:190} INFO - [2025-03-10T20:48:46.068+0000] {dagbag.py:588} INFO - Filling up the DagBag from /home/airflow/.local/lib/python3.12/site-packages/airflow/example_dags/example_bash_decorator.py
[2025-03-10T20:48:46.091+0000] {processor.py:925} INFO - DAG(s) 'example_bash_decorator' retrieved from /home/airflow/.local/lib/python3.12/site-packages/airflow/example_dags/example_bash_decorator.py
[2025-03-10T20:48:46.120+0000] {logging_mixin.py:190} INFO - [2025-03-10T20:48:46.120+0000] {dag.py:3239} INFO - Sync 1 DAGs
[2025-03-10T20:48:46.140+0000] {logging_mixin.py:190} INFO - [2025-03-10T20:48:46.139+0000] {dag.py:4180} INFO - Setting next_dagrun for example_bash_decorator to None, run_after=None
[2025-03-10T20:48:46.159+0000] {processor.py:208} INFO - Processing /home/airflow/.local/lib/python3.12/site-packages/airflow/example_dags/example_bash_decorator.py took 0.103 seconds
[2025-03-10T20:49:16.668+0000] {processor.py:186} INFO - Started process (PID=2455) to work on /home/airflow/.local/lib/python3.12/site-packages/airflow/example_dags/example_bash_decorator.py
[2025-03-10T20:49:16.669+0000] {processor.py:914} INFO - Processing file /home/airflow/.local/lib/python3.12/site-packages/airflow/example_dags/example_bash_decorator.py for tasks to queue
[2025-03-10T20:49:16.672+0000] {logging_mixin.py:190} INFO - [2025-03-10T20:49:16.672+0000] {dagbag.py:588} INFO - Filling up the DagBag from /home/airflow/.local/lib/python3.12/site-packages/airflow/example_dags/example_bash_decorator.py
[2025-03-10T20:49:16.690+0000] {processor.py:925} INFO - DAG(s) 'example_bash_decorator' retrieved from /home/airflow/.local/lib/python3.12/site-packages/airflow/example_dags/example_bash_decorator.py
[2025-03-10T20:49:16.718+0000] {logging_mixin.py:190} INFO - [2025-03-10T20:49:16.718+0000] {dag.py:3239} INFO - Sync 1 DAGs
[2025-03-10T20:49:16.737+0000] {logging_mixin.py:190} INFO - [2025-03-10T20:49:16.737+0000] {dag.py:4180} INFO - Setting next_dagrun for example_bash_decorator to None, run_after=None
[2025-03-10T20:49:16.757+0000] {processor.py:208} INFO - Processing /home/airflow/.local/lib/python3.12/site-packages/airflow/example_dags/example_bash_decorator.py took 0.096 seconds
[2025-03-10T20:49:47.036+0000] {processor.py:186} INFO - Started process (PID=2518) to work on /home/airflow/.local/lib/python3.12/site-packages/airflow/example_dags/example_bash_decorator.py
[2025-03-10T20:49:47.037+0000] {processor.py:914} INFO - Processing file /home/airflow/.local/lib/python3.12/site-packages/airflow/example_dags/example_bash_decorator.py for tasks to queue
[2025-03-10T20:49:47.040+0000] {logging_mixin.py:190} INFO - [2025-03-10T20:49:47.040+0000] {dagbag.py:588} INFO - Filling up the DagBag from /home/airflow/.local/lib/python3.12/site-packages/airflow/example_dags/example_bash_decorator.py
[2025-03-10T20:49:47.058+0000] {processor.py:925} INFO - DAG(s) 'example_bash_decorator' retrieved from /home/airflow/.local/lib/python3.12/site-packages/airflow/example_dags/example_bash_decorator.py
[2025-03-10T20:49:47.088+0000] {logging_mixin.py:190} INFO - [2025-03-10T20:49:47.088+0000] {dag.py:3239} INFO - Sync 1 DAGs
[2025-03-10T20:49:47.108+0000] {logging_mixin.py:190} INFO - [2025-03-10T20:49:47.108+0000] {dag.py:4180} INFO - Setting next_dagrun for example_bash_decorator to None, run_after=None
[2025-03-10T20:49:47.129+0000] {processor.py:208} INFO - Processing /home/airflow/.local/lib/python3.12/site-packages/airflow/example_dags/example_bash_decorator.py took 0.100 seconds
[2025-03-10T20:50:17.636+0000] {processor.py:186} INFO - Started process (PID=2581) to work on /home/airflow/.local/lib/python3.12/site-packages/airflow/example_dags/example_bash_decorator.py
[2025-03-10T20:50:17.637+0000] {processor.py:914} INFO - Processing file /home/airflow/.local/lib/python3.12/site-packages/airflow/example_dags/example_bash_decorator.py for tasks to queue
[2025-03-10T20:50:17.640+0000] {logging_mixin.py:190} INFO - [2025-03-10T20:50:17.640+0000] {dagbag.py:588} INFO - Filling up the DagBag from /home/airflow/.local/lib/python3.12/site-packages/airflow/example_dags/example_bash_decorator.py
[2025-03-10T20:50:17.665+0000] {processor.py:925} INFO - DAG(s) 'example_bash_decorator' retrieved from /home/airflow/.local/lib/python3.12/site-packages/airflow/example_dags/example_bash_decorator.py
[2025-03-10T20:50:17.695+0000] {logging_mixin.py:190} INFO - [2025-03-10T20:50:17.694+0000] {dag.py:3239} INFO - Sync 1 DAGs
[2025-03-10T20:50:17.713+0000] {logging_mixin.py:190} INFO - [2025-03-10T20:50:17.713+0000] {dag.py:4180} INFO - Setting next_dagrun for example_bash_decorator to None, run_after=None
[2025-03-10T20:50:17.735+0000] {processor.py:208} INFO - Processing /home/airflow/.local/lib/python3.12/site-packages/airflow/example_dags/example_bash_decorator.py took 0.106 seconds
[2025-03-10T23:08:58.249+0000] {processor.py:186} INFO - Started process (PID=113) to work on /home/airflow/.local/lib/python3.12/site-packages/airflow/example_dags/example_bash_decorator.py
[2025-03-10T23:08:58.250+0000] {processor.py:914} INFO - Processing file /home/airflow/.local/lib/python3.12/site-packages/airflow/example_dags/example_bash_decorator.py for tasks to queue
[2025-03-10T23:08:58.252+0000] {logging_mixin.py:190} INFO - [2025-03-10T23:08:58.252+0000] {dagbag.py:588} INFO - Filling up the DagBag from /home/airflow/.local/lib/python3.12/site-packages/airflow/example_dags/example_bash_decorator.py
[2025-03-10T23:08:58.274+0000] {processor.py:925} INFO - DAG(s) 'example_bash_decorator' retrieved from /home/airflow/.local/lib/python3.12/site-packages/airflow/example_dags/example_bash_decorator.py
[2025-03-10T23:08:58.361+0000] {logging_mixin.py:190} INFO - [2025-03-10T23:08:58.360+0000] {dag.py:3239} INFO - Sync 1 DAGs
[2025-03-10T23:08:58.378+0000] {logging_mixin.py:190} INFO - [2025-03-10T23:08:58.378+0000] {dag.py:4180} INFO - Setting next_dagrun for example_bash_decorator to None, run_after=None
[2025-03-10T23:08:58.400+0000] {processor.py:208} INFO - Processing /home/airflow/.local/lib/python3.12/site-packages/airflow/example_dags/example_bash_decorator.py took 0.159 seconds
[2025-03-10T23:10:33.863+0000] {processor.py:186} INFO - Started process (PID=170) to work on /home/airflow/.local/lib/python3.12/site-packages/airflow/example_dags/example_bash_decorator.py
[2025-03-10T23:10:33.864+0000] {processor.py:914} INFO - Processing file /home/airflow/.local/lib/python3.12/site-packages/airflow/example_dags/example_bash_decorator.py for tasks to queue
[2025-03-10T23:10:33.865+0000] {logging_mixin.py:190} INFO - [2025-03-10T23:10:33.865+0000] {dagbag.py:588} INFO - Filling up the DagBag from /home/airflow/.local/lib/python3.12/site-packages/airflow/example_dags/example_bash_decorator.py
[2025-03-10T23:10:33.882+0000] {processor.py:925} INFO - DAG(s) 'example_bash_decorator' retrieved from /home/airflow/.local/lib/python3.12/site-packages/airflow/example_dags/example_bash_decorator.py
[2025-03-10T23:10:33.910+0000] {logging_mixin.py:190} INFO - [2025-03-10T23:10:33.909+0000] {dag.py:3239} INFO - Sync 1 DAGs
[2025-03-10T23:10:33.928+0000] {logging_mixin.py:190} INFO - [2025-03-10T23:10:33.928+0000] {dag.py:4180} INFO - Setting next_dagrun for example_bash_decorator to None, run_after=None
[2025-03-10T23:10:33.947+0000] {processor.py:208} INFO - Processing /home/airflow/.local/lib/python3.12/site-packages/airflow/example_dags/example_bash_decorator.py took 0.091 seconds
[2025-03-10T23:13:24.934+0000] {processor.py:186} INFO - Started process (PID=228) to work on /home/airflow/.local/lib/python3.12/site-packages/airflow/example_dags/example_bash_decorator.py
[2025-03-10T23:13:24.938+0000] {processor.py:914} INFO - Processing file /home/airflow/.local/lib/python3.12/site-packages/airflow/example_dags/example_bash_decorator.py for tasks to queue
[2025-03-10T23:13:24.943+0000] {logging_mixin.py:190} INFO - [2025-03-10T23:13:24.942+0000] {dagbag.py:588} INFO - Filling up the DagBag from /home/airflow/.local/lib/python3.12/site-packages/airflow/example_dags/example_bash_decorator.py
[2025-03-10T23:13:25.009+0000] {processor.py:925} INFO - DAG(s) 'example_bash_decorator' retrieved from /home/airflow/.local/lib/python3.12/site-packages/airflow/example_dags/example_bash_decorator.py
[2025-03-10T23:13:25.143+0000] {logging_mixin.py:190} INFO - [2025-03-10T23:13:25.142+0000] {dag.py:3239} INFO - Sync 1 DAGs
[2025-03-10T23:13:25.249+0000] {logging_mixin.py:190} INFO - [2025-03-10T23:13:25.248+0000] {dag.py:4180} INFO - Setting next_dagrun for example_bash_decorator to None, run_after=None
[2025-03-10T23:13:25.346+0000] {processor.py:208} INFO - Processing /home/airflow/.local/lib/python3.12/site-packages/airflow/example_dags/example_bash_decorator.py took 0.442 seconds
[2025-03-10T23:15:01.010+0000] {processor.py:186} INFO - Started process (PID=301) to work on /home/airflow/.local/lib/python3.12/site-packages/airflow/example_dags/example_bash_decorator.py
[2025-03-10T23:15:01.014+0000] {processor.py:914} INFO - Processing file /home/airflow/.local/lib/python3.12/site-packages/airflow/example_dags/example_bash_decorator.py for tasks to queue
[2025-03-10T23:15:01.018+0000] {logging_mixin.py:190} INFO - [2025-03-10T23:15:01.017+0000] {dagbag.py:588} INFO - Filling up the DagBag from /home/airflow/.local/lib/python3.12/site-packages/airflow/example_dags/example_bash_decorator.py
[2025-03-10T23:15:01.100+0000] {processor.py:925} INFO - DAG(s) 'example_bash_decorator' retrieved from /home/airflow/.local/lib/python3.12/site-packages/airflow/example_dags/example_bash_decorator.py
[2025-03-10T23:15:01.208+0000] {logging_mixin.py:190} INFO - [2025-03-10T23:15:01.207+0000] {dag.py:3239} INFO - Sync 1 DAGs
[2025-03-10T23:15:01.288+0000] {logging_mixin.py:190} INFO - [2025-03-10T23:15:01.287+0000] {dag.py:4180} INFO - Setting next_dagrun for example_bash_decorator to None, run_after=None
[2025-03-10T23:15:01.388+0000] {processor.py:208} INFO - Processing /home/airflow/.local/lib/python3.12/site-packages/airflow/example_dags/example_bash_decorator.py took 0.402 seconds
[2025-03-10T23:15:32.432+0000] {processor.py:186} INFO - Started process (PID=364) to work on /home/airflow/.local/lib/python3.12/site-packages/airflow/example_dags/example_bash_decorator.py
[2025-03-10T23:15:32.436+0000] {processor.py:914} INFO - Processing file /home/airflow/.local/lib/python3.12/site-packages/airflow/example_dags/example_bash_decorator.py for tasks to queue
[2025-03-10T23:15:32.443+0000] {logging_mixin.py:190} INFO - [2025-03-10T23:15:32.441+0000] {dagbag.py:588} INFO - Filling up the DagBag from /home/airflow/.local/lib/python3.12/site-packages/airflow/example_dags/example_bash_decorator.py
[2025-03-10T23:15:32.542+0000] {processor.py:925} INFO - DAG(s) 'example_bash_decorator' retrieved from /home/airflow/.local/lib/python3.12/site-packages/airflow/example_dags/example_bash_decorator.py
[2025-03-10T23:15:32.700+0000] {logging_mixin.py:190} INFO - [2025-03-10T23:15:32.699+0000] {dag.py:3239} INFO - Sync 1 DAGs
[2025-03-10T23:15:32.794+0000] {logging_mixin.py:190} INFO - [2025-03-10T23:15:32.793+0000] {dag.py:4180} INFO - Setting next_dagrun for example_bash_decorator to None, run_after=None
[2025-03-10T23:15:32.867+0000] {processor.py:208} INFO - Processing /home/airflow/.local/lib/python3.12/site-packages/airflow/example_dags/example_bash_decorator.py took 0.472 seconds
[2025-03-10T23:16:03.283+0000] {processor.py:186} INFO - Started process (PID=427) to work on /home/airflow/.local/lib/python3.12/site-packages/airflow/example_dags/example_bash_decorator.py
[2025-03-10T23:16:03.286+0000] {processor.py:914} INFO - Processing file /home/airflow/.local/lib/python3.12/site-packages/airflow/example_dags/example_bash_decorator.py for tasks to queue
[2025-03-10T23:16:03.290+0000] {logging_mixin.py:190} INFO - [2025-03-10T23:16:03.289+0000] {dagbag.py:588} INFO - Filling up the DagBag from /home/airflow/.local/lib/python3.12/site-packages/airflow/example_dags/example_bash_decorator.py
[2025-03-10T23:16:03.367+0000] {processor.py:925} INFO - DAG(s) 'example_bash_decorator' retrieved from /home/airflow/.local/lib/python3.12/site-packages/airflow/example_dags/example_bash_decorator.py
[2025-03-10T23:16:03.531+0000] {logging_mixin.py:190} INFO - [2025-03-10T23:16:03.530+0000] {dag.py:3239} INFO - Sync 1 DAGs
[2025-03-10T23:16:03.646+0000] {logging_mixin.py:190} INFO - [2025-03-10T23:16:03.645+0000] {dag.py:4180} INFO - Setting next_dagrun for example_bash_decorator to None, run_after=None
[2025-03-10T23:16:03.746+0000] {processor.py:208} INFO - Processing /home/airflow/.local/lib/python3.12/site-packages/airflow/example_dags/example_bash_decorator.py took 0.488 seconds
[2025-03-10T23:16:34.430+0000] {processor.py:186} INFO - Started process (PID=490) to work on /home/airflow/.local/lib/python3.12/site-packages/airflow/example_dags/example_bash_decorator.py
[2025-03-10T23:16:34.431+0000] {processor.py:914} INFO - Processing file /home/airflow/.local/lib/python3.12/site-packages/airflow/example_dags/example_bash_decorator.py for tasks to queue
[2025-03-10T23:16:34.432+0000] {logging_mixin.py:190} INFO - [2025-03-10T23:16:34.432+0000] {dagbag.py:588} INFO - Filling up the DagBag from /home/airflow/.local/lib/python3.12/site-packages/airflow/example_dags/example_bash_decorator.py
[2025-03-10T23:16:34.459+0000] {processor.py:925} INFO - DAG(s) 'example_bash_decorator' retrieved from /home/airflow/.local/lib/python3.12/site-packages/airflow/example_dags/example_bash_decorator.py
[2025-03-10T23:16:34.493+0000] {logging_mixin.py:190} INFO - [2025-03-10T23:16:34.493+0000] {dag.py:3239} INFO - Sync 1 DAGs
[2025-03-10T23:16:34.513+0000] {logging_mixin.py:190} INFO - [2025-03-10T23:16:34.513+0000] {dag.py:4180} INFO - Setting next_dagrun for example_bash_decorator to None, run_after=None
[2025-03-10T23:16:34.536+0000] {processor.py:208} INFO - Processing /home/airflow/.local/lib/python3.12/site-packages/airflow/example_dags/example_bash_decorator.py took 0.116 seconds
[2025-03-10T23:17:05.059+0000] {processor.py:186} INFO - Started process (PID=553) to work on /home/airflow/.local/lib/python3.12/site-packages/airflow/example_dags/example_bash_decorator.py
[2025-03-10T23:17:05.060+0000] {processor.py:914} INFO - Processing file /home/airflow/.local/lib/python3.12/site-packages/airflow/example_dags/example_bash_decorator.py for tasks to queue
[2025-03-10T23:17:05.062+0000] {logging_mixin.py:190} INFO - [2025-03-10T23:17:05.061+0000] {dagbag.py:588} INFO - Filling up the DagBag from /home/airflow/.local/lib/python3.12/site-packages/airflow/example_dags/example_bash_decorator.py
[2025-03-10T23:17:05.086+0000] {processor.py:925} INFO - DAG(s) 'example_bash_decorator' retrieved from /home/airflow/.local/lib/python3.12/site-packages/airflow/example_dags/example_bash_decorator.py
[2025-03-10T23:17:05.123+0000] {logging_mixin.py:190} INFO - [2025-03-10T23:17:05.123+0000] {dag.py:3239} INFO - Sync 1 DAGs
[2025-03-10T23:17:05.149+0000] {logging_mixin.py:190} INFO - [2025-03-10T23:17:05.148+0000] {dag.py:4180} INFO - Setting next_dagrun for example_bash_decorator to None, run_after=None
[2025-03-10T23:17:05.177+0000] {processor.py:208} INFO - Processing /home/airflow/.local/lib/python3.12/site-packages/airflow/example_dags/example_bash_decorator.py took 0.127 seconds
[2025-03-10T23:17:35.264+0000] {processor.py:186} INFO - Started process (PID=616) to work on /home/airflow/.local/lib/python3.12/site-packages/airflow/example_dags/example_bash_decorator.py
[2025-03-10T23:17:35.265+0000] {processor.py:914} INFO - Processing file /home/airflow/.local/lib/python3.12/site-packages/airflow/example_dags/example_bash_decorator.py for tasks to queue
[2025-03-10T23:17:35.266+0000] {logging_mixin.py:190} INFO - [2025-03-10T23:17:35.266+0000] {dagbag.py:588} INFO - Filling up the DagBag from /home/airflow/.local/lib/python3.12/site-packages/airflow/example_dags/example_bash_decorator.py
[2025-03-10T23:17:35.290+0000] {processor.py:925} INFO - DAG(s) 'example_bash_decorator' retrieved from /home/airflow/.local/lib/python3.12/site-packages/airflow/example_dags/example_bash_decorator.py
[2025-03-10T23:17:35.318+0000] {logging_mixin.py:190} INFO - [2025-03-10T23:17:35.318+0000] {dag.py:3239} INFO - Sync 1 DAGs
[2025-03-10T23:17:35.336+0000] {logging_mixin.py:190} INFO - [2025-03-10T23:17:35.336+0000] {dag.py:4180} INFO - Setting next_dagrun for example_bash_decorator to None, run_after=None
[2025-03-10T23:17:35.356+0000] {processor.py:208} INFO - Processing /home/airflow/.local/lib/python3.12/site-packages/airflow/example_dags/example_bash_decorator.py took 0.101 seconds
[2025-03-10T23:18:05.466+0000] {processor.py:186} INFO - Started process (PID=679) to work on /home/airflow/.local/lib/python3.12/site-packages/airflow/example_dags/example_bash_decorator.py
[2025-03-10T23:18:05.467+0000] {processor.py:914} INFO - Processing file /home/airflow/.local/lib/python3.12/site-packages/airflow/example_dags/example_bash_decorator.py for tasks to queue
[2025-03-10T23:18:05.468+0000] {logging_mixin.py:190} INFO - [2025-03-10T23:18:05.468+0000] {dagbag.py:588} INFO - Filling up the DagBag from /home/airflow/.local/lib/python3.12/site-packages/airflow/example_dags/example_bash_decorator.py
[2025-03-10T23:18:05.492+0000] {processor.py:925} INFO - DAG(s) 'example_bash_decorator' retrieved from /home/airflow/.local/lib/python3.12/site-packages/airflow/example_dags/example_bash_decorator.py
[2025-03-10T23:18:05.524+0000] {logging_mixin.py:190} INFO - [2025-03-10T23:18:05.524+0000] {dag.py:3239} INFO - Sync 1 DAGs
[2025-03-10T23:18:05.544+0000] {logging_mixin.py:190} INFO - [2025-03-10T23:18:05.543+0000] {dag.py:4180} INFO - Setting next_dagrun for example_bash_decorator to None, run_after=None
[2025-03-10T23:18:05.569+0000] {processor.py:208} INFO - Processing /home/airflow/.local/lib/python3.12/site-packages/airflow/example_dags/example_bash_decorator.py took 0.112 seconds
[2025-03-10T23:18:35.685+0000] {processor.py:186} INFO - Started process (PID=742) to work on /home/airflow/.local/lib/python3.12/site-packages/airflow/example_dags/example_bash_decorator.py
[2025-03-10T23:18:35.686+0000] {processor.py:914} INFO - Processing file /home/airflow/.local/lib/python3.12/site-packages/airflow/example_dags/example_bash_decorator.py for tasks to queue
[2025-03-10T23:18:35.687+0000] {logging_mixin.py:190} INFO - [2025-03-10T23:18:35.687+0000] {dagbag.py:588} INFO - Filling up the DagBag from /home/airflow/.local/lib/python3.12/site-packages/airflow/example_dags/example_bash_decorator.py
[2025-03-10T23:18:35.705+0000] {processor.py:925} INFO - DAG(s) 'example_bash_decorator' retrieved from /home/airflow/.local/lib/python3.12/site-packages/airflow/example_dags/example_bash_decorator.py
[2025-03-10T23:18:35.737+0000] {logging_mixin.py:190} INFO - [2025-03-10T23:18:35.737+0000] {dag.py:3239} INFO - Sync 1 DAGs
[2025-03-10T23:18:35.757+0000] {logging_mixin.py:190} INFO - [2025-03-10T23:18:35.757+0000] {dag.py:4180} INFO - Setting next_dagrun for example_bash_decorator to None, run_after=None
[2025-03-10T23:18:35.785+0000] {processor.py:208} INFO - Processing /home/airflow/.local/lib/python3.12/site-packages/airflow/example_dags/example_bash_decorator.py took 0.106 seconds
[2025-03-10T23:19:06.004+0000] {processor.py:186} INFO - Started process (PID=805) to work on /home/airflow/.local/lib/python3.12/site-packages/airflow/example_dags/example_bash_decorator.py
[2025-03-10T23:19:06.005+0000] {processor.py:914} INFO - Processing file /home/airflow/.local/lib/python3.12/site-packages/airflow/example_dags/example_bash_decorator.py for tasks to queue
[2025-03-10T23:19:06.007+0000] {logging_mixin.py:190} INFO - [2025-03-10T23:19:06.006+0000] {dagbag.py:588} INFO - Filling up the DagBag from /home/airflow/.local/lib/python3.12/site-packages/airflow/example_dags/example_bash_decorator.py
[2025-03-10T23:19:06.027+0000] {processor.py:925} INFO - DAG(s) 'example_bash_decorator' retrieved from /home/airflow/.local/lib/python3.12/site-packages/airflow/example_dags/example_bash_decorator.py
[2025-03-10T23:19:06.062+0000] {logging_mixin.py:190} INFO - [2025-03-10T23:19:06.061+0000] {dag.py:3239} INFO - Sync 1 DAGs
[2025-03-10T23:19:06.080+0000] {logging_mixin.py:190} INFO - [2025-03-10T23:19:06.080+0000] {dag.py:4180} INFO - Setting next_dagrun for example_bash_decorator to None, run_after=None
[2025-03-10T23:19:06.102+0000] {processor.py:208} INFO - Processing /home/airflow/.local/lib/python3.12/site-packages/airflow/example_dags/example_bash_decorator.py took 0.107 seconds
[2025-03-10T23:27:11.189+0000] {processor.py:186} INFO - Started process (PID=100) to work on /home/airflow/.local/lib/python3.12/site-packages/airflow/example_dags/example_bash_decorator.py
[2025-03-10T23:27:11.190+0000] {processor.py:914} INFO - Processing file /home/airflow/.local/lib/python3.12/site-packages/airflow/example_dags/example_bash_decorator.py for tasks to queue
[2025-03-10T23:27:11.193+0000] {logging_mixin.py:190} INFO - [2025-03-10T23:27:11.192+0000] {dagbag.py:588} INFO - Filling up the DagBag from /home/airflow/.local/lib/python3.12/site-packages/airflow/example_dags/example_bash_decorator.py
[2025-03-10T23:27:11.211+0000] {processor.py:925} INFO - DAG(s) 'example_bash_decorator' retrieved from /home/airflow/.local/lib/python3.12/site-packages/airflow/example_dags/example_bash_decorator.py
[2025-03-10T23:27:11.333+0000] {logging_mixin.py:190} INFO - [2025-03-10T23:27:11.333+0000] {dag.py:3239} INFO - Sync 1 DAGs
[2025-03-10T23:27:11.359+0000] {logging_mixin.py:190} INFO - [2025-03-10T23:27:11.359+0000] {dag.py:4180} INFO - Setting next_dagrun for example_bash_decorator to None, run_after=None
[2025-03-10T23:27:11.386+0000] {processor.py:208} INFO - Processing /home/airflow/.local/lib/python3.12/site-packages/airflow/example_dags/example_bash_decorator.py took 0.204 seconds
[2025-03-10T23:27:42.258+0000] {processor.py:186} INFO - Started process (PID=163) to work on /home/airflow/.local/lib/python3.12/site-packages/airflow/example_dags/example_bash_decorator.py
[2025-03-10T23:27:42.259+0000] {processor.py:914} INFO - Processing file /home/airflow/.local/lib/python3.12/site-packages/airflow/example_dags/example_bash_decorator.py for tasks to queue
[2025-03-10T23:27:42.262+0000] {logging_mixin.py:190} INFO - [2025-03-10T23:27:42.262+0000] {dagbag.py:588} INFO - Filling up the DagBag from /home/airflow/.local/lib/python3.12/site-packages/airflow/example_dags/example_bash_decorator.py
[2025-03-10T23:27:42.279+0000] {processor.py:925} INFO - DAG(s) 'example_bash_decorator' retrieved from /home/airflow/.local/lib/python3.12/site-packages/airflow/example_dags/example_bash_decorator.py
[2025-03-10T23:27:42.307+0000] {logging_mixin.py:190} INFO - [2025-03-10T23:27:42.306+0000] {dag.py:3239} INFO - Sync 1 DAGs
[2025-03-10T23:27:42.324+0000] {logging_mixin.py:190} INFO - [2025-03-10T23:27:42.324+0000] {dag.py:4180} INFO - Setting next_dagrun for example_bash_decorator to None, run_after=None
[2025-03-10T23:27:42.345+0000] {processor.py:208} INFO - Processing /home/airflow/.local/lib/python3.12/site-packages/airflow/example_dags/example_bash_decorator.py took 0.095 seconds
[2025-03-10T23:28:12.798+0000] {processor.py:186} INFO - Started process (PID=226) to work on /home/airflow/.local/lib/python3.12/site-packages/airflow/example_dags/example_bash_decorator.py
[2025-03-10T23:28:12.799+0000] {processor.py:914} INFO - Processing file /home/airflow/.local/lib/python3.12/site-packages/airflow/example_dags/example_bash_decorator.py for tasks to queue
[2025-03-10T23:28:12.802+0000] {logging_mixin.py:190} INFO - [2025-03-10T23:28:12.802+0000] {dagbag.py:588} INFO - Filling up the DagBag from /home/airflow/.local/lib/python3.12/site-packages/airflow/example_dags/example_bash_decorator.py
[2025-03-10T23:28:12.819+0000] {processor.py:925} INFO - DAG(s) 'example_bash_decorator' retrieved from /home/airflow/.local/lib/python3.12/site-packages/airflow/example_dags/example_bash_decorator.py
[2025-03-10T23:28:12.846+0000] {logging_mixin.py:190} INFO - [2025-03-10T23:28:12.846+0000] {dag.py:3239} INFO - Sync 1 DAGs
[2025-03-10T23:28:12.863+0000] {logging_mixin.py:190} INFO - [2025-03-10T23:28:12.863+0000] {dag.py:4180} INFO - Setting next_dagrun for example_bash_decorator to None, run_after=None
[2025-03-10T23:28:12.884+0000] {processor.py:208} INFO - Processing /home/airflow/.local/lib/python3.12/site-packages/airflow/example_dags/example_bash_decorator.py took 0.092 seconds
[2025-03-10T23:28:43.694+0000] {processor.py:186} INFO - Started process (PID=289) to work on /home/airflow/.local/lib/python3.12/site-packages/airflow/example_dags/example_bash_decorator.py
[2025-03-10T23:28:43.696+0000] {processor.py:914} INFO - Processing file /home/airflow/.local/lib/python3.12/site-packages/airflow/example_dags/example_bash_decorator.py for tasks to queue
[2025-03-10T23:28:43.698+0000] {logging_mixin.py:190} INFO - [2025-03-10T23:28:43.698+0000] {dagbag.py:588} INFO - Filling up the DagBag from /home/airflow/.local/lib/python3.12/site-packages/airflow/example_dags/example_bash_decorator.py
[2025-03-10T23:28:43.716+0000] {processor.py:925} INFO - DAG(s) 'example_bash_decorator' retrieved from /home/airflow/.local/lib/python3.12/site-packages/airflow/example_dags/example_bash_decorator.py
[2025-03-10T23:28:43.746+0000] {logging_mixin.py:190} INFO - [2025-03-10T23:28:43.745+0000] {dag.py:3239} INFO - Sync 1 DAGs
[2025-03-10T23:28:43.766+0000] {logging_mixin.py:190} INFO - [2025-03-10T23:28:43.766+0000] {dag.py:4180} INFO - Setting next_dagrun for example_bash_decorator to None, run_after=None
[2025-03-10T23:28:43.786+0000] {processor.py:208} INFO - Processing /home/airflow/.local/lib/python3.12/site-packages/airflow/example_dags/example_bash_decorator.py took 0.100 seconds
[2025-03-10T23:29:14.890+0000] {processor.py:186} INFO - Started process (PID=352) to work on /home/airflow/.local/lib/python3.12/site-packages/airflow/example_dags/example_bash_decorator.py
[2025-03-10T23:29:14.891+0000] {processor.py:914} INFO - Processing file /home/airflow/.local/lib/python3.12/site-packages/airflow/example_dags/example_bash_decorator.py for tasks to queue
[2025-03-10T23:29:14.894+0000] {logging_mixin.py:190} INFO - [2025-03-10T23:29:14.894+0000] {dagbag.py:588} INFO - Filling up the DagBag from /home/airflow/.local/lib/python3.12/site-packages/airflow/example_dags/example_bash_decorator.py
[2025-03-10T23:29:14.912+0000] {processor.py:925} INFO - DAG(s) 'example_bash_decorator' retrieved from /home/airflow/.local/lib/python3.12/site-packages/airflow/example_dags/example_bash_decorator.py
[2025-03-10T23:29:14.956+0000] {logging_mixin.py:190} INFO - [2025-03-10T23:29:14.956+0000] {dag.py:3239} INFO - Sync 1 DAGs
[2025-03-10T23:29:14.987+0000] {logging_mixin.py:190} INFO - [2025-03-10T23:29:14.986+0000] {dag.py:4180} INFO - Setting next_dagrun for example_bash_decorator to None, run_after=None
[2025-03-10T23:29:15.017+0000] {processor.py:208} INFO - Processing /home/airflow/.local/lib/python3.12/site-packages/airflow/example_dags/example_bash_decorator.py took 0.133 seconds
[2025-03-10T23:35:23.883+0000] {processor.py:186} INFO - Started process (PID=126) to work on /home/airflow/.local/lib/python3.12/site-packages/airflow/example_dags/example_bash_decorator.py
[2025-03-10T23:35:23.887+0000] {processor.py:914} INFO - Processing file /home/airflow/.local/lib/python3.12/site-packages/airflow/example_dags/example_bash_decorator.py for tasks to queue
[2025-03-10T23:35:23.901+0000] {logging_mixin.py:190} INFO - [2025-03-10T23:35:23.899+0000] {dagbag.py:588} INFO - Filling up the DagBag from /home/airflow/.local/lib/python3.12/site-packages/airflow/example_dags/example_bash_decorator.py
[2025-03-10T23:35:24.017+0000] {processor.py:925} INFO - DAG(s) 'example_bash_decorator' retrieved from /home/airflow/.local/lib/python3.12/site-packages/airflow/example_dags/example_bash_decorator.py
[2025-03-10T23:35:24.429+0000] {logging_mixin.py:190} INFO - [2025-03-10T23:35:24.428+0000] {dag.py:3239} INFO - Sync 1 DAGs
[2025-03-10T23:35:24.510+0000] {logging_mixin.py:190} INFO - [2025-03-10T23:35:24.509+0000] {dag.py:4180} INFO - Setting next_dagrun for example_bash_decorator to None, run_after=None
[2025-03-10T23:35:24.596+0000] {processor.py:208} INFO - Processing /home/airflow/.local/lib/python3.12/site-packages/airflow/example_dags/example_bash_decorator.py took 0.750 seconds
[2025-03-10T23:35:55.251+0000] {processor.py:186} INFO - Started process (PID=189) to work on /home/airflow/.local/lib/python3.12/site-packages/airflow/example_dags/example_bash_decorator.py
[2025-03-10T23:35:55.252+0000] {processor.py:914} INFO - Processing file /home/airflow/.local/lib/python3.12/site-packages/airflow/example_dags/example_bash_decorator.py for tasks to queue
[2025-03-10T23:35:55.255+0000] {logging_mixin.py:190} INFO - [2025-03-10T23:35:55.255+0000] {dagbag.py:588} INFO - Filling up the DagBag from /home/airflow/.local/lib/python3.12/site-packages/airflow/example_dags/example_bash_decorator.py
[2025-03-10T23:35:55.274+0000] {processor.py:925} INFO - DAG(s) 'example_bash_decorator' retrieved from /home/airflow/.local/lib/python3.12/site-packages/airflow/example_dags/example_bash_decorator.py
[2025-03-10T23:35:55.303+0000] {logging_mixin.py:190} INFO - [2025-03-10T23:35:55.302+0000] {dag.py:3239} INFO - Sync 1 DAGs
[2025-03-10T23:35:55.323+0000] {logging_mixin.py:190} INFO - [2025-03-10T23:35:55.322+0000] {dag.py:4180} INFO - Setting next_dagrun for example_bash_decorator to None, run_after=None
[2025-03-10T23:35:55.352+0000] {processor.py:208} INFO - Processing /home/airflow/.local/lib/python3.12/site-packages/airflow/example_dags/example_bash_decorator.py took 0.108 seconds
[2025-03-10T23:36:25.615+0000] {processor.py:186} INFO - Started process (PID=252) to work on /home/airflow/.local/lib/python3.12/site-packages/airflow/example_dags/example_bash_decorator.py
[2025-03-10T23:36:25.616+0000] {processor.py:914} INFO - Processing file /home/airflow/.local/lib/python3.12/site-packages/airflow/example_dags/example_bash_decorator.py for tasks to queue
[2025-03-10T23:36:25.619+0000] {logging_mixin.py:190} INFO - [2025-03-10T23:36:25.619+0000] {dagbag.py:588} INFO - Filling up the DagBag from /home/airflow/.local/lib/python3.12/site-packages/airflow/example_dags/example_bash_decorator.py
[2025-03-10T23:36:25.640+0000] {processor.py:925} INFO - DAG(s) 'example_bash_decorator' retrieved from /home/airflow/.local/lib/python3.12/site-packages/airflow/example_dags/example_bash_decorator.py
[2025-03-10T23:36:25.675+0000] {logging_mixin.py:190} INFO - [2025-03-10T23:36:25.675+0000] {dag.py:3239} INFO - Sync 1 DAGs
[2025-03-10T23:36:25.694+0000] {logging_mixin.py:190} INFO - [2025-03-10T23:36:25.694+0000] {dag.py:4180} INFO - Setting next_dagrun for example_bash_decorator to None, run_after=None
[2025-03-10T23:36:25.719+0000] {processor.py:208} INFO - Processing /home/airflow/.local/lib/python3.12/site-packages/airflow/example_dags/example_bash_decorator.py took 0.111 seconds
[2025-03-10T23:36:55.862+0000] {processor.py:186} INFO - Started process (PID=315) to work on /home/airflow/.local/lib/python3.12/site-packages/airflow/example_dags/example_bash_decorator.py
[2025-03-10T23:36:55.863+0000] {processor.py:914} INFO - Processing file /home/airflow/.local/lib/python3.12/site-packages/airflow/example_dags/example_bash_decorator.py for tasks to queue
[2025-03-10T23:36:55.867+0000] {logging_mixin.py:190} INFO - [2025-03-10T23:36:55.866+0000] {dagbag.py:588} INFO - Filling up the DagBag from /home/airflow/.local/lib/python3.12/site-packages/airflow/example_dags/example_bash_decorator.py
[2025-03-10T23:36:55.887+0000] {processor.py:925} INFO - DAG(s) 'example_bash_decorator' retrieved from /home/airflow/.local/lib/python3.12/site-packages/airflow/example_dags/example_bash_decorator.py
[2025-03-10T23:36:55.914+0000] {logging_mixin.py:190} INFO - [2025-03-10T23:36:55.914+0000] {dag.py:3239} INFO - Sync 1 DAGs
[2025-03-10T23:36:55.931+0000] {logging_mixin.py:190} INFO - [2025-03-10T23:36:55.931+0000] {dag.py:4180} INFO - Setting next_dagrun for example_bash_decorator to None, run_after=None
[2025-03-10T23:36:55.950+0000] {processor.py:208} INFO - Processing /home/airflow/.local/lib/python3.12/site-packages/airflow/example_dags/example_bash_decorator.py took 0.098 seconds
