[2025-03-10T20:30:17.230+0000] {processor.py:186} INFO - Started process (PID=134) to work on /home/airflow/.local/lib/python3.12/site-packages/airflow/example_dags/example_skip_dag.py
[2025-03-10T20:30:17.231+0000] {processor.py:914} INFO - Processing file /home/airflow/.local/lib/python3.12/site-packages/airflow/example_dags/example_skip_dag.py for tasks to queue
[2025-03-10T20:30:17.234+0000] {logging_mixin.py:190} INFO - [2025-03-10T20:30:17.234+0000] {dagbag.py:588} INFO - Filling up the DagBag from /home/airflow/.local/lib/python3.12/site-packages/airflow/example_dags/example_skip_dag.py
[2025-03-10T20:30:17.243+0000] {processor.py:925} INFO - DAG(s) 'example_skip_dag' retrieved from /home/airflow/.local/lib/python3.12/site-packages/airflow/example_dags/example_skip_dag.py
[2025-03-10T20:30:17.307+0000] {logging_mixin.py:190} INFO - [2025-03-10T20:30:17.306+0000] {override.py:1912} INFO - Created Permission View: can read on DAG:example_skip_dag
[2025-03-10T20:30:17.317+0000] {logging_mixin.py:190} INFO - [2025-03-10T20:30:17.317+0000] {override.py:1912} INFO - Created Permission View: can edit on DAG:example_skip_dag
[2025-03-10T20:30:17.324+0000] {logging_mixin.py:190} INFO - [2025-03-10T20:30:17.323+0000] {override.py:1912} INFO - Created Permission View: can delete on DAG:example_skip_dag
[2025-03-10T20:30:17.330+0000] {logging_mixin.py:190} INFO - [2025-03-10T20:30:17.330+0000] {override.py:1912} INFO - Created Permission View: menu access on DAG Run:example_skip_dag
[2025-03-10T20:30:17.335+0000] {logging_mixin.py:190} INFO - [2025-03-10T20:30:17.335+0000] {override.py:1912} INFO - Created Permission View: can read on DAG Run:example_skip_dag
[2025-03-10T20:30:17.341+0000] {logging_mixin.py:190} INFO - [2025-03-10T20:30:17.341+0000] {override.py:1912} INFO - Created Permission View: can create on DAG Run:example_skip_dag
[2025-03-10T20:30:17.348+0000] {logging_mixin.py:190} INFO - [2025-03-10T20:30:17.347+0000] {override.py:1912} INFO - Created Permission View: can delete on DAG Run:example_skip_dag
[2025-03-10T20:30:17.348+0000] {logging_mixin.py:190} INFO - [2025-03-10T20:30:17.348+0000] {dag.py:3239} INFO - Sync 1 DAGs
[2025-03-10T20:30:17.363+0000] {logging_mixin.py:190} INFO - [2025-03-10T20:30:17.363+0000] {dag.py:3262} INFO - Creating ORM DAG for example_skip_dag
[2025-03-10T20:30:17.377+0000] {logging_mixin.py:190} INFO - [2025-03-10T20:30:17.376+0000] {dag.py:4180} INFO - Setting next_dagrun for example_skip_dag to 2025-03-09 00:00:00+00:00, run_after=2025-03-10 00:00:00+00:00
[2025-03-10T20:30:17.396+0000] {processor.py:208} INFO - Processing /home/airflow/.local/lib/python3.12/site-packages/airflow/example_dags/example_skip_dag.py took 0.172 seconds
[2025-03-10T20:30:48.013+0000] {processor.py:186} INFO - Started process (PID=197) to work on /home/airflow/.local/lib/python3.12/site-packages/airflow/example_dags/example_skip_dag.py
[2025-03-10T20:30:48.014+0000] {processor.py:914} INFO - Processing file /home/airflow/.local/lib/python3.12/site-packages/airflow/example_dags/example_skip_dag.py for tasks to queue
[2025-03-10T20:30:48.017+0000] {logging_mixin.py:190} INFO - [2025-03-10T20:30:48.017+0000] {dagbag.py:588} INFO - Filling up the DagBag from /home/airflow/.local/lib/python3.12/site-packages/airflow/example_dags/example_skip_dag.py
[2025-03-10T20:30:48.024+0000] {processor.py:925} INFO - DAG(s) 'example_skip_dag' retrieved from /home/airflow/.local/lib/python3.12/site-packages/airflow/example_dags/example_skip_dag.py
[2025-03-10T20:30:48.050+0000] {logging_mixin.py:190} INFO - [2025-03-10T20:30:48.050+0000] {dag.py:3239} INFO - Sync 1 DAGs
[2025-03-10T20:30:48.079+0000] {logging_mixin.py:190} INFO - [2025-03-10T20:30:48.079+0000] {dag.py:4180} INFO - Setting next_dagrun for example_skip_dag to 2025-03-09 00:00:00+00:00, run_after=2025-03-10 00:00:00+00:00
[2025-03-10T20:30:48.102+0000] {processor.py:208} INFO - Processing /home/airflow/.local/lib/python3.12/site-packages/airflow/example_dags/example_skip_dag.py took 0.096 seconds
[2025-03-10T20:31:23.611+0000] {processor.py:186} INFO - Started process (PID=260) to work on /home/airflow/.local/lib/python3.12/site-packages/airflow/example_dags/example_skip_dag.py
[2025-03-10T20:31:23.616+0000] {processor.py:914} INFO - Processing file /home/airflow/.local/lib/python3.12/site-packages/airflow/example_dags/example_skip_dag.py for tasks to queue
[2025-03-10T20:31:23.630+0000] {logging_mixin.py:190} INFO - [2025-03-10T20:31:23.628+0000] {dagbag.py:588} INFO - Filling up the DagBag from /home/airflow/.local/lib/python3.12/site-packages/airflow/example_dags/example_skip_dag.py
[2025-03-10T20:31:23.667+0000] {processor.py:925} INFO - DAG(s) 'example_skip_dag' retrieved from /home/airflow/.local/lib/python3.12/site-packages/airflow/example_dags/example_skip_dag.py
[2025-03-10T20:31:23.791+0000] {logging_mixin.py:190} INFO - [2025-03-10T20:31:23.790+0000] {dag.py:3239} INFO - Sync 1 DAGs
[2025-03-10T20:31:23.931+0000] {logging_mixin.py:190} INFO - [2025-03-10T20:31:23.930+0000] {dag.py:4180} INFO - Setting next_dagrun for example_skip_dag to 2025-03-09 00:00:00+00:00, run_after=2025-03-10 00:00:00+00:00
[2025-03-10T20:31:24.041+0000] {processor.py:208} INFO - Processing /home/airflow/.local/lib/python3.12/site-packages/airflow/example_dags/example_skip_dag.py took 0.467 seconds
[2025-03-10T20:31:54.763+0000] {processor.py:186} INFO - Started process (PID=323) to work on /home/airflow/.local/lib/python3.12/site-packages/airflow/example_dags/example_skip_dag.py
[2025-03-10T20:31:54.764+0000] {processor.py:914} INFO - Processing file /home/airflow/.local/lib/python3.12/site-packages/airflow/example_dags/example_skip_dag.py for tasks to queue
[2025-03-10T20:31:54.767+0000] {logging_mixin.py:190} INFO - [2025-03-10T20:31:54.766+0000] {dagbag.py:588} INFO - Filling up the DagBag from /home/airflow/.local/lib/python3.12/site-packages/airflow/example_dags/example_skip_dag.py
[2025-03-10T20:31:54.775+0000] {processor.py:925} INFO - DAG(s) 'example_skip_dag' retrieved from /home/airflow/.local/lib/python3.12/site-packages/airflow/example_dags/example_skip_dag.py
[2025-03-10T20:31:54.802+0000] {logging_mixin.py:190} INFO - [2025-03-10T20:31:54.802+0000] {dag.py:3239} INFO - Sync 1 DAGs
[2025-03-10T20:31:54.830+0000] {logging_mixin.py:190} INFO - [2025-03-10T20:31:54.830+0000] {dag.py:4180} INFO - Setting next_dagrun for example_skip_dag to 2025-03-09 00:00:00+00:00, run_after=2025-03-10 00:00:00+00:00
[2025-03-10T20:31:54.851+0000] {processor.py:208} INFO - Processing /home/airflow/.local/lib/python3.12/site-packages/airflow/example_dags/example_skip_dag.py took 0.096 seconds
[2025-03-10T20:32:25.113+0000] {processor.py:186} INFO - Started process (PID=386) to work on /home/airflow/.local/lib/python3.12/site-packages/airflow/example_dags/example_skip_dag.py
[2025-03-10T20:32:25.113+0000] {processor.py:914} INFO - Processing file /home/airflow/.local/lib/python3.12/site-packages/airflow/example_dags/example_skip_dag.py for tasks to queue
[2025-03-10T20:32:25.116+0000] {logging_mixin.py:190} INFO - [2025-03-10T20:32:25.116+0000] {dagbag.py:588} INFO - Filling up the DagBag from /home/airflow/.local/lib/python3.12/site-packages/airflow/example_dags/example_skip_dag.py
[2025-03-10T20:32:25.127+0000] {processor.py:925} INFO - DAG(s) 'example_skip_dag' retrieved from /home/airflow/.local/lib/python3.12/site-packages/airflow/example_dags/example_skip_dag.py
[2025-03-10T20:32:25.156+0000] {logging_mixin.py:190} INFO - [2025-03-10T20:32:25.156+0000] {dag.py:3239} INFO - Sync 1 DAGs
[2025-03-10T20:32:25.187+0000] {logging_mixin.py:190} INFO - [2025-03-10T20:32:25.187+0000] {dag.py:4180} INFO - Setting next_dagrun for example_skip_dag to 2025-03-09 00:00:00+00:00, run_after=2025-03-10 00:00:00+00:00
[2025-03-10T20:32:25.207+0000] {processor.py:208} INFO - Processing /home/airflow/.local/lib/python3.12/site-packages/airflow/example_dags/example_skip_dag.py took 0.102 seconds
[2025-03-10T20:32:55.466+0000] {processor.py:186} INFO - Started process (PID=449) to work on /home/airflow/.local/lib/python3.12/site-packages/airflow/example_dags/example_skip_dag.py
[2025-03-10T20:32:55.467+0000] {processor.py:914} INFO - Processing file /home/airflow/.local/lib/python3.12/site-packages/airflow/example_dags/example_skip_dag.py for tasks to queue
[2025-03-10T20:32:55.470+0000] {logging_mixin.py:190} INFO - [2025-03-10T20:32:55.470+0000] {dagbag.py:588} INFO - Filling up the DagBag from /home/airflow/.local/lib/python3.12/site-packages/airflow/example_dags/example_skip_dag.py
[2025-03-10T20:32:55.479+0000] {processor.py:925} INFO - DAG(s) 'example_skip_dag' retrieved from /home/airflow/.local/lib/python3.12/site-packages/airflow/example_dags/example_skip_dag.py
[2025-03-10T20:32:55.505+0000] {logging_mixin.py:190} INFO - [2025-03-10T20:32:55.505+0000] {dag.py:3239} INFO - Sync 1 DAGs
[2025-03-10T20:32:55.538+0000] {logging_mixin.py:190} INFO - [2025-03-10T20:32:55.538+0000] {dag.py:4180} INFO - Setting next_dagrun for example_skip_dag to 2025-03-09 00:00:00+00:00, run_after=2025-03-10 00:00:00+00:00
[2025-03-10T20:32:55.559+0000] {processor.py:208} INFO - Processing /home/airflow/.local/lib/python3.12/site-packages/airflow/example_dags/example_skip_dag.py took 0.101 seconds
[2025-03-10T20:33:26.402+0000] {processor.py:186} INFO - Started process (PID=512) to work on /home/airflow/.local/lib/python3.12/site-packages/airflow/example_dags/example_skip_dag.py
[2025-03-10T20:33:26.403+0000] {processor.py:914} INFO - Processing file /home/airflow/.local/lib/python3.12/site-packages/airflow/example_dags/example_skip_dag.py for tasks to queue
[2025-03-10T20:33:26.406+0000] {logging_mixin.py:190} INFO - [2025-03-10T20:33:26.406+0000] {dagbag.py:588} INFO - Filling up the DagBag from /home/airflow/.local/lib/python3.12/site-packages/airflow/example_dags/example_skip_dag.py
[2025-03-10T20:33:26.413+0000] {processor.py:925} INFO - DAG(s) 'example_skip_dag' retrieved from /home/airflow/.local/lib/python3.12/site-packages/airflow/example_dags/example_skip_dag.py
[2025-03-10T20:33:26.440+0000] {logging_mixin.py:190} INFO - [2025-03-10T20:33:26.440+0000] {dag.py:3239} INFO - Sync 1 DAGs
[2025-03-10T20:33:26.467+0000] {logging_mixin.py:190} INFO - [2025-03-10T20:33:26.467+0000] {dag.py:4180} INFO - Setting next_dagrun for example_skip_dag to 2025-03-09 00:00:00+00:00, run_after=2025-03-10 00:00:00+00:00
[2025-03-10T20:33:26.490+0000] {processor.py:208} INFO - Processing /home/airflow/.local/lib/python3.12/site-packages/airflow/example_dags/example_skip_dag.py took 0.094 seconds
[2025-03-10T20:33:56.614+0000] {processor.py:186} INFO - Started process (PID=574) to work on /home/airflow/.local/lib/python3.12/site-packages/airflow/example_dags/example_skip_dag.py
[2025-03-10T20:33:56.615+0000] {processor.py:914} INFO - Processing file /home/airflow/.local/lib/python3.12/site-packages/airflow/example_dags/example_skip_dag.py for tasks to queue
[2025-03-10T20:33:56.618+0000] {logging_mixin.py:190} INFO - [2025-03-10T20:33:56.618+0000] {dagbag.py:588} INFO - Filling up the DagBag from /home/airflow/.local/lib/python3.12/site-packages/airflow/example_dags/example_skip_dag.py
[2025-03-10T20:33:56.626+0000] {processor.py:925} INFO - DAG(s) 'example_skip_dag' retrieved from /home/airflow/.local/lib/python3.12/site-packages/airflow/example_dags/example_skip_dag.py
[2025-03-10T20:33:56.652+0000] {logging_mixin.py:190} INFO - [2025-03-10T20:33:56.651+0000] {dag.py:3239} INFO - Sync 1 DAGs
[2025-03-10T20:33:56.680+0000] {logging_mixin.py:190} INFO - [2025-03-10T20:33:56.680+0000] {dag.py:4180} INFO - Setting next_dagrun for example_skip_dag to 2025-03-09 00:00:00+00:00, run_after=2025-03-10 00:00:00+00:00
[2025-03-10T20:33:56.700+0000] {processor.py:208} INFO - Processing /home/airflow/.local/lib/python3.12/site-packages/airflow/example_dags/example_skip_dag.py took 0.094 seconds
[2025-03-10T20:34:26.855+0000] {processor.py:186} INFO - Started process (PID=637) to work on /home/airflow/.local/lib/python3.12/site-packages/airflow/example_dags/example_skip_dag.py
[2025-03-10T20:34:26.856+0000] {processor.py:914} INFO - Processing file /home/airflow/.local/lib/python3.12/site-packages/airflow/example_dags/example_skip_dag.py for tasks to queue
[2025-03-10T20:34:26.859+0000] {logging_mixin.py:190} INFO - [2025-03-10T20:34:26.858+0000] {dagbag.py:588} INFO - Filling up the DagBag from /home/airflow/.local/lib/python3.12/site-packages/airflow/example_dags/example_skip_dag.py
[2025-03-10T20:34:26.867+0000] {processor.py:925} INFO - DAG(s) 'example_skip_dag' retrieved from /home/airflow/.local/lib/python3.12/site-packages/airflow/example_dags/example_skip_dag.py
[2025-03-10T20:34:26.892+0000] {logging_mixin.py:190} INFO - [2025-03-10T20:34:26.892+0000] {dag.py:3239} INFO - Sync 1 DAGs
[2025-03-10T20:34:26.921+0000] {logging_mixin.py:190} INFO - [2025-03-10T20:34:26.921+0000] {dag.py:4180} INFO - Setting next_dagrun for example_skip_dag to 2025-03-09 00:00:00+00:00, run_after=2025-03-10 00:00:00+00:00
[2025-03-10T20:34:26.944+0000] {processor.py:208} INFO - Processing /home/airflow/.local/lib/python3.12/site-packages/airflow/example_dags/example_skip_dag.py took 0.098 seconds
[2025-03-10T20:34:57.259+0000] {processor.py:186} INFO - Started process (PID=700) to work on /home/airflow/.local/lib/python3.12/site-packages/airflow/example_dags/example_skip_dag.py
[2025-03-10T20:34:57.260+0000] {processor.py:914} INFO - Processing file /home/airflow/.local/lib/python3.12/site-packages/airflow/example_dags/example_skip_dag.py for tasks to queue
[2025-03-10T20:34:57.263+0000] {logging_mixin.py:190} INFO - [2025-03-10T20:34:57.263+0000] {dagbag.py:588} INFO - Filling up the DagBag from /home/airflow/.local/lib/python3.12/site-packages/airflow/example_dags/example_skip_dag.py
[2025-03-10T20:34:57.271+0000] {processor.py:925} INFO - DAG(s) 'example_skip_dag' retrieved from /home/airflow/.local/lib/python3.12/site-packages/airflow/example_dags/example_skip_dag.py
[2025-03-10T20:34:57.297+0000] {logging_mixin.py:190} INFO - [2025-03-10T20:34:57.297+0000] {dag.py:3239} INFO - Sync 1 DAGs
[2025-03-10T20:34:57.325+0000] {logging_mixin.py:190} INFO - [2025-03-10T20:34:57.325+0000] {dag.py:4180} INFO - Setting next_dagrun for example_skip_dag to 2025-03-09 00:00:00+00:00, run_after=2025-03-10 00:00:00+00:00
[2025-03-10T20:34:57.345+0000] {processor.py:208} INFO - Processing /home/airflow/.local/lib/python3.12/site-packages/airflow/example_dags/example_skip_dag.py took 0.094 seconds
[2025-03-10T20:35:27.552+0000] {processor.py:186} INFO - Started process (PID=763) to work on /home/airflow/.local/lib/python3.12/site-packages/airflow/example_dags/example_skip_dag.py
[2025-03-10T20:35:27.553+0000] {processor.py:914} INFO - Processing file /home/airflow/.local/lib/python3.12/site-packages/airflow/example_dags/example_skip_dag.py for tasks to queue
[2025-03-10T20:35:27.556+0000] {logging_mixin.py:190} INFO - [2025-03-10T20:35:27.556+0000] {dagbag.py:588} INFO - Filling up the DagBag from /home/airflow/.local/lib/python3.12/site-packages/airflow/example_dags/example_skip_dag.py
[2025-03-10T20:35:27.566+0000] {processor.py:925} INFO - DAG(s) 'example_skip_dag' retrieved from /home/airflow/.local/lib/python3.12/site-packages/airflow/example_dags/example_skip_dag.py
[2025-03-10T20:35:27.594+0000] {logging_mixin.py:190} INFO - [2025-03-10T20:35:27.593+0000] {dag.py:3239} INFO - Sync 1 DAGs
[2025-03-10T20:35:27.625+0000] {logging_mixin.py:190} INFO - [2025-03-10T20:35:27.624+0000] {dag.py:4180} INFO - Setting next_dagrun for example_skip_dag to 2025-03-09 00:00:00+00:00, run_after=2025-03-10 00:00:00+00:00
[2025-03-10T20:35:27.649+0000] {processor.py:208} INFO - Processing /home/airflow/.local/lib/python3.12/site-packages/airflow/example_dags/example_skip_dag.py took 0.104 seconds
[2025-03-10T20:35:57.890+0000] {processor.py:186} INFO - Started process (PID=826) to work on /home/airflow/.local/lib/python3.12/site-packages/airflow/example_dags/example_skip_dag.py
[2025-03-10T20:35:57.891+0000] {processor.py:914} INFO - Processing file /home/airflow/.local/lib/python3.12/site-packages/airflow/example_dags/example_skip_dag.py for tasks to queue
[2025-03-10T20:35:57.894+0000] {logging_mixin.py:190} INFO - [2025-03-10T20:35:57.894+0000] {dagbag.py:588} INFO - Filling up the DagBag from /home/airflow/.local/lib/python3.12/site-packages/airflow/example_dags/example_skip_dag.py
[2025-03-10T20:35:57.903+0000] {processor.py:925} INFO - DAG(s) 'example_skip_dag' retrieved from /home/airflow/.local/lib/python3.12/site-packages/airflow/example_dags/example_skip_dag.py
[2025-03-10T20:35:57.932+0000] {logging_mixin.py:190} INFO - [2025-03-10T20:35:57.932+0000] {dag.py:3239} INFO - Sync 1 DAGs
[2025-03-10T20:35:57.965+0000] {logging_mixin.py:190} INFO - [2025-03-10T20:35:57.965+0000] {dag.py:4180} INFO - Setting next_dagrun for example_skip_dag to 2025-03-09 00:00:00+00:00, run_after=2025-03-10 00:00:00+00:00
[2025-03-10T20:35:57.987+0000] {processor.py:208} INFO - Processing /home/airflow/.local/lib/python3.12/site-packages/airflow/example_dags/example_skip_dag.py took 0.105 seconds
[2025-03-10T20:36:28.142+0000] {processor.py:186} INFO - Started process (PID=889) to work on /home/airflow/.local/lib/python3.12/site-packages/airflow/example_dags/example_skip_dag.py
[2025-03-10T20:36:28.143+0000] {processor.py:914} INFO - Processing file /home/airflow/.local/lib/python3.12/site-packages/airflow/example_dags/example_skip_dag.py for tasks to queue
[2025-03-10T20:36:28.146+0000] {logging_mixin.py:190} INFO - [2025-03-10T20:36:28.146+0000] {dagbag.py:588} INFO - Filling up the DagBag from /home/airflow/.local/lib/python3.12/site-packages/airflow/example_dags/example_skip_dag.py
[2025-03-10T20:36:28.154+0000] {processor.py:925} INFO - DAG(s) 'example_skip_dag' retrieved from /home/airflow/.local/lib/python3.12/site-packages/airflow/example_dags/example_skip_dag.py
[2025-03-10T20:36:28.180+0000] {logging_mixin.py:190} INFO - [2025-03-10T20:36:28.180+0000] {dag.py:3239} INFO - Sync 1 DAGs
[2025-03-10T20:36:28.209+0000] {logging_mixin.py:190} INFO - [2025-03-10T20:36:28.209+0000] {dag.py:4180} INFO - Setting next_dagrun for example_skip_dag to 2025-03-09 00:00:00+00:00, run_after=2025-03-10 00:00:00+00:00
[2025-03-10T20:36:28.232+0000] {processor.py:208} INFO - Processing /home/airflow/.local/lib/python3.12/site-packages/airflow/example_dags/example_skip_dag.py took 0.098 seconds
[2025-03-10T20:36:58.739+0000] {processor.py:186} INFO - Started process (PID=952) to work on /home/airflow/.local/lib/python3.12/site-packages/airflow/example_dags/example_skip_dag.py
[2025-03-10T20:36:58.740+0000] {processor.py:914} INFO - Processing file /home/airflow/.local/lib/python3.12/site-packages/airflow/example_dags/example_skip_dag.py for tasks to queue
[2025-03-10T20:36:58.743+0000] {logging_mixin.py:190} INFO - [2025-03-10T20:36:58.743+0000] {dagbag.py:588} INFO - Filling up the DagBag from /home/airflow/.local/lib/python3.12/site-packages/airflow/example_dags/example_skip_dag.py
[2025-03-10T20:36:58.752+0000] {processor.py:925} INFO - DAG(s) 'example_skip_dag' retrieved from /home/airflow/.local/lib/python3.12/site-packages/airflow/example_dags/example_skip_dag.py
[2025-03-10T20:36:58.780+0000] {logging_mixin.py:190} INFO - [2025-03-10T20:36:58.780+0000] {dag.py:3239} INFO - Sync 1 DAGs
[2025-03-10T20:36:58.809+0000] {logging_mixin.py:190} INFO - [2025-03-10T20:36:58.809+0000] {dag.py:4180} INFO - Setting next_dagrun for example_skip_dag to 2025-03-09 00:00:00+00:00, run_after=2025-03-10 00:00:00+00:00
[2025-03-10T20:36:58.830+0000] {processor.py:208} INFO - Processing /home/airflow/.local/lib/python3.12/site-packages/airflow/example_dags/example_skip_dag.py took 0.099 seconds
[2025-03-10T20:37:29.059+0000] {processor.py:186} INFO - Started process (PID=1016) to work on /home/airflow/.local/lib/python3.12/site-packages/airflow/example_dags/example_skip_dag.py
[2025-03-10T20:37:29.060+0000] {processor.py:914} INFO - Processing file /home/airflow/.local/lib/python3.12/site-packages/airflow/example_dags/example_skip_dag.py for tasks to queue
[2025-03-10T20:37:29.063+0000] {logging_mixin.py:190} INFO - [2025-03-10T20:37:29.063+0000] {dagbag.py:588} INFO - Filling up the DagBag from /home/airflow/.local/lib/python3.12/site-packages/airflow/example_dags/example_skip_dag.py
[2025-03-10T20:37:29.071+0000] {processor.py:925} INFO - DAG(s) 'example_skip_dag' retrieved from /home/airflow/.local/lib/python3.12/site-packages/airflow/example_dags/example_skip_dag.py
[2025-03-10T20:37:29.097+0000] {logging_mixin.py:190} INFO - [2025-03-10T20:37:29.097+0000] {dag.py:3239} INFO - Sync 1 DAGs
[2025-03-10T20:37:29.126+0000] {logging_mixin.py:190} INFO - [2025-03-10T20:37:29.126+0000] {dag.py:4180} INFO - Setting next_dagrun for example_skip_dag to 2025-03-09 00:00:00+00:00, run_after=2025-03-10 00:00:00+00:00
[2025-03-10T20:37:29.150+0000] {processor.py:208} INFO - Processing /home/airflow/.local/lib/python3.12/site-packages/airflow/example_dags/example_skip_dag.py took 0.098 seconds
[2025-03-10T20:37:59.723+0000] {processor.py:186} INFO - Started process (PID=1079) to work on /home/airflow/.local/lib/python3.12/site-packages/airflow/example_dags/example_skip_dag.py
[2025-03-10T20:37:59.724+0000] {processor.py:914} INFO - Processing file /home/airflow/.local/lib/python3.12/site-packages/airflow/example_dags/example_skip_dag.py for tasks to queue
[2025-03-10T20:37:59.727+0000] {logging_mixin.py:190} INFO - [2025-03-10T20:37:59.727+0000] {dagbag.py:588} INFO - Filling up the DagBag from /home/airflow/.local/lib/python3.12/site-packages/airflow/example_dags/example_skip_dag.py
[2025-03-10T20:37:59.736+0000] {processor.py:925} INFO - DAG(s) 'example_skip_dag' retrieved from /home/airflow/.local/lib/python3.12/site-packages/airflow/example_dags/example_skip_dag.py
[2025-03-10T20:37:59.761+0000] {logging_mixin.py:190} INFO - [2025-03-10T20:37:59.761+0000] {dag.py:3239} INFO - Sync 1 DAGs
[2025-03-10T20:37:59.790+0000] {logging_mixin.py:190} INFO - [2025-03-10T20:37:59.790+0000] {dag.py:4180} INFO - Setting next_dagrun for example_skip_dag to 2025-03-09 00:00:00+00:00, run_after=2025-03-10 00:00:00+00:00
[2025-03-10T20:37:59.812+0000] {processor.py:208} INFO - Processing /home/airflow/.local/lib/python3.12/site-packages/airflow/example_dags/example_skip_dag.py took 0.097 seconds
[2025-03-10T20:38:30.161+0000] {processor.py:186} INFO - Started process (PID=1142) to work on /home/airflow/.local/lib/python3.12/site-packages/airflow/example_dags/example_skip_dag.py
[2025-03-10T20:38:30.163+0000] {processor.py:914} INFO - Processing file /home/airflow/.local/lib/python3.12/site-packages/airflow/example_dags/example_skip_dag.py for tasks to queue
[2025-03-10T20:38:30.167+0000] {logging_mixin.py:190} INFO - [2025-03-10T20:38:30.166+0000] {dagbag.py:588} INFO - Filling up the DagBag from /home/airflow/.local/lib/python3.12/site-packages/airflow/example_dags/example_skip_dag.py
[2025-03-10T20:38:30.176+0000] {processor.py:925} INFO - DAG(s) 'example_skip_dag' retrieved from /home/airflow/.local/lib/python3.12/site-packages/airflow/example_dags/example_skip_dag.py
[2025-03-10T20:38:30.206+0000] {logging_mixin.py:190} INFO - [2025-03-10T20:38:30.206+0000] {dag.py:3239} INFO - Sync 1 DAGs
[2025-03-10T20:38:30.238+0000] {logging_mixin.py:190} INFO - [2025-03-10T20:38:30.238+0000] {dag.py:4180} INFO - Setting next_dagrun for example_skip_dag to 2025-03-09 00:00:00+00:00, run_after=2025-03-10 00:00:00+00:00
[2025-03-10T20:38:30.263+0000] {processor.py:208} INFO - Processing /home/airflow/.local/lib/python3.12/site-packages/airflow/example_dags/example_skip_dag.py took 0.109 seconds
[2025-03-10T20:39:00.899+0000] {processor.py:186} INFO - Started process (PID=1205) to work on /home/airflow/.local/lib/python3.12/site-packages/airflow/example_dags/example_skip_dag.py
[2025-03-10T20:39:00.900+0000] {processor.py:914} INFO - Processing file /home/airflow/.local/lib/python3.12/site-packages/airflow/example_dags/example_skip_dag.py for tasks to queue
[2025-03-10T20:39:00.903+0000] {logging_mixin.py:190} INFO - [2025-03-10T20:39:00.902+0000] {dagbag.py:588} INFO - Filling up the DagBag from /home/airflow/.local/lib/python3.12/site-packages/airflow/example_dags/example_skip_dag.py
[2025-03-10T20:39:00.911+0000] {processor.py:925} INFO - DAG(s) 'example_skip_dag' retrieved from /home/airflow/.local/lib/python3.12/site-packages/airflow/example_dags/example_skip_dag.py
[2025-03-10T20:39:00.938+0000] {logging_mixin.py:190} INFO - [2025-03-10T20:39:00.938+0000] {dag.py:3239} INFO - Sync 1 DAGs
[2025-03-10T20:39:00.966+0000] {logging_mixin.py:190} INFO - [2025-03-10T20:39:00.966+0000] {dag.py:4180} INFO - Setting next_dagrun for example_skip_dag to 2025-03-09 00:00:00+00:00, run_after=2025-03-10 00:00:00+00:00
[2025-03-10T20:39:00.988+0000] {processor.py:208} INFO - Processing /home/airflow/.local/lib/python3.12/site-packages/airflow/example_dags/example_skip_dag.py took 0.097 seconds
[2025-03-10T20:39:31.537+0000] {processor.py:186} INFO - Started process (PID=1268) to work on /home/airflow/.local/lib/python3.12/site-packages/airflow/example_dags/example_skip_dag.py
[2025-03-10T20:39:31.539+0000] {processor.py:914} INFO - Processing file /home/airflow/.local/lib/python3.12/site-packages/airflow/example_dags/example_skip_dag.py for tasks to queue
[2025-03-10T20:39:31.542+0000] {logging_mixin.py:190} INFO - [2025-03-10T20:39:31.541+0000] {dagbag.py:588} INFO - Filling up the DagBag from /home/airflow/.local/lib/python3.12/site-packages/airflow/example_dags/example_skip_dag.py
[2025-03-10T20:39:31.550+0000] {processor.py:925} INFO - DAG(s) 'example_skip_dag' retrieved from /home/airflow/.local/lib/python3.12/site-packages/airflow/example_dags/example_skip_dag.py
[2025-03-10T20:39:31.580+0000] {logging_mixin.py:190} INFO - [2025-03-10T20:39:31.580+0000] {dag.py:3239} INFO - Sync 1 DAGs
[2025-03-10T20:39:31.608+0000] {logging_mixin.py:190} INFO - [2025-03-10T20:39:31.608+0000] {dag.py:4180} INFO - Setting next_dagrun for example_skip_dag to 2025-03-09 00:00:00+00:00, run_after=2025-03-10 00:00:00+00:00
[2025-03-10T20:39:31.627+0000] {processor.py:208} INFO - Processing /home/airflow/.local/lib/python3.12/site-packages/airflow/example_dags/example_skip_dag.py took 0.098 seconds
[2025-03-10T20:40:02.297+0000] {processor.py:186} INFO - Started process (PID=1331) to work on /home/airflow/.local/lib/python3.12/site-packages/airflow/example_dags/example_skip_dag.py
[2025-03-10T20:40:02.298+0000] {processor.py:914} INFO - Processing file /home/airflow/.local/lib/python3.12/site-packages/airflow/example_dags/example_skip_dag.py for tasks to queue
[2025-03-10T20:40:02.302+0000] {logging_mixin.py:190} INFO - [2025-03-10T20:40:02.301+0000] {dagbag.py:588} INFO - Filling up the DagBag from /home/airflow/.local/lib/python3.12/site-packages/airflow/example_dags/example_skip_dag.py
[2025-03-10T20:40:02.310+0000] {processor.py:925} INFO - DAG(s) 'example_skip_dag' retrieved from /home/airflow/.local/lib/python3.12/site-packages/airflow/example_dags/example_skip_dag.py
[2025-03-10T20:40:02.336+0000] {logging_mixin.py:190} INFO - [2025-03-10T20:40:02.336+0000] {dag.py:3239} INFO - Sync 1 DAGs
[2025-03-10T20:40:02.366+0000] {logging_mixin.py:190} INFO - [2025-03-10T20:40:02.366+0000] {dag.py:4180} INFO - Setting next_dagrun for example_skip_dag to 2025-03-09 00:00:00+00:00, run_after=2025-03-10 00:00:00+00:00
[2025-03-10T20:40:02.388+0000] {processor.py:208} INFO - Processing /home/airflow/.local/lib/python3.12/site-packages/airflow/example_dags/example_skip_dag.py took 0.098 seconds
[2025-03-10T20:40:33.154+0000] {processor.py:186} INFO - Started process (PID=1394) to work on /home/airflow/.local/lib/python3.12/site-packages/airflow/example_dags/example_skip_dag.py
[2025-03-10T20:40:33.155+0000] {processor.py:914} INFO - Processing file /home/airflow/.local/lib/python3.12/site-packages/airflow/example_dags/example_skip_dag.py for tasks to queue
[2025-03-10T20:40:33.158+0000] {logging_mixin.py:190} INFO - [2025-03-10T20:40:33.158+0000] {dagbag.py:588} INFO - Filling up the DagBag from /home/airflow/.local/lib/python3.12/site-packages/airflow/example_dags/example_skip_dag.py
[2025-03-10T20:40:33.167+0000] {processor.py:925} INFO - DAG(s) 'example_skip_dag' retrieved from /home/airflow/.local/lib/python3.12/site-packages/airflow/example_dags/example_skip_dag.py
[2025-03-10T20:40:33.194+0000] {logging_mixin.py:190} INFO - [2025-03-10T20:40:33.194+0000] {dag.py:3239} INFO - Sync 1 DAGs
[2025-03-10T20:40:33.223+0000] {logging_mixin.py:190} INFO - [2025-03-10T20:40:33.222+0000] {dag.py:4180} INFO - Setting next_dagrun for example_skip_dag to 2025-03-09 00:00:00+00:00, run_after=2025-03-10 00:00:00+00:00
[2025-03-10T20:40:33.247+0000] {processor.py:208} INFO - Processing /home/airflow/.local/lib/python3.12/site-packages/airflow/example_dags/example_skip_dag.py took 0.101 seconds
[2025-03-10T20:41:03.680+0000] {processor.py:186} INFO - Started process (PID=1457) to work on /home/airflow/.local/lib/python3.12/site-packages/airflow/example_dags/example_skip_dag.py
[2025-03-10T20:41:03.681+0000] {processor.py:914} INFO - Processing file /home/airflow/.local/lib/python3.12/site-packages/airflow/example_dags/example_skip_dag.py for tasks to queue
[2025-03-10T20:41:03.684+0000] {logging_mixin.py:190} INFO - [2025-03-10T20:41:03.684+0000] {dagbag.py:588} INFO - Filling up the DagBag from /home/airflow/.local/lib/python3.12/site-packages/airflow/example_dags/example_skip_dag.py
[2025-03-10T20:41:03.693+0000] {processor.py:925} INFO - DAG(s) 'example_skip_dag' retrieved from /home/airflow/.local/lib/python3.12/site-packages/airflow/example_dags/example_skip_dag.py
[2025-03-10T20:41:03.724+0000] {logging_mixin.py:190} INFO - [2025-03-10T20:41:03.724+0000] {dag.py:3239} INFO - Sync 1 DAGs
[2025-03-10T20:41:03.753+0000] {logging_mixin.py:190} INFO - [2025-03-10T20:41:03.753+0000] {dag.py:4180} INFO - Setting next_dagrun for example_skip_dag to 2025-03-09 00:00:00+00:00, run_after=2025-03-10 00:00:00+00:00
[2025-03-10T20:41:03.777+0000] {processor.py:208} INFO - Processing /home/airflow/.local/lib/python3.12/site-packages/airflow/example_dags/example_skip_dag.py took 0.105 seconds
[2025-03-10T20:41:34.446+0000] {processor.py:186} INFO - Started process (PID=1520) to work on /home/airflow/.local/lib/python3.12/site-packages/airflow/example_dags/example_skip_dag.py
[2025-03-10T20:41:34.447+0000] {processor.py:914} INFO - Processing file /home/airflow/.local/lib/python3.12/site-packages/airflow/example_dags/example_skip_dag.py for tasks to queue
[2025-03-10T20:41:34.450+0000] {logging_mixin.py:190} INFO - [2025-03-10T20:41:34.450+0000] {dagbag.py:588} INFO - Filling up the DagBag from /home/airflow/.local/lib/python3.12/site-packages/airflow/example_dags/example_skip_dag.py
[2025-03-10T20:41:34.459+0000] {processor.py:925} INFO - DAG(s) 'example_skip_dag' retrieved from /home/airflow/.local/lib/python3.12/site-packages/airflow/example_dags/example_skip_dag.py
[2025-03-10T20:41:34.487+0000] {logging_mixin.py:190} INFO - [2025-03-10T20:41:34.487+0000] {dag.py:3239} INFO - Sync 1 DAGs
[2025-03-10T20:41:34.517+0000] {logging_mixin.py:190} INFO - [2025-03-10T20:41:34.516+0000] {dag.py:4180} INFO - Setting next_dagrun for example_skip_dag to 2025-03-09 00:00:00+00:00, run_after=2025-03-10 00:00:00+00:00
[2025-03-10T20:41:34.540+0000] {processor.py:208} INFO - Processing /home/airflow/.local/lib/python3.12/site-packages/airflow/example_dags/example_skip_dag.py took 0.102 seconds
[2025-03-10T20:42:05.076+0000] {processor.py:186} INFO - Started process (PID=1583) to work on /home/airflow/.local/lib/python3.12/site-packages/airflow/example_dags/example_skip_dag.py
[2025-03-10T20:42:05.078+0000] {processor.py:914} INFO - Processing file /home/airflow/.local/lib/python3.12/site-packages/airflow/example_dags/example_skip_dag.py for tasks to queue
[2025-03-10T20:42:05.080+0000] {logging_mixin.py:190} INFO - [2025-03-10T20:42:05.080+0000] {dagbag.py:588} INFO - Filling up the DagBag from /home/airflow/.local/lib/python3.12/site-packages/airflow/example_dags/example_skip_dag.py
[2025-03-10T20:42:05.088+0000] {processor.py:925} INFO - DAG(s) 'example_skip_dag' retrieved from /home/airflow/.local/lib/python3.12/site-packages/airflow/example_dags/example_skip_dag.py
[2025-03-10T20:42:05.118+0000] {logging_mixin.py:190} INFO - [2025-03-10T20:42:05.118+0000] {dag.py:3239} INFO - Sync 1 DAGs
[2025-03-10T20:42:05.149+0000] {logging_mixin.py:190} INFO - [2025-03-10T20:42:05.149+0000] {dag.py:4180} INFO - Setting next_dagrun for example_skip_dag to 2025-03-09 00:00:00+00:00, run_after=2025-03-10 00:00:00+00:00
[2025-03-10T20:42:05.171+0000] {processor.py:208} INFO - Processing /home/airflow/.local/lib/python3.12/site-packages/airflow/example_dags/example_skip_dag.py took 0.101 seconds
[2025-03-10T20:42:35.399+0000] {processor.py:186} INFO - Started process (PID=1646) to work on /home/airflow/.local/lib/python3.12/site-packages/airflow/example_dags/example_skip_dag.py
[2025-03-10T20:42:35.400+0000] {processor.py:914} INFO - Processing file /home/airflow/.local/lib/python3.12/site-packages/airflow/example_dags/example_skip_dag.py for tasks to queue
[2025-03-10T20:42:35.403+0000] {logging_mixin.py:190} INFO - [2025-03-10T20:42:35.403+0000] {dagbag.py:588} INFO - Filling up the DagBag from /home/airflow/.local/lib/python3.12/site-packages/airflow/example_dags/example_skip_dag.py
[2025-03-10T20:42:35.411+0000] {processor.py:925} INFO - DAG(s) 'example_skip_dag' retrieved from /home/airflow/.local/lib/python3.12/site-packages/airflow/example_dags/example_skip_dag.py
[2025-03-10T20:42:35.439+0000] {logging_mixin.py:190} INFO - [2025-03-10T20:42:35.439+0000] {dag.py:3239} INFO - Sync 1 DAGs
[2025-03-10T20:42:35.471+0000] {logging_mixin.py:190} INFO - [2025-03-10T20:42:35.471+0000] {dag.py:4180} INFO - Setting next_dagrun for example_skip_dag to 2025-03-09 00:00:00+00:00, run_after=2025-03-10 00:00:00+00:00
[2025-03-10T20:42:35.494+0000] {processor.py:208} INFO - Processing /home/airflow/.local/lib/python3.12/site-packages/airflow/example_dags/example_skip_dag.py took 0.102 seconds
[2025-03-10T20:43:06.858+0000] {processor.py:186} INFO - Started process (PID=1709) to work on /home/airflow/.local/lib/python3.12/site-packages/airflow/example_dags/example_skip_dag.py
[2025-03-10T20:43:06.859+0000] {processor.py:914} INFO - Processing file /home/airflow/.local/lib/python3.12/site-packages/airflow/example_dags/example_skip_dag.py for tasks to queue
[2025-03-10T20:43:06.862+0000] {logging_mixin.py:190} INFO - [2025-03-10T20:43:06.861+0000] {dagbag.py:588} INFO - Filling up the DagBag from /home/airflow/.local/lib/python3.12/site-packages/airflow/example_dags/example_skip_dag.py
[2025-03-10T20:43:06.869+0000] {processor.py:925} INFO - DAG(s) 'example_skip_dag' retrieved from /home/airflow/.local/lib/python3.12/site-packages/airflow/example_dags/example_skip_dag.py
[2025-03-10T20:43:06.898+0000] {logging_mixin.py:190} INFO - [2025-03-10T20:43:06.897+0000] {dag.py:3239} INFO - Sync 1 DAGs
[2025-03-10T20:43:07.179+0000] {logging_mixin.py:190} INFO - [2025-03-10T20:43:07.179+0000] {dag.py:4180} INFO - Setting next_dagrun for example_skip_dag to 2025-03-09 00:00:00+00:00, run_after=2025-03-10 00:00:00+00:00
[2025-03-10T20:43:07.200+0000] {processor.py:208} INFO - Processing /home/airflow/.local/lib/python3.12/site-packages/airflow/example_dags/example_skip_dag.py took 0.348 seconds
[2025-03-10T20:43:38.029+0000] {processor.py:186} INFO - Started process (PID=1772) to work on /home/airflow/.local/lib/python3.12/site-packages/airflow/example_dags/example_skip_dag.py
[2025-03-10T20:43:38.031+0000] {processor.py:914} INFO - Processing file /home/airflow/.local/lib/python3.12/site-packages/airflow/example_dags/example_skip_dag.py for tasks to queue
[2025-03-10T20:43:38.034+0000] {logging_mixin.py:190} INFO - [2025-03-10T20:43:38.033+0000] {dagbag.py:588} INFO - Filling up the DagBag from /home/airflow/.local/lib/python3.12/site-packages/airflow/example_dags/example_skip_dag.py
[2025-03-10T20:43:38.042+0000] {processor.py:925} INFO - DAG(s) 'example_skip_dag' retrieved from /home/airflow/.local/lib/python3.12/site-packages/airflow/example_dags/example_skip_dag.py
[2025-03-10T20:43:38.069+0000] {logging_mixin.py:190} INFO - [2025-03-10T20:43:38.069+0000] {dag.py:3239} INFO - Sync 1 DAGs
[2025-03-10T20:43:38.100+0000] {logging_mixin.py:190} INFO - [2025-03-10T20:43:38.099+0000] {dag.py:4180} INFO - Setting next_dagrun for example_skip_dag to 2025-03-09 00:00:00+00:00, run_after=2025-03-10 00:00:00+00:00
[2025-03-10T20:43:38.122+0000] {processor.py:208} INFO - Processing /home/airflow/.local/lib/python3.12/site-packages/airflow/example_dags/example_skip_dag.py took 0.101 seconds
[2025-03-10T20:44:08.907+0000] {processor.py:186} INFO - Started process (PID=1835) to work on /home/airflow/.local/lib/python3.12/site-packages/airflow/example_dags/example_skip_dag.py
[2025-03-10T20:44:08.908+0000] {processor.py:914} INFO - Processing file /home/airflow/.local/lib/python3.12/site-packages/airflow/example_dags/example_skip_dag.py for tasks to queue
[2025-03-10T20:44:08.911+0000] {logging_mixin.py:190} INFO - [2025-03-10T20:44:08.911+0000] {dagbag.py:588} INFO - Filling up the DagBag from /home/airflow/.local/lib/python3.12/site-packages/airflow/example_dags/example_skip_dag.py
[2025-03-10T20:44:08.920+0000] {processor.py:925} INFO - DAG(s) 'example_skip_dag' retrieved from /home/airflow/.local/lib/python3.12/site-packages/airflow/example_dags/example_skip_dag.py
[2025-03-10T20:44:08.952+0000] {logging_mixin.py:190} INFO - [2025-03-10T20:44:08.951+0000] {dag.py:3239} INFO - Sync 1 DAGs
[2025-03-10T20:44:08.980+0000] {logging_mixin.py:190} INFO - [2025-03-10T20:44:08.980+0000] {dag.py:4180} INFO - Setting next_dagrun for example_skip_dag to 2025-03-09 00:00:00+00:00, run_after=2025-03-10 00:00:00+00:00
[2025-03-10T20:44:09.003+0000] {processor.py:208} INFO - Processing /home/airflow/.local/lib/python3.12/site-packages/airflow/example_dags/example_skip_dag.py took 0.104 seconds
[2025-03-10T20:44:41.256+0000] {processor.py:186} INFO - Started process (PID=1904) to work on /home/airflow/.local/lib/python3.12/site-packages/airflow/example_dags/example_skip_dag.py
[2025-03-10T20:44:41.257+0000] {processor.py:914} INFO - Processing file /home/airflow/.local/lib/python3.12/site-packages/airflow/example_dags/example_skip_dag.py for tasks to queue
[2025-03-10T20:44:41.260+0000] {logging_mixin.py:190} INFO - [2025-03-10T20:44:41.260+0000] {dagbag.py:588} INFO - Filling up the DagBag from /home/airflow/.local/lib/python3.12/site-packages/airflow/example_dags/example_skip_dag.py
[2025-03-10T20:44:41.268+0000] {processor.py:925} INFO - DAG(s) 'example_skip_dag' retrieved from /home/airflow/.local/lib/python3.12/site-packages/airflow/example_dags/example_skip_dag.py
[2025-03-10T20:44:41.295+0000] {logging_mixin.py:190} INFO - [2025-03-10T20:44:41.295+0000] {dag.py:3239} INFO - Sync 1 DAGs
[2025-03-10T20:44:41.325+0000] {logging_mixin.py:190} INFO - [2025-03-10T20:44:41.324+0000] {dag.py:4180} INFO - Setting next_dagrun for example_skip_dag to 2025-03-09 00:00:00+00:00, run_after=2025-03-10 00:00:00+00:00
[2025-03-10T20:44:41.348+0000] {processor.py:208} INFO - Processing /home/airflow/.local/lib/python3.12/site-packages/airflow/example_dags/example_skip_dag.py took 0.099 seconds
[2025-03-10T20:45:12.320+0000] {processor.py:186} INFO - Started process (PID=1967) to work on /home/airflow/.local/lib/python3.12/site-packages/airflow/example_dags/example_skip_dag.py
[2025-03-10T20:45:12.321+0000] {processor.py:914} INFO - Processing file /home/airflow/.local/lib/python3.12/site-packages/airflow/example_dags/example_skip_dag.py for tasks to queue
[2025-03-10T20:45:12.324+0000] {logging_mixin.py:190} INFO - [2025-03-10T20:45:12.323+0000] {dagbag.py:588} INFO - Filling up the DagBag from /home/airflow/.local/lib/python3.12/site-packages/airflow/example_dags/example_skip_dag.py
[2025-03-10T20:45:12.332+0000] {processor.py:925} INFO - DAG(s) 'example_skip_dag' retrieved from /home/airflow/.local/lib/python3.12/site-packages/airflow/example_dags/example_skip_dag.py
[2025-03-10T20:45:12.360+0000] {logging_mixin.py:190} INFO - [2025-03-10T20:45:12.359+0000] {dag.py:3239} INFO - Sync 1 DAGs
[2025-03-10T20:45:12.639+0000] {logging_mixin.py:190} INFO - [2025-03-10T20:45:12.638+0000] {dag.py:4180} INFO - Setting next_dagrun for example_skip_dag to 2025-03-09 00:00:00+00:00, run_after=2025-03-10 00:00:00+00:00
[2025-03-10T20:45:12.658+0000] {processor.py:208} INFO - Processing /home/airflow/.local/lib/python3.12/site-packages/airflow/example_dags/example_skip_dag.py took 0.347 seconds
[2025-03-10T20:45:43.531+0000] {processor.py:186} INFO - Started process (PID=2030) to work on /home/airflow/.local/lib/python3.12/site-packages/airflow/example_dags/example_skip_dag.py
[2025-03-10T20:45:43.532+0000] {processor.py:914} INFO - Processing file /home/airflow/.local/lib/python3.12/site-packages/airflow/example_dags/example_skip_dag.py for tasks to queue
[2025-03-10T20:45:43.535+0000] {logging_mixin.py:190} INFO - [2025-03-10T20:45:43.535+0000] {dagbag.py:588} INFO - Filling up the DagBag from /home/airflow/.local/lib/python3.12/site-packages/airflow/example_dags/example_skip_dag.py
[2025-03-10T20:45:43.543+0000] {processor.py:925} INFO - DAG(s) 'example_skip_dag' retrieved from /home/airflow/.local/lib/python3.12/site-packages/airflow/example_dags/example_skip_dag.py
[2025-03-10T20:45:43.572+0000] {logging_mixin.py:190} INFO - [2025-03-10T20:45:43.572+0000] {dag.py:3239} INFO - Sync 1 DAGs
[2025-03-10T20:45:43.604+0000] {logging_mixin.py:190} INFO - [2025-03-10T20:45:43.604+0000] {dag.py:4180} INFO - Setting next_dagrun for example_skip_dag to 2025-03-09 00:00:00+00:00, run_after=2025-03-10 00:00:00+00:00
[2025-03-10T20:45:43.630+0000] {processor.py:208} INFO - Processing /home/airflow/.local/lib/python3.12/site-packages/airflow/example_dags/example_skip_dag.py took 0.106 seconds
[2025-03-10T20:46:13.967+0000] {processor.py:186} INFO - Started process (PID=2093) to work on /home/airflow/.local/lib/python3.12/site-packages/airflow/example_dags/example_skip_dag.py
[2025-03-10T20:46:13.968+0000] {processor.py:914} INFO - Processing file /home/airflow/.local/lib/python3.12/site-packages/airflow/example_dags/example_skip_dag.py for tasks to queue
[2025-03-10T20:46:13.970+0000] {logging_mixin.py:190} INFO - [2025-03-10T20:46:13.970+0000] {dagbag.py:588} INFO - Filling up the DagBag from /home/airflow/.local/lib/python3.12/site-packages/airflow/example_dags/example_skip_dag.py
[2025-03-10T20:46:13.978+0000] {processor.py:925} INFO - DAG(s) 'example_skip_dag' retrieved from /home/airflow/.local/lib/python3.12/site-packages/airflow/example_dags/example_skip_dag.py
[2025-03-10T20:46:14.006+0000] {logging_mixin.py:190} INFO - [2025-03-10T20:46:14.006+0000] {dag.py:3239} INFO - Sync 1 DAGs
[2025-03-10T20:46:14.035+0000] {logging_mixin.py:190} INFO - [2025-03-10T20:46:14.035+0000] {dag.py:4180} INFO - Setting next_dagrun for example_skip_dag to 2025-03-09 00:00:00+00:00, run_after=2025-03-10 00:00:00+00:00
[2025-03-10T20:46:14.056+0000] {processor.py:208} INFO - Processing /home/airflow/.local/lib/python3.12/site-packages/airflow/example_dags/example_skip_dag.py took 0.096 seconds
[2025-03-10T20:46:46.854+0000] {processor.py:186} INFO - Started process (PID=2156) to work on /home/airflow/.local/lib/python3.12/site-packages/airflow/example_dags/example_skip_dag.py
[2025-03-10T20:46:46.855+0000] {processor.py:914} INFO - Processing file /home/airflow/.local/lib/python3.12/site-packages/airflow/example_dags/example_skip_dag.py for tasks to queue
[2025-03-10T20:46:46.858+0000] {logging_mixin.py:190} INFO - [2025-03-10T20:46:46.858+0000] {dagbag.py:588} INFO - Filling up the DagBag from /home/airflow/.local/lib/python3.12/site-packages/airflow/example_dags/example_skip_dag.py
[2025-03-10T20:46:46.866+0000] {processor.py:925} INFO - DAG(s) 'example_skip_dag' retrieved from /home/airflow/.local/lib/python3.12/site-packages/airflow/example_dags/example_skip_dag.py
[2025-03-10T20:46:47.152+0000] {logging_mixin.py:190} INFO - [2025-03-10T20:46:47.152+0000] {dag.py:3239} INFO - Sync 1 DAGs
[2025-03-10T20:46:47.177+0000] {logging_mixin.py:190} INFO - [2025-03-10T20:46:47.177+0000] {dag.py:4180} INFO - Setting next_dagrun for example_skip_dag to 2025-03-09 00:00:00+00:00, run_after=2025-03-10 00:00:00+00:00
[2025-03-10T20:46:47.195+0000] {processor.py:208} INFO - Processing /home/airflow/.local/lib/python3.12/site-packages/airflow/example_dags/example_skip_dag.py took 0.348 seconds
[2025-03-10T20:47:17.448+0000] {processor.py:186} INFO - Started process (PID=2219) to work on /home/airflow/.local/lib/python3.12/site-packages/airflow/example_dags/example_skip_dag.py
[2025-03-10T20:47:17.449+0000] {processor.py:914} INFO - Processing file /home/airflow/.local/lib/python3.12/site-packages/airflow/example_dags/example_skip_dag.py for tasks to queue
[2025-03-10T20:47:17.451+0000] {logging_mixin.py:190} INFO - [2025-03-10T20:47:17.451+0000] {dagbag.py:588} INFO - Filling up the DagBag from /home/airflow/.local/lib/python3.12/site-packages/airflow/example_dags/example_skip_dag.py
[2025-03-10T20:47:17.459+0000] {processor.py:925} INFO - DAG(s) 'example_skip_dag' retrieved from /home/airflow/.local/lib/python3.12/site-packages/airflow/example_dags/example_skip_dag.py
[2025-03-10T20:47:17.487+0000] {logging_mixin.py:190} INFO - [2025-03-10T20:47:17.486+0000] {dag.py:3239} INFO - Sync 1 DAGs
[2025-03-10T20:47:17.517+0000] {logging_mixin.py:190} INFO - [2025-03-10T20:47:17.517+0000] {dag.py:4180} INFO - Setting next_dagrun for example_skip_dag to 2025-03-09 00:00:00+00:00, run_after=2025-03-10 00:00:00+00:00
[2025-03-10T20:47:17.538+0000] {processor.py:208} INFO - Processing /home/airflow/.local/lib/python3.12/site-packages/airflow/example_dags/example_skip_dag.py took 0.098 seconds
[2025-03-10T20:47:48.079+0000] {processor.py:186} INFO - Started process (PID=2282) to work on /home/airflow/.local/lib/python3.12/site-packages/airflow/example_dags/example_skip_dag.py
[2025-03-10T20:47:48.080+0000] {processor.py:914} INFO - Processing file /home/airflow/.local/lib/python3.12/site-packages/airflow/example_dags/example_skip_dag.py for tasks to queue
[2025-03-10T20:47:48.083+0000] {logging_mixin.py:190} INFO - [2025-03-10T20:47:48.082+0000] {dagbag.py:588} INFO - Filling up the DagBag from /home/airflow/.local/lib/python3.12/site-packages/airflow/example_dags/example_skip_dag.py
[2025-03-10T20:47:48.090+0000] {processor.py:925} INFO - DAG(s) 'example_skip_dag' retrieved from /home/airflow/.local/lib/python3.12/site-packages/airflow/example_dags/example_skip_dag.py
[2025-03-10T20:47:48.117+0000] {logging_mixin.py:190} INFO - [2025-03-10T20:47:48.117+0000] {dag.py:3239} INFO - Sync 1 DAGs
[2025-03-10T20:47:48.148+0000] {logging_mixin.py:190} INFO - [2025-03-10T20:47:48.148+0000] {dag.py:4180} INFO - Setting next_dagrun for example_skip_dag to 2025-03-09 00:00:00+00:00, run_after=2025-03-10 00:00:00+00:00
[2025-03-10T20:47:48.168+0000] {processor.py:208} INFO - Processing /home/airflow/.local/lib/python3.12/site-packages/airflow/example_dags/example_skip_dag.py took 0.097 seconds
[2025-03-10T20:48:18.518+0000] {processor.py:186} INFO - Started process (PID=2345) to work on /home/airflow/.local/lib/python3.12/site-packages/airflow/example_dags/example_skip_dag.py
[2025-03-10T20:48:18.519+0000] {processor.py:914} INFO - Processing file /home/airflow/.local/lib/python3.12/site-packages/airflow/example_dags/example_skip_dag.py for tasks to queue
[2025-03-10T20:48:18.522+0000] {logging_mixin.py:190} INFO - [2025-03-10T20:48:18.522+0000] {dagbag.py:588} INFO - Filling up the DagBag from /home/airflow/.local/lib/python3.12/site-packages/airflow/example_dags/example_skip_dag.py
[2025-03-10T20:48:18.529+0000] {processor.py:925} INFO - DAG(s) 'example_skip_dag' retrieved from /home/airflow/.local/lib/python3.12/site-packages/airflow/example_dags/example_skip_dag.py
[2025-03-10T20:48:18.557+0000] {logging_mixin.py:190} INFO - [2025-03-10T20:48:18.556+0000] {dag.py:3239} INFO - Sync 1 DAGs
[2025-03-10T20:48:18.586+0000] {logging_mixin.py:190} INFO - [2025-03-10T20:48:18.586+0000] {dag.py:4180} INFO - Setting next_dagrun for example_skip_dag to 2025-03-09 00:00:00+00:00, run_after=2025-03-10 00:00:00+00:00
[2025-03-10T20:48:18.607+0000] {processor.py:208} INFO - Processing /home/airflow/.local/lib/python3.12/site-packages/airflow/example_dags/example_skip_dag.py took 0.096 seconds
[2025-03-10T20:48:49.169+0000] {processor.py:186} INFO - Started process (PID=2408) to work on /home/airflow/.local/lib/python3.12/site-packages/airflow/example_dags/example_skip_dag.py
[2025-03-10T20:48:49.170+0000] {processor.py:914} INFO - Processing file /home/airflow/.local/lib/python3.12/site-packages/airflow/example_dags/example_skip_dag.py for tasks to queue
[2025-03-10T20:48:49.173+0000] {logging_mixin.py:190} INFO - [2025-03-10T20:48:49.173+0000] {dagbag.py:588} INFO - Filling up the DagBag from /home/airflow/.local/lib/python3.12/site-packages/airflow/example_dags/example_skip_dag.py
[2025-03-10T20:48:49.180+0000] {processor.py:925} INFO - DAG(s) 'example_skip_dag' retrieved from /home/airflow/.local/lib/python3.12/site-packages/airflow/example_dags/example_skip_dag.py
[2025-03-10T20:48:49.208+0000] {logging_mixin.py:190} INFO - [2025-03-10T20:48:49.207+0000] {dag.py:3239} INFO - Sync 1 DAGs
[2025-03-10T20:48:49.238+0000] {logging_mixin.py:190} INFO - [2025-03-10T20:48:49.237+0000] {dag.py:4180} INFO - Setting next_dagrun for example_skip_dag to 2025-03-09 00:00:00+00:00, run_after=2025-03-10 00:00:00+00:00
[2025-03-10T20:48:49.259+0000] {processor.py:208} INFO - Processing /home/airflow/.local/lib/python3.12/site-packages/airflow/example_dags/example_skip_dag.py took 0.097 seconds
[2025-03-10T20:49:19.639+0000] {processor.py:186} INFO - Started process (PID=2471) to work on /home/airflow/.local/lib/python3.12/site-packages/airflow/example_dags/example_skip_dag.py
[2025-03-10T20:49:19.640+0000] {processor.py:914} INFO - Processing file /home/airflow/.local/lib/python3.12/site-packages/airflow/example_dags/example_skip_dag.py for tasks to queue
[2025-03-10T20:49:19.642+0000] {logging_mixin.py:190} INFO - [2025-03-10T20:49:19.642+0000] {dagbag.py:588} INFO - Filling up the DagBag from /home/airflow/.local/lib/python3.12/site-packages/airflow/example_dags/example_skip_dag.py
[2025-03-10T20:49:19.649+0000] {processor.py:925} INFO - DAG(s) 'example_skip_dag' retrieved from /home/airflow/.local/lib/python3.12/site-packages/airflow/example_dags/example_skip_dag.py
[2025-03-10T20:49:19.676+0000] {logging_mixin.py:190} INFO - [2025-03-10T20:49:19.676+0000] {dag.py:3239} INFO - Sync 1 DAGs
[2025-03-10T20:49:19.706+0000] {logging_mixin.py:190} INFO - [2025-03-10T20:49:19.706+0000] {dag.py:4180} INFO - Setting next_dagrun for example_skip_dag to 2025-03-09 00:00:00+00:00, run_after=2025-03-10 00:00:00+00:00
[2025-03-10T20:49:19.732+0000] {processor.py:208} INFO - Processing /home/airflow/.local/lib/python3.12/site-packages/airflow/example_dags/example_skip_dag.py took 0.100 seconds
[2025-03-10T20:49:50.142+0000] {processor.py:186} INFO - Started process (PID=2534) to work on /home/airflow/.local/lib/python3.12/site-packages/airflow/example_dags/example_skip_dag.py
[2025-03-10T20:49:50.143+0000] {processor.py:914} INFO - Processing file /home/airflow/.local/lib/python3.12/site-packages/airflow/example_dags/example_skip_dag.py for tasks to queue
[2025-03-10T20:49:50.145+0000] {logging_mixin.py:190} INFO - [2025-03-10T20:49:50.145+0000] {dagbag.py:588} INFO - Filling up the DagBag from /home/airflow/.local/lib/python3.12/site-packages/airflow/example_dags/example_skip_dag.py
[2025-03-10T20:49:50.153+0000] {processor.py:925} INFO - DAG(s) 'example_skip_dag' retrieved from /home/airflow/.local/lib/python3.12/site-packages/airflow/example_dags/example_skip_dag.py
[2025-03-10T20:49:50.180+0000] {logging_mixin.py:190} INFO - [2025-03-10T20:49:50.180+0000] {dag.py:3239} INFO - Sync 1 DAGs
[2025-03-10T20:49:50.213+0000] {logging_mixin.py:190} INFO - [2025-03-10T20:49:50.213+0000] {dag.py:4180} INFO - Setting next_dagrun for example_skip_dag to 2025-03-09 00:00:00+00:00, run_after=2025-03-10 00:00:00+00:00
[2025-03-10T20:49:50.237+0000] {processor.py:208} INFO - Processing /home/airflow/.local/lib/python3.12/site-packages/airflow/example_dags/example_skip_dag.py took 0.103 seconds
[2025-03-10T20:50:20.743+0000] {processor.py:186} INFO - Started process (PID=2597) to work on /home/airflow/.local/lib/python3.12/site-packages/airflow/example_dags/example_skip_dag.py
[2025-03-10T20:50:20.744+0000] {processor.py:914} INFO - Processing file /home/airflow/.local/lib/python3.12/site-packages/airflow/example_dags/example_skip_dag.py for tasks to queue
[2025-03-10T20:50:20.746+0000] {logging_mixin.py:190} INFO - [2025-03-10T20:50:20.746+0000] {dagbag.py:588} INFO - Filling up the DagBag from /home/airflow/.local/lib/python3.12/site-packages/airflow/example_dags/example_skip_dag.py
[2025-03-10T20:50:20.754+0000] {processor.py:925} INFO - DAG(s) 'example_skip_dag' retrieved from /home/airflow/.local/lib/python3.12/site-packages/airflow/example_dags/example_skip_dag.py
[2025-03-10T20:50:20.781+0000] {logging_mixin.py:190} INFO - [2025-03-10T20:50:20.780+0000] {dag.py:3239} INFO - Sync 1 DAGs
[2025-03-10T20:50:20.811+0000] {logging_mixin.py:190} INFO - [2025-03-10T20:50:20.811+0000] {dag.py:4180} INFO - Setting next_dagrun for example_skip_dag to 2025-03-09 00:00:00+00:00, run_after=2025-03-10 00:00:00+00:00
[2025-03-10T20:50:20.833+0000] {processor.py:208} INFO - Processing /home/airflow/.local/lib/python3.12/site-packages/airflow/example_dags/example_skip_dag.py took 0.097 seconds
[2025-03-10T23:10:25.362+0000] {processor.py:186} INFO - Started process (PID=130) to work on /home/airflow/.local/lib/python3.12/site-packages/airflow/example_dags/example_skip_dag.py
[2025-03-10T23:10:25.370+0000] {processor.py:914} INFO - Processing file /home/airflow/.local/lib/python3.12/site-packages/airflow/example_dags/example_skip_dag.py for tasks to queue
[2025-03-10T23:10:25.378+0000] {logging_mixin.py:190} INFO - [2025-03-10T23:10:25.376+0000] {dagbag.py:588} INFO - Filling up the DagBag from /home/airflow/.local/lib/python3.12/site-packages/airflow/example_dags/example_skip_dag.py
[2025-03-10T23:10:25.441+0000] {processor.py:925} INFO - DAG(s) 'example_skip_dag' retrieved from /home/airflow/.local/lib/python3.12/site-packages/airflow/example_dags/example_skip_dag.py
[2025-03-10T23:10:25.593+0000] {logging_mixin.py:190} INFO - [2025-03-10T23:10:25.591+0000] {dag.py:3239} INFO - Sync 1 DAGs
[2025-03-10T23:10:25.775+0000] {logging_mixin.py:190} INFO - [2025-03-10T23:10:25.773+0000] {dag.py:4180} INFO - Setting next_dagrun for example_skip_dag to 2025-03-09 00:00:00+00:00, run_after=2025-03-10 00:00:00+00:00
[2025-03-10T23:10:25.910+0000] {processor.py:208} INFO - Processing /home/airflow/.local/lib/python3.12/site-packages/airflow/example_dags/example_skip_dag.py took 0.590 seconds
[2025-03-10T23:10:57.047+0000] {processor.py:186} INFO - Started process (PID=194) to work on /home/airflow/.local/lib/python3.12/site-packages/airflow/example_dags/example_skip_dag.py
[2025-03-10T23:10:57.051+0000] {processor.py:914} INFO - Processing file /home/airflow/.local/lib/python3.12/site-packages/airflow/example_dags/example_skip_dag.py for tasks to queue
[2025-03-10T23:10:57.058+0000] {logging_mixin.py:190} INFO - [2025-03-10T23:10:57.057+0000] {dagbag.py:588} INFO - Filling up the DagBag from /home/airflow/.local/lib/python3.12/site-packages/airflow/example_dags/example_skip_dag.py
[2025-03-10T23:10:57.100+0000] {processor.py:925} INFO - DAG(s) 'example_skip_dag' retrieved from /home/airflow/.local/lib/python3.12/site-packages/airflow/example_dags/example_skip_dag.py
[2025-03-10T23:10:57.324+0000] {logging_mixin.py:190} INFO - [2025-03-10T23:10:57.323+0000] {dag.py:3239} INFO - Sync 1 DAGs
[2025-03-10T23:10:57.527+0000] {logging_mixin.py:190} INFO - [2025-03-10T23:10:57.525+0000] {dag.py:4180} INFO - Setting next_dagrun for example_skip_dag to 2025-03-09 00:00:00+00:00, run_after=2025-03-10 00:00:00+00:00
[2025-03-10T23:10:57.681+0000] {processor.py:208} INFO - Processing /home/airflow/.local/lib/python3.12/site-packages/airflow/example_dags/example_skip_dag.py took 0.673 seconds
[2025-03-10T23:13:31.888+0000] {processor.py:186} INFO - Started process (PID=245) to work on /home/airflow/.local/lib/python3.12/site-packages/airflow/example_dags/example_skip_dag.py
[2025-03-10T23:13:31.891+0000] {processor.py:914} INFO - Processing file /home/airflow/.local/lib/python3.12/site-packages/airflow/example_dags/example_skip_dag.py for tasks to queue
[2025-03-10T23:13:31.896+0000] {logging_mixin.py:190} INFO - [2025-03-10T23:13:31.895+0000] {dagbag.py:588} INFO - Filling up the DagBag from /home/airflow/.local/lib/python3.12/site-packages/airflow/example_dags/example_skip_dag.py
[2025-03-10T23:13:31.926+0000] {processor.py:925} INFO - DAG(s) 'example_skip_dag' retrieved from /home/airflow/.local/lib/python3.12/site-packages/airflow/example_dags/example_skip_dag.py
[2025-03-10T23:13:32.081+0000] {logging_mixin.py:190} INFO - [2025-03-10T23:13:32.080+0000] {dag.py:3239} INFO - Sync 1 DAGs
[2025-03-10T23:13:32.239+0000] {logging_mixin.py:190} INFO - [2025-03-10T23:13:32.238+0000] {dag.py:4180} INFO - Setting next_dagrun for example_skip_dag to 2025-03-09 00:00:00+00:00, run_after=2025-03-10 00:00:00+00:00
[2025-03-10T23:13:32.329+0000] {processor.py:208} INFO - Processing /home/airflow/.local/lib/python3.12/site-packages/airflow/example_dags/example_skip_dag.py took 0.468 seconds
[2025-03-10T23:15:06.054+0000] {processor.py:186} INFO - Started process (PID=318) to work on /home/airflow/.local/lib/python3.12/site-packages/airflow/example_dags/example_skip_dag.py
[2025-03-10T23:15:06.059+0000] {processor.py:914} INFO - Processing file /home/airflow/.local/lib/python3.12/site-packages/airflow/example_dags/example_skip_dag.py for tasks to queue
[2025-03-10T23:15:06.067+0000] {logging_mixin.py:190} INFO - [2025-03-10T23:15:06.064+0000] {dagbag.py:588} INFO - Filling up the DagBag from /home/airflow/.local/lib/python3.12/site-packages/airflow/example_dags/example_skip_dag.py
[2025-03-10T23:15:06.104+0000] {processor.py:925} INFO - DAG(s) 'example_skip_dag' retrieved from /home/airflow/.local/lib/python3.12/site-packages/airflow/example_dags/example_skip_dag.py
[2025-03-10T23:15:06.194+0000] {logging_mixin.py:190} INFO - [2025-03-10T23:15:06.193+0000] {dag.py:3239} INFO - Sync 1 DAGs
[2025-03-10T23:15:06.294+0000] {logging_mixin.py:190} INFO - [2025-03-10T23:15:06.293+0000] {dag.py:4180} INFO - Setting next_dagrun for example_skip_dag to 2025-03-09 00:00:00+00:00, run_after=2025-03-10 00:00:00+00:00
[2025-03-10T23:15:06.371+0000] {processor.py:208} INFO - Processing /home/airflow/.local/lib/python3.12/site-packages/airflow/example_dags/example_skip_dag.py took 0.342 seconds
[2025-03-10T23:15:38.121+0000] {processor.py:186} INFO - Started process (PID=381) to work on /home/airflow/.local/lib/python3.12/site-packages/airflow/example_dags/example_skip_dag.py
[2025-03-10T23:15:38.124+0000] {processor.py:914} INFO - Processing file /home/airflow/.local/lib/python3.12/site-packages/airflow/example_dags/example_skip_dag.py for tasks to queue
[2025-03-10T23:15:38.129+0000] {logging_mixin.py:190} INFO - [2025-03-10T23:15:38.127+0000] {dagbag.py:588} INFO - Filling up the DagBag from /home/airflow/.local/lib/python3.12/site-packages/airflow/example_dags/example_skip_dag.py
[2025-03-10T23:15:38.160+0000] {processor.py:925} INFO - DAG(s) 'example_skip_dag' retrieved from /home/airflow/.local/lib/python3.12/site-packages/airflow/example_dags/example_skip_dag.py
[2025-03-10T23:15:38.293+0000] {logging_mixin.py:190} INFO - [2025-03-10T23:15:38.292+0000] {dag.py:3239} INFO - Sync 1 DAGs
[2025-03-10T23:15:38.438+0000] {logging_mixin.py:190} INFO - [2025-03-10T23:15:38.437+0000] {dag.py:4180} INFO - Setting next_dagrun for example_skip_dag to 2025-03-09 00:00:00+00:00, run_after=2025-03-10 00:00:00+00:00
[2025-03-10T23:15:38.535+0000] {processor.py:208} INFO - Processing /home/airflow/.local/lib/python3.12/site-packages/airflow/example_dags/example_skip_dag.py took 0.441 seconds
[2025-03-10T23:16:09.140+0000] {processor.py:186} INFO - Started process (PID=444) to work on /home/airflow/.local/lib/python3.12/site-packages/airflow/example_dags/example_skip_dag.py
[2025-03-10T23:16:09.150+0000] {processor.py:914} INFO - Processing file /home/airflow/.local/lib/python3.12/site-packages/airflow/example_dags/example_skip_dag.py for tasks to queue
[2025-03-10T23:16:09.157+0000] {logging_mixin.py:190} INFO - [2025-03-10T23:16:09.155+0000] {dagbag.py:588} INFO - Filling up the DagBag from /home/airflow/.local/lib/python3.12/site-packages/airflow/example_dags/example_skip_dag.py
[2025-03-10T23:16:09.219+0000] {processor.py:925} INFO - DAG(s) 'example_skip_dag' retrieved from /home/airflow/.local/lib/python3.12/site-packages/airflow/example_dags/example_skip_dag.py
[2025-03-10T23:16:09.394+0000] {logging_mixin.py:190} INFO - [2025-03-10T23:16:09.388+0000] {dag.py:3239} INFO - Sync 1 DAGs
[2025-03-10T23:16:09.560+0000] {logging_mixin.py:190} INFO - [2025-03-10T23:16:09.559+0000] {dag.py:4180} INFO - Setting next_dagrun for example_skip_dag to 2025-03-09 00:00:00+00:00, run_after=2025-03-10 00:00:00+00:00
[2025-03-10T23:16:09.674+0000] {processor.py:208} INFO - Processing /home/airflow/.local/lib/python3.12/site-packages/airflow/example_dags/example_skip_dag.py took 0.574 seconds
[2025-03-10T23:16:40.555+0000] {processor.py:186} INFO - Started process (PID=506) to work on /home/airflow/.local/lib/python3.12/site-packages/airflow/example_dags/example_skip_dag.py
[2025-03-10T23:16:40.556+0000] {processor.py:914} INFO - Processing file /home/airflow/.local/lib/python3.12/site-packages/airflow/example_dags/example_skip_dag.py for tasks to queue
[2025-03-10T23:16:40.557+0000] {logging_mixin.py:190} INFO - [2025-03-10T23:16:40.557+0000] {dagbag.py:588} INFO - Filling up the DagBag from /home/airflow/.local/lib/python3.12/site-packages/airflow/example_dags/example_skip_dag.py
[2025-03-10T23:16:40.565+0000] {processor.py:925} INFO - DAG(s) 'example_skip_dag' retrieved from /home/airflow/.local/lib/python3.12/site-packages/airflow/example_dags/example_skip_dag.py
[2025-03-10T23:16:40.591+0000] {logging_mixin.py:190} INFO - [2025-03-10T23:16:40.590+0000] {dag.py:3239} INFO - Sync 1 DAGs
[2025-03-10T23:16:40.619+0000] {logging_mixin.py:190} INFO - [2025-03-10T23:16:40.619+0000] {dag.py:4180} INFO - Setting next_dagrun for example_skip_dag to 2025-03-09 00:00:00+00:00, run_after=2025-03-10 00:00:00+00:00
[2025-03-10T23:16:40.640+0000] {processor.py:208} INFO - Processing /home/airflow/.local/lib/python3.12/site-packages/airflow/example_dags/example_skip_dag.py took 0.092 seconds
[2025-03-10T23:17:11.180+0000] {processor.py:186} INFO - Started process (PID=569) to work on /home/airflow/.local/lib/python3.12/site-packages/airflow/example_dags/example_skip_dag.py
[2025-03-10T23:17:11.181+0000] {processor.py:914} INFO - Processing file /home/airflow/.local/lib/python3.12/site-packages/airflow/example_dags/example_skip_dag.py for tasks to queue
[2025-03-10T23:17:11.183+0000] {logging_mixin.py:190} INFO - [2025-03-10T23:17:11.182+0000] {dagbag.py:588} INFO - Filling up the DagBag from /home/airflow/.local/lib/python3.12/site-packages/airflow/example_dags/example_skip_dag.py
[2025-03-10T23:17:11.193+0000] {processor.py:925} INFO - DAG(s) 'example_skip_dag' retrieved from /home/airflow/.local/lib/python3.12/site-packages/airflow/example_dags/example_skip_dag.py
[2025-03-10T23:17:11.223+0000] {logging_mixin.py:190} INFO - [2025-03-10T23:17:11.222+0000] {dag.py:3239} INFO - Sync 1 DAGs
[2025-03-10T23:17:11.250+0000] {logging_mixin.py:190} INFO - [2025-03-10T23:17:11.250+0000] {dag.py:4180} INFO - Setting next_dagrun for example_skip_dag to 2025-03-09 00:00:00+00:00, run_after=2025-03-10 00:00:00+00:00
[2025-03-10T23:17:11.271+0000] {processor.py:208} INFO - Processing /home/airflow/.local/lib/python3.12/site-packages/airflow/example_dags/example_skip_dag.py took 0.099 seconds
[2025-03-10T23:17:41.369+0000] {processor.py:186} INFO - Started process (PID=632) to work on /home/airflow/.local/lib/python3.12/site-packages/airflow/example_dags/example_skip_dag.py
[2025-03-10T23:17:41.370+0000] {processor.py:914} INFO - Processing file /home/airflow/.local/lib/python3.12/site-packages/airflow/example_dags/example_skip_dag.py for tasks to queue
[2025-03-10T23:17:41.371+0000] {logging_mixin.py:190} INFO - [2025-03-10T23:17:41.371+0000] {dagbag.py:588} INFO - Filling up the DagBag from /home/airflow/.local/lib/python3.12/site-packages/airflow/example_dags/example_skip_dag.py
[2025-03-10T23:17:41.381+0000] {processor.py:925} INFO - DAG(s) 'example_skip_dag' retrieved from /home/airflow/.local/lib/python3.12/site-packages/airflow/example_dags/example_skip_dag.py
[2025-03-10T23:17:41.411+0000] {logging_mixin.py:190} INFO - [2025-03-10T23:17:41.410+0000] {dag.py:3239} INFO - Sync 1 DAGs
[2025-03-10T23:17:41.439+0000] {logging_mixin.py:190} INFO - [2025-03-10T23:17:41.439+0000] {dag.py:4180} INFO - Setting next_dagrun for example_skip_dag to 2025-03-09 00:00:00+00:00, run_after=2025-03-10 00:00:00+00:00
[2025-03-10T23:17:41.460+0000] {processor.py:208} INFO - Processing /home/airflow/.local/lib/python3.12/site-packages/airflow/example_dags/example_skip_dag.py took 0.100 seconds
[2025-03-10T23:18:11.634+0000] {processor.py:186} INFO - Started process (PID=695) to work on /home/airflow/.local/lib/python3.12/site-packages/airflow/example_dags/example_skip_dag.py
[2025-03-10T23:18:11.636+0000] {processor.py:914} INFO - Processing file /home/airflow/.local/lib/python3.12/site-packages/airflow/example_dags/example_skip_dag.py for tasks to queue
[2025-03-10T23:18:11.638+0000] {logging_mixin.py:190} INFO - [2025-03-10T23:18:11.637+0000] {dagbag.py:588} INFO - Filling up the DagBag from /home/airflow/.local/lib/python3.12/site-packages/airflow/example_dags/example_skip_dag.py
[2025-03-10T23:18:11.648+0000] {processor.py:925} INFO - DAG(s) 'example_skip_dag' retrieved from /home/airflow/.local/lib/python3.12/site-packages/airflow/example_dags/example_skip_dag.py
[2025-03-10T23:18:11.679+0000] {logging_mixin.py:190} INFO - [2025-03-10T23:18:11.679+0000] {dag.py:3239} INFO - Sync 1 DAGs
[2025-03-10T23:18:11.712+0000] {logging_mixin.py:190} INFO - [2025-03-10T23:18:11.712+0000] {dag.py:4180} INFO - Setting next_dagrun for example_skip_dag to 2025-03-09 00:00:00+00:00, run_after=2025-03-10 00:00:00+00:00
[2025-03-10T23:18:11.736+0000] {processor.py:208} INFO - Processing /home/airflow/.local/lib/python3.12/site-packages/airflow/example_dags/example_skip_dag.py took 0.111 seconds
[2025-03-10T23:18:41.784+0000] {processor.py:186} INFO - Started process (PID=758) to work on /home/airflow/.local/lib/python3.12/site-packages/airflow/example_dags/example_skip_dag.py
[2025-03-10T23:18:41.785+0000] {processor.py:914} INFO - Processing file /home/airflow/.local/lib/python3.12/site-packages/airflow/example_dags/example_skip_dag.py for tasks to queue
[2025-03-10T23:18:41.787+0000] {logging_mixin.py:190} INFO - [2025-03-10T23:18:41.786+0000] {dagbag.py:588} INFO - Filling up the DagBag from /home/airflow/.local/lib/python3.12/site-packages/airflow/example_dags/example_skip_dag.py
[2025-03-10T23:18:41.795+0000] {processor.py:925} INFO - DAG(s) 'example_skip_dag' retrieved from /home/airflow/.local/lib/python3.12/site-packages/airflow/example_dags/example_skip_dag.py
[2025-03-10T23:18:41.823+0000] {logging_mixin.py:190} INFO - [2025-03-10T23:18:41.823+0000] {dag.py:3239} INFO - Sync 1 DAGs
[2025-03-10T23:18:41.852+0000] {logging_mixin.py:190} INFO - [2025-03-10T23:18:41.852+0000] {dag.py:4180} INFO - Setting next_dagrun for example_skip_dag to 2025-03-09 00:00:00+00:00, run_after=2025-03-10 00:00:00+00:00
[2025-03-10T23:18:41.874+0000] {processor.py:208} INFO - Processing /home/airflow/.local/lib/python3.12/site-packages/airflow/example_dags/example_skip_dag.py took 0.098 seconds
[2025-03-10T23:19:12.206+0000] {processor.py:186} INFO - Started process (PID=821) to work on /home/airflow/.local/lib/python3.12/site-packages/airflow/example_dags/example_skip_dag.py
[2025-03-10T23:19:12.207+0000] {processor.py:914} INFO - Processing file /home/airflow/.local/lib/python3.12/site-packages/airflow/example_dags/example_skip_dag.py for tasks to queue
[2025-03-10T23:19:12.208+0000] {logging_mixin.py:190} INFO - [2025-03-10T23:19:12.208+0000] {dagbag.py:588} INFO - Filling up the DagBag from /home/airflow/.local/lib/python3.12/site-packages/airflow/example_dags/example_skip_dag.py
[2025-03-10T23:19:12.217+0000] {processor.py:925} INFO - DAG(s) 'example_skip_dag' retrieved from /home/airflow/.local/lib/python3.12/site-packages/airflow/example_dags/example_skip_dag.py
[2025-03-10T23:19:12.255+0000] {logging_mixin.py:190} INFO - [2025-03-10T23:19:12.255+0000] {dag.py:3239} INFO - Sync 1 DAGs
[2025-03-10T23:19:12.289+0000] {logging_mixin.py:190} INFO - [2025-03-10T23:19:12.288+0000] {dag.py:4180} INFO - Setting next_dagrun for example_skip_dag to 2025-03-09 00:00:00+00:00, run_after=2025-03-10 00:00:00+00:00
[2025-03-10T23:19:12.312+0000] {processor.py:208} INFO - Processing /home/airflow/.local/lib/python3.12/site-packages/airflow/example_dags/example_skip_dag.py took 0.114 seconds
[2025-03-10T23:27:15.469+0000] {processor.py:186} INFO - Started process (PID=117) to work on /home/airflow/.local/lib/python3.12/site-packages/airflow/example_dags/example_skip_dag.py
[2025-03-10T23:27:15.472+0000] {processor.py:914} INFO - Processing file /home/airflow/.local/lib/python3.12/site-packages/airflow/example_dags/example_skip_dag.py for tasks to queue
[2025-03-10T23:27:15.482+0000] {logging_mixin.py:190} INFO - [2025-03-10T23:27:15.481+0000] {dagbag.py:588} INFO - Filling up the DagBag from /home/airflow/.local/lib/python3.12/site-packages/airflow/example_dags/example_skip_dag.py
[2025-03-10T23:27:15.507+0000] {processor.py:925} INFO - DAG(s) 'example_skip_dag' retrieved from /home/airflow/.local/lib/python3.12/site-packages/airflow/example_dags/example_skip_dag.py
[2025-03-10T23:27:15.630+0000] {logging_mixin.py:190} INFO - [2025-03-10T23:27:15.629+0000] {dag.py:3239} INFO - Sync 1 DAGs
[2025-03-10T23:27:15.738+0000] {logging_mixin.py:190} INFO - [2025-03-10T23:27:15.738+0000] {dag.py:4180} INFO - Setting next_dagrun for example_skip_dag to 2025-03-09 00:00:00+00:00, run_after=2025-03-10 00:00:00+00:00
[2025-03-10T23:27:15.804+0000] {processor.py:208} INFO - Processing /home/airflow/.local/lib/python3.12/site-packages/airflow/example_dags/example_skip_dag.py took 0.358 seconds
[2025-03-10T23:27:46.760+0000] {processor.py:186} INFO - Started process (PID=180) to work on /home/airflow/.local/lib/python3.12/site-packages/airflow/example_dags/example_skip_dag.py
[2025-03-10T23:27:46.761+0000] {processor.py:914} INFO - Processing file /home/airflow/.local/lib/python3.12/site-packages/airflow/example_dags/example_skip_dag.py for tasks to queue
[2025-03-10T23:27:46.764+0000] {logging_mixin.py:190} INFO - [2025-03-10T23:27:46.764+0000] {dagbag.py:588} INFO - Filling up the DagBag from /home/airflow/.local/lib/python3.12/site-packages/airflow/example_dags/example_skip_dag.py
[2025-03-10T23:27:46.773+0000] {processor.py:925} INFO - DAG(s) 'example_skip_dag' retrieved from /home/airflow/.local/lib/python3.12/site-packages/airflow/example_dags/example_skip_dag.py
[2025-03-10T23:27:46.802+0000] {logging_mixin.py:190} INFO - [2025-03-10T23:27:46.802+0000] {dag.py:3239} INFO - Sync 1 DAGs
[2025-03-10T23:27:46.830+0000] {logging_mixin.py:190} INFO - [2025-03-10T23:27:46.830+0000] {dag.py:4180} INFO - Setting next_dagrun for example_skip_dag to 2025-03-09 00:00:00+00:00, run_after=2025-03-10 00:00:00+00:00
[2025-03-10T23:27:46.851+0000] {processor.py:208} INFO - Processing /home/airflow/.local/lib/python3.12/site-packages/airflow/example_dags/example_skip_dag.py took 0.100 seconds
[2025-03-10T23:28:17.393+0000] {processor.py:186} INFO - Started process (PID=243) to work on /home/airflow/.local/lib/python3.12/site-packages/airflow/example_dags/example_skip_dag.py
[2025-03-10T23:28:17.394+0000] {processor.py:914} INFO - Processing file /home/airflow/.local/lib/python3.12/site-packages/airflow/example_dags/example_skip_dag.py for tasks to queue
[2025-03-10T23:28:17.397+0000] {logging_mixin.py:190} INFO - [2025-03-10T23:28:17.397+0000] {dagbag.py:588} INFO - Filling up the DagBag from /home/airflow/.local/lib/python3.12/site-packages/airflow/example_dags/example_skip_dag.py
[2025-03-10T23:28:17.405+0000] {processor.py:925} INFO - DAG(s) 'example_skip_dag' retrieved from /home/airflow/.local/lib/python3.12/site-packages/airflow/example_dags/example_skip_dag.py
[2025-03-10T23:28:17.434+0000] {logging_mixin.py:190} INFO - [2025-03-10T23:28:17.434+0000] {dag.py:3239} INFO - Sync 1 DAGs
[2025-03-10T23:28:17.464+0000] {logging_mixin.py:190} INFO - [2025-03-10T23:28:17.463+0000] {dag.py:4180} INFO - Setting next_dagrun for example_skip_dag to 2025-03-09 00:00:00+00:00, run_after=2025-03-10 00:00:00+00:00
[2025-03-10T23:28:17.484+0000] {processor.py:208} INFO - Processing /home/airflow/.local/lib/python3.12/site-packages/airflow/example_dags/example_skip_dag.py took 0.099 seconds
[2025-03-10T23:28:48.066+0000] {processor.py:186} INFO - Started process (PID=312) to work on /home/airflow/.local/lib/python3.12/site-packages/airflow/example_dags/example_skip_dag.py
[2025-03-10T23:28:48.067+0000] {processor.py:914} INFO - Processing file /home/airflow/.local/lib/python3.12/site-packages/airflow/example_dags/example_skip_dag.py for tasks to queue
[2025-03-10T23:28:48.070+0000] {logging_mixin.py:190} INFO - [2025-03-10T23:28:48.070+0000] {dagbag.py:588} INFO - Filling up the DagBag from /home/airflow/.local/lib/python3.12/site-packages/airflow/example_dags/example_skip_dag.py
[2025-03-10T23:28:48.079+0000] {processor.py:925} INFO - DAG(s) 'example_skip_dag' retrieved from /home/airflow/.local/lib/python3.12/site-packages/airflow/example_dags/example_skip_dag.py
[2025-03-10T23:28:48.118+0000] {logging_mixin.py:190} INFO - [2025-03-10T23:28:48.117+0000] {dag.py:3239} INFO - Sync 1 DAGs
[2025-03-10T23:28:48.156+0000] {logging_mixin.py:190} INFO - [2025-03-10T23:28:48.156+0000] {dag.py:4180} INFO - Setting next_dagrun for example_skip_dag to 2025-03-09 00:00:00+00:00, run_after=2025-03-10 00:00:00+00:00
[2025-03-10T23:28:48.182+0000] {processor.py:208} INFO - Processing /home/airflow/.local/lib/python3.12/site-packages/airflow/example_dags/example_skip_dag.py took 0.124 seconds
[2025-03-10T23:29:18.364+0000] {processor.py:186} INFO - Started process (PID=375) to work on /home/airflow/.local/lib/python3.12/site-packages/airflow/example_dags/example_skip_dag.py
[2025-03-10T23:29:18.365+0000] {processor.py:914} INFO - Processing file /home/airflow/.local/lib/python3.12/site-packages/airflow/example_dags/example_skip_dag.py for tasks to queue
[2025-03-10T23:29:18.368+0000] {logging_mixin.py:190} INFO - [2025-03-10T23:29:18.368+0000] {dagbag.py:588} INFO - Filling up the DagBag from /home/airflow/.local/lib/python3.12/site-packages/airflow/example_dags/example_skip_dag.py
[2025-03-10T23:29:18.376+0000] {processor.py:925} INFO - DAG(s) 'example_skip_dag' retrieved from /home/airflow/.local/lib/python3.12/site-packages/airflow/example_dags/example_skip_dag.py
[2025-03-10T23:29:18.403+0000] {logging_mixin.py:190} INFO - [2025-03-10T23:29:18.403+0000] {dag.py:3239} INFO - Sync 1 DAGs
[2025-03-10T23:29:18.431+0000] {logging_mixin.py:190} INFO - [2025-03-10T23:29:18.431+0000] {dag.py:4180} INFO - Setting next_dagrun for example_skip_dag to 2025-03-09 00:00:00+00:00, run_after=2025-03-10 00:00:00+00:00
[2025-03-10T23:29:18.451+0000] {processor.py:208} INFO - Processing /home/airflow/.local/lib/python3.12/site-packages/airflow/example_dags/example_skip_dag.py took 0.095 seconds
[2025-03-10T23:35:30.340+0000] {processor.py:186} INFO - Started process (PID=143) to work on /home/airflow/.local/lib/python3.12/site-packages/airflow/example_dags/example_skip_dag.py
[2025-03-10T23:35:30.343+0000] {processor.py:914} INFO - Processing file /home/airflow/.local/lib/python3.12/site-packages/airflow/example_dags/example_skip_dag.py for tasks to queue
[2025-03-10T23:35:30.352+0000] {logging_mixin.py:190} INFO - [2025-03-10T23:35:30.351+0000] {dagbag.py:588} INFO - Filling up the DagBag from /home/airflow/.local/lib/python3.12/site-packages/airflow/example_dags/example_skip_dag.py
[2025-03-10T23:35:30.380+0000] {processor.py:925} INFO - DAG(s) 'example_skip_dag' retrieved from /home/airflow/.local/lib/python3.12/site-packages/airflow/example_dags/example_skip_dag.py
[2025-03-10T23:35:30.511+0000] {logging_mixin.py:190} INFO - [2025-03-10T23:35:30.510+0000] {dag.py:3239} INFO - Sync 1 DAGs
[2025-03-10T23:35:30.631+0000] {logging_mixin.py:190} INFO - [2025-03-10T23:35:30.630+0000] {dag.py:4180} INFO - Setting next_dagrun for example_skip_dag to 2025-03-09 00:00:00+00:00, run_after=2025-03-10 00:00:00+00:00
[2025-03-10T23:35:30.706+0000] {processor.py:208} INFO - Processing /home/airflow/.local/lib/python3.12/site-packages/airflow/example_dags/example_skip_dag.py took 0.391 seconds
[2025-03-10T23:36:01.549+0000] {processor.py:186} INFO - Started process (PID=206) to work on /home/airflow/.local/lib/python3.12/site-packages/airflow/example_dags/example_skip_dag.py
[2025-03-10T23:36:01.550+0000] {processor.py:914} INFO - Processing file /home/airflow/.local/lib/python3.12/site-packages/airflow/example_dags/example_skip_dag.py for tasks to queue
[2025-03-10T23:36:01.553+0000] {logging_mixin.py:190} INFO - [2025-03-10T23:36:01.552+0000] {dagbag.py:588} INFO - Filling up the DagBag from /home/airflow/.local/lib/python3.12/site-packages/airflow/example_dags/example_skip_dag.py
[2025-03-10T23:36:01.561+0000] {processor.py:925} INFO - DAG(s) 'example_skip_dag' retrieved from /home/airflow/.local/lib/python3.12/site-packages/airflow/example_dags/example_skip_dag.py
[2025-03-10T23:36:01.589+0000] {logging_mixin.py:190} INFO - [2025-03-10T23:36:01.589+0000] {dag.py:3239} INFO - Sync 1 DAGs
[2025-03-10T23:36:01.617+0000] {logging_mixin.py:190} INFO - [2025-03-10T23:36:01.617+0000] {dag.py:4180} INFO - Setting next_dagrun for example_skip_dag to 2025-03-09 00:00:00+00:00, run_after=2025-03-10 00:00:00+00:00
[2025-03-10T23:36:01.637+0000] {processor.py:208} INFO - Processing /home/airflow/.local/lib/python3.12/site-packages/airflow/example_dags/example_skip_dag.py took 0.098 seconds
[2025-03-10T23:36:31.914+0000] {processor.py:186} INFO - Started process (PID=269) to work on /home/airflow/.local/lib/python3.12/site-packages/airflow/example_dags/example_skip_dag.py
[2025-03-10T23:36:31.915+0000] {processor.py:914} INFO - Processing file /home/airflow/.local/lib/python3.12/site-packages/airflow/example_dags/example_skip_dag.py for tasks to queue
[2025-03-10T23:36:31.918+0000] {logging_mixin.py:190} INFO - [2025-03-10T23:36:31.918+0000] {dagbag.py:588} INFO - Filling up the DagBag from /home/airflow/.local/lib/python3.12/site-packages/airflow/example_dags/example_skip_dag.py
[2025-03-10T23:36:31.926+0000] {processor.py:925} INFO - DAG(s) 'example_skip_dag' retrieved from /home/airflow/.local/lib/python3.12/site-packages/airflow/example_dags/example_skip_dag.py
[2025-03-10T23:36:31.956+0000] {logging_mixin.py:190} INFO - [2025-03-10T23:36:31.956+0000] {dag.py:3239} INFO - Sync 1 DAGs
[2025-03-10T23:36:31.989+0000] {logging_mixin.py:190} INFO - [2025-03-10T23:36:31.989+0000] {dag.py:4180} INFO - Setting next_dagrun for example_skip_dag to 2025-03-09 00:00:00+00:00, run_after=2025-03-10 00:00:00+00:00
[2025-03-10T23:36:32.014+0000] {processor.py:208} INFO - Processing /home/airflow/.local/lib/python3.12/site-packages/airflow/example_dags/example_skip_dag.py took 0.110 seconds
[2025-03-10T23:37:02.072+0000] {processor.py:186} INFO - Started process (PID=332) to work on /home/airflow/.local/lib/python3.12/site-packages/airflow/example_dags/example_skip_dag.py
[2025-03-10T23:37:02.073+0000] {processor.py:914} INFO - Processing file /home/airflow/.local/lib/python3.12/site-packages/airflow/example_dags/example_skip_dag.py for tasks to queue
[2025-03-10T23:37:02.076+0000] {logging_mixin.py:190} INFO - [2025-03-10T23:37:02.076+0000] {dagbag.py:588} INFO - Filling up the DagBag from /home/airflow/.local/lib/python3.12/site-packages/airflow/example_dags/example_skip_dag.py
[2025-03-10T23:37:02.083+0000] {processor.py:925} INFO - DAG(s) 'example_skip_dag' retrieved from /home/airflow/.local/lib/python3.12/site-packages/airflow/example_dags/example_skip_dag.py
[2025-03-10T23:37:02.109+0000] {logging_mixin.py:190} INFO - [2025-03-10T23:37:02.109+0000] {dag.py:3239} INFO - Sync 1 DAGs
[2025-03-10T23:37:02.137+0000] {logging_mixin.py:190} INFO - [2025-03-10T23:37:02.137+0000] {dag.py:4180} INFO - Setting next_dagrun for example_skip_dag to 2025-03-09 00:00:00+00:00, run_after=2025-03-10 00:00:00+00:00
[2025-03-10T23:37:02.158+0000] {processor.py:208} INFO - Processing /home/airflow/.local/lib/python3.12/site-packages/airflow/example_dags/example_skip_dag.py took 0.092 seconds
