[2025-03-10T20:30:11.624+0000] {processor.py:186} INFO - Started process (PID=109) to work on /home/airflow/.local/lib/python3.12/site-packages/airflow/example_dags/example_kubernetes_executor.py
[2025-03-10T20:30:11.627+0000] {processor.py:914} INFO - Processing file /home/airflow/.local/lib/python3.12/site-packages/airflow/example_dags/example_kubernetes_executor.py for tasks to queue
[2025-03-10T20:30:11.638+0000] {logging_mixin.py:190} INFO - [2025-03-10T20:30:11.636+0000] {dagbag.py:588} INFO - Filling up the DagBag from /home/airflow/.local/lib/python3.12/site-packages/airflow/example_dags/example_kubernetes_executor.py
[2025-03-10T20:30:11.722+0000] {processor.py:925} INFO - DAG(s) 'example_kubernetes_executor' retrieved from /home/airflow/.local/lib/python3.12/site-packages/airflow/example_dags/example_kubernetes_executor.py
[2025-03-10T20:30:12.151+0000] {logging_mixin.py:190} INFO - [2025-03-10T20:30:12.146+0000] {override.py:1912} INFO - Created Permission View: can read on DAG:example_kubernetes_executor
[2025-03-10T20:30:12.200+0000] {logging_mixin.py:190} INFO - [2025-03-10T20:30:12.198+0000] {override.py:1912} INFO - Created Permission View: can edit on DAG:example_kubernetes_executor
[2025-03-10T20:30:12.231+0000] {logging_mixin.py:190} INFO - [2025-03-10T20:30:12.230+0000] {override.py:1912} INFO - Created Permission View: can delete on DAG:example_kubernetes_executor
[2025-03-10T20:30:12.265+0000] {logging_mixin.py:190} INFO - [2025-03-10T20:30:12.264+0000] {override.py:1912} INFO - Created Permission View: menu access on DAG Run:example_kubernetes_executor
[2025-03-10T20:30:12.291+0000] {logging_mixin.py:190} INFO - [2025-03-10T20:30:12.289+0000] {override.py:1912} INFO - Created Permission View: can read on DAG Run:example_kubernetes_executor
[2025-03-10T20:30:12.323+0000] {logging_mixin.py:190} INFO - [2025-03-10T20:30:12.321+0000] {override.py:1912} INFO - Created Permission View: can create on DAG Run:example_kubernetes_executor
[2025-03-10T20:30:12.354+0000] {logging_mixin.py:190} INFO - [2025-03-10T20:30:12.353+0000] {override.py:1912} INFO - Created Permission View: can delete on DAG Run:example_kubernetes_executor
[2025-03-10T20:30:12.357+0000] {logging_mixin.py:190} INFO - [2025-03-10T20:30:12.355+0000] {dag.py:3239} INFO - Sync 1 DAGs
[2025-03-10T20:30:12.443+0000] {logging_mixin.py:190} INFO - [2025-03-10T20:30:12.442+0000] {dag.py:3262} INFO - Creating ORM DAG for example_kubernetes_executor
[2025-03-10T20:30:12.447+0000] {logging_mixin.py:190} INFO - [2025-03-10T20:30:12.446+0000] {dag.py:4180} INFO - Setting next_dagrun for example_kubernetes_executor to None, run_after=None
[2025-03-10T20:30:12.527+0000] {processor.py:208} INFO - Processing /home/airflow/.local/lib/python3.12/site-packages/airflow/example_dags/example_kubernetes_executor.py took 0.932 seconds
[2025-03-10T20:30:43.193+0000] {processor.py:186} INFO - Started process (PID=172) to work on /home/airflow/.local/lib/python3.12/site-packages/airflow/example_dags/example_kubernetes_executor.py
[2025-03-10T20:30:43.194+0000] {processor.py:914} INFO - Processing file /home/airflow/.local/lib/python3.12/site-packages/airflow/example_dags/example_kubernetes_executor.py for tasks to queue
[2025-03-10T20:30:43.198+0000] {logging_mixin.py:190} INFO - [2025-03-10T20:30:43.198+0000] {dagbag.py:588} INFO - Filling up the DagBag from /home/airflow/.local/lib/python3.12/site-packages/airflow/example_dags/example_kubernetes_executor.py
[2025-03-10T20:30:43.220+0000] {processor.py:925} INFO - DAG(s) 'example_kubernetes_executor' retrieved from /home/airflow/.local/lib/python3.12/site-packages/airflow/example_dags/example_kubernetes_executor.py
[2025-03-10T20:30:43.252+0000] {logging_mixin.py:190} INFO - [2025-03-10T20:30:43.251+0000] {dag.py:3239} INFO - Sync 1 DAGs
[2025-03-10T20:30:43.269+0000] {logging_mixin.py:190} INFO - [2025-03-10T20:30:43.269+0000] {dag.py:4180} INFO - Setting next_dagrun for example_kubernetes_executor to None, run_after=None
[2025-03-10T20:30:43.289+0000] {processor.py:208} INFO - Processing /home/airflow/.local/lib/python3.12/site-packages/airflow/example_dags/example_kubernetes_executor.py took 0.104 seconds
[2025-03-10T20:31:14.018+0000] {processor.py:186} INFO - Started process (PID=235) to work on /home/airflow/.local/lib/python3.12/site-packages/airflow/example_dags/example_kubernetes_executor.py
[2025-03-10T20:31:14.022+0000] {processor.py:914} INFO - Processing file /home/airflow/.local/lib/python3.12/site-packages/airflow/example_dags/example_kubernetes_executor.py for tasks to queue
[2025-03-10T20:31:14.032+0000] {logging_mixin.py:190} INFO - [2025-03-10T20:31:14.031+0000] {dagbag.py:588} INFO - Filling up the DagBag from /home/airflow/.local/lib/python3.12/site-packages/airflow/example_dags/example_kubernetes_executor.py
[2025-03-10T20:31:14.098+0000] {processor.py:925} INFO - DAG(s) 'example_kubernetes_executor' retrieved from /home/airflow/.local/lib/python3.12/site-packages/airflow/example_dags/example_kubernetes_executor.py
[2025-03-10T20:31:14.247+0000] {logging_mixin.py:190} INFO - [2025-03-10T20:31:14.246+0000] {dag.py:3239} INFO - Sync 1 DAGs
[2025-03-10T20:31:14.348+0000] {logging_mixin.py:190} INFO - [2025-03-10T20:31:14.347+0000] {dag.py:4180} INFO - Setting next_dagrun for example_kubernetes_executor to None, run_after=None
[2025-03-10T20:31:14.427+0000] {processor.py:208} INFO - Processing /home/airflow/.local/lib/python3.12/site-packages/airflow/example_dags/example_kubernetes_executor.py took 0.435 seconds
[2025-03-10T20:31:44.558+0000] {processor.py:186} INFO - Started process (PID=298) to work on /home/airflow/.local/lib/python3.12/site-packages/airflow/example_dags/example_kubernetes_executor.py
[2025-03-10T20:31:44.559+0000] {processor.py:914} INFO - Processing file /home/airflow/.local/lib/python3.12/site-packages/airflow/example_dags/example_kubernetes_executor.py for tasks to queue
[2025-03-10T20:31:44.562+0000] {logging_mixin.py:190} INFO - [2025-03-10T20:31:44.562+0000] {dagbag.py:588} INFO - Filling up the DagBag from /home/airflow/.local/lib/python3.12/site-packages/airflow/example_dags/example_kubernetes_executor.py
[2025-03-10T20:31:44.581+0000] {processor.py:925} INFO - DAG(s) 'example_kubernetes_executor' retrieved from /home/airflow/.local/lib/python3.12/site-packages/airflow/example_dags/example_kubernetes_executor.py
[2025-03-10T20:31:44.612+0000] {logging_mixin.py:190} INFO - [2025-03-10T20:31:44.611+0000] {dag.py:3239} INFO - Sync 1 DAGs
[2025-03-10T20:31:44.630+0000] {logging_mixin.py:190} INFO - [2025-03-10T20:31:44.629+0000] {dag.py:4180} INFO - Setting next_dagrun for example_kubernetes_executor to None, run_after=None
[2025-03-10T20:31:44.650+0000] {processor.py:208} INFO - Processing /home/airflow/.local/lib/python3.12/site-packages/airflow/example_dags/example_kubernetes_executor.py took 0.099 seconds
[2025-03-10T20:32:15.054+0000] {processor.py:186} INFO - Started process (PID=361) to work on /home/airflow/.local/lib/python3.12/site-packages/airflow/example_dags/example_kubernetes_executor.py
[2025-03-10T20:32:15.055+0000] {processor.py:914} INFO - Processing file /home/airflow/.local/lib/python3.12/site-packages/airflow/example_dags/example_kubernetes_executor.py for tasks to queue
[2025-03-10T20:32:15.058+0000] {logging_mixin.py:190} INFO - [2025-03-10T20:32:15.058+0000] {dagbag.py:588} INFO - Filling up the DagBag from /home/airflow/.local/lib/python3.12/site-packages/airflow/example_dags/example_kubernetes_executor.py
[2025-03-10T20:32:15.079+0000] {processor.py:925} INFO - DAG(s) 'example_kubernetes_executor' retrieved from /home/airflow/.local/lib/python3.12/site-packages/airflow/example_dags/example_kubernetes_executor.py
[2025-03-10T20:32:15.113+0000] {logging_mixin.py:190} INFO - [2025-03-10T20:32:15.113+0000] {dag.py:3239} INFO - Sync 1 DAGs
[2025-03-10T20:32:15.131+0000] {logging_mixin.py:190} INFO - [2025-03-10T20:32:15.131+0000] {dag.py:4180} INFO - Setting next_dagrun for example_kubernetes_executor to None, run_after=None
[2025-03-10T20:32:15.151+0000] {processor.py:208} INFO - Processing /home/airflow/.local/lib/python3.12/site-packages/airflow/example_dags/example_kubernetes_executor.py took 0.106 seconds
[2025-03-10T20:32:45.352+0000] {processor.py:186} INFO - Started process (PID=424) to work on /home/airflow/.local/lib/python3.12/site-packages/airflow/example_dags/example_kubernetes_executor.py
[2025-03-10T20:32:45.353+0000] {processor.py:914} INFO - Processing file /home/airflow/.local/lib/python3.12/site-packages/airflow/example_dags/example_kubernetes_executor.py for tasks to queue
[2025-03-10T20:32:45.357+0000] {logging_mixin.py:190} INFO - [2025-03-10T20:32:45.356+0000] {dagbag.py:588} INFO - Filling up the DagBag from /home/airflow/.local/lib/python3.12/site-packages/airflow/example_dags/example_kubernetes_executor.py
[2025-03-10T20:32:45.378+0000] {processor.py:925} INFO - DAG(s) 'example_kubernetes_executor' retrieved from /home/airflow/.local/lib/python3.12/site-packages/airflow/example_dags/example_kubernetes_executor.py
[2025-03-10T20:32:45.417+0000] {logging_mixin.py:190} INFO - [2025-03-10T20:32:45.417+0000] {dag.py:3239} INFO - Sync 1 DAGs
[2025-03-10T20:32:45.444+0000] {logging_mixin.py:190} INFO - [2025-03-10T20:32:45.444+0000] {dag.py:4180} INFO - Setting next_dagrun for example_kubernetes_executor to None, run_after=None
[2025-03-10T20:32:45.470+0000] {processor.py:208} INFO - Processing /home/airflow/.local/lib/python3.12/site-packages/airflow/example_dags/example_kubernetes_executor.py took 0.126 seconds
[2025-03-10T20:33:16.148+0000] {processor.py:186} INFO - Started process (PID=487) to work on /home/airflow/.local/lib/python3.12/site-packages/airflow/example_dags/example_kubernetes_executor.py
[2025-03-10T20:33:16.149+0000] {processor.py:914} INFO - Processing file /home/airflow/.local/lib/python3.12/site-packages/airflow/example_dags/example_kubernetes_executor.py for tasks to queue
[2025-03-10T20:33:16.152+0000] {logging_mixin.py:190} INFO - [2025-03-10T20:33:16.151+0000] {dagbag.py:588} INFO - Filling up the DagBag from /home/airflow/.local/lib/python3.12/site-packages/airflow/example_dags/example_kubernetes_executor.py
[2025-03-10T20:33:16.172+0000] {processor.py:925} INFO - DAG(s) 'example_kubernetes_executor' retrieved from /home/airflow/.local/lib/python3.12/site-packages/airflow/example_dags/example_kubernetes_executor.py
[2025-03-10T20:33:16.199+0000] {logging_mixin.py:190} INFO - [2025-03-10T20:33:16.199+0000] {dag.py:3239} INFO - Sync 1 DAGs
[2025-03-10T20:33:16.216+0000] {logging_mixin.py:190} INFO - [2025-03-10T20:33:16.216+0000] {dag.py:4180} INFO - Setting next_dagrun for example_kubernetes_executor to None, run_after=None
[2025-03-10T20:33:16.237+0000] {processor.py:208} INFO - Processing /home/airflow/.local/lib/python3.12/site-packages/airflow/example_dags/example_kubernetes_executor.py took 0.097 seconds
[2025-03-10T20:33:46.812+0000] {processor.py:186} INFO - Started process (PID=550) to work on /home/airflow/.local/lib/python3.12/site-packages/airflow/example_dags/example_kubernetes_executor.py
[2025-03-10T20:33:46.813+0000] {processor.py:914} INFO - Processing file /home/airflow/.local/lib/python3.12/site-packages/airflow/example_dags/example_kubernetes_executor.py for tasks to queue
[2025-03-10T20:33:46.816+0000] {logging_mixin.py:190} INFO - [2025-03-10T20:33:46.816+0000] {dagbag.py:588} INFO - Filling up the DagBag from /home/airflow/.local/lib/python3.12/site-packages/airflow/example_dags/example_kubernetes_executor.py
[2025-03-10T20:33:46.836+0000] {processor.py:925} INFO - DAG(s) 'example_kubernetes_executor' retrieved from /home/airflow/.local/lib/python3.12/site-packages/airflow/example_dags/example_kubernetes_executor.py
[2025-03-10T20:33:46.864+0000] {logging_mixin.py:190} INFO - [2025-03-10T20:33:46.863+0000] {dag.py:3239} INFO - Sync 1 DAGs
[2025-03-10T20:33:46.881+0000] {logging_mixin.py:190} INFO - [2025-03-10T20:33:46.881+0000] {dag.py:4180} INFO - Setting next_dagrun for example_kubernetes_executor to None, run_after=None
[2025-03-10T20:33:46.899+0000] {processor.py:208} INFO - Processing /home/airflow/.local/lib/python3.12/site-packages/airflow/example_dags/example_kubernetes_executor.py took 0.096 seconds
[2025-03-10T20:34:17.145+0000] {processor.py:186} INFO - Started process (PID=612) to work on /home/airflow/.local/lib/python3.12/site-packages/airflow/example_dags/example_kubernetes_executor.py
[2025-03-10T20:34:17.146+0000] {processor.py:914} INFO - Processing file /home/airflow/.local/lib/python3.12/site-packages/airflow/example_dags/example_kubernetes_executor.py for tasks to queue
[2025-03-10T20:34:17.150+0000] {logging_mixin.py:190} INFO - [2025-03-10T20:34:17.149+0000] {dagbag.py:588} INFO - Filling up the DagBag from /home/airflow/.local/lib/python3.12/site-packages/airflow/example_dags/example_kubernetes_executor.py
[2025-03-10T20:34:17.171+0000] {processor.py:925} INFO - DAG(s) 'example_kubernetes_executor' retrieved from /home/airflow/.local/lib/python3.12/site-packages/airflow/example_dags/example_kubernetes_executor.py
[2025-03-10T20:34:17.202+0000] {logging_mixin.py:190} INFO - [2025-03-10T20:34:17.201+0000] {dag.py:3239} INFO - Sync 1 DAGs
[2025-03-10T20:34:17.218+0000] {logging_mixin.py:190} INFO - [2025-03-10T20:34:17.218+0000] {dag.py:4180} INFO - Setting next_dagrun for example_kubernetes_executor to None, run_after=None
[2025-03-10T20:34:17.238+0000] {processor.py:208} INFO - Processing /home/airflow/.local/lib/python3.12/site-packages/airflow/example_dags/example_kubernetes_executor.py took 0.101 seconds
[2025-03-10T20:34:47.651+0000] {processor.py:186} INFO - Started process (PID=675) to work on /home/airflow/.local/lib/python3.12/site-packages/airflow/example_dags/example_kubernetes_executor.py
[2025-03-10T20:34:47.652+0000] {processor.py:914} INFO - Processing file /home/airflow/.local/lib/python3.12/site-packages/airflow/example_dags/example_kubernetes_executor.py for tasks to queue
[2025-03-10T20:34:47.656+0000] {logging_mixin.py:190} INFO - [2025-03-10T20:34:47.656+0000] {dagbag.py:588} INFO - Filling up the DagBag from /home/airflow/.local/lib/python3.12/site-packages/airflow/example_dags/example_kubernetes_executor.py
[2025-03-10T20:34:47.679+0000] {processor.py:925} INFO - DAG(s) 'example_kubernetes_executor' retrieved from /home/airflow/.local/lib/python3.12/site-packages/airflow/example_dags/example_kubernetes_executor.py
[2025-03-10T20:34:47.714+0000] {logging_mixin.py:190} INFO - [2025-03-10T20:34:47.714+0000] {dag.py:3239} INFO - Sync 1 DAGs
[2025-03-10T20:34:47.733+0000] {logging_mixin.py:190} INFO - [2025-03-10T20:34:47.733+0000] {dag.py:4180} INFO - Setting next_dagrun for example_kubernetes_executor to None, run_after=None
[2025-03-10T20:34:47.755+0000] {processor.py:208} INFO - Processing /home/airflow/.local/lib/python3.12/site-packages/airflow/example_dags/example_kubernetes_executor.py took 0.112 seconds
[2025-03-10T20:35:18.882+0000] {processor.py:186} INFO - Started process (PID=739) to work on /home/airflow/.local/lib/python3.12/site-packages/airflow/example_dags/example_kubernetes_executor.py
[2025-03-10T20:35:18.883+0000] {processor.py:914} INFO - Processing file /home/airflow/.local/lib/python3.12/site-packages/airflow/example_dags/example_kubernetes_executor.py for tasks to queue
[2025-03-10T20:35:18.885+0000] {logging_mixin.py:190} INFO - [2025-03-10T20:35:18.885+0000] {dagbag.py:588} INFO - Filling up the DagBag from /home/airflow/.local/lib/python3.12/site-packages/airflow/example_dags/example_kubernetes_executor.py
[2025-03-10T20:35:18.903+0000] {processor.py:925} INFO - DAG(s) 'example_kubernetes_executor' retrieved from /home/airflow/.local/lib/python3.12/site-packages/airflow/example_dags/example_kubernetes_executor.py
[2025-03-10T20:35:18.932+0000] {logging_mixin.py:190} INFO - [2025-03-10T20:35:18.932+0000] {dag.py:3239} INFO - Sync 1 DAGs
[2025-03-10T20:35:18.951+0000] {logging_mixin.py:190} INFO - [2025-03-10T20:35:18.950+0000] {dag.py:4180} INFO - Setting next_dagrun for example_kubernetes_executor to None, run_after=None
[2025-03-10T20:35:18.970+0000] {processor.py:208} INFO - Processing /home/airflow/.local/lib/python3.12/site-packages/airflow/example_dags/example_kubernetes_executor.py took 0.095 seconds
[2025-03-10T20:35:50.112+0000] {processor.py:186} INFO - Started process (PID=802) to work on /home/airflow/.local/lib/python3.12/site-packages/airflow/example_dags/example_kubernetes_executor.py
[2025-03-10T20:35:50.113+0000] {processor.py:914} INFO - Processing file /home/airflow/.local/lib/python3.12/site-packages/airflow/example_dags/example_kubernetes_executor.py for tasks to queue
[2025-03-10T20:35:50.116+0000] {logging_mixin.py:190} INFO - [2025-03-10T20:35:50.115+0000] {dagbag.py:588} INFO - Filling up the DagBag from /home/airflow/.local/lib/python3.12/site-packages/airflow/example_dags/example_kubernetes_executor.py
[2025-03-10T20:35:50.135+0000] {processor.py:925} INFO - DAG(s) 'example_kubernetes_executor' retrieved from /home/airflow/.local/lib/python3.12/site-packages/airflow/example_dags/example_kubernetes_executor.py
[2025-03-10T20:35:50.169+0000] {logging_mixin.py:190} INFO - [2025-03-10T20:35:50.168+0000] {dag.py:3239} INFO - Sync 1 DAGs
[2025-03-10T20:35:50.191+0000] {logging_mixin.py:190} INFO - [2025-03-10T20:35:50.191+0000] {dag.py:4180} INFO - Setting next_dagrun for example_kubernetes_executor to None, run_after=None
[2025-03-10T20:35:50.217+0000] {processor.py:208} INFO - Processing /home/airflow/.local/lib/python3.12/site-packages/airflow/example_dags/example_kubernetes_executor.py took 0.112 seconds
[2025-03-10T20:36:21.295+0000] {processor.py:186} INFO - Started process (PID=865) to work on /home/airflow/.local/lib/python3.12/site-packages/airflow/example_dags/example_kubernetes_executor.py
[2025-03-10T20:36:21.296+0000] {processor.py:914} INFO - Processing file /home/airflow/.local/lib/python3.12/site-packages/airflow/example_dags/example_kubernetes_executor.py for tasks to queue
[2025-03-10T20:36:21.299+0000] {logging_mixin.py:190} INFO - [2025-03-10T20:36:21.298+0000] {dagbag.py:588} INFO - Filling up the DagBag from /home/airflow/.local/lib/python3.12/site-packages/airflow/example_dags/example_kubernetes_executor.py
[2025-03-10T20:36:21.317+0000] {processor.py:925} INFO - DAG(s) 'example_kubernetes_executor' retrieved from /home/airflow/.local/lib/python3.12/site-packages/airflow/example_dags/example_kubernetes_executor.py
[2025-03-10T20:36:21.344+0000] {logging_mixin.py:190} INFO - [2025-03-10T20:36:21.344+0000] {dag.py:3239} INFO - Sync 1 DAGs
[2025-03-10T20:36:21.362+0000] {logging_mixin.py:190} INFO - [2025-03-10T20:36:21.362+0000] {dag.py:4180} INFO - Setting next_dagrun for example_kubernetes_executor to None, run_after=None
[2025-03-10T20:36:21.382+0000] {processor.py:208} INFO - Processing /home/airflow/.local/lib/python3.12/site-packages/airflow/example_dags/example_kubernetes_executor.py took 0.093 seconds
[2025-03-10T20:36:51.939+0000] {processor.py:186} INFO - Started process (PID=928) to work on /home/airflow/.local/lib/python3.12/site-packages/airflow/example_dags/example_kubernetes_executor.py
[2025-03-10T20:36:51.940+0000] {processor.py:914} INFO - Processing file /home/airflow/.local/lib/python3.12/site-packages/airflow/example_dags/example_kubernetes_executor.py for tasks to queue
[2025-03-10T20:36:51.943+0000] {logging_mixin.py:190} INFO - [2025-03-10T20:36:51.942+0000] {dagbag.py:588} INFO - Filling up the DagBag from /home/airflow/.local/lib/python3.12/site-packages/airflow/example_dags/example_kubernetes_executor.py
[2025-03-10T20:36:51.960+0000] {processor.py:925} INFO - DAG(s) 'example_kubernetes_executor' retrieved from /home/airflow/.local/lib/python3.12/site-packages/airflow/example_dags/example_kubernetes_executor.py
[2025-03-10T20:36:51.989+0000] {logging_mixin.py:190} INFO - [2025-03-10T20:36:51.989+0000] {dag.py:3239} INFO - Sync 1 DAGs
[2025-03-10T20:36:52.006+0000] {logging_mixin.py:190} INFO - [2025-03-10T20:36:52.006+0000] {dag.py:4180} INFO - Setting next_dagrun for example_kubernetes_executor to None, run_after=None
[2025-03-10T20:36:52.025+0000] {processor.py:208} INFO - Processing /home/airflow/.local/lib/python3.12/site-packages/airflow/example_dags/example_kubernetes_executor.py took 0.093 seconds
[2025-03-10T20:37:23.260+0000] {processor.py:186} INFO - Started process (PID=991) to work on /home/airflow/.local/lib/python3.12/site-packages/airflow/example_dags/example_kubernetes_executor.py
[2025-03-10T20:37:23.261+0000] {processor.py:914} INFO - Processing file /home/airflow/.local/lib/python3.12/site-packages/airflow/example_dags/example_kubernetes_executor.py for tasks to queue
[2025-03-10T20:37:23.264+0000] {logging_mixin.py:190} INFO - [2025-03-10T20:37:23.263+0000] {dagbag.py:588} INFO - Filling up the DagBag from /home/airflow/.local/lib/python3.12/site-packages/airflow/example_dags/example_kubernetes_executor.py
[2025-03-10T20:37:23.283+0000] {processor.py:925} INFO - DAG(s) 'example_kubernetes_executor' retrieved from /home/airflow/.local/lib/python3.12/site-packages/airflow/example_dags/example_kubernetes_executor.py
[2025-03-10T20:37:23.310+0000] {logging_mixin.py:190} INFO - [2025-03-10T20:37:23.309+0000] {dag.py:3239} INFO - Sync 1 DAGs
[2025-03-10T20:37:23.327+0000] {logging_mixin.py:190} INFO - [2025-03-10T20:37:23.327+0000] {dag.py:4180} INFO - Setting next_dagrun for example_kubernetes_executor to None, run_after=None
[2025-03-10T20:37:23.346+0000] {processor.py:208} INFO - Processing /home/airflow/.local/lib/python3.12/site-packages/airflow/example_dags/example_kubernetes_executor.py took 0.094 seconds
[2025-03-10T20:37:54.799+0000] {processor.py:186} INFO - Started process (PID=1054) to work on /home/airflow/.local/lib/python3.12/site-packages/airflow/example_dags/example_kubernetes_executor.py
[2025-03-10T20:37:54.801+0000] {processor.py:914} INFO - Processing file /home/airflow/.local/lib/python3.12/site-packages/airflow/example_dags/example_kubernetes_executor.py for tasks to queue
[2025-03-10T20:37:54.805+0000] {logging_mixin.py:190} INFO - [2025-03-10T20:37:54.804+0000] {dagbag.py:588} INFO - Filling up the DagBag from /home/airflow/.local/lib/python3.12/site-packages/airflow/example_dags/example_kubernetes_executor.py
[2025-03-10T20:37:54.828+0000] {processor.py:925} INFO - DAG(s) 'example_kubernetes_executor' retrieved from /home/airflow/.local/lib/python3.12/site-packages/airflow/example_dags/example_kubernetes_executor.py
[2025-03-10T20:37:54.866+0000] {logging_mixin.py:190} INFO - [2025-03-10T20:37:54.866+0000] {dag.py:3239} INFO - Sync 1 DAGs
[2025-03-10T20:37:54.892+0000] {logging_mixin.py:190} INFO - [2025-03-10T20:37:54.891+0000] {dag.py:4180} INFO - Setting next_dagrun for example_kubernetes_executor to None, run_after=None
[2025-03-10T20:37:54.921+0000] {processor.py:208} INFO - Processing /home/airflow/.local/lib/python3.12/site-packages/airflow/example_dags/example_kubernetes_executor.py took 0.131 seconds
[2025-03-10T20:38:26.113+0000] {processor.py:186} INFO - Started process (PID=1118) to work on /home/airflow/.local/lib/python3.12/site-packages/airflow/example_dags/example_kubernetes_executor.py
[2025-03-10T20:38:26.114+0000] {processor.py:914} INFO - Processing file /home/airflow/.local/lib/python3.12/site-packages/airflow/example_dags/example_kubernetes_executor.py for tasks to queue
[2025-03-10T20:38:26.117+0000] {logging_mixin.py:190} INFO - [2025-03-10T20:38:26.117+0000] {dagbag.py:588} INFO - Filling up the DagBag from /home/airflow/.local/lib/python3.12/site-packages/airflow/example_dags/example_kubernetes_executor.py
[2025-03-10T20:38:26.137+0000] {processor.py:925} INFO - DAG(s) 'example_kubernetes_executor' retrieved from /home/airflow/.local/lib/python3.12/site-packages/airflow/example_dags/example_kubernetes_executor.py
[2025-03-10T20:38:26.169+0000] {logging_mixin.py:190} INFO - [2025-03-10T20:38:26.168+0000] {dag.py:3239} INFO - Sync 1 DAGs
[2025-03-10T20:38:26.189+0000] {logging_mixin.py:190} INFO - [2025-03-10T20:38:26.188+0000] {dag.py:4180} INFO - Setting next_dagrun for example_kubernetes_executor to None, run_after=None
[2025-03-10T20:38:26.210+0000] {processor.py:208} INFO - Processing /home/airflow/.local/lib/python3.12/site-packages/airflow/example_dags/example_kubernetes_executor.py took 0.104 seconds
[2025-03-10T20:38:56.623+0000] {processor.py:186} INFO - Started process (PID=1180) to work on /home/airflow/.local/lib/python3.12/site-packages/airflow/example_dags/example_kubernetes_executor.py
[2025-03-10T20:38:56.624+0000] {processor.py:914} INFO - Processing file /home/airflow/.local/lib/python3.12/site-packages/airflow/example_dags/example_kubernetes_executor.py for tasks to queue
[2025-03-10T20:38:56.627+0000] {logging_mixin.py:190} INFO - [2025-03-10T20:38:56.626+0000] {dagbag.py:588} INFO - Filling up the DagBag from /home/airflow/.local/lib/python3.12/site-packages/airflow/example_dags/example_kubernetes_executor.py
[2025-03-10T20:38:56.646+0000] {processor.py:925} INFO - DAG(s) 'example_kubernetes_executor' retrieved from /home/airflow/.local/lib/python3.12/site-packages/airflow/example_dags/example_kubernetes_executor.py
[2025-03-10T20:38:56.676+0000] {logging_mixin.py:190} INFO - [2025-03-10T20:38:56.676+0000] {dag.py:3239} INFO - Sync 1 DAGs
[2025-03-10T20:38:56.697+0000] {logging_mixin.py:190} INFO - [2025-03-10T20:38:56.697+0000] {dag.py:4180} INFO - Setting next_dagrun for example_kubernetes_executor to None, run_after=None
[2025-03-10T20:38:56.717+0000] {processor.py:208} INFO - Processing /home/airflow/.local/lib/python3.12/site-packages/airflow/example_dags/example_kubernetes_executor.py took 0.102 seconds
[2025-03-10T20:39:27.847+0000] {processor.py:186} INFO - Started process (PID=1244) to work on /home/airflow/.local/lib/python3.12/site-packages/airflow/example_dags/example_kubernetes_executor.py
[2025-03-10T20:39:27.848+0000] {processor.py:914} INFO - Processing file /home/airflow/.local/lib/python3.12/site-packages/airflow/example_dags/example_kubernetes_executor.py for tasks to queue
[2025-03-10T20:39:27.851+0000] {logging_mixin.py:190} INFO - [2025-03-10T20:39:27.850+0000] {dagbag.py:588} INFO - Filling up the DagBag from /home/airflow/.local/lib/python3.12/site-packages/airflow/example_dags/example_kubernetes_executor.py
[2025-03-10T20:39:27.870+0000] {processor.py:925} INFO - DAG(s) 'example_kubernetes_executor' retrieved from /home/airflow/.local/lib/python3.12/site-packages/airflow/example_dags/example_kubernetes_executor.py
[2025-03-10T20:39:27.902+0000] {logging_mixin.py:190} INFO - [2025-03-10T20:39:27.902+0000] {dag.py:3239} INFO - Sync 1 DAGs
[2025-03-10T20:39:27.922+0000] {logging_mixin.py:190} INFO - [2025-03-10T20:39:27.922+0000] {dag.py:4180} INFO - Setting next_dagrun for example_kubernetes_executor to None, run_after=None
[2025-03-10T20:39:27.945+0000] {processor.py:208} INFO - Processing /home/airflow/.local/lib/python3.12/site-packages/airflow/example_dags/example_kubernetes_executor.py took 0.105 seconds
[2025-03-10T20:39:58.386+0000] {processor.py:186} INFO - Started process (PID=1307) to work on /home/airflow/.local/lib/python3.12/site-packages/airflow/example_dags/example_kubernetes_executor.py
[2025-03-10T20:39:58.387+0000] {processor.py:914} INFO - Processing file /home/airflow/.local/lib/python3.12/site-packages/airflow/example_dags/example_kubernetes_executor.py for tasks to queue
[2025-03-10T20:39:58.389+0000] {logging_mixin.py:190} INFO - [2025-03-10T20:39:58.389+0000] {dagbag.py:588} INFO - Filling up the DagBag from /home/airflow/.local/lib/python3.12/site-packages/airflow/example_dags/example_kubernetes_executor.py
[2025-03-10T20:39:58.408+0000] {processor.py:925} INFO - DAG(s) 'example_kubernetes_executor' retrieved from /home/airflow/.local/lib/python3.12/site-packages/airflow/example_dags/example_kubernetes_executor.py
[2025-03-10T20:39:58.439+0000] {logging_mixin.py:190} INFO - [2025-03-10T20:39:58.439+0000] {dag.py:3239} INFO - Sync 1 DAGs
[2025-03-10T20:39:58.456+0000] {logging_mixin.py:190} INFO - [2025-03-10T20:39:58.456+0000] {dag.py:4180} INFO - Setting next_dagrun for example_kubernetes_executor to None, run_after=None
[2025-03-10T20:39:58.477+0000] {processor.py:208} INFO - Processing /home/airflow/.local/lib/python3.12/site-packages/airflow/example_dags/example_kubernetes_executor.py took 0.098 seconds
[2025-03-10T20:40:29.535+0000] {processor.py:186} INFO - Started process (PID=1370) to work on /home/airflow/.local/lib/python3.12/site-packages/airflow/example_dags/example_kubernetes_executor.py
[2025-03-10T20:40:29.536+0000] {processor.py:914} INFO - Processing file /home/airflow/.local/lib/python3.12/site-packages/airflow/example_dags/example_kubernetes_executor.py for tasks to queue
[2025-03-10T20:40:29.538+0000] {logging_mixin.py:190} INFO - [2025-03-10T20:40:29.538+0000] {dagbag.py:588} INFO - Filling up the DagBag from /home/airflow/.local/lib/python3.12/site-packages/airflow/example_dags/example_kubernetes_executor.py
[2025-03-10T20:40:29.557+0000] {processor.py:925} INFO - DAG(s) 'example_kubernetes_executor' retrieved from /home/airflow/.local/lib/python3.12/site-packages/airflow/example_dags/example_kubernetes_executor.py
[2025-03-10T20:40:29.586+0000] {logging_mixin.py:190} INFO - [2025-03-10T20:40:29.586+0000] {dag.py:3239} INFO - Sync 1 DAGs
[2025-03-10T20:40:29.603+0000] {logging_mixin.py:190} INFO - [2025-03-10T20:40:29.603+0000] {dag.py:4180} INFO - Setting next_dagrun for example_kubernetes_executor to None, run_after=None
[2025-03-10T20:40:29.623+0000] {processor.py:208} INFO - Processing /home/airflow/.local/lib/python3.12/site-packages/airflow/example_dags/example_kubernetes_executor.py took 0.096 seconds
[2025-03-10T20:41:00.772+0000] {processor.py:186} INFO - Started process (PID=1432) to work on /home/airflow/.local/lib/python3.12/site-packages/airflow/example_dags/example_kubernetes_executor.py
[2025-03-10T20:41:00.773+0000] {processor.py:914} INFO - Processing file /home/airflow/.local/lib/python3.12/site-packages/airflow/example_dags/example_kubernetes_executor.py for tasks to queue
[2025-03-10T20:41:00.775+0000] {logging_mixin.py:190} INFO - [2025-03-10T20:41:00.775+0000] {dagbag.py:588} INFO - Filling up the DagBag from /home/airflow/.local/lib/python3.12/site-packages/airflow/example_dags/example_kubernetes_executor.py
[2025-03-10T20:41:00.795+0000] {processor.py:925} INFO - DAG(s) 'example_kubernetes_executor' retrieved from /home/airflow/.local/lib/python3.12/site-packages/airflow/example_dags/example_kubernetes_executor.py
[2025-03-10T20:41:00.825+0000] {logging_mixin.py:190} INFO - [2025-03-10T20:41:00.825+0000] {dag.py:3239} INFO - Sync 1 DAGs
[2025-03-10T20:41:00.844+0000] {logging_mixin.py:190} INFO - [2025-03-10T20:41:00.844+0000] {dag.py:4180} INFO - Setting next_dagrun for example_kubernetes_executor to None, run_after=None
[2025-03-10T20:41:00.864+0000] {processor.py:208} INFO - Processing /home/airflow/.local/lib/python3.12/site-packages/airflow/example_dags/example_kubernetes_executor.py took 0.100 seconds
[2025-03-10T20:41:31.494+0000] {processor.py:186} INFO - Started process (PID=1495) to work on /home/airflow/.local/lib/python3.12/site-packages/airflow/example_dags/example_kubernetes_executor.py
[2025-03-10T20:41:31.494+0000] {processor.py:914} INFO - Processing file /home/airflow/.local/lib/python3.12/site-packages/airflow/example_dags/example_kubernetes_executor.py for tasks to queue
[2025-03-10T20:41:31.497+0000] {logging_mixin.py:190} INFO - [2025-03-10T20:41:31.497+0000] {dagbag.py:588} INFO - Filling up the DagBag from /home/airflow/.local/lib/python3.12/site-packages/airflow/example_dags/example_kubernetes_executor.py
[2025-03-10T20:41:31.516+0000] {processor.py:925} INFO - DAG(s) 'example_kubernetes_executor' retrieved from /home/airflow/.local/lib/python3.12/site-packages/airflow/example_dags/example_kubernetes_executor.py
[2025-03-10T20:41:31.545+0000] {logging_mixin.py:190} INFO - [2025-03-10T20:41:31.545+0000] {dag.py:3239} INFO - Sync 1 DAGs
[2025-03-10T20:41:31.563+0000] {logging_mixin.py:190} INFO - [2025-03-10T20:41:31.563+0000] {dag.py:4180} INFO - Setting next_dagrun for example_kubernetes_executor to None, run_after=None
[2025-03-10T20:41:31.585+0000] {processor.py:208} INFO - Processing /home/airflow/.local/lib/python3.12/site-packages/airflow/example_dags/example_kubernetes_executor.py took 0.098 seconds
[2025-03-10T20:42:02.179+0000] {processor.py:186} INFO - Started process (PID=1558) to work on /home/airflow/.local/lib/python3.12/site-packages/airflow/example_dags/example_kubernetes_executor.py
[2025-03-10T20:42:02.180+0000] {processor.py:914} INFO - Processing file /home/airflow/.local/lib/python3.12/site-packages/airflow/example_dags/example_kubernetes_executor.py for tasks to queue
[2025-03-10T20:42:02.182+0000] {logging_mixin.py:190} INFO - [2025-03-10T20:42:02.182+0000] {dagbag.py:588} INFO - Filling up the DagBag from /home/airflow/.local/lib/python3.12/site-packages/airflow/example_dags/example_kubernetes_executor.py
[2025-03-10T20:42:02.202+0000] {processor.py:925} INFO - DAG(s) 'example_kubernetes_executor' retrieved from /home/airflow/.local/lib/python3.12/site-packages/airflow/example_dags/example_kubernetes_executor.py
[2025-03-10T20:42:02.230+0000] {logging_mixin.py:190} INFO - [2025-03-10T20:42:02.229+0000] {dag.py:3239} INFO - Sync 1 DAGs
[2025-03-10T20:42:02.252+0000] {logging_mixin.py:190} INFO - [2025-03-10T20:42:02.252+0000] {dag.py:4180} INFO - Setting next_dagrun for example_kubernetes_executor to None, run_after=None
[2025-03-10T20:42:02.273+0000] {processor.py:208} INFO - Processing /home/airflow/.local/lib/python3.12/site-packages/airflow/example_dags/example_kubernetes_executor.py took 0.102 seconds
[2025-03-10T20:42:33.356+0000] {processor.py:186} INFO - Started process (PID=1622) to work on /home/airflow/.local/lib/python3.12/site-packages/airflow/example_dags/example_kubernetes_executor.py
[2025-03-10T20:42:33.357+0000] {processor.py:914} INFO - Processing file /home/airflow/.local/lib/python3.12/site-packages/airflow/example_dags/example_kubernetes_executor.py for tasks to queue
[2025-03-10T20:42:33.360+0000] {logging_mixin.py:190} INFO - [2025-03-10T20:42:33.359+0000] {dagbag.py:588} INFO - Filling up the DagBag from /home/airflow/.local/lib/python3.12/site-packages/airflow/example_dags/example_kubernetes_executor.py
[2025-03-10T20:42:33.378+0000] {processor.py:925} INFO - DAG(s) 'example_kubernetes_executor' retrieved from /home/airflow/.local/lib/python3.12/site-packages/airflow/example_dags/example_kubernetes_executor.py
[2025-03-10T20:42:33.408+0000] {logging_mixin.py:190} INFO - [2025-03-10T20:42:33.407+0000] {dag.py:3239} INFO - Sync 1 DAGs
[2025-03-10T20:42:33.426+0000] {logging_mixin.py:190} INFO - [2025-03-10T20:42:33.425+0000] {dag.py:4180} INFO - Setting next_dagrun for example_kubernetes_executor to None, run_after=None
[2025-03-10T20:42:33.448+0000] {processor.py:208} INFO - Processing /home/airflow/.local/lib/python3.12/site-packages/airflow/example_dags/example_kubernetes_executor.py took 0.099 seconds
[2025-03-10T20:43:04.561+0000] {processor.py:186} INFO - Started process (PID=1685) to work on /home/airflow/.local/lib/python3.12/site-packages/airflow/example_dags/example_kubernetes_executor.py
[2025-03-10T20:43:04.562+0000] {processor.py:914} INFO - Processing file /home/airflow/.local/lib/python3.12/site-packages/airflow/example_dags/example_kubernetes_executor.py for tasks to queue
[2025-03-10T20:43:04.565+0000] {logging_mixin.py:190} INFO - [2025-03-10T20:43:04.565+0000] {dagbag.py:588} INFO - Filling up the DagBag from /home/airflow/.local/lib/python3.12/site-packages/airflow/example_dags/example_kubernetes_executor.py
[2025-03-10T20:43:04.585+0000] {processor.py:925} INFO - DAG(s) 'example_kubernetes_executor' retrieved from /home/airflow/.local/lib/python3.12/site-packages/airflow/example_dags/example_kubernetes_executor.py
[2025-03-10T20:43:04.615+0000] {logging_mixin.py:190} INFO - [2025-03-10T20:43:04.614+0000] {dag.py:3239} INFO - Sync 1 DAGs
[2025-03-10T20:43:04.632+0000] {logging_mixin.py:190} INFO - [2025-03-10T20:43:04.632+0000] {dag.py:4180} INFO - Setting next_dagrun for example_kubernetes_executor to None, run_after=None
[2025-03-10T20:43:04.653+0000] {processor.py:208} INFO - Processing /home/airflow/.local/lib/python3.12/site-packages/airflow/example_dags/example_kubernetes_executor.py took 0.099 seconds
[2025-03-10T20:43:35.226+0000] {processor.py:186} INFO - Started process (PID=1747) to work on /home/airflow/.local/lib/python3.12/site-packages/airflow/example_dags/example_kubernetes_executor.py
[2025-03-10T20:43:35.227+0000] {processor.py:914} INFO - Processing file /home/airflow/.local/lib/python3.12/site-packages/airflow/example_dags/example_kubernetes_executor.py for tasks to queue
[2025-03-10T20:43:35.230+0000] {logging_mixin.py:190} INFO - [2025-03-10T20:43:35.230+0000] {dagbag.py:588} INFO - Filling up the DagBag from /home/airflow/.local/lib/python3.12/site-packages/airflow/example_dags/example_kubernetes_executor.py
[2025-03-10T20:43:35.250+0000] {processor.py:925} INFO - DAG(s) 'example_kubernetes_executor' retrieved from /home/airflow/.local/lib/python3.12/site-packages/airflow/example_dags/example_kubernetes_executor.py
[2025-03-10T20:43:35.280+0000] {logging_mixin.py:190} INFO - [2025-03-10T20:43:35.279+0000] {dag.py:3239} INFO - Sync 1 DAGs
[2025-03-10T20:43:35.298+0000] {logging_mixin.py:190} INFO - [2025-03-10T20:43:35.298+0000] {dag.py:4180} INFO - Setting next_dagrun for example_kubernetes_executor to None, run_after=None
[2025-03-10T20:43:35.317+0000] {processor.py:208} INFO - Processing /home/airflow/.local/lib/python3.12/site-packages/airflow/example_dags/example_kubernetes_executor.py took 0.098 seconds
[2025-03-10T20:44:05.969+0000] {processor.py:186} INFO - Started process (PID=1810) to work on /home/airflow/.local/lib/python3.12/site-packages/airflow/example_dags/example_kubernetes_executor.py
[2025-03-10T20:44:05.970+0000] {processor.py:914} INFO - Processing file /home/airflow/.local/lib/python3.12/site-packages/airflow/example_dags/example_kubernetes_executor.py for tasks to queue
[2025-03-10T20:44:05.972+0000] {logging_mixin.py:190} INFO - [2025-03-10T20:44:05.972+0000] {dagbag.py:588} INFO - Filling up the DagBag from /home/airflow/.local/lib/python3.12/site-packages/airflow/example_dags/example_kubernetes_executor.py
[2025-03-10T20:44:05.992+0000] {processor.py:925} INFO - DAG(s) 'example_kubernetes_executor' retrieved from /home/airflow/.local/lib/python3.12/site-packages/airflow/example_dags/example_kubernetes_executor.py
[2025-03-10T20:44:06.022+0000] {logging_mixin.py:190} INFO - [2025-03-10T20:44:06.022+0000] {dag.py:3239} INFO - Sync 1 DAGs
[2025-03-10T20:44:06.040+0000] {logging_mixin.py:190} INFO - [2025-03-10T20:44:06.039+0000] {dag.py:4180} INFO - Setting next_dagrun for example_kubernetes_executor to None, run_after=None
[2025-03-10T20:44:06.059+0000] {processor.py:208} INFO - Processing /home/airflow/.local/lib/python3.12/site-packages/airflow/example_dags/example_kubernetes_executor.py took 0.098 seconds
[2025-03-10T20:44:36.902+0000] {processor.py:186} INFO - Started process (PID=1873) to work on /home/airflow/.local/lib/python3.12/site-packages/airflow/example_dags/example_kubernetes_executor.py
[2025-03-10T20:44:36.904+0000] {processor.py:914} INFO - Processing file /home/airflow/.local/lib/python3.12/site-packages/airflow/example_dags/example_kubernetes_executor.py for tasks to queue
[2025-03-10T20:44:36.907+0000] {logging_mixin.py:190} INFO - [2025-03-10T20:44:36.906+0000] {dagbag.py:588} INFO - Filling up the DagBag from /home/airflow/.local/lib/python3.12/site-packages/airflow/example_dags/example_kubernetes_executor.py
[2025-03-10T20:44:36.929+0000] {processor.py:925} INFO - DAG(s) 'example_kubernetes_executor' retrieved from /home/airflow/.local/lib/python3.12/site-packages/airflow/example_dags/example_kubernetes_executor.py
[2025-03-10T20:44:36.969+0000] {logging_mixin.py:190} INFO - [2025-03-10T20:44:36.968+0000] {dag.py:3239} INFO - Sync 1 DAGs
[2025-03-10T20:44:36.989+0000] {logging_mixin.py:190} INFO - [2025-03-10T20:44:36.988+0000] {dag.py:4180} INFO - Setting next_dagrun for example_kubernetes_executor to None, run_after=None
[2025-03-10T20:44:37.254+0000] {processor.py:208} INFO - Processing /home/airflow/.local/lib/python3.12/site-packages/airflow/example_dags/example_kubernetes_executor.py took 0.359 seconds
[2025-03-10T20:45:07.561+0000] {processor.py:186} INFO - Started process (PID=1936) to work on /home/airflow/.local/lib/python3.12/site-packages/airflow/example_dags/example_kubernetes_executor.py
[2025-03-10T20:45:07.562+0000] {processor.py:914} INFO - Processing file /home/airflow/.local/lib/python3.12/site-packages/airflow/example_dags/example_kubernetes_executor.py for tasks to queue
[2025-03-10T20:45:07.565+0000] {logging_mixin.py:190} INFO - [2025-03-10T20:45:07.565+0000] {dagbag.py:588} INFO - Filling up the DagBag from /home/airflow/.local/lib/python3.12/site-packages/airflow/example_dags/example_kubernetes_executor.py
[2025-03-10T20:45:07.585+0000] {processor.py:925} INFO - DAG(s) 'example_kubernetes_executor' retrieved from /home/airflow/.local/lib/python3.12/site-packages/airflow/example_dags/example_kubernetes_executor.py
[2025-03-10T20:45:07.613+0000] {logging_mixin.py:190} INFO - [2025-03-10T20:45:07.612+0000] {dag.py:3239} INFO - Sync 1 DAGs
[2025-03-10T20:45:07.630+0000] {logging_mixin.py:190} INFO - [2025-03-10T20:45:07.629+0000] {dag.py:4180} INFO - Setting next_dagrun for example_kubernetes_executor to None, run_after=None
[2025-03-10T20:45:07.650+0000] {processor.py:208} INFO - Processing /home/airflow/.local/lib/python3.12/site-packages/airflow/example_dags/example_kubernetes_executor.py took 0.097 seconds
[2025-03-10T20:45:38.465+0000] {processor.py:186} INFO - Started process (PID=1999) to work on /home/airflow/.local/lib/python3.12/site-packages/airflow/example_dags/example_kubernetes_executor.py
[2025-03-10T20:45:38.466+0000] {processor.py:914} INFO - Processing file /home/airflow/.local/lib/python3.12/site-packages/airflow/example_dags/example_kubernetes_executor.py for tasks to queue
[2025-03-10T20:45:38.469+0000] {logging_mixin.py:190} INFO - [2025-03-10T20:45:38.469+0000] {dagbag.py:588} INFO - Filling up the DagBag from /home/airflow/.local/lib/python3.12/site-packages/airflow/example_dags/example_kubernetes_executor.py
[2025-03-10T20:45:38.491+0000] {processor.py:925} INFO - DAG(s) 'example_kubernetes_executor' retrieved from /home/airflow/.local/lib/python3.12/site-packages/airflow/example_dags/example_kubernetes_executor.py
[2025-03-10T20:45:38.520+0000] {logging_mixin.py:190} INFO - [2025-03-10T20:45:38.519+0000] {dag.py:3239} INFO - Sync 1 DAGs
[2025-03-10T20:45:38.538+0000] {logging_mixin.py:190} INFO - [2025-03-10T20:45:38.537+0000] {dag.py:4180} INFO - Setting next_dagrun for example_kubernetes_executor to None, run_after=None
[2025-03-10T20:45:38.557+0000] {processor.py:208} INFO - Processing /home/airflow/.local/lib/python3.12/site-packages/airflow/example_dags/example_kubernetes_executor.py took 0.099 seconds
[2025-03-10T20:46:10.716+0000] {processor.py:186} INFO - Started process (PID=2068) to work on /home/airflow/.local/lib/python3.12/site-packages/airflow/example_dags/example_kubernetes_executor.py
[2025-03-10T20:46:10.717+0000] {processor.py:914} INFO - Processing file /home/airflow/.local/lib/python3.12/site-packages/airflow/example_dags/example_kubernetes_executor.py for tasks to queue
[2025-03-10T20:46:10.720+0000] {logging_mixin.py:190} INFO - [2025-03-10T20:46:10.719+0000] {dagbag.py:588} INFO - Filling up the DagBag from /home/airflow/.local/lib/python3.12/site-packages/airflow/example_dags/example_kubernetes_executor.py
[2025-03-10T20:46:10.740+0000] {processor.py:925} INFO - DAG(s) 'example_kubernetes_executor' retrieved from /home/airflow/.local/lib/python3.12/site-packages/airflow/example_dags/example_kubernetes_executor.py
[2025-03-10T20:46:11.013+0000] {logging_mixin.py:190} INFO - [2025-03-10T20:46:11.013+0000] {dag.py:3239} INFO - Sync 1 DAGs
[2025-03-10T20:46:11.027+0000] {logging_mixin.py:190} INFO - [2025-03-10T20:46:11.027+0000] {dag.py:4180} INFO - Setting next_dagrun for example_kubernetes_executor to None, run_after=None
[2025-03-10T20:46:11.044+0000] {processor.py:208} INFO - Processing /home/airflow/.local/lib/python3.12/site-packages/airflow/example_dags/example_kubernetes_executor.py took 0.336 seconds
[2025-03-10T20:46:41.456+0000] {processor.py:186} INFO - Started process (PID=2131) to work on /home/airflow/.local/lib/python3.12/site-packages/airflow/example_dags/example_kubernetes_executor.py
[2025-03-10T20:46:41.457+0000] {processor.py:914} INFO - Processing file /home/airflow/.local/lib/python3.12/site-packages/airflow/example_dags/example_kubernetes_executor.py for tasks to queue
[2025-03-10T20:46:41.460+0000] {logging_mixin.py:190} INFO - [2025-03-10T20:46:41.459+0000] {dagbag.py:588} INFO - Filling up the DagBag from /home/airflow/.local/lib/python3.12/site-packages/airflow/example_dags/example_kubernetes_executor.py
[2025-03-10T20:46:41.479+0000] {processor.py:925} INFO - DAG(s) 'example_kubernetes_executor' retrieved from /home/airflow/.local/lib/python3.12/site-packages/airflow/example_dags/example_kubernetes_executor.py
[2025-03-10T20:46:41.507+0000] {logging_mixin.py:190} INFO - [2025-03-10T20:46:41.507+0000] {dag.py:3239} INFO - Sync 1 DAGs
[2025-03-10T20:46:41.775+0000] {logging_mixin.py:190} INFO - [2025-03-10T20:46:41.775+0000] {dag.py:4180} INFO - Setting next_dagrun for example_kubernetes_executor to None, run_after=None
[2025-03-10T20:46:41.797+0000] {processor.py:208} INFO - Processing /home/airflow/.local/lib/python3.12/site-packages/airflow/example_dags/example_kubernetes_executor.py took 0.348 seconds
[2025-03-10T20:47:12.636+0000] {processor.py:186} INFO - Started process (PID=2195) to work on /home/airflow/.local/lib/python3.12/site-packages/airflow/example_dags/example_kubernetes_executor.py
[2025-03-10T20:47:12.637+0000] {processor.py:914} INFO - Processing file /home/airflow/.local/lib/python3.12/site-packages/airflow/example_dags/example_kubernetes_executor.py for tasks to queue
[2025-03-10T20:47:12.640+0000] {logging_mixin.py:190} INFO - [2025-03-10T20:47:12.640+0000] {dagbag.py:588} INFO - Filling up the DagBag from /home/airflow/.local/lib/python3.12/site-packages/airflow/example_dags/example_kubernetes_executor.py
[2025-03-10T20:47:12.660+0000] {processor.py:925} INFO - DAG(s) 'example_kubernetes_executor' retrieved from /home/airflow/.local/lib/python3.12/site-packages/airflow/example_dags/example_kubernetes_executor.py
[2025-03-10T20:47:12.689+0000] {logging_mixin.py:190} INFO - [2025-03-10T20:47:12.689+0000] {dag.py:3239} INFO - Sync 1 DAGs
[2025-03-10T20:47:12.707+0000] {logging_mixin.py:190} INFO - [2025-03-10T20:47:12.706+0000] {dag.py:4180} INFO - Setting next_dagrun for example_kubernetes_executor to None, run_after=None
[2025-03-10T20:47:12.728+0000] {processor.py:208} INFO - Processing /home/airflow/.local/lib/python3.12/site-packages/airflow/example_dags/example_kubernetes_executor.py took 0.099 seconds
[2025-03-10T20:47:43.357+0000] {processor.py:186} INFO - Started process (PID=2258) to work on /home/airflow/.local/lib/python3.12/site-packages/airflow/example_dags/example_kubernetes_executor.py
[2025-03-10T20:47:43.358+0000] {processor.py:914} INFO - Processing file /home/airflow/.local/lib/python3.12/site-packages/airflow/example_dags/example_kubernetes_executor.py for tasks to queue
[2025-03-10T20:47:43.361+0000] {logging_mixin.py:190} INFO - [2025-03-10T20:47:43.361+0000] {dagbag.py:588} INFO - Filling up the DagBag from /home/airflow/.local/lib/python3.12/site-packages/airflow/example_dags/example_kubernetes_executor.py
[2025-03-10T20:47:43.381+0000] {processor.py:925} INFO - DAG(s) 'example_kubernetes_executor' retrieved from /home/airflow/.local/lib/python3.12/site-packages/airflow/example_dags/example_kubernetes_executor.py
[2025-03-10T20:47:43.410+0000] {logging_mixin.py:190} INFO - [2025-03-10T20:47:43.409+0000] {dag.py:3239} INFO - Sync 1 DAGs
[2025-03-10T20:47:43.427+0000] {logging_mixin.py:190} INFO - [2025-03-10T20:47:43.427+0000] {dag.py:4180} INFO - Setting next_dagrun for example_kubernetes_executor to None, run_after=None
[2025-03-10T20:47:43.448+0000] {processor.py:208} INFO - Processing /home/airflow/.local/lib/python3.12/site-packages/airflow/example_dags/example_kubernetes_executor.py took 0.100 seconds
[2025-03-10T20:48:13.818+0000] {processor.py:186} INFO - Started process (PID=2321) to work on /home/airflow/.local/lib/python3.12/site-packages/airflow/example_dags/example_kubernetes_executor.py
[2025-03-10T20:48:13.819+0000] {processor.py:914} INFO - Processing file /home/airflow/.local/lib/python3.12/site-packages/airflow/example_dags/example_kubernetes_executor.py for tasks to queue
[2025-03-10T20:48:13.822+0000] {logging_mixin.py:190} INFO - [2025-03-10T20:48:13.822+0000] {dagbag.py:588} INFO - Filling up the DagBag from /home/airflow/.local/lib/python3.12/site-packages/airflow/example_dags/example_kubernetes_executor.py
[2025-03-10T20:48:13.841+0000] {processor.py:925} INFO - DAG(s) 'example_kubernetes_executor' retrieved from /home/airflow/.local/lib/python3.12/site-packages/airflow/example_dags/example_kubernetes_executor.py
[2025-03-10T20:48:13.871+0000] {logging_mixin.py:190} INFO - [2025-03-10T20:48:13.870+0000] {dag.py:3239} INFO - Sync 1 DAGs
[2025-03-10T20:48:13.888+0000] {logging_mixin.py:190} INFO - [2025-03-10T20:48:13.888+0000] {dag.py:4180} INFO - Setting next_dagrun for example_kubernetes_executor to None, run_after=None
[2025-03-10T20:48:13.909+0000] {processor.py:208} INFO - Processing /home/airflow/.local/lib/python3.12/site-packages/airflow/example_dags/example_kubernetes_executor.py took 0.099 seconds
[2025-03-10T20:48:44.348+0000] {processor.py:186} INFO - Started process (PID=2384) to work on /home/airflow/.local/lib/python3.12/site-packages/airflow/example_dags/example_kubernetes_executor.py
[2025-03-10T20:48:44.350+0000] {processor.py:914} INFO - Processing file /home/airflow/.local/lib/python3.12/site-packages/airflow/example_dags/example_kubernetes_executor.py for tasks to queue
[2025-03-10T20:48:44.352+0000] {logging_mixin.py:190} INFO - [2025-03-10T20:48:44.352+0000] {dagbag.py:588} INFO - Filling up the DagBag from /home/airflow/.local/lib/python3.12/site-packages/airflow/example_dags/example_kubernetes_executor.py
[2025-03-10T20:48:44.373+0000] {processor.py:925} INFO - DAG(s) 'example_kubernetes_executor' retrieved from /home/airflow/.local/lib/python3.12/site-packages/airflow/example_dags/example_kubernetes_executor.py
[2025-03-10T20:48:44.403+0000] {logging_mixin.py:190} INFO - [2025-03-10T20:48:44.402+0000] {dag.py:3239} INFO - Sync 1 DAGs
[2025-03-10T20:48:44.422+0000] {logging_mixin.py:190} INFO - [2025-03-10T20:48:44.422+0000] {dag.py:4180} INFO - Setting next_dagrun for example_kubernetes_executor to None, run_after=None
[2025-03-10T20:48:44.449+0000] {processor.py:208} INFO - Processing /home/airflow/.local/lib/python3.12/site-packages/airflow/example_dags/example_kubernetes_executor.py took 0.107 seconds
[2025-03-10T20:49:14.957+0000] {processor.py:186} INFO - Started process (PID=2447) to work on /home/airflow/.local/lib/python3.12/site-packages/airflow/example_dags/example_kubernetes_executor.py
[2025-03-10T20:49:14.958+0000] {processor.py:914} INFO - Processing file /home/airflow/.local/lib/python3.12/site-packages/airflow/example_dags/example_kubernetes_executor.py for tasks to queue
[2025-03-10T20:49:14.962+0000] {logging_mixin.py:190} INFO - [2025-03-10T20:49:14.961+0000] {dagbag.py:588} INFO - Filling up the DagBag from /home/airflow/.local/lib/python3.12/site-packages/airflow/example_dags/example_kubernetes_executor.py
[2025-03-10T20:49:14.983+0000] {processor.py:925} INFO - DAG(s) 'example_kubernetes_executor' retrieved from /home/airflow/.local/lib/python3.12/site-packages/airflow/example_dags/example_kubernetes_executor.py
[2025-03-10T20:49:15.012+0000] {logging_mixin.py:190} INFO - [2025-03-10T20:49:15.011+0000] {dag.py:3239} INFO - Sync 1 DAGs
[2025-03-10T20:49:15.030+0000] {logging_mixin.py:190} INFO - [2025-03-10T20:49:15.030+0000] {dag.py:4180} INFO - Setting next_dagrun for example_kubernetes_executor to None, run_after=None
[2025-03-10T20:49:15.052+0000] {processor.py:208} INFO - Processing /home/airflow/.local/lib/python3.12/site-packages/airflow/example_dags/example_kubernetes_executor.py took 0.103 seconds
[2025-03-10T20:49:45.367+0000] {processor.py:186} INFO - Started process (PID=2510) to work on /home/airflow/.local/lib/python3.12/site-packages/airflow/example_dags/example_kubernetes_executor.py
[2025-03-10T20:49:45.368+0000] {processor.py:914} INFO - Processing file /home/airflow/.local/lib/python3.12/site-packages/airflow/example_dags/example_kubernetes_executor.py for tasks to queue
[2025-03-10T20:49:45.371+0000] {logging_mixin.py:190} INFO - [2025-03-10T20:49:45.370+0000] {dagbag.py:588} INFO - Filling up the DagBag from /home/airflow/.local/lib/python3.12/site-packages/airflow/example_dags/example_kubernetes_executor.py
[2025-03-10T20:49:45.391+0000] {processor.py:925} INFO - DAG(s) 'example_kubernetes_executor' retrieved from /home/airflow/.local/lib/python3.12/site-packages/airflow/example_dags/example_kubernetes_executor.py
[2025-03-10T20:49:45.419+0000] {logging_mixin.py:190} INFO - [2025-03-10T20:49:45.419+0000] {dag.py:3239} INFO - Sync 1 DAGs
[2025-03-10T20:49:45.436+0000] {logging_mixin.py:190} INFO - [2025-03-10T20:49:45.436+0000] {dag.py:4180} INFO - Setting next_dagrun for example_kubernetes_executor to None, run_after=None
[2025-03-10T20:49:45.457+0000] {processor.py:208} INFO - Processing /home/airflow/.local/lib/python3.12/site-packages/airflow/example_dags/example_kubernetes_executor.py took 0.098 seconds
[2025-03-10T20:50:15.954+0000] {processor.py:186} INFO - Started process (PID=2573) to work on /home/airflow/.local/lib/python3.12/site-packages/airflow/example_dags/example_kubernetes_executor.py
[2025-03-10T20:50:15.955+0000] {processor.py:914} INFO - Processing file /home/airflow/.local/lib/python3.12/site-packages/airflow/example_dags/example_kubernetes_executor.py for tasks to queue
[2025-03-10T20:50:15.957+0000] {logging_mixin.py:190} INFO - [2025-03-10T20:50:15.957+0000] {dagbag.py:588} INFO - Filling up the DagBag from /home/airflow/.local/lib/python3.12/site-packages/airflow/example_dags/example_kubernetes_executor.py
[2025-03-10T20:50:15.977+0000] {processor.py:925} INFO - DAG(s) 'example_kubernetes_executor' retrieved from /home/airflow/.local/lib/python3.12/site-packages/airflow/example_dags/example_kubernetes_executor.py
[2025-03-10T20:50:16.008+0000] {logging_mixin.py:190} INFO - [2025-03-10T20:50:16.008+0000] {dag.py:3239} INFO - Sync 1 DAGs
[2025-03-10T20:50:16.027+0000] {logging_mixin.py:190} INFO - [2025-03-10T20:50:16.026+0000] {dag.py:4180} INFO - Setting next_dagrun for example_kubernetes_executor to None, run_after=None
[2025-03-10T20:50:16.047+0000] {processor.py:208} INFO - Processing /home/airflow/.local/lib/python3.12/site-packages/airflow/example_dags/example_kubernetes_executor.py took 0.101 seconds
[2025-03-10T20:50:46.188+0000] {processor.py:186} INFO - Started process (PID=2635) to work on /home/airflow/.local/lib/python3.12/site-packages/airflow/example_dags/example_kubernetes_executor.py
[2025-03-10T20:50:46.189+0000] {processor.py:914} INFO - Processing file /home/airflow/.local/lib/python3.12/site-packages/airflow/example_dags/example_kubernetes_executor.py for tasks to queue
[2025-03-10T20:50:46.195+0000] {logging_mixin.py:190} INFO - [2025-03-10T20:50:46.194+0000] {dagbag.py:588} INFO - Filling up the DagBag from /home/airflow/.local/lib/python3.12/site-packages/airflow/example_dags/example_kubernetes_executor.py
[2025-03-10T20:50:46.240+0000] {processor.py:925} INFO - DAG(s) 'example_kubernetes_executor' retrieved from /home/airflow/.local/lib/python3.12/site-packages/airflow/example_dags/example_kubernetes_executor.py
[2025-03-10T23:08:57.556+0000] {processor.py:186} INFO - Started process (PID=105) to work on /home/airflow/.local/lib/python3.12/site-packages/airflow/example_dags/example_kubernetes_executor.py
[2025-03-10T23:08:57.557+0000] {processor.py:914} INFO - Processing file /home/airflow/.local/lib/python3.12/site-packages/airflow/example_dags/example_kubernetes_executor.py for tasks to queue
[2025-03-10T23:08:57.560+0000] {logging_mixin.py:190} INFO - [2025-03-10T23:08:57.560+0000] {dagbag.py:588} INFO - Filling up the DagBag from /home/airflow/.local/lib/python3.12/site-packages/airflow/example_dags/example_kubernetes_executor.py
[2025-03-10T23:08:57.582+0000] {processor.py:925} INFO - DAG(s) 'example_kubernetes_executor' retrieved from /home/airflow/.local/lib/python3.12/site-packages/airflow/example_dags/example_kubernetes_executor.py
[2025-03-10T23:08:57.617+0000] {logging_mixin.py:190} INFO - [2025-03-10T23:08:57.616+0000] {dag.py:3239} INFO - Sync 1 DAGs
[2025-03-10T23:08:57.636+0000] {logging_mixin.py:190} INFO - [2025-03-10T23:08:57.635+0000] {dag.py:4180} INFO - Setting next_dagrun for example_kubernetes_executor to None, run_after=None
[2025-03-10T23:08:57.658+0000] {processor.py:208} INFO - Processing /home/airflow/.local/lib/python3.12/site-packages/airflow/example_dags/example_kubernetes_executor.py took 0.108 seconds
[2025-03-10T23:10:33.225+0000] {processor.py:186} INFO - Started process (PID=162) to work on /home/airflow/.local/lib/python3.12/site-packages/airflow/example_dags/example_kubernetes_executor.py
[2025-03-10T23:10:33.226+0000] {processor.py:914} INFO - Processing file /home/airflow/.local/lib/python3.12/site-packages/airflow/example_dags/example_kubernetes_executor.py for tasks to queue
[2025-03-10T23:10:33.227+0000] {logging_mixin.py:190} INFO - [2025-03-10T23:10:33.227+0000] {dagbag.py:588} INFO - Filling up the DagBag from /home/airflow/.local/lib/python3.12/site-packages/airflow/example_dags/example_kubernetes_executor.py
[2025-03-10T23:10:33.249+0000] {processor.py:925} INFO - DAG(s) 'example_kubernetes_executor' retrieved from /home/airflow/.local/lib/python3.12/site-packages/airflow/example_dags/example_kubernetes_executor.py
[2025-03-10T23:10:33.283+0000] {logging_mixin.py:190} INFO - [2025-03-10T23:10:33.283+0000] {dag.py:3239} INFO - Sync 1 DAGs
[2025-03-10T23:10:33.302+0000] {logging_mixin.py:190} INFO - [2025-03-10T23:10:33.302+0000] {dag.py:4180} INFO - Setting next_dagrun for example_kubernetes_executor to None, run_after=None
[2025-03-10T23:10:33.324+0000] {processor.py:208} INFO - Processing /home/airflow/.local/lib/python3.12/site-packages/airflow/example_dags/example_kubernetes_executor.py took 0.106 seconds
[2025-03-10T23:13:21.884+0000] {processor.py:186} INFO - Started process (PID=220) to work on /home/airflow/.local/lib/python3.12/site-packages/airflow/example_dags/example_kubernetes_executor.py
[2025-03-10T23:13:21.888+0000] {processor.py:914} INFO - Processing file /home/airflow/.local/lib/python3.12/site-packages/airflow/example_dags/example_kubernetes_executor.py for tasks to queue
[2025-03-10T23:13:21.895+0000] {logging_mixin.py:190} INFO - [2025-03-10T23:13:21.893+0000] {dagbag.py:588} INFO - Filling up the DagBag from /home/airflow/.local/lib/python3.12/site-packages/airflow/example_dags/example_kubernetes_executor.py
[2025-03-10T23:13:21.995+0000] {processor.py:925} INFO - DAG(s) 'example_kubernetes_executor' retrieved from /home/airflow/.local/lib/python3.12/site-packages/airflow/example_dags/example_kubernetes_executor.py
[2025-03-10T23:13:22.140+0000] {logging_mixin.py:190} INFO - [2025-03-10T23:13:22.139+0000] {dag.py:3239} INFO - Sync 1 DAGs
[2025-03-10T23:13:22.255+0000] {logging_mixin.py:190} INFO - [2025-03-10T23:13:22.254+0000] {dag.py:4180} INFO - Setting next_dagrun for example_kubernetes_executor to None, run_after=None
[2025-03-10T23:13:22.354+0000] {processor.py:208} INFO - Processing /home/airflow/.local/lib/python3.12/site-packages/airflow/example_dags/example_kubernetes_executor.py took 0.509 seconds
[2025-03-10T23:14:58.090+0000] {processor.py:186} INFO - Started process (PID=293) to work on /home/airflow/.local/lib/python3.12/site-packages/airflow/example_dags/example_kubernetes_executor.py
[2025-03-10T23:14:58.095+0000] {processor.py:914} INFO - Processing file /home/airflow/.local/lib/python3.12/site-packages/airflow/example_dags/example_kubernetes_executor.py for tasks to queue
[2025-03-10T23:14:58.103+0000] {logging_mixin.py:190} INFO - [2025-03-10T23:14:58.101+0000] {dagbag.py:588} INFO - Filling up the DagBag from /home/airflow/.local/lib/python3.12/site-packages/airflow/example_dags/example_kubernetes_executor.py
[2025-03-10T23:14:58.217+0000] {processor.py:925} INFO - DAG(s) 'example_kubernetes_executor' retrieved from /home/airflow/.local/lib/python3.12/site-packages/airflow/example_dags/example_kubernetes_executor.py
[2025-03-10T23:14:58.370+0000] {logging_mixin.py:190} INFO - [2025-03-10T23:14:58.369+0000] {dag.py:3239} INFO - Sync 1 DAGs
[2025-03-10T23:14:58.473+0000] {logging_mixin.py:190} INFO - [2025-03-10T23:14:58.472+0000] {dag.py:4180} INFO - Setting next_dagrun for example_kubernetes_executor to None, run_after=None
[2025-03-10T23:14:58.576+0000] {processor.py:208} INFO - Processing /home/airflow/.local/lib/python3.12/site-packages/airflow/example_dags/example_kubernetes_executor.py took 0.529 seconds
[2025-03-10T23:15:29.275+0000] {processor.py:186} INFO - Started process (PID=356) to work on /home/airflow/.local/lib/python3.12/site-packages/airflow/example_dags/example_kubernetes_executor.py
[2025-03-10T23:15:29.279+0000] {processor.py:914} INFO - Processing file /home/airflow/.local/lib/python3.12/site-packages/airflow/example_dags/example_kubernetes_executor.py for tasks to queue
[2025-03-10T23:15:29.287+0000] {logging_mixin.py:190} INFO - [2025-03-10T23:15:29.285+0000] {dagbag.py:588} INFO - Filling up the DagBag from /home/airflow/.local/lib/python3.12/site-packages/airflow/example_dags/example_kubernetes_executor.py
[2025-03-10T23:15:29.364+0000] {processor.py:925} INFO - DAG(s) 'example_kubernetes_executor' retrieved from /home/airflow/.local/lib/python3.12/site-packages/airflow/example_dags/example_kubernetes_executor.py
[2025-03-10T23:15:29.511+0000] {logging_mixin.py:190} INFO - [2025-03-10T23:15:29.510+0000] {dag.py:3239} INFO - Sync 1 DAGs
[2025-03-10T23:15:29.624+0000] {logging_mixin.py:190} INFO - [2025-03-10T23:15:29.622+0000] {dag.py:4180} INFO - Setting next_dagrun for example_kubernetes_executor to None, run_after=None
[2025-03-10T23:15:29.777+0000] {processor.py:208} INFO - Processing /home/airflow/.local/lib/python3.12/site-packages/airflow/example_dags/example_kubernetes_executor.py took 0.528 seconds
[2025-03-10T23:16:00.686+0000] {processor.py:186} INFO - Started process (PID=419) to work on /home/airflow/.local/lib/python3.12/site-packages/airflow/example_dags/example_kubernetes_executor.py
[2025-03-10T23:16:00.687+0000] {processor.py:914} INFO - Processing file /home/airflow/.local/lib/python3.12/site-packages/airflow/example_dags/example_kubernetes_executor.py for tasks to queue
[2025-03-10T23:16:00.689+0000] {logging_mixin.py:190} INFO - [2025-03-10T23:16:00.688+0000] {dagbag.py:588} INFO - Filling up the DagBag from /home/airflow/.local/lib/python3.12/site-packages/airflow/example_dags/example_kubernetes_executor.py
[2025-03-10T23:16:00.712+0000] {processor.py:925} INFO - DAG(s) 'example_kubernetes_executor' retrieved from /home/airflow/.local/lib/python3.12/site-packages/airflow/example_dags/example_kubernetes_executor.py
[2025-03-10T23:16:00.752+0000] {logging_mixin.py:190} INFO - [2025-03-10T23:16:00.751+0000] {dag.py:3239} INFO - Sync 1 DAGs
[2025-03-10T23:16:00.780+0000] {logging_mixin.py:190} INFO - [2025-03-10T23:16:00.779+0000] {dag.py:4180} INFO - Setting next_dagrun for example_kubernetes_executor to None, run_after=None
[2025-03-10T23:16:00.804+0000] {processor.py:208} INFO - Processing /home/airflow/.local/lib/python3.12/site-packages/airflow/example_dags/example_kubernetes_executor.py took 0.132 seconds
[2025-03-10T23:16:31.523+0000] {processor.py:186} INFO - Started process (PID=482) to work on /home/airflow/.local/lib/python3.12/site-packages/airflow/example_dags/example_kubernetes_executor.py
[2025-03-10T23:16:31.524+0000] {processor.py:914} INFO - Processing file /home/airflow/.local/lib/python3.12/site-packages/airflow/example_dags/example_kubernetes_executor.py for tasks to queue
[2025-03-10T23:16:31.525+0000] {logging_mixin.py:190} INFO - [2025-03-10T23:16:31.525+0000] {dagbag.py:588} INFO - Filling up the DagBag from /home/airflow/.local/lib/python3.12/site-packages/airflow/example_dags/example_kubernetes_executor.py
[2025-03-10T23:16:31.548+0000] {processor.py:925} INFO - DAG(s) 'example_kubernetes_executor' retrieved from /home/airflow/.local/lib/python3.12/site-packages/airflow/example_dags/example_kubernetes_executor.py
[2025-03-10T23:16:31.583+0000] {logging_mixin.py:190} INFO - [2025-03-10T23:16:31.583+0000] {dag.py:3239} INFO - Sync 1 DAGs
[2025-03-10T23:16:31.604+0000] {logging_mixin.py:190} INFO - [2025-03-10T23:16:31.604+0000] {dag.py:4180} INFO - Setting next_dagrun for example_kubernetes_executor to None, run_after=None
[2025-03-10T23:16:31.629+0000] {processor.py:208} INFO - Processing /home/airflow/.local/lib/python3.12/site-packages/airflow/example_dags/example_kubernetes_executor.py took 0.114 seconds
[2025-03-10T23:17:02.205+0000] {processor.py:186} INFO - Started process (PID=545) to work on /home/airflow/.local/lib/python3.12/site-packages/airflow/example_dags/example_kubernetes_executor.py
[2025-03-10T23:17:02.206+0000] {processor.py:914} INFO - Processing file /home/airflow/.local/lib/python3.12/site-packages/airflow/example_dags/example_kubernetes_executor.py for tasks to queue
[2025-03-10T23:17:02.207+0000] {logging_mixin.py:190} INFO - [2025-03-10T23:17:02.207+0000] {dagbag.py:588} INFO - Filling up the DagBag from /home/airflow/.local/lib/python3.12/site-packages/airflow/example_dags/example_kubernetes_executor.py
[2025-03-10T23:17:02.227+0000] {processor.py:925} INFO - DAG(s) 'example_kubernetes_executor' retrieved from /home/airflow/.local/lib/python3.12/site-packages/airflow/example_dags/example_kubernetes_executor.py
[2025-03-10T23:17:02.257+0000] {logging_mixin.py:190} INFO - [2025-03-10T23:17:02.256+0000] {dag.py:3239} INFO - Sync 1 DAGs
[2025-03-10T23:17:02.277+0000] {logging_mixin.py:190} INFO - [2025-03-10T23:17:02.276+0000] {dag.py:4180} INFO - Setting next_dagrun for example_kubernetes_executor to None, run_after=None
[2025-03-10T23:17:02.295+0000] {processor.py:208} INFO - Processing /home/airflow/.local/lib/python3.12/site-packages/airflow/example_dags/example_kubernetes_executor.py took 0.098 seconds
[2025-03-10T23:17:32.480+0000] {processor.py:186} INFO - Started process (PID=607) to work on /home/airflow/.local/lib/python3.12/site-packages/airflow/example_dags/example_kubernetes_executor.py
[2025-03-10T23:17:32.481+0000] {processor.py:914} INFO - Processing file /home/airflow/.local/lib/python3.12/site-packages/airflow/example_dags/example_kubernetes_executor.py for tasks to queue
[2025-03-10T23:17:32.482+0000] {logging_mixin.py:190} INFO - [2025-03-10T23:17:32.482+0000] {dagbag.py:588} INFO - Filling up the DagBag from /home/airflow/.local/lib/python3.12/site-packages/airflow/example_dags/example_kubernetes_executor.py
[2025-03-10T23:17:32.504+0000] {processor.py:925} INFO - DAG(s) 'example_kubernetes_executor' retrieved from /home/airflow/.local/lib/python3.12/site-packages/airflow/example_dags/example_kubernetes_executor.py
[2025-03-10T23:17:32.532+0000] {logging_mixin.py:190} INFO - [2025-03-10T23:17:32.531+0000] {dag.py:3239} INFO - Sync 1 DAGs
[2025-03-10T23:17:32.549+0000] {logging_mixin.py:190} INFO - [2025-03-10T23:17:32.549+0000] {dag.py:4180} INFO - Setting next_dagrun for example_kubernetes_executor to None, run_after=None
[2025-03-10T23:17:32.566+0000] {processor.py:208} INFO - Processing /home/airflow/.local/lib/python3.12/site-packages/airflow/example_dags/example_kubernetes_executor.py took 0.095 seconds
[2025-03-10T23:18:03.234+0000] {processor.py:186} INFO - Started process (PID=670) to work on /home/airflow/.local/lib/python3.12/site-packages/airflow/example_dags/example_kubernetes_executor.py
[2025-03-10T23:18:03.235+0000] {processor.py:914} INFO - Processing file /home/airflow/.local/lib/python3.12/site-packages/airflow/example_dags/example_kubernetes_executor.py for tasks to queue
[2025-03-10T23:18:03.237+0000] {logging_mixin.py:190} INFO - [2025-03-10T23:18:03.236+0000] {dagbag.py:588} INFO - Filling up the DagBag from /home/airflow/.local/lib/python3.12/site-packages/airflow/example_dags/example_kubernetes_executor.py
[2025-03-10T23:18:03.257+0000] {processor.py:925} INFO - DAG(s) 'example_kubernetes_executor' retrieved from /home/airflow/.local/lib/python3.12/site-packages/airflow/example_dags/example_kubernetes_executor.py
[2025-03-10T23:18:03.287+0000] {logging_mixin.py:190} INFO - [2025-03-10T23:18:03.286+0000] {dag.py:3239} INFO - Sync 1 DAGs
[2025-03-10T23:18:03.312+0000] {logging_mixin.py:190} INFO - [2025-03-10T23:18:03.311+0000] {dag.py:4180} INFO - Setting next_dagrun for example_kubernetes_executor to None, run_after=None
[2025-03-10T23:18:03.332+0000] {processor.py:208} INFO - Processing /home/airflow/.local/lib/python3.12/site-packages/airflow/example_dags/example_kubernetes_executor.py took 0.107 seconds
[2025-03-10T23:18:33.822+0000] {processor.py:186} INFO - Started process (PID=733) to work on /home/airflow/.local/lib/python3.12/site-packages/airflow/example_dags/example_kubernetes_executor.py
[2025-03-10T23:18:33.823+0000] {processor.py:914} INFO - Processing file /home/airflow/.local/lib/python3.12/site-packages/airflow/example_dags/example_kubernetes_executor.py for tasks to queue
[2025-03-10T23:18:33.825+0000] {logging_mixin.py:190} INFO - [2025-03-10T23:18:33.824+0000] {dagbag.py:588} INFO - Filling up the DagBag from /home/airflow/.local/lib/python3.12/site-packages/airflow/example_dags/example_kubernetes_executor.py
[2025-03-10T23:18:33.845+0000] {processor.py:925} INFO - DAG(s) 'example_kubernetes_executor' retrieved from /home/airflow/.local/lib/python3.12/site-packages/airflow/example_dags/example_kubernetes_executor.py
[2025-03-10T23:18:33.876+0000] {logging_mixin.py:190} INFO - [2025-03-10T23:18:33.876+0000] {dag.py:3239} INFO - Sync 1 DAGs
[2025-03-10T23:18:33.898+0000] {logging_mixin.py:190} INFO - [2025-03-10T23:18:33.897+0000] {dag.py:4180} INFO - Setting next_dagrun for example_kubernetes_executor to None, run_after=None
[2025-03-10T23:18:33.920+0000] {processor.py:208} INFO - Processing /home/airflow/.local/lib/python3.12/site-packages/airflow/example_dags/example_kubernetes_executor.py took 0.105 seconds
[2025-03-10T23:19:04.364+0000] {processor.py:186} INFO - Started process (PID=796) to work on /home/airflow/.local/lib/python3.12/site-packages/airflow/example_dags/example_kubernetes_executor.py
[2025-03-10T23:19:04.365+0000] {processor.py:914} INFO - Processing file /home/airflow/.local/lib/python3.12/site-packages/airflow/example_dags/example_kubernetes_executor.py for tasks to queue
[2025-03-10T23:19:04.367+0000] {logging_mixin.py:190} INFO - [2025-03-10T23:19:04.366+0000] {dagbag.py:588} INFO - Filling up the DagBag from /home/airflow/.local/lib/python3.12/site-packages/airflow/example_dags/example_kubernetes_executor.py
[2025-03-10T23:19:04.387+0000] {processor.py:925} INFO - DAG(s) 'example_kubernetes_executor' retrieved from /home/airflow/.local/lib/python3.12/site-packages/airflow/example_dags/example_kubernetes_executor.py
[2025-03-10T23:19:04.417+0000] {logging_mixin.py:190} INFO - [2025-03-10T23:19:04.417+0000] {dag.py:3239} INFO - Sync 1 DAGs
[2025-03-10T23:19:04.436+0000] {logging_mixin.py:190} INFO - [2025-03-10T23:19:04.436+0000] {dag.py:4180} INFO - Setting next_dagrun for example_kubernetes_executor to None, run_after=None
[2025-03-10T23:19:04.456+0000] {processor.py:208} INFO - Processing /home/airflow/.local/lib/python3.12/site-packages/airflow/example_dags/example_kubernetes_executor.py took 0.100 seconds
[2025-03-10T23:27:10.500+0000] {processor.py:186} INFO - Started process (PID=92) to work on /home/airflow/.local/lib/python3.12/site-packages/airflow/example_dags/example_kubernetes_executor.py
[2025-03-10T23:27:10.501+0000] {processor.py:914} INFO - Processing file /home/airflow/.local/lib/python3.12/site-packages/airflow/example_dags/example_kubernetes_executor.py for tasks to queue
[2025-03-10T23:27:10.503+0000] {logging_mixin.py:190} INFO - [2025-03-10T23:27:10.503+0000] {dagbag.py:588} INFO - Filling up the DagBag from /home/airflow/.local/lib/python3.12/site-packages/airflow/example_dags/example_kubernetes_executor.py
[2025-03-10T23:27:10.524+0000] {processor.py:925} INFO - DAG(s) 'example_kubernetes_executor' retrieved from /home/airflow/.local/lib/python3.12/site-packages/airflow/example_dags/example_kubernetes_executor.py
[2025-03-10T23:27:10.558+0000] {logging_mixin.py:190} INFO - [2025-03-10T23:27:10.558+0000] {dag.py:3239} INFO - Sync 1 DAGs
[2025-03-10T23:27:10.578+0000] {logging_mixin.py:190} INFO - [2025-03-10T23:27:10.578+0000] {dag.py:4180} INFO - Setting next_dagrun for example_kubernetes_executor to None, run_after=None
[2025-03-10T23:27:10.607+0000] {processor.py:208} INFO - Processing /home/airflow/.local/lib/python3.12/site-packages/airflow/example_dags/example_kubernetes_executor.py took 0.114 seconds
[2025-03-10T23:27:41.666+0000] {processor.py:186} INFO - Started process (PID=155) to work on /home/airflow/.local/lib/python3.12/site-packages/airflow/example_dags/example_kubernetes_executor.py
[2025-03-10T23:27:41.667+0000] {processor.py:914} INFO - Processing file /home/airflow/.local/lib/python3.12/site-packages/airflow/example_dags/example_kubernetes_executor.py for tasks to queue
[2025-03-10T23:27:41.670+0000] {logging_mixin.py:190} INFO - [2025-03-10T23:27:41.669+0000] {dagbag.py:588} INFO - Filling up the DagBag from /home/airflow/.local/lib/python3.12/site-packages/airflow/example_dags/example_kubernetes_executor.py
[2025-03-10T23:27:41.689+0000] {processor.py:925} INFO - DAG(s) 'example_kubernetes_executor' retrieved from /home/airflow/.local/lib/python3.12/site-packages/airflow/example_dags/example_kubernetes_executor.py
[2025-03-10T23:27:41.724+0000] {logging_mixin.py:190} INFO - [2025-03-10T23:27:41.723+0000] {dag.py:3239} INFO - Sync 1 DAGs
[2025-03-10T23:27:41.742+0000] {logging_mixin.py:190} INFO - [2025-03-10T23:27:41.742+0000] {dag.py:4180} INFO - Setting next_dagrun for example_kubernetes_executor to None, run_after=None
[2025-03-10T23:27:41.764+0000] {processor.py:208} INFO - Processing /home/airflow/.local/lib/python3.12/site-packages/airflow/example_dags/example_kubernetes_executor.py took 0.104 seconds
[2025-03-10T23:28:12.187+0000] {processor.py:186} INFO - Started process (PID=218) to work on /home/airflow/.local/lib/python3.12/site-packages/airflow/example_dags/example_kubernetes_executor.py
[2025-03-10T23:28:12.188+0000] {processor.py:914} INFO - Processing file /home/airflow/.local/lib/python3.12/site-packages/airflow/example_dags/example_kubernetes_executor.py for tasks to queue
[2025-03-10T23:28:12.191+0000] {logging_mixin.py:190} INFO - [2025-03-10T23:28:12.191+0000] {dagbag.py:588} INFO - Filling up the DagBag from /home/airflow/.local/lib/python3.12/site-packages/airflow/example_dags/example_kubernetes_executor.py
[2025-03-10T23:28:12.209+0000] {processor.py:925} INFO - DAG(s) 'example_kubernetes_executor' retrieved from /home/airflow/.local/lib/python3.12/site-packages/airflow/example_dags/example_kubernetes_executor.py
[2025-03-10T23:28:12.237+0000] {logging_mixin.py:190} INFO - [2025-03-10T23:28:12.236+0000] {dag.py:3239} INFO - Sync 1 DAGs
[2025-03-10T23:28:12.254+0000] {logging_mixin.py:190} INFO - [2025-03-10T23:28:12.254+0000] {dag.py:4180} INFO - Setting next_dagrun for example_kubernetes_executor to None, run_after=None
[2025-03-10T23:28:12.276+0000] {processor.py:208} INFO - Processing /home/airflow/.local/lib/python3.12/site-packages/airflow/example_dags/example_kubernetes_executor.py took 0.096 seconds
[2025-03-10T23:28:43.125+0000] {processor.py:186} INFO - Started process (PID=281) to work on /home/airflow/.local/lib/python3.12/site-packages/airflow/example_dags/example_kubernetes_executor.py
[2025-03-10T23:28:43.126+0000] {processor.py:914} INFO - Processing file /home/airflow/.local/lib/python3.12/site-packages/airflow/example_dags/example_kubernetes_executor.py for tasks to queue
[2025-03-10T23:28:43.130+0000] {logging_mixin.py:190} INFO - [2025-03-10T23:28:43.129+0000] {dagbag.py:588} INFO - Filling up the DagBag from /home/airflow/.local/lib/python3.12/site-packages/airflow/example_dags/example_kubernetes_executor.py
[2025-03-10T23:28:43.150+0000] {processor.py:925} INFO - DAG(s) 'example_kubernetes_executor' retrieved from /home/airflow/.local/lib/python3.12/site-packages/airflow/example_dags/example_kubernetes_executor.py
[2025-03-10T23:28:43.183+0000] {logging_mixin.py:190} INFO - [2025-03-10T23:28:43.182+0000] {dag.py:3239} INFO - Sync 1 DAGs
[2025-03-10T23:28:43.202+0000] {logging_mixin.py:190} INFO - [2025-03-10T23:28:43.202+0000] {dag.py:4180} INFO - Setting next_dagrun for example_kubernetes_executor to None, run_after=None
[2025-03-10T23:28:43.224+0000] {processor.py:208} INFO - Processing /home/airflow/.local/lib/python3.12/site-packages/airflow/example_dags/example_kubernetes_executor.py took 0.106 seconds
[2025-03-10T23:29:14.343+0000] {processor.py:186} INFO - Started process (PID=344) to work on /home/airflow/.local/lib/python3.12/site-packages/airflow/example_dags/example_kubernetes_executor.py
[2025-03-10T23:29:14.344+0000] {processor.py:914} INFO - Processing file /home/airflow/.local/lib/python3.12/site-packages/airflow/example_dags/example_kubernetes_executor.py for tasks to queue
[2025-03-10T23:29:14.347+0000] {logging_mixin.py:190} INFO - [2025-03-10T23:29:14.347+0000] {dagbag.py:588} INFO - Filling up the DagBag from /home/airflow/.local/lib/python3.12/site-packages/airflow/example_dags/example_kubernetes_executor.py
[2025-03-10T23:29:14.366+0000] {processor.py:925} INFO - DAG(s) 'example_kubernetes_executor' retrieved from /home/airflow/.local/lib/python3.12/site-packages/airflow/example_dags/example_kubernetes_executor.py
[2025-03-10T23:29:14.406+0000] {logging_mixin.py:190} INFO - [2025-03-10T23:29:14.406+0000] {dag.py:3239} INFO - Sync 1 DAGs
[2025-03-10T23:29:14.427+0000] {logging_mixin.py:190} INFO - [2025-03-10T23:29:14.427+0000] {dag.py:4180} INFO - Setting next_dagrun for example_kubernetes_executor to None, run_after=None
[2025-03-10T23:29:14.449+0000] {processor.py:208} INFO - Processing /home/airflow/.local/lib/python3.12/site-packages/airflow/example_dags/example_kubernetes_executor.py took 0.113 seconds
[2025-03-10T23:35:20.348+0000] {processor.py:186} INFO - Started process (PID=112) to work on /home/airflow/.local/lib/python3.12/site-packages/airflow/example_dags/example_kubernetes_executor.py
[2025-03-10T23:35:20.352+0000] {processor.py:914} INFO - Processing file /home/airflow/.local/lib/python3.12/site-packages/airflow/example_dags/example_kubernetes_executor.py for tasks to queue
[2025-03-10T23:35:20.366+0000] {logging_mixin.py:190} INFO - [2025-03-10T23:35:20.364+0000] {dagbag.py:588} INFO - Filling up the DagBag from /home/airflow/.local/lib/python3.12/site-packages/airflow/example_dags/example_kubernetes_executor.py
[2025-03-10T23:35:20.482+0000] {processor.py:925} INFO - DAG(s) 'example_kubernetes_executor' retrieved from /home/airflow/.local/lib/python3.12/site-packages/airflow/example_dags/example_kubernetes_executor.py
[2025-03-10T23:35:20.660+0000] {logging_mixin.py:190} INFO - [2025-03-10T23:35:20.659+0000] {dag.py:3239} INFO - Sync 1 DAGs
[2025-03-10T23:35:20.762+0000] {logging_mixin.py:190} INFO - [2025-03-10T23:35:20.761+0000] {dag.py:4180} INFO - Setting next_dagrun for example_kubernetes_executor to None, run_after=None
[2025-03-10T23:35:20.868+0000] {processor.py:208} INFO - Processing /home/airflow/.local/lib/python3.12/site-packages/airflow/example_dags/example_kubernetes_executor.py took 0.556 seconds
[2025-03-10T23:35:51.802+0000] {processor.py:186} INFO - Started process (PID=175) to work on /home/airflow/.local/lib/python3.12/site-packages/airflow/example_dags/example_kubernetes_executor.py
[2025-03-10T23:35:51.803+0000] {processor.py:914} INFO - Processing file /home/airflow/.local/lib/python3.12/site-packages/airflow/example_dags/example_kubernetes_executor.py for tasks to queue
[2025-03-10T23:35:51.806+0000] {logging_mixin.py:190} INFO - [2025-03-10T23:35:51.805+0000] {dagbag.py:588} INFO - Filling up the DagBag from /home/airflow/.local/lib/python3.12/site-packages/airflow/example_dags/example_kubernetes_executor.py
[2025-03-10T23:35:51.824+0000] {processor.py:925} INFO - DAG(s) 'example_kubernetes_executor' retrieved from /home/airflow/.local/lib/python3.12/site-packages/airflow/example_dags/example_kubernetes_executor.py
[2025-03-10T23:35:51.852+0000] {logging_mixin.py:190} INFO - [2025-03-10T23:35:51.852+0000] {dag.py:3239} INFO - Sync 1 DAGs
[2025-03-10T23:35:51.870+0000] {logging_mixin.py:190} INFO - [2025-03-10T23:35:51.869+0000] {dag.py:4180} INFO - Setting next_dagrun for example_kubernetes_executor to None, run_after=None
[2025-03-10T23:35:51.891+0000] {processor.py:208} INFO - Processing /home/airflow/.local/lib/python3.12/site-packages/airflow/example_dags/example_kubernetes_executor.py took 0.096 seconds
[2025-03-10T23:36:22.066+0000] {processor.py:186} INFO - Started process (PID=238) to work on /home/airflow/.local/lib/python3.12/site-packages/airflow/example_dags/example_kubernetes_executor.py
[2025-03-10T23:36:22.067+0000] {processor.py:914} INFO - Processing file /home/airflow/.local/lib/python3.12/site-packages/airflow/example_dags/example_kubernetes_executor.py for tasks to queue
[2025-03-10T23:36:22.070+0000] {logging_mixin.py:190} INFO - [2025-03-10T23:36:22.070+0000] {dagbag.py:588} INFO - Filling up the DagBag from /home/airflow/.local/lib/python3.12/site-packages/airflow/example_dags/example_kubernetes_executor.py
[2025-03-10T23:36:22.091+0000] {processor.py:925} INFO - DAG(s) 'example_kubernetes_executor' retrieved from /home/airflow/.local/lib/python3.12/site-packages/airflow/example_dags/example_kubernetes_executor.py
[2025-03-10T23:36:22.120+0000] {logging_mixin.py:190} INFO - [2025-03-10T23:36:22.120+0000] {dag.py:3239} INFO - Sync 1 DAGs
[2025-03-10T23:36:22.139+0000] {logging_mixin.py:190} INFO - [2025-03-10T23:36:22.138+0000] {dag.py:4180} INFO - Setting next_dagrun for example_kubernetes_executor to None, run_after=None
[2025-03-10T23:36:22.160+0000] {processor.py:208} INFO - Processing /home/airflow/.local/lib/python3.12/site-packages/airflow/example_dags/example_kubernetes_executor.py took 0.102 seconds
[2025-03-10T23:36:52.301+0000] {processor.py:186} INFO - Started process (PID=301) to work on /home/airflow/.local/lib/python3.12/site-packages/airflow/example_dags/example_kubernetes_executor.py
[2025-03-10T23:36:52.301+0000] {processor.py:914} INFO - Processing file /home/airflow/.local/lib/python3.12/site-packages/airflow/example_dags/example_kubernetes_executor.py for tasks to queue
[2025-03-10T23:36:52.304+0000] {logging_mixin.py:190} INFO - [2025-03-10T23:36:52.304+0000] {dagbag.py:588} INFO - Filling up the DagBag from /home/airflow/.local/lib/python3.12/site-packages/airflow/example_dags/example_kubernetes_executor.py
[2025-03-10T23:36:52.324+0000] {processor.py:925} INFO - DAG(s) 'example_kubernetes_executor' retrieved from /home/airflow/.local/lib/python3.12/site-packages/airflow/example_dags/example_kubernetes_executor.py
[2025-03-10T23:36:52.353+0000] {logging_mixin.py:190} INFO - [2025-03-10T23:36:52.353+0000] {dag.py:3239} INFO - Sync 1 DAGs
[2025-03-10T23:36:52.372+0000] {logging_mixin.py:190} INFO - [2025-03-10T23:36:52.371+0000] {dag.py:4180} INFO - Setting next_dagrun for example_kubernetes_executor to None, run_after=None
[2025-03-10T23:36:52.392+0000] {processor.py:208} INFO - Processing /home/airflow/.local/lib/python3.12/site-packages/airflow/example_dags/example_kubernetes_executor.py took 0.100 seconds
[2025-03-10T23:37:22.923+0000] {processor.py:186} INFO - Started process (PID=364) to work on /home/airflow/.local/lib/python3.12/site-packages/airflow/example_dags/example_kubernetes_executor.py
[2025-03-10T23:37:22.924+0000] {processor.py:914} INFO - Processing file /home/airflow/.local/lib/python3.12/site-packages/airflow/example_dags/example_kubernetes_executor.py for tasks to queue
[2025-03-10T23:37:22.927+0000] {logging_mixin.py:190} INFO - [2025-03-10T23:37:22.926+0000] {dagbag.py:588} INFO - Filling up the DagBag from /home/airflow/.local/lib/python3.12/site-packages/airflow/example_dags/example_kubernetes_executor.py
[2025-03-10T23:37:22.946+0000] {processor.py:925} INFO - DAG(s) 'example_kubernetes_executor' retrieved from /home/airflow/.local/lib/python3.12/site-packages/airflow/example_dags/example_kubernetes_executor.py
[2025-03-10T23:37:22.976+0000] {logging_mixin.py:190} INFO - [2025-03-10T23:37:22.976+0000] {dag.py:3239} INFO - Sync 1 DAGs
[2025-03-10T23:37:22.999+0000] {logging_mixin.py:190} INFO - [2025-03-10T23:37:22.999+0000] {dag.py:4180} INFO - Setting next_dagrun for example_kubernetes_executor to None, run_after=None
[2025-03-10T23:37:23.026+0000] {processor.py:208} INFO - Processing /home/airflow/.local/lib/python3.12/site-packages/airflow/example_dags/example_kubernetes_executor.py took 0.111 seconds
