[2025-03-10T20:30:07.961+0000] {processor.py:186} INFO - Started process (PID=102) to work on /home/airflow/.local/lib/python3.12/site-packages/airflow/example_dags/example_complex.py
[2025-03-10T20:30:07.963+0000] {processor.py:914} INFO - Processing file /home/airflow/.local/lib/python3.12/site-packages/airflow/example_dags/example_complex.py for tasks to queue
[2025-03-10T20:30:07.967+0000] {logging_mixin.py:190} INFO - [2025-03-10T20:30:07.967+0000] {dagbag.py:588} INFO - Filling up the DagBag from /home/airflow/.local/lib/python3.12/site-packages/airflow/example_dags/example_complex.py
[2025-03-10T20:30:07.997+0000] {processor.py:925} INFO - DAG(s) 'example_complex' retrieved from /home/airflow/.local/lib/python3.12/site-packages/airflow/example_dags/example_complex.py
[2025-03-10T20:30:08.145+0000] {logging_mixin.py:190} INFO - [2025-03-10T20:30:08.144+0000] {override.py:1912} INFO - Created Permission View: can read on DAG:example_complex
[2025-03-10T20:30:08.162+0000] {logging_mixin.py:190} INFO - [2025-03-10T20:30:08.162+0000] {override.py:1912} INFO - Created Permission View: can edit on DAG:example_complex
[2025-03-10T20:30:08.173+0000] {logging_mixin.py:190} INFO - [2025-03-10T20:30:08.173+0000] {override.py:1912} INFO - Created Permission View: can delete on DAG:example_complex
[2025-03-10T20:30:08.185+0000] {logging_mixin.py:190} INFO - [2025-03-10T20:30:08.185+0000] {override.py:1912} INFO - Created Permission View: menu access on DAG Run:example_complex
[2025-03-10T20:30:08.194+0000] {logging_mixin.py:190} INFO - [2025-03-10T20:30:08.194+0000] {override.py:1912} INFO - Created Permission View: can read on DAG Run:example_complex
[2025-03-10T20:30:08.203+0000] {logging_mixin.py:190} INFO - [2025-03-10T20:30:08.202+0000] {override.py:1912} INFO - Created Permission View: can create on DAG Run:example_complex
[2025-03-10T20:30:08.213+0000] {logging_mixin.py:190} INFO - [2025-03-10T20:30:08.212+0000] {override.py:1912} INFO - Created Permission View: can delete on DAG Run:example_complex
[2025-03-10T20:30:08.214+0000] {logging_mixin.py:190} INFO - [2025-03-10T20:30:08.213+0000] {dag.py:3239} INFO - Sync 1 DAGs
[2025-03-10T20:30:08.240+0000] {logging_mixin.py:190} INFO - [2025-03-10T20:30:08.239+0000] {dag.py:3262} INFO - Creating ORM DAG for example_complex
[2025-03-10T20:30:08.241+0000] {logging_mixin.py:190} INFO - [2025-03-10T20:30:08.241+0000] {dag.py:4180} INFO - Setting next_dagrun for example_complex to None, run_after=None
[2025-03-10T20:30:08.274+0000] {processor.py:208} INFO - Processing /home/airflow/.local/lib/python3.12/site-packages/airflow/example_dags/example_complex.py took 0.324 seconds
[2025-03-10T20:30:38.519+0000] {processor.py:186} INFO - Started process (PID=164) to work on /home/airflow/.local/lib/python3.12/site-packages/airflow/example_dags/example_complex.py
[2025-03-10T20:30:38.520+0000] {processor.py:914} INFO - Processing file /home/airflow/.local/lib/python3.12/site-packages/airflow/example_dags/example_complex.py for tasks to queue
[2025-03-10T20:30:38.522+0000] {logging_mixin.py:190} INFO - [2025-03-10T20:30:38.522+0000] {dagbag.py:588} INFO - Filling up the DagBag from /home/airflow/.local/lib/python3.12/site-packages/airflow/example_dags/example_complex.py
[2025-03-10T20:30:38.537+0000] {processor.py:925} INFO - DAG(s) 'example_complex' retrieved from /home/airflow/.local/lib/python3.12/site-packages/airflow/example_dags/example_complex.py
[2025-03-10T20:30:38.578+0000] {logging_mixin.py:190} INFO - [2025-03-10T20:30:38.578+0000] {dag.py:3239} INFO - Sync 1 DAGs
[2025-03-10T20:30:38.596+0000] {logging_mixin.py:190} INFO - [2025-03-10T20:30:38.596+0000] {dag.py:4180} INFO - Setting next_dagrun for example_complex to None, run_after=None
[2025-03-10T20:30:38.616+0000] {processor.py:208} INFO - Processing /home/airflow/.local/lib/python3.12/site-packages/airflow/example_dags/example_complex.py took 0.104 seconds
[2025-03-10T20:31:08.878+0000] {processor.py:186} INFO - Started process (PID=227) to work on /home/airflow/.local/lib/python3.12/site-packages/airflow/example_dags/example_complex.py
[2025-03-10T20:31:08.879+0000] {processor.py:914} INFO - Processing file /home/airflow/.local/lib/python3.12/site-packages/airflow/example_dags/example_complex.py for tasks to queue
[2025-03-10T20:31:08.882+0000] {logging_mixin.py:190} INFO - [2025-03-10T20:31:08.881+0000] {dagbag.py:588} INFO - Filling up the DagBag from /home/airflow/.local/lib/python3.12/site-packages/airflow/example_dags/example_complex.py
[2025-03-10T20:31:08.896+0000] {processor.py:925} INFO - DAG(s) 'example_complex' retrieved from /home/airflow/.local/lib/python3.12/site-packages/airflow/example_dags/example_complex.py
[2025-03-10T20:31:08.940+0000] {logging_mixin.py:190} INFO - [2025-03-10T20:31:08.940+0000] {dag.py:3239} INFO - Sync 1 DAGs
[2025-03-10T20:31:08.961+0000] {logging_mixin.py:190} INFO - [2025-03-10T20:31:08.961+0000] {dag.py:4180} INFO - Setting next_dagrun for example_complex to None, run_after=None
[2025-03-10T20:31:08.992+0000] {processor.py:208} INFO - Processing /home/airflow/.local/lib/python3.12/site-packages/airflow/example_dags/example_complex.py took 0.122 seconds
[2025-03-10T20:31:39.528+0000] {processor.py:186} INFO - Started process (PID=290) to work on /home/airflow/.local/lib/python3.12/site-packages/airflow/example_dags/example_complex.py
[2025-03-10T20:31:39.529+0000] {processor.py:914} INFO - Processing file /home/airflow/.local/lib/python3.12/site-packages/airflow/example_dags/example_complex.py for tasks to queue
[2025-03-10T20:31:39.532+0000] {logging_mixin.py:190} INFO - [2025-03-10T20:31:39.532+0000] {dagbag.py:588} INFO - Filling up the DagBag from /home/airflow/.local/lib/python3.12/site-packages/airflow/example_dags/example_complex.py
[2025-03-10T20:31:39.546+0000] {processor.py:925} INFO - DAG(s) 'example_complex' retrieved from /home/airflow/.local/lib/python3.12/site-packages/airflow/example_dags/example_complex.py
[2025-03-10T20:31:39.585+0000] {logging_mixin.py:190} INFO - [2025-03-10T20:31:39.585+0000] {dag.py:3239} INFO - Sync 1 DAGs
[2025-03-10T20:31:39.605+0000] {logging_mixin.py:190} INFO - [2025-03-10T20:31:39.605+0000] {dag.py:4180} INFO - Setting next_dagrun for example_complex to None, run_after=None
[2025-03-10T20:31:39.625+0000] {processor.py:208} INFO - Processing /home/airflow/.local/lib/python3.12/site-packages/airflow/example_dags/example_complex.py took 0.104 seconds
[2025-03-10T20:32:10.923+0000] {processor.py:186} INFO - Started process (PID=353) to work on /home/airflow/.local/lib/python3.12/site-packages/airflow/example_dags/example_complex.py
[2025-03-10T20:32:10.925+0000] {processor.py:914} INFO - Processing file /home/airflow/.local/lib/python3.12/site-packages/airflow/example_dags/example_complex.py for tasks to queue
[2025-03-10T20:32:10.928+0000] {logging_mixin.py:190} INFO - [2025-03-10T20:32:10.927+0000] {dagbag.py:588} INFO - Filling up the DagBag from /home/airflow/.local/lib/python3.12/site-packages/airflow/example_dags/example_complex.py
[2025-03-10T20:32:10.943+0000] {processor.py:925} INFO - DAG(s) 'example_complex' retrieved from /home/airflow/.local/lib/python3.12/site-packages/airflow/example_dags/example_complex.py
[2025-03-10T20:32:10.989+0000] {logging_mixin.py:190} INFO - [2025-03-10T20:32:10.988+0000] {dag.py:3239} INFO - Sync 1 DAGs
[2025-03-10T20:32:11.007+0000] {logging_mixin.py:190} INFO - [2025-03-10T20:32:11.006+0000] {dag.py:4180} INFO - Setting next_dagrun for example_complex to None, run_after=None
[2025-03-10T20:32:11.030+0000] {processor.py:208} INFO - Processing /home/airflow/.local/lib/python3.12/site-packages/airflow/example_dags/example_complex.py took 0.115 seconds
[2025-03-10T20:32:42.327+0000] {processor.py:186} INFO - Started process (PID=416) to work on /home/airflow/.local/lib/python3.12/site-packages/airflow/example_dags/example_complex.py
[2025-03-10T20:32:42.329+0000] {processor.py:914} INFO - Processing file /home/airflow/.local/lib/python3.12/site-packages/airflow/example_dags/example_complex.py for tasks to queue
[2025-03-10T20:32:42.332+0000] {logging_mixin.py:190} INFO - [2025-03-10T20:32:42.331+0000] {dagbag.py:588} INFO - Filling up the DagBag from /home/airflow/.local/lib/python3.12/site-packages/airflow/example_dags/example_complex.py
[2025-03-10T20:32:42.347+0000] {processor.py:925} INFO - DAG(s) 'example_complex' retrieved from /home/airflow/.local/lib/python3.12/site-packages/airflow/example_dags/example_complex.py
[2025-03-10T20:32:42.387+0000] {logging_mixin.py:190} INFO - [2025-03-10T20:32:42.387+0000] {dag.py:3239} INFO - Sync 1 DAGs
[2025-03-10T20:32:42.405+0000] {logging_mixin.py:190} INFO - [2025-03-10T20:32:42.405+0000] {dag.py:4180} INFO - Setting next_dagrun for example_complex to None, run_after=None
[2025-03-10T20:32:42.426+0000] {processor.py:208} INFO - Processing /home/airflow/.local/lib/python3.12/site-packages/airflow/example_dags/example_complex.py took 0.107 seconds
[2025-03-10T20:33:13.640+0000] {processor.py:186} INFO - Started process (PID=479) to work on /home/airflow/.local/lib/python3.12/site-packages/airflow/example_dags/example_complex.py
[2025-03-10T20:33:13.641+0000] {processor.py:914} INFO - Processing file /home/airflow/.local/lib/python3.12/site-packages/airflow/example_dags/example_complex.py for tasks to queue
[2025-03-10T20:33:13.644+0000] {logging_mixin.py:190} INFO - [2025-03-10T20:33:13.644+0000] {dagbag.py:588} INFO - Filling up the DagBag from /home/airflow/.local/lib/python3.12/site-packages/airflow/example_dags/example_complex.py
[2025-03-10T20:33:13.659+0000] {processor.py:925} INFO - DAG(s) 'example_complex' retrieved from /home/airflow/.local/lib/python3.12/site-packages/airflow/example_dags/example_complex.py
[2025-03-10T20:33:13.699+0000] {logging_mixin.py:190} INFO - [2025-03-10T20:33:13.698+0000] {dag.py:3239} INFO - Sync 1 DAGs
[2025-03-10T20:33:13.716+0000] {logging_mixin.py:190} INFO - [2025-03-10T20:33:13.716+0000] {dag.py:4180} INFO - Setting next_dagrun for example_complex to None, run_after=None
[2025-03-10T20:33:13.737+0000] {processor.py:208} INFO - Processing /home/airflow/.local/lib/python3.12/site-packages/airflow/example_dags/example_complex.py took 0.104 seconds
[2025-03-10T20:33:44.294+0000] {processor.py:186} INFO - Started process (PID=542) to work on /home/airflow/.local/lib/python3.12/site-packages/airflow/example_dags/example_complex.py
[2025-03-10T20:33:44.294+0000] {processor.py:914} INFO - Processing file /home/airflow/.local/lib/python3.12/site-packages/airflow/example_dags/example_complex.py for tasks to queue
[2025-03-10T20:33:44.297+0000] {logging_mixin.py:190} INFO - [2025-03-10T20:33:44.297+0000] {dagbag.py:588} INFO - Filling up the DagBag from /home/airflow/.local/lib/python3.12/site-packages/airflow/example_dags/example_complex.py
[2025-03-10T20:33:44.311+0000] {processor.py:925} INFO - DAG(s) 'example_complex' retrieved from /home/airflow/.local/lib/python3.12/site-packages/airflow/example_dags/example_complex.py
[2025-03-10T20:33:44.351+0000] {logging_mixin.py:190} INFO - [2025-03-10T20:33:44.351+0000] {dag.py:3239} INFO - Sync 1 DAGs
[2025-03-10T20:33:44.368+0000] {logging_mixin.py:190} INFO - [2025-03-10T20:33:44.368+0000] {dag.py:4180} INFO - Setting next_dagrun for example_complex to None, run_after=None
[2025-03-10T20:33:44.389+0000] {processor.py:208} INFO - Processing /home/airflow/.local/lib/python3.12/site-packages/airflow/example_dags/example_complex.py took 0.101 seconds
[2025-03-10T20:34:15.691+0000] {processor.py:186} INFO - Started process (PID=605) to work on /home/airflow/.local/lib/python3.12/site-packages/airflow/example_dags/example_complex.py
[2025-03-10T20:34:15.692+0000] {processor.py:914} INFO - Processing file /home/airflow/.local/lib/python3.12/site-packages/airflow/example_dags/example_complex.py for tasks to queue
[2025-03-10T20:34:15.695+0000] {logging_mixin.py:190} INFO - [2025-03-10T20:34:15.694+0000] {dagbag.py:588} INFO - Filling up the DagBag from /home/airflow/.local/lib/python3.12/site-packages/airflow/example_dags/example_complex.py
[2025-03-10T20:34:15.710+0000] {processor.py:925} INFO - DAG(s) 'example_complex' retrieved from /home/airflow/.local/lib/python3.12/site-packages/airflow/example_dags/example_complex.py
[2025-03-10T20:34:15.752+0000] {logging_mixin.py:190} INFO - [2025-03-10T20:34:15.752+0000] {dag.py:3239} INFO - Sync 1 DAGs
[2025-03-10T20:34:15.771+0000] {logging_mixin.py:190} INFO - [2025-03-10T20:34:15.770+0000] {dag.py:4180} INFO - Setting next_dagrun for example_complex to None, run_after=None
[2025-03-10T20:34:15.793+0000] {processor.py:208} INFO - Processing /home/airflow/.local/lib/python3.12/site-packages/airflow/example_dags/example_complex.py took 0.112 seconds
[2025-03-10T20:34:47.091+0000] {processor.py:186} INFO - Started process (PID=668) to work on /home/airflow/.local/lib/python3.12/site-packages/airflow/example_dags/example_complex.py
[2025-03-10T20:34:47.093+0000] {processor.py:914} INFO - Processing file /home/airflow/.local/lib/python3.12/site-packages/airflow/example_dags/example_complex.py for tasks to queue
[2025-03-10T20:34:47.096+0000] {logging_mixin.py:190} INFO - [2025-03-10T20:34:47.095+0000] {dagbag.py:588} INFO - Filling up the DagBag from /home/airflow/.local/lib/python3.12/site-packages/airflow/example_dags/example_complex.py
[2025-03-10T20:34:47.117+0000] {processor.py:925} INFO - DAG(s) 'example_complex' retrieved from /home/airflow/.local/lib/python3.12/site-packages/airflow/example_dags/example_complex.py
[2025-03-10T20:34:47.183+0000] {logging_mixin.py:190} INFO - [2025-03-10T20:34:47.183+0000] {dag.py:3239} INFO - Sync 1 DAGs
[2025-03-10T20:34:47.210+0000] {logging_mixin.py:190} INFO - [2025-03-10T20:34:47.210+0000] {dag.py:4180} INFO - Setting next_dagrun for example_complex to None, run_after=None
[2025-03-10T20:34:47.236+0000] {processor.py:208} INFO - Processing /home/airflow/.local/lib/python3.12/site-packages/airflow/example_dags/example_complex.py took 0.153 seconds
[2025-03-10T20:35:18.364+0000] {processor.py:186} INFO - Started process (PID=731) to work on /home/airflow/.local/lib/python3.12/site-packages/airflow/example_dags/example_complex.py
[2025-03-10T20:35:18.365+0000] {processor.py:914} INFO - Processing file /home/airflow/.local/lib/python3.12/site-packages/airflow/example_dags/example_complex.py for tasks to queue
[2025-03-10T20:35:18.367+0000] {logging_mixin.py:190} INFO - [2025-03-10T20:35:18.367+0000] {dagbag.py:588} INFO - Filling up the DagBag from /home/airflow/.local/lib/python3.12/site-packages/airflow/example_dags/example_complex.py
[2025-03-10T20:35:18.380+0000] {processor.py:925} INFO - DAG(s) 'example_complex' retrieved from /home/airflow/.local/lib/python3.12/site-packages/airflow/example_dags/example_complex.py
[2025-03-10T20:35:18.424+0000] {logging_mixin.py:190} INFO - [2025-03-10T20:35:18.423+0000] {dag.py:3239} INFO - Sync 1 DAGs
[2025-03-10T20:35:18.441+0000] {logging_mixin.py:190} INFO - [2025-03-10T20:35:18.441+0000] {dag.py:4180} INFO - Setting next_dagrun for example_complex to None, run_after=None
[2025-03-10T20:35:18.461+0000] {processor.py:208} INFO - Processing /home/airflow/.local/lib/python3.12/site-packages/airflow/example_dags/example_complex.py took 0.104 seconds
[2025-03-10T20:35:49.563+0000] {processor.py:186} INFO - Started process (PID=794) to work on /home/airflow/.local/lib/python3.12/site-packages/airflow/example_dags/example_complex.py
[2025-03-10T20:35:49.564+0000] {processor.py:914} INFO - Processing file /home/airflow/.local/lib/python3.12/site-packages/airflow/example_dags/example_complex.py for tasks to queue
[2025-03-10T20:35:49.567+0000] {logging_mixin.py:190} INFO - [2025-03-10T20:35:49.566+0000] {dagbag.py:588} INFO - Filling up the DagBag from /home/airflow/.local/lib/python3.12/site-packages/airflow/example_dags/example_complex.py
[2025-03-10T20:35:49.582+0000] {processor.py:925} INFO - DAG(s) 'example_complex' retrieved from /home/airflow/.local/lib/python3.12/site-packages/airflow/example_dags/example_complex.py
[2025-03-10T20:35:49.645+0000] {logging_mixin.py:190} INFO - [2025-03-10T20:35:49.645+0000] {dag.py:3239} INFO - Sync 1 DAGs
[2025-03-10T20:35:49.665+0000] {logging_mixin.py:190} INFO - [2025-03-10T20:35:49.665+0000] {dag.py:4180} INFO - Setting next_dagrun for example_complex to None, run_after=None
[2025-03-10T20:35:49.690+0000] {processor.py:208} INFO - Processing /home/airflow/.local/lib/python3.12/site-packages/airflow/example_dags/example_complex.py took 0.134 seconds
[2025-03-10T20:36:20.779+0000] {processor.py:186} INFO - Started process (PID=857) to work on /home/airflow/.local/lib/python3.12/site-packages/airflow/example_dags/example_complex.py
[2025-03-10T20:36:20.780+0000] {processor.py:914} INFO - Processing file /home/airflow/.local/lib/python3.12/site-packages/airflow/example_dags/example_complex.py for tasks to queue
[2025-03-10T20:36:20.783+0000] {logging_mixin.py:190} INFO - [2025-03-10T20:36:20.783+0000] {dagbag.py:588} INFO - Filling up the DagBag from /home/airflow/.local/lib/python3.12/site-packages/airflow/example_dags/example_complex.py
[2025-03-10T20:36:20.797+0000] {processor.py:925} INFO - DAG(s) 'example_complex' retrieved from /home/airflow/.local/lib/python3.12/site-packages/airflow/example_dags/example_complex.py
[2025-03-10T20:36:20.838+0000] {logging_mixin.py:190} INFO - [2025-03-10T20:36:20.837+0000] {dag.py:3239} INFO - Sync 1 DAGs
[2025-03-10T20:36:20.856+0000] {logging_mixin.py:190} INFO - [2025-03-10T20:36:20.856+0000] {dag.py:4180} INFO - Setting next_dagrun for example_complex to None, run_after=None
[2025-03-10T20:36:20.877+0000] {processor.py:208} INFO - Processing /home/airflow/.local/lib/python3.12/site-packages/airflow/example_dags/example_complex.py took 0.106 seconds
[2025-03-10T20:36:51.421+0000] {processor.py:186} INFO - Started process (PID=920) to work on /home/airflow/.local/lib/python3.12/site-packages/airflow/example_dags/example_complex.py
[2025-03-10T20:36:51.422+0000] {processor.py:914} INFO - Processing file /home/airflow/.local/lib/python3.12/site-packages/airflow/example_dags/example_complex.py for tasks to queue
[2025-03-10T20:36:51.425+0000] {logging_mixin.py:190} INFO - [2025-03-10T20:36:51.425+0000] {dagbag.py:588} INFO - Filling up the DagBag from /home/airflow/.local/lib/python3.12/site-packages/airflow/example_dags/example_complex.py
[2025-03-10T20:36:51.441+0000] {processor.py:925} INFO - DAG(s) 'example_complex' retrieved from /home/airflow/.local/lib/python3.12/site-packages/airflow/example_dags/example_complex.py
[2025-03-10T20:36:51.485+0000] {logging_mixin.py:190} INFO - [2025-03-10T20:36:51.485+0000] {dag.py:3239} INFO - Sync 1 DAGs
[2025-03-10T20:36:51.503+0000] {logging_mixin.py:190} INFO - [2025-03-10T20:36:51.503+0000] {dag.py:4180} INFO - Setting next_dagrun for example_complex to None, run_after=None
[2025-03-10T20:36:51.525+0000] {processor.py:208} INFO - Processing /home/airflow/.local/lib/python3.12/site-packages/airflow/example_dags/example_complex.py took 0.112 seconds
[2025-03-10T20:37:22.778+0000] {processor.py:186} INFO - Started process (PID=984) to work on /home/airflow/.local/lib/python3.12/site-packages/airflow/example_dags/example_complex.py
[2025-03-10T20:37:22.779+0000] {processor.py:914} INFO - Processing file /home/airflow/.local/lib/python3.12/site-packages/airflow/example_dags/example_complex.py for tasks to queue
[2025-03-10T20:37:22.782+0000] {logging_mixin.py:190} INFO - [2025-03-10T20:37:22.782+0000] {dagbag.py:588} INFO - Filling up the DagBag from /home/airflow/.local/lib/python3.12/site-packages/airflow/example_dags/example_complex.py
[2025-03-10T20:37:22.795+0000] {processor.py:925} INFO - DAG(s) 'example_complex' retrieved from /home/airflow/.local/lib/python3.12/site-packages/airflow/example_dags/example_complex.py
[2025-03-10T20:37:22.836+0000] {logging_mixin.py:190} INFO - [2025-03-10T20:37:22.836+0000] {dag.py:3239} INFO - Sync 1 DAGs
[2025-03-10T20:37:22.854+0000] {logging_mixin.py:190} INFO - [2025-03-10T20:37:22.853+0000] {dag.py:4180} INFO - Setting next_dagrun for example_complex to None, run_after=None
[2025-03-10T20:37:22.875+0000] {processor.py:208} INFO - Processing /home/airflow/.local/lib/python3.12/site-packages/airflow/example_dags/example_complex.py took 0.104 seconds
[2025-03-10T20:37:54.257+0000] {processor.py:186} INFO - Started process (PID=1047) to work on /home/airflow/.local/lib/python3.12/site-packages/airflow/example_dags/example_complex.py
[2025-03-10T20:37:54.258+0000] {processor.py:914} INFO - Processing file /home/airflow/.local/lib/python3.12/site-packages/airflow/example_dags/example_complex.py for tasks to queue
[2025-03-10T20:37:54.261+0000] {logging_mixin.py:190} INFO - [2025-03-10T20:37:54.260+0000] {dagbag.py:588} INFO - Filling up the DagBag from /home/airflow/.local/lib/python3.12/site-packages/airflow/example_dags/example_complex.py
[2025-03-10T20:37:54.275+0000] {processor.py:925} INFO - DAG(s) 'example_complex' retrieved from /home/airflow/.local/lib/python3.12/site-packages/airflow/example_dags/example_complex.py
[2025-03-10T20:37:54.320+0000] {logging_mixin.py:190} INFO - [2025-03-10T20:37:54.319+0000] {dag.py:3239} INFO - Sync 1 DAGs
[2025-03-10T20:37:54.342+0000] {logging_mixin.py:190} INFO - [2025-03-10T20:37:54.341+0000] {dag.py:4180} INFO - Setting next_dagrun for example_complex to None, run_after=None
[2025-03-10T20:37:54.367+0000] {processor.py:208} INFO - Processing /home/airflow/.local/lib/python3.12/site-packages/airflow/example_dags/example_complex.py took 0.118 seconds
[2025-03-10T20:38:25.469+0000] {processor.py:186} INFO - Started process (PID=1110) to work on /home/airflow/.local/lib/python3.12/site-packages/airflow/example_dags/example_complex.py
[2025-03-10T20:38:25.470+0000] {processor.py:914} INFO - Processing file /home/airflow/.local/lib/python3.12/site-packages/airflow/example_dags/example_complex.py for tasks to queue
[2025-03-10T20:38:25.473+0000] {logging_mixin.py:190} INFO - [2025-03-10T20:38:25.472+0000] {dagbag.py:588} INFO - Filling up the DagBag from /home/airflow/.local/lib/python3.12/site-packages/airflow/example_dags/example_complex.py
[2025-03-10T20:38:25.487+0000] {processor.py:925} INFO - DAG(s) 'example_complex' retrieved from /home/airflow/.local/lib/python3.12/site-packages/airflow/example_dags/example_complex.py
[2025-03-10T20:38:25.528+0000] {logging_mixin.py:190} INFO - [2025-03-10T20:38:25.527+0000] {dag.py:3239} INFO - Sync 1 DAGs
[2025-03-10T20:38:25.545+0000] {logging_mixin.py:190} INFO - [2025-03-10T20:38:25.545+0000] {dag.py:4180} INFO - Setting next_dagrun for example_complex to None, run_after=None
[2025-03-10T20:38:25.565+0000] {processor.py:208} INFO - Processing /home/airflow/.local/lib/python3.12/site-packages/airflow/example_dags/example_complex.py took 0.103 seconds
[2025-03-10T20:38:56.134+0000] {processor.py:186} INFO - Started process (PID=1173) to work on /home/airflow/.local/lib/python3.12/site-packages/airflow/example_dags/example_complex.py
[2025-03-10T20:38:56.135+0000] {processor.py:914} INFO - Processing file /home/airflow/.local/lib/python3.12/site-packages/airflow/example_dags/example_complex.py for tasks to queue
[2025-03-10T20:38:56.138+0000] {logging_mixin.py:190} INFO - [2025-03-10T20:38:56.137+0000] {dagbag.py:588} INFO - Filling up the DagBag from /home/airflow/.local/lib/python3.12/site-packages/airflow/example_dags/example_complex.py
[2025-03-10T20:38:56.153+0000] {processor.py:925} INFO - DAG(s) 'example_complex' retrieved from /home/airflow/.local/lib/python3.12/site-packages/airflow/example_dags/example_complex.py
[2025-03-10T20:38:56.194+0000] {logging_mixin.py:190} INFO - [2025-03-10T20:38:56.194+0000] {dag.py:3239} INFO - Sync 1 DAGs
[2025-03-10T20:38:56.211+0000] {logging_mixin.py:190} INFO - [2025-03-10T20:38:56.211+0000] {dag.py:4180} INFO - Setting next_dagrun for example_complex to None, run_after=None
[2025-03-10T20:38:56.235+0000] {processor.py:208} INFO - Processing /home/airflow/.local/lib/python3.12/site-packages/airflow/example_dags/example_complex.py took 0.110 seconds
[2025-03-10T20:39:27.189+0000] {processor.py:186} INFO - Started process (PID=1236) to work on /home/airflow/.local/lib/python3.12/site-packages/airflow/example_dags/example_complex.py
[2025-03-10T20:39:27.190+0000] {processor.py:914} INFO - Processing file /home/airflow/.local/lib/python3.12/site-packages/airflow/example_dags/example_complex.py for tasks to queue
[2025-03-10T20:39:27.193+0000] {logging_mixin.py:190} INFO - [2025-03-10T20:39:27.193+0000] {dagbag.py:588} INFO - Filling up the DagBag from /home/airflow/.local/lib/python3.12/site-packages/airflow/example_dags/example_complex.py
[2025-03-10T20:39:27.209+0000] {processor.py:925} INFO - DAG(s) 'example_complex' retrieved from /home/airflow/.local/lib/python3.12/site-packages/airflow/example_dags/example_complex.py
[2025-03-10T20:39:27.251+0000] {logging_mixin.py:190} INFO - [2025-03-10T20:39:27.251+0000] {dag.py:3239} INFO - Sync 1 DAGs
[2025-03-10T20:39:27.269+0000] {logging_mixin.py:190} INFO - [2025-03-10T20:39:27.269+0000] {dag.py:4180} INFO - Setting next_dagrun for example_complex to None, run_after=None
[2025-03-10T20:39:27.291+0000] {processor.py:208} INFO - Processing /home/airflow/.local/lib/python3.12/site-packages/airflow/example_dags/example_complex.py took 0.110 seconds
[2025-03-10T20:39:57.863+0000] {processor.py:186} INFO - Started process (PID=1299) to work on /home/airflow/.local/lib/python3.12/site-packages/airflow/example_dags/example_complex.py
[2025-03-10T20:39:57.864+0000] {processor.py:914} INFO - Processing file /home/airflow/.local/lib/python3.12/site-packages/airflow/example_dags/example_complex.py for tasks to queue
[2025-03-10T20:39:57.867+0000] {logging_mixin.py:190} INFO - [2025-03-10T20:39:57.866+0000] {dagbag.py:588} INFO - Filling up the DagBag from /home/airflow/.local/lib/python3.12/site-packages/airflow/example_dags/example_complex.py
[2025-03-10T20:39:57.880+0000] {processor.py:925} INFO - DAG(s) 'example_complex' retrieved from /home/airflow/.local/lib/python3.12/site-packages/airflow/example_dags/example_complex.py
[2025-03-10T20:39:57.918+0000] {logging_mixin.py:190} INFO - [2025-03-10T20:39:57.917+0000] {dag.py:3239} INFO - Sync 1 DAGs
[2025-03-10T20:39:57.934+0000] {logging_mixin.py:190} INFO - [2025-03-10T20:39:57.934+0000] {dag.py:4180} INFO - Setting next_dagrun for example_complex to None, run_after=None
[2025-03-10T20:39:57.954+0000] {processor.py:208} INFO - Processing /home/airflow/.local/lib/python3.12/site-packages/airflow/example_dags/example_complex.py took 0.098 seconds
[2025-03-10T20:40:28.909+0000] {processor.py:186} INFO - Started process (PID=1362) to work on /home/airflow/.local/lib/python3.12/site-packages/airflow/example_dags/example_complex.py
[2025-03-10T20:40:28.910+0000] {processor.py:914} INFO - Processing file /home/airflow/.local/lib/python3.12/site-packages/airflow/example_dags/example_complex.py for tasks to queue
[2025-03-10T20:40:28.913+0000] {logging_mixin.py:190} INFO - [2025-03-10T20:40:28.913+0000] {dagbag.py:588} INFO - Filling up the DagBag from /home/airflow/.local/lib/python3.12/site-packages/airflow/example_dags/example_complex.py
[2025-03-10T20:40:28.929+0000] {processor.py:925} INFO - DAG(s) 'example_complex' retrieved from /home/airflow/.local/lib/python3.12/site-packages/airflow/example_dags/example_complex.py
[2025-03-10T20:40:28.971+0000] {logging_mixin.py:190} INFO - [2025-03-10T20:40:28.971+0000] {dag.py:3239} INFO - Sync 1 DAGs
[2025-03-10T20:40:28.989+0000] {logging_mixin.py:190} INFO - [2025-03-10T20:40:28.989+0000] {dag.py:4180} INFO - Setting next_dagrun for example_complex to None, run_after=None
[2025-03-10T20:40:29.013+0000] {processor.py:208} INFO - Processing /home/airflow/.local/lib/python3.12/site-packages/airflow/example_dags/example_complex.py took 0.113 seconds
[2025-03-10T20:41:00.272+0000] {processor.py:186} INFO - Started process (PID=1425) to work on /home/airflow/.local/lib/python3.12/site-packages/airflow/example_dags/example_complex.py
[2025-03-10T20:41:00.273+0000] {processor.py:914} INFO - Processing file /home/airflow/.local/lib/python3.12/site-packages/airflow/example_dags/example_complex.py for tasks to queue
[2025-03-10T20:41:00.276+0000] {logging_mixin.py:190} INFO - [2025-03-10T20:41:00.276+0000] {dagbag.py:588} INFO - Filling up the DagBag from /home/airflow/.local/lib/python3.12/site-packages/airflow/example_dags/example_complex.py
[2025-03-10T20:41:00.291+0000] {processor.py:925} INFO - DAG(s) 'example_complex' retrieved from /home/airflow/.local/lib/python3.12/site-packages/airflow/example_dags/example_complex.py
[2025-03-10T20:41:00.334+0000] {logging_mixin.py:190} INFO - [2025-03-10T20:41:00.334+0000] {dag.py:3239} INFO - Sync 1 DAGs
[2025-03-10T20:41:00.352+0000] {logging_mixin.py:190} INFO - [2025-03-10T20:41:00.352+0000] {dag.py:4180} INFO - Setting next_dagrun for example_complex to None, run_after=None
[2025-03-10T20:41:00.373+0000] {processor.py:208} INFO - Processing /home/airflow/.local/lib/python3.12/site-packages/airflow/example_dags/example_complex.py took 0.109 seconds
[2025-03-10T20:41:31.016+0000] {processor.py:186} INFO - Started process (PID=1488) to work on /home/airflow/.local/lib/python3.12/site-packages/airflow/example_dags/example_complex.py
[2025-03-10T20:41:31.017+0000] {processor.py:914} INFO - Processing file /home/airflow/.local/lib/python3.12/site-packages/airflow/example_dags/example_complex.py for tasks to queue
[2025-03-10T20:41:31.019+0000] {logging_mixin.py:190} INFO - [2025-03-10T20:41:31.019+0000] {dagbag.py:588} INFO - Filling up the DagBag from /home/airflow/.local/lib/python3.12/site-packages/airflow/example_dags/example_complex.py
[2025-03-10T20:41:31.034+0000] {processor.py:925} INFO - DAG(s) 'example_complex' retrieved from /home/airflow/.local/lib/python3.12/site-packages/airflow/example_dags/example_complex.py
[2025-03-10T20:41:31.073+0000] {logging_mixin.py:190} INFO - [2025-03-10T20:41:31.073+0000] {dag.py:3239} INFO - Sync 1 DAGs
[2025-03-10T20:41:31.092+0000] {logging_mixin.py:190} INFO - [2025-03-10T20:41:31.092+0000] {dag.py:4180} INFO - Setting next_dagrun for example_complex to None, run_after=None
[2025-03-10T20:41:31.112+0000] {processor.py:208} INFO - Processing /home/airflow/.local/lib/python3.12/site-packages/airflow/example_dags/example_complex.py took 0.103 seconds
[2025-03-10T20:42:01.700+0000] {processor.py:186} INFO - Started process (PID=1551) to work on /home/airflow/.local/lib/python3.12/site-packages/airflow/example_dags/example_complex.py
[2025-03-10T20:42:01.701+0000] {processor.py:914} INFO - Processing file /home/airflow/.local/lib/python3.12/site-packages/airflow/example_dags/example_complex.py for tasks to queue
[2025-03-10T20:42:01.703+0000] {logging_mixin.py:190} INFO - [2025-03-10T20:42:01.703+0000] {dagbag.py:588} INFO - Filling up the DagBag from /home/airflow/.local/lib/python3.12/site-packages/airflow/example_dags/example_complex.py
[2025-03-10T20:42:01.717+0000] {processor.py:925} INFO - DAG(s) 'example_complex' retrieved from /home/airflow/.local/lib/python3.12/site-packages/airflow/example_dags/example_complex.py
[2025-03-10T20:42:01.755+0000] {logging_mixin.py:190} INFO - [2025-03-10T20:42:01.755+0000] {dag.py:3239} INFO - Sync 1 DAGs
[2025-03-10T20:42:01.772+0000] {logging_mixin.py:190} INFO - [2025-03-10T20:42:01.771+0000] {dag.py:4180} INFO - Setting next_dagrun for example_complex to None, run_after=None
[2025-03-10T20:42:01.792+0000] {processor.py:208} INFO - Processing /home/airflow/.local/lib/python3.12/site-packages/airflow/example_dags/example_complex.py took 0.101 seconds
[2025-03-10T20:42:32.839+0000] {processor.py:186} INFO - Started process (PID=1614) to work on /home/airflow/.local/lib/python3.12/site-packages/airflow/example_dags/example_complex.py
[2025-03-10T20:42:32.840+0000] {processor.py:914} INFO - Processing file /home/airflow/.local/lib/python3.12/site-packages/airflow/example_dags/example_complex.py for tasks to queue
[2025-03-10T20:42:32.843+0000] {logging_mixin.py:190} INFO - [2025-03-10T20:42:32.843+0000] {dagbag.py:588} INFO - Filling up the DagBag from /home/airflow/.local/lib/python3.12/site-packages/airflow/example_dags/example_complex.py
[2025-03-10T20:42:32.858+0000] {processor.py:925} INFO - DAG(s) 'example_complex' retrieved from /home/airflow/.local/lib/python3.12/site-packages/airflow/example_dags/example_complex.py
[2025-03-10T20:42:32.901+0000] {logging_mixin.py:190} INFO - [2025-03-10T20:42:32.900+0000] {dag.py:3239} INFO - Sync 1 DAGs
[2025-03-10T20:42:32.918+0000] {logging_mixin.py:190} INFO - [2025-03-10T20:42:32.918+0000] {dag.py:4180} INFO - Setting next_dagrun for example_complex to None, run_after=None
[2025-03-10T20:42:32.939+0000] {processor.py:208} INFO - Processing /home/airflow/.local/lib/python3.12/site-packages/airflow/example_dags/example_complex.py took 0.108 seconds
[2025-03-10T20:43:03.956+0000] {processor.py:186} INFO - Started process (PID=1677) to work on /home/airflow/.local/lib/python3.12/site-packages/airflow/example_dags/example_complex.py
[2025-03-10T20:43:03.957+0000] {processor.py:914} INFO - Processing file /home/airflow/.local/lib/python3.12/site-packages/airflow/example_dags/example_complex.py for tasks to queue
[2025-03-10T20:43:03.960+0000] {logging_mixin.py:190} INFO - [2025-03-10T20:43:03.959+0000] {dagbag.py:588} INFO - Filling up the DagBag from /home/airflow/.local/lib/python3.12/site-packages/airflow/example_dags/example_complex.py
[2025-03-10T20:43:03.975+0000] {processor.py:925} INFO - DAG(s) 'example_complex' retrieved from /home/airflow/.local/lib/python3.12/site-packages/airflow/example_dags/example_complex.py
[2025-03-10T20:43:04.017+0000] {logging_mixin.py:190} INFO - [2025-03-10T20:43:04.016+0000] {dag.py:3239} INFO - Sync 1 DAGs
[2025-03-10T20:43:04.034+0000] {logging_mixin.py:190} INFO - [2025-03-10T20:43:04.034+0000] {dag.py:4180} INFO - Setting next_dagrun for example_complex to None, run_after=None
[2025-03-10T20:43:04.056+0000] {processor.py:208} INFO - Processing /home/airflow/.local/lib/python3.12/site-packages/airflow/example_dags/example_complex.py took 0.109 seconds
[2025-03-10T20:43:34.750+0000] {processor.py:186} INFO - Started process (PID=1740) to work on /home/airflow/.local/lib/python3.12/site-packages/airflow/example_dags/example_complex.py
[2025-03-10T20:43:34.751+0000] {processor.py:914} INFO - Processing file /home/airflow/.local/lib/python3.12/site-packages/airflow/example_dags/example_complex.py for tasks to queue
[2025-03-10T20:43:34.753+0000] {logging_mixin.py:190} INFO - [2025-03-10T20:43:34.753+0000] {dagbag.py:588} INFO - Filling up the DagBag from /home/airflow/.local/lib/python3.12/site-packages/airflow/example_dags/example_complex.py
[2025-03-10T20:43:34.766+0000] {processor.py:925} INFO - DAG(s) 'example_complex' retrieved from /home/airflow/.local/lib/python3.12/site-packages/airflow/example_dags/example_complex.py
[2025-03-10T20:43:34.806+0000] {logging_mixin.py:190} INFO - [2025-03-10T20:43:34.806+0000] {dag.py:3239} INFO - Sync 1 DAGs
[2025-03-10T20:43:34.824+0000] {logging_mixin.py:190} INFO - [2025-03-10T20:43:34.824+0000] {dag.py:4180} INFO - Setting next_dagrun for example_complex to None, run_after=None
[2025-03-10T20:43:34.845+0000] {processor.py:208} INFO - Processing /home/airflow/.local/lib/python3.12/site-packages/airflow/example_dags/example_complex.py took 0.101 seconds
[2025-03-10T20:44:05.461+0000] {processor.py:186} INFO - Started process (PID=1803) to work on /home/airflow/.local/lib/python3.12/site-packages/airflow/example_dags/example_complex.py
[2025-03-10T20:44:05.462+0000] {processor.py:914} INFO - Processing file /home/airflow/.local/lib/python3.12/site-packages/airflow/example_dags/example_complex.py for tasks to queue
[2025-03-10T20:44:05.464+0000] {logging_mixin.py:190} INFO - [2025-03-10T20:44:05.464+0000] {dagbag.py:588} INFO - Filling up the DagBag from /home/airflow/.local/lib/python3.12/site-packages/airflow/example_dags/example_complex.py
[2025-03-10T20:44:05.478+0000] {processor.py:925} INFO - DAG(s) 'example_complex' retrieved from /home/airflow/.local/lib/python3.12/site-packages/airflow/example_dags/example_complex.py
[2025-03-10T20:44:05.518+0000] {logging_mixin.py:190} INFO - [2025-03-10T20:44:05.518+0000] {dag.py:3239} INFO - Sync 1 DAGs
[2025-03-10T20:44:05.535+0000] {logging_mixin.py:190} INFO - [2025-03-10T20:44:05.535+0000] {dag.py:4180} INFO - Setting next_dagrun for example_complex to None, run_after=None
[2025-03-10T20:44:05.556+0000] {processor.py:208} INFO - Processing /home/airflow/.local/lib/python3.12/site-packages/airflow/example_dags/example_complex.py took 0.101 seconds
[2025-03-10T20:44:36.149+0000] {processor.py:186} INFO - Started process (PID=1866) to work on /home/airflow/.local/lib/python3.12/site-packages/airflow/example_dags/example_complex.py
[2025-03-10T20:44:36.150+0000] {processor.py:914} INFO - Processing file /home/airflow/.local/lib/python3.12/site-packages/airflow/example_dags/example_complex.py for tasks to queue
[2025-03-10T20:44:36.153+0000] {logging_mixin.py:190} INFO - [2025-03-10T20:44:36.153+0000] {dagbag.py:588} INFO - Filling up the DagBag from /home/airflow/.local/lib/python3.12/site-packages/airflow/example_dags/example_complex.py
[2025-03-10T20:44:36.170+0000] {processor.py:925} INFO - DAG(s) 'example_complex' retrieved from /home/airflow/.local/lib/python3.12/site-packages/airflow/example_dags/example_complex.py
[2025-03-10T20:44:36.212+0000] {logging_mixin.py:190} INFO - [2025-03-10T20:44:36.212+0000] {dag.py:3239} INFO - Sync 1 DAGs
[2025-03-10T20:44:36.230+0000] {logging_mixin.py:190} INFO - [2025-03-10T20:44:36.230+0000] {dag.py:4180} INFO - Setting next_dagrun for example_complex to None, run_after=None
[2025-03-10T20:44:36.254+0000] {processor.py:208} INFO - Processing /home/airflow/.local/lib/python3.12/site-packages/airflow/example_dags/example_complex.py took 0.113 seconds
[2025-03-10T20:45:06.992+0000] {processor.py:186} INFO - Started process (PID=1929) to work on /home/airflow/.local/lib/python3.12/site-packages/airflow/example_dags/example_complex.py
[2025-03-10T20:45:06.992+0000] {processor.py:914} INFO - Processing file /home/airflow/.local/lib/python3.12/site-packages/airflow/example_dags/example_complex.py for tasks to queue
[2025-03-10T20:45:06.995+0000] {logging_mixin.py:190} INFO - [2025-03-10T20:45:06.995+0000] {dagbag.py:588} INFO - Filling up the DagBag from /home/airflow/.local/lib/python3.12/site-packages/airflow/example_dags/example_complex.py
[2025-03-10T20:45:07.009+0000] {processor.py:925} INFO - DAG(s) 'example_complex' retrieved from /home/airflow/.local/lib/python3.12/site-packages/airflow/example_dags/example_complex.py
[2025-03-10T20:45:07.049+0000] {logging_mixin.py:190} INFO - [2025-03-10T20:45:07.049+0000] {dag.py:3239} INFO - Sync 1 DAGs
[2025-03-10T20:45:07.065+0000] {logging_mixin.py:190} INFO - [2025-03-10T20:45:07.065+0000] {dag.py:4180} INFO - Setting next_dagrun for example_complex to None, run_after=None
[2025-03-10T20:45:07.090+0000] {processor.py:208} INFO - Processing /home/airflow/.local/lib/python3.12/site-packages/airflow/example_dags/example_complex.py took 0.105 seconds
[2025-03-10T20:45:37.981+0000] {processor.py:186} INFO - Started process (PID=1992) to work on /home/airflow/.local/lib/python3.12/site-packages/airflow/example_dags/example_complex.py
[2025-03-10T20:45:37.982+0000] {processor.py:914} INFO - Processing file /home/airflow/.local/lib/python3.12/site-packages/airflow/example_dags/example_complex.py for tasks to queue
[2025-03-10T20:45:37.985+0000] {logging_mixin.py:190} INFO - [2025-03-10T20:45:37.985+0000] {dagbag.py:588} INFO - Filling up the DagBag from /home/airflow/.local/lib/python3.12/site-packages/airflow/example_dags/example_complex.py
[2025-03-10T20:45:38.001+0000] {processor.py:925} INFO - DAG(s) 'example_complex' retrieved from /home/airflow/.local/lib/python3.12/site-packages/airflow/example_dags/example_complex.py
[2025-03-10T20:45:38.044+0000] {logging_mixin.py:190} INFO - [2025-03-10T20:45:38.043+0000] {dag.py:3239} INFO - Sync 1 DAGs
[2025-03-10T20:45:38.062+0000] {logging_mixin.py:190} INFO - [2025-03-10T20:45:38.061+0000] {dag.py:4180} INFO - Setting next_dagrun for example_complex to None, run_after=None
[2025-03-10T20:45:38.082+0000] {processor.py:208} INFO - Processing /home/airflow/.local/lib/python3.12/site-packages/airflow/example_dags/example_complex.py took 0.109 seconds
[2025-03-10T20:46:08.839+0000] {processor.py:186} INFO - Started process (PID=2055) to work on /home/airflow/.local/lib/python3.12/site-packages/airflow/example_dags/example_complex.py
[2025-03-10T20:46:08.840+0000] {processor.py:914} INFO - Processing file /home/airflow/.local/lib/python3.12/site-packages/airflow/example_dags/example_complex.py for tasks to queue
[2025-03-10T20:46:08.843+0000] {logging_mixin.py:190} INFO - [2025-03-10T20:46:08.842+0000] {dagbag.py:588} INFO - Filling up the DagBag from /home/airflow/.local/lib/python3.12/site-packages/airflow/example_dags/example_complex.py
[2025-03-10T20:46:08.856+0000] {processor.py:925} INFO - DAG(s) 'example_complex' retrieved from /home/airflow/.local/lib/python3.12/site-packages/airflow/example_dags/example_complex.py
[2025-03-10T20:46:09.124+0000] {logging_mixin.py:190} INFO - [2025-03-10T20:46:09.124+0000] {dag.py:3239} INFO - Sync 1 DAGs
[2025-03-10T20:46:09.139+0000] {logging_mixin.py:190} INFO - [2025-03-10T20:46:09.138+0000] {dag.py:4180} INFO - Setting next_dagrun for example_complex to None, run_after=None
[2025-03-10T20:46:09.158+0000] {processor.py:208} INFO - Processing /home/airflow/.local/lib/python3.12/site-packages/airflow/example_dags/example_complex.py took 0.326 seconds
[2025-03-10T20:46:39.945+0000] {processor.py:186} INFO - Started process (PID=2118) to work on /home/airflow/.local/lib/python3.12/site-packages/airflow/example_dags/example_complex.py
[2025-03-10T20:46:39.946+0000] {processor.py:914} INFO - Processing file /home/airflow/.local/lib/python3.12/site-packages/airflow/example_dags/example_complex.py for tasks to queue
[2025-03-10T20:46:39.949+0000] {logging_mixin.py:190} INFO - [2025-03-10T20:46:39.949+0000] {dagbag.py:588} INFO - Filling up the DagBag from /home/airflow/.local/lib/python3.12/site-packages/airflow/example_dags/example_complex.py
[2025-03-10T20:46:39.965+0000] {processor.py:925} INFO - DAG(s) 'example_complex' retrieved from /home/airflow/.local/lib/python3.12/site-packages/airflow/example_dags/example_complex.py
[2025-03-10T20:46:40.007+0000] {logging_mixin.py:190} INFO - [2025-03-10T20:46:40.007+0000] {dag.py:3239} INFO - Sync 1 DAGs
[2025-03-10T20:46:40.260+0000] {logging_mixin.py:190} INFO - [2025-03-10T20:46:40.259+0000] {dag.py:4180} INFO - Setting next_dagrun for example_complex to None, run_after=None
[2025-03-10T20:46:40.283+0000] {processor.py:208} INFO - Processing /home/airflow/.local/lib/python3.12/site-packages/airflow/example_dags/example_complex.py took 0.347 seconds
[2025-03-10T20:47:11.135+0000] {processor.py:186} INFO - Started process (PID=2187) to work on /home/airflow/.local/lib/python3.12/site-packages/airflow/example_dags/example_complex.py
[2025-03-10T20:47:11.136+0000] {processor.py:914} INFO - Processing file /home/airflow/.local/lib/python3.12/site-packages/airflow/example_dags/example_complex.py for tasks to queue
[2025-03-10T20:47:11.139+0000] {logging_mixin.py:190} INFO - [2025-03-10T20:47:11.138+0000] {dagbag.py:588} INFO - Filling up the DagBag from /home/airflow/.local/lib/python3.12/site-packages/airflow/example_dags/example_complex.py
[2025-03-10T20:47:11.153+0000] {processor.py:925} INFO - DAG(s) 'example_complex' retrieved from /home/airflow/.local/lib/python3.12/site-packages/airflow/example_dags/example_complex.py
[2025-03-10T20:47:11.194+0000] {logging_mixin.py:190} INFO - [2025-03-10T20:47:11.194+0000] {dag.py:3239} INFO - Sync 1 DAGs
[2025-03-10T20:47:11.212+0000] {logging_mixin.py:190} INFO - [2025-03-10T20:47:11.211+0000] {dag.py:4180} INFO - Setting next_dagrun for example_complex to None, run_after=None
[2025-03-10T20:47:11.234+0000] {processor.py:208} INFO - Processing /home/airflow/.local/lib/python3.12/site-packages/airflow/example_dags/example_complex.py took 0.108 seconds
[2025-03-10T20:47:41.832+0000] {processor.py:186} INFO - Started process (PID=2250) to work on /home/airflow/.local/lib/python3.12/site-packages/airflow/example_dags/example_complex.py
[2025-03-10T20:47:41.833+0000] {processor.py:914} INFO - Processing file /home/airflow/.local/lib/python3.12/site-packages/airflow/example_dags/example_complex.py for tasks to queue
[2025-03-10T20:47:41.836+0000] {logging_mixin.py:190} INFO - [2025-03-10T20:47:41.836+0000] {dagbag.py:588} INFO - Filling up the DagBag from /home/airflow/.local/lib/python3.12/site-packages/airflow/example_dags/example_complex.py
[2025-03-10T20:47:41.849+0000] {processor.py:925} INFO - DAG(s) 'example_complex' retrieved from /home/airflow/.local/lib/python3.12/site-packages/airflow/example_dags/example_complex.py
[2025-03-10T20:47:41.890+0000] {logging_mixin.py:190} INFO - [2025-03-10T20:47:41.890+0000] {dag.py:3239} INFO - Sync 1 DAGs
[2025-03-10T20:47:41.908+0000] {logging_mixin.py:190} INFO - [2025-03-10T20:47:41.908+0000] {dag.py:4180} INFO - Setting next_dagrun for example_complex to None, run_after=None
[2025-03-10T20:47:41.932+0000] {processor.py:208} INFO - Processing /home/airflow/.local/lib/python3.12/site-packages/airflow/example_dags/example_complex.py took 0.106 seconds
[2025-03-10T20:48:12.292+0000] {processor.py:186} INFO - Started process (PID=2313) to work on /home/airflow/.local/lib/python3.12/site-packages/airflow/example_dags/example_complex.py
[2025-03-10T20:48:12.293+0000] {processor.py:914} INFO - Processing file /home/airflow/.local/lib/python3.12/site-packages/airflow/example_dags/example_complex.py for tasks to queue
[2025-03-10T20:48:12.296+0000] {logging_mixin.py:190} INFO - [2025-03-10T20:48:12.296+0000] {dagbag.py:588} INFO - Filling up the DagBag from /home/airflow/.local/lib/python3.12/site-packages/airflow/example_dags/example_complex.py
[2025-03-10T20:48:12.312+0000] {processor.py:925} INFO - DAG(s) 'example_complex' retrieved from /home/airflow/.local/lib/python3.12/site-packages/airflow/example_dags/example_complex.py
[2025-03-10T20:48:12.350+0000] {logging_mixin.py:190} INFO - [2025-03-10T20:48:12.350+0000] {dag.py:3239} INFO - Sync 1 DAGs
[2025-03-10T20:48:12.370+0000] {logging_mixin.py:190} INFO - [2025-03-10T20:48:12.370+0000] {dag.py:4180} INFO - Setting next_dagrun for example_complex to None, run_after=None
[2025-03-10T20:48:12.395+0000] {processor.py:208} INFO - Processing /home/airflow/.local/lib/python3.12/site-packages/airflow/example_dags/example_complex.py took 0.112 seconds
[2025-03-10T20:48:42.862+0000] {processor.py:186} INFO - Started process (PID=2376) to work on /home/airflow/.local/lib/python3.12/site-packages/airflow/example_dags/example_complex.py
[2025-03-10T20:48:42.863+0000] {processor.py:914} INFO - Processing file /home/airflow/.local/lib/python3.12/site-packages/airflow/example_dags/example_complex.py for tasks to queue
[2025-03-10T20:48:42.866+0000] {logging_mixin.py:190} INFO - [2025-03-10T20:48:42.866+0000] {dagbag.py:588} INFO - Filling up the DagBag from /home/airflow/.local/lib/python3.12/site-packages/airflow/example_dags/example_complex.py
[2025-03-10T20:48:42.880+0000] {processor.py:925} INFO - DAG(s) 'example_complex' retrieved from /home/airflow/.local/lib/python3.12/site-packages/airflow/example_dags/example_complex.py
[2025-03-10T20:48:42.920+0000] {logging_mixin.py:190} INFO - [2025-03-10T20:48:42.919+0000] {dag.py:3239} INFO - Sync 1 DAGs
[2025-03-10T20:48:42.937+0000] {logging_mixin.py:190} INFO - [2025-03-10T20:48:42.937+0000] {dag.py:4180} INFO - Setting next_dagrun for example_complex to None, run_after=None
[2025-03-10T20:48:42.959+0000] {processor.py:208} INFO - Processing /home/airflow/.local/lib/python3.12/site-packages/airflow/example_dags/example_complex.py took 0.104 seconds
[2025-03-10T20:49:13.432+0000] {processor.py:186} INFO - Started process (PID=2439) to work on /home/airflow/.local/lib/python3.12/site-packages/airflow/example_dags/example_complex.py
[2025-03-10T20:49:13.433+0000] {processor.py:914} INFO - Processing file /home/airflow/.local/lib/python3.12/site-packages/airflow/example_dags/example_complex.py for tasks to queue
[2025-03-10T20:49:13.436+0000] {logging_mixin.py:190} INFO - [2025-03-10T20:49:13.435+0000] {dagbag.py:588} INFO - Filling up the DagBag from /home/airflow/.local/lib/python3.12/site-packages/airflow/example_dags/example_complex.py
[2025-03-10T20:49:13.449+0000] {processor.py:925} INFO - DAG(s) 'example_complex' retrieved from /home/airflow/.local/lib/python3.12/site-packages/airflow/example_dags/example_complex.py
[2025-03-10T20:49:13.490+0000] {logging_mixin.py:190} INFO - [2025-03-10T20:49:13.490+0000] {dag.py:3239} INFO - Sync 1 DAGs
[2025-03-10T20:49:13.509+0000] {logging_mixin.py:190} INFO - [2025-03-10T20:49:13.508+0000] {dag.py:4180} INFO - Setting next_dagrun for example_complex to None, run_after=None
[2025-03-10T20:49:13.531+0000] {processor.py:208} INFO - Processing /home/airflow/.local/lib/python3.12/site-packages/airflow/example_dags/example_complex.py took 0.105 seconds
[2025-03-10T20:49:43.855+0000] {processor.py:186} INFO - Started process (PID=2502) to work on /home/airflow/.local/lib/python3.12/site-packages/airflow/example_dags/example_complex.py
[2025-03-10T20:49:43.856+0000] {processor.py:914} INFO - Processing file /home/airflow/.local/lib/python3.12/site-packages/airflow/example_dags/example_complex.py for tasks to queue
[2025-03-10T20:49:43.859+0000] {logging_mixin.py:190} INFO - [2025-03-10T20:49:43.859+0000] {dagbag.py:588} INFO - Filling up the DagBag from /home/airflow/.local/lib/python3.12/site-packages/airflow/example_dags/example_complex.py
[2025-03-10T20:49:43.872+0000] {processor.py:925} INFO - DAG(s) 'example_complex' retrieved from /home/airflow/.local/lib/python3.12/site-packages/airflow/example_dags/example_complex.py
[2025-03-10T20:49:43.912+0000] {logging_mixin.py:190} INFO - [2025-03-10T20:49:43.912+0000] {dag.py:3239} INFO - Sync 1 DAGs
[2025-03-10T20:49:43.929+0000] {logging_mixin.py:190} INFO - [2025-03-10T20:49:43.929+0000] {dag.py:4180} INFO - Setting next_dagrun for example_complex to None, run_after=None
[2025-03-10T20:49:43.949+0000] {processor.py:208} INFO - Processing /home/airflow/.local/lib/python3.12/site-packages/airflow/example_dags/example_complex.py took 0.100 seconds
[2025-03-10T20:50:14.439+0000] {processor.py:186} INFO - Started process (PID=2565) to work on /home/airflow/.local/lib/python3.12/site-packages/airflow/example_dags/example_complex.py
[2025-03-10T20:50:14.440+0000] {processor.py:914} INFO - Processing file /home/airflow/.local/lib/python3.12/site-packages/airflow/example_dags/example_complex.py for tasks to queue
[2025-03-10T20:50:14.443+0000] {logging_mixin.py:190} INFO - [2025-03-10T20:50:14.442+0000] {dagbag.py:588} INFO - Filling up the DagBag from /home/airflow/.local/lib/python3.12/site-packages/airflow/example_dags/example_complex.py
[2025-03-10T20:50:14.455+0000] {processor.py:925} INFO - DAG(s) 'example_complex' retrieved from /home/airflow/.local/lib/python3.12/site-packages/airflow/example_dags/example_complex.py
[2025-03-10T20:50:14.497+0000] {logging_mixin.py:190} INFO - [2025-03-10T20:50:14.497+0000] {dag.py:3239} INFO - Sync 1 DAGs
[2025-03-10T20:50:14.515+0000] {logging_mixin.py:190} INFO - [2025-03-10T20:50:14.514+0000] {dag.py:4180} INFO - Setting next_dagrun for example_complex to None, run_after=None
[2025-03-10T20:50:14.540+0000] {processor.py:208} INFO - Processing /home/airflow/.local/lib/python3.12/site-packages/airflow/example_dags/example_complex.py took 0.110 seconds
[2025-03-10T20:50:45.065+0000] {processor.py:186} INFO - Started process (PID=2628) to work on /home/airflow/.local/lib/python3.12/site-packages/airflow/example_dags/example_complex.py
[2025-03-10T20:50:45.066+0000] {processor.py:914} INFO - Processing file /home/airflow/.local/lib/python3.12/site-packages/airflow/example_dags/example_complex.py for tasks to queue
[2025-03-10T20:50:45.069+0000] {logging_mixin.py:190} INFO - [2025-03-10T20:50:45.068+0000] {dagbag.py:588} INFO - Filling up the DagBag from /home/airflow/.local/lib/python3.12/site-packages/airflow/example_dags/example_complex.py
[2025-03-10T20:50:45.083+0000] {processor.py:925} INFO - DAG(s) 'example_complex' retrieved from /home/airflow/.local/lib/python3.12/site-packages/airflow/example_dags/example_complex.py
[2025-03-10T20:50:45.123+0000] {logging_mixin.py:190} INFO - [2025-03-10T20:50:45.122+0000] {dag.py:3239} INFO - Sync 1 DAGs
[2025-03-10T20:50:45.141+0000] {logging_mixin.py:190} INFO - [2025-03-10T20:50:45.141+0000] {dag.py:4180} INFO - Setting next_dagrun for example_complex to None, run_after=None
[2025-03-10T20:50:45.161+0000] {processor.py:208} INFO - Processing /home/airflow/.local/lib/python3.12/site-packages/airflow/example_dags/example_complex.py took 0.104 seconds
[2025-03-10T23:08:56.715+0000] {processor.py:186} INFO - Started process (PID=98) to work on /home/airflow/.local/lib/python3.12/site-packages/airflow/example_dags/example_complex.py
[2025-03-10T23:08:56.718+0000] {processor.py:914} INFO - Processing file /home/airflow/.local/lib/python3.12/site-packages/airflow/example_dags/example_complex.py for tasks to queue
[2025-03-10T23:08:56.727+0000] {logging_mixin.py:190} INFO - [2025-03-10T23:08:56.726+0000] {dagbag.py:588} INFO - Filling up the DagBag from /home/airflow/.local/lib/python3.12/site-packages/airflow/example_dags/example_complex.py
[2025-03-10T23:08:56.783+0000] {processor.py:925} INFO - DAG(s) 'example_complex' retrieved from /home/airflow/.local/lib/python3.12/site-packages/airflow/example_dags/example_complex.py
[2025-03-10T23:08:56.917+0000] {logging_mixin.py:190} INFO - [2025-03-10T23:08:56.917+0000] {dag.py:3239} INFO - Sync 1 DAGs
[2025-03-10T23:08:56.956+0000] {logging_mixin.py:190} INFO - [2025-03-10T23:08:56.955+0000] {dag.py:4180} INFO - Setting next_dagrun for example_complex to None, run_after=None
[2025-03-10T23:08:56.996+0000] {processor.py:208} INFO - Processing /home/airflow/.local/lib/python3.12/site-packages/airflow/example_dags/example_complex.py took 0.305 seconds
[2025-03-10T23:10:32.684+0000] {processor.py:186} INFO - Started process (PID=155) to work on /home/airflow/.local/lib/python3.12/site-packages/airflow/example_dags/example_complex.py
[2025-03-10T23:10:32.685+0000] {processor.py:914} INFO - Processing file /home/airflow/.local/lib/python3.12/site-packages/airflow/example_dags/example_complex.py for tasks to queue
[2025-03-10T23:10:32.686+0000] {logging_mixin.py:190} INFO - [2025-03-10T23:10:32.686+0000] {dagbag.py:588} INFO - Filling up the DagBag from /home/airflow/.local/lib/python3.12/site-packages/airflow/example_dags/example_complex.py
[2025-03-10T23:10:32.700+0000] {processor.py:925} INFO - DAG(s) 'example_complex' retrieved from /home/airflow/.local/lib/python3.12/site-packages/airflow/example_dags/example_complex.py
[2025-03-10T23:10:32.759+0000] {logging_mixin.py:190} INFO - [2025-03-10T23:10:32.758+0000] {dag.py:3239} INFO - Sync 1 DAGs
[2025-03-10T23:10:32.789+0000] {logging_mixin.py:190} INFO - [2025-03-10T23:10:32.789+0000] {dag.py:4180} INFO - Setting next_dagrun for example_complex to None, run_after=None
[2025-03-10T23:10:32.822+0000] {processor.py:208} INFO - Processing /home/airflow/.local/lib/python3.12/site-packages/airflow/example_dags/example_complex.py took 0.145 seconds
[2025-03-10T23:13:19.040+0000] {processor.py:186} INFO - Started process (PID=213) to work on /home/airflow/.local/lib/python3.12/site-packages/airflow/example_dags/example_complex.py
[2025-03-10T23:13:19.043+0000] {processor.py:914} INFO - Processing file /home/airflow/.local/lib/python3.12/site-packages/airflow/example_dags/example_complex.py for tasks to queue
[2025-03-10T23:13:19.050+0000] {logging_mixin.py:190} INFO - [2025-03-10T23:13:19.048+0000] {dagbag.py:588} INFO - Filling up the DagBag from /home/airflow/.local/lib/python3.12/site-packages/airflow/example_dags/example_complex.py
[2025-03-10T23:13:19.105+0000] {processor.py:925} INFO - DAG(s) 'example_complex' retrieved from /home/airflow/.local/lib/python3.12/site-packages/airflow/example_dags/example_complex.py
[2025-03-10T23:13:19.339+0000] {logging_mixin.py:190} INFO - [2025-03-10T23:13:19.338+0000] {dag.py:3239} INFO - Sync 1 DAGs
[2025-03-10T23:13:19.446+0000] {logging_mixin.py:190} INFO - [2025-03-10T23:13:19.445+0000] {dag.py:4180} INFO - Setting next_dagrun for example_complex to None, run_after=None
[2025-03-10T23:13:19.541+0000] {processor.py:208} INFO - Processing /home/airflow/.local/lib/python3.12/site-packages/airflow/example_dags/example_complex.py took 0.526 seconds
[2025-03-10T23:14:51.685+0000] {processor.py:186} INFO - Started process (PID=286) to work on /home/airflow/.local/lib/python3.12/site-packages/airflow/example_dags/example_complex.py
[2025-03-10T23:14:51.696+0000] {processor.py:914} INFO - Processing file /home/airflow/.local/lib/python3.12/site-packages/airflow/example_dags/example_complex.py for tasks to queue
[2025-03-10T23:14:51.729+0000] {logging_mixin.py:190} INFO - [2025-03-10T23:14:51.713+0000] {dagbag.py:588} INFO - Filling up the DagBag from /home/airflow/.local/lib/python3.12/site-packages/airflow/example_dags/example_complex.py
[2025-03-10T23:14:52.006+0000] {processor.py:925} INFO - DAG(s) 'example_complex' retrieved from /home/airflow/.local/lib/python3.12/site-packages/airflow/example_dags/example_complex.py
[2025-03-10T23:14:52.794+0000] {logging_mixin.py:190} INFO - [2025-03-10T23:14:52.735+0000] {dag.py:3239} INFO - Sync 1 DAGs
[2025-03-10T23:14:53.052+0000] {logging_mixin.py:190} INFO - [2025-03-10T23:14:53.041+0000] {dag.py:4180} INFO - Setting next_dagrun for example_complex to None, run_after=None
[2025-03-10T23:14:53.275+0000] {processor.py:208} INFO - Processing /home/airflow/.local/lib/python3.12/site-packages/airflow/example_dags/example_complex.py took 1.649 seconds
[2025-03-10T23:15:24.085+0000] {processor.py:186} INFO - Started process (PID=348) to work on /home/airflow/.local/lib/python3.12/site-packages/airflow/example_dags/example_complex.py
[2025-03-10T23:15:24.088+0000] {processor.py:914} INFO - Processing file /home/airflow/.local/lib/python3.12/site-packages/airflow/example_dags/example_complex.py for tasks to queue
[2025-03-10T23:15:24.094+0000] {logging_mixin.py:190} INFO - [2025-03-10T23:15:24.092+0000] {dagbag.py:588} INFO - Filling up the DagBag from /home/airflow/.local/lib/python3.12/site-packages/airflow/example_dags/example_complex.py
[2025-03-10T23:15:24.144+0000] {processor.py:925} INFO - DAG(s) 'example_complex' retrieved from /home/airflow/.local/lib/python3.12/site-packages/airflow/example_dags/example_complex.py
[2025-03-10T23:15:24.294+0000] {logging_mixin.py:190} INFO - [2025-03-10T23:15:24.293+0000] {dag.py:3239} INFO - Sync 1 DAGs
[2025-03-10T23:15:24.383+0000] {logging_mixin.py:190} INFO - [2025-03-10T23:15:24.382+0000] {dag.py:4180} INFO - Setting next_dagrun for example_complex to None, run_after=None
[2025-03-10T23:15:24.468+0000] {processor.py:208} INFO - Processing /home/airflow/.local/lib/python3.12/site-packages/airflow/example_dags/example_complex.py took 0.415 seconds
[2025-03-10T23:15:55.245+0000] {processor.py:186} INFO - Started process (PID=411) to work on /home/airflow/.local/lib/python3.12/site-packages/airflow/example_dags/example_complex.py
[2025-03-10T23:15:55.246+0000] {processor.py:914} INFO - Processing file /home/airflow/.local/lib/python3.12/site-packages/airflow/example_dags/example_complex.py for tasks to queue
[2025-03-10T23:15:55.248+0000] {logging_mixin.py:190} INFO - [2025-03-10T23:15:55.247+0000] {dagbag.py:588} INFO - Filling up the DagBag from /home/airflow/.local/lib/python3.12/site-packages/airflow/example_dags/example_complex.py
[2025-03-10T23:15:55.264+0000] {processor.py:925} INFO - DAG(s) 'example_complex' retrieved from /home/airflow/.local/lib/python3.12/site-packages/airflow/example_dags/example_complex.py
[2025-03-10T23:15:55.307+0000] {logging_mixin.py:190} INFO - [2025-03-10T23:15:55.306+0000] {dag.py:3239} INFO - Sync 1 DAGs
[2025-03-10T23:15:55.325+0000] {logging_mixin.py:190} INFO - [2025-03-10T23:15:55.325+0000] {dag.py:4180} INFO - Setting next_dagrun for example_complex to None, run_after=None
[2025-03-10T23:15:55.346+0000] {processor.py:208} INFO - Processing /home/airflow/.local/lib/python3.12/site-packages/airflow/example_dags/example_complex.py took 0.109 seconds
[2025-03-10T23:16:26.078+0000] {processor.py:186} INFO - Started process (PID=474) to work on /home/airflow/.local/lib/python3.12/site-packages/airflow/example_dags/example_complex.py
[2025-03-10T23:16:26.081+0000] {processor.py:914} INFO - Processing file /home/airflow/.local/lib/python3.12/site-packages/airflow/example_dags/example_complex.py for tasks to queue
[2025-03-10T23:16:26.087+0000] {logging_mixin.py:190} INFO - [2025-03-10T23:16:26.085+0000] {dagbag.py:588} INFO - Filling up the DagBag from /home/airflow/.local/lib/python3.12/site-packages/airflow/example_dags/example_complex.py
[2025-03-10T23:16:26.129+0000] {processor.py:925} INFO - DAG(s) 'example_complex' retrieved from /home/airflow/.local/lib/python3.12/site-packages/airflow/example_dags/example_complex.py
[2025-03-10T23:16:26.244+0000] {logging_mixin.py:190} INFO - [2025-03-10T23:16:26.243+0000] {dag.py:3239} INFO - Sync 1 DAGs
[2025-03-10T23:16:26.278+0000] {logging_mixin.py:190} INFO - [2025-03-10T23:16:26.277+0000] {dag.py:4180} INFO - Setting next_dagrun for example_complex to None, run_after=None
[2025-03-10T23:16:26.312+0000] {processor.py:208} INFO - Processing /home/airflow/.local/lib/python3.12/site-packages/airflow/example_dags/example_complex.py took 0.269 seconds
[2025-03-10T23:16:56.511+0000] {processor.py:186} INFO - Started process (PID=537) to work on /home/airflow/.local/lib/python3.12/site-packages/airflow/example_dags/example_complex.py
[2025-03-10T23:16:56.513+0000] {processor.py:914} INFO - Processing file /home/airflow/.local/lib/python3.12/site-packages/airflow/example_dags/example_complex.py for tasks to queue
[2025-03-10T23:16:56.518+0000] {logging_mixin.py:190} INFO - [2025-03-10T23:16:56.517+0000] {dagbag.py:588} INFO - Filling up the DagBag from /home/airflow/.local/lib/python3.12/site-packages/airflow/example_dags/example_complex.py
[2025-03-10T23:16:56.573+0000] {processor.py:925} INFO - DAG(s) 'example_complex' retrieved from /home/airflow/.local/lib/python3.12/site-packages/airflow/example_dags/example_complex.py
[2025-03-10T23:16:56.788+0000] {logging_mixin.py:190} INFO - [2025-03-10T23:16:56.787+0000] {dag.py:3239} INFO - Sync 1 DAGs
[2025-03-10T23:16:56.828+0000] {logging_mixin.py:190} INFO - [2025-03-10T23:16:56.828+0000] {dag.py:4180} INFO - Setting next_dagrun for example_complex to None, run_after=None
[2025-03-10T23:16:56.877+0000] {processor.py:208} INFO - Processing /home/airflow/.local/lib/python3.12/site-packages/airflow/example_dags/example_complex.py took 0.394 seconds
[2025-03-10T23:17:27.044+0000] {processor.py:186} INFO - Started process (PID=600) to work on /home/airflow/.local/lib/python3.12/site-packages/airflow/example_dags/example_complex.py
[2025-03-10T23:17:27.045+0000] {processor.py:914} INFO - Processing file /home/airflow/.local/lib/python3.12/site-packages/airflow/example_dags/example_complex.py for tasks to queue
[2025-03-10T23:17:27.046+0000] {logging_mixin.py:190} INFO - [2025-03-10T23:17:27.046+0000] {dagbag.py:588} INFO - Filling up the DagBag from /home/airflow/.local/lib/python3.12/site-packages/airflow/example_dags/example_complex.py
[2025-03-10T23:17:27.063+0000] {processor.py:925} INFO - DAG(s) 'example_complex' retrieved from /home/airflow/.local/lib/python3.12/site-packages/airflow/example_dags/example_complex.py
[2025-03-10T23:17:27.103+0000] {logging_mixin.py:190} INFO - [2025-03-10T23:17:27.103+0000] {dag.py:3239} INFO - Sync 1 DAGs
[2025-03-10T23:17:27.122+0000] {logging_mixin.py:190} INFO - [2025-03-10T23:17:27.122+0000] {dag.py:4180} INFO - Setting next_dagrun for example_complex to None, run_after=None
[2025-03-10T23:17:27.144+0000] {processor.py:208} INFO - Processing /home/airflow/.local/lib/python3.12/site-packages/airflow/example_dags/example_complex.py took 0.109 seconds
[2025-03-10T23:17:57.743+0000] {processor.py:186} INFO - Started process (PID=663) to work on /home/airflow/.local/lib/python3.12/site-packages/airflow/example_dags/example_complex.py
[2025-03-10T23:17:57.744+0000] {processor.py:914} INFO - Processing file /home/airflow/.local/lib/python3.12/site-packages/airflow/example_dags/example_complex.py for tasks to queue
[2025-03-10T23:17:57.745+0000] {logging_mixin.py:190} INFO - [2025-03-10T23:17:57.745+0000] {dagbag.py:588} INFO - Filling up the DagBag from /home/airflow/.local/lib/python3.12/site-packages/airflow/example_dags/example_complex.py
[2025-03-10T23:17:57.759+0000] {processor.py:925} INFO - DAG(s) 'example_complex' retrieved from /home/airflow/.local/lib/python3.12/site-packages/airflow/example_dags/example_complex.py
[2025-03-10T23:17:57.797+0000] {logging_mixin.py:190} INFO - [2025-03-10T23:17:57.797+0000] {dag.py:3239} INFO - Sync 1 DAGs
[2025-03-10T23:17:57.817+0000] {logging_mixin.py:190} INFO - [2025-03-10T23:17:57.817+0000] {dag.py:4180} INFO - Setting next_dagrun for example_complex to None, run_after=None
[2025-03-10T23:17:57.838+0000] {processor.py:208} INFO - Processing /home/airflow/.local/lib/python3.12/site-packages/airflow/example_dags/example_complex.py took 0.103 seconds
[2025-03-10T23:18:28.482+0000] {processor.py:186} INFO - Started process (PID=726) to work on /home/airflow/.local/lib/python3.12/site-packages/airflow/example_dags/example_complex.py
[2025-03-10T23:18:28.484+0000] {processor.py:914} INFO - Processing file /home/airflow/.local/lib/python3.12/site-packages/airflow/example_dags/example_complex.py for tasks to queue
[2025-03-10T23:18:28.485+0000] {logging_mixin.py:190} INFO - [2025-03-10T23:18:28.485+0000] {dagbag.py:588} INFO - Filling up the DagBag from /home/airflow/.local/lib/python3.12/site-packages/airflow/example_dags/example_complex.py
[2025-03-10T23:18:28.498+0000] {processor.py:925} INFO - DAG(s) 'example_complex' retrieved from /home/airflow/.local/lib/python3.12/site-packages/airflow/example_dags/example_complex.py
[2025-03-10T23:18:28.537+0000] {logging_mixin.py:190} INFO - [2025-03-10T23:18:28.537+0000] {dag.py:3239} INFO - Sync 1 DAGs
[2025-03-10T23:18:28.557+0000] {logging_mixin.py:190} INFO - [2025-03-10T23:18:28.556+0000] {dag.py:4180} INFO - Setting next_dagrun for example_complex to None, run_after=None
[2025-03-10T23:18:28.581+0000] {processor.py:208} INFO - Processing /home/airflow/.local/lib/python3.12/site-packages/airflow/example_dags/example_complex.py took 0.106 seconds
[2025-03-10T23:18:58.811+0000] {processor.py:186} INFO - Started process (PID=789) to work on /home/airflow/.local/lib/python3.12/site-packages/airflow/example_dags/example_complex.py
[2025-03-10T23:18:58.812+0000] {processor.py:914} INFO - Processing file /home/airflow/.local/lib/python3.12/site-packages/airflow/example_dags/example_complex.py for tasks to queue
[2025-03-10T23:18:58.813+0000] {logging_mixin.py:190} INFO - [2025-03-10T23:18:58.812+0000] {dagbag.py:588} INFO - Filling up the DagBag from /home/airflow/.local/lib/python3.12/site-packages/airflow/example_dags/example_complex.py
[2025-03-10T23:18:58.828+0000] {processor.py:925} INFO - DAG(s) 'example_complex' retrieved from /home/airflow/.local/lib/python3.12/site-packages/airflow/example_dags/example_complex.py
[2025-03-10T23:18:58.866+0000] {logging_mixin.py:190} INFO - [2025-03-10T23:18:58.866+0000] {dag.py:3239} INFO - Sync 1 DAGs
[2025-03-10T23:18:58.885+0000] {logging_mixin.py:190} INFO - [2025-03-10T23:18:58.885+0000] {dag.py:4180} INFO - Setting next_dagrun for example_complex to None, run_after=None
[2025-03-10T23:18:58.906+0000] {processor.py:208} INFO - Processing /home/airflow/.local/lib/python3.12/site-packages/airflow/example_dags/example_complex.py took 0.102 seconds
[2025-03-10T23:27:09.852+0000] {processor.py:186} INFO - Started process (PID=85) to work on /home/airflow/.local/lib/python3.12/site-packages/airflow/example_dags/example_complex.py
[2025-03-10T23:27:09.853+0000] {processor.py:914} INFO - Processing file /home/airflow/.local/lib/python3.12/site-packages/airflow/example_dags/example_complex.py for tasks to queue
[2025-03-10T23:27:09.856+0000] {logging_mixin.py:190} INFO - [2025-03-10T23:27:09.856+0000] {dagbag.py:588} INFO - Filling up the DagBag from /home/airflow/.local/lib/python3.12/site-packages/airflow/example_dags/example_complex.py
[2025-03-10T23:27:09.871+0000] {processor.py:925} INFO - DAG(s) 'example_complex' retrieved from /home/airflow/.local/lib/python3.12/site-packages/airflow/example_dags/example_complex.py
[2025-03-10T23:27:09.915+0000] {logging_mixin.py:190} INFO - [2025-03-10T23:27:09.915+0000] {dag.py:3239} INFO - Sync 1 DAGs
[2025-03-10T23:27:09.934+0000] {logging_mixin.py:190} INFO - [2025-03-10T23:27:09.934+0000] {dag.py:4180} INFO - Setting next_dagrun for example_complex to None, run_after=None
[2025-03-10T23:27:09.957+0000] {processor.py:208} INFO - Processing /home/airflow/.local/lib/python3.12/site-packages/airflow/example_dags/example_complex.py took 0.114 seconds
[2025-03-10T23:27:41.062+0000] {processor.py:186} INFO - Started process (PID=148) to work on /home/airflow/.local/lib/python3.12/site-packages/airflow/example_dags/example_complex.py
[2025-03-10T23:27:41.063+0000] {processor.py:914} INFO - Processing file /home/airflow/.local/lib/python3.12/site-packages/airflow/example_dags/example_complex.py for tasks to queue
[2025-03-10T23:27:41.065+0000] {logging_mixin.py:190} INFO - [2025-03-10T23:27:41.065+0000] {dagbag.py:588} INFO - Filling up the DagBag from /home/airflow/.local/lib/python3.12/site-packages/airflow/example_dags/example_complex.py
[2025-03-10T23:27:41.078+0000] {processor.py:925} INFO - DAG(s) 'example_complex' retrieved from /home/airflow/.local/lib/python3.12/site-packages/airflow/example_dags/example_complex.py
[2025-03-10T23:27:41.116+0000] {logging_mixin.py:190} INFO - [2025-03-10T23:27:41.116+0000] {dag.py:3239} INFO - Sync 1 DAGs
[2025-03-10T23:27:41.133+0000] {logging_mixin.py:190} INFO - [2025-03-10T23:27:41.133+0000] {dag.py:4180} INFO - Setting next_dagrun for example_complex to None, run_after=None
[2025-03-10T23:27:41.155+0000] {processor.py:208} INFO - Processing /home/airflow/.local/lib/python3.12/site-packages/airflow/example_dags/example_complex.py took 0.100 seconds
[2025-03-10T23:28:11.725+0000] {processor.py:186} INFO - Started process (PID=211) to work on /home/airflow/.local/lib/python3.12/site-packages/airflow/example_dags/example_complex.py
[2025-03-10T23:28:11.726+0000] {processor.py:914} INFO - Processing file /home/airflow/.local/lib/python3.12/site-packages/airflow/example_dags/example_complex.py for tasks to queue
[2025-03-10T23:28:11.728+0000] {logging_mixin.py:190} INFO - [2025-03-10T23:28:11.728+0000] {dagbag.py:588} INFO - Filling up the DagBag from /home/airflow/.local/lib/python3.12/site-packages/airflow/example_dags/example_complex.py
[2025-03-10T23:28:11.741+0000] {processor.py:925} INFO - DAG(s) 'example_complex' retrieved from /home/airflow/.local/lib/python3.12/site-packages/airflow/example_dags/example_complex.py
[2025-03-10T23:28:11.779+0000] {logging_mixin.py:190} INFO - [2025-03-10T23:28:11.779+0000] {dag.py:3239} INFO - Sync 1 DAGs
[2025-03-10T23:28:11.796+0000] {logging_mixin.py:190} INFO - [2025-03-10T23:28:11.796+0000] {dag.py:4180} INFO - Setting next_dagrun for example_complex to None, run_after=None
[2025-03-10T23:28:11.819+0000] {processor.py:208} INFO - Processing /home/airflow/.local/lib/python3.12/site-packages/airflow/example_dags/example_complex.py took 0.100 seconds
[2025-03-10T23:28:42.646+0000] {processor.py:186} INFO - Started process (PID=274) to work on /home/airflow/.local/lib/python3.12/site-packages/airflow/example_dags/example_complex.py
[2025-03-10T23:28:42.647+0000] {processor.py:914} INFO - Processing file /home/airflow/.local/lib/python3.12/site-packages/airflow/example_dags/example_complex.py for tasks to queue
[2025-03-10T23:28:42.649+0000] {logging_mixin.py:190} INFO - [2025-03-10T23:28:42.649+0000] {dagbag.py:588} INFO - Filling up the DagBag from /home/airflow/.local/lib/python3.12/site-packages/airflow/example_dags/example_complex.py
[2025-03-10T23:28:42.663+0000] {processor.py:925} INFO - DAG(s) 'example_complex' retrieved from /home/airflow/.local/lib/python3.12/site-packages/airflow/example_dags/example_complex.py
[2025-03-10T23:28:42.705+0000] {logging_mixin.py:190} INFO - [2025-03-10T23:28:42.704+0000] {dag.py:3239} INFO - Sync 1 DAGs
[2025-03-10T23:28:42.722+0000] {logging_mixin.py:190} INFO - [2025-03-10T23:28:42.722+0000] {dag.py:4180} INFO - Setting next_dagrun for example_complex to None, run_after=None
[2025-03-10T23:28:42.746+0000] {processor.py:208} INFO - Processing /home/airflow/.local/lib/python3.12/site-packages/airflow/example_dags/example_complex.py took 0.108 seconds
[2025-03-10T23:29:13.661+0000] {processor.py:186} INFO - Started process (PID=337) to work on /home/airflow/.local/lib/python3.12/site-packages/airflow/example_dags/example_complex.py
[2025-03-10T23:29:13.661+0000] {processor.py:914} INFO - Processing file /home/airflow/.local/lib/python3.12/site-packages/airflow/example_dags/example_complex.py for tasks to queue
[2025-03-10T23:29:13.664+0000] {logging_mixin.py:190} INFO - [2025-03-10T23:29:13.664+0000] {dagbag.py:588} INFO - Filling up the DagBag from /home/airflow/.local/lib/python3.12/site-packages/airflow/example_dags/example_complex.py
[2025-03-10T23:29:13.678+0000] {processor.py:925} INFO - DAG(s) 'example_complex' retrieved from /home/airflow/.local/lib/python3.12/site-packages/airflow/example_dags/example_complex.py
[2025-03-10T23:29:13.718+0000] {logging_mixin.py:190} INFO - [2025-03-10T23:29:13.717+0000] {dag.py:3239} INFO - Sync 1 DAGs
[2025-03-10T23:29:13.736+0000] {logging_mixin.py:190} INFO - [2025-03-10T23:29:13.735+0000] {dag.py:4180} INFO - Setting next_dagrun for example_complex to None, run_after=None
[2025-03-10T23:29:13.757+0000] {processor.py:208} INFO - Processing /home/airflow/.local/lib/python3.12/site-packages/airflow/example_dags/example_complex.py took 0.103 seconds
[2025-03-10T23:35:17.415+0000] {processor.py:186} INFO - Started process (PID=105) to work on /home/airflow/.local/lib/python3.12/site-packages/airflow/example_dags/example_complex.py
[2025-03-10T23:35:17.419+0000] {processor.py:914} INFO - Processing file /home/airflow/.local/lib/python3.12/site-packages/airflow/example_dags/example_complex.py for tasks to queue
[2025-03-10T23:35:17.437+0000] {logging_mixin.py:190} INFO - [2025-03-10T23:35:17.435+0000] {dagbag.py:588} INFO - Filling up the DagBag from /home/airflow/.local/lib/python3.12/site-packages/airflow/example_dags/example_complex.py
[2025-03-10T23:35:17.547+0000] {processor.py:925} INFO - DAG(s) 'example_complex' retrieved from /home/airflow/.local/lib/python3.12/site-packages/airflow/example_dags/example_complex.py
[2025-03-10T23:35:17.793+0000] {logging_mixin.py:190} INFO - [2025-03-10T23:35:17.792+0000] {dag.py:3239} INFO - Sync 1 DAGs
[2025-03-10T23:35:17.888+0000] {logging_mixin.py:190} INFO - [2025-03-10T23:35:17.886+0000] {dag.py:4180} INFO - Setting next_dagrun for example_complex to None, run_after=None
[2025-03-10T23:35:18.048+0000] {processor.py:208} INFO - Processing /home/airflow/.local/lib/python3.12/site-packages/airflow/example_dags/example_complex.py took 0.672 seconds
[2025-03-10T23:35:48.154+0000] {processor.py:186} INFO - Started process (PID=167) to work on /home/airflow/.local/lib/python3.12/site-packages/airflow/example_dags/example_complex.py
[2025-03-10T23:35:48.155+0000] {processor.py:914} INFO - Processing file /home/airflow/.local/lib/python3.12/site-packages/airflow/example_dags/example_complex.py for tasks to queue
[2025-03-10T23:35:48.158+0000] {logging_mixin.py:190} INFO - [2025-03-10T23:35:48.158+0000] {dagbag.py:588} INFO - Filling up the DagBag from /home/airflow/.local/lib/python3.12/site-packages/airflow/example_dags/example_complex.py
[2025-03-10T23:35:48.174+0000] {processor.py:925} INFO - DAG(s) 'example_complex' retrieved from /home/airflow/.local/lib/python3.12/site-packages/airflow/example_dags/example_complex.py
[2025-03-10T23:35:48.221+0000] {logging_mixin.py:190} INFO - [2025-03-10T23:35:48.221+0000] {dag.py:3239} INFO - Sync 1 DAGs
[2025-03-10T23:35:48.239+0000] {logging_mixin.py:190} INFO - [2025-03-10T23:35:48.239+0000] {dag.py:4180} INFO - Setting next_dagrun for example_complex to None, run_after=None
[2025-03-10T23:35:48.260+0000] {processor.py:208} INFO - Processing /home/airflow/.local/lib/python3.12/site-packages/airflow/example_dags/example_complex.py took 0.115 seconds
[2025-03-10T23:36:18.397+0000] {processor.py:186} INFO - Started process (PID=230) to work on /home/airflow/.local/lib/python3.12/site-packages/airflow/example_dags/example_complex.py
[2025-03-10T23:36:18.397+0000] {processor.py:914} INFO - Processing file /home/airflow/.local/lib/python3.12/site-packages/airflow/example_dags/example_complex.py for tasks to queue
[2025-03-10T23:36:18.400+0000] {logging_mixin.py:190} INFO - [2025-03-10T23:36:18.400+0000] {dagbag.py:588} INFO - Filling up the DagBag from /home/airflow/.local/lib/python3.12/site-packages/airflow/example_dags/example_complex.py
[2025-03-10T23:36:18.413+0000] {processor.py:925} INFO - DAG(s) 'example_complex' retrieved from /home/airflow/.local/lib/python3.12/site-packages/airflow/example_dags/example_complex.py
[2025-03-10T23:36:18.452+0000] {logging_mixin.py:190} INFO - [2025-03-10T23:36:18.452+0000] {dag.py:3239} INFO - Sync 1 DAGs
[2025-03-10T23:36:18.474+0000] {logging_mixin.py:190} INFO - [2025-03-10T23:36:18.474+0000] {dag.py:4180} INFO - Setting next_dagrun for example_complex to None, run_after=None
[2025-03-10T23:36:18.499+0000] {processor.py:208} INFO - Processing /home/airflow/.local/lib/python3.12/site-packages/airflow/example_dags/example_complex.py took 0.109 seconds
[2025-03-10T23:36:48.631+0000] {processor.py:186} INFO - Started process (PID=292) to work on /home/airflow/.local/lib/python3.12/site-packages/airflow/example_dags/example_complex.py
[2025-03-10T23:36:48.632+0000] {processor.py:914} INFO - Processing file /home/airflow/.local/lib/python3.12/site-packages/airflow/example_dags/example_complex.py for tasks to queue
[2025-03-10T23:36:48.635+0000] {logging_mixin.py:190} INFO - [2025-03-10T23:36:48.634+0000] {dagbag.py:588} INFO - Filling up the DagBag from /home/airflow/.local/lib/python3.12/site-packages/airflow/example_dags/example_complex.py
[2025-03-10T23:36:48.648+0000] {processor.py:925} INFO - DAG(s) 'example_complex' retrieved from /home/airflow/.local/lib/python3.12/site-packages/airflow/example_dags/example_complex.py
[2025-03-10T23:36:48.686+0000] {logging_mixin.py:190} INFO - [2025-03-10T23:36:48.686+0000] {dag.py:3239} INFO - Sync 1 DAGs
[2025-03-10T23:36:48.704+0000] {logging_mixin.py:190} INFO - [2025-03-10T23:36:48.703+0000] {dag.py:4180} INFO - Setting next_dagrun for example_complex to None, run_after=None
[2025-03-10T23:36:48.726+0000] {processor.py:208} INFO - Processing /home/airflow/.local/lib/python3.12/site-packages/airflow/example_dags/example_complex.py took 0.102 seconds
[2025-03-10T23:37:18.881+0000] {processor.py:186} INFO - Started process (PID=354) to work on /home/airflow/.local/lib/python3.12/site-packages/airflow/example_dags/example_complex.py
[2025-03-10T23:37:18.882+0000] {processor.py:914} INFO - Processing file /home/airflow/.local/lib/python3.12/site-packages/airflow/example_dags/example_complex.py for tasks to queue
[2025-03-10T23:37:18.885+0000] {logging_mixin.py:190} INFO - [2025-03-10T23:37:18.885+0000] {dagbag.py:588} INFO - Filling up the DagBag from /home/airflow/.local/lib/python3.12/site-packages/airflow/example_dags/example_complex.py
[2025-03-10T23:37:18.900+0000] {processor.py:925} INFO - DAG(s) 'example_complex' retrieved from /home/airflow/.local/lib/python3.12/site-packages/airflow/example_dags/example_complex.py
[2025-03-10T23:37:18.942+0000] {logging_mixin.py:190} INFO - [2025-03-10T23:37:18.942+0000] {dag.py:3239} INFO - Sync 1 DAGs
[2025-03-10T23:37:18.960+0000] {logging_mixin.py:190} INFO - [2025-03-10T23:37:18.960+0000] {dag.py:4180} INFO - Setting next_dagrun for example_complex to None, run_after=None
[2025-03-10T23:37:18.982+0000] {processor.py:208} INFO - Processing /home/airflow/.local/lib/python3.12/site-packages/airflow/example_dags/example_complex.py took 0.109 seconds
