[2025-03-10T20:30:12.633+0000] {processor.py:186} INFO - Started process (PID=111) to work on /home/airflow/.local/lib/python3.12/site-packages/airflow/example_dags/example_latest_only.py
[2025-03-10T20:30:12.636+0000] {processor.py:914} INFO - Processing file /home/airflow/.local/lib/python3.12/site-packages/airflow/example_dags/example_latest_only.py for tasks to queue
[2025-03-10T20:30:12.646+0000] {logging_mixin.py:190} INFO - [2025-03-10T20:30:12.644+0000] {dagbag.py:588} INFO - Filling up the DagBag from /home/airflow/.local/lib/python3.12/site-packages/airflow/example_dags/example_latest_only.py
[2025-03-10T20:30:12.670+0000] {processor.py:925} INFO - DAG(s) 'latest_only' retrieved from /home/airflow/.local/lib/python3.12/site-packages/airflow/example_dags/example_latest_only.py
[2025-03-10T20:30:13.017+0000] {logging_mixin.py:190} INFO - [2025-03-10T20:30:13.011+0000] {override.py:1912} INFO - Created Permission View: can read on DAG:latest_only
[2025-03-10T20:30:13.101+0000] {logging_mixin.py:190} INFO - [2025-03-10T20:30:13.099+0000] {override.py:1912} INFO - Created Permission View: can edit on DAG:latest_only
[2025-03-10T20:30:13.135+0000] {logging_mixin.py:190} INFO - [2025-03-10T20:30:13.133+0000] {override.py:1912} INFO - Created Permission View: can delete on DAG:latest_only
[2025-03-10T20:30:13.168+0000] {logging_mixin.py:190} INFO - [2025-03-10T20:30:13.166+0000] {override.py:1912} INFO - Created Permission View: menu access on DAG Run:latest_only
[2025-03-10T20:30:13.199+0000] {logging_mixin.py:190} INFO - [2025-03-10T20:30:13.198+0000] {override.py:1912} INFO - Created Permission View: can read on DAG Run:latest_only
[2025-03-10T20:30:13.225+0000] {logging_mixin.py:190} INFO - [2025-03-10T20:30:13.223+0000] {override.py:1912} INFO - Created Permission View: can create on DAG Run:latest_only
[2025-03-10T20:30:13.253+0000] {logging_mixin.py:190} INFO - [2025-03-10T20:30:13.251+0000] {override.py:1912} INFO - Created Permission View: can delete on DAG Run:latest_only
[2025-03-10T20:30:13.256+0000] {logging_mixin.py:190} INFO - [2025-03-10T20:30:13.254+0000] {dag.py:3239} INFO - Sync 1 DAGs
[2025-03-10T20:30:13.369+0000] {logging_mixin.py:190} INFO - [2025-03-10T20:30:13.367+0000] {dag.py:3262} INFO - Creating ORM DAG for latest_only
[2025-03-10T20:30:13.459+0000] {logging_mixin.py:190} INFO - [2025-03-10T20:30:13.457+0000] {dag.py:4180} INFO - Setting next_dagrun for latest_only to 2025-03-10 16:00:00+00:00, run_after=2025-03-10 20:00:00+00:00
[2025-03-10T20:30:13.592+0000] {processor.py:208} INFO - Processing /home/airflow/.local/lib/python3.12/site-packages/airflow/example_dags/example_latest_only.py took 0.983 seconds
[2025-03-10T20:30:44.341+0000] {processor.py:186} INFO - Started process (PID=174) to work on /home/airflow/.local/lib/python3.12/site-packages/airflow/example_dags/example_latest_only.py
[2025-03-10T20:30:44.342+0000] {processor.py:914} INFO - Processing file /home/airflow/.local/lib/python3.12/site-packages/airflow/example_dags/example_latest_only.py for tasks to queue
[2025-03-10T20:30:44.345+0000] {logging_mixin.py:190} INFO - [2025-03-10T20:30:44.345+0000] {dagbag.py:588} INFO - Filling up the DagBag from /home/airflow/.local/lib/python3.12/site-packages/airflow/example_dags/example_latest_only.py
[2025-03-10T20:30:44.353+0000] {processor.py:925} INFO - DAG(s) 'latest_only' retrieved from /home/airflow/.local/lib/python3.12/site-packages/airflow/example_dags/example_latest_only.py
[2025-03-10T20:30:44.380+0000] {logging_mixin.py:190} INFO - [2025-03-10T20:30:44.380+0000] {dag.py:3239} INFO - Sync 1 DAGs
[2025-03-10T20:30:44.410+0000] {logging_mixin.py:190} INFO - [2025-03-10T20:30:44.410+0000] {dag.py:4180} INFO - Setting next_dagrun for latest_only to 2025-03-10 16:00:00+00:00, run_after=2025-03-10 20:00:00+00:00
[2025-03-10T20:30:44.430+0000] {processor.py:208} INFO - Processing /home/airflow/.local/lib/python3.12/site-packages/airflow/example_dags/example_latest_only.py took 0.098 seconds
[2025-03-10T20:31:14.555+0000] {processor.py:186} INFO - Started process (PID=237) to work on /home/airflow/.local/lib/python3.12/site-packages/airflow/example_dags/example_latest_only.py
[2025-03-10T20:31:14.559+0000] {processor.py:914} INFO - Processing file /home/airflow/.local/lib/python3.12/site-packages/airflow/example_dags/example_latest_only.py for tasks to queue
[2025-03-10T20:31:14.575+0000] {logging_mixin.py:190} INFO - [2025-03-10T20:31:14.572+0000] {dagbag.py:588} INFO - Filling up the DagBag from /home/airflow/.local/lib/python3.12/site-packages/airflow/example_dags/example_latest_only.py
[2025-03-10T20:31:14.607+0000] {processor.py:925} INFO - DAG(s) 'latest_only' retrieved from /home/airflow/.local/lib/python3.12/site-packages/airflow/example_dags/example_latest_only.py
[2025-03-10T20:31:14.711+0000] {logging_mixin.py:190} INFO - [2025-03-10T20:31:14.710+0000] {dag.py:3239} INFO - Sync 1 DAGs
[2025-03-10T20:31:14.837+0000] {logging_mixin.py:190} INFO - [2025-03-10T20:31:14.836+0000] {dag.py:4180} INFO - Setting next_dagrun for latest_only to 2025-03-10 16:00:00+00:00, run_after=2025-03-10 20:00:00+00:00
[2025-03-10T20:31:14.924+0000] {processor.py:208} INFO - Processing /home/airflow/.local/lib/python3.12/site-packages/airflow/example_dags/example_latest_only.py took 0.396 seconds
[2025-03-10T20:31:45.699+0000] {processor.py:186} INFO - Started process (PID=300) to work on /home/airflow/.local/lib/python3.12/site-packages/airflow/example_dags/example_latest_only.py
[2025-03-10T20:31:45.700+0000] {processor.py:914} INFO - Processing file /home/airflow/.local/lib/python3.12/site-packages/airflow/example_dags/example_latest_only.py for tasks to queue
[2025-03-10T20:31:45.703+0000] {logging_mixin.py:190} INFO - [2025-03-10T20:31:45.702+0000] {dagbag.py:588} INFO - Filling up the DagBag from /home/airflow/.local/lib/python3.12/site-packages/airflow/example_dags/example_latest_only.py
[2025-03-10T20:31:45.709+0000] {processor.py:925} INFO - DAG(s) 'latest_only' retrieved from /home/airflow/.local/lib/python3.12/site-packages/airflow/example_dags/example_latest_only.py
[2025-03-10T20:31:45.735+0000] {logging_mixin.py:190} INFO - [2025-03-10T20:31:45.735+0000] {dag.py:3239} INFO - Sync 1 DAGs
[2025-03-10T20:31:45.766+0000] {logging_mixin.py:190} INFO - [2025-03-10T20:31:45.766+0000] {dag.py:4180} INFO - Setting next_dagrun for latest_only to 2025-03-10 16:00:00+00:00, run_after=2025-03-10 20:00:00+00:00
[2025-03-10T20:31:45.789+0000] {processor.py:208} INFO - Processing /home/airflow/.local/lib/python3.12/site-packages/airflow/example_dags/example_latest_only.py took 0.098 seconds
[2025-03-10T20:32:16.201+0000] {processor.py:186} INFO - Started process (PID=363) to work on /home/airflow/.local/lib/python3.12/site-packages/airflow/example_dags/example_latest_only.py
[2025-03-10T20:32:16.202+0000] {processor.py:914} INFO - Processing file /home/airflow/.local/lib/python3.12/site-packages/airflow/example_dags/example_latest_only.py for tasks to queue
[2025-03-10T20:32:16.205+0000] {logging_mixin.py:190} INFO - [2025-03-10T20:32:16.205+0000] {dagbag.py:588} INFO - Filling up the DagBag from /home/airflow/.local/lib/python3.12/site-packages/airflow/example_dags/example_latest_only.py
[2025-03-10T20:32:16.212+0000] {processor.py:925} INFO - DAG(s) 'latest_only' retrieved from /home/airflow/.local/lib/python3.12/site-packages/airflow/example_dags/example_latest_only.py
[2025-03-10T20:32:16.238+0000] {logging_mixin.py:190} INFO - [2025-03-10T20:32:16.238+0000] {dag.py:3239} INFO - Sync 1 DAGs
[2025-03-10T20:32:16.267+0000] {logging_mixin.py:190} INFO - [2025-03-10T20:32:16.267+0000] {dag.py:4180} INFO - Setting next_dagrun for latest_only to 2025-03-10 16:00:00+00:00, run_after=2025-03-10 20:00:00+00:00
[2025-03-10T20:32:16.288+0000] {processor.py:208} INFO - Processing /home/airflow/.local/lib/python3.12/site-packages/airflow/example_dags/example_latest_only.py took 0.095 seconds
[2025-03-10T20:32:46.522+0000] {processor.py:186} INFO - Started process (PID=426) to work on /home/airflow/.local/lib/python3.12/site-packages/airflow/example_dags/example_latest_only.py
[2025-03-10T20:32:46.523+0000] {processor.py:914} INFO - Processing file /home/airflow/.local/lib/python3.12/site-packages/airflow/example_dags/example_latest_only.py for tasks to queue
[2025-03-10T20:32:46.526+0000] {logging_mixin.py:190} INFO - [2025-03-10T20:32:46.526+0000] {dagbag.py:588} INFO - Filling up the DagBag from /home/airflow/.local/lib/python3.12/site-packages/airflow/example_dags/example_latest_only.py
[2025-03-10T20:32:46.534+0000] {processor.py:925} INFO - DAG(s) 'latest_only' retrieved from /home/airflow/.local/lib/python3.12/site-packages/airflow/example_dags/example_latest_only.py
[2025-03-10T20:32:46.560+0000] {logging_mixin.py:190} INFO - [2025-03-10T20:32:46.560+0000] {dag.py:3239} INFO - Sync 1 DAGs
[2025-03-10T20:32:46.590+0000] {logging_mixin.py:190} INFO - [2025-03-10T20:32:46.589+0000] {dag.py:4180} INFO - Setting next_dagrun for latest_only to 2025-03-10 16:00:00+00:00, run_after=2025-03-10 20:00:00+00:00
[2025-03-10T20:32:46.609+0000] {processor.py:208} INFO - Processing /home/airflow/.local/lib/python3.12/site-packages/airflow/example_dags/example_latest_only.py took 0.096 seconds
[2025-03-10T20:33:16.724+0000] {processor.py:186} INFO - Started process (PID=489) to work on /home/airflow/.local/lib/python3.12/site-packages/airflow/example_dags/example_latest_only.py
[2025-03-10T20:33:16.725+0000] {processor.py:914} INFO - Processing file /home/airflow/.local/lib/python3.12/site-packages/airflow/example_dags/example_latest_only.py for tasks to queue
[2025-03-10T20:33:16.728+0000] {logging_mixin.py:190} INFO - [2025-03-10T20:33:16.728+0000] {dagbag.py:588} INFO - Filling up the DagBag from /home/airflow/.local/lib/python3.12/site-packages/airflow/example_dags/example_latest_only.py
[2025-03-10T20:33:16.735+0000] {processor.py:925} INFO - DAG(s) 'latest_only' retrieved from /home/airflow/.local/lib/python3.12/site-packages/airflow/example_dags/example_latest_only.py
[2025-03-10T20:33:16.761+0000] {logging_mixin.py:190} INFO - [2025-03-10T20:33:16.760+0000] {dag.py:3239} INFO - Sync 1 DAGs
[2025-03-10T20:33:16.790+0000] {logging_mixin.py:190} INFO - [2025-03-10T20:33:16.790+0000] {dag.py:4180} INFO - Setting next_dagrun for latest_only to 2025-03-10 16:00:00+00:00, run_after=2025-03-10 20:00:00+00:00
[2025-03-10T20:33:16.810+0000] {processor.py:208} INFO - Processing /home/airflow/.local/lib/python3.12/site-packages/airflow/example_dags/example_latest_only.py took 0.095 seconds
[2025-03-10T20:33:47.096+0000] {processor.py:186} INFO - Started process (PID=552) to work on /home/airflow/.local/lib/python3.12/site-packages/airflow/example_dags/example_latest_only.py
[2025-03-10T20:33:47.098+0000] {processor.py:914} INFO - Processing file /home/airflow/.local/lib/python3.12/site-packages/airflow/example_dags/example_latest_only.py for tasks to queue
[2025-03-10T20:33:47.100+0000] {logging_mixin.py:190} INFO - [2025-03-10T20:33:47.100+0000] {dagbag.py:588} INFO - Filling up the DagBag from /home/airflow/.local/lib/python3.12/site-packages/airflow/example_dags/example_latest_only.py
[2025-03-10T20:33:47.107+0000] {processor.py:925} INFO - DAG(s) 'latest_only' retrieved from /home/airflow/.local/lib/python3.12/site-packages/airflow/example_dags/example_latest_only.py
[2025-03-10T20:33:47.134+0000] {logging_mixin.py:190} INFO - [2025-03-10T20:33:47.133+0000] {dag.py:3239} INFO - Sync 1 DAGs
[2025-03-10T20:33:47.165+0000] {logging_mixin.py:190} INFO - [2025-03-10T20:33:47.165+0000] {dag.py:4180} INFO - Setting next_dagrun for latest_only to 2025-03-10 16:00:00+00:00, run_after=2025-03-10 20:00:00+00:00
[2025-03-10T20:33:47.192+0000] {processor.py:208} INFO - Processing /home/airflow/.local/lib/python3.12/site-packages/airflow/example_dags/example_latest_only.py took 0.103 seconds
[2025-03-10T20:34:17.271+0000] {processor.py:186} INFO - Started process (PID=614) to work on /home/airflow/.local/lib/python3.12/site-packages/airflow/example_dags/example_latest_only.py
[2025-03-10T20:34:17.272+0000] {processor.py:914} INFO - Processing file /home/airflow/.local/lib/python3.12/site-packages/airflow/example_dags/example_latest_only.py for tasks to queue
[2025-03-10T20:34:17.275+0000] {logging_mixin.py:190} INFO - [2025-03-10T20:34:17.275+0000] {dagbag.py:588} INFO - Filling up the DagBag from /home/airflow/.local/lib/python3.12/site-packages/airflow/example_dags/example_latest_only.py
[2025-03-10T20:34:17.282+0000] {processor.py:925} INFO - DAG(s) 'latest_only' retrieved from /home/airflow/.local/lib/python3.12/site-packages/airflow/example_dags/example_latest_only.py
[2025-03-10T20:34:17.306+0000] {logging_mixin.py:190} INFO - [2025-03-10T20:34:17.306+0000] {dag.py:3239} INFO - Sync 1 DAGs
[2025-03-10T20:34:17.335+0000] {logging_mixin.py:190} INFO - [2025-03-10T20:34:17.335+0000] {dag.py:4180} INFO - Setting next_dagrun for latest_only to 2025-03-10 16:00:00+00:00, run_after=2025-03-10 20:00:00+00:00
[2025-03-10T20:34:17.356+0000] {processor.py:208} INFO - Processing /home/airflow/.local/lib/python3.12/site-packages/airflow/example_dags/example_latest_only.py took 0.092 seconds
[2025-03-10T20:34:47.793+0000] {processor.py:186} INFO - Started process (PID=677) to work on /home/airflow/.local/lib/python3.12/site-packages/airflow/example_dags/example_latest_only.py
[2025-03-10T20:34:47.793+0000] {processor.py:914} INFO - Processing file /home/airflow/.local/lib/python3.12/site-packages/airflow/example_dags/example_latest_only.py for tasks to queue
[2025-03-10T20:34:47.796+0000] {logging_mixin.py:190} INFO - [2025-03-10T20:34:47.796+0000] {dagbag.py:588} INFO - Filling up the DagBag from /home/airflow/.local/lib/python3.12/site-packages/airflow/example_dags/example_latest_only.py
[2025-03-10T20:34:47.802+0000] {processor.py:925} INFO - DAG(s) 'latest_only' retrieved from /home/airflow/.local/lib/python3.12/site-packages/airflow/example_dags/example_latest_only.py
[2025-03-10T20:34:47.836+0000] {logging_mixin.py:190} INFO - [2025-03-10T20:34:47.836+0000] {dag.py:3239} INFO - Sync 1 DAGs
[2025-03-10T20:34:47.880+0000] {logging_mixin.py:190} INFO - [2025-03-10T20:34:47.880+0000] {dag.py:4180} INFO - Setting next_dagrun for latest_only to 2025-03-10 16:00:00+00:00, run_after=2025-03-10 20:00:00+00:00
[2025-03-10T20:34:47.908+0000] {processor.py:208} INFO - Processing /home/airflow/.local/lib/python3.12/site-packages/airflow/example_dags/example_latest_only.py took 0.122 seconds
[2025-03-10T20:35:19.159+0000] {processor.py:186} INFO - Started process (PID=741) to work on /home/airflow/.local/lib/python3.12/site-packages/airflow/example_dags/example_latest_only.py
[2025-03-10T20:35:19.160+0000] {processor.py:914} INFO - Processing file /home/airflow/.local/lib/python3.12/site-packages/airflow/example_dags/example_latest_only.py for tasks to queue
[2025-03-10T20:35:19.163+0000] {logging_mixin.py:190} INFO - [2025-03-10T20:35:19.163+0000] {dagbag.py:588} INFO - Filling up the DagBag from /home/airflow/.local/lib/python3.12/site-packages/airflow/example_dags/example_latest_only.py
[2025-03-10T20:35:19.169+0000] {processor.py:925} INFO - DAG(s) 'latest_only' retrieved from /home/airflow/.local/lib/python3.12/site-packages/airflow/example_dags/example_latest_only.py
[2025-03-10T20:35:19.194+0000] {logging_mixin.py:190} INFO - [2025-03-10T20:35:19.194+0000] {dag.py:3239} INFO - Sync 1 DAGs
[2025-03-10T20:35:19.223+0000] {logging_mixin.py:190} INFO - [2025-03-10T20:35:19.222+0000] {dag.py:4180} INFO - Setting next_dagrun for latest_only to 2025-03-10 16:00:00+00:00, run_after=2025-03-10 20:00:00+00:00
[2025-03-10T20:35:19.242+0000] {processor.py:208} INFO - Processing /home/airflow/.local/lib/python3.12/site-packages/airflow/example_dags/example_latest_only.py took 0.090 seconds
[2025-03-10T20:35:50.422+0000] {processor.py:186} INFO - Started process (PID=804) to work on /home/airflow/.local/lib/python3.12/site-packages/airflow/example_dags/example_latest_only.py
[2025-03-10T20:35:50.423+0000] {processor.py:914} INFO - Processing file /home/airflow/.local/lib/python3.12/site-packages/airflow/example_dags/example_latest_only.py for tasks to queue
[2025-03-10T20:35:50.426+0000] {logging_mixin.py:190} INFO - [2025-03-10T20:35:50.426+0000] {dagbag.py:588} INFO - Filling up the DagBag from /home/airflow/.local/lib/python3.12/site-packages/airflow/example_dags/example_latest_only.py
[2025-03-10T20:35:50.433+0000] {processor.py:925} INFO - DAG(s) 'latest_only' retrieved from /home/airflow/.local/lib/python3.12/site-packages/airflow/example_dags/example_latest_only.py
[2025-03-10T20:35:50.460+0000] {logging_mixin.py:190} INFO - [2025-03-10T20:35:50.460+0000] {dag.py:3239} INFO - Sync 1 DAGs
[2025-03-10T20:35:50.494+0000] {logging_mixin.py:190} INFO - [2025-03-10T20:35:50.494+0000] {dag.py:4180} INFO - Setting next_dagrun for latest_only to 2025-03-10 16:00:00+00:00, run_after=2025-03-10 20:00:00+00:00
[2025-03-10T20:35:50.517+0000] {processor.py:208} INFO - Processing /home/airflow/.local/lib/python3.12/site-packages/airflow/example_dags/example_latest_only.py took 0.102 seconds
[2025-03-10T20:36:21.571+0000] {processor.py:186} INFO - Started process (PID=867) to work on /home/airflow/.local/lib/python3.12/site-packages/airflow/example_dags/example_latest_only.py
[2025-03-10T20:36:21.572+0000] {processor.py:914} INFO - Processing file /home/airflow/.local/lib/python3.12/site-packages/airflow/example_dags/example_latest_only.py for tasks to queue
[2025-03-10T20:36:21.575+0000] {logging_mixin.py:190} INFO - [2025-03-10T20:36:21.575+0000] {dagbag.py:588} INFO - Filling up the DagBag from /home/airflow/.local/lib/python3.12/site-packages/airflow/example_dags/example_latest_only.py
[2025-03-10T20:36:21.582+0000] {processor.py:925} INFO - DAG(s) 'latest_only' retrieved from /home/airflow/.local/lib/python3.12/site-packages/airflow/example_dags/example_latest_only.py
[2025-03-10T20:36:21.609+0000] {logging_mixin.py:190} INFO - [2025-03-10T20:36:21.609+0000] {dag.py:3239} INFO - Sync 1 DAGs
[2025-03-10T20:36:21.645+0000] {logging_mixin.py:190} INFO - [2025-03-10T20:36:21.645+0000] {dag.py:4180} INFO - Setting next_dagrun for latest_only to 2025-03-10 16:00:00+00:00, run_after=2025-03-10 20:00:00+00:00
[2025-03-10T20:36:21.668+0000] {processor.py:208} INFO - Processing /home/airflow/.local/lib/python3.12/site-packages/airflow/example_dags/example_latest_only.py took 0.104 seconds
[2025-03-10T20:36:52.208+0000] {processor.py:186} INFO - Started process (PID=930) to work on /home/airflow/.local/lib/python3.12/site-packages/airflow/example_dags/example_latest_only.py
[2025-03-10T20:36:52.210+0000] {processor.py:914} INFO - Processing file /home/airflow/.local/lib/python3.12/site-packages/airflow/example_dags/example_latest_only.py for tasks to queue
[2025-03-10T20:36:52.212+0000] {logging_mixin.py:190} INFO - [2025-03-10T20:36:52.212+0000] {dagbag.py:588} INFO - Filling up the DagBag from /home/airflow/.local/lib/python3.12/site-packages/airflow/example_dags/example_latest_only.py
[2025-03-10T20:36:52.219+0000] {processor.py:925} INFO - DAG(s) 'latest_only' retrieved from /home/airflow/.local/lib/python3.12/site-packages/airflow/example_dags/example_latest_only.py
[2025-03-10T20:36:52.244+0000] {logging_mixin.py:190} INFO - [2025-03-10T20:36:52.244+0000] {dag.py:3239} INFO - Sync 1 DAGs
[2025-03-10T20:36:52.274+0000] {logging_mixin.py:190} INFO - [2025-03-10T20:36:52.273+0000] {dag.py:4180} INFO - Setting next_dagrun for latest_only to 2025-03-10 16:00:00+00:00, run_after=2025-03-10 20:00:00+00:00
[2025-03-10T20:36:52.297+0000] {processor.py:208} INFO - Processing /home/airflow/.local/lib/python3.12/site-packages/airflow/example_dags/example_latest_only.py took 0.096 seconds
[2025-03-10T20:37:23.539+0000] {processor.py:186} INFO - Started process (PID=994) to work on /home/airflow/.local/lib/python3.12/site-packages/airflow/example_dags/example_latest_only.py
[2025-03-10T20:37:23.540+0000] {processor.py:914} INFO - Processing file /home/airflow/.local/lib/python3.12/site-packages/airflow/example_dags/example_latest_only.py for tasks to queue
[2025-03-10T20:37:23.543+0000] {logging_mixin.py:190} INFO - [2025-03-10T20:37:23.543+0000] {dagbag.py:588} INFO - Filling up the DagBag from /home/airflow/.local/lib/python3.12/site-packages/airflow/example_dags/example_latest_only.py
[2025-03-10T20:37:23.550+0000] {processor.py:925} INFO - DAG(s) 'latest_only' retrieved from /home/airflow/.local/lib/python3.12/site-packages/airflow/example_dags/example_latest_only.py
[2025-03-10T20:37:23.576+0000] {logging_mixin.py:190} INFO - [2025-03-10T20:37:23.576+0000] {dag.py:3239} INFO - Sync 1 DAGs
[2025-03-10T20:37:23.607+0000] {logging_mixin.py:190} INFO - [2025-03-10T20:37:23.607+0000] {dag.py:4180} INFO - Setting next_dagrun for latest_only to 2025-03-10 16:00:00+00:00, run_after=2025-03-10 20:00:00+00:00
[2025-03-10T20:37:23.630+0000] {processor.py:208} INFO - Processing /home/airflow/.local/lib/python3.12/site-packages/airflow/example_dags/example_latest_only.py took 0.099 seconds
[2025-03-10T20:37:54.982+0000] {processor.py:186} INFO - Started process (PID=1057) to work on /home/airflow/.local/lib/python3.12/site-packages/airflow/example_dags/example_latest_only.py
[2025-03-10T20:37:54.983+0000] {processor.py:914} INFO - Processing file /home/airflow/.local/lib/python3.12/site-packages/airflow/example_dags/example_latest_only.py for tasks to queue
[2025-03-10T20:37:54.986+0000] {logging_mixin.py:190} INFO - [2025-03-10T20:37:54.986+0000] {dagbag.py:588} INFO - Filling up the DagBag from /home/airflow/.local/lib/python3.12/site-packages/airflow/example_dags/example_latest_only.py
[2025-03-10T20:37:54.993+0000] {processor.py:925} INFO - DAG(s) 'latest_only' retrieved from /home/airflow/.local/lib/python3.12/site-packages/airflow/example_dags/example_latest_only.py
[2025-03-10T20:37:55.022+0000] {logging_mixin.py:190} INFO - [2025-03-10T20:37:55.021+0000] {dag.py:3239} INFO - Sync 1 DAGs
[2025-03-10T20:37:55.056+0000] {logging_mixin.py:190} INFO - [2025-03-10T20:37:55.056+0000] {dag.py:4180} INFO - Setting next_dagrun for latest_only to 2025-03-10 16:00:00+00:00, run_after=2025-03-10 20:00:00+00:00
[2025-03-10T20:37:55.084+0000] {processor.py:208} INFO - Processing /home/airflow/.local/lib/python3.12/site-packages/airflow/example_dags/example_latest_only.py took 0.108 seconds
[2025-03-10T20:38:26.426+0000] {processor.py:186} INFO - Started process (PID=1120) to work on /home/airflow/.local/lib/python3.12/site-packages/airflow/example_dags/example_latest_only.py
[2025-03-10T20:38:26.427+0000] {processor.py:914} INFO - Processing file /home/airflow/.local/lib/python3.12/site-packages/airflow/example_dags/example_latest_only.py for tasks to queue
[2025-03-10T20:38:26.430+0000] {logging_mixin.py:190} INFO - [2025-03-10T20:38:26.430+0000] {dagbag.py:588} INFO - Filling up the DagBag from /home/airflow/.local/lib/python3.12/site-packages/airflow/example_dags/example_latest_only.py
[2025-03-10T20:38:26.436+0000] {processor.py:925} INFO - DAG(s) 'latest_only' retrieved from /home/airflow/.local/lib/python3.12/site-packages/airflow/example_dags/example_latest_only.py
[2025-03-10T20:38:26.463+0000] {logging_mixin.py:190} INFO - [2025-03-10T20:38:26.462+0000] {dag.py:3239} INFO - Sync 1 DAGs
[2025-03-10T20:38:26.492+0000] {logging_mixin.py:190} INFO - [2025-03-10T20:38:26.492+0000] {dag.py:4180} INFO - Setting next_dagrun for latest_only to 2025-03-10 16:00:00+00:00, run_after=2025-03-10 20:00:00+00:00
[2025-03-10T20:38:26.511+0000] {processor.py:208} INFO - Processing /home/airflow/.local/lib/python3.12/site-packages/airflow/example_dags/example_latest_only.py took 0.093 seconds
[2025-03-10T20:38:56.750+0000] {processor.py:186} INFO - Started process (PID=1182) to work on /home/airflow/.local/lib/python3.12/site-packages/airflow/example_dags/example_latest_only.py
[2025-03-10T20:38:56.751+0000] {processor.py:914} INFO - Processing file /home/airflow/.local/lib/python3.12/site-packages/airflow/example_dags/example_latest_only.py for tasks to queue
[2025-03-10T20:38:56.754+0000] {logging_mixin.py:190} INFO - [2025-03-10T20:38:56.754+0000] {dagbag.py:588} INFO - Filling up the DagBag from /home/airflow/.local/lib/python3.12/site-packages/airflow/example_dags/example_latest_only.py
[2025-03-10T20:38:56.760+0000] {processor.py:925} INFO - DAG(s) 'latest_only' retrieved from /home/airflow/.local/lib/python3.12/site-packages/airflow/example_dags/example_latest_only.py
[2025-03-10T20:38:56.791+0000] {logging_mixin.py:190} INFO - [2025-03-10T20:38:56.790+0000] {dag.py:3239} INFO - Sync 1 DAGs
[2025-03-10T20:38:56.822+0000] {logging_mixin.py:190} INFO - [2025-03-10T20:38:56.822+0000] {dag.py:4180} INFO - Setting next_dagrun for latest_only to 2025-03-10 16:00:00+00:00, run_after=2025-03-10 20:00:00+00:00
[2025-03-10T20:38:56.843+0000] {processor.py:208} INFO - Processing /home/airflow/.local/lib/python3.12/site-packages/airflow/example_dags/example_latest_only.py took 0.100 seconds
[2025-03-10T20:39:28.120+0000] {processor.py:186} INFO - Started process (PID=1246) to work on /home/airflow/.local/lib/python3.12/site-packages/airflow/example_dags/example_latest_only.py
[2025-03-10T20:39:28.121+0000] {processor.py:914} INFO - Processing file /home/airflow/.local/lib/python3.12/site-packages/airflow/example_dags/example_latest_only.py for tasks to queue
[2025-03-10T20:39:28.124+0000] {logging_mixin.py:190} INFO - [2025-03-10T20:39:28.123+0000] {dagbag.py:588} INFO - Filling up the DagBag from /home/airflow/.local/lib/python3.12/site-packages/airflow/example_dags/example_latest_only.py
[2025-03-10T20:39:28.130+0000] {processor.py:925} INFO - DAG(s) 'latest_only' retrieved from /home/airflow/.local/lib/python3.12/site-packages/airflow/example_dags/example_latest_only.py
[2025-03-10T20:39:28.156+0000] {logging_mixin.py:190} INFO - [2025-03-10T20:39:28.156+0000] {dag.py:3239} INFO - Sync 1 DAGs
[2025-03-10T20:39:28.185+0000] {logging_mixin.py:190} INFO - [2025-03-10T20:39:28.185+0000] {dag.py:4180} INFO - Setting next_dagrun for latest_only to 2025-03-10 16:00:00+00:00, run_after=2025-03-10 20:00:00+00:00
[2025-03-10T20:39:28.207+0000] {processor.py:208} INFO - Processing /home/airflow/.local/lib/python3.12/site-packages/airflow/example_dags/example_latest_only.py took 0.094 seconds
[2025-03-10T20:39:58.679+0000] {processor.py:186} INFO - Started process (PID=1309) to work on /home/airflow/.local/lib/python3.12/site-packages/airflow/example_dags/example_latest_only.py
[2025-03-10T20:39:58.680+0000] {processor.py:914} INFO - Processing file /home/airflow/.local/lib/python3.12/site-packages/airflow/example_dags/example_latest_only.py for tasks to queue
[2025-03-10T20:39:58.683+0000] {logging_mixin.py:190} INFO - [2025-03-10T20:39:58.683+0000] {dagbag.py:588} INFO - Filling up the DagBag from /home/airflow/.local/lib/python3.12/site-packages/airflow/example_dags/example_latest_only.py
[2025-03-10T20:39:58.689+0000] {processor.py:925} INFO - DAG(s) 'latest_only' retrieved from /home/airflow/.local/lib/python3.12/site-packages/airflow/example_dags/example_latest_only.py
[2025-03-10T20:39:58.714+0000] {logging_mixin.py:190} INFO - [2025-03-10T20:39:58.714+0000] {dag.py:3239} INFO - Sync 1 DAGs
[2025-03-10T20:39:58.741+0000] {logging_mixin.py:190} INFO - [2025-03-10T20:39:58.741+0000] {dag.py:4180} INFO - Setting next_dagrun for latest_only to 2025-03-10 16:00:00+00:00, run_after=2025-03-10 20:00:00+00:00
[2025-03-10T20:39:58.760+0000] {processor.py:208} INFO - Processing /home/airflow/.local/lib/python3.12/site-packages/airflow/example_dags/example_latest_only.py took 0.087 seconds
[2025-03-10T20:40:29.794+0000] {processor.py:186} INFO - Started process (PID=1372) to work on /home/airflow/.local/lib/python3.12/site-packages/airflow/example_dags/example_latest_only.py
[2025-03-10T20:40:29.795+0000] {processor.py:914} INFO - Processing file /home/airflow/.local/lib/python3.12/site-packages/airflow/example_dags/example_latest_only.py for tasks to queue
[2025-03-10T20:40:29.798+0000] {logging_mixin.py:190} INFO - [2025-03-10T20:40:29.798+0000] {dagbag.py:588} INFO - Filling up the DagBag from /home/airflow/.local/lib/python3.12/site-packages/airflow/example_dags/example_latest_only.py
[2025-03-10T20:40:29.805+0000] {processor.py:925} INFO - DAG(s) 'latest_only' retrieved from /home/airflow/.local/lib/python3.12/site-packages/airflow/example_dags/example_latest_only.py
[2025-03-10T20:40:29.830+0000] {logging_mixin.py:190} INFO - [2025-03-10T20:40:29.830+0000] {dag.py:3239} INFO - Sync 1 DAGs
[2025-03-10T20:40:29.860+0000] {logging_mixin.py:190} INFO - [2025-03-10T20:40:29.859+0000] {dag.py:4180} INFO - Setting next_dagrun for latest_only to 2025-03-10 16:00:00+00:00, run_after=2025-03-10 20:00:00+00:00
[2025-03-10T20:40:29.880+0000] {processor.py:208} INFO - Processing /home/airflow/.local/lib/python3.12/site-packages/airflow/example_dags/example_latest_only.py took 0.093 seconds
[2025-03-10T20:41:01.055+0000] {processor.py:186} INFO - Started process (PID=1435) to work on /home/airflow/.local/lib/python3.12/site-packages/airflow/example_dags/example_latest_only.py
[2025-03-10T20:41:01.056+0000] {processor.py:914} INFO - Processing file /home/airflow/.local/lib/python3.12/site-packages/airflow/example_dags/example_latest_only.py for tasks to queue
[2025-03-10T20:41:01.059+0000] {logging_mixin.py:190} INFO - [2025-03-10T20:41:01.058+0000] {dagbag.py:588} INFO - Filling up the DagBag from /home/airflow/.local/lib/python3.12/site-packages/airflow/example_dags/example_latest_only.py
[2025-03-10T20:41:01.065+0000] {processor.py:925} INFO - DAG(s) 'latest_only' retrieved from /home/airflow/.local/lib/python3.12/site-packages/airflow/example_dags/example_latest_only.py
[2025-03-10T20:41:01.093+0000] {logging_mixin.py:190} INFO - [2025-03-10T20:41:01.092+0000] {dag.py:3239} INFO - Sync 1 DAGs
[2025-03-10T20:41:01.125+0000] {logging_mixin.py:190} INFO - [2025-03-10T20:41:01.125+0000] {dag.py:4180} INFO - Setting next_dagrun for latest_only to 2025-03-10 16:00:00+00:00, run_after=2025-03-10 20:00:00+00:00
[2025-03-10T20:41:01.148+0000] {processor.py:208} INFO - Processing /home/airflow/.local/lib/python3.12/site-packages/airflow/example_dags/example_latest_only.py took 0.101 seconds
[2025-03-10T20:41:31.778+0000] {processor.py:186} INFO - Started process (PID=1498) to work on /home/airflow/.local/lib/python3.12/site-packages/airflow/example_dags/example_latest_only.py
[2025-03-10T20:41:31.779+0000] {processor.py:914} INFO - Processing file /home/airflow/.local/lib/python3.12/site-packages/airflow/example_dags/example_latest_only.py for tasks to queue
[2025-03-10T20:41:31.782+0000] {logging_mixin.py:190} INFO - [2025-03-10T20:41:31.781+0000] {dagbag.py:588} INFO - Filling up the DagBag from /home/airflow/.local/lib/python3.12/site-packages/airflow/example_dags/example_latest_only.py
[2025-03-10T20:41:31.788+0000] {processor.py:925} INFO - DAG(s) 'latest_only' retrieved from /home/airflow/.local/lib/python3.12/site-packages/airflow/example_dags/example_latest_only.py
[2025-03-10T20:41:31.815+0000] {logging_mixin.py:190} INFO - [2025-03-10T20:41:31.814+0000] {dag.py:3239} INFO - Sync 1 DAGs
[2025-03-10T20:41:31.852+0000] {logging_mixin.py:190} INFO - [2025-03-10T20:41:31.851+0000] {dag.py:4180} INFO - Setting next_dagrun for latest_only to 2025-03-10 16:00:00+00:00, run_after=2025-03-10 20:00:00+00:00
[2025-03-10T20:41:31.886+0000] {processor.py:208} INFO - Processing /home/airflow/.local/lib/python3.12/site-packages/airflow/example_dags/example_latest_only.py took 0.115 seconds
[2025-03-10T20:42:02.307+0000] {processor.py:186} INFO - Started process (PID=1560) to work on /home/airflow/.local/lib/python3.12/site-packages/airflow/example_dags/example_latest_only.py
[2025-03-10T20:42:02.308+0000] {processor.py:914} INFO - Processing file /home/airflow/.local/lib/python3.12/site-packages/airflow/example_dags/example_latest_only.py for tasks to queue
[2025-03-10T20:42:02.311+0000] {logging_mixin.py:190} INFO - [2025-03-10T20:42:02.311+0000] {dagbag.py:588} INFO - Filling up the DagBag from /home/airflow/.local/lib/python3.12/site-packages/airflow/example_dags/example_latest_only.py
[2025-03-10T20:42:02.317+0000] {processor.py:925} INFO - DAG(s) 'latest_only' retrieved from /home/airflow/.local/lib/python3.12/site-packages/airflow/example_dags/example_latest_only.py
[2025-03-10T20:42:02.345+0000] {logging_mixin.py:190} INFO - [2025-03-10T20:42:02.344+0000] {dag.py:3239} INFO - Sync 1 DAGs
[2025-03-10T20:42:02.381+0000] {logging_mixin.py:190} INFO - [2025-03-10T20:42:02.381+0000] {dag.py:4180} INFO - Setting next_dagrun for latest_only to 2025-03-10 16:00:00+00:00, run_after=2025-03-10 20:00:00+00:00
[2025-03-10T20:42:02.403+0000] {processor.py:208} INFO - Processing /home/airflow/.local/lib/python3.12/site-packages/airflow/example_dags/example_latest_only.py took 0.103 seconds
[2025-03-10T20:42:33.881+0000] {processor.py:186} INFO - Started process (PID=1624) to work on /home/airflow/.local/lib/python3.12/site-packages/airflow/example_dags/example_latest_only.py
[2025-03-10T20:42:33.882+0000] {processor.py:914} INFO - Processing file /home/airflow/.local/lib/python3.12/site-packages/airflow/example_dags/example_latest_only.py for tasks to queue
[2025-03-10T20:42:33.885+0000] {logging_mixin.py:190} INFO - [2025-03-10T20:42:33.885+0000] {dagbag.py:588} INFO - Filling up the DagBag from /home/airflow/.local/lib/python3.12/site-packages/airflow/example_dags/example_latest_only.py
[2025-03-10T20:42:33.892+0000] {processor.py:925} INFO - DAG(s) 'latest_only' retrieved from /home/airflow/.local/lib/python3.12/site-packages/airflow/example_dags/example_latest_only.py
[2025-03-10T20:42:33.919+0000] {logging_mixin.py:190} INFO - [2025-03-10T20:42:33.919+0000] {dag.py:3239} INFO - Sync 1 DAGs
[2025-03-10T20:42:33.948+0000] {logging_mixin.py:190} INFO - [2025-03-10T20:42:33.948+0000] {dag.py:4180} INFO - Setting next_dagrun for latest_only to 2025-03-10 16:00:00+00:00, run_after=2025-03-10 20:00:00+00:00
[2025-03-10T20:42:33.972+0000] {processor.py:208} INFO - Processing /home/airflow/.local/lib/python3.12/site-packages/airflow/example_dags/example_latest_only.py took 0.098 seconds
[2025-03-10T20:43:04.827+0000] {processor.py:186} INFO - Started process (PID=1687) to work on /home/airflow/.local/lib/python3.12/site-packages/airflow/example_dags/example_latest_only.py
[2025-03-10T20:43:04.828+0000] {processor.py:914} INFO - Processing file /home/airflow/.local/lib/python3.12/site-packages/airflow/example_dags/example_latest_only.py for tasks to queue
[2025-03-10T20:43:04.831+0000] {logging_mixin.py:190} INFO - [2025-03-10T20:43:04.830+0000] {dagbag.py:588} INFO - Filling up the DagBag from /home/airflow/.local/lib/python3.12/site-packages/airflow/example_dags/example_latest_only.py
[2025-03-10T20:43:04.837+0000] {processor.py:925} INFO - DAG(s) 'latest_only' retrieved from /home/airflow/.local/lib/python3.12/site-packages/airflow/example_dags/example_latest_only.py
[2025-03-10T20:43:04.861+0000] {logging_mixin.py:190} INFO - [2025-03-10T20:43:04.861+0000] {dag.py:3239} INFO - Sync 1 DAGs
[2025-03-10T20:43:04.890+0000] {logging_mixin.py:190} INFO - [2025-03-10T20:43:04.890+0000] {dag.py:4180} INFO - Setting next_dagrun for latest_only to 2025-03-10 16:00:00+00:00, run_after=2025-03-10 20:00:00+00:00
[2025-03-10T20:43:04.912+0000] {processor.py:208} INFO - Processing /home/airflow/.local/lib/python3.12/site-packages/airflow/example_dags/example_latest_only.py took 0.092 seconds
[2025-03-10T20:43:35.413+0000] {processor.py:186} INFO - Started process (PID=1750) to work on /home/airflow/.local/lib/python3.12/site-packages/airflow/example_dags/example_latest_only.py
[2025-03-10T20:43:35.414+0000] {processor.py:914} INFO - Processing file /home/airflow/.local/lib/python3.12/site-packages/airflow/example_dags/example_latest_only.py for tasks to queue
[2025-03-10T20:43:35.416+0000] {logging_mixin.py:190} INFO - [2025-03-10T20:43:35.416+0000] {dagbag.py:588} INFO - Filling up the DagBag from /home/airflow/.local/lib/python3.12/site-packages/airflow/example_dags/example_latest_only.py
[2025-03-10T20:43:35.422+0000] {processor.py:925} INFO - DAG(s) 'latest_only' retrieved from /home/airflow/.local/lib/python3.12/site-packages/airflow/example_dags/example_latest_only.py
[2025-03-10T20:43:35.447+0000] {logging_mixin.py:190} INFO - [2025-03-10T20:43:35.447+0000] {dag.py:3239} INFO - Sync 1 DAGs
[2025-03-10T20:43:35.480+0000] {logging_mixin.py:190} INFO - [2025-03-10T20:43:35.479+0000] {dag.py:4180} INFO - Setting next_dagrun for latest_only to 2025-03-10 16:00:00+00:00, run_after=2025-03-10 20:00:00+00:00
[2025-03-10T20:43:35.504+0000] {processor.py:208} INFO - Processing /home/airflow/.local/lib/python3.12/site-packages/airflow/example_dags/example_latest_only.py took 0.098 seconds
[2025-03-10T20:44:06.093+0000] {processor.py:186} INFO - Started process (PID=1812) to work on /home/airflow/.local/lib/python3.12/site-packages/airflow/example_dags/example_latest_only.py
[2025-03-10T20:44:06.094+0000] {processor.py:914} INFO - Processing file /home/airflow/.local/lib/python3.12/site-packages/airflow/example_dags/example_latest_only.py for tasks to queue
[2025-03-10T20:44:06.097+0000] {logging_mixin.py:190} INFO - [2025-03-10T20:44:06.096+0000] {dagbag.py:588} INFO - Filling up the DagBag from /home/airflow/.local/lib/python3.12/site-packages/airflow/example_dags/example_latest_only.py
[2025-03-10T20:44:06.103+0000] {processor.py:925} INFO - DAG(s) 'latest_only' retrieved from /home/airflow/.local/lib/python3.12/site-packages/airflow/example_dags/example_latest_only.py
[2025-03-10T20:44:06.129+0000] {logging_mixin.py:190} INFO - [2025-03-10T20:44:06.128+0000] {dag.py:3239} INFO - Sync 1 DAGs
[2025-03-10T20:44:06.157+0000] {logging_mixin.py:190} INFO - [2025-03-10T20:44:06.157+0000] {dag.py:4180} INFO - Setting next_dagrun for latest_only to 2025-03-10 16:00:00+00:00, run_after=2025-03-10 20:00:00+00:00
[2025-03-10T20:44:06.178+0000] {processor.py:208} INFO - Processing /home/airflow/.local/lib/python3.12/site-packages/airflow/example_dags/example_latest_only.py took 0.092 seconds
[2025-03-10T20:44:37.295+0000] {processor.py:186} INFO - Started process (PID=1875) to work on /home/airflow/.local/lib/python3.12/site-packages/airflow/example_dags/example_latest_only.py
[2025-03-10T20:44:37.296+0000] {processor.py:914} INFO - Processing file /home/airflow/.local/lib/python3.12/site-packages/airflow/example_dags/example_latest_only.py for tasks to queue
[2025-03-10T20:44:37.299+0000] {logging_mixin.py:190} INFO - [2025-03-10T20:44:37.299+0000] {dagbag.py:588} INFO - Filling up the DagBag from /home/airflow/.local/lib/python3.12/site-packages/airflow/example_dags/example_latest_only.py
[2025-03-10T20:44:37.306+0000] {processor.py:925} INFO - DAG(s) 'latest_only' retrieved from /home/airflow/.local/lib/python3.12/site-packages/airflow/example_dags/example_latest_only.py
[2025-03-10T20:44:37.339+0000] {logging_mixin.py:190} INFO - [2025-03-10T20:44:37.338+0000] {dag.py:3239} INFO - Sync 1 DAGs
[2025-03-10T20:44:37.615+0000] {logging_mixin.py:190} INFO - [2025-03-10T20:44:37.615+0000] {dag.py:4180} INFO - Setting next_dagrun for latest_only to 2025-03-10 16:00:00+00:00, run_after=2025-03-10 20:00:00+00:00
[2025-03-10T20:44:37.636+0000] {processor.py:208} INFO - Processing /home/airflow/.local/lib/python3.12/site-packages/airflow/example_dags/example_latest_only.py took 0.347 seconds
[2025-03-10T20:45:07.692+0000] {processor.py:186} INFO - Started process (PID=1938) to work on /home/airflow/.local/lib/python3.12/site-packages/airflow/example_dags/example_latest_only.py
[2025-03-10T20:45:07.693+0000] {processor.py:914} INFO - Processing file /home/airflow/.local/lib/python3.12/site-packages/airflow/example_dags/example_latest_only.py for tasks to queue
[2025-03-10T20:45:07.696+0000] {logging_mixin.py:190} INFO - [2025-03-10T20:45:07.696+0000] {dagbag.py:588} INFO - Filling up the DagBag from /home/airflow/.local/lib/python3.12/site-packages/airflow/example_dags/example_latest_only.py
[2025-03-10T20:45:07.702+0000] {processor.py:925} INFO - DAG(s) 'latest_only' retrieved from /home/airflow/.local/lib/python3.12/site-packages/airflow/example_dags/example_latest_only.py
[2025-03-10T20:45:07.731+0000] {logging_mixin.py:190} INFO - [2025-03-10T20:45:07.731+0000] {dag.py:3239} INFO - Sync 1 DAGs
[2025-03-10T20:45:07.759+0000] {logging_mixin.py:190} INFO - [2025-03-10T20:45:07.759+0000] {dag.py:4180} INFO - Setting next_dagrun for latest_only to 2025-03-10 16:00:00+00:00, run_after=2025-03-10 20:00:00+00:00
[2025-03-10T20:45:07.780+0000] {processor.py:208} INFO - Processing /home/airflow/.local/lib/python3.12/site-packages/airflow/example_dags/example_latest_only.py took 0.095 seconds
[2025-03-10T20:45:38.592+0000] {processor.py:186} INFO - Started process (PID=2001) to work on /home/airflow/.local/lib/python3.12/site-packages/airflow/example_dags/example_latest_only.py
[2025-03-10T20:45:38.593+0000] {processor.py:914} INFO - Processing file /home/airflow/.local/lib/python3.12/site-packages/airflow/example_dags/example_latest_only.py for tasks to queue
[2025-03-10T20:45:38.596+0000] {logging_mixin.py:190} INFO - [2025-03-10T20:45:38.595+0000] {dagbag.py:588} INFO - Filling up the DagBag from /home/airflow/.local/lib/python3.12/site-packages/airflow/example_dags/example_latest_only.py
[2025-03-10T20:45:38.602+0000] {processor.py:925} INFO - DAG(s) 'latest_only' retrieved from /home/airflow/.local/lib/python3.12/site-packages/airflow/example_dags/example_latest_only.py
[2025-03-10T20:45:38.628+0000] {logging_mixin.py:190} INFO - [2025-03-10T20:45:38.628+0000] {dag.py:3239} INFO - Sync 1 DAGs
[2025-03-10T20:45:38.659+0000] {logging_mixin.py:190} INFO - [2025-03-10T20:45:38.659+0000] {dag.py:4180} INFO - Setting next_dagrun for latest_only to 2025-03-10 16:00:00+00:00, run_after=2025-03-10 20:00:00+00:00
[2025-03-10T20:45:38.682+0000] {processor.py:208} INFO - Processing /home/airflow/.local/lib/python3.12/site-packages/airflow/example_dags/example_latest_only.py took 0.098 seconds
[2025-03-10T20:46:11.082+0000] {processor.py:186} INFO - Started process (PID=2070) to work on /home/airflow/.local/lib/python3.12/site-packages/airflow/example_dags/example_latest_only.py
[2025-03-10T20:46:11.083+0000] {processor.py:914} INFO - Processing file /home/airflow/.local/lib/python3.12/site-packages/airflow/example_dags/example_latest_only.py for tasks to queue
[2025-03-10T20:46:11.086+0000] {logging_mixin.py:190} INFO - [2025-03-10T20:46:11.086+0000] {dagbag.py:588} INFO - Filling up the DagBag from /home/airflow/.local/lib/python3.12/site-packages/airflow/example_dags/example_latest_only.py
[2025-03-10T20:46:11.093+0000] {processor.py:925} INFO - DAG(s) 'latest_only' retrieved from /home/airflow/.local/lib/python3.12/site-packages/airflow/example_dags/example_latest_only.py
[2025-03-10T20:46:11.419+0000] {logging_mixin.py:190} INFO - [2025-03-10T20:46:11.418+0000] {dag.py:3239} INFO - Sync 1 DAGs
[2025-03-10T20:46:11.450+0000] {logging_mixin.py:190} INFO - [2025-03-10T20:46:11.449+0000] {dag.py:4180} INFO - Setting next_dagrun for latest_only to 2025-03-10 16:00:00+00:00, run_after=2025-03-10 20:00:00+00:00
[2025-03-10T20:46:11.471+0000] {processor.py:208} INFO - Processing /home/airflow/.local/lib/python3.12/site-packages/airflow/example_dags/example_latest_only.py took 0.396 seconds
[2025-03-10T20:46:41.834+0000] {processor.py:186} INFO - Started process (PID=2133) to work on /home/airflow/.local/lib/python3.12/site-packages/airflow/example_dags/example_latest_only.py
[2025-03-10T20:46:41.835+0000] {processor.py:914} INFO - Processing file /home/airflow/.local/lib/python3.12/site-packages/airflow/example_dags/example_latest_only.py for tasks to queue
[2025-03-10T20:46:41.837+0000] {logging_mixin.py:190} INFO - [2025-03-10T20:46:41.837+0000] {dagbag.py:588} INFO - Filling up the DagBag from /home/airflow/.local/lib/python3.12/site-packages/airflow/example_dags/example_latest_only.py
[2025-03-10T20:46:41.843+0000] {processor.py:925} INFO - DAG(s) 'latest_only' retrieved from /home/airflow/.local/lib/python3.12/site-packages/airflow/example_dags/example_latest_only.py
[2025-03-10T20:46:41.867+0000] {logging_mixin.py:190} INFO - [2025-03-10T20:46:41.866+0000] {dag.py:3239} INFO - Sync 1 DAGs
[2025-03-10T20:46:42.151+0000] {logging_mixin.py:190} INFO - [2025-03-10T20:46:42.151+0000] {dag.py:4180} INFO - Setting next_dagrun for latest_only to 2025-03-10 16:00:00+00:00, run_after=2025-03-10 20:00:00+00:00
[2025-03-10T20:46:42.174+0000] {processor.py:208} INFO - Processing /home/airflow/.local/lib/python3.12/site-packages/airflow/example_dags/example_latest_only.py took 0.347 seconds
[2025-03-10T20:47:12.907+0000] {processor.py:186} INFO - Started process (PID=2197) to work on /home/airflow/.local/lib/python3.12/site-packages/airflow/example_dags/example_latest_only.py
[2025-03-10T20:47:12.907+0000] {processor.py:914} INFO - Processing file /home/airflow/.local/lib/python3.12/site-packages/airflow/example_dags/example_latest_only.py for tasks to queue
[2025-03-10T20:47:12.910+0000] {logging_mixin.py:190} INFO - [2025-03-10T20:47:12.910+0000] {dagbag.py:588} INFO - Filling up the DagBag from /home/airflow/.local/lib/python3.12/site-packages/airflow/example_dags/example_latest_only.py
[2025-03-10T20:47:12.916+0000] {processor.py:925} INFO - DAG(s) 'latest_only' retrieved from /home/airflow/.local/lib/python3.12/site-packages/airflow/example_dags/example_latest_only.py
[2025-03-10T20:47:12.941+0000] {logging_mixin.py:190} INFO - [2025-03-10T20:47:12.941+0000] {dag.py:3239} INFO - Sync 1 DAGs
[2025-03-10T20:47:12.971+0000] {logging_mixin.py:190} INFO - [2025-03-10T20:47:12.971+0000] {dag.py:4180} INFO - Setting next_dagrun for latest_only to 2025-03-10 16:00:00+00:00, run_after=2025-03-10 20:00:00+00:00
[2025-03-10T20:47:12.994+0000] {processor.py:208} INFO - Processing /home/airflow/.local/lib/python3.12/site-packages/airflow/example_dags/example_latest_only.py took 0.094 seconds
[2025-03-10T20:47:43.627+0000] {processor.py:186} INFO - Started process (PID=2260) to work on /home/airflow/.local/lib/python3.12/site-packages/airflow/example_dags/example_latest_only.py
[2025-03-10T20:47:43.628+0000] {processor.py:914} INFO - Processing file /home/airflow/.local/lib/python3.12/site-packages/airflow/example_dags/example_latest_only.py for tasks to queue
[2025-03-10T20:47:43.631+0000] {logging_mixin.py:190} INFO - [2025-03-10T20:47:43.631+0000] {dagbag.py:588} INFO - Filling up the DagBag from /home/airflow/.local/lib/python3.12/site-packages/airflow/example_dags/example_latest_only.py
[2025-03-10T20:47:43.637+0000] {processor.py:925} INFO - DAG(s) 'latest_only' retrieved from /home/airflow/.local/lib/python3.12/site-packages/airflow/example_dags/example_latest_only.py
[2025-03-10T20:47:43.662+0000] {logging_mixin.py:190} INFO - [2025-03-10T20:47:43.662+0000] {dag.py:3239} INFO - Sync 1 DAGs
[2025-03-10T20:47:43.693+0000] {logging_mixin.py:190} INFO - [2025-03-10T20:47:43.692+0000] {dag.py:4180} INFO - Setting next_dagrun for latest_only to 2025-03-10 16:00:00+00:00, run_after=2025-03-10 20:00:00+00:00
[2025-03-10T20:47:43.714+0000] {processor.py:208} INFO - Processing /home/airflow/.local/lib/python3.12/site-packages/airflow/example_dags/example_latest_only.py took 0.094 seconds
[2025-03-10T20:48:14.086+0000] {processor.py:186} INFO - Started process (PID=2323) to work on /home/airflow/.local/lib/python3.12/site-packages/airflow/example_dags/example_latest_only.py
[2025-03-10T20:48:14.087+0000] {processor.py:914} INFO - Processing file /home/airflow/.local/lib/python3.12/site-packages/airflow/example_dags/example_latest_only.py for tasks to queue
[2025-03-10T20:48:14.089+0000] {logging_mixin.py:190} INFO - [2025-03-10T20:48:14.089+0000] {dagbag.py:588} INFO - Filling up the DagBag from /home/airflow/.local/lib/python3.12/site-packages/airflow/example_dags/example_latest_only.py
[2025-03-10T20:48:14.095+0000] {processor.py:925} INFO - DAG(s) 'latest_only' retrieved from /home/airflow/.local/lib/python3.12/site-packages/airflow/example_dags/example_latest_only.py
[2025-03-10T20:48:14.122+0000] {logging_mixin.py:190} INFO - [2025-03-10T20:48:14.121+0000] {dag.py:3239} INFO - Sync 1 DAGs
[2025-03-10T20:48:14.154+0000] {logging_mixin.py:190} INFO - [2025-03-10T20:48:14.154+0000] {dag.py:4180} INFO - Setting next_dagrun for latest_only to 2025-03-10 16:00:00+00:00, run_after=2025-03-10 20:00:00+00:00
[2025-03-10T20:48:14.178+0000] {processor.py:208} INFO - Processing /home/airflow/.local/lib/python3.12/site-packages/airflow/example_dags/example_latest_only.py took 0.099 seconds
[2025-03-10T20:48:44.643+0000] {processor.py:186} INFO - Started process (PID=2386) to work on /home/airflow/.local/lib/python3.12/site-packages/airflow/example_dags/example_latest_only.py
[2025-03-10T20:48:44.644+0000] {processor.py:914} INFO - Processing file /home/airflow/.local/lib/python3.12/site-packages/airflow/example_dags/example_latest_only.py for tasks to queue
[2025-03-10T20:48:44.647+0000] {logging_mixin.py:190} INFO - [2025-03-10T20:48:44.646+0000] {dagbag.py:588} INFO - Filling up the DagBag from /home/airflow/.local/lib/python3.12/site-packages/airflow/example_dags/example_latest_only.py
[2025-03-10T20:48:44.653+0000] {processor.py:925} INFO - DAG(s) 'latest_only' retrieved from /home/airflow/.local/lib/python3.12/site-packages/airflow/example_dags/example_latest_only.py
[2025-03-10T20:48:44.685+0000] {logging_mixin.py:190} INFO - [2025-03-10T20:48:44.685+0000] {dag.py:3239} INFO - Sync 1 DAGs
[2025-03-10T20:48:44.724+0000] {logging_mixin.py:190} INFO - [2025-03-10T20:48:44.724+0000] {dag.py:4180} INFO - Setting next_dagrun for latest_only to 2025-03-10 16:00:00+00:00, run_after=2025-03-10 20:00:00+00:00
[2025-03-10T20:48:44.747+0000] {processor.py:208} INFO - Processing /home/airflow/.local/lib/python3.12/site-packages/airflow/example_dags/example_latest_only.py took 0.111 seconds
[2025-03-10T20:49:15.251+0000] {processor.py:186} INFO - Started process (PID=2449) to work on /home/airflow/.local/lib/python3.12/site-packages/airflow/example_dags/example_latest_only.py
[2025-03-10T20:49:15.252+0000] {processor.py:914} INFO - Processing file /home/airflow/.local/lib/python3.12/site-packages/airflow/example_dags/example_latest_only.py for tasks to queue
[2025-03-10T20:49:15.255+0000] {logging_mixin.py:190} INFO - [2025-03-10T20:49:15.254+0000] {dagbag.py:588} INFO - Filling up the DagBag from /home/airflow/.local/lib/python3.12/site-packages/airflow/example_dags/example_latest_only.py
[2025-03-10T20:49:15.261+0000] {processor.py:925} INFO - DAG(s) 'latest_only' retrieved from /home/airflow/.local/lib/python3.12/site-packages/airflow/example_dags/example_latest_only.py
[2025-03-10T20:49:15.291+0000] {logging_mixin.py:190} INFO - [2025-03-10T20:49:15.291+0000] {dag.py:3239} INFO - Sync 1 DAGs
[2025-03-10T20:49:15.329+0000] {logging_mixin.py:190} INFO - [2025-03-10T20:49:15.329+0000] {dag.py:4180} INFO - Setting next_dagrun for latest_only to 2025-03-10 16:00:00+00:00, run_after=2025-03-10 20:00:00+00:00
[2025-03-10T20:49:15.351+0000] {processor.py:208} INFO - Processing /home/airflow/.local/lib/python3.12/site-packages/airflow/example_dags/example_latest_only.py took 0.108 seconds
[2025-03-10T20:49:45.638+0000] {processor.py:186} INFO - Started process (PID=2512) to work on /home/airflow/.local/lib/python3.12/site-packages/airflow/example_dags/example_latest_only.py
[2025-03-10T20:49:45.639+0000] {processor.py:914} INFO - Processing file /home/airflow/.local/lib/python3.12/site-packages/airflow/example_dags/example_latest_only.py for tasks to queue
[2025-03-10T20:49:45.641+0000] {logging_mixin.py:190} INFO - [2025-03-10T20:49:45.641+0000] {dagbag.py:588} INFO - Filling up the DagBag from /home/airflow/.local/lib/python3.12/site-packages/airflow/example_dags/example_latest_only.py
[2025-03-10T20:49:45.647+0000] {processor.py:925} INFO - DAG(s) 'latest_only' retrieved from /home/airflow/.local/lib/python3.12/site-packages/airflow/example_dags/example_latest_only.py
[2025-03-10T20:49:45.672+0000] {logging_mixin.py:190} INFO - [2025-03-10T20:49:45.672+0000] {dag.py:3239} INFO - Sync 1 DAGs
[2025-03-10T20:49:45.702+0000] {logging_mixin.py:190} INFO - [2025-03-10T20:49:45.701+0000] {dag.py:4180} INFO - Setting next_dagrun for latest_only to 2025-03-10 16:00:00+00:00, run_after=2025-03-10 20:00:00+00:00
[2025-03-10T20:49:45.723+0000] {processor.py:208} INFO - Processing /home/airflow/.local/lib/python3.12/site-packages/airflow/example_dags/example_latest_only.py took 0.092 seconds
[2025-03-10T20:50:16.227+0000] {processor.py:186} INFO - Started process (PID=2575) to work on /home/airflow/.local/lib/python3.12/site-packages/airflow/example_dags/example_latest_only.py
[2025-03-10T20:50:16.227+0000] {processor.py:914} INFO - Processing file /home/airflow/.local/lib/python3.12/site-packages/airflow/example_dags/example_latest_only.py for tasks to queue
[2025-03-10T20:50:16.230+0000] {logging_mixin.py:190} INFO - [2025-03-10T20:50:16.230+0000] {dagbag.py:588} INFO - Filling up the DagBag from /home/airflow/.local/lib/python3.12/site-packages/airflow/example_dags/example_latest_only.py
[2025-03-10T20:50:16.237+0000] {processor.py:925} INFO - DAG(s) 'latest_only' retrieved from /home/airflow/.local/lib/python3.12/site-packages/airflow/example_dags/example_latest_only.py
[2025-03-10T20:50:16.262+0000] {logging_mixin.py:190} INFO - [2025-03-10T20:50:16.262+0000] {dag.py:3239} INFO - Sync 1 DAGs
[2025-03-10T20:50:16.299+0000] {logging_mixin.py:190} INFO - [2025-03-10T20:50:16.299+0000] {dag.py:4180} INFO - Setting next_dagrun for latest_only to 2025-03-10 16:00:00+00:00, run_after=2025-03-10 20:00:00+00:00
[2025-03-10T20:50:16.322+0000] {processor.py:208} INFO - Processing /home/airflow/.local/lib/python3.12/site-packages/airflow/example_dags/example_latest_only.py took 0.102 seconds
[2025-03-10T23:08:57.840+0000] {processor.py:186} INFO - Started process (PID=107) to work on /home/airflow/.local/lib/python3.12/site-packages/airflow/example_dags/example_latest_only.py
[2025-03-10T23:08:57.842+0000] {processor.py:914} INFO - Processing file /home/airflow/.local/lib/python3.12/site-packages/airflow/example_dags/example_latest_only.py for tasks to queue
[2025-03-10T23:08:57.845+0000] {logging_mixin.py:190} INFO - [2025-03-10T23:08:57.844+0000] {dagbag.py:588} INFO - Filling up the DagBag from /home/airflow/.local/lib/python3.12/site-packages/airflow/example_dags/example_latest_only.py
[2025-03-10T23:08:57.851+0000] {processor.py:925} INFO - DAG(s) 'latest_only' retrieved from /home/airflow/.local/lib/python3.12/site-packages/airflow/example_dags/example_latest_only.py
[2025-03-10T23:08:57.879+0000] {logging_mixin.py:190} INFO - [2025-03-10T23:08:57.879+0000] {dag.py:3239} INFO - Sync 1 DAGs
[2025-03-10T23:08:57.916+0000] {logging_mixin.py:190} INFO - [2025-03-10T23:08:57.915+0000] {dag.py:4180} INFO - Setting next_dagrun for latest_only to 2025-03-10 16:00:00+00:00, run_after=2025-03-10 20:00:00+00:00
[2025-03-10T23:08:57.936+0000] {processor.py:208} INFO - Processing /home/airflow/.local/lib/python3.12/site-packages/airflow/example_dags/example_latest_only.py took 0.103 seconds
[2025-03-10T23:10:33.360+0000] {processor.py:186} INFO - Started process (PID=164) to work on /home/airflow/.local/lib/python3.12/site-packages/airflow/example_dags/example_latest_only.py
[2025-03-10T23:10:33.361+0000] {processor.py:914} INFO - Processing file /home/airflow/.local/lib/python3.12/site-packages/airflow/example_dags/example_latest_only.py for tasks to queue
[2025-03-10T23:10:33.362+0000] {logging_mixin.py:190} INFO - [2025-03-10T23:10:33.362+0000] {dagbag.py:588} INFO - Filling up the DagBag from /home/airflow/.local/lib/python3.12/site-packages/airflow/example_dags/example_latest_only.py
[2025-03-10T23:10:33.370+0000] {processor.py:925} INFO - DAG(s) 'latest_only' retrieved from /home/airflow/.local/lib/python3.12/site-packages/airflow/example_dags/example_latest_only.py
[2025-03-10T23:10:33.393+0000] {logging_mixin.py:190} INFO - [2025-03-10T23:10:33.393+0000] {dag.py:3239} INFO - Sync 1 DAGs
[2025-03-10T23:10:33.423+0000] {logging_mixin.py:190} INFO - [2025-03-10T23:10:33.423+0000] {dag.py:4180} INFO - Setting next_dagrun for latest_only to 2025-03-10 16:00:00+00:00, run_after=2025-03-10 20:00:00+00:00
[2025-03-10T23:10:33.445+0000] {processor.py:208} INFO - Processing /home/airflow/.local/lib/python3.12/site-packages/airflow/example_dags/example_latest_only.py took 0.092 seconds
[2025-03-10T23:13:23.159+0000] {processor.py:186} INFO - Started process (PID=222) to work on /home/airflow/.local/lib/python3.12/site-packages/airflow/example_dags/example_latest_only.py
[2025-03-10T23:13:23.163+0000] {processor.py:914} INFO - Processing file /home/airflow/.local/lib/python3.12/site-packages/airflow/example_dags/example_latest_only.py for tasks to queue
[2025-03-10T23:13:23.169+0000] {logging_mixin.py:190} INFO - [2025-03-10T23:13:23.167+0000] {dagbag.py:588} INFO - Filling up the DagBag from /home/airflow/.local/lib/python3.12/site-packages/airflow/example_dags/example_latest_only.py
[2025-03-10T23:13:23.204+0000] {processor.py:925} INFO - DAG(s) 'latest_only' retrieved from /home/airflow/.local/lib/python3.12/site-packages/airflow/example_dags/example_latest_only.py
[2025-03-10T23:13:23.325+0000] {logging_mixin.py:190} INFO - [2025-03-10T23:13:23.324+0000] {dag.py:3239} INFO - Sync 1 DAGs
[2025-03-10T23:13:23.458+0000] {logging_mixin.py:190} INFO - [2025-03-10T23:13:23.457+0000] {dag.py:4180} INFO - Setting next_dagrun for latest_only to 2025-03-10 16:00:00+00:00, run_after=2025-03-10 20:00:00+00:00
[2025-03-10T23:13:23.635+0000] {processor.py:208} INFO - Processing /home/airflow/.local/lib/python3.12/site-packages/airflow/example_dags/example_latest_only.py took 0.510 seconds
[2025-03-10T23:14:58.758+0000] {processor.py:186} INFO - Started process (PID=295) to work on /home/airflow/.local/lib/python3.12/site-packages/airflow/example_dags/example_latest_only.py
[2025-03-10T23:14:58.763+0000] {processor.py:914} INFO - Processing file /home/airflow/.local/lib/python3.12/site-packages/airflow/example_dags/example_latest_only.py for tasks to queue
[2025-03-10T23:14:58.769+0000] {logging_mixin.py:190} INFO - [2025-03-10T23:14:58.768+0000] {dagbag.py:588} INFO - Filling up the DagBag from /home/airflow/.local/lib/python3.12/site-packages/airflow/example_dags/example_latest_only.py
[2025-03-10T23:14:58.812+0000] {processor.py:925} INFO - DAG(s) 'latest_only' retrieved from /home/airflow/.local/lib/python3.12/site-packages/airflow/example_dags/example_latest_only.py
[2025-03-10T23:14:58.946+0000] {logging_mixin.py:190} INFO - [2025-03-10T23:14:58.944+0000] {dag.py:3239} INFO - Sync 1 DAGs
[2025-03-10T23:14:59.130+0000] {logging_mixin.py:190} INFO - [2025-03-10T23:14:59.129+0000] {dag.py:4180} INFO - Setting next_dagrun for latest_only to 2025-03-10 16:00:00+00:00, run_after=2025-03-10 20:00:00+00:00
[2025-03-10T23:14:59.246+0000] {processor.py:208} INFO - Processing /home/airflow/.local/lib/python3.12/site-packages/airflow/example_dags/example_latest_only.py took 0.532 seconds
[2025-03-10T23:15:30.211+0000] {processor.py:186} INFO - Started process (PID=358) to work on /home/airflow/.local/lib/python3.12/site-packages/airflow/example_dags/example_latest_only.py
[2025-03-10T23:15:30.215+0000] {processor.py:914} INFO - Processing file /home/airflow/.local/lib/python3.12/site-packages/airflow/example_dags/example_latest_only.py for tasks to queue
[2025-03-10T23:15:30.219+0000] {logging_mixin.py:190} INFO - [2025-03-10T23:15:30.218+0000] {dagbag.py:588} INFO - Filling up the DagBag from /home/airflow/.local/lib/python3.12/site-packages/airflow/example_dags/example_latest_only.py
[2025-03-10T23:15:30.244+0000] {processor.py:925} INFO - DAG(s) 'latest_only' retrieved from /home/airflow/.local/lib/python3.12/site-packages/airflow/example_dags/example_latest_only.py
[2025-03-10T23:15:30.335+0000] {logging_mixin.py:190} INFO - [2025-03-10T23:15:30.334+0000] {dag.py:3239} INFO - Sync 1 DAGs
[2025-03-10T23:15:30.453+0000] {logging_mixin.py:190} INFO - [2025-03-10T23:15:30.452+0000] {dag.py:4180} INFO - Setting next_dagrun for latest_only to 2025-03-10 16:00:00+00:00, run_after=2025-03-10 20:00:00+00:00
[2025-03-10T23:15:30.546+0000] {processor.py:208} INFO - Processing /home/airflow/.local/lib/python3.12/site-packages/airflow/example_dags/example_latest_only.py took 0.360 seconds
[2025-03-10T23:16:00.844+0000] {processor.py:186} INFO - Started process (PID=420) to work on /home/airflow/.local/lib/python3.12/site-packages/airflow/example_dags/example_latest_only.py
[2025-03-10T23:16:00.845+0000] {processor.py:914} INFO - Processing file /home/airflow/.local/lib/python3.12/site-packages/airflow/example_dags/example_latest_only.py for tasks to queue
[2025-03-10T23:16:00.846+0000] {logging_mixin.py:190} INFO - [2025-03-10T23:16:00.846+0000] {dagbag.py:588} INFO - Filling up the DagBag from /home/airflow/.local/lib/python3.12/site-packages/airflow/example_dags/example_latest_only.py
[2025-03-10T23:16:00.854+0000] {processor.py:925} INFO - DAG(s) 'latest_only' retrieved from /home/airflow/.local/lib/python3.12/site-packages/airflow/example_dags/example_latest_only.py
[2025-03-10T23:16:00.886+0000] {logging_mixin.py:190} INFO - [2025-03-10T23:16:00.885+0000] {dag.py:3239} INFO - Sync 1 DAGs
[2025-03-10T23:16:00.928+0000] {logging_mixin.py:190} INFO - [2025-03-10T23:16:00.928+0000] {dag.py:4180} INFO - Setting next_dagrun for latest_only to 2025-03-10 16:00:00+00:00, run_after=2025-03-10 20:00:00+00:00
[2025-03-10T23:16:00.962+0000] {processor.py:208} INFO - Processing /home/airflow/.local/lib/python3.12/site-packages/airflow/example_dags/example_latest_only.py took 0.125 seconds
[2025-03-10T23:16:31.845+0000] {processor.py:186} INFO - Started process (PID=484) to work on /home/airflow/.local/lib/python3.12/site-packages/airflow/example_dags/example_latest_only.py
[2025-03-10T23:16:31.846+0000] {processor.py:914} INFO - Processing file /home/airflow/.local/lib/python3.12/site-packages/airflow/example_dags/example_latest_only.py for tasks to queue
[2025-03-10T23:16:31.848+0000] {logging_mixin.py:190} INFO - [2025-03-10T23:16:31.847+0000] {dagbag.py:588} INFO - Filling up the DagBag from /home/airflow/.local/lib/python3.12/site-packages/airflow/example_dags/example_latest_only.py
[2025-03-10T23:16:31.857+0000] {processor.py:925} INFO - DAG(s) 'latest_only' retrieved from /home/airflow/.local/lib/python3.12/site-packages/airflow/example_dags/example_latest_only.py
[2025-03-10T23:16:31.888+0000] {logging_mixin.py:190} INFO - [2025-03-10T23:16:31.887+0000] {dag.py:3239} INFO - Sync 1 DAGs
[2025-03-10T23:16:31.924+0000] {logging_mixin.py:190} INFO - [2025-03-10T23:16:31.923+0000] {dag.py:4180} INFO - Setting next_dagrun for latest_only to 2025-03-10 16:00:00+00:00, run_after=2025-03-10 20:00:00+00:00
[2025-03-10T23:16:31.955+0000] {processor.py:208} INFO - Processing /home/airflow/.local/lib/python3.12/site-packages/airflow/example_dags/example_latest_only.py took 0.117 seconds
[2025-03-10T23:17:02.488+0000] {processor.py:186} INFO - Started process (PID=547) to work on /home/airflow/.local/lib/python3.12/site-packages/airflow/example_dags/example_latest_only.py
[2025-03-10T23:17:02.489+0000] {processor.py:914} INFO - Processing file /home/airflow/.local/lib/python3.12/site-packages/airflow/example_dags/example_latest_only.py for tasks to queue
[2025-03-10T23:17:02.490+0000] {logging_mixin.py:190} INFO - [2025-03-10T23:17:02.490+0000] {dagbag.py:588} INFO - Filling up the DagBag from /home/airflow/.local/lib/python3.12/site-packages/airflow/example_dags/example_latest_only.py
[2025-03-10T23:17:02.498+0000] {processor.py:925} INFO - DAG(s) 'latest_only' retrieved from /home/airflow/.local/lib/python3.12/site-packages/airflow/example_dags/example_latest_only.py
[2025-03-10T23:17:02.529+0000] {logging_mixin.py:190} INFO - [2025-03-10T23:17:02.529+0000] {dag.py:3239} INFO - Sync 1 DAGs
[2025-03-10T23:17:02.561+0000] {logging_mixin.py:190} INFO - [2025-03-10T23:17:02.561+0000] {dag.py:4180} INFO - Setting next_dagrun for latest_only to 2025-03-10 16:00:00+00:00, run_after=2025-03-10 20:00:00+00:00
[2025-03-10T23:17:02.588+0000] {processor.py:208} INFO - Processing /home/airflow/.local/lib/python3.12/site-packages/airflow/example_dags/example_latest_only.py took 0.110 seconds
[2025-03-10T23:17:32.641+0000] {processor.py:186} INFO - Started process (PID=609) to work on /home/airflow/.local/lib/python3.12/site-packages/airflow/example_dags/example_latest_only.py
[2025-03-10T23:17:32.642+0000] {processor.py:914} INFO - Processing file /home/airflow/.local/lib/python3.12/site-packages/airflow/example_dags/example_latest_only.py for tasks to queue
[2025-03-10T23:17:32.643+0000] {logging_mixin.py:190} INFO - [2025-03-10T23:17:32.643+0000] {dagbag.py:588} INFO - Filling up the DagBag from /home/airflow/.local/lib/python3.12/site-packages/airflow/example_dags/example_latest_only.py
[2025-03-10T23:17:32.650+0000] {processor.py:925} INFO - DAG(s) 'latest_only' retrieved from /home/airflow/.local/lib/python3.12/site-packages/airflow/example_dags/example_latest_only.py
[2025-03-10T23:17:32.678+0000] {logging_mixin.py:190} INFO - [2025-03-10T23:17:32.678+0000] {dag.py:3239} INFO - Sync 1 DAGs
[2025-03-10T23:17:32.706+0000] {logging_mixin.py:190} INFO - [2025-03-10T23:17:32.706+0000] {dag.py:4180} INFO - Setting next_dagrun for latest_only to 2025-03-10 16:00:00+00:00, run_after=2025-03-10 20:00:00+00:00
[2025-03-10T23:17:32.729+0000] {processor.py:208} INFO - Processing /home/airflow/.local/lib/python3.12/site-packages/airflow/example_dags/example_latest_only.py took 0.094 seconds
[2025-03-10T23:18:03.365+0000] {processor.py:186} INFO - Started process (PID=672) to work on /home/airflow/.local/lib/python3.12/site-packages/airflow/example_dags/example_latest_only.py
[2025-03-10T23:18:03.366+0000] {processor.py:914} INFO - Processing file /home/airflow/.local/lib/python3.12/site-packages/airflow/example_dags/example_latest_only.py for tasks to queue
[2025-03-10T23:18:03.367+0000] {logging_mixin.py:190} INFO - [2025-03-10T23:18:03.367+0000] {dagbag.py:588} INFO - Filling up the DagBag from /home/airflow/.local/lib/python3.12/site-packages/airflow/example_dags/example_latest_only.py
[2025-03-10T23:18:03.375+0000] {processor.py:925} INFO - DAG(s) 'latest_only' retrieved from /home/airflow/.local/lib/python3.12/site-packages/airflow/example_dags/example_latest_only.py
[2025-03-10T23:18:03.406+0000] {logging_mixin.py:190} INFO - [2025-03-10T23:18:03.406+0000] {dag.py:3239} INFO - Sync 1 DAGs
[2025-03-10T23:18:03.439+0000] {logging_mixin.py:190} INFO - [2025-03-10T23:18:03.439+0000] {dag.py:4180} INFO - Setting next_dagrun for latest_only to 2025-03-10 16:00:00+00:00, run_after=2025-03-10 20:00:00+00:00
[2025-03-10T23:18:03.464+0000] {processor.py:208} INFO - Processing /home/airflow/.local/lib/python3.12/site-packages/airflow/example_dags/example_latest_only.py took 0.105 seconds
[2025-03-10T23:18:33.954+0000] {processor.py:186} INFO - Started process (PID=735) to work on /home/airflow/.local/lib/python3.12/site-packages/airflow/example_dags/example_latest_only.py
[2025-03-10T23:18:33.955+0000] {processor.py:914} INFO - Processing file /home/airflow/.local/lib/python3.12/site-packages/airflow/example_dags/example_latest_only.py for tasks to queue
[2025-03-10T23:18:33.956+0000] {logging_mixin.py:190} INFO - [2025-03-10T23:18:33.956+0000] {dagbag.py:588} INFO - Filling up the DagBag from /home/airflow/.local/lib/python3.12/site-packages/airflow/example_dags/example_latest_only.py
[2025-03-10T23:18:33.963+0000] {processor.py:925} INFO - DAG(s) 'latest_only' retrieved from /home/airflow/.local/lib/python3.12/site-packages/airflow/example_dags/example_latest_only.py
[2025-03-10T23:18:33.993+0000] {logging_mixin.py:190} INFO - [2025-03-10T23:18:33.993+0000] {dag.py:3239} INFO - Sync 1 DAGs
[2025-03-10T23:18:34.026+0000] {logging_mixin.py:190} INFO - [2025-03-10T23:18:34.026+0000] {dag.py:4180} INFO - Setting next_dagrun for latest_only to 2025-03-10 16:00:00+00:00, run_after=2025-03-10 20:00:00+00:00
[2025-03-10T23:18:34.047+0000] {processor.py:208} INFO - Processing /home/airflow/.local/lib/python3.12/site-packages/airflow/example_dags/example_latest_only.py took 0.101 seconds
[2025-03-10T23:19:04.490+0000] {processor.py:186} INFO - Started process (PID=798) to work on /home/airflow/.local/lib/python3.12/site-packages/airflow/example_dags/example_latest_only.py
[2025-03-10T23:19:04.491+0000] {processor.py:914} INFO - Processing file /home/airflow/.local/lib/python3.12/site-packages/airflow/example_dags/example_latest_only.py for tasks to queue
[2025-03-10T23:19:04.492+0000] {logging_mixin.py:190} INFO - [2025-03-10T23:19:04.492+0000] {dagbag.py:588} INFO - Filling up the DagBag from /home/airflow/.local/lib/python3.12/site-packages/airflow/example_dags/example_latest_only.py
[2025-03-10T23:19:04.500+0000] {processor.py:925} INFO - DAG(s) 'latest_only' retrieved from /home/airflow/.local/lib/python3.12/site-packages/airflow/example_dags/example_latest_only.py
[2025-03-10T23:19:04.526+0000] {logging_mixin.py:190} INFO - [2025-03-10T23:19:04.526+0000] {dag.py:3239} INFO - Sync 1 DAGs
[2025-03-10T23:19:04.558+0000] {logging_mixin.py:190} INFO - [2025-03-10T23:19:04.558+0000] {dag.py:4180} INFO - Setting next_dagrun for latest_only to 2025-03-10 16:00:00+00:00, run_after=2025-03-10 20:00:00+00:00
[2025-03-10T23:19:04.578+0000] {processor.py:208} INFO - Processing /home/airflow/.local/lib/python3.12/site-packages/airflow/example_dags/example_latest_only.py took 0.095 seconds
[2025-03-10T23:27:10.646+0000] {processor.py:186} INFO - Started process (PID=94) to work on /home/airflow/.local/lib/python3.12/site-packages/airflow/example_dags/example_latest_only.py
[2025-03-10T23:27:10.647+0000] {processor.py:914} INFO - Processing file /home/airflow/.local/lib/python3.12/site-packages/airflow/example_dags/example_latest_only.py for tasks to queue
[2025-03-10T23:27:10.650+0000] {logging_mixin.py:190} INFO - [2025-03-10T23:27:10.650+0000] {dagbag.py:588} INFO - Filling up the DagBag from /home/airflow/.local/lib/python3.12/site-packages/airflow/example_dags/example_latest_only.py
[2025-03-10T23:27:10.657+0000] {processor.py:925} INFO - DAG(s) 'latest_only' retrieved from /home/airflow/.local/lib/python3.12/site-packages/airflow/example_dags/example_latest_only.py
[2025-03-10T23:27:10.686+0000] {logging_mixin.py:190} INFO - [2025-03-10T23:27:10.686+0000] {dag.py:3239} INFO - Sync 1 DAGs
[2025-03-10T23:27:10.717+0000] {logging_mixin.py:190} INFO - [2025-03-10T23:27:10.717+0000] {dag.py:4180} INFO - Setting next_dagrun for latest_only to 2025-03-10 16:00:00+00:00, run_after=2025-03-10 20:00:00+00:00
[2025-03-10T23:27:10.740+0000] {processor.py:208} INFO - Processing /home/airflow/.local/lib/python3.12/site-packages/airflow/example_dags/example_latest_only.py took 0.100 seconds
[2025-03-10T23:27:41.795+0000] {processor.py:186} INFO - Started process (PID=157) to work on /home/airflow/.local/lib/python3.12/site-packages/airflow/example_dags/example_latest_only.py
[2025-03-10T23:27:41.796+0000] {processor.py:914} INFO - Processing file /home/airflow/.local/lib/python3.12/site-packages/airflow/example_dags/example_latest_only.py for tasks to queue
[2025-03-10T23:27:41.799+0000] {logging_mixin.py:190} INFO - [2025-03-10T23:27:41.798+0000] {dagbag.py:588} INFO - Filling up the DagBag from /home/airflow/.local/lib/python3.12/site-packages/airflow/example_dags/example_latest_only.py
[2025-03-10T23:27:41.805+0000] {processor.py:925} INFO - DAG(s) 'latest_only' retrieved from /home/airflow/.local/lib/python3.12/site-packages/airflow/example_dags/example_latest_only.py
[2025-03-10T23:27:41.827+0000] {logging_mixin.py:190} INFO - [2025-03-10T23:27:41.827+0000] {dag.py:3239} INFO - Sync 1 DAGs
[2025-03-10T23:27:41.855+0000] {logging_mixin.py:190} INFO - [2025-03-10T23:27:41.855+0000] {dag.py:4180} INFO - Setting next_dagrun for latest_only to 2025-03-10 16:00:00+00:00, run_after=2025-03-10 20:00:00+00:00
[2025-03-10T23:27:41.876+0000] {processor.py:208} INFO - Processing /home/airflow/.local/lib/python3.12/site-packages/airflow/example_dags/example_latest_only.py took 0.087 seconds
[2025-03-10T23:28:12.310+0000] {processor.py:186} INFO - Started process (PID=220) to work on /home/airflow/.local/lib/python3.12/site-packages/airflow/example_dags/example_latest_only.py
[2025-03-10T23:28:12.311+0000] {processor.py:914} INFO - Processing file /home/airflow/.local/lib/python3.12/site-packages/airflow/example_dags/example_latest_only.py for tasks to queue
[2025-03-10T23:28:12.314+0000] {logging_mixin.py:190} INFO - [2025-03-10T23:28:12.313+0000] {dagbag.py:588} INFO - Filling up the DagBag from /home/airflow/.local/lib/python3.12/site-packages/airflow/example_dags/example_latest_only.py
[2025-03-10T23:28:12.319+0000] {processor.py:925} INFO - DAG(s) 'latest_only' retrieved from /home/airflow/.local/lib/python3.12/site-packages/airflow/example_dags/example_latest_only.py
[2025-03-10T23:28:12.343+0000] {logging_mixin.py:190} INFO - [2025-03-10T23:28:12.343+0000] {dag.py:3239} INFO - Sync 1 DAGs
[2025-03-10T23:28:12.370+0000] {logging_mixin.py:190} INFO - [2025-03-10T23:28:12.370+0000] {dag.py:4180} INFO - Setting next_dagrun for latest_only to 2025-03-10 16:00:00+00:00, run_after=2025-03-10 20:00:00+00:00
[2025-03-10T23:28:12.392+0000] {processor.py:208} INFO - Processing /home/airflow/.local/lib/python3.12/site-packages/airflow/example_dags/example_latest_only.py took 0.089 seconds
[2025-03-10T23:28:43.259+0000] {processor.py:186} INFO - Started process (PID=283) to work on /home/airflow/.local/lib/python3.12/site-packages/airflow/example_dags/example_latest_only.py
[2025-03-10T23:28:43.260+0000] {processor.py:914} INFO - Processing file /home/airflow/.local/lib/python3.12/site-packages/airflow/example_dags/example_latest_only.py for tasks to queue
[2025-03-10T23:28:43.263+0000] {logging_mixin.py:190} INFO - [2025-03-10T23:28:43.263+0000] {dagbag.py:588} INFO - Filling up the DagBag from /home/airflow/.local/lib/python3.12/site-packages/airflow/example_dags/example_latest_only.py
[2025-03-10T23:28:43.269+0000] {processor.py:925} INFO - DAG(s) 'latest_only' retrieved from /home/airflow/.local/lib/python3.12/site-packages/airflow/example_dags/example_latest_only.py
[2025-03-10T23:28:43.302+0000] {logging_mixin.py:190} INFO - [2025-03-10T23:28:43.301+0000] {dag.py:3239} INFO - Sync 1 DAGs
[2025-03-10T23:28:43.336+0000] {logging_mixin.py:190} INFO - [2025-03-10T23:28:43.336+0000] {dag.py:4180} INFO - Setting next_dagrun for latest_only to 2025-03-10 16:00:00+00:00, run_after=2025-03-10 20:00:00+00:00
[2025-03-10T23:28:43.359+0000] {processor.py:208} INFO - Processing /home/airflow/.local/lib/python3.12/site-packages/airflow/example_dags/example_latest_only.py took 0.107 seconds
[2025-03-10T23:29:14.484+0000] {processor.py:186} INFO - Started process (PID=346) to work on /home/airflow/.local/lib/python3.12/site-packages/airflow/example_dags/example_latest_only.py
[2025-03-10T23:29:14.485+0000] {processor.py:914} INFO - Processing file /home/airflow/.local/lib/python3.12/site-packages/airflow/example_dags/example_latest_only.py for tasks to queue
[2025-03-10T23:29:14.488+0000] {logging_mixin.py:190} INFO - [2025-03-10T23:29:14.487+0000] {dagbag.py:588} INFO - Filling up the DagBag from /home/airflow/.local/lib/python3.12/site-packages/airflow/example_dags/example_latest_only.py
[2025-03-10T23:29:14.494+0000] {processor.py:925} INFO - DAG(s) 'latest_only' retrieved from /home/airflow/.local/lib/python3.12/site-packages/airflow/example_dags/example_latest_only.py
[2025-03-10T23:29:14.521+0000] {logging_mixin.py:190} INFO - [2025-03-10T23:29:14.520+0000] {dag.py:3239} INFO - Sync 1 DAGs
[2025-03-10T23:29:14.551+0000] {logging_mixin.py:190} INFO - [2025-03-10T23:29:14.551+0000] {dag.py:4180} INFO - Setting next_dagrun for latest_only to 2025-03-10 16:00:00+00:00, run_after=2025-03-10 20:00:00+00:00
[2025-03-10T23:29:14.576+0000] {processor.py:208} INFO - Processing /home/airflow/.local/lib/python3.12/site-packages/airflow/example_dags/example_latest_only.py took 0.098 seconds
[2025-03-10T23:35:21.203+0000] {processor.py:186} INFO - Started process (PID=114) to work on /home/airflow/.local/lib/python3.12/site-packages/airflow/example_dags/example_latest_only.py
[2025-03-10T23:35:21.210+0000] {processor.py:914} INFO - Processing file /home/airflow/.local/lib/python3.12/site-packages/airflow/example_dags/example_latest_only.py for tasks to queue
[2025-03-10T23:35:21.232+0000] {logging_mixin.py:190} INFO - [2025-03-10T23:35:21.230+0000] {dagbag.py:588} INFO - Filling up the DagBag from /home/airflow/.local/lib/python3.12/site-packages/airflow/example_dags/example_latest_only.py
[2025-03-10T23:35:21.279+0000] {processor.py:925} INFO - DAG(s) 'latest_only' retrieved from /home/airflow/.local/lib/python3.12/site-packages/airflow/example_dags/example_latest_only.py
[2025-03-10T23:35:21.413+0000] {logging_mixin.py:190} INFO - [2025-03-10T23:35:21.412+0000] {dag.py:3239} INFO - Sync 1 DAGs
[2025-03-10T23:35:21.563+0000] {logging_mixin.py:190} INFO - [2025-03-10T23:35:21.562+0000] {dag.py:4180} INFO - Setting next_dagrun for latest_only to 2025-03-10 16:00:00+00:00, run_after=2025-03-10 20:00:00+00:00
[2025-03-10T23:35:21.711+0000] {processor.py:208} INFO - Processing /home/airflow/.local/lib/python3.12/site-packages/airflow/example_dags/example_latest_only.py took 0.584 seconds
[2025-03-10T23:35:51.925+0000] {processor.py:186} INFO - Started process (PID=177) to work on /home/airflow/.local/lib/python3.12/site-packages/airflow/example_dags/example_latest_only.py
[2025-03-10T23:35:51.926+0000] {processor.py:914} INFO - Processing file /home/airflow/.local/lib/python3.12/site-packages/airflow/example_dags/example_latest_only.py for tasks to queue
[2025-03-10T23:35:51.929+0000] {logging_mixin.py:190} INFO - [2025-03-10T23:35:51.928+0000] {dagbag.py:588} INFO - Filling up the DagBag from /home/airflow/.local/lib/python3.12/site-packages/airflow/example_dags/example_latest_only.py
[2025-03-10T23:35:51.935+0000] {processor.py:925} INFO - DAG(s) 'latest_only' retrieved from /home/airflow/.local/lib/python3.12/site-packages/airflow/example_dags/example_latest_only.py
[2025-03-10T23:35:51.959+0000] {logging_mixin.py:190} INFO - [2025-03-10T23:35:51.959+0000] {dag.py:3239} INFO - Sync 1 DAGs
[2025-03-10T23:35:51.987+0000] {logging_mixin.py:190} INFO - [2025-03-10T23:35:51.987+0000] {dag.py:4180} INFO - Setting next_dagrun for latest_only to 2025-03-10 16:00:00+00:00, run_after=2025-03-10 20:00:00+00:00
[2025-03-10T23:35:52.014+0000] {processor.py:208} INFO - Processing /home/airflow/.local/lib/python3.12/site-packages/airflow/example_dags/example_latest_only.py took 0.096 seconds
[2025-03-10T23:36:22.191+0000] {processor.py:186} INFO - Started process (PID=240) to work on /home/airflow/.local/lib/python3.12/site-packages/airflow/example_dags/example_latest_only.py
[2025-03-10T23:36:22.192+0000] {processor.py:914} INFO - Processing file /home/airflow/.local/lib/python3.12/site-packages/airflow/example_dags/example_latest_only.py for tasks to queue
[2025-03-10T23:36:22.195+0000] {logging_mixin.py:190} INFO - [2025-03-10T23:36:22.195+0000] {dagbag.py:588} INFO - Filling up the DagBag from /home/airflow/.local/lib/python3.12/site-packages/airflow/example_dags/example_latest_only.py
[2025-03-10T23:36:22.202+0000] {processor.py:925} INFO - DAG(s) 'latest_only' retrieved from /home/airflow/.local/lib/python3.12/site-packages/airflow/example_dags/example_latest_only.py
[2025-03-10T23:36:22.225+0000] {logging_mixin.py:190} INFO - [2025-03-10T23:36:22.225+0000] {dag.py:3239} INFO - Sync 1 DAGs
[2025-03-10T23:36:22.252+0000] {logging_mixin.py:190} INFO - [2025-03-10T23:36:22.252+0000] {dag.py:4180} INFO - Setting next_dagrun for latest_only to 2025-03-10 16:00:00+00:00, run_after=2025-03-10 20:00:00+00:00
[2025-03-10T23:36:22.271+0000] {processor.py:208} INFO - Processing /home/airflow/.local/lib/python3.12/site-packages/airflow/example_dags/example_latest_only.py took 0.086 seconds
[2025-03-10T23:36:52.428+0000] {processor.py:186} INFO - Started process (PID=303) to work on /home/airflow/.local/lib/python3.12/site-packages/airflow/example_dags/example_latest_only.py
[2025-03-10T23:36:52.429+0000] {processor.py:914} INFO - Processing file /home/airflow/.local/lib/python3.12/site-packages/airflow/example_dags/example_latest_only.py for tasks to queue
[2025-03-10T23:36:52.431+0000] {logging_mixin.py:190} INFO - [2025-03-10T23:36:52.431+0000] {dagbag.py:588} INFO - Filling up the DagBag from /home/airflow/.local/lib/python3.12/site-packages/airflow/example_dags/example_latest_only.py
[2025-03-10T23:36:52.437+0000] {processor.py:925} INFO - DAG(s) 'latest_only' retrieved from /home/airflow/.local/lib/python3.12/site-packages/airflow/example_dags/example_latest_only.py
[2025-03-10T23:36:52.461+0000] {logging_mixin.py:190} INFO - [2025-03-10T23:36:52.461+0000] {dag.py:3239} INFO - Sync 1 DAGs
[2025-03-10T23:36:52.490+0000] {logging_mixin.py:190} INFO - [2025-03-10T23:36:52.489+0000] {dag.py:4180} INFO - Setting next_dagrun for latest_only to 2025-03-10 16:00:00+00:00, run_after=2025-03-10 20:00:00+00:00
[2025-03-10T23:36:52.510+0000] {processor.py:208} INFO - Processing /home/airflow/.local/lib/python3.12/site-packages/airflow/example_dags/example_latest_only.py took 0.089 seconds
[2025-03-10T23:37:23.199+0000] {processor.py:186} INFO - Started process (PID=366) to work on /home/airflow/.local/lib/python3.12/site-packages/airflow/example_dags/example_latest_only.py
[2025-03-10T23:37:23.200+0000] {processor.py:914} INFO - Processing file /home/airflow/.local/lib/python3.12/site-packages/airflow/example_dags/example_latest_only.py for tasks to queue
[2025-03-10T23:37:23.203+0000] {logging_mixin.py:190} INFO - [2025-03-10T23:37:23.203+0000] {dagbag.py:588} INFO - Filling up the DagBag from /home/airflow/.local/lib/python3.12/site-packages/airflow/example_dags/example_latest_only.py
[2025-03-10T23:37:23.210+0000] {processor.py:925} INFO - DAG(s) 'latest_only' retrieved from /home/airflow/.local/lib/python3.12/site-packages/airflow/example_dags/example_latest_only.py
[2025-03-10T23:37:23.240+0000] {logging_mixin.py:190} INFO - [2025-03-10T23:37:23.240+0000] {dag.py:3239} INFO - Sync 1 DAGs
[2025-03-10T23:37:23.272+0000] {logging_mixin.py:190} INFO - [2025-03-10T23:37:23.272+0000] {dag.py:4180} INFO - Setting next_dagrun for latest_only to 2025-03-10 16:00:00+00:00, run_after=2025-03-10 20:00:00+00:00
[2025-03-10T23:37:23.293+0000] {processor.py:208} INFO - Processing /home/airflow/.local/lib/python3.12/site-packages/airflow/example_dags/example_latest_only.py took 0.102 seconds
