[2025-03-10T20:30:12.006+0000] {processor.py:186} INFO - Started process (PID=110) to work on /home/airflow/.local/lib/python3.12/site-packages/airflow/example_dags/example_params_trigger_ui.py
[2025-03-10T20:30:12.009+0000] {processor.py:914} INFO - Processing file /home/airflow/.local/lib/python3.12/site-packages/airflow/example_dags/example_params_trigger_ui.py for tasks to queue
[2025-03-10T20:30:12.023+0000] {logging_mixin.py:190} INFO - [2025-03-10T20:30:12.021+0000] {dagbag.py:588} INFO - Filling up the DagBag from /home/airflow/.local/lib/python3.12/site-packages/airflow/example_dags/example_params_trigger_ui.py
[2025-03-10T20:30:12.105+0000] {processor.py:925} INFO - DAG(s) 'example_params_trigger_ui' retrieved from /home/airflow/.local/lib/python3.12/site-packages/airflow/example_dags/example_params_trigger_ui.py
[2025-03-10T20:30:12.599+0000] {logging_mixin.py:190} INFO - [2025-03-10T20:30:12.597+0000] {override.py:1912} INFO - Created Permission View: can read on DAG:example_params_trigger_ui
[2025-03-10T20:30:12.637+0000] {logging_mixin.py:190} INFO - [2025-03-10T20:30:12.636+0000] {override.py:1912} INFO - Created Permission View: can edit on DAG:example_params_trigger_ui
[2025-03-10T20:30:12.665+0000] {logging_mixin.py:190} INFO - [2025-03-10T20:30:12.663+0000] {override.py:1912} INFO - Created Permission View: can delete on DAG:example_params_trigger_ui
[2025-03-10T20:30:12.690+0000] {logging_mixin.py:190} INFO - [2025-03-10T20:30:12.689+0000] {override.py:1912} INFO - Created Permission View: menu access on DAG Run:example_params_trigger_ui
[2025-03-10T20:30:12.719+0000] {logging_mixin.py:190} INFO - [2025-03-10T20:30:12.717+0000] {override.py:1912} INFO - Created Permission View: can read on DAG Run:example_params_trigger_ui
[2025-03-10T20:30:12.747+0000] {logging_mixin.py:190} INFO - [2025-03-10T20:30:12.745+0000] {override.py:1912} INFO - Created Permission View: can create on DAG Run:example_params_trigger_ui
[2025-03-10T20:30:12.771+0000] {logging_mixin.py:190} INFO - [2025-03-10T20:30:12.770+0000] {override.py:1912} INFO - Created Permission View: can delete on DAG Run:example_params_trigger_ui
[2025-03-10T20:30:12.774+0000] {logging_mixin.py:190} INFO - [2025-03-10T20:30:12.773+0000] {dag.py:3239} INFO - Sync 1 DAGs
[2025-03-10T20:30:12.851+0000] {logging_mixin.py:190} INFO - [2025-03-10T20:30:12.849+0000] {dag.py:3262} INFO - Creating ORM DAG for example_params_trigger_ui
[2025-03-10T20:30:12.854+0000] {logging_mixin.py:190} INFO - [2025-03-10T20:30:12.853+0000] {dag.py:4180} INFO - Setting next_dagrun for example_params_trigger_ui to None, run_after=None
[2025-03-10T20:30:12.957+0000] {processor.py:208} INFO - Processing /home/airflow/.local/lib/python3.12/site-packages/airflow/example_dags/example_params_trigger_ui.py took 0.979 seconds
[2025-03-10T20:30:43.206+0000] {processor.py:186} INFO - Started process (PID=173) to work on /home/airflow/.local/lib/python3.12/site-packages/airflow/example_dags/example_params_trigger_ui.py
[2025-03-10T20:30:43.207+0000] {processor.py:914} INFO - Processing file /home/airflow/.local/lib/python3.12/site-packages/airflow/example_dags/example_params_trigger_ui.py for tasks to queue
[2025-03-10T20:30:43.210+0000] {logging_mixin.py:190} INFO - [2025-03-10T20:30:43.210+0000] {dagbag.py:588} INFO - Filling up the DagBag from /home/airflow/.local/lib/python3.12/site-packages/airflow/example_dags/example_params_trigger_ui.py
[2025-03-10T20:30:43.223+0000] {processor.py:925} INFO - DAG(s) 'example_params_trigger_ui' retrieved from /home/airflow/.local/lib/python3.12/site-packages/airflow/example_dags/example_params_trigger_ui.py
[2025-03-10T20:30:43.283+0000] {logging_mixin.py:190} INFO - [2025-03-10T20:30:43.282+0000] {dag.py:3239} INFO - Sync 1 DAGs
[2025-03-10T20:30:43.301+0000] {logging_mixin.py:190} INFO - [2025-03-10T20:30:43.301+0000] {dag.py:4180} INFO - Setting next_dagrun for example_params_trigger_ui to None, run_after=None
[2025-03-10T20:30:43.321+0000] {processor.py:208} INFO - Processing /home/airflow/.local/lib/python3.12/site-packages/airflow/example_dags/example_params_trigger_ui.py took 0.125 seconds
[2025-03-10T20:31:14.047+0000] {processor.py:186} INFO - Started process (PID=236) to work on /home/airflow/.local/lib/python3.12/site-packages/airflow/example_dags/example_params_trigger_ui.py
[2025-03-10T20:31:14.050+0000] {processor.py:914} INFO - Processing file /home/airflow/.local/lib/python3.12/site-packages/airflow/example_dags/example_params_trigger_ui.py for tasks to queue
[2025-03-10T20:31:14.059+0000] {logging_mixin.py:190} INFO - [2025-03-10T20:31:14.058+0000] {dagbag.py:588} INFO - Filling up the DagBag from /home/airflow/.local/lib/python3.12/site-packages/airflow/example_dags/example_params_trigger_ui.py
[2025-03-10T20:31:14.102+0000] {processor.py:925} INFO - DAG(s) 'example_params_trigger_ui' retrieved from /home/airflow/.local/lib/python3.12/site-packages/airflow/example_dags/example_params_trigger_ui.py
[2025-03-10T20:31:14.366+0000] {logging_mixin.py:190} INFO - [2025-03-10T20:31:14.365+0000] {dag.py:3239} INFO - Sync 1 DAGs
[2025-03-10T20:31:14.439+0000] {logging_mixin.py:190} INFO - [2025-03-10T20:31:14.438+0000] {dag.py:4180} INFO - Setting next_dagrun for example_params_trigger_ui to None, run_after=None
[2025-03-10T20:31:14.514+0000] {processor.py:208} INFO - Processing /home/airflow/.local/lib/python3.12/site-packages/airflow/example_dags/example_params_trigger_ui.py took 0.490 seconds
[2025-03-10T20:31:44.686+0000] {processor.py:186} INFO - Started process (PID=299) to work on /home/airflow/.local/lib/python3.12/site-packages/airflow/example_dags/example_params_trigger_ui.py
[2025-03-10T20:31:44.687+0000] {processor.py:914} INFO - Processing file /home/airflow/.local/lib/python3.12/site-packages/airflow/example_dags/example_params_trigger_ui.py for tasks to queue
[2025-03-10T20:31:44.690+0000] {logging_mixin.py:190} INFO - [2025-03-10T20:31:44.689+0000] {dagbag.py:588} INFO - Filling up the DagBag from /home/airflow/.local/lib/python3.12/site-packages/airflow/example_dags/example_params_trigger_ui.py
[2025-03-10T20:31:44.702+0000] {processor.py:925} INFO - DAG(s) 'example_params_trigger_ui' retrieved from /home/airflow/.local/lib/python3.12/site-packages/airflow/example_dags/example_params_trigger_ui.py
[2025-03-10T20:31:44.761+0000] {logging_mixin.py:190} INFO - [2025-03-10T20:31:44.760+0000] {dag.py:3239} INFO - Sync 1 DAGs
[2025-03-10T20:31:44.780+0000] {logging_mixin.py:190} INFO - [2025-03-10T20:31:44.780+0000] {dag.py:4180} INFO - Setting next_dagrun for example_params_trigger_ui to None, run_after=None
[2025-03-10T20:31:44.801+0000] {processor.py:208} INFO - Processing /home/airflow/.local/lib/python3.12/site-packages/airflow/example_dags/example_params_trigger_ui.py took 0.122 seconds
[2025-03-10T20:32:15.065+0000] {processor.py:186} INFO - Started process (PID=362) to work on /home/airflow/.local/lib/python3.12/site-packages/airflow/example_dags/example_params_trigger_ui.py
[2025-03-10T20:32:15.066+0000] {processor.py:914} INFO - Processing file /home/airflow/.local/lib/python3.12/site-packages/airflow/example_dags/example_params_trigger_ui.py for tasks to queue
[2025-03-10T20:32:15.068+0000] {logging_mixin.py:190} INFO - [2025-03-10T20:32:15.068+0000] {dagbag.py:588} INFO - Filling up the DagBag from /home/airflow/.local/lib/python3.12/site-packages/airflow/example_dags/example_params_trigger_ui.py
[2025-03-10T20:32:15.081+0000] {processor.py:925} INFO - DAG(s) 'example_params_trigger_ui' retrieved from /home/airflow/.local/lib/python3.12/site-packages/airflow/example_dags/example_params_trigger_ui.py
[2025-03-10T20:32:15.138+0000] {logging_mixin.py:190} INFO - [2025-03-10T20:32:15.138+0000] {dag.py:3239} INFO - Sync 1 DAGs
[2025-03-10T20:32:15.156+0000] {logging_mixin.py:190} INFO - [2025-03-10T20:32:15.156+0000] {dag.py:4180} INFO - Setting next_dagrun for example_params_trigger_ui to None, run_after=None
[2025-03-10T20:32:15.176+0000] {processor.py:208} INFO - Processing /home/airflow/.local/lib/python3.12/site-packages/airflow/example_dags/example_params_trigger_ui.py took 0.119 seconds
[2025-03-10T20:32:45.363+0000] {processor.py:186} INFO - Started process (PID=425) to work on /home/airflow/.local/lib/python3.12/site-packages/airflow/example_dags/example_params_trigger_ui.py
[2025-03-10T20:32:45.364+0000] {processor.py:914} INFO - Processing file /home/airflow/.local/lib/python3.12/site-packages/airflow/example_dags/example_params_trigger_ui.py for tasks to queue
[2025-03-10T20:32:45.367+0000] {logging_mixin.py:190} INFO - [2025-03-10T20:32:45.367+0000] {dagbag.py:588} INFO - Filling up the DagBag from /home/airflow/.local/lib/python3.12/site-packages/airflow/example_dags/example_params_trigger_ui.py
[2025-03-10T20:32:45.380+0000] {processor.py:925} INFO - DAG(s) 'example_params_trigger_ui' retrieved from /home/airflow/.local/lib/python3.12/site-packages/airflow/example_dags/example_params_trigger_ui.py
[2025-03-10T20:32:45.465+0000] {logging_mixin.py:190} INFO - [2025-03-10T20:32:45.465+0000] {dag.py:3239} INFO - Sync 1 DAGs
[2025-03-10T20:32:45.485+0000] {logging_mixin.py:190} INFO - [2025-03-10T20:32:45.485+0000] {dag.py:4180} INFO - Setting next_dagrun for example_params_trigger_ui to None, run_after=None
[2025-03-10T20:32:45.504+0000] {processor.py:208} INFO - Processing /home/airflow/.local/lib/python3.12/site-packages/airflow/example_dags/example_params_trigger_ui.py took 0.150 seconds
[2025-03-10T20:33:16.268+0000] {processor.py:186} INFO - Started process (PID=488) to work on /home/airflow/.local/lib/python3.12/site-packages/airflow/example_dags/example_params_trigger_ui.py
[2025-03-10T20:33:16.269+0000] {processor.py:914} INFO - Processing file /home/airflow/.local/lib/python3.12/site-packages/airflow/example_dags/example_params_trigger_ui.py for tasks to queue
[2025-03-10T20:33:16.271+0000] {logging_mixin.py:190} INFO - [2025-03-10T20:33:16.271+0000] {dagbag.py:588} INFO - Filling up the DagBag from /home/airflow/.local/lib/python3.12/site-packages/airflow/example_dags/example_params_trigger_ui.py
[2025-03-10T20:33:16.284+0000] {processor.py:925} INFO - DAG(s) 'example_params_trigger_ui' retrieved from /home/airflow/.local/lib/python3.12/site-packages/airflow/example_dags/example_params_trigger_ui.py
[2025-03-10T20:33:16.343+0000] {logging_mixin.py:190} INFO - [2025-03-10T20:33:16.343+0000] {dag.py:3239} INFO - Sync 1 DAGs
[2025-03-10T20:33:16.362+0000] {logging_mixin.py:190} INFO - [2025-03-10T20:33:16.362+0000] {dag.py:4180} INFO - Setting next_dagrun for example_params_trigger_ui to None, run_after=None
[2025-03-10T20:33:16.383+0000] {processor.py:208} INFO - Processing /home/airflow/.local/lib/python3.12/site-packages/airflow/example_dags/example_params_trigger_ui.py took 0.122 seconds
[2025-03-10T20:33:46.933+0000] {processor.py:186} INFO - Started process (PID=551) to work on /home/airflow/.local/lib/python3.12/site-packages/airflow/example_dags/example_params_trigger_ui.py
[2025-03-10T20:33:46.934+0000] {processor.py:914} INFO - Processing file /home/airflow/.local/lib/python3.12/site-packages/airflow/example_dags/example_params_trigger_ui.py for tasks to queue
[2025-03-10T20:33:46.936+0000] {logging_mixin.py:190} INFO - [2025-03-10T20:33:46.936+0000] {dagbag.py:588} INFO - Filling up the DagBag from /home/airflow/.local/lib/python3.12/site-packages/airflow/example_dags/example_params_trigger_ui.py
[2025-03-10T20:33:46.948+0000] {processor.py:925} INFO - DAG(s) 'example_params_trigger_ui' retrieved from /home/airflow/.local/lib/python3.12/site-packages/airflow/example_dags/example_params_trigger_ui.py
[2025-03-10T20:33:47.015+0000] {logging_mixin.py:190} INFO - [2025-03-10T20:33:47.015+0000] {dag.py:3239} INFO - Sync 1 DAGs
[2025-03-10T20:33:47.037+0000] {logging_mixin.py:190} INFO - [2025-03-10T20:33:47.036+0000] {dag.py:4180} INFO - Setting next_dagrun for example_params_trigger_ui to None, run_after=None
[2025-03-10T20:33:47.060+0000] {processor.py:208} INFO - Processing /home/airflow/.local/lib/python3.12/site-packages/airflow/example_dags/example_params_trigger_ui.py took 0.134 seconds
[2025-03-10T20:34:17.156+0000] {processor.py:186} INFO - Started process (PID=613) to work on /home/airflow/.local/lib/python3.12/site-packages/airflow/example_dags/example_params_trigger_ui.py
[2025-03-10T20:34:17.157+0000] {processor.py:914} INFO - Processing file /home/airflow/.local/lib/python3.12/site-packages/airflow/example_dags/example_params_trigger_ui.py for tasks to queue
[2025-03-10T20:34:17.160+0000] {logging_mixin.py:190} INFO - [2025-03-10T20:34:17.160+0000] {dagbag.py:588} INFO - Filling up the DagBag from /home/airflow/.local/lib/python3.12/site-packages/airflow/example_dags/example_params_trigger_ui.py
[2025-03-10T20:34:17.173+0000] {processor.py:925} INFO - DAG(s) 'example_params_trigger_ui' retrieved from /home/airflow/.local/lib/python3.12/site-packages/airflow/example_dags/example_params_trigger_ui.py
[2025-03-10T20:34:17.229+0000] {logging_mixin.py:190} INFO - [2025-03-10T20:34:17.229+0000] {dag.py:3239} INFO - Sync 1 DAGs
[2025-03-10T20:34:17.246+0000] {logging_mixin.py:190} INFO - [2025-03-10T20:34:17.246+0000] {dag.py:4180} INFO - Setting next_dagrun for example_params_trigger_ui to None, run_after=None
[2025-03-10T20:34:17.269+0000] {processor.py:208} INFO - Processing /home/airflow/.local/lib/python3.12/site-packages/airflow/example_dags/example_params_trigger_ui.py took 0.121 seconds
[2025-03-10T20:34:47.681+0000] {processor.py:186} INFO - Started process (PID=676) to work on /home/airflow/.local/lib/python3.12/site-packages/airflow/example_dags/example_params_trigger_ui.py
[2025-03-10T20:34:47.682+0000] {processor.py:914} INFO - Processing file /home/airflow/.local/lib/python3.12/site-packages/airflow/example_dags/example_params_trigger_ui.py for tasks to queue
[2025-03-10T20:34:47.685+0000] {logging_mixin.py:190} INFO - [2025-03-10T20:34:47.685+0000] {dagbag.py:588} INFO - Filling up the DagBag from /home/airflow/.local/lib/python3.12/site-packages/airflow/example_dags/example_params_trigger_ui.py
[2025-03-10T20:34:47.697+0000] {processor.py:925} INFO - DAG(s) 'example_params_trigger_ui' retrieved from /home/airflow/.local/lib/python3.12/site-packages/airflow/example_dags/example_params_trigger_ui.py
[2025-03-10T20:34:47.762+0000] {logging_mixin.py:190} INFO - [2025-03-10T20:34:47.762+0000] {dag.py:3239} INFO - Sync 1 DAGs
[2025-03-10T20:34:47.786+0000] {logging_mixin.py:190} INFO - [2025-03-10T20:34:47.786+0000] {dag.py:4180} INFO - Setting next_dagrun for example_params_trigger_ui to None, run_after=None
[2025-03-10T20:34:47.810+0000] {processor.py:208} INFO - Processing /home/airflow/.local/lib/python3.12/site-packages/airflow/example_dags/example_params_trigger_ui.py took 0.135 seconds
[2025-03-10T20:35:19.005+0000] {processor.py:186} INFO - Started process (PID=740) to work on /home/airflow/.local/lib/python3.12/site-packages/airflow/example_dags/example_params_trigger_ui.py
[2025-03-10T20:35:19.006+0000] {processor.py:914} INFO - Processing file /home/airflow/.local/lib/python3.12/site-packages/airflow/example_dags/example_params_trigger_ui.py for tasks to queue
[2025-03-10T20:35:19.009+0000] {logging_mixin.py:190} INFO - [2025-03-10T20:35:19.008+0000] {dagbag.py:588} INFO - Filling up the DagBag from /home/airflow/.local/lib/python3.12/site-packages/airflow/example_dags/example_params_trigger_ui.py
[2025-03-10T20:35:19.023+0000] {processor.py:925} INFO - DAG(s) 'example_params_trigger_ui' retrieved from /home/airflow/.local/lib/python3.12/site-packages/airflow/example_dags/example_params_trigger_ui.py
[2025-03-10T20:35:19.084+0000] {logging_mixin.py:190} INFO - [2025-03-10T20:35:19.083+0000] {dag.py:3239} INFO - Sync 1 DAGs
[2025-03-10T20:35:19.102+0000] {logging_mixin.py:190} INFO - [2025-03-10T20:35:19.101+0000] {dag.py:4180} INFO - Setting next_dagrun for example_params_trigger_ui to None, run_after=None
[2025-03-10T20:35:19.126+0000] {processor.py:208} INFO - Processing /home/airflow/.local/lib/python3.12/site-packages/airflow/example_dags/example_params_trigger_ui.py took 0.128 seconds
[2025-03-10T20:35:50.257+0000] {processor.py:186} INFO - Started process (PID=803) to work on /home/airflow/.local/lib/python3.12/site-packages/airflow/example_dags/example_params_trigger_ui.py
[2025-03-10T20:35:50.258+0000] {processor.py:914} INFO - Processing file /home/airflow/.local/lib/python3.12/site-packages/airflow/example_dags/example_params_trigger_ui.py for tasks to queue
[2025-03-10T20:35:50.261+0000] {logging_mixin.py:190} INFO - [2025-03-10T20:35:50.261+0000] {dagbag.py:588} INFO - Filling up the DagBag from /home/airflow/.local/lib/python3.12/site-packages/airflow/example_dags/example_params_trigger_ui.py
[2025-03-10T20:35:50.276+0000] {processor.py:925} INFO - DAG(s) 'example_params_trigger_ui' retrieved from /home/airflow/.local/lib/python3.12/site-packages/airflow/example_dags/example_params_trigger_ui.py
[2025-03-10T20:35:50.342+0000] {logging_mixin.py:190} INFO - [2025-03-10T20:35:50.341+0000] {dag.py:3239} INFO - Sync 1 DAGs
[2025-03-10T20:35:50.362+0000] {logging_mixin.py:190} INFO - [2025-03-10T20:35:50.361+0000] {dag.py:4180} INFO - Setting next_dagrun for example_params_trigger_ui to None, run_after=None
[2025-03-10T20:35:50.386+0000] {processor.py:208} INFO - Processing /home/airflow/.local/lib/python3.12/site-packages/airflow/example_dags/example_params_trigger_ui.py took 0.137 seconds
[2025-03-10T20:36:21.413+0000] {processor.py:186} INFO - Started process (PID=866) to work on /home/airflow/.local/lib/python3.12/site-packages/airflow/example_dags/example_params_trigger_ui.py
[2025-03-10T20:36:21.414+0000] {processor.py:914} INFO - Processing file /home/airflow/.local/lib/python3.12/site-packages/airflow/example_dags/example_params_trigger_ui.py for tasks to queue
[2025-03-10T20:36:21.417+0000] {logging_mixin.py:190} INFO - [2025-03-10T20:36:21.417+0000] {dagbag.py:588} INFO - Filling up the DagBag from /home/airflow/.local/lib/python3.12/site-packages/airflow/example_dags/example_params_trigger_ui.py
[2025-03-10T20:36:21.430+0000] {processor.py:925} INFO - DAG(s) 'example_params_trigger_ui' retrieved from /home/airflow/.local/lib/python3.12/site-packages/airflow/example_dags/example_params_trigger_ui.py
[2025-03-10T20:36:21.492+0000] {logging_mixin.py:190} INFO - [2025-03-10T20:36:21.492+0000] {dag.py:3239} INFO - Sync 1 DAGs
[2025-03-10T20:36:21.511+0000] {logging_mixin.py:190} INFO - [2025-03-10T20:36:21.511+0000] {dag.py:4180} INFO - Setting next_dagrun for example_params_trigger_ui to None, run_after=None
[2025-03-10T20:36:21.537+0000] {processor.py:208} INFO - Processing /home/airflow/.local/lib/python3.12/site-packages/airflow/example_dags/example_params_trigger_ui.py took 0.131 seconds
[2025-03-10T20:36:52.057+0000] {processor.py:186} INFO - Started process (PID=929) to work on /home/airflow/.local/lib/python3.12/site-packages/airflow/example_dags/example_params_trigger_ui.py
[2025-03-10T20:36:52.058+0000] {processor.py:914} INFO - Processing file /home/airflow/.local/lib/python3.12/site-packages/airflow/example_dags/example_params_trigger_ui.py for tasks to queue
[2025-03-10T20:36:52.061+0000] {logging_mixin.py:190} INFO - [2025-03-10T20:36:52.061+0000] {dagbag.py:588} INFO - Filling up the DagBag from /home/airflow/.local/lib/python3.12/site-packages/airflow/example_dags/example_params_trigger_ui.py
[2025-03-10T20:36:52.072+0000] {processor.py:925} INFO - DAG(s) 'example_params_trigger_ui' retrieved from /home/airflow/.local/lib/python3.12/site-packages/airflow/example_dags/example_params_trigger_ui.py
[2025-03-10T20:36:52.130+0000] {logging_mixin.py:190} INFO - [2025-03-10T20:36:52.130+0000] {dag.py:3239} INFO - Sync 1 DAGs
[2025-03-10T20:36:52.149+0000] {logging_mixin.py:190} INFO - [2025-03-10T20:36:52.149+0000] {dag.py:4180} INFO - Setting next_dagrun for example_params_trigger_ui to None, run_after=None
[2025-03-10T20:36:52.174+0000] {processor.py:208} INFO - Processing /home/airflow/.local/lib/python3.12/site-packages/airflow/example_dags/example_params_trigger_ui.py took 0.123 seconds
[2025-03-10T20:37:23.382+0000] {processor.py:186} INFO - Started process (PID=993) to work on /home/airflow/.local/lib/python3.12/site-packages/airflow/example_dags/example_params_trigger_ui.py
[2025-03-10T20:37:23.382+0000] {processor.py:914} INFO - Processing file /home/airflow/.local/lib/python3.12/site-packages/airflow/example_dags/example_params_trigger_ui.py for tasks to queue
[2025-03-10T20:37:23.385+0000] {logging_mixin.py:190} INFO - [2025-03-10T20:37:23.385+0000] {dagbag.py:588} INFO - Filling up the DagBag from /home/airflow/.local/lib/python3.12/site-packages/airflow/example_dags/example_params_trigger_ui.py
[2025-03-10T20:37:23.397+0000] {processor.py:925} INFO - DAG(s) 'example_params_trigger_ui' retrieved from /home/airflow/.local/lib/python3.12/site-packages/airflow/example_dags/example_params_trigger_ui.py
[2025-03-10T20:37:23.457+0000] {logging_mixin.py:190} INFO - [2025-03-10T20:37:23.456+0000] {dag.py:3239} INFO - Sync 1 DAGs
[2025-03-10T20:37:23.476+0000] {logging_mixin.py:190} INFO - [2025-03-10T20:37:23.475+0000] {dag.py:4180} INFO - Setting next_dagrun for example_params_trigger_ui to None, run_after=None
[2025-03-10T20:37:23.503+0000] {processor.py:208} INFO - Processing /home/airflow/.local/lib/python3.12/site-packages/airflow/example_dags/example_params_trigger_ui.py took 0.129 seconds
[2025-03-10T20:37:54.826+0000] {processor.py:186} INFO - Started process (PID=1055) to work on /home/airflow/.local/lib/python3.12/site-packages/airflow/example_dags/example_params_trigger_ui.py
[2025-03-10T20:37:54.827+0000] {processor.py:914} INFO - Processing file /home/airflow/.local/lib/python3.12/site-packages/airflow/example_dags/example_params_trigger_ui.py for tasks to queue
[2025-03-10T20:37:54.830+0000] {logging_mixin.py:190} INFO - [2025-03-10T20:37:54.830+0000] {dagbag.py:588} INFO - Filling up the DagBag from /home/airflow/.local/lib/python3.12/site-packages/airflow/example_dags/example_params_trigger_ui.py
[2025-03-10T20:37:54.843+0000] {processor.py:925} INFO - DAG(s) 'example_params_trigger_ui' retrieved from /home/airflow/.local/lib/python3.12/site-packages/airflow/example_dags/example_params_trigger_ui.py
[2025-03-10T20:37:54.903+0000] {logging_mixin.py:190} INFO - [2025-03-10T20:37:54.903+0000] {dag.py:3239} INFO - Sync 1 DAGs
[2025-03-10T20:37:54.923+0000] {logging_mixin.py:190} INFO - [2025-03-10T20:37:54.922+0000] {dag.py:4180} INFO - Setting next_dagrun for example_params_trigger_ui to None, run_after=None
[2025-03-10T20:37:54.945+0000] {processor.py:208} INFO - Processing /home/airflow/.local/lib/python3.12/site-packages/airflow/example_dags/example_params_trigger_ui.py took 0.126 seconds
[2025-03-10T20:38:26.251+0000] {processor.py:186} INFO - Started process (PID=1119) to work on /home/airflow/.local/lib/python3.12/site-packages/airflow/example_dags/example_params_trigger_ui.py
[2025-03-10T20:38:26.252+0000] {processor.py:914} INFO - Processing file /home/airflow/.local/lib/python3.12/site-packages/airflow/example_dags/example_params_trigger_ui.py for tasks to queue
[2025-03-10T20:38:26.256+0000] {logging_mixin.py:190} INFO - [2025-03-10T20:38:26.255+0000] {dagbag.py:588} INFO - Filling up the DagBag from /home/airflow/.local/lib/python3.12/site-packages/airflow/example_dags/example_params_trigger_ui.py
[2025-03-10T20:38:26.271+0000] {processor.py:925} INFO - DAG(s) 'example_params_trigger_ui' retrieved from /home/airflow/.local/lib/python3.12/site-packages/airflow/example_dags/example_params_trigger_ui.py
[2025-03-10T20:38:26.345+0000] {logging_mixin.py:190} INFO - [2025-03-10T20:38:26.345+0000] {dag.py:3239} INFO - Sync 1 DAGs
[2025-03-10T20:38:26.365+0000] {logging_mixin.py:190} INFO - [2025-03-10T20:38:26.365+0000] {dag.py:4180} INFO - Setting next_dagrun for example_params_trigger_ui to None, run_after=None
[2025-03-10T20:38:26.391+0000] {processor.py:208} INFO - Processing /home/airflow/.local/lib/python3.12/site-packages/airflow/example_dags/example_params_trigger_ui.py took 0.148 seconds
[2025-03-10T20:38:56.658+0000] {processor.py:186} INFO - Started process (PID=1181) to work on /home/airflow/.local/lib/python3.12/site-packages/airflow/example_dags/example_params_trigger_ui.py
[2025-03-10T20:38:56.659+0000] {processor.py:914} INFO - Processing file /home/airflow/.local/lib/python3.12/site-packages/airflow/example_dags/example_params_trigger_ui.py for tasks to queue
[2025-03-10T20:38:56.661+0000] {logging_mixin.py:190} INFO - [2025-03-10T20:38:56.661+0000] {dagbag.py:588} INFO - Filling up the DagBag from /home/airflow/.local/lib/python3.12/site-packages/airflow/example_dags/example_params_trigger_ui.py
[2025-03-10T20:38:56.674+0000] {processor.py:925} INFO - DAG(s) 'example_params_trigger_ui' retrieved from /home/airflow/.local/lib/python3.12/site-packages/airflow/example_dags/example_params_trigger_ui.py
[2025-03-10T20:38:56.737+0000] {logging_mixin.py:190} INFO - [2025-03-10T20:38:56.737+0000] {dag.py:3239} INFO - Sync 1 DAGs
[2025-03-10T20:38:56.757+0000] {logging_mixin.py:190} INFO - [2025-03-10T20:38:56.757+0000] {dag.py:4180} INFO - Setting next_dagrun for example_params_trigger_ui to None, run_after=None
[2025-03-10T20:38:56.781+0000] {processor.py:208} INFO - Processing /home/airflow/.local/lib/python3.12/site-packages/airflow/example_dags/example_params_trigger_ui.py took 0.131 seconds
[2025-03-10T20:39:27.977+0000] {processor.py:186} INFO - Started process (PID=1245) to work on /home/airflow/.local/lib/python3.12/site-packages/airflow/example_dags/example_params_trigger_ui.py
[2025-03-10T20:39:27.978+0000] {processor.py:914} INFO - Processing file /home/airflow/.local/lib/python3.12/site-packages/airflow/example_dags/example_params_trigger_ui.py for tasks to queue
[2025-03-10T20:39:27.980+0000] {logging_mixin.py:190} INFO - [2025-03-10T20:39:27.980+0000] {dagbag.py:588} INFO - Filling up the DagBag from /home/airflow/.local/lib/python3.12/site-packages/airflow/example_dags/example_params_trigger_ui.py
[2025-03-10T20:39:27.992+0000] {processor.py:925} INFO - DAG(s) 'example_params_trigger_ui' retrieved from /home/airflow/.local/lib/python3.12/site-packages/airflow/example_dags/example_params_trigger_ui.py
[2025-03-10T20:39:28.048+0000] {logging_mixin.py:190} INFO - [2025-03-10T20:39:28.047+0000] {dag.py:3239} INFO - Sync 1 DAGs
[2025-03-10T20:39:28.065+0000] {logging_mixin.py:190} INFO - [2025-03-10T20:39:28.065+0000] {dag.py:4180} INFO - Setting next_dagrun for example_params_trigger_ui to None, run_after=None
[2025-03-10T20:39:28.086+0000] {processor.py:208} INFO - Processing /home/airflow/.local/lib/python3.12/site-packages/airflow/example_dags/example_params_trigger_ui.py took 0.116 seconds
[2025-03-10T20:39:58.521+0000] {processor.py:186} INFO - Started process (PID=1308) to work on /home/airflow/.local/lib/python3.12/site-packages/airflow/example_dags/example_params_trigger_ui.py
[2025-03-10T20:39:58.522+0000] {processor.py:914} INFO - Processing file /home/airflow/.local/lib/python3.12/site-packages/airflow/example_dags/example_params_trigger_ui.py for tasks to queue
[2025-03-10T20:39:58.526+0000] {logging_mixin.py:190} INFO - [2025-03-10T20:39:58.525+0000] {dagbag.py:588} INFO - Filling up the DagBag from /home/airflow/.local/lib/python3.12/site-packages/airflow/example_dags/example_params_trigger_ui.py
[2025-03-10T20:39:58.539+0000] {processor.py:925} INFO - DAG(s) 'example_params_trigger_ui' retrieved from /home/airflow/.local/lib/python3.12/site-packages/airflow/example_dags/example_params_trigger_ui.py
[2025-03-10T20:39:58.602+0000] {logging_mixin.py:190} INFO - [2025-03-10T20:39:58.601+0000] {dag.py:3239} INFO - Sync 1 DAGs
[2025-03-10T20:39:58.622+0000] {logging_mixin.py:190} INFO - [2025-03-10T20:39:58.622+0000] {dag.py:4180} INFO - Setting next_dagrun for example_params_trigger_ui to None, run_after=None
[2025-03-10T20:39:58.646+0000] {processor.py:208} INFO - Processing /home/airflow/.local/lib/python3.12/site-packages/airflow/example_dags/example_params_trigger_ui.py took 0.132 seconds
[2025-03-10T20:40:29.655+0000] {processor.py:186} INFO - Started process (PID=1371) to work on /home/airflow/.local/lib/python3.12/site-packages/airflow/example_dags/example_params_trigger_ui.py
[2025-03-10T20:40:29.656+0000] {processor.py:914} INFO - Processing file /home/airflow/.local/lib/python3.12/site-packages/airflow/example_dags/example_params_trigger_ui.py for tasks to queue
[2025-03-10T20:40:29.658+0000] {logging_mixin.py:190} INFO - [2025-03-10T20:40:29.658+0000] {dagbag.py:588} INFO - Filling up the DagBag from /home/airflow/.local/lib/python3.12/site-packages/airflow/example_dags/example_params_trigger_ui.py
[2025-03-10T20:40:29.670+0000] {processor.py:925} INFO - DAG(s) 'example_params_trigger_ui' retrieved from /home/airflow/.local/lib/python3.12/site-packages/airflow/example_dags/example_params_trigger_ui.py
[2025-03-10T20:40:29.726+0000] {logging_mixin.py:190} INFO - [2025-03-10T20:40:29.726+0000] {dag.py:3239} INFO - Sync 1 DAGs
[2025-03-10T20:40:29.743+0000] {logging_mixin.py:190} INFO - [2025-03-10T20:40:29.743+0000] {dag.py:4180} INFO - Setting next_dagrun for example_params_trigger_ui to None, run_after=None
[2025-03-10T20:40:29.763+0000] {processor.py:208} INFO - Processing /home/airflow/.local/lib/python3.12/site-packages/airflow/example_dags/example_params_trigger_ui.py took 0.115 seconds
[2025-03-10T20:41:00.900+0000] {processor.py:186} INFO - Started process (PID=1434) to work on /home/airflow/.local/lib/python3.12/site-packages/airflow/example_dags/example_params_trigger_ui.py
[2025-03-10T20:41:00.901+0000] {processor.py:914} INFO - Processing file /home/airflow/.local/lib/python3.12/site-packages/airflow/example_dags/example_params_trigger_ui.py for tasks to queue
[2025-03-10T20:41:00.904+0000] {logging_mixin.py:190} INFO - [2025-03-10T20:41:00.904+0000] {dagbag.py:588} INFO - Filling up the DagBag from /home/airflow/.local/lib/python3.12/site-packages/airflow/example_dags/example_params_trigger_ui.py
[2025-03-10T20:41:00.917+0000] {processor.py:925} INFO - DAG(s) 'example_params_trigger_ui' retrieved from /home/airflow/.local/lib/python3.12/site-packages/airflow/example_dags/example_params_trigger_ui.py
[2025-03-10T20:41:00.979+0000] {logging_mixin.py:190} INFO - [2025-03-10T20:41:00.978+0000] {dag.py:3239} INFO - Sync 1 DAGs
[2025-03-10T20:41:00.997+0000] {logging_mixin.py:190} INFO - [2025-03-10T20:41:00.997+0000] {dag.py:4180} INFO - Setting next_dagrun for example_params_trigger_ui to None, run_after=None
[2025-03-10T20:41:01.020+0000] {processor.py:208} INFO - Processing /home/airflow/.local/lib/python3.12/site-packages/airflow/example_dags/example_params_trigger_ui.py took 0.127 seconds
[2025-03-10T20:41:31.620+0000] {processor.py:186} INFO - Started process (PID=1497) to work on /home/airflow/.local/lib/python3.12/site-packages/airflow/example_dags/example_params_trigger_ui.py
[2025-03-10T20:41:31.621+0000] {processor.py:914} INFO - Processing file /home/airflow/.local/lib/python3.12/site-packages/airflow/example_dags/example_params_trigger_ui.py for tasks to queue
[2025-03-10T20:41:31.624+0000] {logging_mixin.py:190} INFO - [2025-03-10T20:41:31.624+0000] {dagbag.py:588} INFO - Filling up the DagBag from /home/airflow/.local/lib/python3.12/site-packages/airflow/example_dags/example_params_trigger_ui.py
[2025-03-10T20:41:31.637+0000] {processor.py:925} INFO - DAG(s) 'example_params_trigger_ui' retrieved from /home/airflow/.local/lib/python3.12/site-packages/airflow/example_dags/example_params_trigger_ui.py
[2025-03-10T20:41:31.696+0000] {logging_mixin.py:190} INFO - [2025-03-10T20:41:31.695+0000] {dag.py:3239} INFO - Sync 1 DAGs
[2025-03-10T20:41:31.717+0000] {logging_mixin.py:190} INFO - [2025-03-10T20:41:31.717+0000] {dag.py:4180} INFO - Setting next_dagrun for example_params_trigger_ui to None, run_after=None
[2025-03-10T20:41:31.743+0000] {processor.py:208} INFO - Processing /home/airflow/.local/lib/python3.12/site-packages/airflow/example_dags/example_params_trigger_ui.py took 0.130 seconds
[2025-03-10T20:42:02.213+0000] {processor.py:186} INFO - Started process (PID=1559) to work on /home/airflow/.local/lib/python3.12/site-packages/airflow/example_dags/example_params_trigger_ui.py
[2025-03-10T20:42:02.214+0000] {processor.py:914} INFO - Processing file /home/airflow/.local/lib/python3.12/site-packages/airflow/example_dags/example_params_trigger_ui.py for tasks to queue
[2025-03-10T20:42:02.217+0000] {logging_mixin.py:190} INFO - [2025-03-10T20:42:02.216+0000] {dagbag.py:588} INFO - Filling up the DagBag from /home/airflow/.local/lib/python3.12/site-packages/airflow/example_dags/example_params_trigger_ui.py
[2025-03-10T20:42:02.230+0000] {processor.py:925} INFO - DAG(s) 'example_params_trigger_ui' retrieved from /home/airflow/.local/lib/python3.12/site-packages/airflow/example_dags/example_params_trigger_ui.py
[2025-03-10T20:42:02.289+0000] {logging_mixin.py:190} INFO - [2025-03-10T20:42:02.289+0000] {dag.py:3239} INFO - Sync 1 DAGs
[2025-03-10T20:42:02.309+0000] {logging_mixin.py:190} INFO - [2025-03-10T20:42:02.309+0000] {dag.py:4180} INFO - Setting next_dagrun for example_params_trigger_ui to None, run_after=None
[2025-03-10T20:42:02.332+0000] {processor.py:208} INFO - Processing /home/airflow/.local/lib/python3.12/site-packages/airflow/example_dags/example_params_trigger_ui.py took 0.127 seconds
[2025-03-10T20:42:33.487+0000] {processor.py:186} INFO - Started process (PID=1623) to work on /home/airflow/.local/lib/python3.12/site-packages/airflow/example_dags/example_params_trigger_ui.py
[2025-03-10T20:42:33.488+0000] {processor.py:914} INFO - Processing file /home/airflow/.local/lib/python3.12/site-packages/airflow/example_dags/example_params_trigger_ui.py for tasks to queue
[2025-03-10T20:42:33.491+0000] {logging_mixin.py:190} INFO - [2025-03-10T20:42:33.491+0000] {dagbag.py:588} INFO - Filling up the DagBag from /home/airflow/.local/lib/python3.12/site-packages/airflow/example_dags/example_params_trigger_ui.py
[2025-03-10T20:42:33.505+0000] {processor.py:925} INFO - DAG(s) 'example_params_trigger_ui' retrieved from /home/airflow/.local/lib/python3.12/site-packages/airflow/example_dags/example_params_trigger_ui.py
[2025-03-10T20:42:33.568+0000] {logging_mixin.py:190} INFO - [2025-03-10T20:42:33.567+0000] {dag.py:3239} INFO - Sync 1 DAGs
[2025-03-10T20:42:33.587+0000] {logging_mixin.py:190} INFO - [2025-03-10T20:42:33.587+0000] {dag.py:4180} INFO - Setting next_dagrun for example_params_trigger_ui to None, run_after=None
[2025-03-10T20:42:33.842+0000] {processor.py:208} INFO - Processing /home/airflow/.local/lib/python3.12/site-packages/airflow/example_dags/example_params_trigger_ui.py took 0.363 seconds
[2025-03-10T20:43:04.686+0000] {processor.py:186} INFO - Started process (PID=1686) to work on /home/airflow/.local/lib/python3.12/site-packages/airflow/example_dags/example_params_trigger_ui.py
[2025-03-10T20:43:04.687+0000] {processor.py:914} INFO - Processing file /home/airflow/.local/lib/python3.12/site-packages/airflow/example_dags/example_params_trigger_ui.py for tasks to queue
[2025-03-10T20:43:04.689+0000] {logging_mixin.py:190} INFO - [2025-03-10T20:43:04.689+0000] {dagbag.py:588} INFO - Filling up the DagBag from /home/airflow/.local/lib/python3.12/site-packages/airflow/example_dags/example_params_trigger_ui.py
[2025-03-10T20:43:04.701+0000] {processor.py:925} INFO - DAG(s) 'example_params_trigger_ui' retrieved from /home/airflow/.local/lib/python3.12/site-packages/airflow/example_dags/example_params_trigger_ui.py
[2025-03-10T20:43:04.756+0000] {logging_mixin.py:190} INFO - [2025-03-10T20:43:04.756+0000] {dag.py:3239} INFO - Sync 1 DAGs
[2025-03-10T20:43:04.773+0000] {logging_mixin.py:190} INFO - [2025-03-10T20:43:04.773+0000] {dag.py:4180} INFO - Setting next_dagrun for example_params_trigger_ui to None, run_after=None
[2025-03-10T20:43:04.794+0000] {processor.py:208} INFO - Processing /home/airflow/.local/lib/python3.12/site-packages/airflow/example_dags/example_params_trigger_ui.py took 0.115 seconds
[2025-03-10T20:43:35.264+0000] {processor.py:186} INFO - Started process (PID=1748) to work on /home/airflow/.local/lib/python3.12/site-packages/airflow/example_dags/example_params_trigger_ui.py
[2025-03-10T20:43:35.266+0000] {processor.py:914} INFO - Processing file /home/airflow/.local/lib/python3.12/site-packages/airflow/example_dags/example_params_trigger_ui.py for tasks to queue
[2025-03-10T20:43:35.268+0000] {logging_mixin.py:190} INFO - [2025-03-10T20:43:35.268+0000] {dagbag.py:588} INFO - Filling up the DagBag from /home/airflow/.local/lib/python3.12/site-packages/airflow/example_dags/example_params_trigger_ui.py
[2025-03-10T20:43:35.281+0000] {processor.py:925} INFO - DAG(s) 'example_params_trigger_ui' retrieved from /home/airflow/.local/lib/python3.12/site-packages/airflow/example_dags/example_params_trigger_ui.py
[2025-03-10T20:43:35.338+0000] {logging_mixin.py:190} INFO - [2025-03-10T20:43:35.338+0000] {dag.py:3239} INFO - Sync 1 DAGs
[2025-03-10T20:43:35.357+0000] {logging_mixin.py:190} INFO - [2025-03-10T20:43:35.356+0000] {dag.py:4180} INFO - Setting next_dagrun for example_params_trigger_ui to None, run_after=None
[2025-03-10T20:43:35.378+0000] {processor.py:208} INFO - Processing /home/airflow/.local/lib/python3.12/site-packages/airflow/example_dags/example_params_trigger_ui.py took 0.121 seconds
[2025-03-10T20:44:06.000+0000] {processor.py:186} INFO - Started process (PID=1811) to work on /home/airflow/.local/lib/python3.12/site-packages/airflow/example_dags/example_params_trigger_ui.py
[2025-03-10T20:44:06.001+0000] {processor.py:914} INFO - Processing file /home/airflow/.local/lib/python3.12/site-packages/airflow/example_dags/example_params_trigger_ui.py for tasks to queue
[2025-03-10T20:44:06.004+0000] {logging_mixin.py:190} INFO - [2025-03-10T20:44:06.003+0000] {dagbag.py:588} INFO - Filling up the DagBag from /home/airflow/.local/lib/python3.12/site-packages/airflow/example_dags/example_params_trigger_ui.py
[2025-03-10T20:44:06.017+0000] {processor.py:925} INFO - DAG(s) 'example_params_trigger_ui' retrieved from /home/airflow/.local/lib/python3.12/site-packages/airflow/example_dags/example_params_trigger_ui.py
[2025-03-10T20:44:06.074+0000] {logging_mixin.py:190} INFO - [2025-03-10T20:44:06.074+0000] {dag.py:3239} INFO - Sync 1 DAGs
[2025-03-10T20:44:06.092+0000] {logging_mixin.py:190} INFO - [2025-03-10T20:44:06.092+0000] {dag.py:4180} INFO - Setting next_dagrun for example_params_trigger_ui to None, run_after=None
[2025-03-10T20:44:06.113+0000] {processor.py:208} INFO - Processing /home/airflow/.local/lib/python3.12/site-packages/airflow/example_dags/example_params_trigger_ui.py took 0.120 seconds
[2025-03-10T20:44:37.193+0000] {processor.py:186} INFO - Started process (PID=1874) to work on /home/airflow/.local/lib/python3.12/site-packages/airflow/example_dags/example_params_trigger_ui.py
[2025-03-10T20:44:37.194+0000] {processor.py:914} INFO - Processing file /home/airflow/.local/lib/python3.12/site-packages/airflow/example_dags/example_params_trigger_ui.py for tasks to queue
[2025-03-10T20:44:37.197+0000] {logging_mixin.py:190} INFO - [2025-03-10T20:44:37.197+0000] {dagbag.py:588} INFO - Filling up the DagBag from /home/airflow/.local/lib/python3.12/site-packages/airflow/example_dags/example_params_trigger_ui.py
[2025-03-10T20:44:37.210+0000] {processor.py:925} INFO - DAG(s) 'example_params_trigger_ui' retrieved from /home/airflow/.local/lib/python3.12/site-packages/airflow/example_dags/example_params_trigger_ui.py
[2025-03-10T20:44:37.281+0000] {logging_mixin.py:190} INFO - [2025-03-10T20:44:37.281+0000] {dag.py:3239} INFO - Sync 1 DAGs
[2025-03-10T20:44:37.560+0000] {logging_mixin.py:190} INFO - [2025-03-10T20:44:37.559+0000] {dag.py:4180} INFO - Setting next_dagrun for example_params_trigger_ui to None, run_after=None
[2025-03-10T20:44:37.580+0000] {processor.py:208} INFO - Processing /home/airflow/.local/lib/python3.12/site-packages/airflow/example_dags/example_params_trigger_ui.py took 0.394 seconds
[2025-03-10T20:45:07.683+0000] {processor.py:186} INFO - Started process (PID=1937) to work on /home/airflow/.local/lib/python3.12/site-packages/airflow/example_dags/example_params_trigger_ui.py
[2025-03-10T20:45:07.684+0000] {processor.py:914} INFO - Processing file /home/airflow/.local/lib/python3.12/site-packages/airflow/example_dags/example_params_trigger_ui.py for tasks to queue
[2025-03-10T20:45:07.687+0000] {logging_mixin.py:190} INFO - [2025-03-10T20:45:07.686+0000] {dagbag.py:588} INFO - Filling up the DagBag from /home/airflow/.local/lib/python3.12/site-packages/airflow/example_dags/example_params_trigger_ui.py
[2025-03-10T20:45:07.700+0000] {processor.py:925} INFO - DAG(s) 'example_params_trigger_ui' retrieved from /home/airflow/.local/lib/python3.12/site-packages/airflow/example_dags/example_params_trigger_ui.py
[2025-03-10T20:45:07.764+0000] {logging_mixin.py:190} INFO - [2025-03-10T20:45:07.764+0000] {dag.py:3239} INFO - Sync 1 DAGs
[2025-03-10T20:45:07.782+0000] {logging_mixin.py:190} INFO - [2025-03-10T20:45:07.782+0000] {dag.py:4180} INFO - Setting next_dagrun for example_params_trigger_ui to None, run_after=None
[2025-03-10T20:45:07.803+0000] {processor.py:208} INFO - Processing /home/airflow/.local/lib/python3.12/site-packages/airflow/example_dags/example_params_trigger_ui.py took 0.127 seconds
[2025-03-10T20:45:38.500+0000] {processor.py:186} INFO - Started process (PID=2000) to work on /home/airflow/.local/lib/python3.12/site-packages/airflow/example_dags/example_params_trigger_ui.py
[2025-03-10T20:45:38.501+0000] {processor.py:914} INFO - Processing file /home/airflow/.local/lib/python3.12/site-packages/airflow/example_dags/example_params_trigger_ui.py for tasks to queue
[2025-03-10T20:45:38.504+0000] {logging_mixin.py:190} INFO - [2025-03-10T20:45:38.504+0000] {dagbag.py:588} INFO - Filling up the DagBag from /home/airflow/.local/lib/python3.12/site-packages/airflow/example_dags/example_params_trigger_ui.py
[2025-03-10T20:45:38.517+0000] {processor.py:925} INFO - DAG(s) 'example_params_trigger_ui' retrieved from /home/airflow/.local/lib/python3.12/site-packages/airflow/example_dags/example_params_trigger_ui.py
[2025-03-10T20:45:38.575+0000] {logging_mixin.py:190} INFO - [2025-03-10T20:45:38.575+0000] {dag.py:3239} INFO - Sync 1 DAGs
[2025-03-10T20:45:38.594+0000] {logging_mixin.py:190} INFO - [2025-03-10T20:45:38.594+0000] {dag.py:4180} INFO - Setting next_dagrun for example_params_trigger_ui to None, run_after=None
[2025-03-10T20:45:38.615+0000] {processor.py:208} INFO - Processing /home/airflow/.local/lib/python3.12/site-packages/airflow/example_dags/example_params_trigger_ui.py took 0.122 seconds
[2025-03-10T20:46:10.735+0000] {processor.py:186} INFO - Started process (PID=2069) to work on /home/airflow/.local/lib/python3.12/site-packages/airflow/example_dags/example_params_trigger_ui.py
[2025-03-10T20:46:10.736+0000] {processor.py:914} INFO - Processing file /home/airflow/.local/lib/python3.12/site-packages/airflow/example_dags/example_params_trigger_ui.py for tasks to queue
[2025-03-10T20:46:10.739+0000] {logging_mixin.py:190} INFO - [2025-03-10T20:46:10.738+0000] {dagbag.py:588} INFO - Filling up the DagBag from /home/airflow/.local/lib/python3.12/site-packages/airflow/example_dags/example_params_trigger_ui.py
[2025-03-10T20:46:10.752+0000] {processor.py:925} INFO - DAG(s) 'example_params_trigger_ui' retrieved from /home/airflow/.local/lib/python3.12/site-packages/airflow/example_dags/example_params_trigger_ui.py
[2025-03-10T20:46:11.057+0000] {logging_mixin.py:190} INFO - [2025-03-10T20:46:11.057+0000] {dag.py:3239} INFO - Sync 1 DAGs
[2025-03-10T20:46:11.075+0000] {logging_mixin.py:190} INFO - [2025-03-10T20:46:11.075+0000] {dag.py:4180} INFO - Setting next_dagrun for example_params_trigger_ui to None, run_after=None
[2025-03-10T20:46:11.107+0000] {processor.py:208} INFO - Processing /home/airflow/.local/lib/python3.12/site-packages/airflow/example_dags/example_params_trigger_ui.py took 0.379 seconds
[2025-03-10T20:46:41.519+0000] {processor.py:186} INFO - Started process (PID=2132) to work on /home/airflow/.local/lib/python3.12/site-packages/airflow/example_dags/example_params_trigger_ui.py
[2025-03-10T20:46:41.519+0000] {processor.py:914} INFO - Processing file /home/airflow/.local/lib/python3.12/site-packages/airflow/example_dags/example_params_trigger_ui.py for tasks to queue
[2025-03-10T20:46:41.523+0000] {logging_mixin.py:190} INFO - [2025-03-10T20:46:41.522+0000] {dagbag.py:588} INFO - Filling up the DagBag from /home/airflow/.local/lib/python3.12/site-packages/airflow/example_dags/example_params_trigger_ui.py
[2025-03-10T20:46:41.536+0000] {processor.py:925} INFO - DAG(s) 'example_params_trigger_ui' retrieved from /home/airflow/.local/lib/python3.12/site-packages/airflow/example_dags/example_params_trigger_ui.py
[2025-03-10T20:46:41.836+0000] {logging_mixin.py:190} INFO - [2025-03-10T20:46:41.836+0000] {dag.py:3239} INFO - Sync 1 DAGs
[2025-03-10T20:46:41.852+0000] {logging_mixin.py:190} INFO - [2025-03-10T20:46:41.851+0000] {dag.py:4180} INFO - Setting next_dagrun for example_params_trigger_ui to None, run_after=None
[2025-03-10T20:46:41.870+0000] {processor.py:208} INFO - Processing /home/airflow/.local/lib/python3.12/site-packages/airflow/example_dags/example_params_trigger_ui.py took 0.359 seconds
[2025-03-10T20:47:12.760+0000] {processor.py:186} INFO - Started process (PID=2196) to work on /home/airflow/.local/lib/python3.12/site-packages/airflow/example_dags/example_params_trigger_ui.py
[2025-03-10T20:47:12.760+0000] {processor.py:914} INFO - Processing file /home/airflow/.local/lib/python3.12/site-packages/airflow/example_dags/example_params_trigger_ui.py for tasks to queue
[2025-03-10T20:47:12.763+0000] {logging_mixin.py:190} INFO - [2025-03-10T20:47:12.763+0000] {dagbag.py:588} INFO - Filling up the DagBag from /home/airflow/.local/lib/python3.12/site-packages/airflow/example_dags/example_params_trigger_ui.py
[2025-03-10T20:47:12.775+0000] {processor.py:925} INFO - DAG(s) 'example_params_trigger_ui' retrieved from /home/airflow/.local/lib/python3.12/site-packages/airflow/example_dags/example_params_trigger_ui.py
[2025-03-10T20:47:12.831+0000] {logging_mixin.py:190} INFO - [2025-03-10T20:47:12.831+0000] {dag.py:3239} INFO - Sync 1 DAGs
[2025-03-10T20:47:12.851+0000] {logging_mixin.py:190} INFO - [2025-03-10T20:47:12.851+0000] {dag.py:4180} INFO - Setting next_dagrun for example_params_trigger_ui to None, run_after=None
[2025-03-10T20:47:12.872+0000] {processor.py:208} INFO - Processing /home/airflow/.local/lib/python3.12/site-packages/airflow/example_dags/example_params_trigger_ui.py took 0.120 seconds
[2025-03-10T20:47:43.481+0000] {processor.py:186} INFO - Started process (PID=2259) to work on /home/airflow/.local/lib/python3.12/site-packages/airflow/example_dags/example_params_trigger_ui.py
[2025-03-10T20:47:43.482+0000] {processor.py:914} INFO - Processing file /home/airflow/.local/lib/python3.12/site-packages/airflow/example_dags/example_params_trigger_ui.py for tasks to queue
[2025-03-10T20:47:43.485+0000] {logging_mixin.py:190} INFO - [2025-03-10T20:47:43.485+0000] {dagbag.py:588} INFO - Filling up the DagBag from /home/airflow/.local/lib/python3.12/site-packages/airflow/example_dags/example_params_trigger_ui.py
[2025-03-10T20:47:43.497+0000] {processor.py:925} INFO - DAG(s) 'example_params_trigger_ui' retrieved from /home/airflow/.local/lib/python3.12/site-packages/airflow/example_dags/example_params_trigger_ui.py
[2025-03-10T20:47:43.553+0000] {logging_mixin.py:190} INFO - [2025-03-10T20:47:43.553+0000] {dag.py:3239} INFO - Sync 1 DAGs
[2025-03-10T20:47:43.572+0000] {logging_mixin.py:190} INFO - [2025-03-10T20:47:43.571+0000] {dag.py:4180} INFO - Setting next_dagrun for example_params_trigger_ui to None, run_after=None
[2025-03-10T20:47:43.594+0000] {processor.py:208} INFO - Processing /home/airflow/.local/lib/python3.12/site-packages/airflow/example_dags/example_params_trigger_ui.py took 0.120 seconds
[2025-03-10T20:48:13.941+0000] {processor.py:186} INFO - Started process (PID=2322) to work on /home/airflow/.local/lib/python3.12/site-packages/airflow/example_dags/example_params_trigger_ui.py
[2025-03-10T20:48:13.942+0000] {processor.py:914} INFO - Processing file /home/airflow/.local/lib/python3.12/site-packages/airflow/example_dags/example_params_trigger_ui.py for tasks to queue
[2025-03-10T20:48:13.945+0000] {logging_mixin.py:190} INFO - [2025-03-10T20:48:13.945+0000] {dagbag.py:588} INFO - Filling up the DagBag from /home/airflow/.local/lib/python3.12/site-packages/airflow/example_dags/example_params_trigger_ui.py
[2025-03-10T20:48:13.957+0000] {processor.py:925} INFO - DAG(s) 'example_params_trigger_ui' retrieved from /home/airflow/.local/lib/python3.12/site-packages/airflow/example_dags/example_params_trigger_ui.py
[2025-03-10T20:48:14.013+0000] {logging_mixin.py:190} INFO - [2025-03-10T20:48:14.013+0000] {dag.py:3239} INFO - Sync 1 DAGs
[2025-03-10T20:48:14.032+0000] {logging_mixin.py:190} INFO - [2025-03-10T20:48:14.032+0000] {dag.py:4180} INFO - Setting next_dagrun for example_params_trigger_ui to None, run_after=None
[2025-03-10T20:48:14.052+0000] {processor.py:208} INFO - Processing /home/airflow/.local/lib/python3.12/site-packages/airflow/example_dags/example_params_trigger_ui.py took 0.117 seconds
[2025-03-10T20:48:44.482+0000] {processor.py:186} INFO - Started process (PID=2385) to work on /home/airflow/.local/lib/python3.12/site-packages/airflow/example_dags/example_params_trigger_ui.py
[2025-03-10T20:48:44.483+0000] {processor.py:914} INFO - Processing file /home/airflow/.local/lib/python3.12/site-packages/airflow/example_dags/example_params_trigger_ui.py for tasks to queue
[2025-03-10T20:48:44.486+0000] {logging_mixin.py:190} INFO - [2025-03-10T20:48:44.485+0000] {dagbag.py:588} INFO - Filling up the DagBag from /home/airflow/.local/lib/python3.12/site-packages/airflow/example_dags/example_params_trigger_ui.py
[2025-03-10T20:48:44.498+0000] {processor.py:925} INFO - DAG(s) 'example_params_trigger_ui' retrieved from /home/airflow/.local/lib/python3.12/site-packages/airflow/example_dags/example_params_trigger_ui.py
[2025-03-10T20:48:44.560+0000] {logging_mixin.py:190} INFO - [2025-03-10T20:48:44.560+0000] {dag.py:3239} INFO - Sync 1 DAGs
[2025-03-10T20:48:44.581+0000] {logging_mixin.py:190} INFO - [2025-03-10T20:48:44.581+0000] {dag.py:4180} INFO - Setting next_dagrun for example_params_trigger_ui to None, run_after=None
[2025-03-10T20:48:44.606+0000] {processor.py:208} INFO - Processing /home/airflow/.local/lib/python3.12/site-packages/airflow/example_dags/example_params_trigger_ui.py took 0.132 seconds
[2025-03-10T20:49:15.085+0000] {processor.py:186} INFO - Started process (PID=2448) to work on /home/airflow/.local/lib/python3.12/site-packages/airflow/example_dags/example_params_trigger_ui.py
[2025-03-10T20:49:15.086+0000] {processor.py:914} INFO - Processing file /home/airflow/.local/lib/python3.12/site-packages/airflow/example_dags/example_params_trigger_ui.py for tasks to queue
[2025-03-10T20:49:15.088+0000] {logging_mixin.py:190} INFO - [2025-03-10T20:49:15.088+0000] {dagbag.py:588} INFO - Filling up the DagBag from /home/airflow/.local/lib/python3.12/site-packages/airflow/example_dags/example_params_trigger_ui.py
[2025-03-10T20:49:15.101+0000] {processor.py:925} INFO - DAG(s) 'example_params_trigger_ui' retrieved from /home/airflow/.local/lib/python3.12/site-packages/airflow/example_dags/example_params_trigger_ui.py
[2025-03-10T20:49:15.160+0000] {logging_mixin.py:190} INFO - [2025-03-10T20:49:15.160+0000] {dag.py:3239} INFO - Sync 1 DAGs
[2025-03-10T20:49:15.182+0000] {logging_mixin.py:190} INFO - [2025-03-10T20:49:15.182+0000] {dag.py:4180} INFO - Setting next_dagrun for example_params_trigger_ui to None, run_after=None
[2025-03-10T20:49:15.211+0000] {processor.py:208} INFO - Processing /home/airflow/.local/lib/python3.12/site-packages/airflow/example_dags/example_params_trigger_ui.py took 0.133 seconds
[2025-03-10T20:49:45.490+0000] {processor.py:186} INFO - Started process (PID=2511) to work on /home/airflow/.local/lib/python3.12/site-packages/airflow/example_dags/example_params_trigger_ui.py
[2025-03-10T20:49:45.491+0000] {processor.py:914} INFO - Processing file /home/airflow/.local/lib/python3.12/site-packages/airflow/example_dags/example_params_trigger_ui.py for tasks to queue
[2025-03-10T20:49:45.493+0000] {logging_mixin.py:190} INFO - [2025-03-10T20:49:45.493+0000] {dagbag.py:588} INFO - Filling up the DagBag from /home/airflow/.local/lib/python3.12/site-packages/airflow/example_dags/example_params_trigger_ui.py
[2025-03-10T20:49:45.505+0000] {processor.py:925} INFO - DAG(s) 'example_params_trigger_ui' retrieved from /home/airflow/.local/lib/python3.12/site-packages/airflow/example_dags/example_params_trigger_ui.py
[2025-03-10T20:49:45.562+0000] {logging_mixin.py:190} INFO - [2025-03-10T20:49:45.562+0000] {dag.py:3239} INFO - Sync 1 DAGs
[2025-03-10T20:49:45.581+0000] {logging_mixin.py:190} INFO - [2025-03-10T20:49:45.581+0000] {dag.py:4180} INFO - Setting next_dagrun for example_params_trigger_ui to None, run_after=None
[2025-03-10T20:49:45.602+0000] {processor.py:208} INFO - Processing /home/airflow/.local/lib/python3.12/site-packages/airflow/example_dags/example_params_trigger_ui.py took 0.119 seconds
[2025-03-10T20:50:16.080+0000] {processor.py:186} INFO - Started process (PID=2574) to work on /home/airflow/.local/lib/python3.12/site-packages/airflow/example_dags/example_params_trigger_ui.py
[2025-03-10T20:50:16.081+0000] {processor.py:914} INFO - Processing file /home/airflow/.local/lib/python3.12/site-packages/airflow/example_dags/example_params_trigger_ui.py for tasks to queue
[2025-03-10T20:50:16.084+0000] {logging_mixin.py:190} INFO - [2025-03-10T20:50:16.083+0000] {dagbag.py:588} INFO - Filling up the DagBag from /home/airflow/.local/lib/python3.12/site-packages/airflow/example_dags/example_params_trigger_ui.py
[2025-03-10T20:50:16.096+0000] {processor.py:925} INFO - DAG(s) 'example_params_trigger_ui' retrieved from /home/airflow/.local/lib/python3.12/site-packages/airflow/example_dags/example_params_trigger_ui.py
[2025-03-10T20:50:16.154+0000] {logging_mixin.py:190} INFO - [2025-03-10T20:50:16.154+0000] {dag.py:3239} INFO - Sync 1 DAGs
[2025-03-10T20:50:16.173+0000] {logging_mixin.py:190} INFO - [2025-03-10T20:50:16.172+0000] {dag.py:4180} INFO - Setting next_dagrun for example_params_trigger_ui to None, run_after=None
[2025-03-10T20:50:16.194+0000] {processor.py:208} INFO - Processing /home/airflow/.local/lib/python3.12/site-packages/airflow/example_dags/example_params_trigger_ui.py took 0.121 seconds
[2025-03-10T23:08:57.691+0000] {processor.py:186} INFO - Started process (PID=106) to work on /home/airflow/.local/lib/python3.12/site-packages/airflow/example_dags/example_params_trigger_ui.py
[2025-03-10T23:08:57.693+0000] {processor.py:914} INFO - Processing file /home/airflow/.local/lib/python3.12/site-packages/airflow/example_dags/example_params_trigger_ui.py for tasks to queue
[2025-03-10T23:08:57.696+0000] {logging_mixin.py:190} INFO - [2025-03-10T23:08:57.695+0000] {dagbag.py:588} INFO - Filling up the DagBag from /home/airflow/.local/lib/python3.12/site-packages/airflow/example_dags/example_params_trigger_ui.py
[2025-03-10T23:08:57.709+0000] {processor.py:925} INFO - DAG(s) 'example_params_trigger_ui' retrieved from /home/airflow/.local/lib/python3.12/site-packages/airflow/example_dags/example_params_trigger_ui.py
[2025-03-10T23:08:57.770+0000] {logging_mixin.py:190} INFO - [2025-03-10T23:08:57.769+0000] {dag.py:3239} INFO - Sync 1 DAGs
[2025-03-10T23:08:57.788+0000] {logging_mixin.py:190} INFO - [2025-03-10T23:08:57.787+0000] {dag.py:4180} INFO - Setting next_dagrun for example_params_trigger_ui to None, run_after=None
[2025-03-10T23:08:57.810+0000] {processor.py:208} INFO - Processing /home/airflow/.local/lib/python3.12/site-packages/airflow/example_dags/example_params_trigger_ui.py took 0.125 seconds
[2025-03-10T23:10:33.285+0000] {processor.py:186} INFO - Started process (PID=163) to work on /home/airflow/.local/lib/python3.12/site-packages/airflow/example_dags/example_params_trigger_ui.py
[2025-03-10T23:10:33.286+0000] {processor.py:914} INFO - Processing file /home/airflow/.local/lib/python3.12/site-packages/airflow/example_dags/example_params_trigger_ui.py for tasks to queue
[2025-03-10T23:10:33.289+0000] {logging_mixin.py:190} INFO - [2025-03-10T23:10:33.288+0000] {dagbag.py:588} INFO - Filling up the DagBag from /home/airflow/.local/lib/python3.12/site-packages/airflow/example_dags/example_params_trigger_ui.py
[2025-03-10T23:10:33.311+0000] {processor.py:925} INFO - DAG(s) 'example_params_trigger_ui' retrieved from /home/airflow/.local/lib/python3.12/site-packages/airflow/example_dags/example_params_trigger_ui.py
[2025-03-10T23:10:33.378+0000] {logging_mixin.py:190} INFO - [2025-03-10T23:10:33.377+0000] {dag.py:3239} INFO - Sync 1 DAGs
[2025-03-10T23:10:33.395+0000] {logging_mixin.py:190} INFO - [2025-03-10T23:10:33.395+0000] {dag.py:4180} INFO - Setting next_dagrun for example_params_trigger_ui to None, run_after=None
[2025-03-10T23:10:33.415+0000] {processor.py:208} INFO - Processing /home/airflow/.local/lib/python3.12/site-packages/airflow/example_dags/example_params_trigger_ui.py took 0.142 seconds
[2025-03-10T23:13:22.444+0000] {processor.py:186} INFO - Started process (PID=221) to work on /home/airflow/.local/lib/python3.12/site-packages/airflow/example_dags/example_params_trigger_ui.py
[2025-03-10T23:13:22.447+0000] {processor.py:914} INFO - Processing file /home/airflow/.local/lib/python3.12/site-packages/airflow/example_dags/example_params_trigger_ui.py for tasks to queue
[2025-03-10T23:13:22.453+0000] {logging_mixin.py:190} INFO - [2025-03-10T23:13:22.452+0000] {dagbag.py:588} INFO - Filling up the DagBag from /home/airflow/.local/lib/python3.12/site-packages/airflow/example_dags/example_params_trigger_ui.py
[2025-03-10T23:13:22.517+0000] {processor.py:925} INFO - DAG(s) 'example_params_trigger_ui' retrieved from /home/airflow/.local/lib/python3.12/site-packages/airflow/example_dags/example_params_trigger_ui.py
[2025-03-10T23:13:22.844+0000] {logging_mixin.py:190} INFO - [2025-03-10T23:13:22.840+0000] {dag.py:3239} INFO - Sync 1 DAGs
[2025-03-10T23:13:22.937+0000] {logging_mixin.py:190} INFO - [2025-03-10T23:13:22.936+0000] {dag.py:4180} INFO - Setting next_dagrun for example_params_trigger_ui to None, run_after=None
[2025-03-10T23:13:23.026+0000] {processor.py:208} INFO - Processing /home/airflow/.local/lib/python3.12/site-packages/airflow/example_dags/example_params_trigger_ui.py took 0.608 seconds
[2025-03-10T23:14:58.345+0000] {processor.py:186} INFO - Started process (PID=294) to work on /home/airflow/.local/lib/python3.12/site-packages/airflow/example_dags/example_params_trigger_ui.py
[2025-03-10T23:14:58.349+0000] {processor.py:914} INFO - Processing file /home/airflow/.local/lib/python3.12/site-packages/airflow/example_dags/example_params_trigger_ui.py for tasks to queue
[2025-03-10T23:14:58.356+0000] {logging_mixin.py:190} INFO - [2025-03-10T23:14:58.354+0000] {dagbag.py:588} INFO - Filling up the DagBag from /home/airflow/.local/lib/python3.12/site-packages/airflow/example_dags/example_params_trigger_ui.py
[2025-03-10T23:14:58.430+0000] {processor.py:925} INFO - DAG(s) 'example_params_trigger_ui' retrieved from /home/airflow/.local/lib/python3.12/site-packages/airflow/example_dags/example_params_trigger_ui.py
[2025-03-10T23:14:58.804+0000] {logging_mixin.py:190} INFO - [2025-03-10T23:14:58.803+0000] {dag.py:3239} INFO - Sync 1 DAGs
[2025-03-10T23:14:58.908+0000] {logging_mixin.py:190} INFO - [2025-03-10T23:14:58.907+0000] {dag.py:4180} INFO - Setting next_dagrun for example_params_trigger_ui to None, run_after=None
[2025-03-10T23:14:59.037+0000] {processor.py:208} INFO - Processing /home/airflow/.local/lib/python3.12/site-packages/airflow/example_dags/example_params_trigger_ui.py took 0.729 seconds
[2025-03-10T23:15:29.960+0000] {processor.py:186} INFO - Started process (PID=357) to work on /home/airflow/.local/lib/python3.12/site-packages/airflow/example_dags/example_params_trigger_ui.py
[2025-03-10T23:15:29.964+0000] {processor.py:914} INFO - Processing file /home/airflow/.local/lib/python3.12/site-packages/airflow/example_dags/example_params_trigger_ui.py for tasks to queue
[2025-03-10T23:15:29.971+0000] {logging_mixin.py:190} INFO - [2025-03-10T23:15:29.969+0000] {dagbag.py:588} INFO - Filling up the DagBag from /home/airflow/.local/lib/python3.12/site-packages/airflow/example_dags/example_params_trigger_ui.py
[2025-03-10T23:15:30.034+0000] {processor.py:925} INFO - DAG(s) 'example_params_trigger_ui' retrieved from /home/airflow/.local/lib/python3.12/site-packages/airflow/example_dags/example_params_trigger_ui.py
[2025-03-10T23:15:30.356+0000] {logging_mixin.py:190} INFO - [2025-03-10T23:15:30.355+0000] {dag.py:3239} INFO - Sync 1 DAGs
[2025-03-10T23:15:30.458+0000] {logging_mixin.py:190} INFO - [2025-03-10T23:15:30.457+0000] {dag.py:4180} INFO - Setting next_dagrun for example_params_trigger_ui to None, run_after=None
[2025-03-10T23:15:30.563+0000] {processor.py:208} INFO - Processing /home/airflow/.local/lib/python3.12/site-packages/airflow/example_dags/example_params_trigger_ui.py took 0.641 seconds
[2025-03-10T23:16:01.010+0000] {processor.py:186} INFO - Started process (PID=421) to work on /home/airflow/.local/lib/python3.12/site-packages/airflow/example_dags/example_params_trigger_ui.py
[2025-03-10T23:16:01.011+0000] {processor.py:914} INFO - Processing file /home/airflow/.local/lib/python3.12/site-packages/airflow/example_dags/example_params_trigger_ui.py for tasks to queue
[2025-03-10T23:16:01.014+0000] {logging_mixin.py:190} INFO - [2025-03-10T23:16:01.013+0000] {dagbag.py:588} INFO - Filling up the DagBag from /home/airflow/.local/lib/python3.12/site-packages/airflow/example_dags/example_params_trigger_ui.py
[2025-03-10T23:16:01.029+0000] {processor.py:925} INFO - DAG(s) 'example_params_trigger_ui' retrieved from /home/airflow/.local/lib/python3.12/site-packages/airflow/example_dags/example_params_trigger_ui.py
[2025-03-10T23:16:01.128+0000] {logging_mixin.py:190} INFO - [2025-03-10T23:16:01.128+0000] {dag.py:3239} INFO - Sync 1 DAGs
[2025-03-10T23:16:01.149+0000] {logging_mixin.py:190} INFO - [2025-03-10T23:16:01.149+0000] {dag.py:4180} INFO - Setting next_dagrun for example_params_trigger_ui to None, run_after=None
[2025-03-10T23:16:01.174+0000] {processor.py:208} INFO - Processing /home/airflow/.local/lib/python3.12/site-packages/airflow/example_dags/example_params_trigger_ui.py took 0.175 seconds
[2025-03-10T23:16:31.666+0000] {processor.py:186} INFO - Started process (PID=483) to work on /home/airflow/.local/lib/python3.12/site-packages/airflow/example_dags/example_params_trigger_ui.py
[2025-03-10T23:16:31.667+0000] {processor.py:914} INFO - Processing file /home/airflow/.local/lib/python3.12/site-packages/airflow/example_dags/example_params_trigger_ui.py for tasks to queue
[2025-03-10T23:16:31.668+0000] {logging_mixin.py:190} INFO - [2025-03-10T23:16:31.668+0000] {dagbag.py:588} INFO - Filling up the DagBag from /home/airflow/.local/lib/python3.12/site-packages/airflow/example_dags/example_params_trigger_ui.py
[2025-03-10T23:16:31.683+0000] {processor.py:925} INFO - DAG(s) 'example_params_trigger_ui' retrieved from /home/airflow/.local/lib/python3.12/site-packages/airflow/example_dags/example_params_trigger_ui.py
[2025-03-10T23:16:31.750+0000] {logging_mixin.py:190} INFO - [2025-03-10T23:16:31.749+0000] {dag.py:3239} INFO - Sync 1 DAGs
[2025-03-10T23:16:31.774+0000] {logging_mixin.py:190} INFO - [2025-03-10T23:16:31.773+0000] {dag.py:4180} INFO - Setting next_dagrun for example_params_trigger_ui to None, run_after=None
[2025-03-10T23:16:31.804+0000] {processor.py:208} INFO - Processing /home/airflow/.local/lib/python3.12/site-packages/airflow/example_dags/example_params_trigger_ui.py took 0.146 seconds
[2025-03-10T23:17:02.328+0000] {processor.py:186} INFO - Started process (PID=546) to work on /home/airflow/.local/lib/python3.12/site-packages/airflow/example_dags/example_params_trigger_ui.py
[2025-03-10T23:17:02.329+0000] {processor.py:914} INFO - Processing file /home/airflow/.local/lib/python3.12/site-packages/airflow/example_dags/example_params_trigger_ui.py for tasks to queue
[2025-03-10T23:17:02.330+0000] {logging_mixin.py:190} INFO - [2025-03-10T23:17:02.330+0000] {dagbag.py:588} INFO - Filling up the DagBag from /home/airflow/.local/lib/python3.12/site-packages/airflow/example_dags/example_params_trigger_ui.py
[2025-03-10T23:17:02.344+0000] {processor.py:925} INFO - DAG(s) 'example_params_trigger_ui' retrieved from /home/airflow/.local/lib/python3.12/site-packages/airflow/example_dags/example_params_trigger_ui.py
[2025-03-10T23:17:02.399+0000] {logging_mixin.py:190} INFO - [2025-03-10T23:17:02.399+0000] {dag.py:3239} INFO - Sync 1 DAGs
[2025-03-10T23:17:02.422+0000] {logging_mixin.py:190} INFO - [2025-03-10T23:17:02.422+0000] {dag.py:4180} INFO - Setting next_dagrun for example_params_trigger_ui to None, run_after=None
[2025-03-10T23:17:02.447+0000] {processor.py:208} INFO - Processing /home/airflow/.local/lib/python3.12/site-packages/airflow/example_dags/example_params_trigger_ui.py took 0.126 seconds
[2025-03-10T23:17:32.499+0000] {processor.py:186} INFO - Started process (PID=608) to work on /home/airflow/.local/lib/python3.12/site-packages/airflow/example_dags/example_params_trigger_ui.py
[2025-03-10T23:17:32.500+0000] {processor.py:914} INFO - Processing file /home/airflow/.local/lib/python3.12/site-packages/airflow/example_dags/example_params_trigger_ui.py for tasks to queue
[2025-03-10T23:17:32.501+0000] {logging_mixin.py:190} INFO - [2025-03-10T23:17:32.501+0000] {dagbag.py:588} INFO - Filling up the DagBag from /home/airflow/.local/lib/python3.12/site-packages/airflow/example_dags/example_params_trigger_ui.py
[2025-03-10T23:17:32.515+0000] {processor.py:925} INFO - DAG(s) 'example_params_trigger_ui' retrieved from /home/airflow/.local/lib/python3.12/site-packages/airflow/example_dags/example_params_trigger_ui.py
[2025-03-10T23:17:32.572+0000] {logging_mixin.py:190} INFO - [2025-03-10T23:17:32.572+0000] {dag.py:3239} INFO - Sync 1 DAGs
[2025-03-10T23:17:32.590+0000] {logging_mixin.py:190} INFO - [2025-03-10T23:17:32.590+0000] {dag.py:4180} INFO - Setting next_dagrun for example_params_trigger_ui to None, run_after=None
[2025-03-10T23:17:32.611+0000] {processor.py:208} INFO - Processing /home/airflow/.local/lib/python3.12/site-packages/airflow/example_dags/example_params_trigger_ui.py took 0.120 seconds
[2025-03-10T23:18:03.243+0000] {processor.py:186} INFO - Started process (PID=671) to work on /home/airflow/.local/lib/python3.12/site-packages/airflow/example_dags/example_params_trigger_ui.py
[2025-03-10T23:18:03.244+0000] {processor.py:914} INFO - Processing file /home/airflow/.local/lib/python3.12/site-packages/airflow/example_dags/example_params_trigger_ui.py for tasks to queue
[2025-03-10T23:18:03.245+0000] {logging_mixin.py:190} INFO - [2025-03-10T23:18:03.245+0000] {dagbag.py:588} INFO - Filling up the DagBag from /home/airflow/.local/lib/python3.12/site-packages/airflow/example_dags/example_params_trigger_ui.py
[2025-03-10T23:18:03.259+0000] {processor.py:925} INFO - DAG(s) 'example_params_trigger_ui' retrieved from /home/airflow/.local/lib/python3.12/site-packages/airflow/example_dags/example_params_trigger_ui.py
[2025-03-10T23:18:03.316+0000] {logging_mixin.py:190} INFO - [2025-03-10T23:18:03.316+0000] {dag.py:3239} INFO - Sync 1 DAGs
[2025-03-10T23:18:03.333+0000] {logging_mixin.py:190} INFO - [2025-03-10T23:18:03.333+0000] {dag.py:4180} INFO - Setting next_dagrun for example_params_trigger_ui to None, run_after=None
[2025-03-10T23:18:03.357+0000] {processor.py:208} INFO - Processing /home/airflow/.local/lib/python3.12/site-packages/airflow/example_dags/example_params_trigger_ui.py took 0.121 seconds
[2025-03-10T23:18:33.835+0000] {processor.py:186} INFO - Started process (PID=734) to work on /home/airflow/.local/lib/python3.12/site-packages/airflow/example_dags/example_params_trigger_ui.py
[2025-03-10T23:18:33.836+0000] {processor.py:914} INFO - Processing file /home/airflow/.local/lib/python3.12/site-packages/airflow/example_dags/example_params_trigger_ui.py for tasks to queue
[2025-03-10T23:18:33.837+0000] {logging_mixin.py:190} INFO - [2025-03-10T23:18:33.837+0000] {dagbag.py:588} INFO - Filling up the DagBag from /home/airflow/.local/lib/python3.12/site-packages/airflow/example_dags/example_params_trigger_ui.py
[2025-03-10T23:18:33.852+0000] {processor.py:925} INFO - DAG(s) 'example_params_trigger_ui' retrieved from /home/airflow/.local/lib/python3.12/site-packages/airflow/example_dags/example_params_trigger_ui.py
[2025-03-10T23:18:33.913+0000] {logging_mixin.py:190} INFO - [2025-03-10T23:18:33.913+0000] {dag.py:3239} INFO - Sync 1 DAGs
[2025-03-10T23:18:33.934+0000] {logging_mixin.py:190} INFO - [2025-03-10T23:18:33.933+0000] {dag.py:4180} INFO - Setting next_dagrun for example_params_trigger_ui to None, run_after=None
[2025-03-10T23:18:33.960+0000] {processor.py:208} INFO - Processing /home/airflow/.local/lib/python3.12/site-packages/airflow/example_dags/example_params_trigger_ui.py took 0.134 seconds
[2025-03-10T23:19:04.374+0000] {processor.py:186} INFO - Started process (PID=797) to work on /home/airflow/.local/lib/python3.12/site-packages/airflow/example_dags/example_params_trigger_ui.py
[2025-03-10T23:19:04.375+0000] {processor.py:914} INFO - Processing file /home/airflow/.local/lib/python3.12/site-packages/airflow/example_dags/example_params_trigger_ui.py for tasks to queue
[2025-03-10T23:19:04.376+0000] {logging_mixin.py:190} INFO - [2025-03-10T23:19:04.376+0000] {dagbag.py:588} INFO - Filling up the DagBag from /home/airflow/.local/lib/python3.12/site-packages/airflow/example_dags/example_params_trigger_ui.py
[2025-03-10T23:19:04.389+0000] {processor.py:925} INFO - DAG(s) 'example_params_trigger_ui' retrieved from /home/airflow/.local/lib/python3.12/site-packages/airflow/example_dags/example_params_trigger_ui.py
[2025-03-10T23:19:04.447+0000] {logging_mixin.py:190} INFO - [2025-03-10T23:19:04.446+0000] {dag.py:3239} INFO - Sync 1 DAGs
[2025-03-10T23:19:04.465+0000] {logging_mixin.py:190} INFO - [2025-03-10T23:19:04.465+0000] {dag.py:4180} INFO - Setting next_dagrun for example_params_trigger_ui to None, run_after=None
[2025-03-10T23:19:04.488+0000] {processor.py:208} INFO - Processing /home/airflow/.local/lib/python3.12/site-packages/airflow/example_dags/example_params_trigger_ui.py took 0.121 seconds
[2025-03-10T23:27:10.626+0000] {processor.py:186} INFO - Started process (PID=93) to work on /home/airflow/.local/lib/python3.12/site-packages/airflow/example_dags/example_params_trigger_ui.py
[2025-03-10T23:27:10.628+0000] {processor.py:914} INFO - Processing file /home/airflow/.local/lib/python3.12/site-packages/airflow/example_dags/example_params_trigger_ui.py for tasks to queue
[2025-03-10T23:27:10.631+0000] {logging_mixin.py:190} INFO - [2025-03-10T23:27:10.630+0000] {dagbag.py:588} INFO - Filling up the DagBag from /home/airflow/.local/lib/python3.12/site-packages/airflow/example_dags/example_params_trigger_ui.py
[2025-03-10T23:27:10.646+0000] {processor.py:925} INFO - DAG(s) 'example_params_trigger_ui' retrieved from /home/airflow/.local/lib/python3.12/site-packages/airflow/example_dags/example_params_trigger_ui.py
[2025-03-10T23:27:10.709+0000] {logging_mixin.py:190} INFO - [2025-03-10T23:27:10.709+0000] {dag.py:3239} INFO - Sync 1 DAGs
[2025-03-10T23:27:10.729+0000] {logging_mixin.py:190} INFO - [2025-03-10T23:27:10.728+0000] {dag.py:4180} INFO - Setting next_dagrun for example_params_trigger_ui to None, run_after=None
[2025-03-10T23:27:10.752+0000] {processor.py:208} INFO - Processing /home/airflow/.local/lib/python3.12/site-packages/airflow/example_dags/example_params_trigger_ui.py took 0.133 seconds
[2025-03-10T23:27:41.752+0000] {processor.py:186} INFO - Started process (PID=156) to work on /home/airflow/.local/lib/python3.12/site-packages/airflow/example_dags/example_params_trigger_ui.py
[2025-03-10T23:27:41.754+0000] {processor.py:914} INFO - Processing file /home/airflow/.local/lib/python3.12/site-packages/airflow/example_dags/example_params_trigger_ui.py for tasks to queue
[2025-03-10T23:27:41.756+0000] {logging_mixin.py:190} INFO - [2025-03-10T23:27:41.756+0000] {dagbag.py:588} INFO - Filling up the DagBag from /home/airflow/.local/lib/python3.12/site-packages/airflow/example_dags/example_params_trigger_ui.py
[2025-03-10T23:27:41.769+0000] {processor.py:925} INFO - DAG(s) 'example_params_trigger_ui' retrieved from /home/airflow/.local/lib/python3.12/site-packages/airflow/example_dags/example_params_trigger_ui.py
[2025-03-10T23:27:41.826+0000] {logging_mixin.py:190} INFO - [2025-03-10T23:27:41.826+0000] {dag.py:3239} INFO - Sync 1 DAGs
[2025-03-10T23:27:41.844+0000] {logging_mixin.py:190} INFO - [2025-03-10T23:27:41.844+0000] {dag.py:4180} INFO - Setting next_dagrun for example_params_trigger_ui to None, run_after=None
[2025-03-10T23:27:41.864+0000] {processor.py:208} INFO - Processing /home/airflow/.local/lib/python3.12/site-packages/airflow/example_dags/example_params_trigger_ui.py took 0.118 seconds
[2025-03-10T23:28:12.279+0000] {processor.py:186} INFO - Started process (PID=219) to work on /home/airflow/.local/lib/python3.12/site-packages/airflow/example_dags/example_params_trigger_ui.py
[2025-03-10T23:28:12.280+0000] {processor.py:914} INFO - Processing file /home/airflow/.local/lib/python3.12/site-packages/airflow/example_dags/example_params_trigger_ui.py for tasks to queue
[2025-03-10T23:28:12.282+0000] {logging_mixin.py:190} INFO - [2025-03-10T23:28:12.282+0000] {dagbag.py:588} INFO - Filling up the DagBag from /home/airflow/.local/lib/python3.12/site-packages/airflow/example_dags/example_params_trigger_ui.py
[2025-03-10T23:28:12.295+0000] {processor.py:925} INFO - DAG(s) 'example_params_trigger_ui' retrieved from /home/airflow/.local/lib/python3.12/site-packages/airflow/example_dags/example_params_trigger_ui.py
[2025-03-10T23:28:12.353+0000] {logging_mixin.py:190} INFO - [2025-03-10T23:28:12.352+0000] {dag.py:3239} INFO - Sync 1 DAGs
[2025-03-10T23:28:12.369+0000] {logging_mixin.py:190} INFO - [2025-03-10T23:28:12.369+0000] {dag.py:4180} INFO - Setting next_dagrun for example_params_trigger_ui to None, run_after=None
[2025-03-10T23:28:12.391+0000] {processor.py:208} INFO - Processing /home/airflow/.local/lib/python3.12/site-packages/airflow/example_dags/example_params_trigger_ui.py took 0.119 seconds
[2025-03-10T23:28:43.197+0000] {processor.py:186} INFO - Started process (PID=282) to work on /home/airflow/.local/lib/python3.12/site-packages/airflow/example_dags/example_params_trigger_ui.py
[2025-03-10T23:28:43.198+0000] {processor.py:914} INFO - Processing file /home/airflow/.local/lib/python3.12/site-packages/airflow/example_dags/example_params_trigger_ui.py for tasks to queue
[2025-03-10T23:28:43.201+0000] {logging_mixin.py:190} INFO - [2025-03-10T23:28:43.200+0000] {dagbag.py:588} INFO - Filling up the DagBag from /home/airflow/.local/lib/python3.12/site-packages/airflow/example_dags/example_params_trigger_ui.py
[2025-03-10T23:28:43.214+0000] {processor.py:925} INFO - DAG(s) 'example_params_trigger_ui' retrieved from /home/airflow/.local/lib/python3.12/site-packages/airflow/example_dags/example_params_trigger_ui.py
[2025-03-10T23:28:43.276+0000] {logging_mixin.py:190} INFO - [2025-03-10T23:28:43.275+0000] {dag.py:3239} INFO - Sync 1 DAGs
[2025-03-10T23:28:43.301+0000] {logging_mixin.py:190} INFO - [2025-03-10T23:28:43.301+0000] {dag.py:4180} INFO - Setting next_dagrun for example_params_trigger_ui to None, run_after=None
[2025-03-10T23:28:43.327+0000] {processor.py:208} INFO - Processing /home/airflow/.local/lib/python3.12/site-packages/airflow/example_dags/example_params_trigger_ui.py took 0.138 seconds
[2025-03-10T23:29:14.374+0000] {processor.py:186} INFO - Started process (PID=345) to work on /home/airflow/.local/lib/python3.12/site-packages/airflow/example_dags/example_params_trigger_ui.py
[2025-03-10T23:29:14.375+0000] {processor.py:914} INFO - Processing file /home/airflow/.local/lib/python3.12/site-packages/airflow/example_dags/example_params_trigger_ui.py for tasks to queue
[2025-03-10T23:29:14.378+0000] {logging_mixin.py:190} INFO - [2025-03-10T23:29:14.377+0000] {dagbag.py:588} INFO - Filling up the DagBag from /home/airflow/.local/lib/python3.12/site-packages/airflow/example_dags/example_params_trigger_ui.py
[2025-03-10T23:29:14.390+0000] {processor.py:925} INFO - DAG(s) 'example_params_trigger_ui' retrieved from /home/airflow/.local/lib/python3.12/site-packages/airflow/example_dags/example_params_trigger_ui.py
[2025-03-10T23:29:14.447+0000] {logging_mixin.py:190} INFO - [2025-03-10T23:29:14.446+0000] {dag.py:3239} INFO - Sync 1 DAGs
[2025-03-10T23:29:14.464+0000] {logging_mixin.py:190} INFO - [2025-03-10T23:29:14.464+0000] {dag.py:4180} INFO - Setting next_dagrun for example_params_trigger_ui to None, run_after=None
[2025-03-10T23:29:14.487+0000] {processor.py:208} INFO - Processing /home/airflow/.local/lib/python3.12/site-packages/airflow/example_dags/example_params_trigger_ui.py took 0.119 seconds
[2025-03-10T23:35:20.953+0000] {processor.py:186} INFO - Started process (PID=113) to work on /home/airflow/.local/lib/python3.12/site-packages/airflow/example_dags/example_params_trigger_ui.py
[2025-03-10T23:35:20.957+0000] {processor.py:914} INFO - Processing file /home/airflow/.local/lib/python3.12/site-packages/airflow/example_dags/example_params_trigger_ui.py for tasks to queue
[2025-03-10T23:35:20.972+0000] {logging_mixin.py:190} INFO - [2025-03-10T23:35:20.970+0000] {dagbag.py:588} INFO - Filling up the DagBag from /home/airflow/.local/lib/python3.12/site-packages/airflow/example_dags/example_params_trigger_ui.py
[2025-03-10T23:35:21.056+0000] {processor.py:925} INFO - DAG(s) 'example_params_trigger_ui' retrieved from /home/airflow/.local/lib/python3.12/site-packages/airflow/example_dags/example_params_trigger_ui.py
[2025-03-10T23:35:21.482+0000] {logging_mixin.py:190} INFO - [2025-03-10T23:35:21.481+0000] {dag.py:3239} INFO - Sync 1 DAGs
[2025-03-10T23:35:21.586+0000] {logging_mixin.py:190} INFO - [2025-03-10T23:35:21.584+0000] {dag.py:4180} INFO - Setting next_dagrun for example_params_trigger_ui to None, run_after=None
[2025-03-10T23:35:21.687+0000] {processor.py:208} INFO - Processing /home/airflow/.local/lib/python3.12/site-packages/airflow/example_dags/example_params_trigger_ui.py took 0.774 seconds
[2025-03-10T23:35:51.909+0000] {processor.py:186} INFO - Started process (PID=176) to work on /home/airflow/.local/lib/python3.12/site-packages/airflow/example_dags/example_params_trigger_ui.py
[2025-03-10T23:35:51.910+0000] {processor.py:914} INFO - Processing file /home/airflow/.local/lib/python3.12/site-packages/airflow/example_dags/example_params_trigger_ui.py for tasks to queue
[2025-03-10T23:35:51.913+0000] {logging_mixin.py:190} INFO - [2025-03-10T23:35:51.912+0000] {dagbag.py:588} INFO - Filling up the DagBag from /home/airflow/.local/lib/python3.12/site-packages/airflow/example_dags/example_params_trigger_ui.py
[2025-03-10T23:35:51.925+0000] {processor.py:925} INFO - DAG(s) 'example_params_trigger_ui' retrieved from /home/airflow/.local/lib/python3.12/site-packages/airflow/example_dags/example_params_trigger_ui.py
[2025-03-10T23:35:51.993+0000] {logging_mixin.py:190} INFO - [2025-03-10T23:35:51.993+0000] {dag.py:3239} INFO - Sync 1 DAGs
[2025-03-10T23:35:52.011+0000] {logging_mixin.py:190} INFO - [2025-03-10T23:35:52.010+0000] {dag.py:4180} INFO - Setting next_dagrun for example_params_trigger_ui to None, run_after=None
[2025-03-10T23:35:52.032+0000] {processor.py:208} INFO - Processing /home/airflow/.local/lib/python3.12/site-packages/airflow/example_dags/example_params_trigger_ui.py took 0.130 seconds
[2025-03-10T23:36:22.177+0000] {processor.py:186} INFO - Started process (PID=239) to work on /home/airflow/.local/lib/python3.12/site-packages/airflow/example_dags/example_params_trigger_ui.py
[2025-03-10T23:36:22.178+0000] {processor.py:914} INFO - Processing file /home/airflow/.local/lib/python3.12/site-packages/airflow/example_dags/example_params_trigger_ui.py for tasks to queue
[2025-03-10T23:36:22.181+0000] {logging_mixin.py:190} INFO - [2025-03-10T23:36:22.180+0000] {dagbag.py:588} INFO - Filling up the DagBag from /home/airflow/.local/lib/python3.12/site-packages/airflow/example_dags/example_params_trigger_ui.py
[2025-03-10T23:36:22.193+0000] {processor.py:925} INFO - DAG(s) 'example_params_trigger_ui' retrieved from /home/airflow/.local/lib/python3.12/site-packages/airflow/example_dags/example_params_trigger_ui.py
[2025-03-10T23:36:22.251+0000] {logging_mixin.py:190} INFO - [2025-03-10T23:36:22.251+0000] {dag.py:3239} INFO - Sync 1 DAGs
[2025-03-10T23:36:22.269+0000] {logging_mixin.py:190} INFO - [2025-03-10T23:36:22.269+0000] {dag.py:4180} INFO - Setting next_dagrun for example_params_trigger_ui to None, run_after=None
[2025-03-10T23:36:22.291+0000] {processor.py:208} INFO - Processing /home/airflow/.local/lib/python3.12/site-packages/airflow/example_dags/example_params_trigger_ui.py took 0.121 seconds
[2025-03-10T23:36:52.413+0000] {processor.py:186} INFO - Started process (PID=302) to work on /home/airflow/.local/lib/python3.12/site-packages/airflow/example_dags/example_params_trigger_ui.py
[2025-03-10T23:36:52.414+0000] {processor.py:914} INFO - Processing file /home/airflow/.local/lib/python3.12/site-packages/airflow/example_dags/example_params_trigger_ui.py for tasks to queue
[2025-03-10T23:36:52.417+0000] {logging_mixin.py:190} INFO - [2025-03-10T23:36:52.417+0000] {dagbag.py:588} INFO - Filling up the DagBag from /home/airflow/.local/lib/python3.12/site-packages/airflow/example_dags/example_params_trigger_ui.py
[2025-03-10T23:36:52.429+0000] {processor.py:925} INFO - DAG(s) 'example_params_trigger_ui' retrieved from /home/airflow/.local/lib/python3.12/site-packages/airflow/example_dags/example_params_trigger_ui.py
[2025-03-10T23:36:52.488+0000] {logging_mixin.py:190} INFO - [2025-03-10T23:36:52.488+0000] {dag.py:3239} INFO - Sync 1 DAGs
[2025-03-10T23:36:52.505+0000] {logging_mixin.py:190} INFO - [2025-03-10T23:36:52.505+0000] {dag.py:4180} INFO - Setting next_dagrun for example_params_trigger_ui to None, run_after=None
[2025-03-10T23:36:52.528+0000] {processor.py:208} INFO - Processing /home/airflow/.local/lib/python3.12/site-packages/airflow/example_dags/example_params_trigger_ui.py took 0.123 seconds
[2025-03-10T23:37:23.047+0000] {processor.py:186} INFO - Started process (PID=365) to work on /home/airflow/.local/lib/python3.12/site-packages/airflow/example_dags/example_params_trigger_ui.py
[2025-03-10T23:37:23.048+0000] {processor.py:914} INFO - Processing file /home/airflow/.local/lib/python3.12/site-packages/airflow/example_dags/example_params_trigger_ui.py for tasks to queue
[2025-03-10T23:37:23.052+0000] {logging_mixin.py:190} INFO - [2025-03-10T23:37:23.051+0000] {dagbag.py:588} INFO - Filling up the DagBag from /home/airflow/.local/lib/python3.12/site-packages/airflow/example_dags/example_params_trigger_ui.py
[2025-03-10T23:37:23.065+0000] {processor.py:925} INFO - DAG(s) 'example_params_trigger_ui' retrieved from /home/airflow/.local/lib/python3.12/site-packages/airflow/example_dags/example_params_trigger_ui.py
[2025-03-10T23:37:23.121+0000] {logging_mixin.py:190} INFO - [2025-03-10T23:37:23.121+0000] {dag.py:3239} INFO - Sync 1 DAGs
[2025-03-10T23:37:23.140+0000] {logging_mixin.py:190} INFO - [2025-03-10T23:37:23.140+0000] {dag.py:4180} INFO - Setting next_dagrun for example_params_trigger_ui to None, run_after=None
[2025-03-10T23:37:23.162+0000] {processor.py:208} INFO - Processing /home/airflow/.local/lib/python3.12/site-packages/airflow/example_dags/example_params_trigger_ui.py took 0.123 seconds
