[2025-03-10T20:30:17.008+0000] {processor.py:186} INFO - Started process (PID=132) to work on /home/airflow/.local/lib/python3.12/site-packages/airflow/example_dags/example_trigger_controller_dag.py
[2025-03-10T20:30:17.009+0000] {processor.py:914} INFO - Processing file /home/airflow/.local/lib/python3.12/site-packages/airflow/example_dags/example_trigger_controller_dag.py for tasks to queue
[2025-03-10T20:30:17.012+0000] {logging_mixin.py:190} INFO - [2025-03-10T20:30:17.011+0000] {dagbag.py:588} INFO - Filling up the DagBag from /home/airflow/.local/lib/python3.12/site-packages/airflow/example_dags/example_trigger_controller_dag.py
[2025-03-10T20:30:17.020+0000] {processor.py:925} INFO - DAG(s) 'example_trigger_controller_dag' retrieved from /home/airflow/.local/lib/python3.12/site-packages/airflow/example_dags/example_trigger_controller_dag.py
[2025-03-10T20:30:17.088+0000] {logging_mixin.py:190} INFO - [2025-03-10T20:30:17.087+0000] {override.py:1912} INFO - Created Permission View: can read on DAG:example_trigger_controller_dag
[2025-03-10T20:30:17.101+0000] {logging_mixin.py:190} INFO - [2025-03-10T20:30:17.100+0000] {override.py:1912} INFO - Created Permission View: can edit on DAG:example_trigger_controller_dag
[2025-03-10T20:30:17.108+0000] {logging_mixin.py:190} INFO - [2025-03-10T20:30:17.108+0000] {override.py:1912} INFO - Created Permission View: can delete on DAG:example_trigger_controller_dag
[2025-03-10T20:30:17.116+0000] {logging_mixin.py:190} INFO - [2025-03-10T20:30:17.116+0000] {override.py:1912} INFO - Created Permission View: menu access on DAG Run:example_trigger_controller_dag
[2025-03-10T20:30:17.123+0000] {logging_mixin.py:190} INFO - [2025-03-10T20:30:17.123+0000] {override.py:1912} INFO - Created Permission View: can read on DAG Run:example_trigger_controller_dag
[2025-03-10T20:30:17.129+0000] {logging_mixin.py:190} INFO - [2025-03-10T20:30:17.129+0000] {override.py:1912} INFO - Created Permission View: can create on DAG Run:example_trigger_controller_dag
[2025-03-10T20:30:17.135+0000] {logging_mixin.py:190} INFO - [2025-03-10T20:30:17.135+0000] {override.py:1912} INFO - Created Permission View: can delete on DAG Run:example_trigger_controller_dag
[2025-03-10T20:30:17.136+0000] {logging_mixin.py:190} INFO - [2025-03-10T20:30:17.136+0000] {dag.py:3239} INFO - Sync 1 DAGs
[2025-03-10T20:30:17.151+0000] {logging_mixin.py:190} INFO - [2025-03-10T20:30:17.151+0000] {dag.py:3262} INFO - Creating ORM DAG for example_trigger_controller_dag
[2025-03-10T20:30:17.162+0000] {logging_mixin.py:190} INFO - [2025-03-10T20:30:17.162+0000] {dag.py:4180} INFO - Setting next_dagrun for example_trigger_controller_dag to 2021-01-01 00:00:00+00:00, run_after=2021-01-01 00:00:00+00:00
[2025-03-10T20:30:17.180+0000] {processor.py:208} INFO - Processing /home/airflow/.local/lib/python3.12/site-packages/airflow/example_dags/example_trigger_controller_dag.py took 0.180 seconds
[2025-03-10T20:30:47.895+0000] {processor.py:186} INFO - Started process (PID=195) to work on /home/airflow/.local/lib/python3.12/site-packages/airflow/example_dags/example_trigger_controller_dag.py
[2025-03-10T20:30:47.896+0000] {processor.py:914} INFO - Processing file /home/airflow/.local/lib/python3.12/site-packages/airflow/example_dags/example_trigger_controller_dag.py for tasks to queue
[2025-03-10T20:30:47.898+0000] {logging_mixin.py:190} INFO - [2025-03-10T20:30:47.898+0000] {dagbag.py:588} INFO - Filling up the DagBag from /home/airflow/.local/lib/python3.12/site-packages/airflow/example_dags/example_trigger_controller_dag.py
[2025-03-10T20:30:47.905+0000] {processor.py:925} INFO - DAG(s) 'example_trigger_controller_dag' retrieved from /home/airflow/.local/lib/python3.12/site-packages/airflow/example_dags/example_trigger_controller_dag.py
[2025-03-10T20:30:47.928+0000] {logging_mixin.py:190} INFO - [2025-03-10T20:30:47.928+0000] {dag.py:3239} INFO - Sync 1 DAGs
[2025-03-10T20:30:47.955+0000] {logging_mixin.py:190} INFO - [2025-03-10T20:30:47.955+0000] {dag.py:4180} INFO - Setting next_dagrun for example_trigger_controller_dag to 2021-01-01 00:00:00+00:00, run_after=2021-01-01 00:00:00+00:00
[2025-03-10T20:30:47.978+0000] {processor.py:208} INFO - Processing /home/airflow/.local/lib/python3.12/site-packages/airflow/example_dags/example_trigger_controller_dag.py took 0.090 seconds
[2025-03-10T20:31:22.767+0000] {processor.py:186} INFO - Started process (PID=258) to work on /home/airflow/.local/lib/python3.12/site-packages/airflow/example_dags/example_trigger_controller_dag.py
[2025-03-10T20:31:22.776+0000] {processor.py:914} INFO - Processing file /home/airflow/.local/lib/python3.12/site-packages/airflow/example_dags/example_trigger_controller_dag.py for tasks to queue
[2025-03-10T20:31:22.799+0000] {logging_mixin.py:190} INFO - [2025-03-10T20:31:22.797+0000] {dagbag.py:588} INFO - Filling up the DagBag from /home/airflow/.local/lib/python3.12/site-packages/airflow/example_dags/example_trigger_controller_dag.py
[2025-03-10T20:31:22.852+0000] {processor.py:925} INFO - DAG(s) 'example_trigger_controller_dag' retrieved from /home/airflow/.local/lib/python3.12/site-packages/airflow/example_dags/example_trigger_controller_dag.py
[2025-03-10T20:31:23.024+0000] {logging_mixin.py:190} INFO - [2025-03-10T20:31:23.022+0000] {dag.py:3239} INFO - Sync 1 DAGs
[2025-03-10T20:31:23.324+0000] {logging_mixin.py:190} INFO - [2025-03-10T20:31:23.322+0000] {dag.py:4180} INFO - Setting next_dagrun for example_trigger_controller_dag to 2021-01-01 00:00:00+00:00, run_after=2021-01-01 00:00:00+00:00
[2025-03-10T20:31:23.455+0000] {processor.py:208} INFO - Processing /home/airflow/.local/lib/python3.12/site-packages/airflow/example_dags/example_trigger_controller_dag.py took 0.742 seconds
[2025-03-10T20:31:53.611+0000] {processor.py:186} INFO - Started process (PID=321) to work on /home/airflow/.local/lib/python3.12/site-packages/airflow/example_dags/example_trigger_controller_dag.py
[2025-03-10T20:31:53.612+0000] {processor.py:914} INFO - Processing file /home/airflow/.local/lib/python3.12/site-packages/airflow/example_dags/example_trigger_controller_dag.py for tasks to queue
[2025-03-10T20:31:53.615+0000] {logging_mixin.py:190} INFO - [2025-03-10T20:31:53.614+0000] {dagbag.py:588} INFO - Filling up the DagBag from /home/airflow/.local/lib/python3.12/site-packages/airflow/example_dags/example_trigger_controller_dag.py
[2025-03-10T20:31:53.622+0000] {processor.py:925} INFO - DAG(s) 'example_trigger_controller_dag' retrieved from /home/airflow/.local/lib/python3.12/site-packages/airflow/example_dags/example_trigger_controller_dag.py
[2025-03-10T20:31:53.645+0000] {logging_mixin.py:190} INFO - [2025-03-10T20:31:53.645+0000] {dag.py:3239} INFO - Sync 1 DAGs
[2025-03-10T20:31:53.678+0000] {logging_mixin.py:190} INFO - [2025-03-10T20:31:53.678+0000] {dag.py:4180} INFO - Setting next_dagrun for example_trigger_controller_dag to 2021-01-01 00:00:00+00:00, run_after=2021-01-01 00:00:00+00:00
[2025-03-10T20:31:53.698+0000] {processor.py:208} INFO - Processing /home/airflow/.local/lib/python3.12/site-packages/airflow/example_dags/example_trigger_controller_dag.py took 0.096 seconds
[2025-03-10T20:32:23.955+0000] {processor.py:186} INFO - Started process (PID=384) to work on /home/airflow/.local/lib/python3.12/site-packages/airflow/example_dags/example_trigger_controller_dag.py
[2025-03-10T20:32:23.955+0000] {processor.py:914} INFO - Processing file /home/airflow/.local/lib/python3.12/site-packages/airflow/example_dags/example_trigger_controller_dag.py for tasks to queue
[2025-03-10T20:32:23.958+0000] {logging_mixin.py:190} INFO - [2025-03-10T20:32:23.958+0000] {dagbag.py:588} INFO - Filling up the DagBag from /home/airflow/.local/lib/python3.12/site-packages/airflow/example_dags/example_trigger_controller_dag.py
[2025-03-10T20:32:23.966+0000] {processor.py:925} INFO - DAG(s) 'example_trigger_controller_dag' retrieved from /home/airflow/.local/lib/python3.12/site-packages/airflow/example_dags/example_trigger_controller_dag.py
[2025-03-10T20:32:23.989+0000] {logging_mixin.py:190} INFO - [2025-03-10T20:32:23.989+0000] {dag.py:3239} INFO - Sync 1 DAGs
[2025-03-10T20:32:24.020+0000] {logging_mixin.py:190} INFO - [2025-03-10T20:32:24.020+0000] {dag.py:4180} INFO - Setting next_dagrun for example_trigger_controller_dag to 2021-01-01 00:00:00+00:00, run_after=2021-01-01 00:00:00+00:00
[2025-03-10T20:32:24.053+0000] {processor.py:208} INFO - Processing /home/airflow/.local/lib/python3.12/site-packages/airflow/example_dags/example_trigger_controller_dag.py took 0.105 seconds
[2025-03-10T20:32:54.967+0000] {processor.py:186} INFO - Started process (PID=447) to work on /home/airflow/.local/lib/python3.12/site-packages/airflow/example_dags/example_trigger_controller_dag.py
[2025-03-10T20:32:54.968+0000] {processor.py:914} INFO - Processing file /home/airflow/.local/lib/python3.12/site-packages/airflow/example_dags/example_trigger_controller_dag.py for tasks to queue
[2025-03-10T20:32:54.971+0000] {logging_mixin.py:190} INFO - [2025-03-10T20:32:54.971+0000] {dagbag.py:588} INFO - Filling up the DagBag from /home/airflow/.local/lib/python3.12/site-packages/airflow/example_dags/example_trigger_controller_dag.py
[2025-03-10T20:32:54.978+0000] {processor.py:925} INFO - DAG(s) 'example_trigger_controller_dag' retrieved from /home/airflow/.local/lib/python3.12/site-packages/airflow/example_dags/example_trigger_controller_dag.py
[2025-03-10T20:32:54.999+0000] {logging_mixin.py:190} INFO - [2025-03-10T20:32:54.999+0000] {dag.py:3239} INFO - Sync 1 DAGs
[2025-03-10T20:32:55.027+0000] {logging_mixin.py:190} INFO - [2025-03-10T20:32:55.027+0000] {dag.py:4180} INFO - Setting next_dagrun for example_trigger_controller_dag to 2021-01-01 00:00:00+00:00, run_after=2021-01-01 00:00:00+00:00
[2025-03-10T20:32:55.050+0000] {processor.py:208} INFO - Processing /home/airflow/.local/lib/python3.12/site-packages/airflow/example_dags/example_trigger_controller_dag.py took 0.089 seconds
[2025-03-10T20:33:25.258+0000] {processor.py:186} INFO - Started process (PID=509) to work on /home/airflow/.local/lib/python3.12/site-packages/airflow/example_dags/example_trigger_controller_dag.py
[2025-03-10T20:33:25.259+0000] {processor.py:914} INFO - Processing file /home/airflow/.local/lib/python3.12/site-packages/airflow/example_dags/example_trigger_controller_dag.py for tasks to queue
[2025-03-10T20:33:25.262+0000] {logging_mixin.py:190} INFO - [2025-03-10T20:33:25.262+0000] {dagbag.py:588} INFO - Filling up the DagBag from /home/airflow/.local/lib/python3.12/site-packages/airflow/example_dags/example_trigger_controller_dag.py
[2025-03-10T20:33:25.269+0000] {processor.py:925} INFO - DAG(s) 'example_trigger_controller_dag' retrieved from /home/airflow/.local/lib/python3.12/site-packages/airflow/example_dags/example_trigger_controller_dag.py
[2025-03-10T20:33:25.296+0000] {logging_mixin.py:190} INFO - [2025-03-10T20:33:25.296+0000] {dag.py:3239} INFO - Sync 1 DAGs
[2025-03-10T20:33:25.326+0000] {logging_mixin.py:190} INFO - [2025-03-10T20:33:25.325+0000] {dag.py:4180} INFO - Setting next_dagrun for example_trigger_controller_dag to 2021-01-01 00:00:00+00:00, run_after=2021-01-01 00:00:00+00:00
[2025-03-10T20:33:25.347+0000] {processor.py:208} INFO - Processing /home/airflow/.local/lib/python3.12/site-packages/airflow/example_dags/example_trigger_controller_dag.py took 0.098 seconds
[2025-03-10T20:33:55.466+0000] {processor.py:186} INFO - Started process (PID=572) to work on /home/airflow/.local/lib/python3.12/site-packages/airflow/example_dags/example_trigger_controller_dag.py
[2025-03-10T20:33:55.467+0000] {processor.py:914} INFO - Processing file /home/airflow/.local/lib/python3.12/site-packages/airflow/example_dags/example_trigger_controller_dag.py for tasks to queue
[2025-03-10T20:33:55.470+0000] {logging_mixin.py:190} INFO - [2025-03-10T20:33:55.470+0000] {dagbag.py:588} INFO - Filling up the DagBag from /home/airflow/.local/lib/python3.12/site-packages/airflow/example_dags/example_trigger_controller_dag.py
[2025-03-10T20:33:55.478+0000] {processor.py:925} INFO - DAG(s) 'example_trigger_controller_dag' retrieved from /home/airflow/.local/lib/python3.12/site-packages/airflow/example_dags/example_trigger_controller_dag.py
[2025-03-10T20:33:55.502+0000] {logging_mixin.py:190} INFO - [2025-03-10T20:33:55.502+0000] {dag.py:3239} INFO - Sync 1 DAGs
[2025-03-10T20:33:55.532+0000] {logging_mixin.py:190} INFO - [2025-03-10T20:33:55.532+0000] {dag.py:4180} INFO - Setting next_dagrun for example_trigger_controller_dag to 2021-01-01 00:00:00+00:00, run_after=2021-01-01 00:00:00+00:00
[2025-03-10T20:33:55.553+0000] {processor.py:208} INFO - Processing /home/airflow/.local/lib/python3.12/site-packages/airflow/example_dags/example_trigger_controller_dag.py took 0.095 seconds
[2025-03-10T20:34:25.711+0000] {processor.py:186} INFO - Started process (PID=635) to work on /home/airflow/.local/lib/python3.12/site-packages/airflow/example_dags/example_trigger_controller_dag.py
[2025-03-10T20:34:25.712+0000] {processor.py:914} INFO - Processing file /home/airflow/.local/lib/python3.12/site-packages/airflow/example_dags/example_trigger_controller_dag.py for tasks to queue
[2025-03-10T20:34:25.714+0000] {logging_mixin.py:190} INFO - [2025-03-10T20:34:25.714+0000] {dagbag.py:588} INFO - Filling up the DagBag from /home/airflow/.local/lib/python3.12/site-packages/airflow/example_dags/example_trigger_controller_dag.py
[2025-03-10T20:34:25.721+0000] {processor.py:925} INFO - DAG(s) 'example_trigger_controller_dag' retrieved from /home/airflow/.local/lib/python3.12/site-packages/airflow/example_dags/example_trigger_controller_dag.py
[2025-03-10T20:34:25.745+0000] {logging_mixin.py:190} INFO - [2025-03-10T20:34:25.745+0000] {dag.py:3239} INFO - Sync 1 DAGs
[2025-03-10T20:34:25.772+0000] {logging_mixin.py:190} INFO - [2025-03-10T20:34:25.772+0000] {dag.py:4180} INFO - Setting next_dagrun for example_trigger_controller_dag to 2021-01-01 00:00:00+00:00, run_after=2021-01-01 00:00:00+00:00
[2025-03-10T20:34:25.793+0000] {processor.py:208} INFO - Processing /home/airflow/.local/lib/python3.12/site-packages/airflow/example_dags/example_trigger_controller_dag.py took 0.089 seconds
[2025-03-10T20:34:56.112+0000] {processor.py:186} INFO - Started process (PID=698) to work on /home/airflow/.local/lib/python3.12/site-packages/airflow/example_dags/example_trigger_controller_dag.py
[2025-03-10T20:34:56.113+0000] {processor.py:914} INFO - Processing file /home/airflow/.local/lib/python3.12/site-packages/airflow/example_dags/example_trigger_controller_dag.py for tasks to queue
[2025-03-10T20:34:56.116+0000] {logging_mixin.py:190} INFO - [2025-03-10T20:34:56.116+0000] {dagbag.py:588} INFO - Filling up the DagBag from /home/airflow/.local/lib/python3.12/site-packages/airflow/example_dags/example_trigger_controller_dag.py
[2025-03-10T20:34:56.124+0000] {processor.py:925} INFO - DAG(s) 'example_trigger_controller_dag' retrieved from /home/airflow/.local/lib/python3.12/site-packages/airflow/example_dags/example_trigger_controller_dag.py
[2025-03-10T20:34:56.149+0000] {logging_mixin.py:190} INFO - [2025-03-10T20:34:56.149+0000] {dag.py:3239} INFO - Sync 1 DAGs
[2025-03-10T20:34:56.177+0000] {logging_mixin.py:190} INFO - [2025-03-10T20:34:56.177+0000] {dag.py:4180} INFO - Setting next_dagrun for example_trigger_controller_dag to 2021-01-01 00:00:00+00:00, run_after=2021-01-01 00:00:00+00:00
[2025-03-10T20:34:56.197+0000] {processor.py:208} INFO - Processing /home/airflow/.local/lib/python3.12/site-packages/airflow/example_dags/example_trigger_controller_dag.py took 0.093 seconds
[2025-03-10T20:35:26.361+0000] {processor.py:186} INFO - Started process (PID=761) to work on /home/airflow/.local/lib/python3.12/site-packages/airflow/example_dags/example_trigger_controller_dag.py
[2025-03-10T20:35:26.362+0000] {processor.py:914} INFO - Processing file /home/airflow/.local/lib/python3.12/site-packages/airflow/example_dags/example_trigger_controller_dag.py for tasks to queue
[2025-03-10T20:35:26.368+0000] {logging_mixin.py:190} INFO - [2025-03-10T20:35:26.367+0000] {dagbag.py:588} INFO - Filling up the DagBag from /home/airflow/.local/lib/python3.12/site-packages/airflow/example_dags/example_trigger_controller_dag.py
[2025-03-10T20:35:26.385+0000] {processor.py:925} INFO - DAG(s) 'example_trigger_controller_dag' retrieved from /home/airflow/.local/lib/python3.12/site-packages/airflow/example_dags/example_trigger_controller_dag.py
[2025-03-10T20:35:26.433+0000] {logging_mixin.py:190} INFO - [2025-03-10T20:35:26.433+0000] {dag.py:3239} INFO - Sync 1 DAGs
[2025-03-10T20:35:26.468+0000] {logging_mixin.py:190} INFO - [2025-03-10T20:35:26.468+0000] {dag.py:4180} INFO - Setting next_dagrun for example_trigger_controller_dag to 2021-01-01 00:00:00+00:00, run_after=2021-01-01 00:00:00+00:00
[2025-03-10T20:35:26.498+0000] {processor.py:208} INFO - Processing /home/airflow/.local/lib/python3.12/site-packages/airflow/example_dags/example_trigger_controller_dag.py took 0.151 seconds
[2025-03-10T20:35:56.740+0000] {processor.py:186} INFO - Started process (PID=824) to work on /home/airflow/.local/lib/python3.12/site-packages/airflow/example_dags/example_trigger_controller_dag.py
[2025-03-10T20:35:56.741+0000] {processor.py:914} INFO - Processing file /home/airflow/.local/lib/python3.12/site-packages/airflow/example_dags/example_trigger_controller_dag.py for tasks to queue
[2025-03-10T20:35:56.744+0000] {logging_mixin.py:190} INFO - [2025-03-10T20:35:56.744+0000] {dagbag.py:588} INFO - Filling up the DagBag from /home/airflow/.local/lib/python3.12/site-packages/airflow/example_dags/example_trigger_controller_dag.py
[2025-03-10T20:35:56.752+0000] {processor.py:925} INFO - DAG(s) 'example_trigger_controller_dag' retrieved from /home/airflow/.local/lib/python3.12/site-packages/airflow/example_dags/example_trigger_controller_dag.py
[2025-03-10T20:35:56.777+0000] {logging_mixin.py:190} INFO - [2025-03-10T20:35:56.777+0000] {dag.py:3239} INFO - Sync 1 DAGs
[2025-03-10T20:35:56.816+0000] {logging_mixin.py:190} INFO - [2025-03-10T20:35:56.816+0000] {dag.py:4180} INFO - Setting next_dagrun for example_trigger_controller_dag to 2021-01-01 00:00:00+00:00, run_after=2021-01-01 00:00:00+00:00
[2025-03-10T20:35:56.838+0000] {processor.py:208} INFO - Processing /home/airflow/.local/lib/python3.12/site-packages/airflow/example_dags/example_trigger_controller_dag.py took 0.105 seconds
[2025-03-10T20:36:26.985+0000] {processor.py:186} INFO - Started process (PID=887) to work on /home/airflow/.local/lib/python3.12/site-packages/airflow/example_dags/example_trigger_controller_dag.py
[2025-03-10T20:36:26.986+0000] {processor.py:914} INFO - Processing file /home/airflow/.local/lib/python3.12/site-packages/airflow/example_dags/example_trigger_controller_dag.py for tasks to queue
[2025-03-10T20:36:26.989+0000] {logging_mixin.py:190} INFO - [2025-03-10T20:36:26.989+0000] {dagbag.py:588} INFO - Filling up the DagBag from /home/airflow/.local/lib/python3.12/site-packages/airflow/example_dags/example_trigger_controller_dag.py
[2025-03-10T20:36:26.997+0000] {processor.py:925} INFO - DAG(s) 'example_trigger_controller_dag' retrieved from /home/airflow/.local/lib/python3.12/site-packages/airflow/example_dags/example_trigger_controller_dag.py
[2025-03-10T20:36:27.021+0000] {logging_mixin.py:190} INFO - [2025-03-10T20:36:27.021+0000] {dag.py:3239} INFO - Sync 1 DAGs
[2025-03-10T20:36:27.050+0000] {logging_mixin.py:190} INFO - [2025-03-10T20:36:27.050+0000] {dag.py:4180} INFO - Setting next_dagrun for example_trigger_controller_dag to 2021-01-01 00:00:00+00:00, run_after=2021-01-01 00:00:00+00:00
[2025-03-10T20:36:27.075+0000] {processor.py:208} INFO - Processing /home/airflow/.local/lib/python3.12/site-packages/airflow/example_dags/example_trigger_controller_dag.py took 0.098 seconds
[2025-03-10T20:36:57.583+0000] {processor.py:186} INFO - Started process (PID=950) to work on /home/airflow/.local/lib/python3.12/site-packages/airflow/example_dags/example_trigger_controller_dag.py
[2025-03-10T20:36:57.584+0000] {processor.py:914} INFO - Processing file /home/airflow/.local/lib/python3.12/site-packages/airflow/example_dags/example_trigger_controller_dag.py for tasks to queue
[2025-03-10T20:36:57.587+0000] {logging_mixin.py:190} INFO - [2025-03-10T20:36:57.587+0000] {dagbag.py:588} INFO - Filling up the DagBag from /home/airflow/.local/lib/python3.12/site-packages/airflow/example_dags/example_trigger_controller_dag.py
[2025-03-10T20:36:57.600+0000] {processor.py:925} INFO - DAG(s) 'example_trigger_controller_dag' retrieved from /home/airflow/.local/lib/python3.12/site-packages/airflow/example_dags/example_trigger_controller_dag.py
[2025-03-10T20:36:57.626+0000] {logging_mixin.py:190} INFO - [2025-03-10T20:36:57.626+0000] {dag.py:3239} INFO - Sync 1 DAGs
[2025-03-10T20:36:57.656+0000] {logging_mixin.py:190} INFO - [2025-03-10T20:36:57.656+0000] {dag.py:4180} INFO - Setting next_dagrun for example_trigger_controller_dag to 2021-01-01 00:00:00+00:00, run_after=2021-01-01 00:00:00+00:00
[2025-03-10T20:36:57.677+0000] {processor.py:208} INFO - Processing /home/airflow/.local/lib/python3.12/site-packages/airflow/example_dags/example_trigger_controller_dag.py took 0.103 seconds
[2025-03-10T20:37:27.903+0000] {processor.py:186} INFO - Started process (PID=1014) to work on /home/airflow/.local/lib/python3.12/site-packages/airflow/example_dags/example_trigger_controller_dag.py
[2025-03-10T20:37:27.904+0000] {processor.py:914} INFO - Processing file /home/airflow/.local/lib/python3.12/site-packages/airflow/example_dags/example_trigger_controller_dag.py for tasks to queue
[2025-03-10T20:37:27.907+0000] {logging_mixin.py:190} INFO - [2025-03-10T20:37:27.906+0000] {dagbag.py:588} INFO - Filling up the DagBag from /home/airflow/.local/lib/python3.12/site-packages/airflow/example_dags/example_trigger_controller_dag.py
[2025-03-10T20:37:27.915+0000] {processor.py:925} INFO - DAG(s) 'example_trigger_controller_dag' retrieved from /home/airflow/.local/lib/python3.12/site-packages/airflow/example_dags/example_trigger_controller_dag.py
[2025-03-10T20:37:27.939+0000] {logging_mixin.py:190} INFO - [2025-03-10T20:37:27.938+0000] {dag.py:3239} INFO - Sync 1 DAGs
[2025-03-10T20:37:27.970+0000] {logging_mixin.py:190} INFO - [2025-03-10T20:37:27.970+0000] {dag.py:4180} INFO - Setting next_dagrun for example_trigger_controller_dag to 2021-01-01 00:00:00+00:00, run_after=2021-01-01 00:00:00+00:00
[2025-03-10T20:37:27.995+0000] {processor.py:208} INFO - Processing /home/airflow/.local/lib/python3.12/site-packages/airflow/example_dags/example_trigger_controller_dag.py took 0.100 seconds
[2025-03-10T20:37:58.579+0000] {processor.py:186} INFO - Started process (PID=1077) to work on /home/airflow/.local/lib/python3.12/site-packages/airflow/example_dags/example_trigger_controller_dag.py
[2025-03-10T20:37:58.580+0000] {processor.py:914} INFO - Processing file /home/airflow/.local/lib/python3.12/site-packages/airflow/example_dags/example_trigger_controller_dag.py for tasks to queue
[2025-03-10T20:37:58.583+0000] {logging_mixin.py:190} INFO - [2025-03-10T20:37:58.582+0000] {dagbag.py:588} INFO - Filling up the DagBag from /home/airflow/.local/lib/python3.12/site-packages/airflow/example_dags/example_trigger_controller_dag.py
[2025-03-10T20:37:58.591+0000] {processor.py:925} INFO - DAG(s) 'example_trigger_controller_dag' retrieved from /home/airflow/.local/lib/python3.12/site-packages/airflow/example_dags/example_trigger_controller_dag.py
[2025-03-10T20:37:58.613+0000] {logging_mixin.py:190} INFO - [2025-03-10T20:37:58.613+0000] {dag.py:3239} INFO - Sync 1 DAGs
[2025-03-10T20:37:58.639+0000] {logging_mixin.py:190} INFO - [2025-03-10T20:37:58.639+0000] {dag.py:4180} INFO - Setting next_dagrun for example_trigger_controller_dag to 2021-01-01 00:00:00+00:00, run_after=2021-01-01 00:00:00+00:00
[2025-03-10T20:37:58.660+0000] {processor.py:208} INFO - Processing /home/airflow/.local/lib/python3.12/site-packages/airflow/example_dags/example_trigger_controller_dag.py took 0.090 seconds
[2025-03-10T20:38:28.990+0000] {processor.py:186} INFO - Started process (PID=1140) to work on /home/airflow/.local/lib/python3.12/site-packages/airflow/example_dags/example_trigger_controller_dag.py
[2025-03-10T20:38:28.991+0000] {processor.py:914} INFO - Processing file /home/airflow/.local/lib/python3.12/site-packages/airflow/example_dags/example_trigger_controller_dag.py for tasks to queue
[2025-03-10T20:38:28.994+0000] {logging_mixin.py:190} INFO - [2025-03-10T20:38:28.994+0000] {dagbag.py:588} INFO - Filling up the DagBag from /home/airflow/.local/lib/python3.12/site-packages/airflow/example_dags/example_trigger_controller_dag.py
[2025-03-10T20:38:29.002+0000] {processor.py:925} INFO - DAG(s) 'example_trigger_controller_dag' retrieved from /home/airflow/.local/lib/python3.12/site-packages/airflow/example_dags/example_trigger_controller_dag.py
[2025-03-10T20:38:29.034+0000] {logging_mixin.py:190} INFO - [2025-03-10T20:38:29.033+0000] {dag.py:3239} INFO - Sync 1 DAGs
[2025-03-10T20:38:29.067+0000] {logging_mixin.py:190} INFO - [2025-03-10T20:38:29.067+0000] {dag.py:4180} INFO - Setting next_dagrun for example_trigger_controller_dag to 2021-01-01 00:00:00+00:00, run_after=2021-01-01 00:00:00+00:00
[2025-03-10T20:38:29.099+0000] {processor.py:208} INFO - Processing /home/airflow/.local/lib/python3.12/site-packages/airflow/example_dags/example_trigger_controller_dag.py took 0.117 seconds
[2025-03-10T20:38:59.755+0000] {processor.py:186} INFO - Started process (PID=1203) to work on /home/airflow/.local/lib/python3.12/site-packages/airflow/example_dags/example_trigger_controller_dag.py
[2025-03-10T20:38:59.756+0000] {processor.py:914} INFO - Processing file /home/airflow/.local/lib/python3.12/site-packages/airflow/example_dags/example_trigger_controller_dag.py for tasks to queue
[2025-03-10T20:38:59.759+0000] {logging_mixin.py:190} INFO - [2025-03-10T20:38:59.759+0000] {dagbag.py:588} INFO - Filling up the DagBag from /home/airflow/.local/lib/python3.12/site-packages/airflow/example_dags/example_trigger_controller_dag.py
[2025-03-10T20:38:59.766+0000] {processor.py:925} INFO - DAG(s) 'example_trigger_controller_dag' retrieved from /home/airflow/.local/lib/python3.12/site-packages/airflow/example_dags/example_trigger_controller_dag.py
[2025-03-10T20:38:59.789+0000] {logging_mixin.py:190} INFO - [2025-03-10T20:38:59.789+0000] {dag.py:3239} INFO - Sync 1 DAGs
[2025-03-10T20:38:59.816+0000] {logging_mixin.py:190} INFO - [2025-03-10T20:38:59.816+0000] {dag.py:4180} INFO - Setting next_dagrun for example_trigger_controller_dag to 2021-01-01 00:00:00+00:00, run_after=2021-01-01 00:00:00+00:00
[2025-03-10T20:38:59.836+0000] {processor.py:208} INFO - Processing /home/airflow/.local/lib/python3.12/site-packages/airflow/example_dags/example_trigger_controller_dag.py took 0.090 seconds
[2025-03-10T20:39:30.387+0000] {processor.py:186} INFO - Started process (PID=1266) to work on /home/airflow/.local/lib/python3.12/site-packages/airflow/example_dags/example_trigger_controller_dag.py
[2025-03-10T20:39:30.388+0000] {processor.py:914} INFO - Processing file /home/airflow/.local/lib/python3.12/site-packages/airflow/example_dags/example_trigger_controller_dag.py for tasks to queue
[2025-03-10T20:39:30.392+0000] {logging_mixin.py:190} INFO - [2025-03-10T20:39:30.391+0000] {dagbag.py:588} INFO - Filling up the DagBag from /home/airflow/.local/lib/python3.12/site-packages/airflow/example_dags/example_trigger_controller_dag.py
[2025-03-10T20:39:30.400+0000] {processor.py:925} INFO - DAG(s) 'example_trigger_controller_dag' retrieved from /home/airflow/.local/lib/python3.12/site-packages/airflow/example_dags/example_trigger_controller_dag.py
[2025-03-10T20:39:30.427+0000] {logging_mixin.py:190} INFO - [2025-03-10T20:39:30.426+0000] {dag.py:3239} INFO - Sync 1 DAGs
[2025-03-10T20:39:30.454+0000] {logging_mixin.py:190} INFO - [2025-03-10T20:39:30.454+0000] {dag.py:4180} INFO - Setting next_dagrun for example_trigger_controller_dag to 2021-01-01 00:00:00+00:00, run_after=2021-01-01 00:00:00+00:00
[2025-03-10T20:39:30.475+0000] {processor.py:208} INFO - Processing /home/airflow/.local/lib/python3.12/site-packages/airflow/example_dags/example_trigger_controller_dag.py took 0.096 seconds
[2025-03-10T20:40:01.078+0000] {processor.py:186} INFO - Started process (PID=1329) to work on /home/airflow/.local/lib/python3.12/site-packages/airflow/example_dags/example_trigger_controller_dag.py
[2025-03-10T20:40:01.079+0000] {processor.py:914} INFO - Processing file /home/airflow/.local/lib/python3.12/site-packages/airflow/example_dags/example_trigger_controller_dag.py for tasks to queue
[2025-03-10T20:40:01.081+0000] {logging_mixin.py:190} INFO - [2025-03-10T20:40:01.081+0000] {dagbag.py:588} INFO - Filling up the DagBag from /home/airflow/.local/lib/python3.12/site-packages/airflow/example_dags/example_trigger_controller_dag.py
[2025-03-10T20:40:01.089+0000] {processor.py:925} INFO - DAG(s) 'example_trigger_controller_dag' retrieved from /home/airflow/.local/lib/python3.12/site-packages/airflow/example_dags/example_trigger_controller_dag.py
[2025-03-10T20:40:01.112+0000] {logging_mixin.py:190} INFO - [2025-03-10T20:40:01.112+0000] {dag.py:3239} INFO - Sync 1 DAGs
[2025-03-10T20:40:01.139+0000] {logging_mixin.py:190} INFO - [2025-03-10T20:40:01.138+0000] {dag.py:4180} INFO - Setting next_dagrun for example_trigger_controller_dag to 2021-01-01 00:00:00+00:00, run_after=2021-01-01 00:00:00+00:00
[2025-03-10T20:40:01.160+0000] {processor.py:208} INFO - Processing /home/airflow/.local/lib/python3.12/site-packages/airflow/example_dags/example_trigger_controller_dag.py took 0.090 seconds
[2025-03-10T20:40:32.003+0000] {processor.py:186} INFO - Started process (PID=1392) to work on /home/airflow/.local/lib/python3.12/site-packages/airflow/example_dags/example_trigger_controller_dag.py
[2025-03-10T20:40:32.004+0000] {processor.py:914} INFO - Processing file /home/airflow/.local/lib/python3.12/site-packages/airflow/example_dags/example_trigger_controller_dag.py for tasks to queue
[2025-03-10T20:40:32.007+0000] {logging_mixin.py:190} INFO - [2025-03-10T20:40:32.006+0000] {dagbag.py:588} INFO - Filling up the DagBag from /home/airflow/.local/lib/python3.12/site-packages/airflow/example_dags/example_trigger_controller_dag.py
[2025-03-10T20:40:32.015+0000] {processor.py:925} INFO - DAG(s) 'example_trigger_controller_dag' retrieved from /home/airflow/.local/lib/python3.12/site-packages/airflow/example_dags/example_trigger_controller_dag.py
[2025-03-10T20:40:32.039+0000] {logging_mixin.py:190} INFO - [2025-03-10T20:40:32.038+0000] {dag.py:3239} INFO - Sync 1 DAGs
[2025-03-10T20:40:32.066+0000] {logging_mixin.py:190} INFO - [2025-03-10T20:40:32.065+0000] {dag.py:4180} INFO - Setting next_dagrun for example_trigger_controller_dag to 2021-01-01 00:00:00+00:00, run_after=2021-01-01 00:00:00+00:00
[2025-03-10T20:40:32.087+0000] {processor.py:208} INFO - Processing /home/airflow/.local/lib/python3.12/site-packages/airflow/example_dags/example_trigger_controller_dag.py took 0.093 seconds
[2025-03-10T20:41:02.500+0000] {processor.py:186} INFO - Started process (PID=1454) to work on /home/airflow/.local/lib/python3.12/site-packages/airflow/example_dags/example_trigger_controller_dag.py
[2025-03-10T20:41:02.501+0000] {processor.py:914} INFO - Processing file /home/airflow/.local/lib/python3.12/site-packages/airflow/example_dags/example_trigger_controller_dag.py for tasks to queue
[2025-03-10T20:41:02.504+0000] {logging_mixin.py:190} INFO - [2025-03-10T20:41:02.503+0000] {dagbag.py:588} INFO - Filling up the DagBag from /home/airflow/.local/lib/python3.12/site-packages/airflow/example_dags/example_trigger_controller_dag.py
[2025-03-10T20:41:02.512+0000] {processor.py:925} INFO - DAG(s) 'example_trigger_controller_dag' retrieved from /home/airflow/.local/lib/python3.12/site-packages/airflow/example_dags/example_trigger_controller_dag.py
[2025-03-10T20:41:02.537+0000] {logging_mixin.py:190} INFO - [2025-03-10T20:41:02.536+0000] {dag.py:3239} INFO - Sync 1 DAGs
[2025-03-10T20:41:02.566+0000] {logging_mixin.py:190} INFO - [2025-03-10T20:41:02.565+0000] {dag.py:4180} INFO - Setting next_dagrun for example_trigger_controller_dag to 2021-01-01 00:00:00+00:00, run_after=2021-01-01 00:00:00+00:00
[2025-03-10T20:41:02.586+0000] {processor.py:208} INFO - Processing /home/airflow/.local/lib/python3.12/site-packages/airflow/example_dags/example_trigger_controller_dag.py took 0.095 seconds
[2025-03-10T20:41:33.371+0000] {processor.py:186} INFO - Started process (PID=1518) to work on /home/airflow/.local/lib/python3.12/site-packages/airflow/example_dags/example_trigger_controller_dag.py
[2025-03-10T20:41:33.372+0000] {processor.py:914} INFO - Processing file /home/airflow/.local/lib/python3.12/site-packages/airflow/example_dags/example_trigger_controller_dag.py for tasks to queue
[2025-03-10T20:41:33.374+0000] {logging_mixin.py:190} INFO - [2025-03-10T20:41:33.374+0000] {dagbag.py:588} INFO - Filling up the DagBag from /home/airflow/.local/lib/python3.12/site-packages/airflow/example_dags/example_trigger_controller_dag.py
[2025-03-10T20:41:33.382+0000] {processor.py:925} INFO - DAG(s) 'example_trigger_controller_dag' retrieved from /home/airflow/.local/lib/python3.12/site-packages/airflow/example_dags/example_trigger_controller_dag.py
[2025-03-10T20:41:33.412+0000] {logging_mixin.py:190} INFO - [2025-03-10T20:41:33.411+0000] {dag.py:3239} INFO - Sync 1 DAGs
[2025-03-10T20:41:33.440+0000] {logging_mixin.py:190} INFO - [2025-03-10T20:41:33.440+0000] {dag.py:4180} INFO - Setting next_dagrun for example_trigger_controller_dag to 2021-01-01 00:00:00+00:00, run_after=2021-01-01 00:00:00+00:00
[2025-03-10T20:41:33.460+0000] {processor.py:208} INFO - Processing /home/airflow/.local/lib/python3.12/site-packages/airflow/example_dags/example_trigger_controller_dag.py took 0.096 seconds
[2025-03-10T20:42:04.009+0000] {processor.py:186} INFO - Started process (PID=1581) to work on /home/airflow/.local/lib/python3.12/site-packages/airflow/example_dags/example_trigger_controller_dag.py
[2025-03-10T20:42:04.010+0000] {processor.py:914} INFO - Processing file /home/airflow/.local/lib/python3.12/site-packages/airflow/example_dags/example_trigger_controller_dag.py for tasks to queue
[2025-03-10T20:42:04.013+0000] {logging_mixin.py:190} INFO - [2025-03-10T20:42:04.012+0000] {dagbag.py:588} INFO - Filling up the DagBag from /home/airflow/.local/lib/python3.12/site-packages/airflow/example_dags/example_trigger_controller_dag.py
[2025-03-10T20:42:04.020+0000] {processor.py:925} INFO - DAG(s) 'example_trigger_controller_dag' retrieved from /home/airflow/.local/lib/python3.12/site-packages/airflow/example_dags/example_trigger_controller_dag.py
[2025-03-10T20:42:04.043+0000] {logging_mixin.py:190} INFO - [2025-03-10T20:42:04.043+0000] {dag.py:3239} INFO - Sync 1 DAGs
[2025-03-10T20:42:04.070+0000] {logging_mixin.py:190} INFO - [2025-03-10T20:42:04.069+0000] {dag.py:4180} INFO - Setting next_dagrun for example_trigger_controller_dag to 2021-01-01 00:00:00+00:00, run_after=2021-01-01 00:00:00+00:00
[2025-03-10T20:42:04.088+0000] {processor.py:208} INFO - Processing /home/airflow/.local/lib/python3.12/site-packages/airflow/example_dags/example_trigger_controller_dag.py took 0.086 seconds
[2025-03-10T20:42:35.279+0000] {processor.py:186} INFO - Started process (PID=1644) to work on /home/airflow/.local/lib/python3.12/site-packages/airflow/example_dags/example_trigger_controller_dag.py
[2025-03-10T20:42:35.280+0000] {processor.py:914} INFO - Processing file /home/airflow/.local/lib/python3.12/site-packages/airflow/example_dags/example_trigger_controller_dag.py for tasks to queue
[2025-03-10T20:42:35.283+0000] {logging_mixin.py:190} INFO - [2025-03-10T20:42:35.283+0000] {dagbag.py:588} INFO - Filling up the DagBag from /home/airflow/.local/lib/python3.12/site-packages/airflow/example_dags/example_trigger_controller_dag.py
[2025-03-10T20:42:35.291+0000] {processor.py:925} INFO - DAG(s) 'example_trigger_controller_dag' retrieved from /home/airflow/.local/lib/python3.12/site-packages/airflow/example_dags/example_trigger_controller_dag.py
[2025-03-10T20:42:35.316+0000] {logging_mixin.py:190} INFO - [2025-03-10T20:42:35.316+0000] {dag.py:3239} INFO - Sync 1 DAGs
[2025-03-10T20:42:35.346+0000] {logging_mixin.py:190} INFO - [2025-03-10T20:42:35.346+0000] {dag.py:4180} INFO - Setting next_dagrun for example_trigger_controller_dag to 2021-01-01 00:00:00+00:00, run_after=2021-01-01 00:00:00+00:00
[2025-03-10T20:42:35.365+0000] {processor.py:208} INFO - Processing /home/airflow/.local/lib/python3.12/site-packages/airflow/example_dags/example_trigger_controller_dag.py took 0.094 seconds
[2025-03-10T20:43:06.488+0000] {processor.py:186} INFO - Started process (PID=1707) to work on /home/airflow/.local/lib/python3.12/site-packages/airflow/example_dags/example_trigger_controller_dag.py
[2025-03-10T20:43:06.489+0000] {processor.py:914} INFO - Processing file /home/airflow/.local/lib/python3.12/site-packages/airflow/example_dags/example_trigger_controller_dag.py for tasks to queue
[2025-03-10T20:43:06.491+0000] {logging_mixin.py:190} INFO - [2025-03-10T20:43:06.491+0000] {dagbag.py:588} INFO - Filling up the DagBag from /home/airflow/.local/lib/python3.12/site-packages/airflow/example_dags/example_trigger_controller_dag.py
[2025-03-10T20:43:06.498+0000] {processor.py:925} INFO - DAG(s) 'example_trigger_controller_dag' retrieved from /home/airflow/.local/lib/python3.12/site-packages/airflow/example_dags/example_trigger_controller_dag.py
[2025-03-10T20:43:06.522+0000] {logging_mixin.py:190} INFO - [2025-03-10T20:43:06.522+0000] {dag.py:3239} INFO - Sync 1 DAGs
[2025-03-10T20:43:06.799+0000] {logging_mixin.py:190} INFO - [2025-03-10T20:43:06.798+0000] {dag.py:4180} INFO - Setting next_dagrun for example_trigger_controller_dag to 2021-01-01 00:00:00+00:00, run_after=2021-01-01 00:00:00+00:00
[2025-03-10T20:43:06.820+0000] {processor.py:208} INFO - Processing /home/airflow/.local/lib/python3.12/site-packages/airflow/example_dags/example_trigger_controller_dag.py took 0.339 seconds
[2025-03-10T20:43:36.885+0000] {processor.py:186} INFO - Started process (PID=1770) to work on /home/airflow/.local/lib/python3.12/site-packages/airflow/example_dags/example_trigger_controller_dag.py
[2025-03-10T20:43:36.886+0000] {processor.py:914} INFO - Processing file /home/airflow/.local/lib/python3.12/site-packages/airflow/example_dags/example_trigger_controller_dag.py for tasks to queue
[2025-03-10T20:43:36.889+0000] {logging_mixin.py:190} INFO - [2025-03-10T20:43:36.889+0000] {dagbag.py:588} INFO - Filling up the DagBag from /home/airflow/.local/lib/python3.12/site-packages/airflow/example_dags/example_trigger_controller_dag.py
[2025-03-10T20:43:36.896+0000] {processor.py:925} INFO - DAG(s) 'example_trigger_controller_dag' retrieved from /home/airflow/.local/lib/python3.12/site-packages/airflow/example_dags/example_trigger_controller_dag.py
[2025-03-10T20:43:36.918+0000] {logging_mixin.py:190} INFO - [2025-03-10T20:43:36.918+0000] {dag.py:3239} INFO - Sync 1 DAGs
[2025-03-10T20:43:36.945+0000] {logging_mixin.py:190} INFO - [2025-03-10T20:43:36.945+0000] {dag.py:4180} INFO - Setting next_dagrun for example_trigger_controller_dag to 2021-01-01 00:00:00+00:00, run_after=2021-01-01 00:00:00+00:00
[2025-03-10T20:43:36.964+0000] {processor.py:208} INFO - Processing /home/airflow/.local/lib/python3.12/site-packages/airflow/example_dags/example_trigger_controller_dag.py took 0.087 seconds
[2025-03-10T20:44:07.809+0000] {processor.py:186} INFO - Started process (PID=1833) to work on /home/airflow/.local/lib/python3.12/site-packages/airflow/example_dags/example_trigger_controller_dag.py
[2025-03-10T20:44:07.810+0000] {processor.py:914} INFO - Processing file /home/airflow/.local/lib/python3.12/site-packages/airflow/example_dags/example_trigger_controller_dag.py for tasks to queue
[2025-03-10T20:44:07.813+0000] {logging_mixin.py:190} INFO - [2025-03-10T20:44:07.813+0000] {dagbag.py:588} INFO - Filling up the DagBag from /home/airflow/.local/lib/python3.12/site-packages/airflow/example_dags/example_trigger_controller_dag.py
[2025-03-10T20:44:07.820+0000] {processor.py:925} INFO - DAG(s) 'example_trigger_controller_dag' retrieved from /home/airflow/.local/lib/python3.12/site-packages/airflow/example_dags/example_trigger_controller_dag.py
[2025-03-10T20:44:07.844+0000] {logging_mixin.py:190} INFO - [2025-03-10T20:44:07.844+0000] {dag.py:3239} INFO - Sync 1 DAGs
[2025-03-10T20:44:07.873+0000] {logging_mixin.py:190} INFO - [2025-03-10T20:44:07.872+0000] {dag.py:4180} INFO - Setting next_dagrun for example_trigger_controller_dag to 2021-01-01 00:00:00+00:00, run_after=2021-01-01 00:00:00+00:00
[2025-03-10T20:44:07.893+0000] {processor.py:208} INFO - Processing /home/airflow/.local/lib/python3.12/site-packages/airflow/example_dags/example_trigger_controller_dag.py took 0.090 seconds
[2025-03-10T20:44:41.125+0000] {processor.py:186} INFO - Started process (PID=1902) to work on /home/airflow/.local/lib/python3.12/site-packages/airflow/example_dags/example_trigger_controller_dag.py
[2025-03-10T20:44:41.126+0000] {processor.py:914} INFO - Processing file /home/airflow/.local/lib/python3.12/site-packages/airflow/example_dags/example_trigger_controller_dag.py for tasks to queue
[2025-03-10T20:44:41.129+0000] {logging_mixin.py:190} INFO - [2025-03-10T20:44:41.129+0000] {dagbag.py:588} INFO - Filling up the DagBag from /home/airflow/.local/lib/python3.12/site-packages/airflow/example_dags/example_trigger_controller_dag.py
[2025-03-10T20:44:41.136+0000] {processor.py:925} INFO - DAG(s) 'example_trigger_controller_dag' retrieved from /home/airflow/.local/lib/python3.12/site-packages/airflow/example_dags/example_trigger_controller_dag.py
[2025-03-10T20:44:41.159+0000] {logging_mixin.py:190} INFO - [2025-03-10T20:44:41.158+0000] {dag.py:3239} INFO - Sync 1 DAGs
[2025-03-10T20:44:41.186+0000] {logging_mixin.py:190} INFO - [2025-03-10T20:44:41.186+0000] {dag.py:4180} INFO - Setting next_dagrun for example_trigger_controller_dag to 2021-01-01 00:00:00+00:00, run_after=2021-01-01 00:00:00+00:00
[2025-03-10T20:44:41.207+0000] {processor.py:208} INFO - Processing /home/airflow/.local/lib/python3.12/site-packages/airflow/example_dags/example_trigger_controller_dag.py took 0.089 seconds
[2025-03-10T20:45:11.594+0000] {processor.py:186} INFO - Started process (PID=1965) to work on /home/airflow/.local/lib/python3.12/site-packages/airflow/example_dags/example_trigger_controller_dag.py
[2025-03-10T20:45:11.595+0000] {processor.py:914} INFO - Processing file /home/airflow/.local/lib/python3.12/site-packages/airflow/example_dags/example_trigger_controller_dag.py for tasks to queue
[2025-03-10T20:45:11.597+0000] {logging_mixin.py:190} INFO - [2025-03-10T20:45:11.597+0000] {dagbag.py:588} INFO - Filling up the DagBag from /home/airflow/.local/lib/python3.12/site-packages/airflow/example_dags/example_trigger_controller_dag.py
[2025-03-10T20:45:11.604+0000] {processor.py:925} INFO - DAG(s) 'example_trigger_controller_dag' retrieved from /home/airflow/.local/lib/python3.12/site-packages/airflow/example_dags/example_trigger_controller_dag.py
[2025-03-10T20:45:11.626+0000] {logging_mixin.py:190} INFO - [2025-03-10T20:45:11.626+0000] {dag.py:3239} INFO - Sync 1 DAGs
[2025-03-10T20:45:11.899+0000] {logging_mixin.py:190} INFO - [2025-03-10T20:45:11.898+0000] {dag.py:4180} INFO - Setting next_dagrun for example_trigger_controller_dag to 2021-01-01 00:00:00+00:00, run_after=2021-01-01 00:00:00+00:00
[2025-03-10T20:45:11.918+0000] {processor.py:208} INFO - Processing /home/airflow/.local/lib/python3.12/site-packages/airflow/example_dags/example_trigger_controller_dag.py took 0.331 seconds
[2025-03-10T20:45:42.393+0000] {processor.py:186} INFO - Started process (PID=2028) to work on /home/airflow/.local/lib/python3.12/site-packages/airflow/example_dags/example_trigger_controller_dag.py
[2025-03-10T20:45:42.394+0000] {processor.py:914} INFO - Processing file /home/airflow/.local/lib/python3.12/site-packages/airflow/example_dags/example_trigger_controller_dag.py for tasks to queue
[2025-03-10T20:45:42.396+0000] {logging_mixin.py:190} INFO - [2025-03-10T20:45:42.396+0000] {dagbag.py:588} INFO - Filling up the DagBag from /home/airflow/.local/lib/python3.12/site-packages/airflow/example_dags/example_trigger_controller_dag.py
[2025-03-10T20:45:42.403+0000] {processor.py:925} INFO - DAG(s) 'example_trigger_controller_dag' retrieved from /home/airflow/.local/lib/python3.12/site-packages/airflow/example_dags/example_trigger_controller_dag.py
[2025-03-10T20:45:42.427+0000] {logging_mixin.py:190} INFO - [2025-03-10T20:45:42.427+0000] {dag.py:3239} INFO - Sync 1 DAGs
[2025-03-10T20:45:42.457+0000] {logging_mixin.py:190} INFO - [2025-03-10T20:45:42.456+0000] {dag.py:4180} INFO - Setting next_dagrun for example_trigger_controller_dag to 2021-01-01 00:00:00+00:00, run_after=2021-01-01 00:00:00+00:00
[2025-03-10T20:45:42.479+0000] {processor.py:208} INFO - Processing /home/airflow/.local/lib/python3.12/site-packages/airflow/example_dags/example_trigger_controller_dag.py took 0.094 seconds
[2025-03-10T20:46:13.846+0000] {processor.py:186} INFO - Started process (PID=2091) to work on /home/airflow/.local/lib/python3.12/site-packages/airflow/example_dags/example_trigger_controller_dag.py
[2025-03-10T20:46:13.847+0000] {processor.py:914} INFO - Processing file /home/airflow/.local/lib/python3.12/site-packages/airflow/example_dags/example_trigger_controller_dag.py for tasks to queue
[2025-03-10T20:46:13.850+0000] {logging_mixin.py:190} INFO - [2025-03-10T20:46:13.849+0000] {dagbag.py:588} INFO - Filling up the DagBag from /home/airflow/.local/lib/python3.12/site-packages/airflow/example_dags/example_trigger_controller_dag.py
[2025-03-10T20:46:13.857+0000] {processor.py:925} INFO - DAG(s) 'example_trigger_controller_dag' retrieved from /home/airflow/.local/lib/python3.12/site-packages/airflow/example_dags/example_trigger_controller_dag.py
[2025-03-10T20:46:13.882+0000] {logging_mixin.py:190} INFO - [2025-03-10T20:46:13.881+0000] {dag.py:3239} INFO - Sync 1 DAGs
[2025-03-10T20:46:13.911+0000] {logging_mixin.py:190} INFO - [2025-03-10T20:46:13.911+0000] {dag.py:4180} INFO - Setting next_dagrun for example_trigger_controller_dag to 2021-01-01 00:00:00+00:00, run_after=2021-01-01 00:00:00+00:00
[2025-03-10T20:46:13.932+0000] {processor.py:208} INFO - Processing /home/airflow/.local/lib/python3.12/site-packages/airflow/example_dags/example_trigger_controller_dag.py took 0.093 seconds
[2025-03-10T20:46:46.142+0000] {processor.py:186} INFO - Started process (PID=2154) to work on /home/airflow/.local/lib/python3.12/site-packages/airflow/example_dags/example_trigger_controller_dag.py
[2025-03-10T20:46:46.143+0000] {processor.py:914} INFO - Processing file /home/airflow/.local/lib/python3.12/site-packages/airflow/example_dags/example_trigger_controller_dag.py for tasks to queue
[2025-03-10T20:46:46.146+0000] {logging_mixin.py:190} INFO - [2025-03-10T20:46:46.145+0000] {dagbag.py:588} INFO - Filling up the DagBag from /home/airflow/.local/lib/python3.12/site-packages/airflow/example_dags/example_trigger_controller_dag.py
[2025-03-10T20:46:46.153+0000] {processor.py:925} INFO - DAG(s) 'example_trigger_controller_dag' retrieved from /home/airflow/.local/lib/python3.12/site-packages/airflow/example_dags/example_trigger_controller_dag.py
[2025-03-10T20:46:46.440+0000] {logging_mixin.py:190} INFO - [2025-03-10T20:46:46.439+0000] {dag.py:3239} INFO - Sync 1 DAGs
[2025-03-10T20:46:46.464+0000] {logging_mixin.py:190} INFO - [2025-03-10T20:46:46.463+0000] {dag.py:4180} INFO - Setting next_dagrun for example_trigger_controller_dag to 2021-01-01 00:00:00+00:00, run_after=2021-01-01 00:00:00+00:00
[2025-03-10T20:46:46.485+0000] {processor.py:208} INFO - Processing /home/airflow/.local/lib/python3.12/site-packages/airflow/example_dags/example_trigger_controller_dag.py took 0.350 seconds
[2025-03-10T20:47:17.297+0000] {processor.py:186} INFO - Started process (PID=2217) to work on /home/airflow/.local/lib/python3.12/site-packages/airflow/example_dags/example_trigger_controller_dag.py
[2025-03-10T20:47:17.298+0000] {processor.py:914} INFO - Processing file /home/airflow/.local/lib/python3.12/site-packages/airflow/example_dags/example_trigger_controller_dag.py for tasks to queue
[2025-03-10T20:47:17.301+0000] {logging_mixin.py:190} INFO - [2025-03-10T20:47:17.300+0000] {dagbag.py:588} INFO - Filling up the DagBag from /home/airflow/.local/lib/python3.12/site-packages/airflow/example_dags/example_trigger_controller_dag.py
[2025-03-10T20:47:17.307+0000] {processor.py:925} INFO - DAG(s) 'example_trigger_controller_dag' retrieved from /home/airflow/.local/lib/python3.12/site-packages/airflow/example_dags/example_trigger_controller_dag.py
[2025-03-10T20:47:17.331+0000] {logging_mixin.py:190} INFO - [2025-03-10T20:47:17.331+0000] {dag.py:3239} INFO - Sync 1 DAGs
[2025-03-10T20:47:17.362+0000] {logging_mixin.py:190} INFO - [2025-03-10T20:47:17.362+0000] {dag.py:4180} INFO - Setting next_dagrun for example_trigger_controller_dag to 2021-01-01 00:00:00+00:00, run_after=2021-01-01 00:00:00+00:00
[2025-03-10T20:47:17.382+0000] {processor.py:208} INFO - Processing /home/airflow/.local/lib/python3.12/site-packages/airflow/example_dags/example_trigger_controller_dag.py took 0.092 seconds
[2025-03-10T20:47:47.931+0000] {processor.py:186} INFO - Started process (PID=2280) to work on /home/airflow/.local/lib/python3.12/site-packages/airflow/example_dags/example_trigger_controller_dag.py
[2025-03-10T20:47:47.932+0000] {processor.py:914} INFO - Processing file /home/airflow/.local/lib/python3.12/site-packages/airflow/example_dags/example_trigger_controller_dag.py for tasks to queue
[2025-03-10T20:47:47.935+0000] {logging_mixin.py:190} INFO - [2025-03-10T20:47:47.935+0000] {dagbag.py:588} INFO - Filling up the DagBag from /home/airflow/.local/lib/python3.12/site-packages/airflow/example_dags/example_trigger_controller_dag.py
[2025-03-10T20:47:47.943+0000] {processor.py:925} INFO - DAG(s) 'example_trigger_controller_dag' retrieved from /home/airflow/.local/lib/python3.12/site-packages/airflow/example_dags/example_trigger_controller_dag.py
[2025-03-10T20:47:47.968+0000] {logging_mixin.py:190} INFO - [2025-03-10T20:47:47.968+0000] {dag.py:3239} INFO - Sync 1 DAGs
[2025-03-10T20:47:47.997+0000] {logging_mixin.py:190} INFO - [2025-03-10T20:47:47.997+0000] {dag.py:4180} INFO - Setting next_dagrun for example_trigger_controller_dag to 2021-01-01 00:00:00+00:00, run_after=2021-01-01 00:00:00+00:00
[2025-03-10T20:47:48.016+0000] {processor.py:208} INFO - Processing /home/airflow/.local/lib/python3.12/site-packages/airflow/example_dags/example_trigger_controller_dag.py took 0.093 seconds
[2025-03-10T20:48:18.370+0000] {processor.py:186} INFO - Started process (PID=2343) to work on /home/airflow/.local/lib/python3.12/site-packages/airflow/example_dags/example_trigger_controller_dag.py
[2025-03-10T20:48:18.371+0000] {processor.py:914} INFO - Processing file /home/airflow/.local/lib/python3.12/site-packages/airflow/example_dags/example_trigger_controller_dag.py for tasks to queue
[2025-03-10T20:48:18.374+0000] {logging_mixin.py:190} INFO - [2025-03-10T20:48:18.374+0000] {dagbag.py:588} INFO - Filling up the DagBag from /home/airflow/.local/lib/python3.12/site-packages/airflow/example_dags/example_trigger_controller_dag.py
[2025-03-10T20:48:18.382+0000] {processor.py:925} INFO - DAG(s) 'example_trigger_controller_dag' retrieved from /home/airflow/.local/lib/python3.12/site-packages/airflow/example_dags/example_trigger_controller_dag.py
[2025-03-10T20:48:18.404+0000] {logging_mixin.py:190} INFO - [2025-03-10T20:48:18.404+0000] {dag.py:3239} INFO - Sync 1 DAGs
[2025-03-10T20:48:18.434+0000] {logging_mixin.py:190} INFO - [2025-03-10T20:48:18.433+0000] {dag.py:4180} INFO - Setting next_dagrun for example_trigger_controller_dag to 2021-01-01 00:00:00+00:00, run_after=2021-01-01 00:00:00+00:00
[2025-03-10T20:48:18.454+0000] {processor.py:208} INFO - Processing /home/airflow/.local/lib/python3.12/site-packages/airflow/example_dags/example_trigger_controller_dag.py took 0.092 seconds
[2025-03-10T20:48:49.019+0000] {processor.py:186} INFO - Started process (PID=2406) to work on /home/airflow/.local/lib/python3.12/site-packages/airflow/example_dags/example_trigger_controller_dag.py
[2025-03-10T20:48:49.020+0000] {processor.py:914} INFO - Processing file /home/airflow/.local/lib/python3.12/site-packages/airflow/example_dags/example_trigger_controller_dag.py for tasks to queue
[2025-03-10T20:48:49.023+0000] {logging_mixin.py:190} INFO - [2025-03-10T20:48:49.023+0000] {dagbag.py:588} INFO - Filling up the DagBag from /home/airflow/.local/lib/python3.12/site-packages/airflow/example_dags/example_trigger_controller_dag.py
[2025-03-10T20:48:49.031+0000] {processor.py:925} INFO - DAG(s) 'example_trigger_controller_dag' retrieved from /home/airflow/.local/lib/python3.12/site-packages/airflow/example_dags/example_trigger_controller_dag.py
[2025-03-10T20:48:49.057+0000] {logging_mixin.py:190} INFO - [2025-03-10T20:48:49.057+0000] {dag.py:3239} INFO - Sync 1 DAGs
[2025-03-10T20:48:49.084+0000] {logging_mixin.py:190} INFO - [2025-03-10T20:48:49.083+0000] {dag.py:4180} INFO - Setting next_dagrun for example_trigger_controller_dag to 2021-01-01 00:00:00+00:00, run_after=2021-01-01 00:00:00+00:00
[2025-03-10T20:48:49.105+0000] {processor.py:208} INFO - Processing /home/airflow/.local/lib/python3.12/site-packages/airflow/example_dags/example_trigger_controller_dag.py took 0.094 seconds
[2025-03-10T20:49:19.488+0000] {processor.py:186} INFO - Started process (PID=2469) to work on /home/airflow/.local/lib/python3.12/site-packages/airflow/example_dags/example_trigger_controller_dag.py
[2025-03-10T20:49:19.489+0000] {processor.py:914} INFO - Processing file /home/airflow/.local/lib/python3.12/site-packages/airflow/example_dags/example_trigger_controller_dag.py for tasks to queue
[2025-03-10T20:49:19.491+0000] {logging_mixin.py:190} INFO - [2025-03-10T20:49:19.491+0000] {dagbag.py:588} INFO - Filling up the DagBag from /home/airflow/.local/lib/python3.12/site-packages/airflow/example_dags/example_trigger_controller_dag.py
[2025-03-10T20:49:19.499+0000] {processor.py:925} INFO - DAG(s) 'example_trigger_controller_dag' retrieved from /home/airflow/.local/lib/python3.12/site-packages/airflow/example_dags/example_trigger_controller_dag.py
[2025-03-10T20:49:19.522+0000] {logging_mixin.py:190} INFO - [2025-03-10T20:49:19.522+0000] {dag.py:3239} INFO - Sync 1 DAGs
[2025-03-10T20:49:19.552+0000] {logging_mixin.py:190} INFO - [2025-03-10T20:49:19.552+0000] {dag.py:4180} INFO - Setting next_dagrun for example_trigger_controller_dag to 2021-01-01 00:00:00+00:00, run_after=2021-01-01 00:00:00+00:00
[2025-03-10T20:49:19.575+0000] {processor.py:208} INFO - Processing /home/airflow/.local/lib/python3.12/site-packages/airflow/example_dags/example_trigger_controller_dag.py took 0.095 seconds
[2025-03-10T20:49:49.999+0000] {processor.py:186} INFO - Started process (PID=2532) to work on /home/airflow/.local/lib/python3.12/site-packages/airflow/example_dags/example_trigger_controller_dag.py
[2025-03-10T20:49:50.000+0000] {processor.py:914} INFO - Processing file /home/airflow/.local/lib/python3.12/site-packages/airflow/example_dags/example_trigger_controller_dag.py for tasks to queue
[2025-03-10T20:49:50.003+0000] {logging_mixin.py:190} INFO - [2025-03-10T20:49:50.002+0000] {dagbag.py:588} INFO - Filling up the DagBag from /home/airflow/.local/lib/python3.12/site-packages/airflow/example_dags/example_trigger_controller_dag.py
[2025-03-10T20:49:50.011+0000] {processor.py:925} INFO - DAG(s) 'example_trigger_controller_dag' retrieved from /home/airflow/.local/lib/python3.12/site-packages/airflow/example_dags/example_trigger_controller_dag.py
[2025-03-10T20:49:50.032+0000] {logging_mixin.py:190} INFO - [2025-03-10T20:49:50.032+0000] {dag.py:3239} INFO - Sync 1 DAGs
[2025-03-10T20:49:50.060+0000] {logging_mixin.py:190} INFO - [2025-03-10T20:49:50.059+0000] {dag.py:4180} INFO - Setting next_dagrun for example_trigger_controller_dag to 2021-01-01 00:00:00+00:00, run_after=2021-01-01 00:00:00+00:00
[2025-03-10T20:49:50.080+0000] {processor.py:208} INFO - Processing /home/airflow/.local/lib/python3.12/site-packages/airflow/example_dags/example_trigger_controller_dag.py took 0.089 seconds
[2025-03-10T20:50:20.595+0000] {processor.py:186} INFO - Started process (PID=2595) to work on /home/airflow/.local/lib/python3.12/site-packages/airflow/example_dags/example_trigger_controller_dag.py
[2025-03-10T20:50:20.596+0000] {processor.py:914} INFO - Processing file /home/airflow/.local/lib/python3.12/site-packages/airflow/example_dags/example_trigger_controller_dag.py for tasks to queue
[2025-03-10T20:50:20.599+0000] {logging_mixin.py:190} INFO - [2025-03-10T20:50:20.598+0000] {dagbag.py:588} INFO - Filling up the DagBag from /home/airflow/.local/lib/python3.12/site-packages/airflow/example_dags/example_trigger_controller_dag.py
[2025-03-10T20:50:20.606+0000] {processor.py:925} INFO - DAG(s) 'example_trigger_controller_dag' retrieved from /home/airflow/.local/lib/python3.12/site-packages/airflow/example_dags/example_trigger_controller_dag.py
[2025-03-10T20:50:20.627+0000] {logging_mixin.py:190} INFO - [2025-03-10T20:50:20.627+0000] {dag.py:3239} INFO - Sync 1 DAGs
[2025-03-10T20:50:20.654+0000] {logging_mixin.py:190} INFO - [2025-03-10T20:50:20.654+0000] {dag.py:4180} INFO - Setting next_dagrun for example_trigger_controller_dag to 2021-01-01 00:00:00+00:00, run_after=2021-01-01 00:00:00+00:00
[2025-03-10T20:50:20.674+0000] {processor.py:208} INFO - Processing /home/airflow/.local/lib/python3.12/site-packages/airflow/example_dags/example_trigger_controller_dag.py took 0.085 seconds
[2025-03-10T23:10:23.280+0000] {processor.py:186} INFO - Started process (PID=128) to work on /home/airflow/.local/lib/python3.12/site-packages/airflow/example_dags/example_trigger_controller_dag.py
[2025-03-10T23:10:23.295+0000] {processor.py:914} INFO - Processing file /home/airflow/.local/lib/python3.12/site-packages/airflow/example_dags/example_trigger_controller_dag.py for tasks to queue
[2025-03-10T23:10:23.382+0000] {logging_mixin.py:190} INFO - [2025-03-10T23:10:23.380+0000] {dagbag.py:588} INFO - Filling up the DagBag from /home/airflow/.local/lib/python3.12/site-packages/airflow/example_dags/example_trigger_controller_dag.py
[2025-03-10T23:10:23.615+0000] {processor.py:925} INFO - DAG(s) 'example_trigger_controller_dag' retrieved from /home/airflow/.local/lib/python3.12/site-packages/airflow/example_dags/example_trigger_controller_dag.py
[2025-03-10T23:10:24.392+0000] {logging_mixin.py:190} INFO - [2025-03-10T23:10:24.383+0000] {dag.py:3239} INFO - Sync 1 DAGs
[2025-03-10T23:10:24.848+0000] {logging_mixin.py:190} INFO - [2025-03-10T23:10:24.847+0000] {dag.py:4180} INFO - Setting next_dagrun for example_trigger_controller_dag to 2021-01-01 00:00:00+00:00, run_after=2021-01-01 00:00:00+00:00
[2025-03-10T23:10:25.040+0000] {processor.py:208} INFO - Processing /home/airflow/.local/lib/python3.12/site-packages/airflow/example_dags/example_trigger_controller_dag.py took 1.829 seconds
[2025-03-10T23:10:55.687+0000] {processor.py:186} INFO - Started process (PID=192) to work on /home/airflow/.local/lib/python3.12/site-packages/airflow/example_dags/example_trigger_controller_dag.py
[2025-03-10T23:10:55.697+0000] {processor.py:914} INFO - Processing file /home/airflow/.local/lib/python3.12/site-packages/airflow/example_dags/example_trigger_controller_dag.py for tasks to queue
[2025-03-10T23:10:55.708+0000] {logging_mixin.py:190} INFO - [2025-03-10T23:10:55.706+0000] {dagbag.py:588} INFO - Filling up the DagBag from /home/airflow/.local/lib/python3.12/site-packages/airflow/example_dags/example_trigger_controller_dag.py
[2025-03-10T23:10:55.771+0000] {processor.py:925} INFO - DAG(s) 'example_trigger_controller_dag' retrieved from /home/airflow/.local/lib/python3.12/site-packages/airflow/example_dags/example_trigger_controller_dag.py
[2025-03-10T23:10:56.261+0000] {logging_mixin.py:190} INFO - [2025-03-10T23:10:56.256+0000] {dag.py:3239} INFO - Sync 1 DAGs
[2025-03-10T23:10:56.421+0000] {logging_mixin.py:190} INFO - [2025-03-10T23:10:56.420+0000] {dag.py:4180} INFO - Setting next_dagrun for example_trigger_controller_dag to 2021-01-01 00:00:00+00:00, run_after=2021-01-01 00:00:00+00:00
[2025-03-10T23:10:56.658+0000] {processor.py:208} INFO - Processing /home/airflow/.local/lib/python3.12/site-packages/airflow/example_dags/example_trigger_controller_dag.py took 1.061 seconds
[2025-03-10T23:13:31.366+0000] {processor.py:186} INFO - Started process (PID=243) to work on /home/airflow/.local/lib/python3.12/site-packages/airflow/example_dags/example_trigger_controller_dag.py
[2025-03-10T23:13:31.370+0000] {processor.py:914} INFO - Processing file /home/airflow/.local/lib/python3.12/site-packages/airflow/example_dags/example_trigger_controller_dag.py for tasks to queue
[2025-03-10T23:13:31.377+0000] {logging_mixin.py:190} INFO - [2025-03-10T23:13:31.375+0000] {dagbag.py:588} INFO - Filling up the DagBag from /home/airflow/.local/lib/python3.12/site-packages/airflow/example_dags/example_trigger_controller_dag.py
[2025-03-10T23:13:31.410+0000] {processor.py:925} INFO - DAG(s) 'example_trigger_controller_dag' retrieved from /home/airflow/.local/lib/python3.12/site-packages/airflow/example_dags/example_trigger_controller_dag.py
[2025-03-10T23:13:31.515+0000] {logging_mixin.py:190} INFO - [2025-03-10T23:13:31.514+0000] {dag.py:3239} INFO - Sync 1 DAGs
[2025-03-10T23:13:31.672+0000] {logging_mixin.py:190} INFO - [2025-03-10T23:13:31.671+0000] {dag.py:4180} INFO - Setting next_dagrun for example_trigger_controller_dag to 2021-01-01 00:00:00+00:00, run_after=2021-01-01 00:00:00+00:00
[2025-03-10T23:13:31.764+0000] {processor.py:208} INFO - Processing /home/airflow/.local/lib/python3.12/site-packages/airflow/example_dags/example_trigger_controller_dag.py took 0.433 seconds
[2025-03-10T23:15:05.530+0000] {processor.py:186} INFO - Started process (PID=316) to work on /home/airflow/.local/lib/python3.12/site-packages/airflow/example_dags/example_trigger_controller_dag.py
[2025-03-10T23:15:05.533+0000] {processor.py:914} INFO - Processing file /home/airflow/.local/lib/python3.12/site-packages/airflow/example_dags/example_trigger_controller_dag.py for tasks to queue
[2025-03-10T23:15:05.538+0000] {logging_mixin.py:190} INFO - [2025-03-10T23:15:05.537+0000] {dagbag.py:588} INFO - Filling up the DagBag from /home/airflow/.local/lib/python3.12/site-packages/airflow/example_dags/example_trigger_controller_dag.py
[2025-03-10T23:15:05.573+0000] {processor.py:925} INFO - DAG(s) 'example_trigger_controller_dag' retrieved from /home/airflow/.local/lib/python3.12/site-packages/airflow/example_dags/example_trigger_controller_dag.py
[2025-03-10T23:15:05.682+0000] {logging_mixin.py:190} INFO - [2025-03-10T23:15:05.681+0000] {dag.py:3239} INFO - Sync 1 DAGs
[2025-03-10T23:15:05.804+0000] {logging_mixin.py:190} INFO - [2025-03-10T23:15:05.803+0000] {dag.py:4180} INFO - Setting next_dagrun for example_trigger_controller_dag to 2021-01-01 00:00:00+00:00, run_after=2021-01-01 00:00:00+00:00
[2025-03-10T23:15:05.874+0000] {processor.py:208} INFO - Processing /home/airflow/.local/lib/python3.12/site-packages/airflow/example_dags/example_trigger_controller_dag.py took 0.369 seconds
[2025-03-10T23:15:37.039+0000] {processor.py:186} INFO - Started process (PID=379) to work on /home/airflow/.local/lib/python3.12/site-packages/airflow/example_dags/example_trigger_controller_dag.py
[2025-03-10T23:15:37.043+0000] {processor.py:914} INFO - Processing file /home/airflow/.local/lib/python3.12/site-packages/airflow/example_dags/example_trigger_controller_dag.py for tasks to queue
[2025-03-10T23:15:37.049+0000] {logging_mixin.py:190} INFO - [2025-03-10T23:15:37.048+0000] {dagbag.py:588} INFO - Filling up the DagBag from /home/airflow/.local/lib/python3.12/site-packages/airflow/example_dags/example_trigger_controller_dag.py
[2025-03-10T23:15:37.087+0000] {processor.py:925} INFO - DAG(s) 'example_trigger_controller_dag' retrieved from /home/airflow/.local/lib/python3.12/site-packages/airflow/example_dags/example_trigger_controller_dag.py
[2025-03-10T23:15:37.203+0000] {logging_mixin.py:190} INFO - [2025-03-10T23:15:37.202+0000] {dag.py:3239} INFO - Sync 1 DAGs
[2025-03-10T23:15:37.365+0000] {logging_mixin.py:190} INFO - [2025-03-10T23:15:37.363+0000] {dag.py:4180} INFO - Setting next_dagrun for example_trigger_controller_dag to 2021-01-01 00:00:00+00:00, run_after=2021-01-01 00:00:00+00:00
[2025-03-10T23:15:37.462+0000] {processor.py:208} INFO - Processing /home/airflow/.local/lib/python3.12/site-packages/airflow/example_dags/example_trigger_controller_dag.py took 0.461 seconds
[2025-03-10T23:16:08.052+0000] {processor.py:186} INFO - Started process (PID=441) to work on /home/airflow/.local/lib/python3.12/site-packages/airflow/example_dags/example_trigger_controller_dag.py
[2025-03-10T23:16:08.056+0000] {processor.py:914} INFO - Processing file /home/airflow/.local/lib/python3.12/site-packages/airflow/example_dags/example_trigger_controller_dag.py for tasks to queue
[2025-03-10T23:16:08.064+0000] {logging_mixin.py:190} INFO - [2025-03-10T23:16:08.062+0000] {dagbag.py:588} INFO - Filling up the DagBag from /home/airflow/.local/lib/python3.12/site-packages/airflow/example_dags/example_trigger_controller_dag.py
[2025-03-10T23:16:08.099+0000] {processor.py:925} INFO - DAG(s) 'example_trigger_controller_dag' retrieved from /home/airflow/.local/lib/python3.12/site-packages/airflow/example_dags/example_trigger_controller_dag.py
[2025-03-10T23:16:08.211+0000] {logging_mixin.py:190} INFO - [2025-03-10T23:16:08.210+0000] {dag.py:3239} INFO - Sync 1 DAGs
[2025-03-10T23:16:08.374+0000] {logging_mixin.py:190} INFO - [2025-03-10T23:16:08.372+0000] {dag.py:4180} INFO - Setting next_dagrun for example_trigger_controller_dag to 2021-01-01 00:00:00+00:00, run_after=2021-01-01 00:00:00+00:00
[2025-03-10T23:16:08.471+0000] {processor.py:208} INFO - Processing /home/airflow/.local/lib/python3.12/site-packages/airflow/example_dags/example_trigger_controller_dag.py took 0.451 seconds
[2025-03-10T23:16:39.414+0000] {processor.py:186} INFO - Started process (PID=504) to work on /home/airflow/.local/lib/python3.12/site-packages/airflow/example_dags/example_trigger_controller_dag.py
[2025-03-10T23:16:39.415+0000] {processor.py:914} INFO - Processing file /home/airflow/.local/lib/python3.12/site-packages/airflow/example_dags/example_trigger_controller_dag.py for tasks to queue
[2025-03-10T23:16:39.416+0000] {logging_mixin.py:190} INFO - [2025-03-10T23:16:39.416+0000] {dagbag.py:588} INFO - Filling up the DagBag from /home/airflow/.local/lib/python3.12/site-packages/airflow/example_dags/example_trigger_controller_dag.py
[2025-03-10T23:16:39.424+0000] {processor.py:925} INFO - DAG(s) 'example_trigger_controller_dag' retrieved from /home/airflow/.local/lib/python3.12/site-packages/airflow/example_dags/example_trigger_controller_dag.py
[2025-03-10T23:16:39.456+0000] {logging_mixin.py:190} INFO - [2025-03-10T23:16:39.455+0000] {dag.py:3239} INFO - Sync 1 DAGs
[2025-03-10T23:16:39.501+0000] {logging_mixin.py:190} INFO - [2025-03-10T23:16:39.501+0000] {dag.py:4180} INFO - Setting next_dagrun for example_trigger_controller_dag to 2021-01-01 00:00:00+00:00, run_after=2021-01-01 00:00:00+00:00
[2025-03-10T23:16:39.528+0000] {processor.py:208} INFO - Processing /home/airflow/.local/lib/python3.12/site-packages/airflow/example_dags/example_trigger_controller_dag.py took 0.122 seconds
[2025-03-10T23:17:10.102+0000] {processor.py:186} INFO - Started process (PID=567) to work on /home/airflow/.local/lib/python3.12/site-packages/airflow/example_dags/example_trigger_controller_dag.py
[2025-03-10T23:17:10.103+0000] {processor.py:914} INFO - Processing file /home/airflow/.local/lib/python3.12/site-packages/airflow/example_dags/example_trigger_controller_dag.py for tasks to queue
[2025-03-10T23:17:10.105+0000] {logging_mixin.py:190} INFO - [2025-03-10T23:17:10.104+0000] {dagbag.py:588} INFO - Filling up the DagBag from /home/airflow/.local/lib/python3.12/site-packages/airflow/example_dags/example_trigger_controller_dag.py
[2025-03-10T23:17:10.113+0000] {processor.py:925} INFO - DAG(s) 'example_trigger_controller_dag' retrieved from /home/airflow/.local/lib/python3.12/site-packages/airflow/example_dags/example_trigger_controller_dag.py
[2025-03-10T23:17:10.139+0000] {logging_mixin.py:190} INFO - [2025-03-10T23:17:10.138+0000] {dag.py:3239} INFO - Sync 1 DAGs
[2025-03-10T23:17:10.167+0000] {logging_mixin.py:190} INFO - [2025-03-10T23:17:10.167+0000] {dag.py:4180} INFO - Setting next_dagrun for example_trigger_controller_dag to 2021-01-01 00:00:00+00:00, run_after=2021-01-01 00:00:00+00:00
[2025-03-10T23:17:10.187+0000] {processor.py:208} INFO - Processing /home/airflow/.local/lib/python3.12/site-packages/airflow/example_dags/example_trigger_controller_dag.py took 0.095 seconds
[2025-03-10T23:17:40.294+0000] {processor.py:186} INFO - Started process (PID=630) to work on /home/airflow/.local/lib/python3.12/site-packages/airflow/example_dags/example_trigger_controller_dag.py
[2025-03-10T23:17:40.295+0000] {processor.py:914} INFO - Processing file /home/airflow/.local/lib/python3.12/site-packages/airflow/example_dags/example_trigger_controller_dag.py for tasks to queue
[2025-03-10T23:17:40.297+0000] {logging_mixin.py:190} INFO - [2025-03-10T23:17:40.296+0000] {dagbag.py:588} INFO - Filling up the DagBag from /home/airflow/.local/lib/python3.12/site-packages/airflow/example_dags/example_trigger_controller_dag.py
[2025-03-10T23:17:40.304+0000] {processor.py:925} INFO - DAG(s) 'example_trigger_controller_dag' retrieved from /home/airflow/.local/lib/python3.12/site-packages/airflow/example_dags/example_trigger_controller_dag.py
[2025-03-10T23:17:40.328+0000] {logging_mixin.py:190} INFO - [2025-03-10T23:17:40.328+0000] {dag.py:3239} INFO - Sync 1 DAGs
[2025-03-10T23:17:40.357+0000] {logging_mixin.py:190} INFO - [2025-03-10T23:17:40.357+0000] {dag.py:4180} INFO - Setting next_dagrun for example_trigger_controller_dag to 2021-01-01 00:00:00+00:00, run_after=2021-01-01 00:00:00+00:00
[2025-03-10T23:17:40.376+0000] {processor.py:208} INFO - Processing /home/airflow/.local/lib/python3.12/site-packages/airflow/example_dags/example_trigger_controller_dag.py took 0.091 seconds
[2025-03-10T23:18:10.490+0000] {processor.py:186} INFO - Started process (PID=693) to work on /home/airflow/.local/lib/python3.12/site-packages/airflow/example_dags/example_trigger_controller_dag.py
[2025-03-10T23:18:10.491+0000] {processor.py:914} INFO - Processing file /home/airflow/.local/lib/python3.12/site-packages/airflow/example_dags/example_trigger_controller_dag.py for tasks to queue
[2025-03-10T23:18:10.493+0000] {logging_mixin.py:190} INFO - [2025-03-10T23:18:10.492+0000] {dagbag.py:588} INFO - Filling up the DagBag from /home/airflow/.local/lib/python3.12/site-packages/airflow/example_dags/example_trigger_controller_dag.py
[2025-03-10T23:18:10.501+0000] {processor.py:925} INFO - DAG(s) 'example_trigger_controller_dag' retrieved from /home/airflow/.local/lib/python3.12/site-packages/airflow/example_dags/example_trigger_controller_dag.py
[2025-03-10T23:18:10.531+0000] {logging_mixin.py:190} INFO - [2025-03-10T23:18:10.531+0000] {dag.py:3239} INFO - Sync 1 DAGs
[2025-03-10T23:18:10.562+0000] {logging_mixin.py:190} INFO - [2025-03-10T23:18:10.562+0000] {dag.py:4180} INFO - Setting next_dagrun for example_trigger_controller_dag to 2021-01-01 00:00:00+00:00, run_after=2021-01-01 00:00:00+00:00
[2025-03-10T23:18:10.586+0000] {processor.py:208} INFO - Processing /home/airflow/.local/lib/python3.12/site-packages/airflow/example_dags/example_trigger_controller_dag.py took 0.106 seconds
[2025-03-10T23:18:40.737+0000] {processor.py:186} INFO - Started process (PID=756) to work on /home/airflow/.local/lib/python3.12/site-packages/airflow/example_dags/example_trigger_controller_dag.py
[2025-03-10T23:18:40.738+0000] {processor.py:914} INFO - Processing file /home/airflow/.local/lib/python3.12/site-packages/airflow/example_dags/example_trigger_controller_dag.py for tasks to queue
[2025-03-10T23:18:40.740+0000] {logging_mixin.py:190} INFO - [2025-03-10T23:18:40.740+0000] {dagbag.py:588} INFO - Filling up the DagBag from /home/airflow/.local/lib/python3.12/site-packages/airflow/example_dags/example_trigger_controller_dag.py
[2025-03-10T23:18:40.749+0000] {processor.py:925} INFO - DAG(s) 'example_trigger_controller_dag' retrieved from /home/airflow/.local/lib/python3.12/site-packages/airflow/example_dags/example_trigger_controller_dag.py
[2025-03-10T23:18:40.774+0000] {logging_mixin.py:190} INFO - [2025-03-10T23:18:40.774+0000] {dag.py:3239} INFO - Sync 1 DAGs
[2025-03-10T23:18:40.803+0000] {logging_mixin.py:190} INFO - [2025-03-10T23:18:40.803+0000] {dag.py:4180} INFO - Setting next_dagrun for example_trigger_controller_dag to 2021-01-01 00:00:00+00:00, run_after=2021-01-01 00:00:00+00:00
[2025-03-10T23:18:40.823+0000] {processor.py:208} INFO - Processing /home/airflow/.local/lib/python3.12/site-packages/airflow/example_dags/example_trigger_controller_dag.py took 0.094 seconds
[2025-03-10T23:19:11.056+0000] {processor.py:186} INFO - Started process (PID=819) to work on /home/airflow/.local/lib/python3.12/site-packages/airflow/example_dags/example_trigger_controller_dag.py
[2025-03-10T23:19:11.058+0000] {processor.py:914} INFO - Processing file /home/airflow/.local/lib/python3.12/site-packages/airflow/example_dags/example_trigger_controller_dag.py for tasks to queue
[2025-03-10T23:19:11.059+0000] {logging_mixin.py:190} INFO - [2025-03-10T23:19:11.058+0000] {dagbag.py:588} INFO - Filling up the DagBag from /home/airflow/.local/lib/python3.12/site-packages/airflow/example_dags/example_trigger_controller_dag.py
[2025-03-10T23:19:11.067+0000] {processor.py:925} INFO - DAG(s) 'example_trigger_controller_dag' retrieved from /home/airflow/.local/lib/python3.12/site-packages/airflow/example_dags/example_trigger_controller_dag.py
[2025-03-10T23:19:11.098+0000] {logging_mixin.py:190} INFO - [2025-03-10T23:19:11.098+0000] {dag.py:3239} INFO - Sync 1 DAGs
[2025-03-10T23:19:11.145+0000] {logging_mixin.py:190} INFO - [2025-03-10T23:19:11.144+0000] {dag.py:4180} INFO - Setting next_dagrun for example_trigger_controller_dag to 2021-01-01 00:00:00+00:00, run_after=2021-01-01 00:00:00+00:00
[2025-03-10T23:19:11.173+0000] {processor.py:208} INFO - Processing /home/airflow/.local/lib/python3.12/site-packages/airflow/example_dags/example_trigger_controller_dag.py took 0.124 seconds
[2025-03-10T23:27:14.980+0000] {processor.py:186} INFO - Started process (PID=115) to work on /home/airflow/.local/lib/python3.12/site-packages/airflow/example_dags/example_trigger_controller_dag.py
[2025-03-10T23:27:14.983+0000] {processor.py:914} INFO - Processing file /home/airflow/.local/lib/python3.12/site-packages/airflow/example_dags/example_trigger_controller_dag.py for tasks to queue
[2025-03-10T23:27:14.994+0000] {logging_mixin.py:190} INFO - [2025-03-10T23:27:14.992+0000] {dagbag.py:588} INFO - Filling up the DagBag from /home/airflow/.local/lib/python3.12/site-packages/airflow/example_dags/example_trigger_controller_dag.py
[2025-03-10T23:27:15.020+0000] {processor.py:925} INFO - DAG(s) 'example_trigger_controller_dag' retrieved from /home/airflow/.local/lib/python3.12/site-packages/airflow/example_dags/example_trigger_controller_dag.py
[2025-03-10T23:27:15.112+0000] {logging_mixin.py:190} INFO - [2025-03-10T23:27:15.111+0000] {dag.py:3239} INFO - Sync 1 DAGs
[2025-03-10T23:27:15.220+0000] {logging_mixin.py:190} INFO - [2025-03-10T23:27:15.219+0000] {dag.py:4180} INFO - Setting next_dagrun for example_trigger_controller_dag to 2021-01-01 00:00:00+00:00, run_after=2021-01-01 00:00:00+00:00
[2025-03-10T23:27:15.296+0000] {processor.py:208} INFO - Processing /home/airflow/.local/lib/python3.12/site-packages/airflow/example_dags/example_trigger_controller_dag.py took 0.340 seconds
[2025-03-10T23:27:45.599+0000] {processor.py:186} INFO - Started process (PID=178) to work on /home/airflow/.local/lib/python3.12/site-packages/airflow/example_dags/example_trigger_controller_dag.py
[2025-03-10T23:27:45.600+0000] {processor.py:914} INFO - Processing file /home/airflow/.local/lib/python3.12/site-packages/airflow/example_dags/example_trigger_controller_dag.py for tasks to queue
[2025-03-10T23:27:45.603+0000] {logging_mixin.py:190} INFO - [2025-03-10T23:27:45.603+0000] {dagbag.py:588} INFO - Filling up the DagBag from /home/airflow/.local/lib/python3.12/site-packages/airflow/example_dags/example_trigger_controller_dag.py
[2025-03-10T23:27:45.611+0000] {processor.py:925} INFO - DAG(s) 'example_trigger_controller_dag' retrieved from /home/airflow/.local/lib/python3.12/site-packages/airflow/example_dags/example_trigger_controller_dag.py
[2025-03-10T23:27:45.636+0000] {logging_mixin.py:190} INFO - [2025-03-10T23:27:45.635+0000] {dag.py:3239} INFO - Sync 1 DAGs
[2025-03-10T23:27:45.662+0000] {logging_mixin.py:190} INFO - [2025-03-10T23:27:45.662+0000] {dag.py:4180} INFO - Setting next_dagrun for example_trigger_controller_dag to 2021-01-01 00:00:00+00:00, run_after=2021-01-01 00:00:00+00:00
[2025-03-10T23:27:45.683+0000] {processor.py:208} INFO - Processing /home/airflow/.local/lib/python3.12/site-packages/airflow/example_dags/example_trigger_controller_dag.py took 0.092 seconds
[2025-03-10T23:28:16.239+0000] {processor.py:186} INFO - Started process (PID=241) to work on /home/airflow/.local/lib/python3.12/site-packages/airflow/example_dags/example_trigger_controller_dag.py
[2025-03-10T23:28:16.240+0000] {processor.py:914} INFO - Processing file /home/airflow/.local/lib/python3.12/site-packages/airflow/example_dags/example_trigger_controller_dag.py for tasks to queue
[2025-03-10T23:28:16.242+0000] {logging_mixin.py:190} INFO - [2025-03-10T23:28:16.242+0000] {dagbag.py:588} INFO - Filling up the DagBag from /home/airflow/.local/lib/python3.12/site-packages/airflow/example_dags/example_trigger_controller_dag.py
[2025-03-10T23:28:16.249+0000] {processor.py:925} INFO - DAG(s) 'example_trigger_controller_dag' retrieved from /home/airflow/.local/lib/python3.12/site-packages/airflow/example_dags/example_trigger_controller_dag.py
[2025-03-10T23:28:16.271+0000] {logging_mixin.py:190} INFO - [2025-03-10T23:28:16.271+0000] {dag.py:3239} INFO - Sync 1 DAGs
[2025-03-10T23:28:16.298+0000] {logging_mixin.py:190} INFO - [2025-03-10T23:28:16.298+0000] {dag.py:4180} INFO - Setting next_dagrun for example_trigger_controller_dag to 2021-01-01 00:00:00+00:00, run_after=2021-01-01 00:00:00+00:00
[2025-03-10T23:28:16.319+0000] {processor.py:208} INFO - Processing /home/airflow/.local/lib/python3.12/site-packages/airflow/example_dags/example_trigger_controller_dag.py took 0.086 seconds
[2025-03-10T23:28:46.938+0000] {processor.py:186} INFO - Started process (PID=304) to work on /home/airflow/.local/lib/python3.12/site-packages/airflow/example_dags/example_trigger_controller_dag.py
[2025-03-10T23:28:46.939+0000] {processor.py:914} INFO - Processing file /home/airflow/.local/lib/python3.12/site-packages/airflow/example_dags/example_trigger_controller_dag.py for tasks to queue
[2025-03-10T23:28:46.942+0000] {logging_mixin.py:190} INFO - [2025-03-10T23:28:46.942+0000] {dagbag.py:588} INFO - Filling up the DagBag from /home/airflow/.local/lib/python3.12/site-packages/airflow/example_dags/example_trigger_controller_dag.py
[2025-03-10T23:28:46.949+0000] {processor.py:925} INFO - DAG(s) 'example_trigger_controller_dag' retrieved from /home/airflow/.local/lib/python3.12/site-packages/airflow/example_dags/example_trigger_controller_dag.py
[2025-03-10T23:28:46.976+0000] {logging_mixin.py:190} INFO - [2025-03-10T23:28:46.976+0000] {dag.py:3239} INFO - Sync 1 DAGs
[2025-03-10T23:28:47.004+0000] {logging_mixin.py:190} INFO - [2025-03-10T23:28:47.004+0000] {dag.py:4180} INFO - Setting next_dagrun for example_trigger_controller_dag to 2021-01-01 00:00:00+00:00, run_after=2021-01-01 00:00:00+00:00
[2025-03-10T23:28:47.025+0000] {processor.py:208} INFO - Processing /home/airflow/.local/lib/python3.12/site-packages/airflow/example_dags/example_trigger_controller_dag.py took 0.094 seconds
[2025-03-10T23:29:17.122+0000] {processor.py:186} INFO - Started process (PID=367) to work on /home/airflow/.local/lib/python3.12/site-packages/airflow/example_dags/example_trigger_controller_dag.py
[2025-03-10T23:29:17.123+0000] {processor.py:914} INFO - Processing file /home/airflow/.local/lib/python3.12/site-packages/airflow/example_dags/example_trigger_controller_dag.py for tasks to queue
[2025-03-10T23:29:17.126+0000] {logging_mixin.py:190} INFO - [2025-03-10T23:29:17.126+0000] {dagbag.py:588} INFO - Filling up the DagBag from /home/airflow/.local/lib/python3.12/site-packages/airflow/example_dags/example_trigger_controller_dag.py
[2025-03-10T23:29:17.133+0000] {processor.py:925} INFO - DAG(s) 'example_trigger_controller_dag' retrieved from /home/airflow/.local/lib/python3.12/site-packages/airflow/example_dags/example_trigger_controller_dag.py
[2025-03-10T23:29:17.155+0000] {logging_mixin.py:190} INFO - [2025-03-10T23:29:17.155+0000] {dag.py:3239} INFO - Sync 1 DAGs
[2025-03-10T23:29:17.184+0000] {logging_mixin.py:190} INFO - [2025-03-10T23:29:17.183+0000] {dag.py:4180} INFO - Setting next_dagrun for example_trigger_controller_dag to 2021-01-01 00:00:00+00:00, run_after=2021-01-01 00:00:00+00:00
[2025-03-10T23:29:17.204+0000] {processor.py:208} INFO - Processing /home/airflow/.local/lib/python3.12/site-packages/airflow/example_dags/example_trigger_controller_dag.py took 0.088 seconds
[2025-03-10T23:35:29.881+0000] {processor.py:186} INFO - Started process (PID=141) to work on /home/airflow/.local/lib/python3.12/site-packages/airflow/example_dags/example_trigger_controller_dag.py
[2025-03-10T23:35:29.884+0000] {processor.py:914} INFO - Processing file /home/airflow/.local/lib/python3.12/site-packages/airflow/example_dags/example_trigger_controller_dag.py for tasks to queue
[2025-03-10T23:35:29.894+0000] {logging_mixin.py:190} INFO - [2025-03-10T23:35:29.893+0000] {dagbag.py:588} INFO - Filling up the DagBag from /home/airflow/.local/lib/python3.12/site-packages/airflow/example_dags/example_trigger_controller_dag.py
[2025-03-10T23:35:29.920+0000] {processor.py:925} INFO - DAG(s) 'example_trigger_controller_dag' retrieved from /home/airflow/.local/lib/python3.12/site-packages/airflow/example_dags/example_trigger_controller_dag.py
[2025-03-10T23:35:30.010+0000] {logging_mixin.py:190} INFO - [2025-03-10T23:35:30.008+0000] {dag.py:3239} INFO - Sync 1 DAGs
[2025-03-10T23:35:30.128+0000] {logging_mixin.py:190} INFO - [2025-03-10T23:35:30.127+0000] {dag.py:4180} INFO - Setting next_dagrun for example_trigger_controller_dag to 2021-01-01 00:00:00+00:00, run_after=2021-01-01 00:00:00+00:00
[2025-03-10T23:35:30.214+0000] {processor.py:208} INFO - Processing /home/airflow/.local/lib/python3.12/site-packages/airflow/example_dags/example_trigger_controller_dag.py took 0.357 seconds
[2025-03-10T23:36:00.407+0000] {processor.py:186} INFO - Started process (PID=204) to work on /home/airflow/.local/lib/python3.12/site-packages/airflow/example_dags/example_trigger_controller_dag.py
[2025-03-10T23:36:00.407+0000] {processor.py:914} INFO - Processing file /home/airflow/.local/lib/python3.12/site-packages/airflow/example_dags/example_trigger_controller_dag.py for tasks to queue
[2025-03-10T23:36:00.410+0000] {logging_mixin.py:190} INFO - [2025-03-10T23:36:00.410+0000] {dagbag.py:588} INFO - Filling up the DagBag from /home/airflow/.local/lib/python3.12/site-packages/airflow/example_dags/example_trigger_controller_dag.py
[2025-03-10T23:36:00.417+0000] {processor.py:925} INFO - DAG(s) 'example_trigger_controller_dag' retrieved from /home/airflow/.local/lib/python3.12/site-packages/airflow/example_dags/example_trigger_controller_dag.py
[2025-03-10T23:36:00.441+0000] {logging_mixin.py:190} INFO - [2025-03-10T23:36:00.440+0000] {dag.py:3239} INFO - Sync 1 DAGs
[2025-03-10T23:36:00.469+0000] {logging_mixin.py:190} INFO - [2025-03-10T23:36:00.468+0000] {dag.py:4180} INFO - Setting next_dagrun for example_trigger_controller_dag to 2021-01-01 00:00:00+00:00, run_after=2021-01-01 00:00:00+00:00
[2025-03-10T23:36:00.493+0000] {processor.py:208} INFO - Processing /home/airflow/.local/lib/python3.12/site-packages/airflow/example_dags/example_trigger_controller_dag.py took 0.094 seconds
[2025-03-10T23:36:30.642+0000] {processor.py:186} INFO - Started process (PID=267) to work on /home/airflow/.local/lib/python3.12/site-packages/airflow/example_dags/example_trigger_controller_dag.py
[2025-03-10T23:36:30.643+0000] {processor.py:914} INFO - Processing file /home/airflow/.local/lib/python3.12/site-packages/airflow/example_dags/example_trigger_controller_dag.py for tasks to queue
[2025-03-10T23:36:30.646+0000] {logging_mixin.py:190} INFO - [2025-03-10T23:36:30.646+0000] {dagbag.py:588} INFO - Filling up the DagBag from /home/airflow/.local/lib/python3.12/site-packages/airflow/example_dags/example_trigger_controller_dag.py
[2025-03-10T23:36:30.653+0000] {processor.py:925} INFO - DAG(s) 'example_trigger_controller_dag' retrieved from /home/airflow/.local/lib/python3.12/site-packages/airflow/example_dags/example_trigger_controller_dag.py
[2025-03-10T23:36:30.677+0000] {logging_mixin.py:190} INFO - [2025-03-10T23:36:30.677+0000] {dag.py:3239} INFO - Sync 1 DAGs
[2025-03-10T23:36:30.712+0000] {logging_mixin.py:190} INFO - [2025-03-10T23:36:30.711+0000] {dag.py:4180} INFO - Setting next_dagrun for example_trigger_controller_dag to 2021-01-01 00:00:00+00:00, run_after=2021-01-01 00:00:00+00:00
[2025-03-10T23:36:30.734+0000] {processor.py:208} INFO - Processing /home/airflow/.local/lib/python3.12/site-packages/airflow/example_dags/example_trigger_controller_dag.py took 0.100 seconds
[2025-03-10T23:37:00.825+0000] {processor.py:186} INFO - Started process (PID=329) to work on /home/airflow/.local/lib/python3.12/site-packages/airflow/example_dags/example_trigger_controller_dag.py
[2025-03-10T23:37:00.826+0000] {processor.py:914} INFO - Processing file /home/airflow/.local/lib/python3.12/site-packages/airflow/example_dags/example_trigger_controller_dag.py for tasks to queue
[2025-03-10T23:37:00.829+0000] {logging_mixin.py:190} INFO - [2025-03-10T23:37:00.829+0000] {dagbag.py:588} INFO - Filling up the DagBag from /home/airflow/.local/lib/python3.12/site-packages/airflow/example_dags/example_trigger_controller_dag.py
[2025-03-10T23:37:00.836+0000] {processor.py:925} INFO - DAG(s) 'example_trigger_controller_dag' retrieved from /home/airflow/.local/lib/python3.12/site-packages/airflow/example_dags/example_trigger_controller_dag.py
[2025-03-10T23:37:00.860+0000] {logging_mixin.py:190} INFO - [2025-03-10T23:37:00.860+0000] {dag.py:3239} INFO - Sync 1 DAGs
[2025-03-10T23:37:00.888+0000] {logging_mixin.py:190} INFO - [2025-03-10T23:37:00.888+0000] {dag.py:4180} INFO - Setting next_dagrun for example_trigger_controller_dag to 2021-01-01 00:00:00+00:00, run_after=2021-01-01 00:00:00+00:00
[2025-03-10T23:37:00.907+0000] {processor.py:208} INFO - Processing /home/airflow/.local/lib/python3.12/site-packages/airflow/example_dags/example_trigger_controller_dag.py took 0.090 seconds
