[2025-03-10T20:30:18.224+0000] {processor.py:186} INFO - Started process (PID=142) to work on /home/airflow/.local/lib/python3.12/site-packages/airflow/example_dags/example_dag_decorator.py
[2025-03-10T20:30:18.225+0000] {processor.py:914} INFO - Processing file /home/airflow/.local/lib/python3.12/site-packages/airflow/example_dags/example_dag_decorator.py for tasks to queue
[2025-03-10T20:30:18.227+0000] {logging_mixin.py:190} INFO - [2025-03-10T20:30:18.227+0000] {dagbag.py:588} INFO - Filling up the DagBag from /home/airflow/.local/lib/python3.12/site-packages/airflow/example_dags/example_dag_decorator.py
[2025-03-10T20:30:18.241+0000] {processor.py:925} INFO - DAG(s) 'example_dag_decorator' retrieved from /home/airflow/.local/lib/python3.12/site-packages/airflow/example_dags/example_dag_decorator.py
[2025-03-10T20:30:18.312+0000] {logging_mixin.py:190} INFO - [2025-03-10T20:30:18.311+0000] {override.py:1912} INFO - Created Permission View: can read on DAG:example_dag_decorator
[2025-03-10T20:30:18.322+0000] {logging_mixin.py:190} INFO - [2025-03-10T20:30:18.322+0000] {override.py:1912} INFO - Created Permission View: can edit on DAG:example_dag_decorator
[2025-03-10T20:30:18.329+0000] {logging_mixin.py:190} INFO - [2025-03-10T20:30:18.328+0000] {override.py:1912} INFO - Created Permission View: can delete on DAG:example_dag_decorator
[2025-03-10T20:30:18.335+0000] {logging_mixin.py:190} INFO - [2025-03-10T20:30:18.335+0000] {override.py:1912} INFO - Created Permission View: menu access on DAG Run:example_dag_decorator
[2025-03-10T20:30:18.341+0000] {logging_mixin.py:190} INFO - [2025-03-10T20:30:18.341+0000] {override.py:1912} INFO - Created Permission View: can read on DAG Run:example_dag_decorator
[2025-03-10T20:30:18.348+0000] {logging_mixin.py:190} INFO - [2025-03-10T20:30:18.347+0000] {override.py:1912} INFO - Created Permission View: can create on DAG Run:example_dag_decorator
[2025-03-10T20:30:18.354+0000] {logging_mixin.py:190} INFO - [2025-03-10T20:30:18.353+0000] {override.py:1912} INFO - Created Permission View: can delete on DAG Run:example_dag_decorator
[2025-03-10T20:30:18.354+0000] {logging_mixin.py:190} INFO - [2025-03-10T20:30:18.354+0000] {dag.py:3239} INFO - Sync 1 DAGs
[2025-03-10T20:30:18.370+0000] {logging_mixin.py:190} INFO - [2025-03-10T20:30:18.370+0000] {dag.py:3262} INFO - Creating ORM DAG for example_dag_decorator
[2025-03-10T20:30:18.371+0000] {logging_mixin.py:190} INFO - [2025-03-10T20:30:18.370+0000] {dag.py:4180} INFO - Setting next_dagrun for example_dag_decorator to None, run_after=None
[2025-03-10T20:30:18.387+0000] {processor.py:208} INFO - Processing /home/airflow/.local/lib/python3.12/site-packages/airflow/example_dags/example_dag_decorator.py took 0.170 seconds
[2025-03-10T20:30:48.605+0000] {processor.py:186} INFO - Started process (PID=205) to work on /home/airflow/.local/lib/python3.12/site-packages/airflow/example_dags/example_dag_decorator.py
[2025-03-10T20:30:48.607+0000] {processor.py:914} INFO - Processing file /home/airflow/.local/lib/python3.12/site-packages/airflow/example_dags/example_dag_decorator.py for tasks to queue
[2025-03-10T20:30:48.609+0000] {logging_mixin.py:190} INFO - [2025-03-10T20:30:48.609+0000] {dagbag.py:588} INFO - Filling up the DagBag from /home/airflow/.local/lib/python3.12/site-packages/airflow/example_dags/example_dag_decorator.py
[2025-03-10T20:30:48.623+0000] {processor.py:925} INFO - DAG(s) 'example_dag_decorator' retrieved from /home/airflow/.local/lib/python3.12/site-packages/airflow/example_dags/example_dag_decorator.py
[2025-03-10T20:30:48.706+0000] {logging_mixin.py:190} INFO - [2025-03-10T20:30:48.706+0000] {dag.py:3239} INFO - Sync 1 DAGs
[2025-03-10T20:30:48.723+0000] {logging_mixin.py:190} INFO - [2025-03-10T20:30:48.723+0000] {dag.py:4180} INFO - Setting next_dagrun for example_dag_decorator to None, run_after=None
[2025-03-10T20:30:48.747+0000] {processor.py:208} INFO - Processing /home/airflow/.local/lib/python3.12/site-packages/airflow/example_dags/example_dag_decorator.py took 0.150 seconds
[2025-03-10T20:31:26.173+0000] {processor.py:186} INFO - Started process (PID=268) to work on /home/airflow/.local/lib/python3.12/site-packages/airflow/example_dags/example_dag_decorator.py
[2025-03-10T20:31:26.176+0000] {processor.py:914} INFO - Processing file /home/airflow/.local/lib/python3.12/site-packages/airflow/example_dags/example_dag_decorator.py for tasks to queue
[2025-03-10T20:31:26.186+0000] {logging_mixin.py:190} INFO - [2025-03-10T20:31:26.185+0000] {dagbag.py:588} INFO - Filling up the DagBag from /home/airflow/.local/lib/python3.12/site-packages/airflow/example_dags/example_dag_decorator.py
[2025-03-10T20:31:26.248+0000] {processor.py:925} INFO - DAG(s) 'example_dag_decorator' retrieved from /home/airflow/.local/lib/python3.12/site-packages/airflow/example_dags/example_dag_decorator.py
[2025-03-10T20:31:26.563+0000] {logging_mixin.py:190} INFO - [2025-03-10T20:31:26.562+0000] {dag.py:3239} INFO - Sync 1 DAGs
[2025-03-10T20:31:26.615+0000] {logging_mixin.py:190} INFO - [2025-03-10T20:31:26.615+0000] {dag.py:4180} INFO - Setting next_dagrun for example_dag_decorator to None, run_after=None
[2025-03-10T20:31:26.672+0000] {processor.py:208} INFO - Processing /home/airflow/.local/lib/python3.12/site-packages/airflow/example_dags/example_dag_decorator.py took 0.526 seconds
[2025-03-10T20:31:57.304+0000] {processor.py:186} INFO - Started process (PID=331) to work on /home/airflow/.local/lib/python3.12/site-packages/airflow/example_dags/example_dag_decorator.py
[2025-03-10T20:31:57.305+0000] {processor.py:914} INFO - Processing file /home/airflow/.local/lib/python3.12/site-packages/airflow/example_dags/example_dag_decorator.py for tasks to queue
[2025-03-10T20:31:57.308+0000] {logging_mixin.py:190} INFO - [2025-03-10T20:31:57.308+0000] {dagbag.py:588} INFO - Filling up the DagBag from /home/airflow/.local/lib/python3.12/site-packages/airflow/example_dags/example_dag_decorator.py
[2025-03-10T20:31:57.323+0000] {processor.py:925} INFO - DAG(s) 'example_dag_decorator' retrieved from /home/airflow/.local/lib/python3.12/site-packages/airflow/example_dags/example_dag_decorator.py
[2025-03-10T20:31:57.401+0000] {logging_mixin.py:190} INFO - [2025-03-10T20:31:57.400+0000] {dag.py:3239} INFO - Sync 1 DAGs
[2025-03-10T20:31:57.418+0000] {logging_mixin.py:190} INFO - [2025-03-10T20:31:57.417+0000] {dag.py:4180} INFO - Setting next_dagrun for example_dag_decorator to None, run_after=None
[2025-03-10T20:31:57.438+0000] {processor.py:208} INFO - Processing /home/airflow/.local/lib/python3.12/site-packages/airflow/example_dags/example_dag_decorator.py took 0.143 seconds
[2025-03-10T20:32:27.858+0000] {processor.py:186} INFO - Started process (PID=394) to work on /home/airflow/.local/lib/python3.12/site-packages/airflow/example_dags/example_dag_decorator.py
[2025-03-10T20:32:27.859+0000] {processor.py:914} INFO - Processing file /home/airflow/.local/lib/python3.12/site-packages/airflow/example_dags/example_dag_decorator.py for tasks to queue
[2025-03-10T20:32:27.862+0000] {logging_mixin.py:190} INFO - [2025-03-10T20:32:27.862+0000] {dagbag.py:588} INFO - Filling up the DagBag from /home/airflow/.local/lib/python3.12/site-packages/airflow/example_dags/example_dag_decorator.py
[2025-03-10T20:32:27.875+0000] {processor.py:925} INFO - DAG(s) 'example_dag_decorator' retrieved from /home/airflow/.local/lib/python3.12/site-packages/airflow/example_dags/example_dag_decorator.py
[2025-03-10T20:32:27.953+0000] {logging_mixin.py:190} INFO - [2025-03-10T20:32:27.953+0000] {dag.py:3239} INFO - Sync 1 DAGs
[2025-03-10T20:32:27.970+0000] {logging_mixin.py:190} INFO - [2025-03-10T20:32:27.969+0000] {dag.py:4180} INFO - Setting next_dagrun for example_dag_decorator to None, run_after=None
[2025-03-10T20:32:27.989+0000] {processor.py:208} INFO - Processing /home/airflow/.local/lib/python3.12/site-packages/airflow/example_dags/example_dag_decorator.py took 0.138 seconds
[2025-03-10T20:32:58.108+0000] {processor.py:186} INFO - Started process (PID=457) to work on /home/airflow/.local/lib/python3.12/site-packages/airflow/example_dags/example_dag_decorator.py
[2025-03-10T20:32:58.109+0000] {processor.py:914} INFO - Processing file /home/airflow/.local/lib/python3.12/site-packages/airflow/example_dags/example_dag_decorator.py for tasks to queue
[2025-03-10T20:32:58.112+0000] {logging_mixin.py:190} INFO - [2025-03-10T20:32:58.111+0000] {dagbag.py:588} INFO - Filling up the DagBag from /home/airflow/.local/lib/python3.12/site-packages/airflow/example_dags/example_dag_decorator.py
[2025-03-10T20:32:58.125+0000] {processor.py:925} INFO - DAG(s) 'example_dag_decorator' retrieved from /home/airflow/.local/lib/python3.12/site-packages/airflow/example_dags/example_dag_decorator.py
[2025-03-10T20:32:58.206+0000] {logging_mixin.py:190} INFO - [2025-03-10T20:32:58.206+0000] {dag.py:3239} INFO - Sync 1 DAGs
[2025-03-10T20:32:58.223+0000] {logging_mixin.py:190} INFO - [2025-03-10T20:32:58.223+0000] {dag.py:4180} INFO - Setting next_dagrun for example_dag_decorator to None, run_after=None
[2025-03-10T20:32:58.244+0000] {processor.py:208} INFO - Processing /home/airflow/.local/lib/python3.12/site-packages/airflow/example_dags/example_dag_decorator.py took 0.143 seconds
[2025-03-10T20:33:28.312+0000] {processor.py:186} INFO - Started process (PID=520) to work on /home/airflow/.local/lib/python3.12/site-packages/airflow/example_dags/example_dag_decorator.py
[2025-03-10T20:33:28.313+0000] {processor.py:914} INFO - Processing file /home/airflow/.local/lib/python3.12/site-packages/airflow/example_dags/example_dag_decorator.py for tasks to queue
[2025-03-10T20:33:28.316+0000] {logging_mixin.py:190} INFO - [2025-03-10T20:33:28.316+0000] {dagbag.py:588} INFO - Filling up the DagBag from /home/airflow/.local/lib/python3.12/site-packages/airflow/example_dags/example_dag_decorator.py
[2025-03-10T20:33:28.330+0000] {processor.py:925} INFO - DAG(s) 'example_dag_decorator' retrieved from /home/airflow/.local/lib/python3.12/site-packages/airflow/example_dags/example_dag_decorator.py
[2025-03-10T20:33:28.409+0000] {logging_mixin.py:190} INFO - [2025-03-10T20:33:28.408+0000] {dag.py:3239} INFO - Sync 1 DAGs
[2025-03-10T20:33:28.425+0000] {logging_mixin.py:190} INFO - [2025-03-10T20:33:28.424+0000] {dag.py:4180} INFO - Setting next_dagrun for example_dag_decorator to None, run_after=None
[2025-03-10T20:33:28.445+0000] {processor.py:208} INFO - Processing /home/airflow/.local/lib/python3.12/site-packages/airflow/example_dags/example_dag_decorator.py took 0.142 seconds
[2025-03-10T20:33:58.554+0000] {processor.py:186} INFO - Started process (PID=583) to work on /home/airflow/.local/lib/python3.12/site-packages/airflow/example_dags/example_dag_decorator.py
[2025-03-10T20:33:58.555+0000] {processor.py:914} INFO - Processing file /home/airflow/.local/lib/python3.12/site-packages/airflow/example_dags/example_dag_decorator.py for tasks to queue
[2025-03-10T20:33:58.558+0000] {logging_mixin.py:190} INFO - [2025-03-10T20:33:58.558+0000] {dagbag.py:588} INFO - Filling up the DagBag from /home/airflow/.local/lib/python3.12/site-packages/airflow/example_dags/example_dag_decorator.py
[2025-03-10T20:33:58.574+0000] {processor.py:925} INFO - DAG(s) 'example_dag_decorator' retrieved from /home/airflow/.local/lib/python3.12/site-packages/airflow/example_dags/example_dag_decorator.py
[2025-03-10T20:33:58.650+0000] {logging_mixin.py:190} INFO - [2025-03-10T20:33:58.650+0000] {dag.py:3239} INFO - Sync 1 DAGs
[2025-03-10T20:33:58.665+0000] {logging_mixin.py:190} INFO - [2025-03-10T20:33:58.665+0000] {dag.py:4180} INFO - Setting next_dagrun for example_dag_decorator to None, run_after=None
[2025-03-10T20:33:58.684+0000] {processor.py:208} INFO - Processing /home/airflow/.local/lib/python3.12/site-packages/airflow/example_dags/example_dag_decorator.py took 0.139 seconds
[2025-03-10T20:34:28.751+0000] {processor.py:186} INFO - Started process (PID=646) to work on /home/airflow/.local/lib/python3.12/site-packages/airflow/example_dags/example_dag_decorator.py
[2025-03-10T20:34:28.752+0000] {processor.py:914} INFO - Processing file /home/airflow/.local/lib/python3.12/site-packages/airflow/example_dags/example_dag_decorator.py for tasks to queue
[2025-03-10T20:34:28.755+0000] {logging_mixin.py:190} INFO - [2025-03-10T20:34:28.755+0000] {dagbag.py:588} INFO - Filling up the DagBag from /home/airflow/.local/lib/python3.12/site-packages/airflow/example_dags/example_dag_decorator.py
[2025-03-10T20:34:28.767+0000] {processor.py:925} INFO - DAG(s) 'example_dag_decorator' retrieved from /home/airflow/.local/lib/python3.12/site-packages/airflow/example_dags/example_dag_decorator.py
[2025-03-10T20:34:28.847+0000] {logging_mixin.py:190} INFO - [2025-03-10T20:34:28.846+0000] {dag.py:3239} INFO - Sync 1 DAGs
[2025-03-10T20:34:28.863+0000] {logging_mixin.py:190} INFO - [2025-03-10T20:34:28.863+0000] {dag.py:4180} INFO - Setting next_dagrun for example_dag_decorator to None, run_after=None
[2025-03-10T20:34:28.888+0000] {processor.py:208} INFO - Processing /home/airflow/.local/lib/python3.12/site-packages/airflow/example_dags/example_dag_decorator.py took 0.143 seconds
[2025-03-10T20:34:59.375+0000] {processor.py:186} INFO - Started process (PID=709) to work on /home/airflow/.local/lib/python3.12/site-packages/airflow/example_dags/example_dag_decorator.py
[2025-03-10T20:34:59.375+0000] {processor.py:914} INFO - Processing file /home/airflow/.local/lib/python3.12/site-packages/airflow/example_dags/example_dag_decorator.py for tasks to queue
[2025-03-10T20:34:59.379+0000] {logging_mixin.py:190} INFO - [2025-03-10T20:34:59.378+0000] {dagbag.py:588} INFO - Filling up the DagBag from /home/airflow/.local/lib/python3.12/site-packages/airflow/example_dags/example_dag_decorator.py
[2025-03-10T20:34:59.393+0000] {processor.py:925} INFO - DAG(s) 'example_dag_decorator' retrieved from /home/airflow/.local/lib/python3.12/site-packages/airflow/example_dags/example_dag_decorator.py
[2025-03-10T20:34:59.464+0000] {logging_mixin.py:190} INFO - [2025-03-10T20:34:59.464+0000] {dag.py:3239} INFO - Sync 1 DAGs
[2025-03-10T20:34:59.479+0000] {logging_mixin.py:190} INFO - [2025-03-10T20:34:59.479+0000] {dag.py:4180} INFO - Setting next_dagrun for example_dag_decorator to None, run_after=None
[2025-03-10T20:34:59.500+0000] {processor.py:208} INFO - Processing /home/airflow/.local/lib/python3.12/site-packages/airflow/example_dags/example_dag_decorator.py took 0.133 seconds
[2025-03-10T20:35:30.245+0000] {processor.py:186} INFO - Started process (PID=772) to work on /home/airflow/.local/lib/python3.12/site-packages/airflow/example_dags/example_dag_decorator.py
[2025-03-10T20:35:30.247+0000] {processor.py:914} INFO - Processing file /home/airflow/.local/lib/python3.12/site-packages/airflow/example_dags/example_dag_decorator.py for tasks to queue
[2025-03-10T20:35:30.251+0000] {logging_mixin.py:190} INFO - [2025-03-10T20:35:30.250+0000] {dagbag.py:588} INFO - Filling up the DagBag from /home/airflow/.local/lib/python3.12/site-packages/airflow/example_dags/example_dag_decorator.py
[2025-03-10T20:35:30.265+0000] {processor.py:925} INFO - DAG(s) 'example_dag_decorator' retrieved from /home/airflow/.local/lib/python3.12/site-packages/airflow/example_dags/example_dag_decorator.py
[2025-03-10T20:35:30.293+0000] {logging_mixin.py:190} INFO - [2025-03-10T20:35:30.292+0000] {dag.py:3239} INFO - Sync 1 DAGs
[2025-03-10T20:35:30.311+0000] {logging_mixin.py:190} INFO - [2025-03-10T20:35:30.310+0000] {dag.py:4180} INFO - Setting next_dagrun for example_dag_decorator to None, run_after=None
[2025-03-10T20:35:30.332+0000] {processor.py:208} INFO - Processing /home/airflow/.local/lib/python3.12/site-packages/airflow/example_dags/example_dag_decorator.py took 0.097 seconds
[2025-03-10T20:36:00.627+0000] {processor.py:186} INFO - Started process (PID=834) to work on /home/airflow/.local/lib/python3.12/site-packages/airflow/example_dags/example_dag_decorator.py
[2025-03-10T20:36:00.631+0000] {processor.py:914} INFO - Processing file /home/airflow/.local/lib/python3.12/site-packages/airflow/example_dags/example_dag_decorator.py for tasks to queue
[2025-03-10T20:36:00.641+0000] {logging_mixin.py:190} INFO - [2025-03-10T20:36:00.639+0000] {dagbag.py:588} INFO - Filling up the DagBag from /home/airflow/.local/lib/python3.12/site-packages/airflow/example_dags/example_dag_decorator.py
[2025-03-10T20:36:00.686+0000] {processor.py:925} INFO - DAG(s) 'example_dag_decorator' retrieved from /home/airflow/.local/lib/python3.12/site-packages/airflow/example_dags/example_dag_decorator.py
[2025-03-10T20:36:00.977+0000] {logging_mixin.py:190} INFO - [2025-03-10T20:36:00.976+0000] {dag.py:3239} INFO - Sync 1 DAGs
[2025-03-10T20:36:01.067+0000] {logging_mixin.py:190} INFO - [2025-03-10T20:36:01.066+0000] {dag.py:4180} INFO - Setting next_dagrun for example_dag_decorator to None, run_after=None
[2025-03-10T20:36:01.171+0000] {processor.py:208} INFO - Processing /home/airflow/.local/lib/python3.12/site-packages/airflow/example_dags/example_dag_decorator.py took 0.568 seconds
[2025-03-10T20:36:31.845+0000] {processor.py:186} INFO - Started process (PID=897) to work on /home/airflow/.local/lib/python3.12/site-packages/airflow/example_dags/example_dag_decorator.py
[2025-03-10T20:36:31.846+0000] {processor.py:914} INFO - Processing file /home/airflow/.local/lib/python3.12/site-packages/airflow/example_dags/example_dag_decorator.py for tasks to queue
[2025-03-10T20:36:31.849+0000] {logging_mixin.py:190} INFO - [2025-03-10T20:36:31.849+0000] {dagbag.py:588} INFO - Filling up the DagBag from /home/airflow/.local/lib/python3.12/site-packages/airflow/example_dags/example_dag_decorator.py
[2025-03-10T20:36:31.864+0000] {processor.py:925} INFO - DAG(s) 'example_dag_decorator' retrieved from /home/airflow/.local/lib/python3.12/site-packages/airflow/example_dags/example_dag_decorator.py
[2025-03-10T20:36:31.941+0000] {logging_mixin.py:190} INFO - [2025-03-10T20:36:31.941+0000] {dag.py:3239} INFO - Sync 1 DAGs
[2025-03-10T20:36:31.956+0000] {logging_mixin.py:190} INFO - [2025-03-10T20:36:31.956+0000] {dag.py:4180} INFO - Setting next_dagrun for example_dag_decorator to None, run_after=None
[2025-03-10T20:36:31.978+0000] {processor.py:208} INFO - Processing /home/airflow/.local/lib/python3.12/site-packages/airflow/example_dags/example_dag_decorator.py took 0.142 seconds
[2025-03-10T20:37:02.305+0000] {processor.py:186} INFO - Started process (PID=960) to work on /home/airflow/.local/lib/python3.12/site-packages/airflow/example_dags/example_dag_decorator.py
[2025-03-10T20:37:02.306+0000] {processor.py:914} INFO - Processing file /home/airflow/.local/lib/python3.12/site-packages/airflow/example_dags/example_dag_decorator.py for tasks to queue
[2025-03-10T20:37:02.309+0000] {logging_mixin.py:190} INFO - [2025-03-10T20:37:02.309+0000] {dagbag.py:588} INFO - Filling up the DagBag from /home/airflow/.local/lib/python3.12/site-packages/airflow/example_dags/example_dag_decorator.py
[2025-03-10T20:37:02.324+0000] {processor.py:925} INFO - DAG(s) 'example_dag_decorator' retrieved from /home/airflow/.local/lib/python3.12/site-packages/airflow/example_dags/example_dag_decorator.py
[2025-03-10T20:37:02.404+0000] {logging_mixin.py:190} INFO - [2025-03-10T20:37:02.404+0000] {dag.py:3239} INFO - Sync 1 DAGs
[2025-03-10T20:37:02.419+0000] {logging_mixin.py:190} INFO - [2025-03-10T20:37:02.419+0000] {dag.py:4180} INFO - Setting next_dagrun for example_dag_decorator to None, run_after=None
[2025-03-10T20:37:02.441+0000] {processor.py:208} INFO - Processing /home/airflow/.local/lib/python3.12/site-packages/airflow/example_dags/example_dag_decorator.py took 0.145 seconds
[2025-03-10T20:37:32.638+0000] {processor.py:186} INFO - Started process (PID=1024) to work on /home/airflow/.local/lib/python3.12/site-packages/airflow/example_dags/example_dag_decorator.py
[2025-03-10T20:37:32.639+0000] {processor.py:914} INFO - Processing file /home/airflow/.local/lib/python3.12/site-packages/airflow/example_dags/example_dag_decorator.py for tasks to queue
[2025-03-10T20:37:32.642+0000] {logging_mixin.py:190} INFO - [2025-03-10T20:37:32.642+0000] {dagbag.py:588} INFO - Filling up the DagBag from /home/airflow/.local/lib/python3.12/site-packages/airflow/example_dags/example_dag_decorator.py
[2025-03-10T20:37:32.657+0000] {processor.py:925} INFO - DAG(s) 'example_dag_decorator' retrieved from /home/airflow/.local/lib/python3.12/site-packages/airflow/example_dags/example_dag_decorator.py
[2025-03-10T20:37:32.732+0000] {logging_mixin.py:190} INFO - [2025-03-10T20:37:32.732+0000] {dag.py:3239} INFO - Sync 1 DAGs
[2025-03-10T20:37:32.747+0000] {logging_mixin.py:190} INFO - [2025-03-10T20:37:32.747+0000] {dag.py:4180} INFO - Setting next_dagrun for example_dag_decorator to None, run_after=None
[2025-03-10T20:37:32.766+0000] {processor.py:208} INFO - Processing /home/airflow/.local/lib/python3.12/site-packages/airflow/example_dags/example_dag_decorator.py took 0.137 seconds
[2025-03-10T20:38:03.276+0000] {processor.py:186} INFO - Started process (PID=1087) to work on /home/airflow/.local/lib/python3.12/site-packages/airflow/example_dags/example_dag_decorator.py
[2025-03-10T20:38:03.277+0000] {processor.py:914} INFO - Processing file /home/airflow/.local/lib/python3.12/site-packages/airflow/example_dags/example_dag_decorator.py for tasks to queue
[2025-03-10T20:38:03.280+0000] {logging_mixin.py:190} INFO - [2025-03-10T20:38:03.280+0000] {dagbag.py:588} INFO - Filling up the DagBag from /home/airflow/.local/lib/python3.12/site-packages/airflow/example_dags/example_dag_decorator.py
[2025-03-10T20:38:03.295+0000] {processor.py:925} INFO - DAG(s) 'example_dag_decorator' retrieved from /home/airflow/.local/lib/python3.12/site-packages/airflow/example_dags/example_dag_decorator.py
[2025-03-10T20:38:03.375+0000] {logging_mixin.py:190} INFO - [2025-03-10T20:38:03.375+0000] {dag.py:3239} INFO - Sync 1 DAGs
[2025-03-10T20:38:03.390+0000] {logging_mixin.py:190} INFO - [2025-03-10T20:38:03.390+0000] {dag.py:4180} INFO - Setting next_dagrun for example_dag_decorator to None, run_after=None
[2025-03-10T20:38:03.411+0000] {processor.py:208} INFO - Processing /home/airflow/.local/lib/python3.12/site-packages/airflow/example_dags/example_dag_decorator.py took 0.144 seconds
[2025-03-10T20:38:33.838+0000] {processor.py:186} INFO - Started process (PID=1150) to work on /home/airflow/.local/lib/python3.12/site-packages/airflow/example_dags/example_dag_decorator.py
[2025-03-10T20:38:33.839+0000] {processor.py:914} INFO - Processing file /home/airflow/.local/lib/python3.12/site-packages/airflow/example_dags/example_dag_decorator.py for tasks to queue
[2025-03-10T20:38:33.842+0000] {logging_mixin.py:190} INFO - [2025-03-10T20:38:33.842+0000] {dagbag.py:588} INFO - Filling up the DagBag from /home/airflow/.local/lib/python3.12/site-packages/airflow/example_dags/example_dag_decorator.py
[2025-03-10T20:38:33.856+0000] {processor.py:925} INFO - DAG(s) 'example_dag_decorator' retrieved from /home/airflow/.local/lib/python3.12/site-packages/airflow/example_dags/example_dag_decorator.py
[2025-03-10T20:38:33.934+0000] {logging_mixin.py:190} INFO - [2025-03-10T20:38:33.934+0000] {dag.py:3239} INFO - Sync 1 DAGs
[2025-03-10T20:38:33.952+0000] {logging_mixin.py:190} INFO - [2025-03-10T20:38:33.952+0000] {dag.py:4180} INFO - Setting next_dagrun for example_dag_decorator to None, run_after=None
[2025-03-10T20:38:33.975+0000] {processor.py:208} INFO - Processing /home/airflow/.local/lib/python3.12/site-packages/airflow/example_dags/example_dag_decorator.py took 0.144 seconds
[2025-03-10T20:39:04.452+0000] {processor.py:186} INFO - Started process (PID=1213) to work on /home/airflow/.local/lib/python3.12/site-packages/airflow/example_dags/example_dag_decorator.py
[2025-03-10T20:39:04.453+0000] {processor.py:914} INFO - Processing file /home/airflow/.local/lib/python3.12/site-packages/airflow/example_dags/example_dag_decorator.py for tasks to queue
[2025-03-10T20:39:04.456+0000] {logging_mixin.py:190} INFO - [2025-03-10T20:39:04.456+0000] {dagbag.py:588} INFO - Filling up the DagBag from /home/airflow/.local/lib/python3.12/site-packages/airflow/example_dags/example_dag_decorator.py
[2025-03-10T20:39:04.470+0000] {processor.py:925} INFO - DAG(s) 'example_dag_decorator' retrieved from /home/airflow/.local/lib/python3.12/site-packages/airflow/example_dags/example_dag_decorator.py
[2025-03-10T20:39:04.580+0000] {logging_mixin.py:190} INFO - [2025-03-10T20:39:04.580+0000] {dag.py:3239} INFO - Sync 1 DAGs
[2025-03-10T20:39:04.598+0000] {logging_mixin.py:190} INFO - [2025-03-10T20:39:04.598+0000] {dag.py:4180} INFO - Setting next_dagrun for example_dag_decorator to None, run_after=None
[2025-03-10T20:39:04.628+0000] {processor.py:208} INFO - Processing /home/airflow/.local/lib/python3.12/site-packages/airflow/example_dags/example_dag_decorator.py took 0.183 seconds
[2025-03-10T20:39:35.108+0000] {processor.py:186} INFO - Started process (PID=1276) to work on /home/airflow/.local/lib/python3.12/site-packages/airflow/example_dags/example_dag_decorator.py
[2025-03-10T20:39:35.109+0000] {processor.py:914} INFO - Processing file /home/airflow/.local/lib/python3.12/site-packages/airflow/example_dags/example_dag_decorator.py for tasks to queue
[2025-03-10T20:39:35.113+0000] {logging_mixin.py:190} INFO - [2025-03-10T20:39:35.112+0000] {dagbag.py:588} INFO - Filling up the DagBag from /home/airflow/.local/lib/python3.12/site-packages/airflow/example_dags/example_dag_decorator.py
[2025-03-10T20:39:35.128+0000] {processor.py:925} INFO - DAG(s) 'example_dag_decorator' retrieved from /home/airflow/.local/lib/python3.12/site-packages/airflow/example_dags/example_dag_decorator.py
[2025-03-10T20:39:35.206+0000] {logging_mixin.py:190} INFO - [2025-03-10T20:39:35.206+0000] {dag.py:3239} INFO - Sync 1 DAGs
[2025-03-10T20:39:35.221+0000] {logging_mixin.py:190} INFO - [2025-03-10T20:39:35.221+0000] {dag.py:4180} INFO - Setting next_dagrun for example_dag_decorator to None, run_after=None
[2025-03-10T20:39:35.241+0000] {processor.py:208} INFO - Processing /home/airflow/.local/lib/python3.12/site-packages/airflow/example_dags/example_dag_decorator.py took 0.142 seconds
[2025-03-10T20:40:05.873+0000] {processor.py:186} INFO - Started process (PID=1339) to work on /home/airflow/.local/lib/python3.12/site-packages/airflow/example_dags/example_dag_decorator.py
[2025-03-10T20:40:05.925+0000] {processor.py:914} INFO - Processing file /home/airflow/.local/lib/python3.12/site-packages/airflow/example_dags/example_dag_decorator.py for tasks to queue
[2025-03-10T20:40:05.928+0000] {logging_mixin.py:190} INFO - [2025-03-10T20:40:05.928+0000] {dagbag.py:588} INFO - Filling up the DagBag from /home/airflow/.local/lib/python3.12/site-packages/airflow/example_dags/example_dag_decorator.py
[2025-03-10T20:40:05.944+0000] {processor.py:925} INFO - DAG(s) 'example_dag_decorator' retrieved from /home/airflow/.local/lib/python3.12/site-packages/airflow/example_dags/example_dag_decorator.py
[2025-03-10T20:40:06.019+0000] {logging_mixin.py:190} INFO - [2025-03-10T20:40:06.019+0000] {dag.py:3239} INFO - Sync 1 DAGs
[2025-03-10T20:40:06.034+0000] {logging_mixin.py:190} INFO - [2025-03-10T20:40:06.034+0000] {dag.py:4180} INFO - Setting next_dagrun for example_dag_decorator to None, run_after=None
[2025-03-10T20:40:06.055+0000] {processor.py:208} INFO - Processing /home/airflow/.local/lib/python3.12/site-packages/airflow/example_dags/example_dag_decorator.py took 0.191 seconds
[2025-03-10T20:40:36.725+0000] {processor.py:186} INFO - Started process (PID=1402) to work on /home/airflow/.local/lib/python3.12/site-packages/airflow/example_dags/example_dag_decorator.py
[2025-03-10T20:40:36.727+0000] {processor.py:914} INFO - Processing file /home/airflow/.local/lib/python3.12/site-packages/airflow/example_dags/example_dag_decorator.py for tasks to queue
[2025-03-10T20:40:36.730+0000] {logging_mixin.py:190} INFO - [2025-03-10T20:40:36.729+0000] {dagbag.py:588} INFO - Filling up the DagBag from /home/airflow/.local/lib/python3.12/site-packages/airflow/example_dags/example_dag_decorator.py
[2025-03-10T20:40:36.745+0000] {processor.py:925} INFO - DAG(s) 'example_dag_decorator' retrieved from /home/airflow/.local/lib/python3.12/site-packages/airflow/example_dags/example_dag_decorator.py
[2025-03-10T20:40:36.822+0000] {logging_mixin.py:190} INFO - [2025-03-10T20:40:36.822+0000] {dag.py:3239} INFO - Sync 1 DAGs
[2025-03-10T20:40:36.837+0000] {logging_mixin.py:190} INFO - [2025-03-10T20:40:36.837+0000] {dag.py:4180} INFO - Setting next_dagrun for example_dag_decorator to None, run_after=None
[2025-03-10T20:40:36.857+0000] {processor.py:208} INFO - Processing /home/airflow/.local/lib/python3.12/site-packages/airflow/example_dags/example_dag_decorator.py took 0.140 seconds
[2025-03-10T20:41:07.269+0000] {processor.py:186} INFO - Started process (PID=1465) to work on /home/airflow/.local/lib/python3.12/site-packages/airflow/example_dags/example_dag_decorator.py
[2025-03-10T20:41:07.270+0000] {processor.py:914} INFO - Processing file /home/airflow/.local/lib/python3.12/site-packages/airflow/example_dags/example_dag_decorator.py for tasks to queue
[2025-03-10T20:41:07.273+0000] {logging_mixin.py:190} INFO - [2025-03-10T20:41:07.273+0000] {dagbag.py:588} INFO - Filling up the DagBag from /home/airflow/.local/lib/python3.12/site-packages/airflow/example_dags/example_dag_decorator.py
[2025-03-10T20:41:07.288+0000] {processor.py:925} INFO - DAG(s) 'example_dag_decorator' retrieved from /home/airflow/.local/lib/python3.12/site-packages/airflow/example_dags/example_dag_decorator.py
[2025-03-10T20:41:07.370+0000] {logging_mixin.py:190} INFO - [2025-03-10T20:41:07.369+0000] {dag.py:3239} INFO - Sync 1 DAGs
[2025-03-10T20:41:07.384+0000] {logging_mixin.py:190} INFO - [2025-03-10T20:41:07.384+0000] {dag.py:4180} INFO - Setting next_dagrun for example_dag_decorator to None, run_after=None
[2025-03-10T20:41:07.406+0000] {processor.py:208} INFO - Processing /home/airflow/.local/lib/python3.12/site-packages/airflow/example_dags/example_dag_decorator.py took 0.146 seconds
[2025-03-10T20:41:38.025+0000] {processor.py:186} INFO - Started process (PID=1528) to work on /home/airflow/.local/lib/python3.12/site-packages/airflow/example_dags/example_dag_decorator.py
[2025-03-10T20:41:38.026+0000] {processor.py:914} INFO - Processing file /home/airflow/.local/lib/python3.12/site-packages/airflow/example_dags/example_dag_decorator.py for tasks to queue
[2025-03-10T20:41:38.030+0000] {logging_mixin.py:190} INFO - [2025-03-10T20:41:38.029+0000] {dagbag.py:588} INFO - Filling up the DagBag from /home/airflow/.local/lib/python3.12/site-packages/airflow/example_dags/example_dag_decorator.py
[2025-03-10T20:41:38.045+0000] {processor.py:925} INFO - DAG(s) 'example_dag_decorator' retrieved from /home/airflow/.local/lib/python3.12/site-packages/airflow/example_dags/example_dag_decorator.py
[2025-03-10T20:41:38.123+0000] {logging_mixin.py:190} INFO - [2025-03-10T20:41:38.123+0000] {dag.py:3239} INFO - Sync 1 DAGs
[2025-03-10T20:41:38.370+0000] {logging_mixin.py:190} INFO - [2025-03-10T20:41:38.370+0000] {dag.py:4180} INFO - Setting next_dagrun for example_dag_decorator to None, run_after=None
[2025-03-10T20:41:38.394+0000] {processor.py:208} INFO - Processing /home/airflow/.local/lib/python3.12/site-packages/airflow/example_dags/example_dag_decorator.py took 0.378 seconds
[2025-03-10T20:42:08.628+0000] {processor.py:186} INFO - Started process (PID=1591) to work on /home/airflow/.local/lib/python3.12/site-packages/airflow/example_dags/example_dag_decorator.py
[2025-03-10T20:42:08.629+0000] {processor.py:914} INFO - Processing file /home/airflow/.local/lib/python3.12/site-packages/airflow/example_dags/example_dag_decorator.py for tasks to queue
[2025-03-10T20:42:08.632+0000] {logging_mixin.py:190} INFO - [2025-03-10T20:42:08.632+0000] {dagbag.py:588} INFO - Filling up the DagBag from /home/airflow/.local/lib/python3.12/site-packages/airflow/example_dags/example_dag_decorator.py
[2025-03-10T20:42:08.646+0000] {processor.py:925} INFO - DAG(s) 'example_dag_decorator' retrieved from /home/airflow/.local/lib/python3.12/site-packages/airflow/example_dags/example_dag_decorator.py
[2025-03-10T20:42:08.726+0000] {logging_mixin.py:190} INFO - [2025-03-10T20:42:08.725+0000] {dag.py:3239} INFO - Sync 1 DAGs
[2025-03-10T20:42:08.742+0000] {logging_mixin.py:190} INFO - [2025-03-10T20:42:08.742+0000] {dag.py:4180} INFO - Setting next_dagrun for example_dag_decorator to None, run_after=None
[2025-03-10T20:42:08.765+0000] {processor.py:208} INFO - Processing /home/airflow/.local/lib/python3.12/site-packages/airflow/example_dags/example_dag_decorator.py took 0.144 seconds
[2025-03-10T20:42:38.896+0000] {processor.py:186} INFO - Started process (PID=1654) to work on /home/airflow/.local/lib/python3.12/site-packages/airflow/example_dags/example_dag_decorator.py
[2025-03-10T20:42:38.897+0000] {processor.py:914} INFO - Processing file /home/airflow/.local/lib/python3.12/site-packages/airflow/example_dags/example_dag_decorator.py for tasks to queue
[2025-03-10T20:42:38.900+0000] {logging_mixin.py:190} INFO - [2025-03-10T20:42:38.900+0000] {dagbag.py:588} INFO - Filling up the DagBag from /home/airflow/.local/lib/python3.12/site-packages/airflow/example_dags/example_dag_decorator.py
[2025-03-10T20:42:38.914+0000] {processor.py:925} INFO - DAG(s) 'example_dag_decorator' retrieved from /home/airflow/.local/lib/python3.12/site-packages/airflow/example_dags/example_dag_decorator.py
[2025-03-10T20:42:39.000+0000] {logging_mixin.py:190} INFO - [2025-03-10T20:42:39.000+0000] {dag.py:3239} INFO - Sync 1 DAGs
[2025-03-10T20:42:39.018+0000] {logging_mixin.py:190} INFO - [2025-03-10T20:42:39.018+0000] {dag.py:4180} INFO - Setting next_dagrun for example_dag_decorator to None, run_after=None
[2025-03-10T20:42:39.041+0000] {processor.py:208} INFO - Processing /home/airflow/.local/lib/python3.12/site-packages/airflow/example_dags/example_dag_decorator.py took 0.152 seconds
[2025-03-10T20:43:09.241+0000] {processor.py:186} INFO - Started process (PID=1717) to work on /home/airflow/.local/lib/python3.12/site-packages/airflow/example_dags/example_dag_decorator.py
[2025-03-10T20:43:09.242+0000] {processor.py:914} INFO - Processing file /home/airflow/.local/lib/python3.12/site-packages/airflow/example_dags/example_dag_decorator.py for tasks to queue
[2025-03-10T20:43:09.246+0000] {logging_mixin.py:190} INFO - [2025-03-10T20:43:09.245+0000] {dagbag.py:588} INFO - Filling up the DagBag from /home/airflow/.local/lib/python3.12/site-packages/airflow/example_dags/example_dag_decorator.py
[2025-03-10T20:43:09.261+0000] {processor.py:925} INFO - DAG(s) 'example_dag_decorator' retrieved from /home/airflow/.local/lib/python3.12/site-packages/airflow/example_dags/example_dag_decorator.py
[2025-03-10T20:43:09.346+0000] {logging_mixin.py:190} INFO - [2025-03-10T20:43:09.346+0000] {dag.py:3239} INFO - Sync 1 DAGs
[2025-03-10T20:43:09.361+0000] {logging_mixin.py:190} INFO - [2025-03-10T20:43:09.361+0000] {dag.py:4180} INFO - Setting next_dagrun for example_dag_decorator to None, run_after=None
[2025-03-10T20:43:09.382+0000] {processor.py:208} INFO - Processing /home/airflow/.local/lib/python3.12/site-packages/airflow/example_dags/example_dag_decorator.py took 0.150 seconds
[2025-03-10T20:43:39.661+0000] {processor.py:186} INFO - Started process (PID=1780) to work on /home/airflow/.local/lib/python3.12/site-packages/airflow/example_dags/example_dag_decorator.py
[2025-03-10T20:43:39.662+0000] {processor.py:914} INFO - Processing file /home/airflow/.local/lib/python3.12/site-packages/airflow/example_dags/example_dag_decorator.py for tasks to queue
[2025-03-10T20:43:39.665+0000] {logging_mixin.py:190} INFO - [2025-03-10T20:43:39.665+0000] {dagbag.py:588} INFO - Filling up the DagBag from /home/airflow/.local/lib/python3.12/site-packages/airflow/example_dags/example_dag_decorator.py
[2025-03-10T20:43:39.680+0000] {processor.py:925} INFO - DAG(s) 'example_dag_decorator' retrieved from /home/airflow/.local/lib/python3.12/site-packages/airflow/example_dags/example_dag_decorator.py
[2025-03-10T20:43:39.994+0000] {logging_mixin.py:190} INFO - [2025-03-10T20:43:39.994+0000] {dag.py:3239} INFO - Sync 1 DAGs
[2025-03-10T20:43:40.010+0000] {logging_mixin.py:190} INFO - [2025-03-10T20:43:40.009+0000] {dag.py:4180} INFO - Setting next_dagrun for example_dag_decorator to None, run_after=None
[2025-03-10T20:43:40.038+0000] {processor.py:208} INFO - Processing /home/airflow/.local/lib/python3.12/site-packages/airflow/example_dags/example_dag_decorator.py took 0.385 seconds
[2025-03-10T20:44:10.532+0000] {processor.py:186} INFO - Started process (PID=1849) to work on /home/airflow/.local/lib/python3.12/site-packages/airflow/example_dags/example_dag_decorator.py
[2025-03-10T20:44:10.533+0000] {processor.py:914} INFO - Processing file /home/airflow/.local/lib/python3.12/site-packages/airflow/example_dags/example_dag_decorator.py for tasks to queue
[2025-03-10T20:44:10.537+0000] {logging_mixin.py:190} INFO - [2025-03-10T20:44:10.536+0000] {dagbag.py:588} INFO - Filling up the DagBag from /home/airflow/.local/lib/python3.12/site-packages/airflow/example_dags/example_dag_decorator.py
[2025-03-10T20:44:10.552+0000] {processor.py:925} INFO - DAG(s) 'example_dag_decorator' retrieved from /home/airflow/.local/lib/python3.12/site-packages/airflow/example_dags/example_dag_decorator.py
[2025-03-10T20:44:10.630+0000] {logging_mixin.py:190} INFO - [2025-03-10T20:44:10.629+0000] {dag.py:3239} INFO - Sync 1 DAGs
[2025-03-10T20:44:10.896+0000] {logging_mixin.py:190} INFO - [2025-03-10T20:44:10.896+0000] {dag.py:4180} INFO - Setting next_dagrun for example_dag_decorator to None, run_after=None
[2025-03-10T20:44:10.919+0000] {processor.py:208} INFO - Processing /home/airflow/.local/lib/python3.12/site-packages/airflow/example_dags/example_dag_decorator.py took 0.396 seconds
[2025-03-10T20:44:41.871+0000] {processor.py:186} INFO - Started process (PID=1912) to work on /home/airflow/.local/lib/python3.12/site-packages/airflow/example_dags/example_dag_decorator.py
[2025-03-10T20:44:41.872+0000] {processor.py:914} INFO - Processing file /home/airflow/.local/lib/python3.12/site-packages/airflow/example_dags/example_dag_decorator.py for tasks to queue
[2025-03-10T20:44:41.874+0000] {logging_mixin.py:190} INFO - [2025-03-10T20:44:41.874+0000] {dagbag.py:588} INFO - Filling up the DagBag from /home/airflow/.local/lib/python3.12/site-packages/airflow/example_dags/example_dag_decorator.py
[2025-03-10T20:44:41.887+0000] {processor.py:925} INFO - DAG(s) 'example_dag_decorator' retrieved from /home/airflow/.local/lib/python3.12/site-packages/airflow/example_dags/example_dag_decorator.py
[2025-03-10T20:44:41.965+0000] {logging_mixin.py:190} INFO - [2025-03-10T20:44:41.965+0000] {dag.py:3239} INFO - Sync 1 DAGs
[2025-03-10T20:44:41.983+0000] {logging_mixin.py:190} INFO - [2025-03-10T20:44:41.983+0000] {dag.py:4180} INFO - Setting next_dagrun for example_dag_decorator to None, run_after=None
[2025-03-10T20:44:42.007+0000] {processor.py:208} INFO - Processing /home/airflow/.local/lib/python3.12/site-packages/airflow/example_dags/example_dag_decorator.py took 0.142 seconds
[2025-03-10T20:45:13.834+0000] {processor.py:186} INFO - Started process (PID=1975) to work on /home/airflow/.local/lib/python3.12/site-packages/airflow/example_dags/example_dag_decorator.py
[2025-03-10T20:45:13.835+0000] {processor.py:914} INFO - Processing file /home/airflow/.local/lib/python3.12/site-packages/airflow/example_dags/example_dag_decorator.py for tasks to queue
[2025-03-10T20:45:13.838+0000] {logging_mixin.py:190} INFO - [2025-03-10T20:45:13.837+0000] {dagbag.py:588} INFO - Filling up the DagBag from /home/airflow/.local/lib/python3.12/site-packages/airflow/example_dags/example_dag_decorator.py
[2025-03-10T20:45:13.852+0000] {processor.py:925} INFO - DAG(s) 'example_dag_decorator' retrieved from /home/airflow/.local/lib/python3.12/site-packages/airflow/example_dags/example_dag_decorator.py
[2025-03-10T20:45:14.175+0000] {logging_mixin.py:190} INFO - [2025-03-10T20:45:14.174+0000] {dag.py:3239} INFO - Sync 1 DAGs
[2025-03-10T20:45:14.187+0000] {logging_mixin.py:190} INFO - [2025-03-10T20:45:14.187+0000] {dag.py:4180} INFO - Setting next_dagrun for example_dag_decorator to None, run_after=None
[2025-03-10T20:45:14.205+0000] {processor.py:208} INFO - Processing /home/airflow/.local/lib/python3.12/site-packages/airflow/example_dags/example_dag_decorator.py took 0.378 seconds
[2025-03-10T20:45:44.310+0000] {processor.py:186} INFO - Started process (PID=2038) to work on /home/airflow/.local/lib/python3.12/site-packages/airflow/example_dags/example_dag_decorator.py
[2025-03-10T20:45:44.311+0000] {processor.py:914} INFO - Processing file /home/airflow/.local/lib/python3.12/site-packages/airflow/example_dags/example_dag_decorator.py for tasks to queue
[2025-03-10T20:45:44.314+0000] {logging_mixin.py:190} INFO - [2025-03-10T20:45:44.313+0000] {dagbag.py:588} INFO - Filling up the DagBag from /home/airflow/.local/lib/python3.12/site-packages/airflow/example_dags/example_dag_decorator.py
[2025-03-10T20:45:44.327+0000] {processor.py:925} INFO - DAG(s) 'example_dag_decorator' retrieved from /home/airflow/.local/lib/python3.12/site-packages/airflow/example_dags/example_dag_decorator.py
[2025-03-10T20:45:44.671+0000] {logging_mixin.py:190} INFO - [2025-03-10T20:45:44.671+0000] {dag.py:3239} INFO - Sync 1 DAGs
[2025-03-10T20:45:44.686+0000] {logging_mixin.py:190} INFO - [2025-03-10T20:45:44.686+0000] {dag.py:4180} INFO - Setting next_dagrun for example_dag_decorator to None, run_after=None
[2025-03-10T20:45:44.708+0000] {processor.py:208} INFO - Processing /home/airflow/.local/lib/python3.12/site-packages/airflow/example_dags/example_dag_decorator.py took 0.405 seconds
[2025-03-10T20:46:15.456+0000] {processor.py:186} INFO - Started process (PID=2101) to work on /home/airflow/.local/lib/python3.12/site-packages/airflow/example_dags/example_dag_decorator.py
[2025-03-10T20:46:15.458+0000] {processor.py:914} INFO - Processing file /home/airflow/.local/lib/python3.12/site-packages/airflow/example_dags/example_dag_decorator.py for tasks to queue
[2025-03-10T20:46:15.461+0000] {logging_mixin.py:190} INFO - [2025-03-10T20:46:15.460+0000] {dagbag.py:588} INFO - Filling up the DagBag from /home/airflow/.local/lib/python3.12/site-packages/airflow/example_dags/example_dag_decorator.py
[2025-03-10T20:46:15.476+0000] {processor.py:925} INFO - DAG(s) 'example_dag_decorator' retrieved from /home/airflow/.local/lib/python3.12/site-packages/airflow/example_dags/example_dag_decorator.py
[2025-03-10T20:46:15.554+0000] {logging_mixin.py:190} INFO - [2025-03-10T20:46:15.554+0000] {dag.py:3239} INFO - Sync 1 DAGs
[2025-03-10T20:46:15.803+0000] {logging_mixin.py:190} INFO - [2025-03-10T20:46:15.803+0000] {dag.py:4180} INFO - Setting next_dagrun for example_dag_decorator to None, run_after=None
[2025-03-10T20:46:15.828+0000] {processor.py:208} INFO - Processing /home/airflow/.local/lib/python3.12/site-packages/airflow/example_dags/example_dag_decorator.py took 0.379 seconds
[2025-03-10T20:46:48.445+0000] {processor.py:186} INFO - Started process (PID=2164) to work on /home/airflow/.local/lib/python3.12/site-packages/airflow/example_dags/example_dag_decorator.py
[2025-03-10T20:46:48.446+0000] {processor.py:914} INFO - Processing file /home/airflow/.local/lib/python3.12/site-packages/airflow/example_dags/example_dag_decorator.py for tasks to queue
[2025-03-10T20:46:48.449+0000] {logging_mixin.py:190} INFO - [2025-03-10T20:46:48.448+0000] {dagbag.py:588} INFO - Filling up the DagBag from /home/airflow/.local/lib/python3.12/site-packages/airflow/example_dags/example_dag_decorator.py
[2025-03-10T20:46:48.461+0000] {processor.py:925} INFO - DAG(s) 'example_dag_decorator' retrieved from /home/airflow/.local/lib/python3.12/site-packages/airflow/example_dags/example_dag_decorator.py
[2025-03-10T20:46:48.760+0000] {logging_mixin.py:190} INFO - [2025-03-10T20:46:48.760+0000] {dag.py:3239} INFO - Sync 1 DAGs
[2025-03-10T20:46:48.776+0000] {logging_mixin.py:190} INFO - [2025-03-10T20:46:48.776+0000] {dag.py:4180} INFO - Setting next_dagrun for example_dag_decorator to None, run_after=None
[2025-03-10T20:46:48.800+0000] {processor.py:208} INFO - Processing /home/airflow/.local/lib/python3.12/site-packages/airflow/example_dags/example_dag_decorator.py took 0.361 seconds
[2025-03-10T20:47:19.069+0000] {processor.py:186} INFO - Started process (PID=2227) to work on /home/airflow/.local/lib/python3.12/site-packages/airflow/example_dags/example_dag_decorator.py
[2025-03-10T20:47:19.069+0000] {processor.py:914} INFO - Processing file /home/airflow/.local/lib/python3.12/site-packages/airflow/example_dags/example_dag_decorator.py for tasks to queue
[2025-03-10T20:47:19.072+0000] {logging_mixin.py:190} INFO - [2025-03-10T20:47:19.072+0000] {dagbag.py:588} INFO - Filling up the DagBag from /home/airflow/.local/lib/python3.12/site-packages/airflow/example_dags/example_dag_decorator.py
[2025-03-10T20:47:19.084+0000] {processor.py:925} INFO - DAG(s) 'example_dag_decorator' retrieved from /home/airflow/.local/lib/python3.12/site-packages/airflow/example_dags/example_dag_decorator.py
[2025-03-10T20:47:19.158+0000] {logging_mixin.py:190} INFO - [2025-03-10T20:47:19.158+0000] {dag.py:3239} INFO - Sync 1 DAGs
[2025-03-10T20:47:19.173+0000] {logging_mixin.py:190} INFO - [2025-03-10T20:47:19.173+0000] {dag.py:4180} INFO - Setting next_dagrun for example_dag_decorator to None, run_after=None
[2025-03-10T20:47:19.193+0000] {processor.py:208} INFO - Processing /home/airflow/.local/lib/python3.12/site-packages/airflow/example_dags/example_dag_decorator.py took 0.132 seconds
[2025-03-10T20:47:49.603+0000] {processor.py:186} INFO - Started process (PID=2290) to work on /home/airflow/.local/lib/python3.12/site-packages/airflow/example_dags/example_dag_decorator.py
[2025-03-10T20:47:49.604+0000] {processor.py:914} INFO - Processing file /home/airflow/.local/lib/python3.12/site-packages/airflow/example_dags/example_dag_decorator.py for tasks to queue
[2025-03-10T20:47:49.607+0000] {logging_mixin.py:190} INFO - [2025-03-10T20:47:49.606+0000] {dagbag.py:588} INFO - Filling up the DagBag from /home/airflow/.local/lib/python3.12/site-packages/airflow/example_dags/example_dag_decorator.py
[2025-03-10T20:47:49.621+0000] {processor.py:925} INFO - DAG(s) 'example_dag_decorator' retrieved from /home/airflow/.local/lib/python3.12/site-packages/airflow/example_dags/example_dag_decorator.py
[2025-03-10T20:47:49.706+0000] {logging_mixin.py:190} INFO - [2025-03-10T20:47:49.706+0000] {dag.py:3239} INFO - Sync 1 DAGs
[2025-03-10T20:47:49.724+0000] {logging_mixin.py:190} INFO - [2025-03-10T20:47:49.723+0000] {dag.py:4180} INFO - Setting next_dagrun for example_dag_decorator to None, run_after=None
[2025-03-10T20:47:49.748+0000] {processor.py:208} INFO - Processing /home/airflow/.local/lib/python3.12/site-packages/airflow/example_dags/example_dag_decorator.py took 0.154 seconds
[2025-03-10T20:48:20.031+0000] {processor.py:186} INFO - Started process (PID=2353) to work on /home/airflow/.local/lib/python3.12/site-packages/airflow/example_dags/example_dag_decorator.py
[2025-03-10T20:48:20.032+0000] {processor.py:914} INFO - Processing file /home/airflow/.local/lib/python3.12/site-packages/airflow/example_dags/example_dag_decorator.py for tasks to queue
[2025-03-10T20:48:20.035+0000] {logging_mixin.py:190} INFO - [2025-03-10T20:48:20.035+0000] {dagbag.py:588} INFO - Filling up the DagBag from /home/airflow/.local/lib/python3.12/site-packages/airflow/example_dags/example_dag_decorator.py
[2025-03-10T20:48:20.048+0000] {processor.py:925} INFO - DAG(s) 'example_dag_decorator' retrieved from /home/airflow/.local/lib/python3.12/site-packages/airflow/example_dags/example_dag_decorator.py
[2025-03-10T20:48:20.132+0000] {logging_mixin.py:190} INFO - [2025-03-10T20:48:20.132+0000] {dag.py:3239} INFO - Sync 1 DAGs
[2025-03-10T20:48:20.150+0000] {logging_mixin.py:190} INFO - [2025-03-10T20:48:20.150+0000] {dag.py:4180} INFO - Setting next_dagrun for example_dag_decorator to None, run_after=None
[2025-03-10T20:48:20.174+0000] {processor.py:208} INFO - Processing /home/airflow/.local/lib/python3.12/site-packages/airflow/example_dags/example_dag_decorator.py took 0.152 seconds
[2025-03-10T20:48:50.721+0000] {processor.py:186} INFO - Started process (PID=2416) to work on /home/airflow/.local/lib/python3.12/site-packages/airflow/example_dags/example_dag_decorator.py
[2025-03-10T20:48:50.722+0000] {processor.py:914} INFO - Processing file /home/airflow/.local/lib/python3.12/site-packages/airflow/example_dags/example_dag_decorator.py for tasks to queue
[2025-03-10T20:48:50.725+0000] {logging_mixin.py:190} INFO - [2025-03-10T20:48:50.724+0000] {dagbag.py:588} INFO - Filling up the DagBag from /home/airflow/.local/lib/python3.12/site-packages/airflow/example_dags/example_dag_decorator.py
[2025-03-10T20:48:50.739+0000] {processor.py:925} INFO - DAG(s) 'example_dag_decorator' retrieved from /home/airflow/.local/lib/python3.12/site-packages/airflow/example_dags/example_dag_decorator.py
[2025-03-10T20:48:50.819+0000] {logging_mixin.py:190} INFO - [2025-03-10T20:48:50.819+0000] {dag.py:3239} INFO - Sync 1 DAGs
[2025-03-10T20:48:50.838+0000] {logging_mixin.py:190} INFO - [2025-03-10T20:48:50.838+0000] {dag.py:4180} INFO - Setting next_dagrun for example_dag_decorator to None, run_after=None
[2025-03-10T20:48:50.859+0000] {processor.py:208} INFO - Processing /home/airflow/.local/lib/python3.12/site-packages/airflow/example_dags/example_dag_decorator.py took 0.148 seconds
[2025-03-10T20:49:21.162+0000] {processor.py:186} INFO - Started process (PID=2479) to work on /home/airflow/.local/lib/python3.12/site-packages/airflow/example_dags/example_dag_decorator.py
[2025-03-10T20:49:21.163+0000] {processor.py:914} INFO - Processing file /home/airflow/.local/lib/python3.12/site-packages/airflow/example_dags/example_dag_decorator.py for tasks to queue
[2025-03-10T20:49:21.165+0000] {logging_mixin.py:190} INFO - [2025-03-10T20:49:21.165+0000] {dagbag.py:588} INFO - Filling up the DagBag from /home/airflow/.local/lib/python3.12/site-packages/airflow/example_dags/example_dag_decorator.py
[2025-03-10T20:49:21.177+0000] {processor.py:925} INFO - DAG(s) 'example_dag_decorator' retrieved from /home/airflow/.local/lib/python3.12/site-packages/airflow/example_dags/example_dag_decorator.py
[2025-03-10T20:49:21.258+0000] {logging_mixin.py:190} INFO - [2025-03-10T20:49:21.258+0000] {dag.py:3239} INFO - Sync 1 DAGs
[2025-03-10T20:49:21.275+0000] {logging_mixin.py:190} INFO - [2025-03-10T20:49:21.275+0000] {dag.py:4180} INFO - Setting next_dagrun for example_dag_decorator to None, run_after=None
[2025-03-10T20:49:21.299+0000] {processor.py:208} INFO - Processing /home/airflow/.local/lib/python3.12/site-packages/airflow/example_dags/example_dag_decorator.py took 0.144 seconds
[2025-03-10T20:49:51.678+0000] {processor.py:186} INFO - Started process (PID=2542) to work on /home/airflow/.local/lib/python3.12/site-packages/airflow/example_dags/example_dag_decorator.py
[2025-03-10T20:49:51.679+0000] {processor.py:914} INFO - Processing file /home/airflow/.local/lib/python3.12/site-packages/airflow/example_dags/example_dag_decorator.py for tasks to queue
[2025-03-10T20:49:51.681+0000] {logging_mixin.py:190} INFO - [2025-03-10T20:49:51.681+0000] {dagbag.py:588} INFO - Filling up the DagBag from /home/airflow/.local/lib/python3.12/site-packages/airflow/example_dags/example_dag_decorator.py
[2025-03-10T20:49:51.694+0000] {processor.py:925} INFO - DAG(s) 'example_dag_decorator' retrieved from /home/airflow/.local/lib/python3.12/site-packages/airflow/example_dags/example_dag_decorator.py
[2025-03-10T20:49:51.774+0000] {logging_mixin.py:190} INFO - [2025-03-10T20:49:51.774+0000] {dag.py:3239} INFO - Sync 1 DAGs
[2025-03-10T20:49:51.789+0000] {logging_mixin.py:190} INFO - [2025-03-10T20:49:51.789+0000] {dag.py:4180} INFO - Setting next_dagrun for example_dag_decorator to None, run_after=None
[2025-03-10T20:49:51.808+0000] {processor.py:208} INFO - Processing /home/airflow/.local/lib/python3.12/site-packages/airflow/example_dags/example_dag_decorator.py took 0.138 seconds
[2025-03-10T20:50:22.257+0000] {processor.py:186} INFO - Started process (PID=2605) to work on /home/airflow/.local/lib/python3.12/site-packages/airflow/example_dags/example_dag_decorator.py
[2025-03-10T20:50:22.258+0000] {processor.py:914} INFO - Processing file /home/airflow/.local/lib/python3.12/site-packages/airflow/example_dags/example_dag_decorator.py for tasks to queue
[2025-03-10T20:50:22.262+0000] {logging_mixin.py:190} INFO - [2025-03-10T20:50:22.262+0000] {dagbag.py:588} INFO - Filling up the DagBag from /home/airflow/.local/lib/python3.12/site-packages/airflow/example_dags/example_dag_decorator.py
[2025-03-10T20:50:22.276+0000] {processor.py:925} INFO - DAG(s) 'example_dag_decorator' retrieved from /home/airflow/.local/lib/python3.12/site-packages/airflow/example_dags/example_dag_decorator.py
[2025-03-10T20:50:22.360+0000] {logging_mixin.py:190} INFO - [2025-03-10T20:50:22.360+0000] {dag.py:3239} INFO - Sync 1 DAGs
[2025-03-10T20:50:22.379+0000] {logging_mixin.py:190} INFO - [2025-03-10T20:50:22.379+0000] {dag.py:4180} INFO - Setting next_dagrun for example_dag_decorator to None, run_after=None
[2025-03-10T20:50:22.403+0000] {processor.py:208} INFO - Processing /home/airflow/.local/lib/python3.12/site-packages/airflow/example_dags/example_dag_decorator.py took 0.155 seconds
[2025-03-10T23:10:28.195+0000] {processor.py:186} INFO - Started process (PID=138) to work on /home/airflow/.local/lib/python3.12/site-packages/airflow/example_dags/example_dag_decorator.py
[2025-03-10T23:10:28.200+0000] {processor.py:914} INFO - Processing file /home/airflow/.local/lib/python3.12/site-packages/airflow/example_dags/example_dag_decorator.py for tasks to queue
[2025-03-10T23:10:28.209+0000] {logging_mixin.py:190} INFO - [2025-03-10T23:10:28.207+0000] {dagbag.py:588} INFO - Filling up the DagBag from /home/airflow/.local/lib/python3.12/site-packages/airflow/example_dags/example_dag_decorator.py
[2025-03-10T23:10:28.303+0000] {processor.py:925} INFO - DAG(s) 'example_dag_decorator' retrieved from /home/airflow/.local/lib/python3.12/site-packages/airflow/example_dags/example_dag_decorator.py
[2025-03-10T23:10:28.773+0000] {logging_mixin.py:190} INFO - [2025-03-10T23:10:28.772+0000] {dag.py:3239} INFO - Sync 1 DAGs
[2025-03-10T23:10:28.850+0000] {logging_mixin.py:190} INFO - [2025-03-10T23:10:28.849+0000] {dag.py:4180} INFO - Setting next_dagrun for example_dag_decorator to None, run_after=None
[2025-03-10T23:10:28.940+0000] {processor.py:208} INFO - Processing /home/airflow/.local/lib/python3.12/site-packages/airflow/example_dags/example_dag_decorator.py took 0.782 seconds
[2025-03-10T23:13:33.061+0000] {processor.py:186} INFO - Started process (PID=248) to work on /home/airflow/.local/lib/python3.12/site-packages/airflow/example_dags/example_dag_decorator.py
[2025-03-10T23:13:33.065+0000] {processor.py:914} INFO - Processing file /home/airflow/.local/lib/python3.12/site-packages/airflow/example_dags/example_dag_decorator.py for tasks to queue
[2025-03-10T23:13:33.072+0000] {logging_mixin.py:190} INFO - [2025-03-10T23:13:33.070+0000] {dagbag.py:588} INFO - Filling up the DagBag from /home/airflow/.local/lib/python3.12/site-packages/airflow/example_dags/example_dag_decorator.py
[2025-03-10T23:13:33.137+0000] {processor.py:925} INFO - DAG(s) 'example_dag_decorator' retrieved from /home/airflow/.local/lib/python3.12/site-packages/airflow/example_dags/example_dag_decorator.py
[2025-03-10T23:13:33.293+0000] {logging_mixin.py:190} INFO - [2025-03-10T23:13:33.292+0000] {dag.py:3239} INFO - Sync 1 DAGs
[2025-03-10T23:13:33.377+0000] {logging_mixin.py:190} INFO - [2025-03-10T23:13:33.376+0000] {dag.py:4180} INFO - Setting next_dagrun for example_dag_decorator to None, run_after=None
[2025-03-10T23:13:33.455+0000] {processor.py:208} INFO - Processing /home/airflow/.local/lib/python3.12/site-packages/airflow/example_dags/example_dag_decorator.py took 0.429 seconds
[2025-03-10T23:15:08.200+0000] {processor.py:186} INFO - Started process (PID=326) to work on /home/airflow/.local/lib/python3.12/site-packages/airflow/example_dags/example_dag_decorator.py
[2025-03-10T23:15:08.202+0000] {processor.py:914} INFO - Processing file /home/airflow/.local/lib/python3.12/site-packages/airflow/example_dags/example_dag_decorator.py for tasks to queue
[2025-03-10T23:15:08.204+0000] {logging_mixin.py:190} INFO - [2025-03-10T23:15:08.203+0000] {dagbag.py:588} INFO - Filling up the DagBag from /home/airflow/.local/lib/python3.12/site-packages/airflow/example_dags/example_dag_decorator.py
[2025-03-10T23:15:08.224+0000] {processor.py:925} INFO - DAG(s) 'example_dag_decorator' retrieved from /home/airflow/.local/lib/python3.12/site-packages/airflow/example_dags/example_dag_decorator.py
[2025-03-10T23:15:08.317+0000] {logging_mixin.py:190} INFO - [2025-03-10T23:15:08.317+0000] {dag.py:3239} INFO - Sync 1 DAGs
[2025-03-10T23:15:08.335+0000] {logging_mixin.py:190} INFO - [2025-03-10T23:15:08.335+0000] {dag.py:4180} INFO - Setting next_dagrun for example_dag_decorator to None, run_after=None
[2025-03-10T23:15:08.356+0000] {processor.py:208} INFO - Processing /home/airflow/.local/lib/python3.12/site-packages/airflow/example_dags/example_dag_decorator.py took 0.168 seconds
[2025-03-10T23:15:40.171+0000] {processor.py:186} INFO - Started process (PID=389) to work on /home/airflow/.local/lib/python3.12/site-packages/airflow/example_dags/example_dag_decorator.py
[2025-03-10T23:15:40.175+0000] {processor.py:914} INFO - Processing file /home/airflow/.local/lib/python3.12/site-packages/airflow/example_dags/example_dag_decorator.py for tasks to queue
[2025-03-10T23:15:40.181+0000] {logging_mixin.py:190} INFO - [2025-03-10T23:15:40.179+0000] {dagbag.py:588} INFO - Filling up the DagBag from /home/airflow/.local/lib/python3.12/site-packages/airflow/example_dags/example_dag_decorator.py
[2025-03-10T23:15:40.232+0000] {processor.py:925} INFO - DAG(s) 'example_dag_decorator' retrieved from /home/airflow/.local/lib/python3.12/site-packages/airflow/example_dags/example_dag_decorator.py
[2025-03-10T23:15:40.549+0000] {logging_mixin.py:190} INFO - [2025-03-10T23:15:40.548+0000] {dag.py:3239} INFO - Sync 1 DAGs
[2025-03-10T23:15:40.611+0000] {logging_mixin.py:190} INFO - [2025-03-10T23:15:40.610+0000] {dag.py:4180} INFO - Setting next_dagrun for example_dag_decorator to None, run_after=None
[2025-03-10T23:15:40.685+0000] {processor.py:208} INFO - Processing /home/airflow/.local/lib/python3.12/site-packages/airflow/example_dags/example_dag_decorator.py took 0.547 seconds
[2025-03-10T23:16:13.265+0000] {processor.py:186} INFO - Started process (PID=452) to work on /home/airflow/.local/lib/python3.12/site-packages/airflow/example_dags/example_dag_decorator.py
[2025-03-10T23:16:13.271+0000] {processor.py:914} INFO - Processing file /home/airflow/.local/lib/python3.12/site-packages/airflow/example_dags/example_dag_decorator.py for tasks to queue
[2025-03-10T23:16:13.281+0000] {logging_mixin.py:190} INFO - [2025-03-10T23:16:13.279+0000] {dagbag.py:588} INFO - Filling up the DagBag from /home/airflow/.local/lib/python3.12/site-packages/airflow/example_dags/example_dag_decorator.py
[2025-03-10T23:16:13.359+0000] {processor.py:925} INFO - DAG(s) 'example_dag_decorator' retrieved from /home/airflow/.local/lib/python3.12/site-packages/airflow/example_dags/example_dag_decorator.py
[2025-03-10T23:16:13.857+0000] {logging_mixin.py:190} INFO - [2025-03-10T23:16:13.856+0000] {dag.py:3239} INFO - Sync 1 DAGs
[2025-03-10T23:16:14.025+0000] {logging_mixin.py:190} INFO - [2025-03-10T23:16:14.023+0000] {dag.py:4180} INFO - Setting next_dagrun for example_dag_decorator to None, run_after=None
[2025-03-10T23:16:14.164+0000] {processor.py:208} INFO - Processing /home/airflow/.local/lib/python3.12/site-packages/airflow/example_dags/example_dag_decorator.py took 0.947 seconds
[2025-03-10T23:16:44.314+0000] {processor.py:186} INFO - Started process (PID=515) to work on /home/airflow/.local/lib/python3.12/site-packages/airflow/example_dags/example_dag_decorator.py
[2025-03-10T23:16:44.318+0000] {processor.py:914} INFO - Processing file /home/airflow/.local/lib/python3.12/site-packages/airflow/example_dags/example_dag_decorator.py for tasks to queue
[2025-03-10T23:16:44.322+0000] {logging_mixin.py:190} INFO - [2025-03-10T23:16:44.321+0000] {dagbag.py:588} INFO - Filling up the DagBag from /home/airflow/.local/lib/python3.12/site-packages/airflow/example_dags/example_dag_decorator.py
[2025-03-10T23:16:44.382+0000] {processor.py:925} INFO - DAG(s) 'example_dag_decorator' retrieved from /home/airflow/.local/lib/python3.12/site-packages/airflow/example_dags/example_dag_decorator.py
[2025-03-10T23:16:44.667+0000] {logging_mixin.py:190} INFO - [2025-03-10T23:16:44.666+0000] {dag.py:3239} INFO - Sync 1 DAGs
[2025-03-10T23:16:44.724+0000] {logging_mixin.py:190} INFO - [2025-03-10T23:16:44.723+0000] {dag.py:4180} INFO - Setting next_dagrun for example_dag_decorator to None, run_after=None
[2025-03-10T23:16:44.793+0000] {processor.py:208} INFO - Processing /home/airflow/.local/lib/python3.12/site-packages/airflow/example_dags/example_dag_decorator.py took 0.507 seconds
[2025-03-10T23:17:14.892+0000] {processor.py:186} INFO - Started process (PID=578) to work on /home/airflow/.local/lib/python3.12/site-packages/airflow/example_dags/example_dag_decorator.py
[2025-03-10T23:17:14.892+0000] {processor.py:914} INFO - Processing file /home/airflow/.local/lib/python3.12/site-packages/airflow/example_dags/example_dag_decorator.py for tasks to queue
[2025-03-10T23:17:14.894+0000] {logging_mixin.py:190} INFO - [2025-03-10T23:17:14.893+0000] {dagbag.py:588} INFO - Filling up the DagBag from /home/airflow/.local/lib/python3.12/site-packages/airflow/example_dags/example_dag_decorator.py
[2025-03-10T23:17:14.907+0000] {processor.py:925} INFO - DAG(s) 'example_dag_decorator' retrieved from /home/airflow/.local/lib/python3.12/site-packages/airflow/example_dags/example_dag_decorator.py
[2025-03-10T23:17:14.981+0000] {logging_mixin.py:190} INFO - [2025-03-10T23:17:14.981+0000] {dag.py:3239} INFO - Sync 1 DAGs
[2025-03-10T23:17:14.997+0000] {logging_mixin.py:190} INFO - [2025-03-10T23:17:14.997+0000] {dag.py:4180} INFO - Setting next_dagrun for example_dag_decorator to None, run_after=None
[2025-03-10T23:17:15.017+0000] {processor.py:208} INFO - Processing /home/airflow/.local/lib/python3.12/site-packages/airflow/example_dags/example_dag_decorator.py took 0.132 seconds
[2025-03-10T23:17:45.076+0000] {processor.py:186} INFO - Started process (PID=640) to work on /home/airflow/.local/lib/python3.12/site-packages/airflow/example_dags/example_dag_decorator.py
[2025-03-10T23:17:45.077+0000] {processor.py:914} INFO - Processing file /home/airflow/.local/lib/python3.12/site-packages/airflow/example_dags/example_dag_decorator.py for tasks to queue
[2025-03-10T23:17:45.078+0000] {logging_mixin.py:190} INFO - [2025-03-10T23:17:45.078+0000] {dagbag.py:588} INFO - Filling up the DagBag from /home/airflow/.local/lib/python3.12/site-packages/airflow/example_dags/example_dag_decorator.py
[2025-03-10T23:17:45.091+0000] {processor.py:925} INFO - DAG(s) 'example_dag_decorator' retrieved from /home/airflow/.local/lib/python3.12/site-packages/airflow/example_dags/example_dag_decorator.py
[2025-03-10T23:17:45.175+0000] {logging_mixin.py:190} INFO - [2025-03-10T23:17:45.174+0000] {dag.py:3239} INFO - Sync 1 DAGs
[2025-03-10T23:17:45.195+0000] {logging_mixin.py:190} INFO - [2025-03-10T23:17:45.194+0000] {dag.py:4180} INFO - Setting next_dagrun for example_dag_decorator to None, run_after=None
[2025-03-10T23:17:45.219+0000] {processor.py:208} INFO - Processing /home/airflow/.local/lib/python3.12/site-packages/airflow/example_dags/example_dag_decorator.py took 0.150 seconds
[2025-03-10T23:18:16.135+0000] {processor.py:186} INFO - Started process (PID=704) to work on /home/airflow/.local/lib/python3.12/site-packages/airflow/example_dags/example_dag_decorator.py
[2025-03-10T23:18:16.136+0000] {processor.py:914} INFO - Processing file /home/airflow/.local/lib/python3.12/site-packages/airflow/example_dags/example_dag_decorator.py for tasks to queue
[2025-03-10T23:18:16.138+0000] {logging_mixin.py:190} INFO - [2025-03-10T23:18:16.137+0000] {dagbag.py:588} INFO - Filling up the DagBag from /home/airflow/.local/lib/python3.12/site-packages/airflow/example_dags/example_dag_decorator.py
[2025-03-10T23:18:16.153+0000] {processor.py:925} INFO - DAG(s) 'example_dag_decorator' retrieved from /home/airflow/.local/lib/python3.12/site-packages/airflow/example_dags/example_dag_decorator.py
[2025-03-10T23:18:16.230+0000] {logging_mixin.py:190} INFO - [2025-03-10T23:18:16.229+0000] {dag.py:3239} INFO - Sync 1 DAGs
[2025-03-10T23:18:16.245+0000] {logging_mixin.py:190} INFO - [2025-03-10T23:18:16.245+0000] {dag.py:4180} INFO - Setting next_dagrun for example_dag_decorator to None, run_after=None
[2025-03-10T23:18:16.265+0000] {processor.py:208} INFO - Processing /home/airflow/.local/lib/python3.12/site-packages/airflow/example_dags/example_dag_decorator.py took 0.138 seconds
[2025-03-10T23:18:46.348+0000] {processor.py:186} INFO - Started process (PID=766) to work on /home/airflow/.local/lib/python3.12/site-packages/airflow/example_dags/example_dag_decorator.py
[2025-03-10T23:18:46.349+0000] {processor.py:914} INFO - Processing file /home/airflow/.local/lib/python3.12/site-packages/airflow/example_dags/example_dag_decorator.py for tasks to queue
[2025-03-10T23:18:46.351+0000] {logging_mixin.py:190} INFO - [2025-03-10T23:18:46.350+0000] {dagbag.py:588} INFO - Filling up the DagBag from /home/airflow/.local/lib/python3.12/site-packages/airflow/example_dags/example_dag_decorator.py
[2025-03-10T23:18:46.365+0000] {processor.py:925} INFO - DAG(s) 'example_dag_decorator' retrieved from /home/airflow/.local/lib/python3.12/site-packages/airflow/example_dags/example_dag_decorator.py
[2025-03-10T23:18:46.452+0000] {logging_mixin.py:190} INFO - [2025-03-10T23:18:46.451+0000] {dag.py:3239} INFO - Sync 1 DAGs
[2025-03-10T23:18:46.472+0000] {logging_mixin.py:190} INFO - [2025-03-10T23:18:46.471+0000] {dag.py:4180} INFO - Setting next_dagrun for example_dag_decorator to None, run_after=None
[2025-03-10T23:18:46.497+0000] {processor.py:208} INFO - Processing /home/airflow/.local/lib/python3.12/site-packages/airflow/example_dags/example_dag_decorator.py took 0.157 seconds
[2025-03-10T23:19:16.693+0000] {processor.py:186} INFO - Started process (PID=829) to work on /home/airflow/.local/lib/python3.12/site-packages/airflow/example_dags/example_dag_decorator.py
[2025-03-10T23:19:16.694+0000] {processor.py:914} INFO - Processing file /home/airflow/.local/lib/python3.12/site-packages/airflow/example_dags/example_dag_decorator.py for tasks to queue
[2025-03-10T23:19:16.695+0000] {logging_mixin.py:190} INFO - [2025-03-10T23:19:16.695+0000] {dagbag.py:588} INFO - Filling up the DagBag from /home/airflow/.local/lib/python3.12/site-packages/airflow/example_dags/example_dag_decorator.py
[2025-03-10T23:19:16.710+0000] {processor.py:925} INFO - DAG(s) 'example_dag_decorator' retrieved from /home/airflow/.local/lib/python3.12/site-packages/airflow/example_dags/example_dag_decorator.py
[2025-03-10T23:19:16.796+0000] {logging_mixin.py:190} INFO - [2025-03-10T23:19:16.796+0000] {dag.py:3239} INFO - Sync 1 DAGs
[2025-03-10T23:19:16.818+0000] {logging_mixin.py:190} INFO - [2025-03-10T23:19:16.818+0000] {dag.py:4180} INFO - Setting next_dagrun for example_dag_decorator to None, run_after=None
[2025-03-10T23:19:16.848+0000] {processor.py:208} INFO - Processing /home/airflow/.local/lib/python3.12/site-packages/airflow/example_dags/example_dag_decorator.py took 0.164 seconds
[2025-03-10T23:27:17.752+0000] {processor.py:186} INFO - Started process (PID=131) to work on /home/airflow/.local/lib/python3.12/site-packages/airflow/example_dags/example_dag_decorator.py
[2025-03-10T23:27:17.756+0000] {processor.py:914} INFO - Processing file /home/airflow/.local/lib/python3.12/site-packages/airflow/example_dags/example_dag_decorator.py for tasks to queue
[2025-03-10T23:27:17.771+0000] {logging_mixin.py:190} INFO - [2025-03-10T23:27:17.770+0000] {dagbag.py:588} INFO - Filling up the DagBag from /home/airflow/.local/lib/python3.12/site-packages/airflow/example_dags/example_dag_decorator.py
[2025-03-10T23:27:17.831+0000] {processor.py:925} INFO - DAG(s) 'example_dag_decorator' retrieved from /home/airflow/.local/lib/python3.12/site-packages/airflow/example_dags/example_dag_decorator.py
[2025-03-10T23:27:18.178+0000] {logging_mixin.py:190} INFO - [2025-03-10T23:27:18.178+0000] {dag.py:3239} INFO - Sync 1 DAGs
[2025-03-10T23:27:18.206+0000] {logging_mixin.py:190} INFO - [2025-03-10T23:27:18.206+0000] {dag.py:4180} INFO - Setting next_dagrun for example_dag_decorator to None, run_after=None
[2025-03-10T23:27:18.244+0000] {processor.py:208} INFO - Processing /home/airflow/.local/lib/python3.12/site-packages/airflow/example_dags/example_dag_decorator.py took 0.521 seconds
[2025-03-10T23:27:49.248+0000] {processor.py:186} INFO - Started process (PID=194) to work on /home/airflow/.local/lib/python3.12/site-packages/airflow/example_dags/example_dag_decorator.py
[2025-03-10T23:27:49.249+0000] {processor.py:914} INFO - Processing file /home/airflow/.local/lib/python3.12/site-packages/airflow/example_dags/example_dag_decorator.py for tasks to queue
[2025-03-10T23:27:49.252+0000] {logging_mixin.py:190} INFO - [2025-03-10T23:27:49.252+0000] {dagbag.py:588} INFO - Filling up the DagBag from /home/airflow/.local/lib/python3.12/site-packages/airflow/example_dags/example_dag_decorator.py
[2025-03-10T23:27:49.268+0000] {processor.py:925} INFO - DAG(s) 'example_dag_decorator' retrieved from /home/airflow/.local/lib/python3.12/site-packages/airflow/example_dags/example_dag_decorator.py
[2025-03-10T23:27:49.295+0000] {logging_mixin.py:190} INFO - [2025-03-10T23:27:49.295+0000] {dag.py:3239} INFO - Sync 1 DAGs
[2025-03-10T23:27:49.312+0000] {logging_mixin.py:190} INFO - [2025-03-10T23:27:49.311+0000] {dag.py:4180} INFO - Setting next_dagrun for example_dag_decorator to None, run_after=None
[2025-03-10T23:27:49.335+0000] {processor.py:208} INFO - Processing /home/airflow/.local/lib/python3.12/site-packages/airflow/example_dags/example_dag_decorator.py took 0.096 seconds
[2025-03-10T23:28:19.914+0000] {processor.py:186} INFO - Started process (PID=257) to work on /home/airflow/.local/lib/python3.12/site-packages/airflow/example_dags/example_dag_decorator.py
[2025-03-10T23:28:19.915+0000] {processor.py:914} INFO - Processing file /home/airflow/.local/lib/python3.12/site-packages/airflow/example_dags/example_dag_decorator.py for tasks to queue
[2025-03-10T23:28:19.918+0000] {logging_mixin.py:190} INFO - [2025-03-10T23:28:19.918+0000] {dagbag.py:588} INFO - Filling up the DagBag from /home/airflow/.local/lib/python3.12/site-packages/airflow/example_dags/example_dag_decorator.py
[2025-03-10T23:28:19.932+0000] {processor.py:925} INFO - DAG(s) 'example_dag_decorator' retrieved from /home/airflow/.local/lib/python3.12/site-packages/airflow/example_dags/example_dag_decorator.py
[2025-03-10T23:28:19.961+0000] {logging_mixin.py:190} INFO - [2025-03-10T23:28:19.961+0000] {dag.py:3239} INFO - Sync 1 DAGs
[2025-03-10T23:28:19.978+0000] {logging_mixin.py:190} INFO - [2025-03-10T23:28:19.977+0000] {dag.py:4180} INFO - Setting next_dagrun for example_dag_decorator to None, run_after=None
[2025-03-10T23:28:19.999+0000] {processor.py:208} INFO - Processing /home/airflow/.local/lib/python3.12/site-packages/airflow/example_dags/example_dag_decorator.py took 0.094 seconds
[2025-03-10T23:28:50.532+0000] {processor.py:186} INFO - Started process (PID=320) to work on /home/airflow/.local/lib/python3.12/site-packages/airflow/example_dags/example_dag_decorator.py
[2025-03-10T23:28:50.533+0000] {processor.py:914} INFO - Processing file /home/airflow/.local/lib/python3.12/site-packages/airflow/example_dags/example_dag_decorator.py for tasks to queue
[2025-03-10T23:28:50.537+0000] {logging_mixin.py:190} INFO - [2025-03-10T23:28:50.536+0000] {dagbag.py:588} INFO - Filling up the DagBag from /home/airflow/.local/lib/python3.12/site-packages/airflow/example_dags/example_dag_decorator.py
[2025-03-10T23:28:50.552+0000] {processor.py:925} INFO - DAG(s) 'example_dag_decorator' retrieved from /home/airflow/.local/lib/python3.12/site-packages/airflow/example_dags/example_dag_decorator.py
[2025-03-10T23:28:50.632+0000] {logging_mixin.py:190} INFO - [2025-03-10T23:28:50.632+0000] {dag.py:3239} INFO - Sync 1 DAGs
[2025-03-10T23:28:50.648+0000] {logging_mixin.py:190} INFO - [2025-03-10T23:28:50.648+0000] {dag.py:4180} INFO - Setting next_dagrun for example_dag_decorator to None, run_after=None
[2025-03-10T23:28:50.669+0000] {processor.py:208} INFO - Processing /home/airflow/.local/lib/python3.12/site-packages/airflow/example_dags/example_dag_decorator.py took 0.146 seconds
[2025-03-10T23:29:20.884+0000] {processor.py:186} INFO - Started process (PID=383) to work on /home/airflow/.local/lib/python3.12/site-packages/airflow/example_dags/example_dag_decorator.py
[2025-03-10T23:29:20.885+0000] {processor.py:914} INFO - Processing file /home/airflow/.local/lib/python3.12/site-packages/airflow/example_dags/example_dag_decorator.py for tasks to queue
[2025-03-10T23:29:20.888+0000] {logging_mixin.py:190} INFO - [2025-03-10T23:29:20.888+0000] {dagbag.py:588} INFO - Filling up the DagBag from /home/airflow/.local/lib/python3.12/site-packages/airflow/example_dags/example_dag_decorator.py
[2025-03-10T23:29:20.902+0000] {processor.py:925} INFO - DAG(s) 'example_dag_decorator' retrieved from /home/airflow/.local/lib/python3.12/site-packages/airflow/example_dags/example_dag_decorator.py
[2025-03-10T23:29:20.985+0000] {logging_mixin.py:190} INFO - [2025-03-10T23:29:20.984+0000] {dag.py:3239} INFO - Sync 1 DAGs
[2025-03-10T23:29:21.000+0000] {logging_mixin.py:190} INFO - [2025-03-10T23:29:20.999+0000] {dag.py:4180} INFO - Setting next_dagrun for example_dag_decorator to None, run_after=None
[2025-03-10T23:29:21.020+0000] {processor.py:208} INFO - Processing /home/airflow/.local/lib/python3.12/site-packages/airflow/example_dags/example_dag_decorator.py took 0.145 seconds
[2025-03-10T23:35:32.559+0000] {processor.py:186} INFO - Started process (PID=151) to work on /home/airflow/.local/lib/python3.12/site-packages/airflow/example_dags/example_dag_decorator.py
[2025-03-10T23:35:32.562+0000] {processor.py:914} INFO - Processing file /home/airflow/.local/lib/python3.12/site-packages/airflow/example_dags/example_dag_decorator.py for tasks to queue
[2025-03-10T23:35:32.572+0000] {logging_mixin.py:190} INFO - [2025-03-10T23:35:32.571+0000] {dagbag.py:588} INFO - Filling up the DagBag from /home/airflow/.local/lib/python3.12/site-packages/airflow/example_dags/example_dag_decorator.py
[2025-03-10T23:35:32.621+0000] {processor.py:925} INFO - DAG(s) 'example_dag_decorator' retrieved from /home/airflow/.local/lib/python3.12/site-packages/airflow/example_dags/example_dag_decorator.py
[2025-03-10T23:35:32.975+0000] {logging_mixin.py:190} INFO - [2025-03-10T23:35:32.974+0000] {dag.py:3239} INFO - Sync 1 DAGs
[2025-03-10T23:35:33.030+0000] {logging_mixin.py:190} INFO - [2025-03-10T23:35:33.029+0000] {dag.py:4180} INFO - Setting next_dagrun for example_dag_decorator to None, run_after=None
[2025-03-10T23:35:33.114+0000] {processor.py:208} INFO - Processing /home/airflow/.local/lib/python3.12/site-packages/airflow/example_dags/example_dag_decorator.py took 0.581 seconds
[2025-03-10T23:36:03.983+0000] {processor.py:186} INFO - Started process (PID=214) to work on /home/airflow/.local/lib/python3.12/site-packages/airflow/example_dags/example_dag_decorator.py
[2025-03-10T23:36:03.984+0000] {processor.py:914} INFO - Processing file /home/airflow/.local/lib/python3.12/site-packages/airflow/example_dags/example_dag_decorator.py for tasks to queue
[2025-03-10T23:36:03.987+0000] {logging_mixin.py:190} INFO - [2025-03-10T23:36:03.987+0000] {dagbag.py:588} INFO - Filling up the DagBag from /home/airflow/.local/lib/python3.12/site-packages/airflow/example_dags/example_dag_decorator.py
[2025-03-10T23:36:04.000+0000] {processor.py:925} INFO - DAG(s) 'example_dag_decorator' retrieved from /home/airflow/.local/lib/python3.12/site-packages/airflow/example_dags/example_dag_decorator.py
[2025-03-10T23:36:04.028+0000] {logging_mixin.py:190} INFO - [2025-03-10T23:36:04.027+0000] {dag.py:3239} INFO - Sync 1 DAGs
[2025-03-10T23:36:04.045+0000] {logging_mixin.py:190} INFO - [2025-03-10T23:36:04.044+0000] {dag.py:4180} INFO - Setting next_dagrun for example_dag_decorator to None, run_after=None
[2025-03-10T23:36:04.066+0000] {processor.py:208} INFO - Processing /home/airflow/.local/lib/python3.12/site-packages/airflow/example_dags/example_dag_decorator.py took 0.090 seconds
[2025-03-10T23:36:34.431+0000] {processor.py:186} INFO - Started process (PID=277) to work on /home/airflow/.local/lib/python3.12/site-packages/airflow/example_dags/example_dag_decorator.py
[2025-03-10T23:36:34.434+0000] {processor.py:914} INFO - Processing file /home/airflow/.local/lib/python3.12/site-packages/airflow/example_dags/example_dag_decorator.py for tasks to queue
[2025-03-10T23:36:34.443+0000] {logging_mixin.py:190} INFO - [2025-03-10T23:36:34.442+0000] {dagbag.py:588} INFO - Filling up the DagBag from /home/airflow/.local/lib/python3.12/site-packages/airflow/example_dags/example_dag_decorator.py
[2025-03-10T23:36:34.493+0000] {processor.py:925} INFO - DAG(s) 'example_dag_decorator' retrieved from /home/airflow/.local/lib/python3.12/site-packages/airflow/example_dags/example_dag_decorator.py
[2025-03-10T23:36:34.810+0000] {logging_mixin.py:190} INFO - [2025-03-10T23:36:34.809+0000] {dag.py:3239} INFO - Sync 1 DAGs
[2025-03-10T23:36:34.878+0000] {logging_mixin.py:190} INFO - [2025-03-10T23:36:34.878+0000] {dag.py:4180} INFO - Setting next_dagrun for example_dag_decorator to None, run_after=None
[2025-03-10T23:36:34.952+0000] {processor.py:208} INFO - Processing /home/airflow/.local/lib/python3.12/site-packages/airflow/example_dags/example_dag_decorator.py took 0.546 seconds
[2025-03-10T23:37:05.843+0000] {processor.py:186} INFO - Started process (PID=340) to work on /home/airflow/.local/lib/python3.12/site-packages/airflow/example_dags/example_dag_decorator.py
[2025-03-10T23:37:05.844+0000] {processor.py:914} INFO - Processing file /home/airflow/.local/lib/python3.12/site-packages/airflow/example_dags/example_dag_decorator.py for tasks to queue
[2025-03-10T23:37:05.847+0000] {logging_mixin.py:190} INFO - [2025-03-10T23:37:05.846+0000] {dagbag.py:588} INFO - Filling up the DagBag from /home/airflow/.local/lib/python3.12/site-packages/airflow/example_dags/example_dag_decorator.py
[2025-03-10T23:37:05.860+0000] {processor.py:925} INFO - DAG(s) 'example_dag_decorator' retrieved from /home/airflow/.local/lib/python3.12/site-packages/airflow/example_dags/example_dag_decorator.py
[2025-03-10T23:37:05.940+0000] {logging_mixin.py:190} INFO - [2025-03-10T23:37:05.940+0000] {dag.py:3239} INFO - Sync 1 DAGs
[2025-03-10T23:37:05.957+0000] {logging_mixin.py:190} INFO - [2025-03-10T23:37:05.956+0000] {dag.py:4180} INFO - Setting next_dagrun for example_dag_decorator to None, run_after=None
[2025-03-10T23:37:05.978+0000] {processor.py:208} INFO - Processing /home/airflow/.local/lib/python3.12/site-packages/airflow/example_dags/example_dag_decorator.py took 0.142 seconds
