[2025-03-10T20:30:15.113+0000] {processor.py:186} INFO - Started process (PID=120) to work on /home/airflow/.local/lib/python3.12/site-packages/airflow/example_dags/example_python_operator.py
[2025-03-10T20:30:15.114+0000] {processor.py:914} INFO - Processing file /home/airflow/.local/lib/python3.12/site-packages/airflow/example_dags/example_python_operator.py for tasks to queue
[2025-03-10T20:30:15.117+0000] {logging_mixin.py:190} INFO - [2025-03-10T20:30:15.117+0000] {dagbag.py:588} INFO - Filling up the DagBag from /home/airflow/.local/lib/python3.12/site-packages/airflow/example_dags/example_python_operator.py
[2025-03-10T20:30:15.138+0000] {processor.py:925} INFO - DAG(s) 'example_python_operator' retrieved from /home/airflow/.local/lib/python3.12/site-packages/airflow/example_dags/example_python_operator.py
[2025-03-10T20:30:15.223+0000] {logging_mixin.py:190} INFO - [2025-03-10T20:30:15.222+0000] {override.py:1912} INFO - Created Permission View: can read on DAG:example_python_operator
[2025-03-10T20:30:15.239+0000] {logging_mixin.py:190} INFO - [2025-03-10T20:30:15.238+0000] {override.py:1912} INFO - Created Permission View: can edit on DAG:example_python_operator
[2025-03-10T20:30:15.250+0000] {logging_mixin.py:190} INFO - [2025-03-10T20:30:15.249+0000] {override.py:1912} INFO - Created Permission View: can delete on DAG:example_python_operator
[2025-03-10T20:30:15.259+0000] {logging_mixin.py:190} INFO - [2025-03-10T20:30:15.259+0000] {override.py:1912} INFO - Created Permission View: menu access on DAG Run:example_python_operator
[2025-03-10T20:30:15.271+0000] {logging_mixin.py:190} INFO - [2025-03-10T20:30:15.271+0000] {override.py:1912} INFO - Created Permission View: can read on DAG Run:example_python_operator
[2025-03-10T20:30:15.281+0000] {logging_mixin.py:190} INFO - [2025-03-10T20:30:15.280+0000] {override.py:1912} INFO - Created Permission View: can create on DAG Run:example_python_operator
[2025-03-10T20:30:15.290+0000] {logging_mixin.py:190} INFO - [2025-03-10T20:30:15.289+0000] {override.py:1912} INFO - Created Permission View: can delete on DAG Run:example_python_operator
[2025-03-10T20:30:15.291+0000] {logging_mixin.py:190} INFO - [2025-03-10T20:30:15.290+0000] {dag.py:3239} INFO - Sync 1 DAGs
[2025-03-10T20:30:15.319+0000] {logging_mixin.py:190} INFO - [2025-03-10T20:30:15.319+0000] {dag.py:3262} INFO - Creating ORM DAG for example_python_operator
[2025-03-10T20:30:15.321+0000] {logging_mixin.py:190} INFO - [2025-03-10T20:30:15.320+0000] {dag.py:4180} INFO - Setting next_dagrun for example_python_operator to None, run_after=None
[2025-03-10T20:30:15.346+0000] {processor.py:208} INFO - Processing /home/airflow/.local/lib/python3.12/site-packages/airflow/example_dags/example_python_operator.py took 0.241 seconds
[2025-03-10T20:30:45.875+0000] {processor.py:186} INFO - Started process (PID=183) to work on /home/airflow/.local/lib/python3.12/site-packages/airflow/example_dags/example_python_operator.py
[2025-03-10T20:30:45.876+0000] {processor.py:914} INFO - Processing file /home/airflow/.local/lib/python3.12/site-packages/airflow/example_dags/example_python_operator.py for tasks to queue
[2025-03-10T20:30:45.879+0000] {logging_mixin.py:190} INFO - [2025-03-10T20:30:45.878+0000] {dagbag.py:588} INFO - Filling up the DagBag from /home/airflow/.local/lib/python3.12/site-packages/airflow/example_dags/example_python_operator.py
[2025-03-10T20:30:45.894+0000] {processor.py:925} INFO - DAG(s) 'example_python_operator' retrieved from /home/airflow/.local/lib/python3.12/site-packages/airflow/example_dags/example_python_operator.py
[2025-03-10T20:30:45.922+0000] {logging_mixin.py:190} INFO - [2025-03-10T20:30:45.921+0000] {dag.py:3239} INFO - Sync 1 DAGs
[2025-03-10T20:30:45.941+0000] {logging_mixin.py:190} INFO - [2025-03-10T20:30:45.940+0000] {dag.py:4180} INFO - Setting next_dagrun for example_python_operator to None, run_after=None
[2025-03-10T20:30:45.963+0000] {processor.py:208} INFO - Processing /home/airflow/.local/lib/python3.12/site-packages/airflow/example_dags/example_python_operator.py took 0.095 seconds
[2025-03-10T20:31:17.598+0000] {processor.py:186} INFO - Started process (PID=246) to work on /home/airflow/.local/lib/python3.12/site-packages/airflow/example_dags/example_python_operator.py
[2025-03-10T20:31:17.602+0000] {processor.py:914} INFO - Processing file /home/airflow/.local/lib/python3.12/site-packages/airflow/example_dags/example_python_operator.py for tasks to queue
[2025-03-10T20:31:17.617+0000] {logging_mixin.py:190} INFO - [2025-03-10T20:31:17.615+0000] {dagbag.py:588} INFO - Filling up the DagBag from /home/airflow/.local/lib/python3.12/site-packages/airflow/example_dags/example_python_operator.py
[2025-03-10T20:31:17.687+0000] {processor.py:925} INFO - DAG(s) 'example_python_operator' retrieved from /home/airflow/.local/lib/python3.12/site-packages/airflow/example_dags/example_python_operator.py
[2025-03-10T20:31:17.798+0000] {logging_mixin.py:190} INFO - [2025-03-10T20:31:17.797+0000] {dag.py:3239} INFO - Sync 1 DAGs
[2025-03-10T20:31:17.887+0000] {logging_mixin.py:190} INFO - [2025-03-10T20:31:17.886+0000] {dag.py:4180} INFO - Setting next_dagrun for example_python_operator to None, run_after=None
[2025-03-10T20:31:17.987+0000] {processor.py:208} INFO - Processing /home/airflow/.local/lib/python3.12/site-packages/airflow/example_dags/example_python_operator.py took 0.420 seconds
[2025-03-10T20:31:48.335+0000] {processor.py:186} INFO - Started process (PID=309) to work on /home/airflow/.local/lib/python3.12/site-packages/airflow/example_dags/example_python_operator.py
[2025-03-10T20:31:48.336+0000] {processor.py:914} INFO - Processing file /home/airflow/.local/lib/python3.12/site-packages/airflow/example_dags/example_python_operator.py for tasks to queue
[2025-03-10T20:31:48.339+0000] {logging_mixin.py:190} INFO - [2025-03-10T20:31:48.339+0000] {dagbag.py:588} INFO - Filling up the DagBag from /home/airflow/.local/lib/python3.12/site-packages/airflow/example_dags/example_python_operator.py
[2025-03-10T20:31:48.353+0000] {processor.py:925} INFO - DAG(s) 'example_python_operator' retrieved from /home/airflow/.local/lib/python3.12/site-packages/airflow/example_dags/example_python_operator.py
[2025-03-10T20:31:48.383+0000] {logging_mixin.py:190} INFO - [2025-03-10T20:31:48.382+0000] {dag.py:3239} INFO - Sync 1 DAGs
[2025-03-10T20:31:48.409+0000] {logging_mixin.py:190} INFO - [2025-03-10T20:31:48.409+0000] {dag.py:4180} INFO - Setting next_dagrun for example_python_operator to None, run_after=None
[2025-03-10T20:31:48.444+0000] {processor.py:208} INFO - Processing /home/airflow/.local/lib/python3.12/site-packages/airflow/example_dags/example_python_operator.py took 0.116 seconds
[2025-03-10T20:32:18.746+0000] {processor.py:186} INFO - Started process (PID=372) to work on /home/airflow/.local/lib/python3.12/site-packages/airflow/example_dags/example_python_operator.py
[2025-03-10T20:32:18.747+0000] {processor.py:914} INFO - Processing file /home/airflow/.local/lib/python3.12/site-packages/airflow/example_dags/example_python_operator.py for tasks to queue
[2025-03-10T20:32:18.750+0000] {logging_mixin.py:190} INFO - [2025-03-10T20:32:18.749+0000] {dagbag.py:588} INFO - Filling up the DagBag from /home/airflow/.local/lib/python3.12/site-packages/airflow/example_dags/example_python_operator.py
[2025-03-10T20:32:18.763+0000] {processor.py:925} INFO - DAG(s) 'example_python_operator' retrieved from /home/airflow/.local/lib/python3.12/site-packages/airflow/example_dags/example_python_operator.py
[2025-03-10T20:32:18.790+0000] {logging_mixin.py:190} INFO - [2025-03-10T20:32:18.790+0000] {dag.py:3239} INFO - Sync 1 DAGs
[2025-03-10T20:32:18.809+0000] {logging_mixin.py:190} INFO - [2025-03-10T20:32:18.809+0000] {dag.py:4180} INFO - Setting next_dagrun for example_python_operator to None, run_after=None
[2025-03-10T20:32:18.831+0000] {processor.py:208} INFO - Processing /home/airflow/.local/lib/python3.12/site-packages/airflow/example_dags/example_python_operator.py took 0.092 seconds
[2025-03-10T20:32:49.087+0000] {processor.py:186} INFO - Started process (PID=435) to work on /home/airflow/.local/lib/python3.12/site-packages/airflow/example_dags/example_python_operator.py
[2025-03-10T20:32:49.088+0000] {processor.py:914} INFO - Processing file /home/airflow/.local/lib/python3.12/site-packages/airflow/example_dags/example_python_operator.py for tasks to queue
[2025-03-10T20:32:49.090+0000] {logging_mixin.py:190} INFO - [2025-03-10T20:32:49.090+0000] {dagbag.py:588} INFO - Filling up the DagBag from /home/airflow/.local/lib/python3.12/site-packages/airflow/example_dags/example_python_operator.py
[2025-03-10T20:32:49.105+0000] {processor.py:925} INFO - DAG(s) 'example_python_operator' retrieved from /home/airflow/.local/lib/python3.12/site-packages/airflow/example_dags/example_python_operator.py
[2025-03-10T20:32:49.133+0000] {logging_mixin.py:190} INFO - [2025-03-10T20:32:49.133+0000] {dag.py:3239} INFO - Sync 1 DAGs
[2025-03-10T20:32:49.151+0000] {logging_mixin.py:190} INFO - [2025-03-10T20:32:49.150+0000] {dag.py:4180} INFO - Setting next_dagrun for example_python_operator to None, run_after=None
[2025-03-10T20:32:49.174+0000] {processor.py:208} INFO - Processing /home/airflow/.local/lib/python3.12/site-packages/airflow/example_dags/example_python_operator.py took 0.094 seconds
[2025-03-10T20:33:19.261+0000] {processor.py:186} INFO - Started process (PID=498) to work on /home/airflow/.local/lib/python3.12/site-packages/airflow/example_dags/example_python_operator.py
[2025-03-10T20:33:19.262+0000] {processor.py:914} INFO - Processing file /home/airflow/.local/lib/python3.12/site-packages/airflow/example_dags/example_python_operator.py for tasks to queue
[2025-03-10T20:33:19.265+0000] {logging_mixin.py:190} INFO - [2025-03-10T20:33:19.264+0000] {dagbag.py:588} INFO - Filling up the DagBag from /home/airflow/.local/lib/python3.12/site-packages/airflow/example_dags/example_python_operator.py
[2025-03-10T20:33:19.278+0000] {processor.py:925} INFO - DAG(s) 'example_python_operator' retrieved from /home/airflow/.local/lib/python3.12/site-packages/airflow/example_dags/example_python_operator.py
[2025-03-10T20:33:19.305+0000] {logging_mixin.py:190} INFO - [2025-03-10T20:33:19.304+0000] {dag.py:3239} INFO - Sync 1 DAGs
[2025-03-10T20:33:19.323+0000] {logging_mixin.py:190} INFO - [2025-03-10T20:33:19.323+0000] {dag.py:4180} INFO - Setting next_dagrun for example_python_operator to None, run_after=None
[2025-03-10T20:33:19.344+0000] {processor.py:208} INFO - Processing /home/airflow/.local/lib/python3.12/site-packages/airflow/example_dags/example_python_operator.py took 0.090 seconds
[2025-03-10T20:33:49.807+0000] {processor.py:186} INFO - Started process (PID=561) to work on /home/airflow/.local/lib/python3.12/site-packages/airflow/example_dags/example_python_operator.py
[2025-03-10T20:33:49.808+0000] {processor.py:914} INFO - Processing file /home/airflow/.local/lib/python3.12/site-packages/airflow/example_dags/example_python_operator.py for tasks to queue
[2025-03-10T20:33:49.810+0000] {logging_mixin.py:190} INFO - [2025-03-10T20:33:49.810+0000] {dagbag.py:588} INFO - Filling up the DagBag from /home/airflow/.local/lib/python3.12/site-packages/airflow/example_dags/example_python_operator.py
[2025-03-10T20:33:49.824+0000] {processor.py:925} INFO - DAG(s) 'example_python_operator' retrieved from /home/airflow/.local/lib/python3.12/site-packages/airflow/example_dags/example_python_operator.py
[2025-03-10T20:33:49.851+0000] {logging_mixin.py:190} INFO - [2025-03-10T20:33:49.850+0000] {dag.py:3239} INFO - Sync 1 DAGs
[2025-03-10T20:33:49.869+0000] {logging_mixin.py:190} INFO - [2025-03-10T20:33:49.868+0000] {dag.py:4180} INFO - Setting next_dagrun for example_python_operator to None, run_after=None
[2025-03-10T20:33:49.889+0000] {processor.py:208} INFO - Processing /home/airflow/.local/lib/python3.12/site-packages/airflow/example_dags/example_python_operator.py took 0.090 seconds
[2025-03-10T20:34:20.055+0000] {processor.py:186} INFO - Started process (PID=624) to work on /home/airflow/.local/lib/python3.12/site-packages/airflow/example_dags/example_python_operator.py
[2025-03-10T20:34:20.056+0000] {processor.py:914} INFO - Processing file /home/airflow/.local/lib/python3.12/site-packages/airflow/example_dags/example_python_operator.py for tasks to queue
[2025-03-10T20:34:20.058+0000] {logging_mixin.py:190} INFO - [2025-03-10T20:34:20.058+0000] {dagbag.py:588} INFO - Filling up the DagBag from /home/airflow/.local/lib/python3.12/site-packages/airflow/example_dags/example_python_operator.py
[2025-03-10T20:34:20.073+0000] {processor.py:925} INFO - DAG(s) 'example_python_operator' retrieved from /home/airflow/.local/lib/python3.12/site-packages/airflow/example_dags/example_python_operator.py
[2025-03-10T20:34:20.100+0000] {logging_mixin.py:190} INFO - [2025-03-10T20:34:20.099+0000] {dag.py:3239} INFO - Sync 1 DAGs
[2025-03-10T20:34:20.118+0000] {logging_mixin.py:190} INFO - [2025-03-10T20:34:20.118+0000] {dag.py:4180} INFO - Setting next_dagrun for example_python_operator to None, run_after=None
[2025-03-10T20:34:20.142+0000] {processor.py:208} INFO - Processing /home/airflow/.local/lib/python3.12/site-packages/airflow/example_dags/example_python_operator.py took 0.095 seconds
[2025-03-10T20:34:50.491+0000] {processor.py:186} INFO - Started process (PID=687) to work on /home/airflow/.local/lib/python3.12/site-packages/airflow/example_dags/example_python_operator.py
[2025-03-10T20:34:50.492+0000] {processor.py:914} INFO - Processing file /home/airflow/.local/lib/python3.12/site-packages/airflow/example_dags/example_python_operator.py for tasks to queue
[2025-03-10T20:34:50.496+0000] {logging_mixin.py:190} INFO - [2025-03-10T20:34:50.495+0000] {dagbag.py:588} INFO - Filling up the DagBag from /home/airflow/.local/lib/python3.12/site-packages/airflow/example_dags/example_python_operator.py
[2025-03-10T20:34:50.516+0000] {processor.py:925} INFO - DAG(s) 'example_python_operator' retrieved from /home/airflow/.local/lib/python3.12/site-packages/airflow/example_dags/example_python_operator.py
[2025-03-10T20:34:50.544+0000] {logging_mixin.py:190} INFO - [2025-03-10T20:34:50.544+0000] {dag.py:3239} INFO - Sync 1 DAGs
[2025-03-10T20:34:50.570+0000] {logging_mixin.py:190} INFO - [2025-03-10T20:34:50.569+0000] {dag.py:4180} INFO - Setting next_dagrun for example_python_operator to None, run_after=None
[2025-03-10T20:34:50.601+0000] {processor.py:208} INFO - Processing /home/airflow/.local/lib/python3.12/site-packages/airflow/example_dags/example_python_operator.py took 0.117 seconds
[2025-03-10T20:35:20.809+0000] {processor.py:186} INFO - Started process (PID=750) to work on /home/airflow/.local/lib/python3.12/site-packages/airflow/example_dags/example_python_operator.py
[2025-03-10T20:35:20.810+0000] {processor.py:914} INFO - Processing file /home/airflow/.local/lib/python3.12/site-packages/airflow/example_dags/example_python_operator.py for tasks to queue
[2025-03-10T20:35:20.813+0000] {logging_mixin.py:190} INFO - [2025-03-10T20:35:20.813+0000] {dagbag.py:588} INFO - Filling up the DagBag from /home/airflow/.local/lib/python3.12/site-packages/airflow/example_dags/example_python_operator.py
[2025-03-10T20:35:20.828+0000] {processor.py:925} INFO - DAG(s) 'example_python_operator' retrieved from /home/airflow/.local/lib/python3.12/site-packages/airflow/example_dags/example_python_operator.py
[2025-03-10T20:35:20.853+0000] {logging_mixin.py:190} INFO - [2025-03-10T20:35:20.853+0000] {dag.py:3239} INFO - Sync 1 DAGs
[2025-03-10T20:35:20.870+0000] {logging_mixin.py:190} INFO - [2025-03-10T20:35:20.870+0000] {dag.py:4180} INFO - Setting next_dagrun for example_python_operator to None, run_after=None
[2025-03-10T20:35:20.888+0000] {processor.py:208} INFO - Processing /home/airflow/.local/lib/python3.12/site-packages/airflow/example_dags/example_python_operator.py took 0.087 seconds
[2025-03-10T20:35:51.211+0000] {processor.py:186} INFO - Started process (PID=813) to work on /home/airflow/.local/lib/python3.12/site-packages/airflow/example_dags/example_python_operator.py
[2025-03-10T20:35:51.212+0000] {processor.py:914} INFO - Processing file /home/airflow/.local/lib/python3.12/site-packages/airflow/example_dags/example_python_operator.py for tasks to queue
[2025-03-10T20:35:51.215+0000] {logging_mixin.py:190} INFO - [2025-03-10T20:35:51.215+0000] {dagbag.py:588} INFO - Filling up the DagBag from /home/airflow/.local/lib/python3.12/site-packages/airflow/example_dags/example_python_operator.py
[2025-03-10T20:35:51.231+0000] {processor.py:925} INFO - DAG(s) 'example_python_operator' retrieved from /home/airflow/.local/lib/python3.12/site-packages/airflow/example_dags/example_python_operator.py
[2025-03-10T20:35:51.261+0000] {logging_mixin.py:190} INFO - [2025-03-10T20:35:51.261+0000] {dag.py:3239} INFO - Sync 1 DAGs
[2025-03-10T20:35:51.281+0000] {logging_mixin.py:190} INFO - [2025-03-10T20:35:51.281+0000] {dag.py:4180} INFO - Setting next_dagrun for example_python_operator to None, run_after=None
[2025-03-10T20:35:51.304+0000] {processor.py:208} INFO - Processing /home/airflow/.local/lib/python3.12/site-packages/airflow/example_dags/example_python_operator.py took 0.101 seconds
[2025-03-10T20:36:22.339+0000] {processor.py:186} INFO - Started process (PID=876) to work on /home/airflow/.local/lib/python3.12/site-packages/airflow/example_dags/example_python_operator.py
[2025-03-10T20:36:22.340+0000] {processor.py:914} INFO - Processing file /home/airflow/.local/lib/python3.12/site-packages/airflow/example_dags/example_python_operator.py for tasks to queue
[2025-03-10T20:36:22.343+0000] {logging_mixin.py:190} INFO - [2025-03-10T20:36:22.343+0000] {dagbag.py:588} INFO - Filling up the DagBag from /home/airflow/.local/lib/python3.12/site-packages/airflow/example_dags/example_python_operator.py
[2025-03-10T20:36:22.357+0000] {processor.py:925} INFO - DAG(s) 'example_python_operator' retrieved from /home/airflow/.local/lib/python3.12/site-packages/airflow/example_dags/example_python_operator.py
[2025-03-10T20:36:22.386+0000] {logging_mixin.py:190} INFO - [2025-03-10T20:36:22.386+0000] {dag.py:3239} INFO - Sync 1 DAGs
[2025-03-10T20:36:22.404+0000] {logging_mixin.py:190} INFO - [2025-03-10T20:36:22.404+0000] {dag.py:4180} INFO - Setting next_dagrun for example_python_operator to None, run_after=None
[2025-03-10T20:36:22.424+0000] {processor.py:208} INFO - Processing /home/airflow/.local/lib/python3.12/site-packages/airflow/example_dags/example_python_operator.py took 0.091 seconds
[2025-03-10T20:36:52.945+0000] {processor.py:186} INFO - Started process (PID=939) to work on /home/airflow/.local/lib/python3.12/site-packages/airflow/example_dags/example_python_operator.py
[2025-03-10T20:36:52.946+0000] {processor.py:914} INFO - Processing file /home/airflow/.local/lib/python3.12/site-packages/airflow/example_dags/example_python_operator.py for tasks to queue
[2025-03-10T20:36:52.949+0000] {logging_mixin.py:190} INFO - [2025-03-10T20:36:52.948+0000] {dagbag.py:588} INFO - Filling up the DagBag from /home/airflow/.local/lib/python3.12/site-packages/airflow/example_dags/example_python_operator.py
[2025-03-10T20:36:52.962+0000] {processor.py:925} INFO - DAG(s) 'example_python_operator' retrieved from /home/airflow/.local/lib/python3.12/site-packages/airflow/example_dags/example_python_operator.py
[2025-03-10T20:36:52.991+0000] {logging_mixin.py:190} INFO - [2025-03-10T20:36:52.991+0000] {dag.py:3239} INFO - Sync 1 DAGs
[2025-03-10T20:36:53.010+0000] {logging_mixin.py:190} INFO - [2025-03-10T20:36:53.009+0000] {dag.py:4180} INFO - Setting next_dagrun for example_python_operator to None, run_after=None
[2025-03-10T20:36:53.029+0000] {processor.py:208} INFO - Processing /home/airflow/.local/lib/python3.12/site-packages/airflow/example_dags/example_python_operator.py took 0.091 seconds
[2025-03-10T20:37:24.232+0000] {processor.py:186} INFO - Started process (PID=1003) to work on /home/airflow/.local/lib/python3.12/site-packages/airflow/example_dags/example_python_operator.py
[2025-03-10T20:37:24.233+0000] {processor.py:914} INFO - Processing file /home/airflow/.local/lib/python3.12/site-packages/airflow/example_dags/example_python_operator.py for tasks to queue
[2025-03-10T20:37:24.235+0000] {logging_mixin.py:190} INFO - [2025-03-10T20:37:24.235+0000] {dagbag.py:588} INFO - Filling up the DagBag from /home/airflow/.local/lib/python3.12/site-packages/airflow/example_dags/example_python_operator.py
[2025-03-10T20:37:24.249+0000] {processor.py:925} INFO - DAG(s) 'example_python_operator' retrieved from /home/airflow/.local/lib/python3.12/site-packages/airflow/example_dags/example_python_operator.py
[2025-03-10T20:37:24.277+0000] {logging_mixin.py:190} INFO - [2025-03-10T20:37:24.277+0000] {dag.py:3239} INFO - Sync 1 DAGs
[2025-03-10T20:37:24.295+0000] {logging_mixin.py:190} INFO - [2025-03-10T20:37:24.295+0000] {dag.py:4180} INFO - Setting next_dagrun for example_python_operator to None, run_after=None
[2025-03-10T20:37:24.317+0000] {processor.py:208} INFO - Processing /home/airflow/.local/lib/python3.12/site-packages/airflow/example_dags/example_python_operator.py took 0.092 seconds
[2025-03-10T20:37:55.906+0000] {processor.py:186} INFO - Started process (PID=1066) to work on /home/airflow/.local/lib/python3.12/site-packages/airflow/example_dags/example_python_operator.py
[2025-03-10T20:37:55.907+0000] {processor.py:914} INFO - Processing file /home/airflow/.local/lib/python3.12/site-packages/airflow/example_dags/example_python_operator.py for tasks to queue
[2025-03-10T20:37:55.910+0000] {logging_mixin.py:190} INFO - [2025-03-10T20:37:55.909+0000] {dagbag.py:588} INFO - Filling up the DagBag from /home/airflow/.local/lib/python3.12/site-packages/airflow/example_dags/example_python_operator.py
[2025-03-10T20:37:55.923+0000] {processor.py:925} INFO - DAG(s) 'example_python_operator' retrieved from /home/airflow/.local/lib/python3.12/site-packages/airflow/example_dags/example_python_operator.py
[2025-03-10T20:37:55.950+0000] {logging_mixin.py:190} INFO - [2025-03-10T20:37:55.950+0000] {dag.py:3239} INFO - Sync 1 DAGs
[2025-03-10T20:37:55.968+0000] {logging_mixin.py:190} INFO - [2025-03-10T20:37:55.968+0000] {dag.py:4180} INFO - Setting next_dagrun for example_python_operator to None, run_after=None
[2025-03-10T20:37:55.993+0000] {processor.py:208} INFO - Processing /home/airflow/.local/lib/python3.12/site-packages/airflow/example_dags/example_python_operator.py took 0.094 seconds
[2025-03-10T20:38:27.063+0000] {processor.py:186} INFO - Started process (PID=1129) to work on /home/airflow/.local/lib/python3.12/site-packages/airflow/example_dags/example_python_operator.py
[2025-03-10T20:38:27.064+0000] {processor.py:914} INFO - Processing file /home/airflow/.local/lib/python3.12/site-packages/airflow/example_dags/example_python_operator.py for tasks to queue
[2025-03-10T20:38:27.067+0000] {logging_mixin.py:190} INFO - [2025-03-10T20:38:27.066+0000] {dagbag.py:588} INFO - Filling up the DagBag from /home/airflow/.local/lib/python3.12/site-packages/airflow/example_dags/example_python_operator.py
[2025-03-10T20:38:27.081+0000] {processor.py:925} INFO - DAG(s) 'example_python_operator' retrieved from /home/airflow/.local/lib/python3.12/site-packages/airflow/example_dags/example_python_operator.py
[2025-03-10T20:38:27.108+0000] {logging_mixin.py:190} INFO - [2025-03-10T20:38:27.108+0000] {dag.py:3239} INFO - Sync 1 DAGs
[2025-03-10T20:38:27.126+0000] {logging_mixin.py:190} INFO - [2025-03-10T20:38:27.125+0000] {dag.py:4180} INFO - Setting next_dagrun for example_python_operator to None, run_after=None
[2025-03-10T20:38:27.147+0000] {processor.py:208} INFO - Processing /home/airflow/.local/lib/python3.12/site-packages/airflow/example_dags/example_python_operator.py took 0.092 seconds
[2025-03-10T20:38:57.778+0000] {processor.py:186} INFO - Started process (PID=1192) to work on /home/airflow/.local/lib/python3.12/site-packages/airflow/example_dags/example_python_operator.py
[2025-03-10T20:38:57.778+0000] {processor.py:914} INFO - Processing file /home/airflow/.local/lib/python3.12/site-packages/airflow/example_dags/example_python_operator.py for tasks to queue
[2025-03-10T20:38:57.781+0000] {logging_mixin.py:190} INFO - [2025-03-10T20:38:57.781+0000] {dagbag.py:588} INFO - Filling up the DagBag from /home/airflow/.local/lib/python3.12/site-packages/airflow/example_dags/example_python_operator.py
[2025-03-10T20:38:57.795+0000] {processor.py:925} INFO - DAG(s) 'example_python_operator' retrieved from /home/airflow/.local/lib/python3.12/site-packages/airflow/example_dags/example_python_operator.py
[2025-03-10T20:38:57.824+0000] {logging_mixin.py:190} INFO - [2025-03-10T20:38:57.824+0000] {dag.py:3239} INFO - Sync 1 DAGs
[2025-03-10T20:38:57.844+0000] {logging_mixin.py:190} INFO - [2025-03-10T20:38:57.843+0000] {dag.py:4180} INFO - Setting next_dagrun for example_python_operator to None, run_after=None
[2025-03-10T20:38:57.865+0000] {processor.py:208} INFO - Processing /home/airflow/.local/lib/python3.12/site-packages/airflow/example_dags/example_python_operator.py took 0.094 seconds
[2025-03-10T20:39:28.753+0000] {processor.py:186} INFO - Started process (PID=1255) to work on /home/airflow/.local/lib/python3.12/site-packages/airflow/example_dags/example_python_operator.py
[2025-03-10T20:39:28.754+0000] {processor.py:914} INFO - Processing file /home/airflow/.local/lib/python3.12/site-packages/airflow/example_dags/example_python_operator.py for tasks to queue
[2025-03-10T20:39:28.757+0000] {logging_mixin.py:190} INFO - [2025-03-10T20:39:28.757+0000] {dagbag.py:588} INFO - Filling up the DagBag from /home/airflow/.local/lib/python3.12/site-packages/airflow/example_dags/example_python_operator.py
[2025-03-10T20:39:28.773+0000] {processor.py:925} INFO - DAG(s) 'example_python_operator' retrieved from /home/airflow/.local/lib/python3.12/site-packages/airflow/example_dags/example_python_operator.py
[2025-03-10T20:39:28.801+0000] {logging_mixin.py:190} INFO - [2025-03-10T20:39:28.801+0000] {dag.py:3239} INFO - Sync 1 DAGs
[2025-03-10T20:39:28.820+0000] {logging_mixin.py:190} INFO - [2025-03-10T20:39:28.819+0000] {dag.py:4180} INFO - Setting next_dagrun for example_python_operator to None, run_after=None
[2025-03-10T20:39:28.840+0000] {processor.py:208} INFO - Processing /home/airflow/.local/lib/python3.12/site-packages/airflow/example_dags/example_python_operator.py took 0.096 seconds
[2025-03-10T20:39:59.431+0000] {processor.py:186} INFO - Started process (PID=1318) to work on /home/airflow/.local/lib/python3.12/site-packages/airflow/example_dags/example_python_operator.py
[2025-03-10T20:39:59.431+0000] {processor.py:914} INFO - Processing file /home/airflow/.local/lib/python3.12/site-packages/airflow/example_dags/example_python_operator.py for tasks to queue
[2025-03-10T20:39:59.434+0000] {logging_mixin.py:190} INFO - [2025-03-10T20:39:59.434+0000] {dagbag.py:588} INFO - Filling up the DagBag from /home/airflow/.local/lib/python3.12/site-packages/airflow/example_dags/example_python_operator.py
[2025-03-10T20:39:59.449+0000] {processor.py:925} INFO - DAG(s) 'example_python_operator' retrieved from /home/airflow/.local/lib/python3.12/site-packages/airflow/example_dags/example_python_operator.py
[2025-03-10T20:39:59.476+0000] {logging_mixin.py:190} INFO - [2025-03-10T20:39:59.476+0000] {dag.py:3239} INFO - Sync 1 DAGs
[2025-03-10T20:39:59.495+0000] {logging_mixin.py:190} INFO - [2025-03-10T20:39:59.494+0000] {dag.py:4180} INFO - Setting next_dagrun for example_python_operator to None, run_after=None
[2025-03-10T20:39:59.515+0000] {processor.py:208} INFO - Processing /home/airflow/.local/lib/python3.12/site-packages/airflow/example_dags/example_python_operator.py took 0.091 seconds
[2025-03-10T20:40:30.346+0000] {processor.py:186} INFO - Started process (PID=1381) to work on /home/airflow/.local/lib/python3.12/site-packages/airflow/example_dags/example_python_operator.py
[2025-03-10T20:40:30.347+0000] {processor.py:914} INFO - Processing file /home/airflow/.local/lib/python3.12/site-packages/airflow/example_dags/example_python_operator.py for tasks to queue
[2025-03-10T20:40:30.350+0000] {logging_mixin.py:190} INFO - [2025-03-10T20:40:30.350+0000] {dagbag.py:588} INFO - Filling up the DagBag from /home/airflow/.local/lib/python3.12/site-packages/airflow/example_dags/example_python_operator.py
[2025-03-10T20:40:30.363+0000] {processor.py:925} INFO - DAG(s) 'example_python_operator' retrieved from /home/airflow/.local/lib/python3.12/site-packages/airflow/example_dags/example_python_operator.py
[2025-03-10T20:40:30.389+0000] {logging_mixin.py:190} INFO - [2025-03-10T20:40:30.389+0000] {dag.py:3239} INFO - Sync 1 DAGs
[2025-03-10T20:40:30.407+0000] {logging_mixin.py:190} INFO - [2025-03-10T20:40:30.407+0000] {dag.py:4180} INFO - Setting next_dagrun for example_python_operator to None, run_after=None
[2025-03-10T20:40:30.429+0000] {processor.py:208} INFO - Processing /home/airflow/.local/lib/python3.12/site-packages/airflow/example_dags/example_python_operator.py took 0.090 seconds
[2025-03-10T20:41:01.765+0000] {processor.py:186} INFO - Started process (PID=1444) to work on /home/airflow/.local/lib/python3.12/site-packages/airflow/example_dags/example_python_operator.py
[2025-03-10T20:41:01.766+0000] {processor.py:914} INFO - Processing file /home/airflow/.local/lib/python3.12/site-packages/airflow/example_dags/example_python_operator.py for tasks to queue
[2025-03-10T20:41:01.769+0000] {logging_mixin.py:190} INFO - [2025-03-10T20:41:01.769+0000] {dagbag.py:588} INFO - Filling up the DagBag from /home/airflow/.local/lib/python3.12/site-packages/airflow/example_dags/example_python_operator.py
[2025-03-10T20:41:01.783+0000] {processor.py:925} INFO - DAG(s) 'example_python_operator' retrieved from /home/airflow/.local/lib/python3.12/site-packages/airflow/example_dags/example_python_operator.py
[2025-03-10T20:41:01.811+0000] {logging_mixin.py:190} INFO - [2025-03-10T20:41:01.810+0000] {dag.py:3239} INFO - Sync 1 DAGs
[2025-03-10T20:41:01.829+0000] {logging_mixin.py:190} INFO - [2025-03-10T20:41:01.828+0000] {dag.py:4180} INFO - Setting next_dagrun for example_python_operator to None, run_after=None
[2025-03-10T20:41:01.850+0000] {processor.py:208} INFO - Processing /home/airflow/.local/lib/python3.12/site-packages/airflow/example_dags/example_python_operator.py took 0.091 seconds
[2025-03-10T20:41:32.585+0000] {processor.py:186} INFO - Started process (PID=1507) to work on /home/airflow/.local/lib/python3.12/site-packages/airflow/example_dags/example_python_operator.py
[2025-03-10T20:41:32.586+0000] {processor.py:914} INFO - Processing file /home/airflow/.local/lib/python3.12/site-packages/airflow/example_dags/example_python_operator.py for tasks to queue
[2025-03-10T20:41:32.590+0000] {logging_mixin.py:190} INFO - [2025-03-10T20:41:32.589+0000] {dagbag.py:588} INFO - Filling up the DagBag from /home/airflow/.local/lib/python3.12/site-packages/airflow/example_dags/example_python_operator.py
[2025-03-10T20:41:32.603+0000] {processor.py:925} INFO - DAG(s) 'example_python_operator' retrieved from /home/airflow/.local/lib/python3.12/site-packages/airflow/example_dags/example_python_operator.py
[2025-03-10T20:41:32.643+0000] {logging_mixin.py:190} INFO - [2025-03-10T20:41:32.643+0000] {dag.py:3239} INFO - Sync 1 DAGs
[2025-03-10T20:41:32.671+0000] {logging_mixin.py:190} INFO - [2025-03-10T20:41:32.671+0000] {dag.py:4180} INFO - Setting next_dagrun for example_python_operator to None, run_after=None
[2025-03-10T20:41:32.699+0000] {processor.py:208} INFO - Processing /home/airflow/.local/lib/python3.12/site-packages/airflow/example_dags/example_python_operator.py took 0.124 seconds
[2025-03-10T20:42:03.234+0000] {processor.py:186} INFO - Started process (PID=1570) to work on /home/airflow/.local/lib/python3.12/site-packages/airflow/example_dags/example_python_operator.py
[2025-03-10T20:42:03.235+0000] {processor.py:914} INFO - Processing file /home/airflow/.local/lib/python3.12/site-packages/airflow/example_dags/example_python_operator.py for tasks to queue
[2025-03-10T20:42:03.238+0000] {logging_mixin.py:190} INFO - [2025-03-10T20:42:03.237+0000] {dagbag.py:588} INFO - Filling up the DagBag from /home/airflow/.local/lib/python3.12/site-packages/airflow/example_dags/example_python_operator.py
[2025-03-10T20:42:03.254+0000] {processor.py:925} INFO - DAG(s) 'example_python_operator' retrieved from /home/airflow/.local/lib/python3.12/site-packages/airflow/example_dags/example_python_operator.py
[2025-03-10T20:42:03.284+0000] {logging_mixin.py:190} INFO - [2025-03-10T20:42:03.284+0000] {dag.py:3239} INFO - Sync 1 DAGs
[2025-03-10T20:42:03.304+0000] {logging_mixin.py:190} INFO - [2025-03-10T20:42:03.303+0000] {dag.py:4180} INFO - Setting next_dagrun for example_python_operator to None, run_after=None
[2025-03-10T20:42:03.326+0000] {processor.py:208} INFO - Processing /home/airflow/.local/lib/python3.12/site-packages/airflow/example_dags/example_python_operator.py took 0.101 seconds
[2025-03-10T20:42:34.534+0000] {processor.py:186} INFO - Started process (PID=1633) to work on /home/airflow/.local/lib/python3.12/site-packages/airflow/example_dags/example_python_operator.py
[2025-03-10T20:42:34.535+0000] {processor.py:914} INFO - Processing file /home/airflow/.local/lib/python3.12/site-packages/airflow/example_dags/example_python_operator.py for tasks to queue
[2025-03-10T20:42:34.538+0000] {logging_mixin.py:190} INFO - [2025-03-10T20:42:34.538+0000] {dagbag.py:588} INFO - Filling up the DagBag from /home/airflow/.local/lib/python3.12/site-packages/airflow/example_dags/example_python_operator.py
[2025-03-10T20:42:34.553+0000] {processor.py:925} INFO - DAG(s) 'example_python_operator' retrieved from /home/airflow/.local/lib/python3.12/site-packages/airflow/example_dags/example_python_operator.py
[2025-03-10T20:42:34.581+0000] {logging_mixin.py:190} INFO - [2025-03-10T20:42:34.581+0000] {dag.py:3239} INFO - Sync 1 DAGs
[2025-03-10T20:42:34.602+0000] {logging_mixin.py:190} INFO - [2025-03-10T20:42:34.602+0000] {dag.py:4180} INFO - Setting next_dagrun for example_python_operator to None, run_after=None
[2025-03-10T20:42:34.623+0000] {processor.py:208} INFO - Processing /home/airflow/.local/lib/python3.12/site-packages/airflow/example_dags/example_python_operator.py took 0.096 seconds
[2025-03-10T20:43:05.547+0000] {processor.py:186} INFO - Started process (PID=1696) to work on /home/airflow/.local/lib/python3.12/site-packages/airflow/example_dags/example_python_operator.py
[2025-03-10T20:43:05.547+0000] {processor.py:914} INFO - Processing file /home/airflow/.local/lib/python3.12/site-packages/airflow/example_dags/example_python_operator.py for tasks to queue
[2025-03-10T20:43:05.551+0000] {logging_mixin.py:190} INFO - [2025-03-10T20:43:05.550+0000] {dagbag.py:588} INFO - Filling up the DagBag from /home/airflow/.local/lib/python3.12/site-packages/airflow/example_dags/example_python_operator.py
[2025-03-10T20:43:05.571+0000] {processor.py:925} INFO - DAG(s) 'example_python_operator' retrieved from /home/airflow/.local/lib/python3.12/site-packages/airflow/example_dags/example_python_operator.py
[2025-03-10T20:43:05.600+0000] {logging_mixin.py:190} INFO - [2025-03-10T20:43:05.600+0000] {dag.py:3239} INFO - Sync 1 DAGs
[2025-03-10T20:43:05.618+0000] {logging_mixin.py:190} INFO - [2025-03-10T20:43:05.618+0000] {dag.py:4180} INFO - Setting next_dagrun for example_python_operator to None, run_after=None
[2025-03-10T20:43:05.640+0000] {processor.py:208} INFO - Processing /home/airflow/.local/lib/python3.12/site-packages/airflow/example_dags/example_python_operator.py took 0.100 seconds
[2025-03-10T20:43:36.205+0000] {processor.py:186} INFO - Started process (PID=1759) to work on /home/airflow/.local/lib/python3.12/site-packages/airflow/example_dags/example_python_operator.py
[2025-03-10T20:43:36.206+0000] {processor.py:914} INFO - Processing file /home/airflow/.local/lib/python3.12/site-packages/airflow/example_dags/example_python_operator.py for tasks to queue
[2025-03-10T20:43:36.209+0000] {logging_mixin.py:190} INFO - [2025-03-10T20:43:36.208+0000] {dagbag.py:588} INFO - Filling up the DagBag from /home/airflow/.local/lib/python3.12/site-packages/airflow/example_dags/example_python_operator.py
[2025-03-10T20:43:36.223+0000] {processor.py:925} INFO - DAG(s) 'example_python_operator' retrieved from /home/airflow/.local/lib/python3.12/site-packages/airflow/example_dags/example_python_operator.py
[2025-03-10T20:43:36.251+0000] {logging_mixin.py:190} INFO - [2025-03-10T20:43:36.250+0000] {dag.py:3239} INFO - Sync 1 DAGs
[2025-03-10T20:43:36.269+0000] {logging_mixin.py:190} INFO - [2025-03-10T20:43:36.269+0000] {dag.py:4180} INFO - Setting next_dagrun for example_python_operator to None, run_after=None
[2025-03-10T20:43:36.290+0000] {processor.py:208} INFO - Processing /home/airflow/.local/lib/python3.12/site-packages/airflow/example_dags/example_python_operator.py took 0.092 seconds
[2025-03-10T20:44:07.104+0000] {processor.py:186} INFO - Started process (PID=1822) to work on /home/airflow/.local/lib/python3.12/site-packages/airflow/example_dags/example_python_operator.py
[2025-03-10T20:44:07.104+0000] {processor.py:914} INFO - Processing file /home/airflow/.local/lib/python3.12/site-packages/airflow/example_dags/example_python_operator.py for tasks to queue
[2025-03-10T20:44:07.107+0000] {logging_mixin.py:190} INFO - [2025-03-10T20:44:07.107+0000] {dagbag.py:588} INFO - Filling up the DagBag from /home/airflow/.local/lib/python3.12/site-packages/airflow/example_dags/example_python_operator.py
[2025-03-10T20:44:07.122+0000] {processor.py:925} INFO - DAG(s) 'example_python_operator' retrieved from /home/airflow/.local/lib/python3.12/site-packages/airflow/example_dags/example_python_operator.py
[2025-03-10T20:44:07.150+0000] {logging_mixin.py:190} INFO - [2025-03-10T20:44:07.149+0000] {dag.py:3239} INFO - Sync 1 DAGs
[2025-03-10T20:44:07.167+0000] {logging_mixin.py:190} INFO - [2025-03-10T20:44:07.167+0000] {dag.py:4180} INFO - Setting next_dagrun for example_python_operator to None, run_after=None
[2025-03-10T20:44:07.188+0000] {processor.py:208} INFO - Processing /home/airflow/.local/lib/python3.12/site-packages/airflow/example_dags/example_python_operator.py took 0.092 seconds
[2025-03-10T20:44:39.330+0000] {processor.py:186} INFO - Started process (PID=1885) to work on /home/airflow/.local/lib/python3.12/site-packages/airflow/example_dags/example_python_operator.py
[2025-03-10T20:44:39.331+0000] {processor.py:914} INFO - Processing file /home/airflow/.local/lib/python3.12/site-packages/airflow/example_dags/example_python_operator.py for tasks to queue
[2025-03-10T20:44:39.334+0000] {logging_mixin.py:190} INFO - [2025-03-10T20:44:39.334+0000] {dagbag.py:588} INFO - Filling up the DagBag from /home/airflow/.local/lib/python3.12/site-packages/airflow/example_dags/example_python_operator.py
[2025-03-10T20:44:39.348+0000] {processor.py:925} INFO - DAG(s) 'example_python_operator' retrieved from /home/airflow/.local/lib/python3.12/site-packages/airflow/example_dags/example_python_operator.py
[2025-03-10T20:44:39.378+0000] {logging_mixin.py:190} INFO - [2025-03-10T20:44:39.377+0000] {dag.py:3239} INFO - Sync 1 DAGs
[2025-03-10T20:44:39.630+0000] {logging_mixin.py:190} INFO - [2025-03-10T20:44:39.629+0000] {dag.py:4180} INFO - Setting next_dagrun for example_python_operator to None, run_after=None
[2025-03-10T20:44:39.652+0000] {processor.py:208} INFO - Processing /home/airflow/.local/lib/python3.12/site-packages/airflow/example_dags/example_python_operator.py took 0.329 seconds
[2025-03-10T20:45:09.878+0000] {processor.py:186} INFO - Started process (PID=1948) to work on /home/airflow/.local/lib/python3.12/site-packages/airflow/example_dags/example_python_operator.py
[2025-03-10T20:45:09.879+0000] {processor.py:914} INFO - Processing file /home/airflow/.local/lib/python3.12/site-packages/airflow/example_dags/example_python_operator.py for tasks to queue
[2025-03-10T20:45:09.882+0000] {logging_mixin.py:190} INFO - [2025-03-10T20:45:09.882+0000] {dagbag.py:588} INFO - Filling up the DagBag from /home/airflow/.local/lib/python3.12/site-packages/airflow/example_dags/example_python_operator.py
[2025-03-10T20:45:09.896+0000] {processor.py:925} INFO - DAG(s) 'example_python_operator' retrieved from /home/airflow/.local/lib/python3.12/site-packages/airflow/example_dags/example_python_operator.py
[2025-03-10T20:45:09.924+0000] {logging_mixin.py:190} INFO - [2025-03-10T20:45:09.923+0000] {dag.py:3239} INFO - Sync 1 DAGs
[2025-03-10T20:45:09.941+0000] {logging_mixin.py:190} INFO - [2025-03-10T20:45:09.941+0000] {dag.py:4180} INFO - Setting next_dagrun for example_python_operator to None, run_after=None
[2025-03-10T20:45:10.210+0000] {processor.py:208} INFO - Processing /home/airflow/.local/lib/python3.12/site-packages/airflow/example_dags/example_python_operator.py took 0.338 seconds
[2025-03-10T20:45:40.485+0000] {processor.py:186} INFO - Started process (PID=2017) to work on /home/airflow/.local/lib/python3.12/site-packages/airflow/example_dags/example_python_operator.py
[2025-03-10T20:45:40.487+0000] {processor.py:914} INFO - Processing file /home/airflow/.local/lib/python3.12/site-packages/airflow/example_dags/example_python_operator.py for tasks to queue
[2025-03-10T20:45:40.492+0000] {logging_mixin.py:190} INFO - [2025-03-10T20:45:40.491+0000] {dagbag.py:588} INFO - Filling up the DagBag from /home/airflow/.local/lib/python3.12/site-packages/airflow/example_dags/example_python_operator.py
[2025-03-10T20:45:40.514+0000] {processor.py:925} INFO - DAG(s) 'example_python_operator' retrieved from /home/airflow/.local/lib/python3.12/site-packages/airflow/example_dags/example_python_operator.py
[2025-03-10T20:45:40.564+0000] {logging_mixin.py:190} INFO - [2025-03-10T20:45:40.563+0000] {dag.py:3239} INFO - Sync 1 DAGs
[2025-03-10T20:45:40.591+0000] {logging_mixin.py:190} INFO - [2025-03-10T20:45:40.591+0000] {dag.py:4180} INFO - Setting next_dagrun for example_python_operator to None, run_after=None
[2025-03-10T20:45:40.612+0000] {processor.py:208} INFO - Processing /home/airflow/.local/lib/python3.12/site-packages/airflow/example_dags/example_python_operator.py took 0.136 seconds
[2025-03-10T20:46:12.992+0000] {processor.py:186} INFO - Started process (PID=2080) to work on /home/airflow/.local/lib/python3.12/site-packages/airflow/example_dags/example_python_operator.py
[2025-03-10T20:46:12.993+0000] {processor.py:914} INFO - Processing file /home/airflow/.local/lib/python3.12/site-packages/airflow/example_dags/example_python_operator.py for tasks to queue
[2025-03-10T20:46:12.996+0000] {logging_mixin.py:190} INFO - [2025-03-10T20:46:12.996+0000] {dagbag.py:588} INFO - Filling up the DagBag from /home/airflow/.local/lib/python3.12/site-packages/airflow/example_dags/example_python_operator.py
[2025-03-10T20:46:13.012+0000] {processor.py:925} INFO - DAG(s) 'example_python_operator' retrieved from /home/airflow/.local/lib/python3.12/site-packages/airflow/example_dags/example_python_operator.py
[2025-03-10T20:46:13.044+0000] {logging_mixin.py:190} INFO - [2025-03-10T20:46:13.044+0000] {dag.py:3239} INFO - Sync 1 DAGs
[2025-03-10T20:46:13.063+0000] {logging_mixin.py:190} INFO - [2025-03-10T20:46:13.063+0000] {dag.py:4180} INFO - Setting next_dagrun for example_python_operator to None, run_after=None
[2025-03-10T20:46:13.088+0000] {processor.py:208} INFO - Processing /home/airflow/.local/lib/python3.12/site-packages/airflow/example_dags/example_python_operator.py took 0.103 seconds
[2025-03-10T20:46:43.793+0000] {processor.py:186} INFO - Started process (PID=2143) to work on /home/airflow/.local/lib/python3.12/site-packages/airflow/example_dags/example_python_operator.py
[2025-03-10T20:46:43.793+0000] {processor.py:914} INFO - Processing file /home/airflow/.local/lib/python3.12/site-packages/airflow/example_dags/example_python_operator.py for tasks to queue
[2025-03-10T20:46:43.797+0000] {logging_mixin.py:190} INFO - [2025-03-10T20:46:43.796+0000] {dagbag.py:588} INFO - Filling up the DagBag from /home/airflow/.local/lib/python3.12/site-packages/airflow/example_dags/example_python_operator.py
[2025-03-10T20:46:43.810+0000] {processor.py:925} INFO - DAG(s) 'example_python_operator' retrieved from /home/airflow/.local/lib/python3.12/site-packages/airflow/example_dags/example_python_operator.py
[2025-03-10T20:46:44.088+0000] {logging_mixin.py:190} INFO - [2025-03-10T20:46:44.088+0000] {dag.py:3239} INFO - Sync 1 DAGs
[2025-03-10T20:46:44.105+0000] {logging_mixin.py:190} INFO - [2025-03-10T20:46:44.104+0000] {dag.py:4180} INFO - Setting next_dagrun for example_python_operator to None, run_after=None
[2025-03-10T20:46:44.124+0000] {processor.py:208} INFO - Processing /home/airflow/.local/lib/python3.12/site-packages/airflow/example_dags/example_python_operator.py took 0.339 seconds
[2025-03-10T20:47:14.562+0000] {processor.py:186} INFO - Started process (PID=2206) to work on /home/airflow/.local/lib/python3.12/site-packages/airflow/example_dags/example_python_operator.py
[2025-03-10T20:47:14.564+0000] {processor.py:914} INFO - Processing file /home/airflow/.local/lib/python3.12/site-packages/airflow/example_dags/example_python_operator.py for tasks to queue
[2025-03-10T20:47:14.567+0000] {logging_mixin.py:190} INFO - [2025-03-10T20:47:14.566+0000] {dagbag.py:588} INFO - Filling up the DagBag from /home/airflow/.local/lib/python3.12/site-packages/airflow/example_dags/example_python_operator.py
[2025-03-10T20:47:14.581+0000] {processor.py:925} INFO - DAG(s) 'example_python_operator' retrieved from /home/airflow/.local/lib/python3.12/site-packages/airflow/example_dags/example_python_operator.py
[2025-03-10T20:47:14.609+0000] {logging_mixin.py:190} INFO - [2025-03-10T20:47:14.608+0000] {dag.py:3239} INFO - Sync 1 DAGs
[2025-03-10T20:47:14.627+0000] {logging_mixin.py:190} INFO - [2025-03-10T20:47:14.627+0000] {dag.py:4180} INFO - Setting next_dagrun for example_python_operator to None, run_after=None
[2025-03-10T20:47:14.647+0000] {processor.py:208} INFO - Processing /home/airflow/.local/lib/python3.12/site-packages/airflow/example_dags/example_python_operator.py took 0.091 seconds
[2025-03-10T20:47:45.264+0000] {processor.py:186} INFO - Started process (PID=2269) to work on /home/airflow/.local/lib/python3.12/site-packages/airflow/example_dags/example_python_operator.py
[2025-03-10T20:47:45.265+0000] {processor.py:914} INFO - Processing file /home/airflow/.local/lib/python3.12/site-packages/airflow/example_dags/example_python_operator.py for tasks to queue
[2025-03-10T20:47:45.268+0000] {logging_mixin.py:190} INFO - [2025-03-10T20:47:45.267+0000] {dagbag.py:588} INFO - Filling up the DagBag from /home/airflow/.local/lib/python3.12/site-packages/airflow/example_dags/example_python_operator.py
[2025-03-10T20:47:45.283+0000] {processor.py:925} INFO - DAG(s) 'example_python_operator' retrieved from /home/airflow/.local/lib/python3.12/site-packages/airflow/example_dags/example_python_operator.py
[2025-03-10T20:47:45.312+0000] {logging_mixin.py:190} INFO - [2025-03-10T20:47:45.312+0000] {dag.py:3239} INFO - Sync 1 DAGs
[2025-03-10T20:47:45.330+0000] {logging_mixin.py:190} INFO - [2025-03-10T20:47:45.330+0000] {dag.py:4180} INFO - Setting next_dagrun for example_python_operator to None, run_after=None
[2025-03-10T20:47:45.350+0000] {processor.py:208} INFO - Processing /home/airflow/.local/lib/python3.12/site-packages/airflow/example_dags/example_python_operator.py took 0.093 seconds
[2025-03-10T20:48:15.749+0000] {processor.py:186} INFO - Started process (PID=2332) to work on /home/airflow/.local/lib/python3.12/site-packages/airflow/example_dags/example_python_operator.py
[2025-03-10T20:48:15.751+0000] {processor.py:914} INFO - Processing file /home/airflow/.local/lib/python3.12/site-packages/airflow/example_dags/example_python_operator.py for tasks to queue
[2025-03-10T20:48:15.753+0000] {logging_mixin.py:190} INFO - [2025-03-10T20:48:15.753+0000] {dagbag.py:588} INFO - Filling up the DagBag from /home/airflow/.local/lib/python3.12/site-packages/airflow/example_dags/example_python_operator.py
[2025-03-10T20:48:15.768+0000] {processor.py:925} INFO - DAG(s) 'example_python_operator' retrieved from /home/airflow/.local/lib/python3.12/site-packages/airflow/example_dags/example_python_operator.py
[2025-03-10T20:48:15.796+0000] {logging_mixin.py:190} INFO - [2025-03-10T20:48:15.796+0000] {dag.py:3239} INFO - Sync 1 DAGs
[2025-03-10T20:48:15.814+0000] {logging_mixin.py:190} INFO - [2025-03-10T20:48:15.814+0000] {dag.py:4180} INFO - Setting next_dagrun for example_python_operator to None, run_after=None
[2025-03-10T20:48:15.840+0000] {processor.py:208} INFO - Processing /home/airflow/.local/lib/python3.12/site-packages/airflow/example_dags/example_python_operator.py took 0.098 seconds
[2025-03-10T20:48:46.311+0000] {processor.py:186} INFO - Started process (PID=2395) to work on /home/airflow/.local/lib/python3.12/site-packages/airflow/example_dags/example_python_operator.py
[2025-03-10T20:48:46.312+0000] {processor.py:914} INFO - Processing file /home/airflow/.local/lib/python3.12/site-packages/airflow/example_dags/example_python_operator.py for tasks to queue
[2025-03-10T20:48:46.315+0000] {logging_mixin.py:190} INFO - [2025-03-10T20:48:46.314+0000] {dagbag.py:588} INFO - Filling up the DagBag from /home/airflow/.local/lib/python3.12/site-packages/airflow/example_dags/example_python_operator.py
[2025-03-10T20:48:46.329+0000] {processor.py:925} INFO - DAG(s) 'example_python_operator' retrieved from /home/airflow/.local/lib/python3.12/site-packages/airflow/example_dags/example_python_operator.py
[2025-03-10T20:48:46.366+0000] {logging_mixin.py:190} INFO - [2025-03-10T20:48:46.365+0000] {dag.py:3239} INFO - Sync 1 DAGs
[2025-03-10T20:48:46.392+0000] {logging_mixin.py:190} INFO - [2025-03-10T20:48:46.391+0000] {dag.py:4180} INFO - Setting next_dagrun for example_python_operator to None, run_after=None
[2025-03-10T20:48:46.418+0000] {processor.py:208} INFO - Processing /home/airflow/.local/lib/python3.12/site-packages/airflow/example_dags/example_python_operator.py took 0.114 seconds
[2025-03-10T20:49:16.896+0000] {processor.py:186} INFO - Started process (PID=2458) to work on /home/airflow/.local/lib/python3.12/site-packages/airflow/example_dags/example_python_operator.py
[2025-03-10T20:49:16.897+0000] {processor.py:914} INFO - Processing file /home/airflow/.local/lib/python3.12/site-packages/airflow/example_dags/example_python_operator.py for tasks to queue
[2025-03-10T20:49:16.900+0000] {logging_mixin.py:190} INFO - [2025-03-10T20:49:16.900+0000] {dagbag.py:588} INFO - Filling up the DagBag from /home/airflow/.local/lib/python3.12/site-packages/airflow/example_dags/example_python_operator.py
[2025-03-10T20:49:16.914+0000] {processor.py:925} INFO - DAG(s) 'example_python_operator' retrieved from /home/airflow/.local/lib/python3.12/site-packages/airflow/example_dags/example_python_operator.py
[2025-03-10T20:49:16.943+0000] {logging_mixin.py:190} INFO - [2025-03-10T20:49:16.943+0000] {dag.py:3239} INFO - Sync 1 DAGs
[2025-03-10T20:49:16.962+0000] {logging_mixin.py:190} INFO - [2025-03-10T20:49:16.962+0000] {dag.py:4180} INFO - Setting next_dagrun for example_python_operator to None, run_after=None
[2025-03-10T20:49:16.985+0000] {processor.py:208} INFO - Processing /home/airflow/.local/lib/python3.12/site-packages/airflow/example_dags/example_python_operator.py took 0.096 seconds
[2025-03-10T20:49:47.286+0000] {processor.py:186} INFO - Started process (PID=2521) to work on /home/airflow/.local/lib/python3.12/site-packages/airflow/example_dags/example_python_operator.py
[2025-03-10T20:49:47.287+0000] {processor.py:914} INFO - Processing file /home/airflow/.local/lib/python3.12/site-packages/airflow/example_dags/example_python_operator.py for tasks to queue
[2025-03-10T20:49:47.290+0000] {logging_mixin.py:190} INFO - [2025-03-10T20:49:47.289+0000] {dagbag.py:588} INFO - Filling up the DagBag from /home/airflow/.local/lib/python3.12/site-packages/airflow/example_dags/example_python_operator.py
[2025-03-10T20:49:47.304+0000] {processor.py:925} INFO - DAG(s) 'example_python_operator' retrieved from /home/airflow/.local/lib/python3.12/site-packages/airflow/example_dags/example_python_operator.py
[2025-03-10T20:49:47.332+0000] {logging_mixin.py:190} INFO - [2025-03-10T20:49:47.332+0000] {dag.py:3239} INFO - Sync 1 DAGs
[2025-03-10T20:49:47.349+0000] {logging_mixin.py:190} INFO - [2025-03-10T20:49:47.349+0000] {dag.py:4180} INFO - Setting next_dagrun for example_python_operator to None, run_after=None
[2025-03-10T20:49:47.370+0000] {processor.py:208} INFO - Processing /home/airflow/.local/lib/python3.12/site-packages/airflow/example_dags/example_python_operator.py took 0.091 seconds
[2025-03-10T20:50:17.884+0000] {processor.py:186} INFO - Started process (PID=2584) to work on /home/airflow/.local/lib/python3.12/site-packages/airflow/example_dags/example_python_operator.py
[2025-03-10T20:50:17.885+0000] {processor.py:914} INFO - Processing file /home/airflow/.local/lib/python3.12/site-packages/airflow/example_dags/example_python_operator.py for tasks to queue
[2025-03-10T20:50:17.889+0000] {logging_mixin.py:190} INFO - [2025-03-10T20:50:17.888+0000] {dagbag.py:588} INFO - Filling up the DagBag from /home/airflow/.local/lib/python3.12/site-packages/airflow/example_dags/example_python_operator.py
[2025-03-10T20:50:17.903+0000] {processor.py:925} INFO - DAG(s) 'example_python_operator' retrieved from /home/airflow/.local/lib/python3.12/site-packages/airflow/example_dags/example_python_operator.py
[2025-03-10T20:50:17.931+0000] {logging_mixin.py:190} INFO - [2025-03-10T20:50:17.931+0000] {dag.py:3239} INFO - Sync 1 DAGs
[2025-03-10T20:50:17.949+0000] {logging_mixin.py:190} INFO - [2025-03-10T20:50:17.949+0000] {dag.py:4180} INFO - Setting next_dagrun for example_python_operator to None, run_after=None
[2025-03-10T20:50:17.970+0000] {processor.py:208} INFO - Processing /home/airflow/.local/lib/python3.12/site-packages/airflow/example_dags/example_python_operator.py took 0.093 seconds
[2025-03-10T23:08:58.631+0000] {processor.py:186} INFO - Started process (PID=116) to work on /home/airflow/.local/lib/python3.12/site-packages/airflow/example_dags/example_python_operator.py
[2025-03-10T23:08:58.633+0000] {processor.py:914} INFO - Processing file /home/airflow/.local/lib/python3.12/site-packages/airflow/example_dags/example_python_operator.py for tasks to queue
[2025-03-10T23:08:58.636+0000] {logging_mixin.py:190} INFO - [2025-03-10T23:08:58.636+0000] {dagbag.py:588} INFO - Filling up the DagBag from /home/airflow/.local/lib/python3.12/site-packages/airflow/example_dags/example_python_operator.py
[2025-03-10T23:08:58.654+0000] {processor.py:925} INFO - DAG(s) 'example_python_operator' retrieved from /home/airflow/.local/lib/python3.12/site-packages/airflow/example_dags/example_python_operator.py
[2025-03-10T23:08:58.761+0000] {logging_mixin.py:190} INFO - [2025-03-10T23:08:58.760+0000] {dag.py:3239} INFO - Sync 1 DAGs
[2025-03-10T23:08:58.782+0000] {logging_mixin.py:190} INFO - [2025-03-10T23:08:58.781+0000] {dag.py:4180} INFO - Setting next_dagrun for example_python_operator to None, run_after=None
[2025-03-10T23:08:58.813+0000] {processor.py:208} INFO - Processing /home/airflow/.local/lib/python3.12/site-packages/airflow/example_dags/example_python_operator.py took 0.189 seconds
[2025-03-10T23:10:34.105+0000] {processor.py:186} INFO - Started process (PID=173) to work on /home/airflow/.local/lib/python3.12/site-packages/airflow/example_dags/example_python_operator.py
[2025-03-10T23:10:34.106+0000] {processor.py:914} INFO - Processing file /home/airflow/.local/lib/python3.12/site-packages/airflow/example_dags/example_python_operator.py for tasks to queue
[2025-03-10T23:10:34.107+0000] {logging_mixin.py:190} INFO - [2025-03-10T23:10:34.107+0000] {dagbag.py:588} INFO - Filling up the DagBag from /home/airflow/.local/lib/python3.12/site-packages/airflow/example_dags/example_python_operator.py
[2025-03-10T23:10:34.121+0000] {processor.py:925} INFO - DAG(s) 'example_python_operator' retrieved from /home/airflow/.local/lib/python3.12/site-packages/airflow/example_dags/example_python_operator.py
[2025-03-10T23:10:34.149+0000] {logging_mixin.py:190} INFO - [2025-03-10T23:10:34.149+0000] {dag.py:3239} INFO - Sync 1 DAGs
[2025-03-10T23:10:34.167+0000] {logging_mixin.py:190} INFO - [2025-03-10T23:10:34.167+0000] {dag.py:4180} INFO - Setting next_dagrun for example_python_operator to None, run_after=None
[2025-03-10T23:10:34.186+0000] {processor.py:208} INFO - Processing /home/airflow/.local/lib/python3.12/site-packages/airflow/example_dags/example_python_operator.py took 0.089 seconds
[2025-03-10T23:13:25.928+0000] {processor.py:186} INFO - Started process (PID=231) to work on /home/airflow/.local/lib/python3.12/site-packages/airflow/example_dags/example_python_operator.py
[2025-03-10T23:13:25.933+0000] {processor.py:914} INFO - Processing file /home/airflow/.local/lib/python3.12/site-packages/airflow/example_dags/example_python_operator.py for tasks to queue
[2025-03-10T23:13:25.937+0000] {logging_mixin.py:190} INFO - [2025-03-10T23:13:25.936+0000] {dagbag.py:588} INFO - Filling up the DagBag from /home/airflow/.local/lib/python3.12/site-packages/airflow/example_dags/example_python_operator.py
[2025-03-10T23:13:25.986+0000] {processor.py:925} INFO - DAG(s) 'example_python_operator' retrieved from /home/airflow/.local/lib/python3.12/site-packages/airflow/example_dags/example_python_operator.py
[2025-03-10T23:13:26.080+0000] {logging_mixin.py:190} INFO - [2025-03-10T23:13:26.079+0000] {dag.py:3239} INFO - Sync 1 DAGs
[2025-03-10T23:13:26.151+0000] {logging_mixin.py:190} INFO - [2025-03-10T23:13:26.150+0000] {dag.py:4180} INFO - Setting next_dagrun for example_python_operator to None, run_after=None
[2025-03-10T23:13:26.221+0000] {processor.py:208} INFO - Processing /home/airflow/.local/lib/python3.12/site-packages/airflow/example_dags/example_python_operator.py took 0.336 seconds
[2025-03-10T23:15:01.673+0000] {processor.py:186} INFO - Started process (PID=304) to work on /home/airflow/.local/lib/python3.12/site-packages/airflow/example_dags/example_python_operator.py
[2025-03-10T23:15:01.677+0000] {processor.py:914} INFO - Processing file /home/airflow/.local/lib/python3.12/site-packages/airflow/example_dags/example_python_operator.py for tasks to queue
[2025-03-10T23:15:01.681+0000] {logging_mixin.py:190} INFO - [2025-03-10T23:15:01.680+0000] {dagbag.py:588} INFO - Filling up the DagBag from /home/airflow/.local/lib/python3.12/site-packages/airflow/example_dags/example_python_operator.py
[2025-03-10T23:15:01.732+0000] {processor.py:925} INFO - DAG(s) 'example_python_operator' retrieved from /home/airflow/.local/lib/python3.12/site-packages/airflow/example_dags/example_python_operator.py
[2025-03-10T23:15:01.867+0000] {logging_mixin.py:190} INFO - [2025-03-10T23:15:01.866+0000] {dag.py:3239} INFO - Sync 1 DAGs
[2025-03-10T23:15:01.970+0000] {logging_mixin.py:190} INFO - [2025-03-10T23:15:01.968+0000] {dag.py:4180} INFO - Setting next_dagrun for example_python_operator to None, run_after=None
[2025-03-10T23:15:02.060+0000] {processor.py:208} INFO - Processing /home/airflow/.local/lib/python3.12/site-packages/airflow/example_dags/example_python_operator.py took 0.414 seconds
[2025-03-10T23:15:33.141+0000] {processor.py:186} INFO - Started process (PID=367) to work on /home/airflow/.local/lib/python3.12/site-packages/airflow/example_dags/example_python_operator.py
[2025-03-10T23:15:33.145+0000] {processor.py:914} INFO - Processing file /home/airflow/.local/lib/python3.12/site-packages/airflow/example_dags/example_python_operator.py for tasks to queue
[2025-03-10T23:15:33.153+0000] {logging_mixin.py:190} INFO - [2025-03-10T23:15:33.150+0000] {dagbag.py:588} INFO - Filling up the DagBag from /home/airflow/.local/lib/python3.12/site-packages/airflow/example_dags/example_python_operator.py
[2025-03-10T23:15:33.229+0000] {processor.py:925} INFO - DAG(s) 'example_python_operator' retrieved from /home/airflow/.local/lib/python3.12/site-packages/airflow/example_dags/example_python_operator.py
[2025-03-10T23:15:33.336+0000] {logging_mixin.py:190} INFO - [2025-03-10T23:15:33.335+0000] {dag.py:3239} INFO - Sync 1 DAGs
[2025-03-10T23:15:33.431+0000] {logging_mixin.py:190} INFO - [2025-03-10T23:15:33.431+0000] {dag.py:4180} INFO - Setting next_dagrun for example_python_operator to None, run_after=None
[2025-03-10T23:15:33.558+0000] {processor.py:208} INFO - Processing /home/airflow/.local/lib/python3.12/site-packages/airflow/example_dags/example_python_operator.py took 0.454 seconds
[2025-03-10T23:16:04.308+0000] {processor.py:186} INFO - Started process (PID=430) to work on /home/airflow/.local/lib/python3.12/site-packages/airflow/example_dags/example_python_operator.py
[2025-03-10T23:16:04.311+0000] {processor.py:914} INFO - Processing file /home/airflow/.local/lib/python3.12/site-packages/airflow/example_dags/example_python_operator.py for tasks to queue
[2025-03-10T23:16:04.316+0000] {logging_mixin.py:190} INFO - [2025-03-10T23:16:04.315+0000] {dagbag.py:588} INFO - Filling up the DagBag from /home/airflow/.local/lib/python3.12/site-packages/airflow/example_dags/example_python_operator.py
[2025-03-10T23:16:04.368+0000] {processor.py:925} INFO - DAG(s) 'example_python_operator' retrieved from /home/airflow/.local/lib/python3.12/site-packages/airflow/example_dags/example_python_operator.py
[2025-03-10T23:16:04.462+0000] {logging_mixin.py:190} INFO - [2025-03-10T23:16:04.461+0000] {dag.py:3239} INFO - Sync 1 DAGs
[2025-03-10T23:16:04.529+0000] {logging_mixin.py:190} INFO - [2025-03-10T23:16:04.528+0000] {dag.py:4180} INFO - Setting next_dagrun for example_python_operator to None, run_after=None
[2025-03-10T23:16:04.608+0000] {processor.py:208} INFO - Processing /home/airflow/.local/lib/python3.12/site-packages/airflow/example_dags/example_python_operator.py took 0.324 seconds
[2025-03-10T23:16:35.589+0000] {processor.py:186} INFO - Started process (PID=493) to work on /home/airflow/.local/lib/python3.12/site-packages/airflow/example_dags/example_python_operator.py
[2025-03-10T23:16:35.590+0000] {processor.py:914} INFO - Processing file /home/airflow/.local/lib/python3.12/site-packages/airflow/example_dags/example_python_operator.py for tasks to queue
[2025-03-10T23:16:35.592+0000] {logging_mixin.py:190} INFO - [2025-03-10T23:16:35.591+0000] {dagbag.py:588} INFO - Filling up the DagBag from /home/airflow/.local/lib/python3.12/site-packages/airflow/example_dags/example_python_operator.py
[2025-03-10T23:16:35.609+0000] {processor.py:925} INFO - DAG(s) 'example_python_operator' retrieved from /home/airflow/.local/lib/python3.12/site-packages/airflow/example_dags/example_python_operator.py
[2025-03-10T23:16:35.636+0000] {logging_mixin.py:190} INFO - [2025-03-10T23:16:35.636+0000] {dag.py:3239} INFO - Sync 1 DAGs
[2025-03-10T23:16:35.654+0000] {logging_mixin.py:190} INFO - [2025-03-10T23:16:35.654+0000] {dag.py:4180} INFO - Setting next_dagrun for example_python_operator to None, run_after=None
[2025-03-10T23:16:35.677+0000] {processor.py:208} INFO - Processing /home/airflow/.local/lib/python3.12/site-packages/airflow/example_dags/example_python_operator.py took 0.096 seconds
[2025-03-10T23:17:06.219+0000] {processor.py:186} INFO - Started process (PID=556) to work on /home/airflow/.local/lib/python3.12/site-packages/airflow/example_dags/example_python_operator.py
[2025-03-10T23:17:06.220+0000] {processor.py:914} INFO - Processing file /home/airflow/.local/lib/python3.12/site-packages/airflow/example_dags/example_python_operator.py for tasks to queue
[2025-03-10T23:17:06.221+0000] {logging_mixin.py:190} INFO - [2025-03-10T23:17:06.221+0000] {dagbag.py:588} INFO - Filling up the DagBag from /home/airflow/.local/lib/python3.12/site-packages/airflow/example_dags/example_python_operator.py
[2025-03-10T23:17:06.238+0000] {processor.py:925} INFO - DAG(s) 'example_python_operator' retrieved from /home/airflow/.local/lib/python3.12/site-packages/airflow/example_dags/example_python_operator.py
[2025-03-10T23:17:06.268+0000] {logging_mixin.py:190} INFO - [2025-03-10T23:17:06.268+0000] {dag.py:3239} INFO - Sync 1 DAGs
[2025-03-10T23:17:06.286+0000] {logging_mixin.py:190} INFO - [2025-03-10T23:17:06.286+0000] {dag.py:4180} INFO - Setting next_dagrun for example_python_operator to None, run_after=None
[2025-03-10T23:17:06.307+0000] {processor.py:208} INFO - Processing /home/airflow/.local/lib/python3.12/site-packages/airflow/example_dags/example_python_operator.py took 0.096 seconds
[2025-03-10T23:17:36.412+0000] {processor.py:186} INFO - Started process (PID=619) to work on /home/airflow/.local/lib/python3.12/site-packages/airflow/example_dags/example_python_operator.py
[2025-03-10T23:17:36.412+0000] {processor.py:914} INFO - Processing file /home/airflow/.local/lib/python3.12/site-packages/airflow/example_dags/example_python_operator.py for tasks to queue
[2025-03-10T23:17:36.414+0000] {logging_mixin.py:190} INFO - [2025-03-10T23:17:36.413+0000] {dagbag.py:588} INFO - Filling up the DagBag from /home/airflow/.local/lib/python3.12/site-packages/airflow/example_dags/example_python_operator.py
[2025-03-10T23:17:36.429+0000] {processor.py:925} INFO - DAG(s) 'example_python_operator' retrieved from /home/airflow/.local/lib/python3.12/site-packages/airflow/example_dags/example_python_operator.py
[2025-03-10T23:17:36.455+0000] {logging_mixin.py:190} INFO - [2025-03-10T23:17:36.455+0000] {dag.py:3239} INFO - Sync 1 DAGs
[2025-03-10T23:17:36.473+0000] {logging_mixin.py:190} INFO - [2025-03-10T23:17:36.473+0000] {dag.py:4180} INFO - Setting next_dagrun for example_python_operator to None, run_after=None
[2025-03-10T23:17:36.493+0000] {processor.py:208} INFO - Processing /home/airflow/.local/lib/python3.12/site-packages/airflow/example_dags/example_python_operator.py took 0.089 seconds
[2025-03-10T23:18:06.619+0000] {processor.py:186} INFO - Started process (PID=682) to work on /home/airflow/.local/lib/python3.12/site-packages/airflow/example_dags/example_python_operator.py
[2025-03-10T23:18:06.620+0000] {processor.py:914} INFO - Processing file /home/airflow/.local/lib/python3.12/site-packages/airflow/example_dags/example_python_operator.py for tasks to queue
[2025-03-10T23:18:06.621+0000] {logging_mixin.py:190} INFO - [2025-03-10T23:18:06.621+0000] {dagbag.py:588} INFO - Filling up the DagBag from /home/airflow/.local/lib/python3.12/site-packages/airflow/example_dags/example_python_operator.py
[2025-03-10T23:18:06.638+0000] {processor.py:925} INFO - DAG(s) 'example_python_operator' retrieved from /home/airflow/.local/lib/python3.12/site-packages/airflow/example_dags/example_python_operator.py
[2025-03-10T23:18:06.667+0000] {logging_mixin.py:190} INFO - [2025-03-10T23:18:06.666+0000] {dag.py:3239} INFO - Sync 1 DAGs
[2025-03-10T23:18:06.684+0000] {logging_mixin.py:190} INFO - [2025-03-10T23:18:06.684+0000] {dag.py:4180} INFO - Setting next_dagrun for example_python_operator to None, run_after=None
[2025-03-10T23:18:06.703+0000] {processor.py:208} INFO - Processing /home/airflow/.local/lib/python3.12/site-packages/airflow/example_dags/example_python_operator.py took 0.092 seconds
[2025-03-10T23:18:36.837+0000] {processor.py:186} INFO - Started process (PID=745) to work on /home/airflow/.local/lib/python3.12/site-packages/airflow/example_dags/example_python_operator.py
[2025-03-10T23:18:36.838+0000] {processor.py:914} INFO - Processing file /home/airflow/.local/lib/python3.12/site-packages/airflow/example_dags/example_python_operator.py for tasks to queue
[2025-03-10T23:18:36.839+0000] {logging_mixin.py:190} INFO - [2025-03-10T23:18:36.839+0000] {dagbag.py:588} INFO - Filling up the DagBag from /home/airflow/.local/lib/python3.12/site-packages/airflow/example_dags/example_python_operator.py
[2025-03-10T23:18:36.854+0000] {processor.py:925} INFO - DAG(s) 'example_python_operator' retrieved from /home/airflow/.local/lib/python3.12/site-packages/airflow/example_dags/example_python_operator.py
[2025-03-10T23:18:36.883+0000] {logging_mixin.py:190} INFO - [2025-03-10T23:18:36.882+0000] {dag.py:3239} INFO - Sync 1 DAGs
[2025-03-10T23:18:36.901+0000] {logging_mixin.py:190} INFO - [2025-03-10T23:18:36.901+0000] {dag.py:4180} INFO - Setting next_dagrun for example_python_operator to None, run_after=None
[2025-03-10T23:18:36.922+0000] {processor.py:208} INFO - Processing /home/airflow/.local/lib/python3.12/site-packages/airflow/example_dags/example_python_operator.py took 0.092 seconds
[2025-03-10T23:19:07.273+0000] {processor.py:186} INFO - Started process (PID=808) to work on /home/airflow/.local/lib/python3.12/site-packages/airflow/example_dags/example_python_operator.py
[2025-03-10T23:19:07.274+0000] {processor.py:914} INFO - Processing file /home/airflow/.local/lib/python3.12/site-packages/airflow/example_dags/example_python_operator.py for tasks to queue
[2025-03-10T23:19:07.275+0000] {logging_mixin.py:190} INFO - [2025-03-10T23:19:07.275+0000] {dagbag.py:588} INFO - Filling up the DagBag from /home/airflow/.local/lib/python3.12/site-packages/airflow/example_dags/example_python_operator.py
[2025-03-10T23:19:07.290+0000] {processor.py:925} INFO - DAG(s) 'example_python_operator' retrieved from /home/airflow/.local/lib/python3.12/site-packages/airflow/example_dags/example_python_operator.py
[2025-03-10T23:19:07.317+0000] {logging_mixin.py:190} INFO - [2025-03-10T23:19:07.316+0000] {dag.py:3239} INFO - Sync 1 DAGs
[2025-03-10T23:19:07.336+0000] {logging_mixin.py:190} INFO - [2025-03-10T23:19:07.335+0000] {dag.py:4180} INFO - Setting next_dagrun for example_python_operator to None, run_after=None
[2025-03-10T23:19:07.358+0000] {processor.py:208} INFO - Processing /home/airflow/.local/lib/python3.12/site-packages/airflow/example_dags/example_python_operator.py took 0.092 seconds
[2025-03-10T23:27:11.424+0000] {processor.py:186} INFO - Started process (PID=103) to work on /home/airflow/.local/lib/python3.12/site-packages/airflow/example_dags/example_python_operator.py
[2025-03-10T23:27:11.425+0000] {processor.py:914} INFO - Processing file /home/airflow/.local/lib/python3.12/site-packages/airflow/example_dags/example_python_operator.py for tasks to queue
[2025-03-10T23:27:11.428+0000] {logging_mixin.py:190} INFO - [2025-03-10T23:27:11.427+0000] {dagbag.py:588} INFO - Filling up the DagBag from /home/airflow/.local/lib/python3.12/site-packages/airflow/example_dags/example_python_operator.py
[2025-03-10T23:27:11.441+0000] {processor.py:925} INFO - DAG(s) 'example_python_operator' retrieved from /home/airflow/.local/lib/python3.12/site-packages/airflow/example_dags/example_python_operator.py
[2025-03-10T23:27:11.575+0000] {logging_mixin.py:190} INFO - [2025-03-10T23:27:11.574+0000] {dag.py:3239} INFO - Sync 1 DAGs
[2025-03-10T23:27:11.613+0000] {logging_mixin.py:190} INFO - [2025-03-10T23:27:11.612+0000] {dag.py:4180} INFO - Setting next_dagrun for example_python_operator to None, run_after=None
[2025-03-10T23:27:11.684+0000] {processor.py:208} INFO - Processing /home/airflow/.local/lib/python3.12/site-packages/airflow/example_dags/example_python_operator.py took 0.266 seconds
[2025-03-10T23:27:42.500+0000] {processor.py:186} INFO - Started process (PID=166) to work on /home/airflow/.local/lib/python3.12/site-packages/airflow/example_dags/example_python_operator.py
[2025-03-10T23:27:42.501+0000] {processor.py:914} INFO - Processing file /home/airflow/.local/lib/python3.12/site-packages/airflow/example_dags/example_python_operator.py for tasks to queue
[2025-03-10T23:27:42.504+0000] {logging_mixin.py:190} INFO - [2025-03-10T23:27:42.503+0000] {dagbag.py:588} INFO - Filling up the DagBag from /home/airflow/.local/lib/python3.12/site-packages/airflow/example_dags/example_python_operator.py
[2025-03-10T23:27:42.517+0000] {processor.py:925} INFO - DAG(s) 'example_python_operator' retrieved from /home/airflow/.local/lib/python3.12/site-packages/airflow/example_dags/example_python_operator.py
[2025-03-10T23:27:42.544+0000] {logging_mixin.py:190} INFO - [2025-03-10T23:27:42.544+0000] {dag.py:3239} INFO - Sync 1 DAGs
[2025-03-10T23:27:42.561+0000] {logging_mixin.py:190} INFO - [2025-03-10T23:27:42.561+0000] {dag.py:4180} INFO - Setting next_dagrun for example_python_operator to None, run_after=None
[2025-03-10T23:27:42.582+0000] {processor.py:208} INFO - Processing /home/airflow/.local/lib/python3.12/site-packages/airflow/example_dags/example_python_operator.py took 0.089 seconds
[2025-03-10T23:28:13.053+0000] {processor.py:186} INFO - Started process (PID=229) to work on /home/airflow/.local/lib/python3.12/site-packages/airflow/example_dags/example_python_operator.py
[2025-03-10T23:28:13.054+0000] {processor.py:914} INFO - Processing file /home/airflow/.local/lib/python3.12/site-packages/airflow/example_dags/example_python_operator.py for tasks to queue
[2025-03-10T23:28:13.057+0000] {logging_mixin.py:190} INFO - [2025-03-10T23:28:13.057+0000] {dagbag.py:588} INFO - Filling up the DagBag from /home/airflow/.local/lib/python3.12/site-packages/airflow/example_dags/example_python_operator.py
[2025-03-10T23:28:13.072+0000] {processor.py:925} INFO - DAG(s) 'example_python_operator' retrieved from /home/airflow/.local/lib/python3.12/site-packages/airflow/example_dags/example_python_operator.py
[2025-03-10T23:28:13.099+0000] {logging_mixin.py:190} INFO - [2025-03-10T23:28:13.099+0000] {dag.py:3239} INFO - Sync 1 DAGs
[2025-03-10T23:28:13.116+0000] {logging_mixin.py:190} INFO - [2025-03-10T23:28:13.116+0000] {dag.py:4180} INFO - Setting next_dagrun for example_python_operator to None, run_after=None
[2025-03-10T23:28:13.136+0000] {processor.py:208} INFO - Processing /home/airflow/.local/lib/python3.12/site-packages/airflow/example_dags/example_python_operator.py took 0.092 seconds
[2025-03-10T23:28:43.878+0000] {processor.py:186} INFO - Started process (PID=292) to work on /home/airflow/.local/lib/python3.12/site-packages/airflow/example_dags/example_python_operator.py
[2025-03-10T23:28:43.879+0000] {processor.py:914} INFO - Processing file /home/airflow/.local/lib/python3.12/site-packages/airflow/example_dags/example_python_operator.py for tasks to queue
[2025-03-10T23:28:43.882+0000] {logging_mixin.py:190} INFO - [2025-03-10T23:28:43.882+0000] {dagbag.py:588} INFO - Filling up the DagBag from /home/airflow/.local/lib/python3.12/site-packages/airflow/example_dags/example_python_operator.py
[2025-03-10T23:28:43.896+0000] {processor.py:925} INFO - DAG(s) 'example_python_operator' retrieved from /home/airflow/.local/lib/python3.12/site-packages/airflow/example_dags/example_python_operator.py
[2025-03-10T23:28:43.931+0000] {logging_mixin.py:190} INFO - [2025-03-10T23:28:43.931+0000] {dag.py:3239} INFO - Sync 1 DAGs
[2025-03-10T23:28:43.950+0000] {logging_mixin.py:190} INFO - [2025-03-10T23:28:43.950+0000] {dag.py:4180} INFO - Setting next_dagrun for example_python_operator to None, run_after=None
[2025-03-10T23:28:43.975+0000] {processor.py:208} INFO - Processing /home/airflow/.local/lib/python3.12/site-packages/airflow/example_dags/example_python_operator.py took 0.104 seconds
[2025-03-10T23:29:15.084+0000] {processor.py:186} INFO - Started process (PID=355) to work on /home/airflow/.local/lib/python3.12/site-packages/airflow/example_dags/example_python_operator.py
[2025-03-10T23:29:15.085+0000] {processor.py:914} INFO - Processing file /home/airflow/.local/lib/python3.12/site-packages/airflow/example_dags/example_python_operator.py for tasks to queue
[2025-03-10T23:29:15.088+0000] {logging_mixin.py:190} INFO - [2025-03-10T23:29:15.087+0000] {dagbag.py:588} INFO - Filling up the DagBag from /home/airflow/.local/lib/python3.12/site-packages/airflow/example_dags/example_python_operator.py
[2025-03-10T23:29:15.101+0000] {processor.py:925} INFO - DAG(s) 'example_python_operator' retrieved from /home/airflow/.local/lib/python3.12/site-packages/airflow/example_dags/example_python_operator.py
[2025-03-10T23:29:15.130+0000] {logging_mixin.py:190} INFO - [2025-03-10T23:29:15.130+0000] {dag.py:3239} INFO - Sync 1 DAGs
[2025-03-10T23:29:15.149+0000] {logging_mixin.py:190} INFO - [2025-03-10T23:29:15.148+0000] {dag.py:4180} INFO - Setting next_dagrun for example_python_operator to None, run_after=None
[2025-03-10T23:29:15.173+0000] {processor.py:208} INFO - Processing /home/airflow/.local/lib/python3.12/site-packages/airflow/example_dags/example_python_operator.py took 0.096 seconds
[2025-03-10T23:35:24.714+0000] {processor.py:186} INFO - Started process (PID=129) to work on /home/airflow/.local/lib/python3.12/site-packages/airflow/example_dags/example_python_operator.py
[2025-03-10T23:35:24.717+0000] {processor.py:914} INFO - Processing file /home/airflow/.local/lib/python3.12/site-packages/airflow/example_dags/example_python_operator.py for tasks to queue
[2025-03-10T23:35:24.727+0000] {logging_mixin.py:190} INFO - [2025-03-10T23:35:24.725+0000] {dagbag.py:588} INFO - Filling up the DagBag from /home/airflow/.local/lib/python3.12/site-packages/airflow/example_dags/example_python_operator.py
[2025-03-10T23:35:24.783+0000] {processor.py:925} INFO - DAG(s) 'example_python_operator' retrieved from /home/airflow/.local/lib/python3.12/site-packages/airflow/example_dags/example_python_operator.py
[2025-03-10T23:35:25.053+0000] {logging_mixin.py:190} INFO - [2025-03-10T23:35:25.052+0000] {dag.py:3239} INFO - Sync 1 DAGs
[2025-03-10T23:35:25.120+0000] {logging_mixin.py:190} INFO - [2025-03-10T23:35:25.119+0000] {dag.py:4180} INFO - Setting next_dagrun for example_python_operator to None, run_after=None
[2025-03-10T23:35:25.205+0000] {processor.py:208} INFO - Processing /home/airflow/.local/lib/python3.12/site-packages/airflow/example_dags/example_python_operator.py took 0.516 seconds
[2025-03-10T23:35:55.497+0000] {processor.py:186} INFO - Started process (PID=192) to work on /home/airflow/.local/lib/python3.12/site-packages/airflow/example_dags/example_python_operator.py
[2025-03-10T23:35:55.497+0000] {processor.py:914} INFO - Processing file /home/airflow/.local/lib/python3.12/site-packages/airflow/example_dags/example_python_operator.py for tasks to queue
[2025-03-10T23:35:55.500+0000] {logging_mixin.py:190} INFO - [2025-03-10T23:35:55.500+0000] {dagbag.py:588} INFO - Filling up the DagBag from /home/airflow/.local/lib/python3.12/site-packages/airflow/example_dags/example_python_operator.py
[2025-03-10T23:35:55.514+0000] {processor.py:925} INFO - DAG(s) 'example_python_operator' retrieved from /home/airflow/.local/lib/python3.12/site-packages/airflow/example_dags/example_python_operator.py
[2025-03-10T23:35:55.539+0000] {logging_mixin.py:190} INFO - [2025-03-10T23:35:55.539+0000] {dag.py:3239} INFO - Sync 1 DAGs
[2025-03-10T23:35:55.556+0000] {logging_mixin.py:190} INFO - [2025-03-10T23:35:55.556+0000] {dag.py:4180} INFO - Setting next_dagrun for example_python_operator to None, run_after=None
[2025-03-10T23:35:55.578+0000] {processor.py:208} INFO - Processing /home/airflow/.local/lib/python3.12/site-packages/airflow/example_dags/example_python_operator.py took 0.088 seconds
[2025-03-10T23:36:25.886+0000] {processor.py:186} INFO - Started process (PID=255) to work on /home/airflow/.local/lib/python3.12/site-packages/airflow/example_dags/example_python_operator.py
[2025-03-10T23:36:25.887+0000] {processor.py:914} INFO - Processing file /home/airflow/.local/lib/python3.12/site-packages/airflow/example_dags/example_python_operator.py for tasks to queue
[2025-03-10T23:36:25.891+0000] {logging_mixin.py:190} INFO - [2025-03-10T23:36:25.891+0000] {dagbag.py:588} INFO - Filling up the DagBag from /home/airflow/.local/lib/python3.12/site-packages/airflow/example_dags/example_python_operator.py
[2025-03-10T23:36:25.910+0000] {processor.py:925} INFO - DAG(s) 'example_python_operator' retrieved from /home/airflow/.local/lib/python3.12/site-packages/airflow/example_dags/example_python_operator.py
[2025-03-10T23:36:25.941+0000] {logging_mixin.py:190} INFO - [2025-03-10T23:36:25.941+0000] {dag.py:3239} INFO - Sync 1 DAGs
[2025-03-10T23:36:25.961+0000] {logging_mixin.py:190} INFO - [2025-03-10T23:36:25.961+0000] {dag.py:4180} INFO - Setting next_dagrun for example_python_operator to None, run_after=None
[2025-03-10T23:36:25.984+0000] {processor.py:208} INFO - Processing /home/airflow/.local/lib/python3.12/site-packages/airflow/example_dags/example_python_operator.py took 0.106 seconds
[2025-03-10T23:36:56.105+0000] {processor.py:186} INFO - Started process (PID=318) to work on /home/airflow/.local/lib/python3.12/site-packages/airflow/example_dags/example_python_operator.py
[2025-03-10T23:36:56.106+0000] {processor.py:914} INFO - Processing file /home/airflow/.local/lib/python3.12/site-packages/airflow/example_dags/example_python_operator.py for tasks to queue
[2025-03-10T23:36:56.109+0000] {logging_mixin.py:190} INFO - [2025-03-10T23:36:56.109+0000] {dagbag.py:588} INFO - Filling up the DagBag from /home/airflow/.local/lib/python3.12/site-packages/airflow/example_dags/example_python_operator.py
[2025-03-10T23:36:56.125+0000] {processor.py:925} INFO - DAG(s) 'example_python_operator' retrieved from /home/airflow/.local/lib/python3.12/site-packages/airflow/example_dags/example_python_operator.py
[2025-03-10T23:36:56.156+0000] {logging_mixin.py:190} INFO - [2025-03-10T23:36:56.156+0000] {dag.py:3239} INFO - Sync 1 DAGs
[2025-03-10T23:36:56.176+0000] {logging_mixin.py:190} INFO - [2025-03-10T23:36:56.175+0000] {dag.py:4180} INFO - Setting next_dagrun for example_python_operator to None, run_after=None
[2025-03-10T23:36:56.199+0000] {processor.py:208} INFO - Processing /home/airflow/.local/lib/python3.12/site-packages/airflow/example_dags/example_python_operator.py took 0.102 seconds
