[2025-03-10T20:30:15.469+0000] {processor.py:186} INFO - Started process (PID=123) to work on /home/airflow/.local/lib/python3.12/site-packages/airflow/example_dags/example_sla_dag.py
[2025-03-10T20:30:15.470+0000] {processor.py:914} INFO - Processing file /home/airflow/.local/lib/python3.12/site-packages/airflow/example_dags/example_sla_dag.py for tasks to queue
[2025-03-10T20:30:15.473+0000] {logging_mixin.py:190} INFO - [2025-03-10T20:30:15.473+0000] {dagbag.py:588} INFO - Filling up the DagBag from /home/airflow/.local/lib/python3.12/site-packages/airflow/example_dags/example_sla_dag.py
[2025-03-10T20:30:15.490+0000] {processor.py:925} INFO - DAG(s) 'example_sla_dag' retrieved from /home/airflow/.local/lib/python3.12/site-packages/airflow/example_dags/example_sla_dag.py
[2025-03-10T20:30:15.557+0000] {logging_mixin.py:190} INFO - [2025-03-10T20:30:15.557+0000] {override.py:1912} INFO - Created Permission View: can read on DAG:example_sla_dag
[2025-03-10T20:30:15.570+0000] {logging_mixin.py:190} INFO - [2025-03-10T20:30:15.570+0000] {override.py:1912} INFO - Created Permission View: can edit on DAG:example_sla_dag
[2025-03-10T20:30:15.577+0000] {logging_mixin.py:190} INFO - [2025-03-10T20:30:15.577+0000] {override.py:1912} INFO - Created Permission View: can delete on DAG:example_sla_dag
[2025-03-10T20:30:15.585+0000] {logging_mixin.py:190} INFO - [2025-03-10T20:30:15.584+0000] {override.py:1912} INFO - Created Permission View: menu access on DAG Run:example_sla_dag
[2025-03-10T20:30:15.593+0000] {logging_mixin.py:190} INFO - [2025-03-10T20:30:15.592+0000] {override.py:1912} INFO - Created Permission View: can read on DAG Run:example_sla_dag
[2025-03-10T20:30:15.602+0000] {logging_mixin.py:190} INFO - [2025-03-10T20:30:15.601+0000] {override.py:1912} INFO - Created Permission View: can create on DAG Run:example_sla_dag
[2025-03-10T20:30:15.608+0000] {logging_mixin.py:190} INFO - [2025-03-10T20:30:15.608+0000] {override.py:1912} INFO - Created Permission View: can delete on DAG Run:example_sla_dag
[2025-03-10T20:30:15.609+0000] {logging_mixin.py:190} INFO - [2025-03-10T20:30:15.608+0000] {dag.py:3239} INFO - Sync 1 DAGs
[2025-03-10T20:30:15.626+0000] {logging_mixin.py:190} INFO - [2025-03-10T20:30:15.626+0000] {dag.py:3262} INFO - Creating ORM DAG for example_sla_dag
[2025-03-10T20:30:15.642+0000] {logging_mixin.py:190} INFO - [2025-03-10T20:30:15.642+0000] {dag.py:4180} INFO - Setting next_dagrun for example_sla_dag to 2025-03-10 20:28:00+00:00, run_after=2025-03-10 20:30:00+00:00
[2025-03-10T20:30:15.659+0000] {processor.py:208} INFO - Processing /home/airflow/.local/lib/python3.12/site-packages/airflow/example_dags/example_sla_dag.py took 0.199 seconds
[2025-03-10T20:30:46.071+0000] {processor.py:186} INFO - Started process (PID=186) to work on /home/airflow/.local/lib/python3.12/site-packages/airflow/example_dags/example_sla_dag.py
[2025-03-10T20:30:46.072+0000] {processor.py:914} INFO - Processing file /home/airflow/.local/lib/python3.12/site-packages/airflow/example_dags/example_sla_dag.py for tasks to queue
[2025-03-10T20:30:46.075+0000] {logging_mixin.py:190} INFO - [2025-03-10T20:30:46.075+0000] {dagbag.py:588} INFO - Filling up the DagBag from /home/airflow/.local/lib/python3.12/site-packages/airflow/example_dags/example_sla_dag.py
[2025-03-10T20:30:46.088+0000] {processor.py:925} INFO - DAG(s) 'example_sla_dag' retrieved from /home/airflow/.local/lib/python3.12/site-packages/airflow/example_dags/example_sla_dag.py
[2025-03-10T20:30:46.114+0000] {logging_mixin.py:190} INFO - [2025-03-10T20:30:46.113+0000] {dag.py:3239} INFO - Sync 1 DAGs
[2025-03-10T20:30:46.153+0000] {logging_mixin.py:190} INFO - [2025-03-10T20:30:46.152+0000] {dag.py:4180} INFO - Setting next_dagrun for example_sla_dag to 2025-03-10 20:28:00+00:00, run_after=2025-03-10 20:30:00+00:00
[2025-03-10T20:30:46.177+0000] {processor.py:208} INFO - Processing /home/airflow/.local/lib/python3.12/site-packages/airflow/example_dags/example_sla_dag.py took 0.113 seconds
[2025-03-10T20:31:18.486+0000] {processor.py:186} INFO - Started process (PID=249) to work on /home/airflow/.local/lib/python3.12/site-packages/airflow/example_dags/example_sla_dag.py
[2025-03-10T20:31:18.489+0000] {processor.py:914} INFO - Processing file /home/airflow/.local/lib/python3.12/site-packages/airflow/example_dags/example_sla_dag.py for tasks to queue
[2025-03-10T20:31:18.499+0000] {logging_mixin.py:190} INFO - [2025-03-10T20:31:18.497+0000] {dagbag.py:588} INFO - Filling up the DagBag from /home/airflow/.local/lib/python3.12/site-packages/airflow/example_dags/example_sla_dag.py
[2025-03-10T20:31:18.540+0000] {processor.py:925} INFO - DAG(s) 'example_sla_dag' retrieved from /home/airflow/.local/lib/python3.12/site-packages/airflow/example_dags/example_sla_dag.py
[2025-03-10T20:31:18.630+0000] {logging_mixin.py:190} INFO - [2025-03-10T20:31:18.629+0000] {dag.py:3239} INFO - Sync 1 DAGs
[2025-03-10T20:31:18.758+0000] {logging_mixin.py:190} INFO - [2025-03-10T20:31:18.757+0000] {dag.py:4180} INFO - Setting next_dagrun for example_sla_dag to 2025-03-10 20:28:00+00:00, run_after=2025-03-10 20:30:00+00:00
[2025-03-10T20:31:18.823+0000] {processor.py:208} INFO - Processing /home/airflow/.local/lib/python3.12/site-packages/airflow/example_dags/example_sla_dag.py took 0.365 seconds
[2025-03-10T20:31:49.639+0000] {processor.py:186} INFO - Started process (PID=312) to work on /home/airflow/.local/lib/python3.12/site-packages/airflow/example_dags/example_sla_dag.py
[2025-03-10T20:31:49.641+0000] {processor.py:914} INFO - Processing file /home/airflow/.local/lib/python3.12/site-packages/airflow/example_dags/example_sla_dag.py for tasks to queue
[2025-03-10T20:31:49.643+0000] {logging_mixin.py:190} INFO - [2025-03-10T20:31:49.643+0000] {dagbag.py:588} INFO - Filling up the DagBag from /home/airflow/.local/lib/python3.12/site-packages/airflow/example_dags/example_sla_dag.py
[2025-03-10T20:31:49.655+0000] {processor.py:925} INFO - DAG(s) 'example_sla_dag' retrieved from /home/airflow/.local/lib/python3.12/site-packages/airflow/example_dags/example_sla_dag.py
[2025-03-10T20:31:49.681+0000] {logging_mixin.py:190} INFO - [2025-03-10T20:31:49.681+0000] {dag.py:3239} INFO - Sync 1 DAGs
[2025-03-10T20:31:49.713+0000] {logging_mixin.py:190} INFO - [2025-03-10T20:31:49.713+0000] {dag.py:4180} INFO - Setting next_dagrun for example_sla_dag to 2025-03-10 20:28:00+00:00, run_after=2025-03-10 20:30:00+00:00
[2025-03-10T20:31:49.732+0000] {processor.py:208} INFO - Processing /home/airflow/.local/lib/python3.12/site-packages/airflow/example_dags/example_sla_dag.py took 0.099 seconds
[2025-03-10T20:32:20.000+0000] {processor.py:186} INFO - Started process (PID=375) to work on /home/airflow/.local/lib/python3.12/site-packages/airflow/example_dags/example_sla_dag.py
[2025-03-10T20:32:20.001+0000] {processor.py:914} INFO - Processing file /home/airflow/.local/lib/python3.12/site-packages/airflow/example_dags/example_sla_dag.py for tasks to queue
[2025-03-10T20:32:20.005+0000] {logging_mixin.py:190} INFO - [2025-03-10T20:32:20.004+0000] {dagbag.py:588} INFO - Filling up the DagBag from /home/airflow/.local/lib/python3.12/site-packages/airflow/example_dags/example_sla_dag.py
[2025-03-10T20:32:20.017+0000] {processor.py:925} INFO - DAG(s) 'example_sla_dag' retrieved from /home/airflow/.local/lib/python3.12/site-packages/airflow/example_dags/example_sla_dag.py
[2025-03-10T20:32:20.042+0000] {logging_mixin.py:190} INFO - [2025-03-10T20:32:20.041+0000] {dag.py:3239} INFO - Sync 1 DAGs
[2025-03-10T20:32:20.073+0000] {logging_mixin.py:190} INFO - [2025-03-10T20:32:20.073+0000] {dag.py:4180} INFO - Setting next_dagrun for example_sla_dag to 2025-03-10 20:30:00+00:00, run_after=2025-03-10 20:32:00+00:00
[2025-03-10T20:32:20.092+0000] {processor.py:208} INFO - Processing /home/airflow/.local/lib/python3.12/site-packages/airflow/example_dags/example_sla_dag.py took 0.101 seconds
[2025-03-10T20:32:50.344+0000] {processor.py:186} INFO - Started process (PID=438) to work on /home/airflow/.local/lib/python3.12/site-packages/airflow/example_dags/example_sla_dag.py
[2025-03-10T20:32:50.345+0000] {processor.py:914} INFO - Processing file /home/airflow/.local/lib/python3.12/site-packages/airflow/example_dags/example_sla_dag.py for tasks to queue
[2025-03-10T20:32:50.349+0000] {logging_mixin.py:190} INFO - [2025-03-10T20:32:50.348+0000] {dagbag.py:588} INFO - Filling up the DagBag from /home/airflow/.local/lib/python3.12/site-packages/airflow/example_dags/example_sla_dag.py
[2025-03-10T20:32:50.362+0000] {processor.py:925} INFO - DAG(s) 'example_sla_dag' retrieved from /home/airflow/.local/lib/python3.12/site-packages/airflow/example_dags/example_sla_dag.py
[2025-03-10T20:32:50.387+0000] {logging_mixin.py:190} INFO - [2025-03-10T20:32:50.386+0000] {dag.py:3239} INFO - Sync 1 DAGs
[2025-03-10T20:32:50.419+0000] {logging_mixin.py:190} INFO - [2025-03-10T20:32:50.419+0000] {dag.py:4180} INFO - Setting next_dagrun for example_sla_dag to 2025-03-10 20:30:00+00:00, run_after=2025-03-10 20:32:00+00:00
[2025-03-10T20:32:50.438+0000] {processor.py:208} INFO - Processing /home/airflow/.local/lib/python3.12/site-packages/airflow/example_dags/example_sla_dag.py took 0.103 seconds
[2025-03-10T20:33:20.518+0000] {processor.py:186} INFO - Started process (PID=501) to work on /home/airflow/.local/lib/python3.12/site-packages/airflow/example_dags/example_sla_dag.py
[2025-03-10T20:33:20.519+0000] {processor.py:914} INFO - Processing file /home/airflow/.local/lib/python3.12/site-packages/airflow/example_dags/example_sla_dag.py for tasks to queue
[2025-03-10T20:33:20.522+0000] {logging_mixin.py:190} INFO - [2025-03-10T20:33:20.522+0000] {dagbag.py:588} INFO - Filling up the DagBag from /home/airflow/.local/lib/python3.12/site-packages/airflow/example_dags/example_sla_dag.py
[2025-03-10T20:33:20.535+0000] {processor.py:925} INFO - DAG(s) 'example_sla_dag' retrieved from /home/airflow/.local/lib/python3.12/site-packages/airflow/example_dags/example_sla_dag.py
[2025-03-10T20:33:20.559+0000] {logging_mixin.py:190} INFO - [2025-03-10T20:33:20.559+0000] {dag.py:3239} INFO - Sync 1 DAGs
[2025-03-10T20:33:20.591+0000] {logging_mixin.py:190} INFO - [2025-03-10T20:33:20.591+0000] {dag.py:4180} INFO - Setting next_dagrun for example_sla_dag to 2025-03-10 20:30:00+00:00, run_after=2025-03-10 20:32:00+00:00
[2025-03-10T20:33:20.611+0000] {processor.py:208} INFO - Processing /home/airflow/.local/lib/python3.12/site-packages/airflow/example_dags/example_sla_dag.py took 0.102 seconds
[2025-03-10T20:33:51.085+0000] {processor.py:186} INFO - Started process (PID=564) to work on /home/airflow/.local/lib/python3.12/site-packages/airflow/example_dags/example_sla_dag.py
[2025-03-10T20:33:51.087+0000] {processor.py:914} INFO - Processing file /home/airflow/.local/lib/python3.12/site-packages/airflow/example_dags/example_sla_dag.py for tasks to queue
[2025-03-10T20:33:51.091+0000] {logging_mixin.py:190} INFO - [2025-03-10T20:33:51.091+0000] {dagbag.py:588} INFO - Filling up the DagBag from /home/airflow/.local/lib/python3.12/site-packages/airflow/example_dags/example_sla_dag.py
[2025-03-10T20:33:51.103+0000] {processor.py:925} INFO - DAG(s) 'example_sla_dag' retrieved from /home/airflow/.local/lib/python3.12/site-packages/airflow/example_dags/example_sla_dag.py
[2025-03-10T20:33:51.128+0000] {logging_mixin.py:190} INFO - [2025-03-10T20:33:51.128+0000] {dag.py:3239} INFO - Sync 1 DAGs
[2025-03-10T20:33:51.161+0000] {logging_mixin.py:190} INFO - [2025-03-10T20:33:51.161+0000] {dag.py:4180} INFO - Setting next_dagrun for example_sla_dag to 2025-03-10 20:30:00+00:00, run_after=2025-03-10 20:32:00+00:00
[2025-03-10T20:33:51.180+0000] {processor.py:208} INFO - Processing /home/airflow/.local/lib/python3.12/site-packages/airflow/example_dags/example_sla_dag.py took 0.107 seconds
[2025-03-10T20:34:21.324+0000] {processor.py:186} INFO - Started process (PID=627) to work on /home/airflow/.local/lib/python3.12/site-packages/airflow/example_dags/example_sla_dag.py
[2025-03-10T20:34:21.326+0000] {processor.py:914} INFO - Processing file /home/airflow/.local/lib/python3.12/site-packages/airflow/example_dags/example_sla_dag.py for tasks to queue
[2025-03-10T20:34:21.329+0000] {logging_mixin.py:190} INFO - [2025-03-10T20:34:21.329+0000] {dagbag.py:588} INFO - Filling up the DagBag from /home/airflow/.local/lib/python3.12/site-packages/airflow/example_dags/example_sla_dag.py
[2025-03-10T20:34:21.343+0000] {processor.py:925} INFO - DAG(s) 'example_sla_dag' retrieved from /home/airflow/.local/lib/python3.12/site-packages/airflow/example_dags/example_sla_dag.py
[2025-03-10T20:34:21.368+0000] {logging_mixin.py:190} INFO - [2025-03-10T20:34:21.368+0000] {dag.py:3239} INFO - Sync 1 DAGs
[2025-03-10T20:34:21.400+0000] {logging_mixin.py:190} INFO - [2025-03-10T20:34:21.400+0000] {dag.py:4180} INFO - Setting next_dagrun for example_sla_dag to 2025-03-10 20:32:00+00:00, run_after=2025-03-10 20:34:00+00:00
[2025-03-10T20:34:21.425+0000] {processor.py:208} INFO - Processing /home/airflow/.local/lib/python3.12/site-packages/airflow/example_dags/example_sla_dag.py took 0.110 seconds
[2025-03-10T20:34:51.693+0000] {processor.py:186} INFO - Started process (PID=690) to work on /home/airflow/.local/lib/python3.12/site-packages/airflow/example_dags/example_sla_dag.py
[2025-03-10T20:34:51.694+0000] {processor.py:914} INFO - Processing file /home/airflow/.local/lib/python3.12/site-packages/airflow/example_dags/example_sla_dag.py for tasks to queue
[2025-03-10T20:34:51.698+0000] {logging_mixin.py:190} INFO - [2025-03-10T20:34:51.697+0000] {dagbag.py:588} INFO - Filling up the DagBag from /home/airflow/.local/lib/python3.12/site-packages/airflow/example_dags/example_sla_dag.py
[2025-03-10T20:34:51.712+0000] {processor.py:925} INFO - DAG(s) 'example_sla_dag' retrieved from /home/airflow/.local/lib/python3.12/site-packages/airflow/example_dags/example_sla_dag.py
[2025-03-10T20:34:51.747+0000] {logging_mixin.py:190} INFO - [2025-03-10T20:34:51.747+0000] {dag.py:3239} INFO - Sync 1 DAGs
[2025-03-10T20:34:51.800+0000] {logging_mixin.py:190} INFO - [2025-03-10T20:34:51.800+0000] {dag.py:4180} INFO - Setting next_dagrun for example_sla_dag to 2025-03-10 20:32:00+00:00, run_after=2025-03-10 20:34:00+00:00
[2025-03-10T20:34:51.830+0000] {processor.py:208} INFO - Processing /home/airflow/.local/lib/python3.12/site-packages/airflow/example_dags/example_sla_dag.py took 0.146 seconds
[2025-03-10T20:35:21.982+0000] {processor.py:186} INFO - Started process (PID=753) to work on /home/airflow/.local/lib/python3.12/site-packages/airflow/example_dags/example_sla_dag.py
[2025-03-10T20:35:21.983+0000] {processor.py:914} INFO - Processing file /home/airflow/.local/lib/python3.12/site-packages/airflow/example_dags/example_sla_dag.py for tasks to queue
[2025-03-10T20:35:21.986+0000] {logging_mixin.py:190} INFO - [2025-03-10T20:35:21.986+0000] {dagbag.py:588} INFO - Filling up the DagBag from /home/airflow/.local/lib/python3.12/site-packages/airflow/example_dags/example_sla_dag.py
[2025-03-10T20:35:21.999+0000] {processor.py:925} INFO - DAG(s) 'example_sla_dag' retrieved from /home/airflow/.local/lib/python3.12/site-packages/airflow/example_dags/example_sla_dag.py
[2025-03-10T20:35:22.026+0000] {logging_mixin.py:190} INFO - [2025-03-10T20:35:22.025+0000] {dag.py:3239} INFO - Sync 1 DAGs
[2025-03-10T20:35:22.058+0000] {logging_mixin.py:190} INFO - [2025-03-10T20:35:22.058+0000] {dag.py:4180} INFO - Setting next_dagrun for example_sla_dag to 2025-03-10 20:32:00+00:00, run_after=2025-03-10 20:34:00+00:00
[2025-03-10T20:35:22.078+0000] {processor.py:208} INFO - Processing /home/airflow/.local/lib/python3.12/site-packages/airflow/example_dags/example_sla_dag.py took 0.105 seconds
[2025-03-10T20:35:52.376+0000] {processor.py:186} INFO - Started process (PID=816) to work on /home/airflow/.local/lib/python3.12/site-packages/airflow/example_dags/example_sla_dag.py
[2025-03-10T20:35:52.377+0000] {processor.py:914} INFO - Processing file /home/airflow/.local/lib/python3.12/site-packages/airflow/example_dags/example_sla_dag.py for tasks to queue
[2025-03-10T20:35:52.380+0000] {logging_mixin.py:190} INFO - [2025-03-10T20:35:52.380+0000] {dagbag.py:588} INFO - Filling up the DagBag from /home/airflow/.local/lib/python3.12/site-packages/airflow/example_dags/example_sla_dag.py
[2025-03-10T20:35:52.393+0000] {processor.py:925} INFO - DAG(s) 'example_sla_dag' retrieved from /home/airflow/.local/lib/python3.12/site-packages/airflow/example_dags/example_sla_dag.py
[2025-03-10T20:35:52.422+0000] {logging_mixin.py:190} INFO - [2025-03-10T20:35:52.422+0000] {dag.py:3239} INFO - Sync 1 DAGs
[2025-03-10T20:35:52.458+0000] {logging_mixin.py:190} INFO - [2025-03-10T20:35:52.458+0000] {dag.py:4180} INFO - Setting next_dagrun for example_sla_dag to 2025-03-10 20:32:00+00:00, run_after=2025-03-10 20:34:00+00:00
[2025-03-10T20:35:52.482+0000] {processor.py:208} INFO - Processing /home/airflow/.local/lib/python3.12/site-packages/airflow/example_dags/example_sla_dag.py took 0.114 seconds
[2025-03-10T20:36:22.598+0000] {processor.py:186} INFO - Started process (PID=879) to work on /home/airflow/.local/lib/python3.12/site-packages/airflow/example_dags/example_sla_dag.py
[2025-03-10T20:36:22.599+0000] {processor.py:914} INFO - Processing file /home/airflow/.local/lib/python3.12/site-packages/airflow/example_dags/example_sla_dag.py for tasks to queue
[2025-03-10T20:36:22.602+0000] {logging_mixin.py:190} INFO - [2025-03-10T20:36:22.601+0000] {dagbag.py:588} INFO - Filling up the DagBag from /home/airflow/.local/lib/python3.12/site-packages/airflow/example_dags/example_sla_dag.py
[2025-03-10T20:36:22.615+0000] {processor.py:925} INFO - DAG(s) 'example_sla_dag' retrieved from /home/airflow/.local/lib/python3.12/site-packages/airflow/example_dags/example_sla_dag.py
[2025-03-10T20:36:22.640+0000] {logging_mixin.py:190} INFO - [2025-03-10T20:36:22.640+0000] {dag.py:3239} INFO - Sync 1 DAGs
[2025-03-10T20:36:22.674+0000] {logging_mixin.py:190} INFO - [2025-03-10T20:36:22.674+0000] {dag.py:4180} INFO - Setting next_dagrun for example_sla_dag to 2025-03-10 20:34:00+00:00, run_after=2025-03-10 20:36:00+00:00
[2025-03-10T20:36:22.695+0000] {processor.py:208} INFO - Processing /home/airflow/.local/lib/python3.12/site-packages/airflow/example_dags/example_sla_dag.py took 0.106 seconds
[2025-03-10T20:36:53.089+0000] {processor.py:186} INFO - Started process (PID=942) to work on /home/airflow/.local/lib/python3.12/site-packages/airflow/example_dags/example_sla_dag.py
[2025-03-10T20:36:53.090+0000] {processor.py:914} INFO - Processing file /home/airflow/.local/lib/python3.12/site-packages/airflow/example_dags/example_sla_dag.py for tasks to queue
[2025-03-10T20:36:53.093+0000] {logging_mixin.py:190} INFO - [2025-03-10T20:36:53.092+0000] {dagbag.py:588} INFO - Filling up the DagBag from /home/airflow/.local/lib/python3.12/site-packages/airflow/example_dags/example_sla_dag.py
[2025-03-10T20:36:53.104+0000] {processor.py:925} INFO - DAG(s) 'example_sla_dag' retrieved from /home/airflow/.local/lib/python3.12/site-packages/airflow/example_dags/example_sla_dag.py
[2025-03-10T20:36:53.127+0000] {logging_mixin.py:190} INFO - [2025-03-10T20:36:53.126+0000] {dag.py:3239} INFO - Sync 1 DAGs
[2025-03-10T20:36:53.166+0000] {logging_mixin.py:190} INFO - [2025-03-10T20:36:53.166+0000] {dag.py:4180} INFO - Setting next_dagrun for example_sla_dag to 2025-03-10 20:34:00+00:00, run_after=2025-03-10 20:36:00+00:00
[2025-03-10T20:36:53.188+0000] {processor.py:208} INFO - Processing /home/airflow/.local/lib/python3.12/site-packages/airflow/example_dags/example_sla_dag.py took 0.107 seconds
[2025-03-10T20:37:24.432+0000] {processor.py:186} INFO - Started process (PID=1006) to work on /home/airflow/.local/lib/python3.12/site-packages/airflow/example_dags/example_sla_dag.py
[2025-03-10T20:37:24.433+0000] {processor.py:914} INFO - Processing file /home/airflow/.local/lib/python3.12/site-packages/airflow/example_dags/example_sla_dag.py for tasks to queue
[2025-03-10T20:37:24.436+0000] {logging_mixin.py:190} INFO - [2025-03-10T20:37:24.435+0000] {dagbag.py:588} INFO - Filling up the DagBag from /home/airflow/.local/lib/python3.12/site-packages/airflow/example_dags/example_sla_dag.py
[2025-03-10T20:37:24.447+0000] {processor.py:925} INFO - DAG(s) 'example_sla_dag' retrieved from /home/airflow/.local/lib/python3.12/site-packages/airflow/example_dags/example_sla_dag.py
[2025-03-10T20:37:24.471+0000] {logging_mixin.py:190} INFO - [2025-03-10T20:37:24.471+0000] {dag.py:3239} INFO - Sync 1 DAGs
[2025-03-10T20:37:24.504+0000] {logging_mixin.py:190} INFO - [2025-03-10T20:37:24.504+0000] {dag.py:4180} INFO - Setting next_dagrun for example_sla_dag to 2025-03-10 20:34:00+00:00, run_after=2025-03-10 20:36:00+00:00
[2025-03-10T20:37:24.523+0000] {processor.py:208} INFO - Processing /home/airflow/.local/lib/python3.12/site-packages/airflow/example_dags/example_sla_dag.py took 0.098 seconds
[2025-03-10T20:37:56.126+0000] {processor.py:186} INFO - Started process (PID=1069) to work on /home/airflow/.local/lib/python3.12/site-packages/airflow/example_dags/example_sla_dag.py
[2025-03-10T20:37:56.127+0000] {processor.py:914} INFO - Processing file /home/airflow/.local/lib/python3.12/site-packages/airflow/example_dags/example_sla_dag.py for tasks to queue
[2025-03-10T20:37:56.130+0000] {logging_mixin.py:190} INFO - [2025-03-10T20:37:56.130+0000] {dagbag.py:588} INFO - Filling up the DagBag from /home/airflow/.local/lib/python3.12/site-packages/airflow/example_dags/example_sla_dag.py
[2025-03-10T20:37:56.142+0000] {processor.py:925} INFO - DAG(s) 'example_sla_dag' retrieved from /home/airflow/.local/lib/python3.12/site-packages/airflow/example_dags/example_sla_dag.py
[2025-03-10T20:37:56.165+0000] {logging_mixin.py:190} INFO - [2025-03-10T20:37:56.164+0000] {dag.py:3239} INFO - Sync 1 DAGs
[2025-03-10T20:37:56.196+0000] {logging_mixin.py:190} INFO - [2025-03-10T20:37:56.196+0000] {dag.py:4180} INFO - Setting next_dagrun for example_sla_dag to 2025-03-10 20:34:00+00:00, run_after=2025-03-10 20:36:00+00:00
[2025-03-10T20:37:56.214+0000] {processor.py:208} INFO - Processing /home/airflow/.local/lib/python3.12/site-packages/airflow/example_dags/example_sla_dag.py took 0.095 seconds
[2025-03-10T20:38:27.305+0000] {processor.py:186} INFO - Started process (PID=1132) to work on /home/airflow/.local/lib/python3.12/site-packages/airflow/example_dags/example_sla_dag.py
[2025-03-10T20:38:27.306+0000] {processor.py:914} INFO - Processing file /home/airflow/.local/lib/python3.12/site-packages/airflow/example_dags/example_sla_dag.py for tasks to queue
[2025-03-10T20:38:27.309+0000] {logging_mixin.py:190} INFO - [2025-03-10T20:38:27.309+0000] {dagbag.py:588} INFO - Filling up the DagBag from /home/airflow/.local/lib/python3.12/site-packages/airflow/example_dags/example_sla_dag.py
[2025-03-10T20:38:27.320+0000] {processor.py:925} INFO - DAG(s) 'example_sla_dag' retrieved from /home/airflow/.local/lib/python3.12/site-packages/airflow/example_dags/example_sla_dag.py
[2025-03-10T20:38:27.344+0000] {logging_mixin.py:190} INFO - [2025-03-10T20:38:27.344+0000] {dag.py:3239} INFO - Sync 1 DAGs
[2025-03-10T20:38:27.378+0000] {logging_mixin.py:190} INFO - [2025-03-10T20:38:27.378+0000] {dag.py:4180} INFO - Setting next_dagrun for example_sla_dag to 2025-03-10 20:36:00+00:00, run_after=2025-03-10 20:38:00+00:00
[2025-03-10T20:38:27.400+0000] {processor.py:208} INFO - Processing /home/airflow/.local/lib/python3.12/site-packages/airflow/example_dags/example_sla_dag.py took 0.102 seconds
[2025-03-10T20:38:58.054+0000] {processor.py:186} INFO - Started process (PID=1195) to work on /home/airflow/.local/lib/python3.12/site-packages/airflow/example_dags/example_sla_dag.py
[2025-03-10T20:38:58.055+0000] {processor.py:914} INFO - Processing file /home/airflow/.local/lib/python3.12/site-packages/airflow/example_dags/example_sla_dag.py for tasks to queue
[2025-03-10T20:38:58.058+0000] {logging_mixin.py:190} INFO - [2025-03-10T20:38:58.057+0000] {dagbag.py:588} INFO - Filling up the DagBag from /home/airflow/.local/lib/python3.12/site-packages/airflow/example_dags/example_sla_dag.py
[2025-03-10T20:38:58.070+0000] {processor.py:925} INFO - DAG(s) 'example_sla_dag' retrieved from /home/airflow/.local/lib/python3.12/site-packages/airflow/example_dags/example_sla_dag.py
[2025-03-10T20:38:58.096+0000] {logging_mixin.py:190} INFO - [2025-03-10T20:38:58.096+0000] {dag.py:3239} INFO - Sync 1 DAGs
[2025-03-10T20:38:58.129+0000] {logging_mixin.py:190} INFO - [2025-03-10T20:38:58.129+0000] {dag.py:4180} INFO - Setting next_dagrun for example_sla_dag to 2025-03-10 20:36:00+00:00, run_after=2025-03-10 20:38:00+00:00
[2025-03-10T20:38:58.151+0000] {processor.py:208} INFO - Processing /home/airflow/.local/lib/python3.12/site-packages/airflow/example_dags/example_sla_dag.py took 0.106 seconds
[2025-03-10T20:39:28.906+0000] {processor.py:186} INFO - Started process (PID=1258) to work on /home/airflow/.local/lib/python3.12/site-packages/airflow/example_dags/example_sla_dag.py
[2025-03-10T20:39:28.907+0000] {processor.py:914} INFO - Processing file /home/airflow/.local/lib/python3.12/site-packages/airflow/example_dags/example_sla_dag.py for tasks to queue
[2025-03-10T20:39:28.910+0000] {logging_mixin.py:190} INFO - [2025-03-10T20:39:28.910+0000] {dagbag.py:588} INFO - Filling up the DagBag from /home/airflow/.local/lib/python3.12/site-packages/airflow/example_dags/example_sla_dag.py
[2025-03-10T20:39:28.921+0000] {processor.py:925} INFO - DAG(s) 'example_sla_dag' retrieved from /home/airflow/.local/lib/python3.12/site-packages/airflow/example_dags/example_sla_dag.py
[2025-03-10T20:39:28.944+0000] {logging_mixin.py:190} INFO - [2025-03-10T20:39:28.944+0000] {dag.py:3239} INFO - Sync 1 DAGs
[2025-03-10T20:39:28.976+0000] {logging_mixin.py:190} INFO - [2025-03-10T20:39:28.976+0000] {dag.py:4180} INFO - Setting next_dagrun for example_sla_dag to 2025-03-10 20:36:00+00:00, run_after=2025-03-10 20:38:00+00:00
[2025-03-10T20:39:28.999+0000] {processor.py:208} INFO - Processing /home/airflow/.local/lib/python3.12/site-packages/airflow/example_dags/example_sla_dag.py took 0.100 seconds
[2025-03-10T20:39:59.588+0000] {processor.py:186} INFO - Started process (PID=1321) to work on /home/airflow/.local/lib/python3.12/site-packages/airflow/example_dags/example_sla_dag.py
[2025-03-10T20:39:59.589+0000] {processor.py:914} INFO - Processing file /home/airflow/.local/lib/python3.12/site-packages/airflow/example_dags/example_sla_dag.py for tasks to queue
[2025-03-10T20:39:59.593+0000] {logging_mixin.py:190} INFO - [2025-03-10T20:39:59.592+0000] {dagbag.py:588} INFO - Filling up the DagBag from /home/airflow/.local/lib/python3.12/site-packages/airflow/example_dags/example_sla_dag.py
[2025-03-10T20:39:59.609+0000] {processor.py:925} INFO - DAG(s) 'example_sla_dag' retrieved from /home/airflow/.local/lib/python3.12/site-packages/airflow/example_dags/example_sla_dag.py
[2025-03-10T20:39:59.634+0000] {logging_mixin.py:190} INFO - [2025-03-10T20:39:59.634+0000] {dag.py:3239} INFO - Sync 1 DAGs
[2025-03-10T20:39:59.666+0000] {logging_mixin.py:190} INFO - [2025-03-10T20:39:59.666+0000] {dag.py:4180} INFO - Setting next_dagrun for example_sla_dag to 2025-03-10 20:36:00+00:00, run_after=2025-03-10 20:38:00+00:00
[2025-03-10T20:39:59.688+0000] {processor.py:208} INFO - Processing /home/airflow/.local/lib/python3.12/site-packages/airflow/example_dags/example_sla_dag.py took 0.111 seconds
[2025-03-10T20:40:30.566+0000] {processor.py:186} INFO - Started process (PID=1384) to work on /home/airflow/.local/lib/python3.12/site-packages/airflow/example_dags/example_sla_dag.py
[2025-03-10T20:40:30.567+0000] {processor.py:914} INFO - Processing file /home/airflow/.local/lib/python3.12/site-packages/airflow/example_dags/example_sla_dag.py for tasks to queue
[2025-03-10T20:40:30.570+0000] {logging_mixin.py:190} INFO - [2025-03-10T20:40:30.569+0000] {dagbag.py:588} INFO - Filling up the DagBag from /home/airflow/.local/lib/python3.12/site-packages/airflow/example_dags/example_sla_dag.py
[2025-03-10T20:40:30.581+0000] {processor.py:925} INFO - DAG(s) 'example_sla_dag' retrieved from /home/airflow/.local/lib/python3.12/site-packages/airflow/example_dags/example_sla_dag.py
[2025-03-10T20:40:30.605+0000] {logging_mixin.py:190} INFO - [2025-03-10T20:40:30.605+0000] {dag.py:3239} INFO - Sync 1 DAGs
[2025-03-10T20:40:30.637+0000] {logging_mixin.py:190} INFO - [2025-03-10T20:40:30.637+0000] {dag.py:4180} INFO - Setting next_dagrun for example_sla_dag to 2025-03-10 20:38:00+00:00, run_after=2025-03-10 20:40:00+00:00
[2025-03-10T20:40:30.656+0000] {processor.py:208} INFO - Processing /home/airflow/.local/lib/python3.12/site-packages/airflow/example_dags/example_sla_dag.py took 0.097 seconds
[2025-03-10T20:41:01.960+0000] {processor.py:186} INFO - Started process (PID=1447) to work on /home/airflow/.local/lib/python3.12/site-packages/airflow/example_dags/example_sla_dag.py
[2025-03-10T20:41:01.961+0000] {processor.py:914} INFO - Processing file /home/airflow/.local/lib/python3.12/site-packages/airflow/example_dags/example_sla_dag.py for tasks to queue
[2025-03-10T20:41:01.964+0000] {logging_mixin.py:190} INFO - [2025-03-10T20:41:01.963+0000] {dagbag.py:588} INFO - Filling up the DagBag from /home/airflow/.local/lib/python3.12/site-packages/airflow/example_dags/example_sla_dag.py
[2025-03-10T20:41:01.975+0000] {processor.py:925} INFO - DAG(s) 'example_sla_dag' retrieved from /home/airflow/.local/lib/python3.12/site-packages/airflow/example_dags/example_sla_dag.py
[2025-03-10T20:41:01.999+0000] {logging_mixin.py:190} INFO - [2025-03-10T20:41:01.998+0000] {dag.py:3239} INFO - Sync 1 DAGs
[2025-03-10T20:41:02.031+0000] {logging_mixin.py:190} INFO - [2025-03-10T20:41:02.030+0000] {dag.py:4180} INFO - Setting next_dagrun for example_sla_dag to 2025-03-10 20:38:00+00:00, run_after=2025-03-10 20:40:00+00:00
[2025-03-10T20:41:02.050+0000] {processor.py:208} INFO - Processing /home/airflow/.local/lib/python3.12/site-packages/airflow/example_dags/example_sla_dag.py took 0.097 seconds
[2025-03-10T20:41:32.795+0000] {processor.py:186} INFO - Started process (PID=1510) to work on /home/airflow/.local/lib/python3.12/site-packages/airflow/example_dags/example_sla_dag.py
[2025-03-10T20:41:32.797+0000] {processor.py:914} INFO - Processing file /home/airflow/.local/lib/python3.12/site-packages/airflow/example_dags/example_sla_dag.py for tasks to queue
[2025-03-10T20:41:32.799+0000] {logging_mixin.py:190} INFO - [2025-03-10T20:41:32.799+0000] {dagbag.py:588} INFO - Filling up the DagBag from /home/airflow/.local/lib/python3.12/site-packages/airflow/example_dags/example_sla_dag.py
[2025-03-10T20:41:32.811+0000] {processor.py:925} INFO - DAG(s) 'example_sla_dag' retrieved from /home/airflow/.local/lib/python3.12/site-packages/airflow/example_dags/example_sla_dag.py
[2025-03-10T20:41:32.842+0000] {logging_mixin.py:190} INFO - [2025-03-10T20:41:32.842+0000] {dag.py:3239} INFO - Sync 1 DAGs
[2025-03-10T20:41:32.880+0000] {logging_mixin.py:190} INFO - [2025-03-10T20:41:32.879+0000] {dag.py:4180} INFO - Setting next_dagrun for example_sla_dag to 2025-03-10 20:38:00+00:00, run_after=2025-03-10 20:40:00+00:00
[2025-03-10T20:41:32.901+0000] {processor.py:208} INFO - Processing /home/airflow/.local/lib/python3.12/site-packages/airflow/example_dags/example_sla_dag.py took 0.112 seconds
[2025-03-10T20:42:03.423+0000] {processor.py:186} INFO - Started process (PID=1573) to work on /home/airflow/.local/lib/python3.12/site-packages/airflow/example_dags/example_sla_dag.py
[2025-03-10T20:42:03.424+0000] {processor.py:914} INFO - Processing file /home/airflow/.local/lib/python3.12/site-packages/airflow/example_dags/example_sla_dag.py for tasks to queue
[2025-03-10T20:42:03.427+0000] {logging_mixin.py:190} INFO - [2025-03-10T20:42:03.427+0000] {dagbag.py:588} INFO - Filling up the DagBag from /home/airflow/.local/lib/python3.12/site-packages/airflow/example_dags/example_sla_dag.py
[2025-03-10T20:42:03.442+0000] {processor.py:925} INFO - DAG(s) 'example_sla_dag' retrieved from /home/airflow/.local/lib/python3.12/site-packages/airflow/example_dags/example_sla_dag.py
[2025-03-10T20:42:03.468+0000] {logging_mixin.py:190} INFO - [2025-03-10T20:42:03.468+0000] {dag.py:3239} INFO - Sync 1 DAGs
[2025-03-10T20:42:03.510+0000] {logging_mixin.py:190} INFO - [2025-03-10T20:42:03.509+0000] {dag.py:4180} INFO - Setting next_dagrun for example_sla_dag to 2025-03-10 20:40:00+00:00, run_after=2025-03-10 20:42:00+00:00
[2025-03-10T20:42:03.530+0000] {processor.py:208} INFO - Processing /home/airflow/.local/lib/python3.12/site-packages/airflow/example_dags/example_sla_dag.py took 0.115 seconds
[2025-03-10T20:42:34.686+0000] {processor.py:186} INFO - Started process (PID=1636) to work on /home/airflow/.local/lib/python3.12/site-packages/airflow/example_dags/example_sla_dag.py
[2025-03-10T20:42:34.687+0000] {processor.py:914} INFO - Processing file /home/airflow/.local/lib/python3.12/site-packages/airflow/example_dags/example_sla_dag.py for tasks to queue
[2025-03-10T20:42:34.690+0000] {logging_mixin.py:190} INFO - [2025-03-10T20:42:34.689+0000] {dagbag.py:588} INFO - Filling up the DagBag from /home/airflow/.local/lib/python3.12/site-packages/airflow/example_dags/example_sla_dag.py
[2025-03-10T20:42:34.702+0000] {processor.py:925} INFO - DAG(s) 'example_sla_dag' retrieved from /home/airflow/.local/lib/python3.12/site-packages/airflow/example_dags/example_sla_dag.py
[2025-03-10T20:42:34.732+0000] {logging_mixin.py:190} INFO - [2025-03-10T20:42:34.732+0000] {dag.py:3239} INFO - Sync 1 DAGs
[2025-03-10T20:42:34.778+0000] {logging_mixin.py:190} INFO - [2025-03-10T20:42:34.778+0000] {dag.py:4180} INFO - Setting next_dagrun for example_sla_dag to 2025-03-10 20:40:00+00:00, run_after=2025-03-10 20:42:00+00:00
[2025-03-10T20:42:34.800+0000] {processor.py:208} INFO - Processing /home/airflow/.local/lib/python3.12/site-packages/airflow/example_dags/example_sla_dag.py took 0.122 seconds
[2025-03-10T20:43:05.812+0000] {processor.py:186} INFO - Started process (PID=1699) to work on /home/airflow/.local/lib/python3.12/site-packages/airflow/example_dags/example_sla_dag.py
[2025-03-10T20:43:05.813+0000] {processor.py:914} INFO - Processing file /home/airflow/.local/lib/python3.12/site-packages/airflow/example_dags/example_sla_dag.py for tasks to queue
[2025-03-10T20:43:05.816+0000] {logging_mixin.py:190} INFO - [2025-03-10T20:43:05.816+0000] {dagbag.py:588} INFO - Filling up the DagBag from /home/airflow/.local/lib/python3.12/site-packages/airflow/example_dags/example_sla_dag.py
[2025-03-10T20:43:05.829+0000] {processor.py:925} INFO - DAG(s) 'example_sla_dag' retrieved from /home/airflow/.local/lib/python3.12/site-packages/airflow/example_dags/example_sla_dag.py
[2025-03-10T20:43:05.852+0000] {logging_mixin.py:190} INFO - [2025-03-10T20:43:05.852+0000] {dag.py:3239} INFO - Sync 1 DAGs
[2025-03-10T20:43:05.884+0000] {logging_mixin.py:190} INFO - [2025-03-10T20:43:05.884+0000] {dag.py:4180} INFO - Setting next_dagrun for example_sla_dag to 2025-03-10 20:40:00+00:00, run_after=2025-03-10 20:42:00+00:00
[2025-03-10T20:43:05.904+0000] {processor.py:208} INFO - Processing /home/airflow/.local/lib/python3.12/site-packages/airflow/example_dags/example_sla_dag.py took 0.099 seconds
[2025-03-10T20:43:36.393+0000] {processor.py:186} INFO - Started process (PID=1762) to work on /home/airflow/.local/lib/python3.12/site-packages/airflow/example_dags/example_sla_dag.py
[2025-03-10T20:43:36.394+0000] {processor.py:914} INFO - Processing file /home/airflow/.local/lib/python3.12/site-packages/airflow/example_dags/example_sla_dag.py for tasks to queue
[2025-03-10T20:43:36.396+0000] {logging_mixin.py:190} INFO - [2025-03-10T20:43:36.396+0000] {dagbag.py:588} INFO - Filling up the DagBag from /home/airflow/.local/lib/python3.12/site-packages/airflow/example_dags/example_sla_dag.py
[2025-03-10T20:43:36.408+0000] {processor.py:925} INFO - DAG(s) 'example_sla_dag' retrieved from /home/airflow/.local/lib/python3.12/site-packages/airflow/example_dags/example_sla_dag.py
[2025-03-10T20:43:36.432+0000] {logging_mixin.py:190} INFO - [2025-03-10T20:43:36.432+0000] {dag.py:3239} INFO - Sync 1 DAGs
[2025-03-10T20:43:36.466+0000] {logging_mixin.py:190} INFO - [2025-03-10T20:43:36.465+0000] {dag.py:4180} INFO - Setting next_dagrun for example_sla_dag to 2025-03-10 20:40:00+00:00, run_after=2025-03-10 20:42:00+00:00
[2025-03-10T20:43:36.487+0000] {processor.py:208} INFO - Processing /home/airflow/.local/lib/python3.12/site-packages/airflow/example_dags/example_sla_dag.py took 0.101 seconds
[2025-03-10T20:44:07.254+0000] {processor.py:186} INFO - Started process (PID=1825) to work on /home/airflow/.local/lib/python3.12/site-packages/airflow/example_dags/example_sla_dag.py
[2025-03-10T20:44:07.255+0000] {processor.py:914} INFO - Processing file /home/airflow/.local/lib/python3.12/site-packages/airflow/example_dags/example_sla_dag.py for tasks to queue
[2025-03-10T20:44:07.259+0000] {logging_mixin.py:190} INFO - [2025-03-10T20:44:07.258+0000] {dagbag.py:588} INFO - Filling up the DagBag from /home/airflow/.local/lib/python3.12/site-packages/airflow/example_dags/example_sla_dag.py
[2025-03-10T20:44:07.270+0000] {processor.py:925} INFO - DAG(s) 'example_sla_dag' retrieved from /home/airflow/.local/lib/python3.12/site-packages/airflow/example_dags/example_sla_dag.py
[2025-03-10T20:44:07.294+0000] {logging_mixin.py:190} INFO - [2025-03-10T20:44:07.294+0000] {dag.py:3239} INFO - Sync 1 DAGs
[2025-03-10T20:44:07.328+0000] {logging_mixin.py:190} INFO - [2025-03-10T20:44:07.328+0000] {dag.py:4180} INFO - Setting next_dagrun for example_sla_dag to 2025-03-10 20:42:00+00:00, run_after=2025-03-10 20:44:00+00:00
[2025-03-10T20:44:07.353+0000] {processor.py:208} INFO - Processing /home/airflow/.local/lib/python3.12/site-packages/airflow/example_dags/example_sla_dag.py took 0.106 seconds
[2025-03-10T20:44:39.929+0000] {processor.py:186} INFO - Started process (PID=1888) to work on /home/airflow/.local/lib/python3.12/site-packages/airflow/example_dags/example_sla_dag.py
[2025-03-10T20:44:39.930+0000] {processor.py:914} INFO - Processing file /home/airflow/.local/lib/python3.12/site-packages/airflow/example_dags/example_sla_dag.py for tasks to queue
[2025-03-10T20:44:39.933+0000] {logging_mixin.py:190} INFO - [2025-03-10T20:44:39.933+0000] {dagbag.py:588} INFO - Filling up the DagBag from /home/airflow/.local/lib/python3.12/site-packages/airflow/example_dags/example_sla_dag.py
[2025-03-10T20:44:39.944+0000] {processor.py:925} INFO - DAG(s) 'example_sla_dag' retrieved from /home/airflow/.local/lib/python3.12/site-packages/airflow/example_dags/example_sla_dag.py
[2025-03-10T20:44:39.968+0000] {logging_mixin.py:190} INFO - [2025-03-10T20:44:39.967+0000] {dag.py:3239} INFO - Sync 1 DAGs
[2025-03-10T20:44:40.250+0000] {logging_mixin.py:190} INFO - [2025-03-10T20:44:40.250+0000] {dag.py:4180} INFO - Setting next_dagrun for example_sla_dag to 2025-03-10 20:42:00+00:00, run_after=2025-03-10 20:44:00+00:00
[2025-03-10T20:44:40.271+0000] {processor.py:208} INFO - Processing /home/airflow/.local/lib/python3.12/site-packages/airflow/example_dags/example_sla_dag.py took 0.349 seconds
[2025-03-10T20:45:10.333+0000] {processor.py:186} INFO - Started process (PID=1951) to work on /home/airflow/.local/lib/python3.12/site-packages/airflow/example_dags/example_sla_dag.py
[2025-03-10T20:45:10.334+0000] {processor.py:914} INFO - Processing file /home/airflow/.local/lib/python3.12/site-packages/airflow/example_dags/example_sla_dag.py for tasks to queue
[2025-03-10T20:45:10.337+0000] {logging_mixin.py:190} INFO - [2025-03-10T20:45:10.336+0000] {dagbag.py:588} INFO - Filling up the DagBag from /home/airflow/.local/lib/python3.12/site-packages/airflow/example_dags/example_sla_dag.py
[2025-03-10T20:45:10.349+0000] {processor.py:925} INFO - DAG(s) 'example_sla_dag' retrieved from /home/airflow/.local/lib/python3.12/site-packages/airflow/example_dags/example_sla_dag.py
[2025-03-10T20:45:10.375+0000] {logging_mixin.py:190} INFO - [2025-03-10T20:45:10.374+0000] {dag.py:3239} INFO - Sync 1 DAGs
[2025-03-10T20:45:10.421+0000] {logging_mixin.py:190} INFO - [2025-03-10T20:45:10.420+0000] {dag.py:4180} INFO - Setting next_dagrun for example_sla_dag to 2025-03-10 20:42:00+00:00, run_after=2025-03-10 20:44:00+00:00
[2025-03-10T20:45:10.690+0000] {processor.py:208} INFO - Processing /home/airflow/.local/lib/python3.12/site-packages/airflow/example_dags/example_sla_dag.py took 0.367 seconds
[2025-03-10T20:45:40.818+0000] {processor.py:186} INFO - Started process (PID=2020) to work on /home/airflow/.local/lib/python3.12/site-packages/airflow/example_dags/example_sla_dag.py
[2025-03-10T20:45:40.819+0000] {processor.py:914} INFO - Processing file /home/airflow/.local/lib/python3.12/site-packages/airflow/example_dags/example_sla_dag.py for tasks to queue
[2025-03-10T20:45:40.822+0000] {logging_mixin.py:190} INFO - [2025-03-10T20:45:40.821+0000] {dagbag.py:588} INFO - Filling up the DagBag from /home/airflow/.local/lib/python3.12/site-packages/airflow/example_dags/example_sla_dag.py
[2025-03-10T20:45:40.833+0000] {processor.py:925} INFO - DAG(s) 'example_sla_dag' retrieved from /home/airflow/.local/lib/python3.12/site-packages/airflow/example_dags/example_sla_dag.py
[2025-03-10T20:45:40.856+0000] {logging_mixin.py:190} INFO - [2025-03-10T20:45:40.855+0000] {dag.py:3239} INFO - Sync 1 DAGs
[2025-03-10T20:45:40.887+0000] {logging_mixin.py:190} INFO - [2025-03-10T20:45:40.887+0000] {dag.py:4180} INFO - Setting next_dagrun for example_sla_dag to 2025-03-10 20:42:00+00:00, run_after=2025-03-10 20:44:00+00:00
[2025-03-10T20:45:40.907+0000] {processor.py:208} INFO - Processing /home/airflow/.local/lib/python3.12/site-packages/airflow/example_dags/example_sla_dag.py took 0.095 seconds
[2025-03-10T20:46:13.307+0000] {processor.py:186} INFO - Started process (PID=2083) to work on /home/airflow/.local/lib/python3.12/site-packages/airflow/example_dags/example_sla_dag.py
[2025-03-10T20:46:13.308+0000] {processor.py:914} INFO - Processing file /home/airflow/.local/lib/python3.12/site-packages/airflow/example_dags/example_sla_dag.py for tasks to queue
[2025-03-10T20:46:13.310+0000] {logging_mixin.py:190} INFO - [2025-03-10T20:46:13.310+0000] {dagbag.py:588} INFO - Filling up the DagBag from /home/airflow/.local/lib/python3.12/site-packages/airflow/example_dags/example_sla_dag.py
[2025-03-10T20:46:13.321+0000] {processor.py:925} INFO - DAG(s) 'example_sla_dag' retrieved from /home/airflow/.local/lib/python3.12/site-packages/airflow/example_dags/example_sla_dag.py
[2025-03-10T20:46:13.345+0000] {logging_mixin.py:190} INFO - [2025-03-10T20:46:13.345+0000] {dag.py:3239} INFO - Sync 1 DAGs
[2025-03-10T20:46:13.379+0000] {logging_mixin.py:190} INFO - [2025-03-10T20:46:13.379+0000] {dag.py:4180} INFO - Setting next_dagrun for example_sla_dag to 2025-03-10 20:44:00+00:00, run_after=2025-03-10 20:46:00+00:00
[2025-03-10T20:46:13.401+0000] {processor.py:208} INFO - Processing /home/airflow/.local/lib/python3.12/site-packages/airflow/example_dags/example_sla_dag.py took 0.101 seconds
[2025-03-10T20:46:44.550+0000] {processor.py:186} INFO - Started process (PID=2146) to work on /home/airflow/.local/lib/python3.12/site-packages/airflow/example_dags/example_sla_dag.py
[2025-03-10T20:46:44.551+0000] {processor.py:914} INFO - Processing file /home/airflow/.local/lib/python3.12/site-packages/airflow/example_dags/example_sla_dag.py for tasks to queue
[2025-03-10T20:46:44.553+0000] {logging_mixin.py:190} INFO - [2025-03-10T20:46:44.553+0000] {dagbag.py:588} INFO - Filling up the DagBag from /home/airflow/.local/lib/python3.12/site-packages/airflow/example_dags/example_sla_dag.py
[2025-03-10T20:46:44.565+0000] {processor.py:925} INFO - DAG(s) 'example_sla_dag' retrieved from /home/airflow/.local/lib/python3.12/site-packages/airflow/example_dags/example_sla_dag.py
[2025-03-10T20:46:44.840+0000] {logging_mixin.py:190} INFO - [2025-03-10T20:46:44.840+0000] {dag.py:3239} INFO - Sync 1 DAGs
[2025-03-10T20:46:44.868+0000] {logging_mixin.py:190} INFO - [2025-03-10T20:46:44.868+0000] {dag.py:4180} INFO - Setting next_dagrun for example_sla_dag to 2025-03-10 20:44:00+00:00, run_after=2025-03-10 20:46:00+00:00
[2025-03-10T20:46:44.890+0000] {processor.py:208} INFO - Processing /home/airflow/.local/lib/python3.12/site-packages/airflow/example_dags/example_sla_dag.py took 0.347 seconds
[2025-03-10T20:47:15.725+0000] {processor.py:186} INFO - Started process (PID=2209) to work on /home/airflow/.local/lib/python3.12/site-packages/airflow/example_dags/example_sla_dag.py
[2025-03-10T20:47:15.727+0000] {processor.py:914} INFO - Processing file /home/airflow/.local/lib/python3.12/site-packages/airflow/example_dags/example_sla_dag.py for tasks to queue
[2025-03-10T20:47:15.730+0000] {logging_mixin.py:190} INFO - [2025-03-10T20:47:15.730+0000] {dagbag.py:588} INFO - Filling up the DagBag from /home/airflow/.local/lib/python3.12/site-packages/airflow/example_dags/example_sla_dag.py
[2025-03-10T20:47:15.743+0000] {processor.py:925} INFO - DAG(s) 'example_sla_dag' retrieved from /home/airflow/.local/lib/python3.12/site-packages/airflow/example_dags/example_sla_dag.py
[2025-03-10T20:47:15.769+0000] {logging_mixin.py:190} INFO - [2025-03-10T20:47:15.769+0000] {dag.py:3239} INFO - Sync 1 DAGs
[2025-03-10T20:47:15.802+0000] {logging_mixin.py:190} INFO - [2025-03-10T20:47:15.802+0000] {dag.py:4180} INFO - Setting next_dagrun for example_sla_dag to 2025-03-10 20:44:00+00:00, run_after=2025-03-10 20:46:00+00:00
[2025-03-10T20:47:15.822+0000] {processor.py:208} INFO - Processing /home/airflow/.local/lib/python3.12/site-packages/airflow/example_dags/example_sla_dag.py took 0.105 seconds
[2025-03-10T20:47:46.433+0000] {processor.py:186} INFO - Started process (PID=2272) to work on /home/airflow/.local/lib/python3.12/site-packages/airflow/example_dags/example_sla_dag.py
[2025-03-10T20:47:46.434+0000] {processor.py:914} INFO - Processing file /home/airflow/.local/lib/python3.12/site-packages/airflow/example_dags/example_sla_dag.py for tasks to queue
[2025-03-10T20:47:46.437+0000] {logging_mixin.py:190} INFO - [2025-03-10T20:47:46.437+0000] {dagbag.py:588} INFO - Filling up the DagBag from /home/airflow/.local/lib/python3.12/site-packages/airflow/example_dags/example_sla_dag.py
[2025-03-10T20:47:46.450+0000] {processor.py:925} INFO - DAG(s) 'example_sla_dag' retrieved from /home/airflow/.local/lib/python3.12/site-packages/airflow/example_dags/example_sla_dag.py
[2025-03-10T20:47:46.475+0000] {logging_mixin.py:190} INFO - [2025-03-10T20:47:46.475+0000] {dag.py:3239} INFO - Sync 1 DAGs
[2025-03-10T20:47:46.510+0000] {logging_mixin.py:190} INFO - [2025-03-10T20:47:46.509+0000] {dag.py:4180} INFO - Setting next_dagrun for example_sla_dag to 2025-03-10 20:44:00+00:00, run_after=2025-03-10 20:46:00+00:00
[2025-03-10T20:47:46.531+0000] {processor.py:208} INFO - Processing /home/airflow/.local/lib/python3.12/site-packages/airflow/example_dags/example_sla_dag.py took 0.107 seconds
[2025-03-10T20:48:16.920+0000] {processor.py:186} INFO - Started process (PID=2335) to work on /home/airflow/.local/lib/python3.12/site-packages/airflow/example_dags/example_sla_dag.py
[2025-03-10T20:48:16.921+0000] {processor.py:914} INFO - Processing file /home/airflow/.local/lib/python3.12/site-packages/airflow/example_dags/example_sla_dag.py for tasks to queue
[2025-03-10T20:48:16.924+0000] {logging_mixin.py:190} INFO - [2025-03-10T20:48:16.924+0000] {dagbag.py:588} INFO - Filling up the DagBag from /home/airflow/.local/lib/python3.12/site-packages/airflow/example_dags/example_sla_dag.py
[2025-03-10T20:48:16.938+0000] {processor.py:925} INFO - DAG(s) 'example_sla_dag' retrieved from /home/airflow/.local/lib/python3.12/site-packages/airflow/example_dags/example_sla_dag.py
[2025-03-10T20:48:16.964+0000] {logging_mixin.py:190} INFO - [2025-03-10T20:48:16.964+0000] {dag.py:3239} INFO - Sync 1 DAGs
[2025-03-10T20:48:17.000+0000] {logging_mixin.py:190} INFO - [2025-03-10T20:48:16.999+0000] {dag.py:4180} INFO - Setting next_dagrun for example_sla_dag to 2025-03-10 20:46:00+00:00, run_after=2025-03-10 20:48:00+00:00
[2025-03-10T20:48:17.024+0000] {processor.py:208} INFO - Processing /home/airflow/.local/lib/python3.12/site-packages/airflow/example_dags/example_sla_dag.py took 0.113 seconds
[2025-03-10T20:48:47.497+0000] {processor.py:186} INFO - Started process (PID=2398) to work on /home/airflow/.local/lib/python3.12/site-packages/airflow/example_dags/example_sla_dag.py
[2025-03-10T20:48:47.498+0000] {processor.py:914} INFO - Processing file /home/airflow/.local/lib/python3.12/site-packages/airflow/example_dags/example_sla_dag.py for tasks to queue
[2025-03-10T20:48:47.501+0000] {logging_mixin.py:190} INFO - [2025-03-10T20:48:47.501+0000] {dagbag.py:588} INFO - Filling up the DagBag from /home/airflow/.local/lib/python3.12/site-packages/airflow/example_dags/example_sla_dag.py
[2025-03-10T20:48:47.514+0000] {processor.py:925} INFO - DAG(s) 'example_sla_dag' retrieved from /home/airflow/.local/lib/python3.12/site-packages/airflow/example_dags/example_sla_dag.py
[2025-03-10T20:48:47.539+0000] {logging_mixin.py:190} INFO - [2025-03-10T20:48:47.539+0000] {dag.py:3239} INFO - Sync 1 DAGs
[2025-03-10T20:48:47.571+0000] {logging_mixin.py:190} INFO - [2025-03-10T20:48:47.571+0000] {dag.py:4180} INFO - Setting next_dagrun for example_sla_dag to 2025-03-10 20:46:00+00:00, run_after=2025-03-10 20:48:00+00:00
[2025-03-10T20:48:47.592+0000] {processor.py:208} INFO - Processing /home/airflow/.local/lib/python3.12/site-packages/airflow/example_dags/example_sla_dag.py took 0.104 seconds
[2025-03-10T20:49:18.060+0000] {processor.py:186} INFO - Started process (PID=2461) to work on /home/airflow/.local/lib/python3.12/site-packages/airflow/example_dags/example_sla_dag.py
[2025-03-10T20:49:18.061+0000] {processor.py:914} INFO - Processing file /home/airflow/.local/lib/python3.12/site-packages/airflow/example_dags/example_sla_dag.py for tasks to queue
[2025-03-10T20:49:18.064+0000] {logging_mixin.py:190} INFO - [2025-03-10T20:49:18.063+0000] {dagbag.py:588} INFO - Filling up the DagBag from /home/airflow/.local/lib/python3.12/site-packages/airflow/example_dags/example_sla_dag.py
[2025-03-10T20:49:18.075+0000] {processor.py:925} INFO - DAG(s) 'example_sla_dag' retrieved from /home/airflow/.local/lib/python3.12/site-packages/airflow/example_dags/example_sla_dag.py
[2025-03-10T20:49:18.102+0000] {logging_mixin.py:190} INFO - [2025-03-10T20:49:18.102+0000] {dag.py:3239} INFO - Sync 1 DAGs
[2025-03-10T20:49:18.140+0000] {logging_mixin.py:190} INFO - [2025-03-10T20:49:18.139+0000] {dag.py:4180} INFO - Setting next_dagrun for example_sla_dag to 2025-03-10 20:46:00+00:00, run_after=2025-03-10 20:48:00+00:00
[2025-03-10T20:49:18.161+0000] {processor.py:208} INFO - Processing /home/airflow/.local/lib/python3.12/site-packages/airflow/example_dags/example_sla_dag.py took 0.108 seconds
[2025-03-10T20:49:48.456+0000] {processor.py:186} INFO - Started process (PID=2524) to work on /home/airflow/.local/lib/python3.12/site-packages/airflow/example_dags/example_sla_dag.py
[2025-03-10T20:49:48.457+0000] {processor.py:914} INFO - Processing file /home/airflow/.local/lib/python3.12/site-packages/airflow/example_dags/example_sla_dag.py for tasks to queue
[2025-03-10T20:49:48.460+0000] {logging_mixin.py:190} INFO - [2025-03-10T20:49:48.460+0000] {dagbag.py:588} INFO - Filling up the DagBag from /home/airflow/.local/lib/python3.12/site-packages/airflow/example_dags/example_sla_dag.py
[2025-03-10T20:49:48.473+0000] {processor.py:925} INFO - DAG(s) 'example_sla_dag' retrieved from /home/airflow/.local/lib/python3.12/site-packages/airflow/example_dags/example_sla_dag.py
[2025-03-10T20:49:48.498+0000] {logging_mixin.py:190} INFO - [2025-03-10T20:49:48.498+0000] {dag.py:3239} INFO - Sync 1 DAGs
[2025-03-10T20:49:48.530+0000] {logging_mixin.py:190} INFO - [2025-03-10T20:49:48.530+0000] {dag.py:4180} INFO - Setting next_dagrun for example_sla_dag to 2025-03-10 20:46:00+00:00, run_after=2025-03-10 20:48:00+00:00
[2025-03-10T20:49:48.553+0000] {processor.py:208} INFO - Processing /home/airflow/.local/lib/python3.12/site-packages/airflow/example_dags/example_sla_dag.py took 0.106 seconds
[2025-03-10T20:50:19.037+0000] {processor.py:186} INFO - Started process (PID=2587) to work on /home/airflow/.local/lib/python3.12/site-packages/airflow/example_dags/example_sla_dag.py
[2025-03-10T20:50:19.038+0000] {processor.py:914} INFO - Processing file /home/airflow/.local/lib/python3.12/site-packages/airflow/example_dags/example_sla_dag.py for tasks to queue
[2025-03-10T20:50:19.041+0000] {logging_mixin.py:190} INFO - [2025-03-10T20:50:19.040+0000] {dagbag.py:588} INFO - Filling up the DagBag from /home/airflow/.local/lib/python3.12/site-packages/airflow/example_dags/example_sla_dag.py
[2025-03-10T20:50:19.052+0000] {processor.py:925} INFO - DAG(s) 'example_sla_dag' retrieved from /home/airflow/.local/lib/python3.12/site-packages/airflow/example_dags/example_sla_dag.py
[2025-03-10T20:50:19.081+0000] {logging_mixin.py:190} INFO - [2025-03-10T20:50:19.081+0000] {dag.py:3239} INFO - Sync 1 DAGs
[2025-03-10T20:50:19.129+0000] {logging_mixin.py:190} INFO - [2025-03-10T20:50:19.128+0000] {dag.py:4180} INFO - Setting next_dagrun for example_sla_dag to 2025-03-10 20:48:00+00:00, run_after=2025-03-10 20:50:00+00:00
[2025-03-10T20:50:19.151+0000] {processor.py:208} INFO - Processing /home/airflow/.local/lib/python3.12/site-packages/airflow/example_dags/example_sla_dag.py took 0.122 seconds
[2025-03-10T23:08:58.852+0000] {processor.py:186} INFO - Started process (PID=119) to work on /home/airflow/.local/lib/python3.12/site-packages/airflow/example_dags/example_sla_dag.py
[2025-03-10T23:08:58.855+0000] {processor.py:914} INFO - Processing file /home/airflow/.local/lib/python3.12/site-packages/airflow/example_dags/example_sla_dag.py for tasks to queue
[2025-03-10T23:08:58.858+0000] {logging_mixin.py:190} INFO - [2025-03-10T23:08:58.857+0000] {dagbag.py:588} INFO - Filling up the DagBag from /home/airflow/.local/lib/python3.12/site-packages/airflow/example_dags/example_sla_dag.py
[2025-03-10T23:08:58.874+0000] {processor.py:925} INFO - DAG(s) 'example_sla_dag' retrieved from /home/airflow/.local/lib/python3.12/site-packages/airflow/example_dags/example_sla_dag.py
[2025-03-10T23:08:58.906+0000] {logging_mixin.py:190} INFO - [2025-03-10T23:08:58.906+0000] {dag.py:3239} INFO - Sync 1 DAGs
[2025-03-10T23:08:58.957+0000] {logging_mixin.py:190} INFO - [2025-03-10T23:08:58.957+0000] {dag.py:4180} INFO - Setting next_dagrun for example_sla_dag to 2025-03-10 23:06:00+00:00, run_after=2025-03-10 23:08:00+00:00
[2025-03-10T23:08:58.980+0000] {processor.py:208} INFO - Processing /home/airflow/.local/lib/python3.12/site-packages/airflow/example_dags/example_sla_dag.py took 0.135 seconds
[2025-03-10T23:10:34.346+0000] {processor.py:186} INFO - Started process (PID=176) to work on /home/airflow/.local/lib/python3.12/site-packages/airflow/example_dags/example_sla_dag.py
[2025-03-10T23:10:34.347+0000] {processor.py:914} INFO - Processing file /home/airflow/.local/lib/python3.12/site-packages/airflow/example_dags/example_sla_dag.py for tasks to queue
[2025-03-10T23:10:34.348+0000] {logging_mixin.py:190} INFO - [2025-03-10T23:10:34.348+0000] {dagbag.py:588} INFO - Filling up the DagBag from /home/airflow/.local/lib/python3.12/site-packages/airflow/example_dags/example_sla_dag.py
[2025-03-10T23:10:34.364+0000] {processor.py:925} INFO - DAG(s) 'example_sla_dag' retrieved from /home/airflow/.local/lib/python3.12/site-packages/airflow/example_dags/example_sla_dag.py
[2025-03-10T23:10:34.387+0000] {logging_mixin.py:190} INFO - [2025-03-10T23:10:34.387+0000] {dag.py:3239} INFO - Sync 1 DAGs
[2025-03-10T23:10:34.421+0000] {logging_mixin.py:190} INFO - [2025-03-10T23:10:34.421+0000] {dag.py:4180} INFO - Setting next_dagrun for example_sla_dag to 2025-03-10 23:08:00+00:00, run_after=2025-03-10 23:10:00+00:00
[2025-03-10T23:10:34.441+0000] {processor.py:208} INFO - Processing /home/airflow/.local/lib/python3.12/site-packages/airflow/example_dags/example_sla_dag.py took 0.102 seconds
[2025-03-10T23:13:26.920+0000] {processor.py:186} INFO - Started process (PID=234) to work on /home/airflow/.local/lib/python3.12/site-packages/airflow/example_dags/example_sla_dag.py
[2025-03-10T23:13:26.924+0000] {processor.py:914} INFO - Processing file /home/airflow/.local/lib/python3.12/site-packages/airflow/example_dags/example_sla_dag.py for tasks to queue
[2025-03-10T23:13:26.931+0000] {logging_mixin.py:190} INFO - [2025-03-10T23:13:26.929+0000] {dagbag.py:588} INFO - Filling up the DagBag from /home/airflow/.local/lib/python3.12/site-packages/airflow/example_dags/example_sla_dag.py
[2025-03-10T23:13:26.991+0000] {processor.py:925} INFO - DAG(s) 'example_sla_dag' retrieved from /home/airflow/.local/lib/python3.12/site-packages/airflow/example_dags/example_sla_dag.py
[2025-03-10T23:13:27.110+0000] {logging_mixin.py:190} INFO - [2025-03-10T23:13:27.109+0000] {dag.py:3239} INFO - Sync 1 DAGs
[2025-03-10T23:13:27.291+0000] {logging_mixin.py:190} INFO - [2025-03-10T23:13:27.289+0000] {dag.py:4180} INFO - Setting next_dagrun for example_sla_dag to 2025-03-10 23:10:00+00:00, run_after=2025-03-10 23:12:00+00:00
[2025-03-10T23:13:27.385+0000] {processor.py:208} INFO - Processing /home/airflow/.local/lib/python3.12/site-packages/airflow/example_dags/example_sla_dag.py took 0.492 seconds
[2025-03-10T23:15:02.419+0000] {processor.py:186} INFO - Started process (PID=307) to work on /home/airflow/.local/lib/python3.12/site-packages/airflow/example_dags/example_sla_dag.py
[2025-03-10T23:15:02.422+0000] {processor.py:914} INFO - Processing file /home/airflow/.local/lib/python3.12/site-packages/airflow/example_dags/example_sla_dag.py for tasks to queue
[2025-03-10T23:15:02.426+0000] {logging_mixin.py:190} INFO - [2025-03-10T23:15:02.425+0000] {dagbag.py:588} INFO - Filling up the DagBag from /home/airflow/.local/lib/python3.12/site-packages/airflow/example_dags/example_sla_dag.py
[2025-03-10T23:15:02.466+0000] {processor.py:925} INFO - DAG(s) 'example_sla_dag' retrieved from /home/airflow/.local/lib/python3.12/site-packages/airflow/example_dags/example_sla_dag.py
[2025-03-10T23:15:02.581+0000] {logging_mixin.py:190} INFO - [2025-03-10T23:15:02.579+0000] {dag.py:3239} INFO - Sync 1 DAGs
[2025-03-10T23:15:02.765+0000] {logging_mixin.py:190} INFO - [2025-03-10T23:15:02.764+0000] {dag.py:4180} INFO - Setting next_dagrun for example_sla_dag to 2025-03-10 23:12:00+00:00, run_after=2025-03-10 23:14:00+00:00
[2025-03-10T23:15:02.865+0000] {processor.py:208} INFO - Processing /home/airflow/.local/lib/python3.12/site-packages/airflow/example_dags/example_sla_dag.py took 0.470 seconds
[2025-03-10T23:15:33.956+0000] {processor.py:186} INFO - Started process (PID=370) to work on /home/airflow/.local/lib/python3.12/site-packages/airflow/example_dags/example_sla_dag.py
[2025-03-10T23:15:33.959+0000] {processor.py:914} INFO - Processing file /home/airflow/.local/lib/python3.12/site-packages/airflow/example_dags/example_sla_dag.py for tasks to queue
[2025-03-10T23:15:33.963+0000] {logging_mixin.py:190} INFO - [2025-03-10T23:15:33.962+0000] {dagbag.py:588} INFO - Filling up the DagBag from /home/airflow/.local/lib/python3.12/site-packages/airflow/example_dags/example_sla_dag.py
[2025-03-10T23:15:34.003+0000] {processor.py:925} INFO - DAG(s) 'example_sla_dag' retrieved from /home/airflow/.local/lib/python3.12/site-packages/airflow/example_dags/example_sla_dag.py
[2025-03-10T23:15:34.081+0000] {logging_mixin.py:190} INFO - [2025-03-10T23:15:34.080+0000] {dag.py:3239} INFO - Sync 1 DAGs
[2025-03-10T23:15:34.239+0000] {logging_mixin.py:190} INFO - [2025-03-10T23:15:34.238+0000] {dag.py:4180} INFO - Setting next_dagrun for example_sla_dag to 2025-03-10 23:12:00+00:00, run_after=2025-03-10 23:14:00+00:00
[2025-03-10T23:15:34.312+0000] {processor.py:208} INFO - Processing /home/airflow/.local/lib/python3.12/site-packages/airflow/example_dags/example_sla_dag.py took 0.380 seconds
[2025-03-10T23:16:05.748+0000] {processor.py:186} INFO - Started process (PID=433) to work on /home/airflow/.local/lib/python3.12/site-packages/airflow/example_dags/example_sla_dag.py
[2025-03-10T23:16:05.751+0000] {processor.py:914} INFO - Processing file /home/airflow/.local/lib/python3.12/site-packages/airflow/example_dags/example_sla_dag.py for tasks to queue
[2025-03-10T23:16:05.757+0000] {logging_mixin.py:190} INFO - [2025-03-10T23:16:05.755+0000] {dagbag.py:588} INFO - Filling up the DagBag from /home/airflow/.local/lib/python3.12/site-packages/airflow/example_dags/example_sla_dag.py
[2025-03-10T23:16:05.802+0000] {processor.py:925} INFO - DAG(s) 'example_sla_dag' retrieved from /home/airflow/.local/lib/python3.12/site-packages/airflow/example_dags/example_sla_dag.py
[2025-03-10T23:16:05.914+0000] {logging_mixin.py:190} INFO - [2025-03-10T23:16:05.913+0000] {dag.py:3239} INFO - Sync 1 DAGs
[2025-03-10T23:16:06.095+0000] {logging_mixin.py:190} INFO - [2025-03-10T23:16:06.094+0000] {dag.py:4180} INFO - Setting next_dagrun for example_sla_dag to 2025-03-10 23:14:00+00:00, run_after=2025-03-10 23:16:00+00:00
[2025-03-10T23:16:06.183+0000] {processor.py:208} INFO - Processing /home/airflow/.local/lib/python3.12/site-packages/airflow/example_dags/example_sla_dag.py took 0.469 seconds
[2025-03-10T23:16:36.873+0000] {processor.py:186} INFO - Started process (PID=496) to work on /home/airflow/.local/lib/python3.12/site-packages/airflow/example_dags/example_sla_dag.py
[2025-03-10T23:16:36.874+0000] {processor.py:914} INFO - Processing file /home/airflow/.local/lib/python3.12/site-packages/airflow/example_dags/example_sla_dag.py for tasks to queue
[2025-03-10T23:16:36.876+0000] {logging_mixin.py:190} INFO - [2025-03-10T23:16:36.875+0000] {dagbag.py:588} INFO - Filling up the DagBag from /home/airflow/.local/lib/python3.12/site-packages/airflow/example_dags/example_sla_dag.py
[2025-03-10T23:16:36.889+0000] {processor.py:925} INFO - DAG(s) 'example_sla_dag' retrieved from /home/airflow/.local/lib/python3.12/site-packages/airflow/example_dags/example_sla_dag.py
[2025-03-10T23:16:36.917+0000] {logging_mixin.py:190} INFO - [2025-03-10T23:16:36.917+0000] {dag.py:3239} INFO - Sync 1 DAGs
[2025-03-10T23:16:36.952+0000] {logging_mixin.py:190} INFO - [2025-03-10T23:16:36.951+0000] {dag.py:4180} INFO - Setting next_dagrun for example_sla_dag to 2025-03-10 23:14:00+00:00, run_after=2025-03-10 23:16:00+00:00
[2025-03-10T23:16:36.973+0000] {processor.py:208} INFO - Processing /home/airflow/.local/lib/python3.12/site-packages/airflow/example_dags/example_sla_dag.py took 0.109 seconds
[2025-03-10T23:17:07.473+0000] {processor.py:186} INFO - Started process (PID=559) to work on /home/airflow/.local/lib/python3.12/site-packages/airflow/example_dags/example_sla_dag.py
[2025-03-10T23:17:07.475+0000] {processor.py:914} INFO - Processing file /home/airflow/.local/lib/python3.12/site-packages/airflow/example_dags/example_sla_dag.py for tasks to queue
[2025-03-10T23:17:07.476+0000] {logging_mixin.py:190} INFO - [2025-03-10T23:17:07.476+0000] {dagbag.py:588} INFO - Filling up the DagBag from /home/airflow/.local/lib/python3.12/site-packages/airflow/example_dags/example_sla_dag.py
[2025-03-10T23:17:07.497+0000] {processor.py:925} INFO - DAG(s) 'example_sla_dag' retrieved from /home/airflow/.local/lib/python3.12/site-packages/airflow/example_dags/example_sla_dag.py
[2025-03-10T23:17:07.525+0000] {logging_mixin.py:190} INFO - [2025-03-10T23:17:07.525+0000] {dag.py:3239} INFO - Sync 1 DAGs
[2025-03-10T23:17:07.562+0000] {logging_mixin.py:190} INFO - [2025-03-10T23:17:07.562+0000] {dag.py:4180} INFO - Setting next_dagrun for example_sla_dag to 2025-03-10 23:14:00+00:00, run_after=2025-03-10 23:16:00+00:00
[2025-03-10T23:17:07.585+0000] {processor.py:208} INFO - Processing /home/airflow/.local/lib/python3.12/site-packages/airflow/example_dags/example_sla_dag.py took 0.123 seconds
[2025-03-10T23:17:37.663+0000] {processor.py:186} INFO - Started process (PID=622) to work on /home/airflow/.local/lib/python3.12/site-packages/airflow/example_dags/example_sla_dag.py
[2025-03-10T23:17:37.664+0000] {processor.py:914} INFO - Processing file /home/airflow/.local/lib/python3.12/site-packages/airflow/example_dags/example_sla_dag.py for tasks to queue
[2025-03-10T23:17:37.665+0000] {logging_mixin.py:190} INFO - [2025-03-10T23:17:37.665+0000] {dagbag.py:588} INFO - Filling up the DagBag from /home/airflow/.local/lib/python3.12/site-packages/airflow/example_dags/example_sla_dag.py
[2025-03-10T23:17:37.678+0000] {processor.py:925} INFO - DAG(s) 'example_sla_dag' retrieved from /home/airflow/.local/lib/python3.12/site-packages/airflow/example_dags/example_sla_dag.py
[2025-03-10T23:17:37.703+0000] {logging_mixin.py:190} INFO - [2025-03-10T23:17:37.703+0000] {dag.py:3239} INFO - Sync 1 DAGs
[2025-03-10T23:17:37.736+0000] {logging_mixin.py:190} INFO - [2025-03-10T23:17:37.735+0000] {dag.py:4180} INFO - Setting next_dagrun for example_sla_dag to 2025-03-10 23:14:00+00:00, run_after=2025-03-10 23:16:00+00:00
[2025-03-10T23:17:37.754+0000] {processor.py:208} INFO - Processing /home/airflow/.local/lib/python3.12/site-packages/airflow/example_dags/example_sla_dag.py took 0.098 seconds
[2025-03-10T23:18:07.911+0000] {processor.py:186} INFO - Started process (PID=685) to work on /home/airflow/.local/lib/python3.12/site-packages/airflow/example_dags/example_sla_dag.py
[2025-03-10T23:18:07.912+0000] {processor.py:914} INFO - Processing file /home/airflow/.local/lib/python3.12/site-packages/airflow/example_dags/example_sla_dag.py for tasks to queue
[2025-03-10T23:18:07.914+0000] {logging_mixin.py:190} INFO - [2025-03-10T23:18:07.914+0000] {dagbag.py:588} INFO - Filling up the DagBag from /home/airflow/.local/lib/python3.12/site-packages/airflow/example_dags/example_sla_dag.py
[2025-03-10T23:18:07.931+0000] {processor.py:925} INFO - DAG(s) 'example_sla_dag' retrieved from /home/airflow/.local/lib/python3.12/site-packages/airflow/example_dags/example_sla_dag.py
[2025-03-10T23:18:07.961+0000] {logging_mixin.py:190} INFO - [2025-03-10T23:18:07.961+0000] {dag.py:3239} INFO - Sync 1 DAGs
[2025-03-10T23:18:07.997+0000] {logging_mixin.py:190} INFO - [2025-03-10T23:18:07.997+0000] {dag.py:4180} INFO - Setting next_dagrun for example_sla_dag to 2025-03-10 23:16:00+00:00, run_after=2025-03-10 23:18:00+00:00
[2025-03-10T23:18:08.019+0000] {processor.py:208} INFO - Processing /home/airflow/.local/lib/python3.12/site-packages/airflow/example_dags/example_sla_dag.py took 0.117 seconds
[2025-03-10T23:18:38.089+0000] {processor.py:186} INFO - Started process (PID=748) to work on /home/airflow/.local/lib/python3.12/site-packages/airflow/example_dags/example_sla_dag.py
[2025-03-10T23:18:38.090+0000] {processor.py:914} INFO - Processing file /home/airflow/.local/lib/python3.12/site-packages/airflow/example_dags/example_sla_dag.py for tasks to queue
[2025-03-10T23:18:38.091+0000] {logging_mixin.py:190} INFO - [2025-03-10T23:18:38.091+0000] {dagbag.py:588} INFO - Filling up the DagBag from /home/airflow/.local/lib/python3.12/site-packages/airflow/example_dags/example_sla_dag.py
[2025-03-10T23:18:38.103+0000] {processor.py:925} INFO - DAG(s) 'example_sla_dag' retrieved from /home/airflow/.local/lib/python3.12/site-packages/airflow/example_dags/example_sla_dag.py
[2025-03-10T23:18:38.126+0000] {logging_mixin.py:190} INFO - [2025-03-10T23:18:38.126+0000] {dag.py:3239} INFO - Sync 1 DAGs
[2025-03-10T23:18:38.161+0000] {logging_mixin.py:190} INFO - [2025-03-10T23:18:38.160+0000] {dag.py:4180} INFO - Setting next_dagrun for example_sla_dag to 2025-03-10 23:16:00+00:00, run_after=2025-03-10 23:18:00+00:00
[2025-03-10T23:18:38.181+0000] {processor.py:208} INFO - Processing /home/airflow/.local/lib/python3.12/site-packages/airflow/example_dags/example_sla_dag.py took 0.099 seconds
[2025-03-10T23:19:08.523+0000] {processor.py:186} INFO - Started process (PID=811) to work on /home/airflow/.local/lib/python3.12/site-packages/airflow/example_dags/example_sla_dag.py
[2025-03-10T23:19:08.524+0000] {processor.py:914} INFO - Processing file /home/airflow/.local/lib/python3.12/site-packages/airflow/example_dags/example_sla_dag.py for tasks to queue
[2025-03-10T23:19:08.525+0000] {logging_mixin.py:190} INFO - [2025-03-10T23:19:08.525+0000] {dagbag.py:588} INFO - Filling up the DagBag from /home/airflow/.local/lib/python3.12/site-packages/airflow/example_dags/example_sla_dag.py
[2025-03-10T23:19:08.537+0000] {processor.py:925} INFO - DAG(s) 'example_sla_dag' retrieved from /home/airflow/.local/lib/python3.12/site-packages/airflow/example_dags/example_sla_dag.py
[2025-03-10T23:19:08.562+0000] {logging_mixin.py:190} INFO - [2025-03-10T23:19:08.562+0000] {dag.py:3239} INFO - Sync 1 DAGs
[2025-03-10T23:19:08.601+0000] {logging_mixin.py:190} INFO - [2025-03-10T23:19:08.600+0000] {dag.py:4180} INFO - Setting next_dagrun for example_sla_dag to 2025-03-10 23:16:00+00:00, run_after=2025-03-10 23:18:00+00:00
[2025-03-10T23:19:08.625+0000] {processor.py:208} INFO - Processing /home/airflow/.local/lib/python3.12/site-packages/airflow/example_dags/example_sla_dag.py took 0.109 seconds
[2025-03-10T23:27:12.032+0000] {processor.py:186} INFO - Started process (PID=106) to work on /home/airflow/.local/lib/python3.12/site-packages/airflow/example_dags/example_sla_dag.py
[2025-03-10T23:27:12.035+0000] {processor.py:914} INFO - Processing file /home/airflow/.local/lib/python3.12/site-packages/airflow/example_dags/example_sla_dag.py for tasks to queue
[2025-03-10T23:27:12.045+0000] {logging_mixin.py:190} INFO - [2025-03-10T23:27:12.044+0000] {dagbag.py:588} INFO - Filling up the DagBag from /home/airflow/.local/lib/python3.12/site-packages/airflow/example_dags/example_sla_dag.py
[2025-03-10T23:27:12.087+0000] {processor.py:925} INFO - DAG(s) 'example_sla_dag' retrieved from /home/airflow/.local/lib/python3.12/site-packages/airflow/example_dags/example_sla_dag.py
[2025-03-10T23:27:12.191+0000] {logging_mixin.py:190} INFO - [2025-03-10T23:27:12.190+0000] {dag.py:3239} INFO - Sync 1 DAGs
[2025-03-10T23:27:12.309+0000] {logging_mixin.py:190} INFO - [2025-03-10T23:27:12.308+0000] {dag.py:4180} INFO - Setting next_dagrun for example_sla_dag to 2025-03-10 23:24:00+00:00, run_after=2025-03-10 23:26:00+00:00
[2025-03-10T23:27:12.374+0000] {processor.py:208} INFO - Processing /home/airflow/.local/lib/python3.12/site-packages/airflow/example_dags/example_sla_dag.py took 0.371 seconds
[2025-03-10T23:27:42.642+0000] {processor.py:186} INFO - Started process (PID=169) to work on /home/airflow/.local/lib/python3.12/site-packages/airflow/example_dags/example_sla_dag.py
[2025-03-10T23:27:42.643+0000] {processor.py:914} INFO - Processing file /home/airflow/.local/lib/python3.12/site-packages/airflow/example_dags/example_sla_dag.py for tasks to queue
[2025-03-10T23:27:42.646+0000] {logging_mixin.py:190} INFO - [2025-03-10T23:27:42.646+0000] {dagbag.py:588} INFO - Filling up the DagBag from /home/airflow/.local/lib/python3.12/site-packages/airflow/example_dags/example_sla_dag.py
[2025-03-10T23:27:42.657+0000] {processor.py:925} INFO - DAG(s) 'example_sla_dag' retrieved from /home/airflow/.local/lib/python3.12/site-packages/airflow/example_dags/example_sla_dag.py
[2025-03-10T23:27:42.679+0000] {logging_mixin.py:190} INFO - [2025-03-10T23:27:42.679+0000] {dag.py:3239} INFO - Sync 1 DAGs
[2025-03-10T23:27:42.710+0000] {logging_mixin.py:190} INFO - [2025-03-10T23:27:42.710+0000] {dag.py:4180} INFO - Setting next_dagrun for example_sla_dag to 2025-03-10 23:24:00+00:00, run_after=2025-03-10 23:26:00+00:00
[2025-03-10T23:27:42.730+0000] {processor.py:208} INFO - Processing /home/airflow/.local/lib/python3.12/site-packages/airflow/example_dags/example_sla_dag.py took 0.094 seconds
[2025-03-10T23:28:13.188+0000] {processor.py:186} INFO - Started process (PID=232) to work on /home/airflow/.local/lib/python3.12/site-packages/airflow/example_dags/example_sla_dag.py
[2025-03-10T23:28:13.189+0000] {processor.py:914} INFO - Processing file /home/airflow/.local/lib/python3.12/site-packages/airflow/example_dags/example_sla_dag.py for tasks to queue
[2025-03-10T23:28:13.192+0000] {logging_mixin.py:190} INFO - [2025-03-10T23:28:13.191+0000] {dagbag.py:588} INFO - Filling up the DagBag from /home/airflow/.local/lib/python3.12/site-packages/airflow/example_dags/example_sla_dag.py
[2025-03-10T23:28:13.203+0000] {processor.py:925} INFO - DAG(s) 'example_sla_dag' retrieved from /home/airflow/.local/lib/python3.12/site-packages/airflow/example_dags/example_sla_dag.py
[2025-03-10T23:28:13.225+0000] {logging_mixin.py:190} INFO - [2025-03-10T23:28:13.225+0000] {dag.py:3239} INFO - Sync 1 DAGs
[2025-03-10T23:28:13.257+0000] {logging_mixin.py:190} INFO - [2025-03-10T23:28:13.256+0000] {dag.py:4180} INFO - Setting next_dagrun for example_sla_dag to 2025-03-10 23:26:00+00:00, run_after=2025-03-10 23:28:00+00:00
[2025-03-10T23:28:13.279+0000] {processor.py:208} INFO - Processing /home/airflow/.local/lib/python3.12/site-packages/airflow/example_dags/example_sla_dag.py took 0.098 seconds
[2025-03-10T23:28:44.099+0000] {processor.py:186} INFO - Started process (PID=295) to work on /home/airflow/.local/lib/python3.12/site-packages/airflow/example_dags/example_sla_dag.py
[2025-03-10T23:28:44.100+0000] {processor.py:914} INFO - Processing file /home/airflow/.local/lib/python3.12/site-packages/airflow/example_dags/example_sla_dag.py for tasks to queue
[2025-03-10T23:28:44.103+0000] {logging_mixin.py:190} INFO - [2025-03-10T23:28:44.103+0000] {dagbag.py:588} INFO - Filling up the DagBag from /home/airflow/.local/lib/python3.12/site-packages/airflow/example_dags/example_sla_dag.py
[2025-03-10T23:28:44.115+0000] {processor.py:925} INFO - DAG(s) 'example_sla_dag' retrieved from /home/airflow/.local/lib/python3.12/site-packages/airflow/example_dags/example_sla_dag.py
[2025-03-10T23:28:44.140+0000] {logging_mixin.py:190} INFO - [2025-03-10T23:28:44.140+0000] {dag.py:3239} INFO - Sync 1 DAGs
[2025-03-10T23:28:44.181+0000] {logging_mixin.py:190} INFO - [2025-03-10T23:28:44.181+0000] {dag.py:4180} INFO - Setting next_dagrun for example_sla_dag to 2025-03-10 23:26:00+00:00, run_after=2025-03-10 23:28:00+00:00
[2025-03-10T23:28:44.202+0000] {processor.py:208} INFO - Processing /home/airflow/.local/lib/python3.12/site-packages/airflow/example_dags/example_sla_dag.py took 0.112 seconds
[2025-03-10T23:29:15.316+0000] {processor.py:186} INFO - Started process (PID=358) to work on /home/airflow/.local/lib/python3.12/site-packages/airflow/example_dags/example_sla_dag.py
[2025-03-10T23:29:15.317+0000] {processor.py:914} INFO - Processing file /home/airflow/.local/lib/python3.12/site-packages/airflow/example_dags/example_sla_dag.py for tasks to queue
[2025-03-10T23:29:15.320+0000] {logging_mixin.py:190} INFO - [2025-03-10T23:29:15.320+0000] {dagbag.py:588} INFO - Filling up the DagBag from /home/airflow/.local/lib/python3.12/site-packages/airflow/example_dags/example_sla_dag.py
[2025-03-10T23:29:15.335+0000] {processor.py:925} INFO - DAG(s) 'example_sla_dag' retrieved from /home/airflow/.local/lib/python3.12/site-packages/airflow/example_dags/example_sla_dag.py
[2025-03-10T23:29:15.360+0000] {logging_mixin.py:190} INFO - [2025-03-10T23:29:15.360+0000] {dag.py:3239} INFO - Sync 1 DAGs
[2025-03-10T23:29:15.392+0000] {logging_mixin.py:190} INFO - [2025-03-10T23:29:15.392+0000] {dag.py:4180} INFO - Setting next_dagrun for example_sla_dag to 2025-03-10 23:26:00+00:00, run_after=2025-03-10 23:28:00+00:00
[2025-03-10T23:29:15.411+0000] {processor.py:208} INFO - Processing /home/airflow/.local/lib/python3.12/site-packages/airflow/example_dags/example_sla_dag.py took 0.101 seconds
[2025-03-10T23:35:25.908+0000] {processor.py:186} INFO - Started process (PID=132) to work on /home/airflow/.local/lib/python3.12/site-packages/airflow/example_dags/example_sla_dag.py
[2025-03-10T23:35:25.913+0000] {processor.py:914} INFO - Processing file /home/airflow/.local/lib/python3.12/site-packages/airflow/example_dags/example_sla_dag.py for tasks to queue
[2025-03-10T23:35:25.927+0000] {logging_mixin.py:190} INFO - [2025-03-10T23:35:25.926+0000] {dagbag.py:588} INFO - Filling up the DagBag from /home/airflow/.local/lib/python3.12/site-packages/airflow/example_dags/example_sla_dag.py
[2025-03-10T23:35:25.993+0000] {processor.py:925} INFO - DAG(s) 'example_sla_dag' retrieved from /home/airflow/.local/lib/python3.12/site-packages/airflow/example_dags/example_sla_dag.py
[2025-03-10T23:35:26.117+0000] {logging_mixin.py:190} INFO - [2025-03-10T23:35:26.115+0000] {dag.py:3239} INFO - Sync 1 DAGs
[2025-03-10T23:35:26.299+0000] {logging_mixin.py:190} INFO - [2025-03-10T23:35:26.298+0000] {dag.py:4180} INFO - Setting next_dagrun for example_sla_dag to 2025-03-10 23:32:00+00:00, run_after=2025-03-10 23:34:00+00:00
[2025-03-10T23:35:26.398+0000] {processor.py:208} INFO - Processing /home/airflow/.local/lib/python3.12/site-packages/airflow/example_dags/example_sla_dag.py took 0.531 seconds
[2025-03-10T23:35:56.656+0000] {processor.py:186} INFO - Started process (PID=195) to work on /home/airflow/.local/lib/python3.12/site-packages/airflow/example_dags/example_sla_dag.py
[2025-03-10T23:35:56.657+0000] {processor.py:914} INFO - Processing file /home/airflow/.local/lib/python3.12/site-packages/airflow/example_dags/example_sla_dag.py for tasks to queue
[2025-03-10T23:35:56.661+0000] {logging_mixin.py:190} INFO - [2025-03-10T23:35:56.660+0000] {dagbag.py:588} INFO - Filling up the DagBag from /home/airflow/.local/lib/python3.12/site-packages/airflow/example_dags/example_sla_dag.py
[2025-03-10T23:35:56.672+0000] {processor.py:925} INFO - DAG(s) 'example_sla_dag' retrieved from /home/airflow/.local/lib/python3.12/site-packages/airflow/example_dags/example_sla_dag.py
[2025-03-10T23:35:56.701+0000] {logging_mixin.py:190} INFO - [2025-03-10T23:35:56.701+0000] {dag.py:3239} INFO - Sync 1 DAGs
[2025-03-10T23:35:56.742+0000] {logging_mixin.py:190} INFO - [2025-03-10T23:35:56.742+0000] {dag.py:4180} INFO - Setting next_dagrun for example_sla_dag to 2025-03-10 23:32:00+00:00, run_after=2025-03-10 23:34:00+00:00
[2025-03-10T23:35:56.764+0000] {processor.py:208} INFO - Processing /home/airflow/.local/lib/python3.12/site-packages/airflow/example_dags/example_sla_dag.py took 0.116 seconds
[2025-03-10T23:36:27.063+0000] {processor.py:186} INFO - Started process (PID=258) to work on /home/airflow/.local/lib/python3.12/site-packages/airflow/example_dags/example_sla_dag.py
[2025-03-10T23:36:27.064+0000] {processor.py:914} INFO - Processing file /home/airflow/.local/lib/python3.12/site-packages/airflow/example_dags/example_sla_dag.py for tasks to queue
[2025-03-10T23:36:27.066+0000] {logging_mixin.py:190} INFO - [2025-03-10T23:36:27.066+0000] {dagbag.py:588} INFO - Filling up the DagBag from /home/airflow/.local/lib/python3.12/site-packages/airflow/example_dags/example_sla_dag.py
[2025-03-10T23:36:27.078+0000] {processor.py:925} INFO - DAG(s) 'example_sla_dag' retrieved from /home/airflow/.local/lib/python3.12/site-packages/airflow/example_dags/example_sla_dag.py
[2025-03-10T23:36:27.104+0000] {logging_mixin.py:190} INFO - [2025-03-10T23:36:27.103+0000] {dag.py:3239} INFO - Sync 1 DAGs
[2025-03-10T23:36:27.137+0000] {logging_mixin.py:190} INFO - [2025-03-10T23:36:27.137+0000] {dag.py:4180} INFO - Setting next_dagrun for example_sla_dag to 2025-03-10 23:34:00+00:00, run_after=2025-03-10 23:36:00+00:00
[2025-03-10T23:36:27.158+0000] {processor.py:208} INFO - Processing /home/airflow/.local/lib/python3.12/site-packages/airflow/example_dags/example_sla_dag.py took 0.104 seconds
[2025-03-10T23:36:57.268+0000] {processor.py:186} INFO - Started process (PID=321) to work on /home/airflow/.local/lib/python3.12/site-packages/airflow/example_dags/example_sla_dag.py
[2025-03-10T23:36:57.269+0000] {processor.py:914} INFO - Processing file /home/airflow/.local/lib/python3.12/site-packages/airflow/example_dags/example_sla_dag.py for tasks to queue
[2025-03-10T23:36:57.272+0000] {logging_mixin.py:190} INFO - [2025-03-10T23:36:57.272+0000] {dagbag.py:588} INFO - Filling up the DagBag from /home/airflow/.local/lib/python3.12/site-packages/airflow/example_dags/example_sla_dag.py
[2025-03-10T23:36:57.285+0000] {processor.py:925} INFO - DAG(s) 'example_sla_dag' retrieved from /home/airflow/.local/lib/python3.12/site-packages/airflow/example_dags/example_sla_dag.py
[2025-03-10T23:36:57.309+0000] {logging_mixin.py:190} INFO - [2025-03-10T23:36:57.309+0000] {dag.py:3239} INFO - Sync 1 DAGs
[2025-03-10T23:36:57.342+0000] {logging_mixin.py:190} INFO - [2025-03-10T23:36:57.341+0000] {dag.py:4180} INFO - Setting next_dagrun for example_sla_dag to 2025-03-10 23:34:00+00:00, run_after=2025-03-10 23:36:00+00:00
[2025-03-10T23:36:57.360+0000] {processor.py:208} INFO - Processing /home/airflow/.local/lib/python3.12/site-packages/airflow/example_dags/example_sla_dag.py took 0.100 seconds
