[2025-03-10T20:30:16.272+0000] {processor.py:186} INFO - Started process (PID=128) to work on /home/airflow/.local/lib/python3.12/site-packages/airflow/example_dags/example_branch_operator_decorator.py
[2025-03-10T20:30:16.273+0000] {processor.py:914} INFO - Processing file /home/airflow/.local/lib/python3.12/site-packages/airflow/example_dags/example_branch_operator_decorator.py for tasks to queue
[2025-03-10T20:30:16.276+0000] {logging_mixin.py:190} INFO - [2025-03-10T20:30:16.275+0000] {dagbag.py:588} INFO - Filling up the DagBag from /home/airflow/.local/lib/python3.12/site-packages/airflow/example_dags/example_branch_operator_decorator.py
[2025-03-10T20:30:16.304+0000] {processor.py:925} INFO - DAG(s) 'example_branch_python_operator_decorator' retrieved from /home/airflow/.local/lib/python3.12/site-packages/airflow/example_dags/example_branch_operator_decorator.py
[2025-03-10T20:30:16.387+0000] {logging_mixin.py:190} INFO - [2025-03-10T20:30:16.384+0000] {override.py:1912} INFO - Created Permission View: can read on DAG:example_branch_python_operator_decorator
[2025-03-10T20:30:16.399+0000] {logging_mixin.py:190} INFO - [2025-03-10T20:30:16.399+0000] {override.py:1912} INFO - Created Permission View: can edit on DAG:example_branch_python_operator_decorator
[2025-03-10T20:30:16.408+0000] {logging_mixin.py:190} INFO - [2025-03-10T20:30:16.407+0000] {override.py:1912} INFO - Created Permission View: can delete on DAG:example_branch_python_operator_decorator
[2025-03-10T20:30:16.416+0000] {logging_mixin.py:190} INFO - [2025-03-10T20:30:16.416+0000] {override.py:1912} INFO - Created Permission View: menu access on DAG Run:example_branch_python_operator_decorator
[2025-03-10T20:30:16.430+0000] {logging_mixin.py:190} INFO - [2025-03-10T20:30:16.429+0000] {override.py:1912} INFO - Created Permission View: can read on DAG Run:example_branch_python_operator_decorator
[2025-03-10T20:30:16.441+0000] {logging_mixin.py:190} INFO - [2025-03-10T20:30:16.440+0000] {override.py:1912} INFO - Created Permission View: can create on DAG Run:example_branch_python_operator_decorator
[2025-03-10T20:30:16.452+0000] {logging_mixin.py:190} INFO - [2025-03-10T20:30:16.451+0000] {override.py:1912} INFO - Created Permission View: can delete on DAG Run:example_branch_python_operator_decorator
[2025-03-10T20:30:16.453+0000] {logging_mixin.py:190} INFO - [2025-03-10T20:30:16.452+0000] {dag.py:3239} INFO - Sync 1 DAGs
[2025-03-10T20:30:16.471+0000] {logging_mixin.py:190} INFO - [2025-03-10T20:30:16.471+0000] {dag.py:3262} INFO - Creating ORM DAG for example_branch_python_operator_decorator
[2025-03-10T20:30:16.488+0000] {logging_mixin.py:190} INFO - [2025-03-10T20:30:16.488+0000] {dag.py:4180} INFO - Setting next_dagrun for example_branch_python_operator_decorator to 2025-03-09 00:00:00+00:00, run_after=2025-03-10 00:00:00+00:00
[2025-03-10T20:30:16.512+0000] {processor.py:208} INFO - Processing /home/airflow/.local/lib/python3.12/site-packages/airflow/example_dags/example_branch_operator_decorator.py took 0.247 seconds
[2025-03-10T20:30:47.368+0000] {processor.py:186} INFO - Started process (PID=191) to work on /home/airflow/.local/lib/python3.12/site-packages/airflow/example_dags/example_branch_operator_decorator.py
[2025-03-10T20:30:47.369+0000] {processor.py:914} INFO - Processing file /home/airflow/.local/lib/python3.12/site-packages/airflow/example_dags/example_branch_operator_decorator.py for tasks to queue
[2025-03-10T20:30:47.373+0000] {logging_mixin.py:190} INFO - [2025-03-10T20:30:47.372+0000] {dagbag.py:588} INFO - Filling up the DagBag from /home/airflow/.local/lib/python3.12/site-packages/airflow/example_dags/example_branch_operator_decorator.py
[2025-03-10T20:30:47.399+0000] {processor.py:925} INFO - DAG(s) 'example_branch_python_operator_decorator' retrieved from /home/airflow/.local/lib/python3.12/site-packages/airflow/example_dags/example_branch_operator_decorator.py
[2025-03-10T20:30:47.433+0000] {logging_mixin.py:190} INFO - [2025-03-10T20:30:47.433+0000] {dag.py:3239} INFO - Sync 1 DAGs
[2025-03-10T20:30:47.462+0000] {logging_mixin.py:190} INFO - [2025-03-10T20:30:47.462+0000] {dag.py:4180} INFO - Setting next_dagrun for example_branch_python_operator_decorator to 2025-03-09 00:00:00+00:00, run_after=2025-03-10 00:00:00+00:00
[2025-03-10T20:30:47.483+0000] {processor.py:208} INFO - Processing /home/airflow/.local/lib/python3.12/site-packages/airflow/example_dags/example_branch_operator_decorator.py took 0.124 seconds
[2025-03-10T20:31:20.302+0000] {processor.py:186} INFO - Started process (PID=254) to work on /home/airflow/.local/lib/python3.12/site-packages/airflow/example_dags/example_branch_operator_decorator.py
[2025-03-10T20:31:20.306+0000] {processor.py:914} INFO - Processing file /home/airflow/.local/lib/python3.12/site-packages/airflow/example_dags/example_branch_operator_decorator.py for tasks to queue
[2025-03-10T20:31:20.318+0000] {logging_mixin.py:190} INFO - [2025-03-10T20:31:20.316+0000] {dagbag.py:588} INFO - Filling up the DagBag from /home/airflow/.local/lib/python3.12/site-packages/airflow/example_dags/example_branch_operator_decorator.py
[2025-03-10T20:31:20.472+0000] {processor.py:925} INFO - DAG(s) 'example_branch_python_operator_decorator' retrieved from /home/airflow/.local/lib/python3.12/site-packages/airflow/example_dags/example_branch_operator_decorator.py
[2025-03-10T20:31:20.713+0000] {logging_mixin.py:190} INFO - [2025-03-10T20:31:20.712+0000] {dag.py:3239} INFO - Sync 1 DAGs
[2025-03-10T20:31:20.897+0000] {logging_mixin.py:190} INFO - [2025-03-10T20:31:20.896+0000] {dag.py:4180} INFO - Setting next_dagrun for example_branch_python_operator_decorator to 2025-03-09 00:00:00+00:00, run_after=2025-03-10 00:00:00+00:00
[2025-03-10T20:31:20.988+0000] {processor.py:208} INFO - Processing /home/airflow/.local/lib/python3.12/site-packages/airflow/example_dags/example_branch_operator_decorator.py took 0.727 seconds
[2025-03-10T20:31:51.957+0000] {processor.py:186} INFO - Started process (PID=317) to work on /home/airflow/.local/lib/python3.12/site-packages/airflow/example_dags/example_branch_operator_decorator.py
[2025-03-10T20:31:51.958+0000] {processor.py:914} INFO - Processing file /home/airflow/.local/lib/python3.12/site-packages/airflow/example_dags/example_branch_operator_decorator.py for tasks to queue
[2025-03-10T20:31:51.962+0000] {logging_mixin.py:190} INFO - [2025-03-10T20:31:51.961+0000] {dagbag.py:588} INFO - Filling up the DagBag from /home/airflow/.local/lib/python3.12/site-packages/airflow/example_dags/example_branch_operator_decorator.py
[2025-03-10T20:31:51.991+0000] {processor.py:925} INFO - DAG(s) 'example_branch_python_operator_decorator' retrieved from /home/airflow/.local/lib/python3.12/site-packages/airflow/example_dags/example_branch_operator_decorator.py
[2025-03-10T20:31:52.028+0000] {logging_mixin.py:190} INFO - [2025-03-10T20:31:52.027+0000] {dag.py:3239} INFO - Sync 1 DAGs
[2025-03-10T20:31:52.058+0000] {logging_mixin.py:190} INFO - [2025-03-10T20:31:52.058+0000] {dag.py:4180} INFO - Setting next_dagrun for example_branch_python_operator_decorator to 2025-03-09 00:00:00+00:00, run_after=2025-03-10 00:00:00+00:00
[2025-03-10T20:31:52.079+0000] {processor.py:208} INFO - Processing /home/airflow/.local/lib/python3.12/site-packages/airflow/example_dags/example_branch_operator_decorator.py took 0.130 seconds
[2025-03-10T20:32:22.151+0000] {processor.py:186} INFO - Started process (PID=379) to work on /home/airflow/.local/lib/python3.12/site-packages/airflow/example_dags/example_branch_operator_decorator.py
[2025-03-10T20:32:22.152+0000] {processor.py:914} INFO - Processing file /home/airflow/.local/lib/python3.12/site-packages/airflow/example_dags/example_branch_operator_decorator.py for tasks to queue
[2025-03-10T20:32:22.154+0000] {logging_mixin.py:190} INFO - [2025-03-10T20:32:22.154+0000] {dagbag.py:588} INFO - Filling up the DagBag from /home/airflow/.local/lib/python3.12/site-packages/airflow/example_dags/example_branch_operator_decorator.py
[2025-03-10T20:32:22.179+0000] {processor.py:925} INFO - DAG(s) 'example_branch_python_operator_decorator' retrieved from /home/airflow/.local/lib/python3.12/site-packages/airflow/example_dags/example_branch_operator_decorator.py
[2025-03-10T20:32:22.213+0000] {logging_mixin.py:190} INFO - [2025-03-10T20:32:22.213+0000] {dag.py:3239} INFO - Sync 1 DAGs
[2025-03-10T20:32:22.244+0000] {logging_mixin.py:190} INFO - [2025-03-10T20:32:22.244+0000] {dag.py:4180} INFO - Setting next_dagrun for example_branch_python_operator_decorator to 2025-03-09 00:00:00+00:00, run_after=2025-03-10 00:00:00+00:00
[2025-03-10T20:32:22.267+0000] {processor.py:208} INFO - Processing /home/airflow/.local/lib/python3.12/site-packages/airflow/example_dags/example_branch_operator_decorator.py took 0.123 seconds
[2025-03-10T20:32:52.628+0000] {processor.py:186} INFO - Started process (PID=442) to work on /home/airflow/.local/lib/python3.12/site-packages/airflow/example_dags/example_branch_operator_decorator.py
[2025-03-10T20:32:52.630+0000] {processor.py:914} INFO - Processing file /home/airflow/.local/lib/python3.12/site-packages/airflow/example_dags/example_branch_operator_decorator.py for tasks to queue
[2025-03-10T20:32:52.633+0000] {logging_mixin.py:190} INFO - [2025-03-10T20:32:52.633+0000] {dagbag.py:588} INFO - Filling up the DagBag from /home/airflow/.local/lib/python3.12/site-packages/airflow/example_dags/example_branch_operator_decorator.py
[2025-03-10T20:32:52.662+0000] {processor.py:925} INFO - DAG(s) 'example_branch_python_operator_decorator' retrieved from /home/airflow/.local/lib/python3.12/site-packages/airflow/example_dags/example_branch_operator_decorator.py
[2025-03-10T20:32:52.697+0000] {logging_mixin.py:190} INFO - [2025-03-10T20:32:52.697+0000] {dag.py:3239} INFO - Sync 1 DAGs
[2025-03-10T20:32:52.727+0000] {logging_mixin.py:190} INFO - [2025-03-10T20:32:52.727+0000] {dag.py:4180} INFO - Setting next_dagrun for example_branch_python_operator_decorator to 2025-03-09 00:00:00+00:00, run_after=2025-03-10 00:00:00+00:00
[2025-03-10T20:32:52.749+0000] {processor.py:208} INFO - Processing /home/airflow/.local/lib/python3.12/site-packages/airflow/example_dags/example_branch_operator_decorator.py took 0.130 seconds
[2025-03-10T20:33:22.801+0000] {processor.py:186} INFO - Started process (PID=505) to work on /home/airflow/.local/lib/python3.12/site-packages/airflow/example_dags/example_branch_operator_decorator.py
[2025-03-10T20:33:22.802+0000] {processor.py:914} INFO - Processing file /home/airflow/.local/lib/python3.12/site-packages/airflow/example_dags/example_branch_operator_decorator.py for tasks to queue
[2025-03-10T20:33:22.805+0000] {logging_mixin.py:190} INFO - [2025-03-10T20:33:22.804+0000] {dagbag.py:588} INFO - Filling up the DagBag from /home/airflow/.local/lib/python3.12/site-packages/airflow/example_dags/example_branch_operator_decorator.py
[2025-03-10T20:33:22.832+0000] {processor.py:925} INFO - DAG(s) 'example_branch_python_operator_decorator' retrieved from /home/airflow/.local/lib/python3.12/site-packages/airflow/example_dags/example_branch_operator_decorator.py
[2025-03-10T20:33:22.867+0000] {logging_mixin.py:190} INFO - [2025-03-10T20:33:22.867+0000] {dag.py:3239} INFO - Sync 1 DAGs
[2025-03-10T20:33:22.898+0000] {logging_mixin.py:190} INFO - [2025-03-10T20:33:22.897+0000] {dag.py:4180} INFO - Setting next_dagrun for example_branch_python_operator_decorator to 2025-03-09 00:00:00+00:00, run_after=2025-03-10 00:00:00+00:00
[2025-03-10T20:33:22.920+0000] {processor.py:208} INFO - Processing /home/airflow/.local/lib/python3.12/site-packages/airflow/example_dags/example_branch_operator_decorator.py took 0.128 seconds
[2025-03-10T20:33:53.268+0000] {processor.py:186} INFO - Started process (PID=568) to work on /home/airflow/.local/lib/python3.12/site-packages/airflow/example_dags/example_branch_operator_decorator.py
[2025-03-10T20:33:53.269+0000] {processor.py:914} INFO - Processing file /home/airflow/.local/lib/python3.12/site-packages/airflow/example_dags/example_branch_operator_decorator.py for tasks to queue
[2025-03-10T20:33:53.272+0000] {logging_mixin.py:190} INFO - [2025-03-10T20:33:53.272+0000] {dagbag.py:588} INFO - Filling up the DagBag from /home/airflow/.local/lib/python3.12/site-packages/airflow/example_dags/example_branch_operator_decorator.py
[2025-03-10T20:33:53.299+0000] {processor.py:925} INFO - DAG(s) 'example_branch_python_operator_decorator' retrieved from /home/airflow/.local/lib/python3.12/site-packages/airflow/example_dags/example_branch_operator_decorator.py
[2025-03-10T20:33:53.336+0000] {logging_mixin.py:190} INFO - [2025-03-10T20:33:53.336+0000] {dag.py:3239} INFO - Sync 1 DAGs
[2025-03-10T20:33:53.366+0000] {logging_mixin.py:190} INFO - [2025-03-10T20:33:53.366+0000] {dag.py:4180} INFO - Setting next_dagrun for example_branch_python_operator_decorator to 2025-03-09 00:00:00+00:00, run_after=2025-03-10 00:00:00+00:00
[2025-03-10T20:33:53.388+0000] {processor.py:208} INFO - Processing /home/airflow/.local/lib/python3.12/site-packages/airflow/example_dags/example_branch_operator_decorator.py took 0.128 seconds
[2025-03-10T20:34:23.529+0000] {processor.py:186} INFO - Started process (PID=631) to work on /home/airflow/.local/lib/python3.12/site-packages/airflow/example_dags/example_branch_operator_decorator.py
[2025-03-10T20:34:23.530+0000] {processor.py:914} INFO - Processing file /home/airflow/.local/lib/python3.12/site-packages/airflow/example_dags/example_branch_operator_decorator.py for tasks to queue
[2025-03-10T20:34:23.533+0000] {logging_mixin.py:190} INFO - [2025-03-10T20:34:23.533+0000] {dagbag.py:588} INFO - Filling up the DagBag from /home/airflow/.local/lib/python3.12/site-packages/airflow/example_dags/example_branch_operator_decorator.py
[2025-03-10T20:34:23.562+0000] {processor.py:925} INFO - DAG(s) 'example_branch_python_operator_decorator' retrieved from /home/airflow/.local/lib/python3.12/site-packages/airflow/example_dags/example_branch_operator_decorator.py
[2025-03-10T20:34:23.597+0000] {logging_mixin.py:190} INFO - [2025-03-10T20:34:23.597+0000] {dag.py:3239} INFO - Sync 1 DAGs
[2025-03-10T20:34:23.630+0000] {logging_mixin.py:190} INFO - [2025-03-10T20:34:23.629+0000] {dag.py:4180} INFO - Setting next_dagrun for example_branch_python_operator_decorator to 2025-03-09 00:00:00+00:00, run_after=2025-03-10 00:00:00+00:00
[2025-03-10T20:34:23.650+0000] {processor.py:208} INFO - Processing /home/airflow/.local/lib/python3.12/site-packages/airflow/example_dags/example_branch_operator_decorator.py took 0.130 seconds
[2025-03-10T20:34:53.929+0000] {processor.py:186} INFO - Started process (PID=694) to work on /home/airflow/.local/lib/python3.12/site-packages/airflow/example_dags/example_branch_operator_decorator.py
[2025-03-10T20:34:53.930+0000] {processor.py:914} INFO - Processing file /home/airflow/.local/lib/python3.12/site-packages/airflow/example_dags/example_branch_operator_decorator.py for tasks to queue
[2025-03-10T20:34:53.933+0000] {logging_mixin.py:190} INFO - [2025-03-10T20:34:53.933+0000] {dagbag.py:588} INFO - Filling up the DagBag from /home/airflow/.local/lib/python3.12/site-packages/airflow/example_dags/example_branch_operator_decorator.py
[2025-03-10T20:34:53.963+0000] {processor.py:925} INFO - DAG(s) 'example_branch_python_operator_decorator' retrieved from /home/airflow/.local/lib/python3.12/site-packages/airflow/example_dags/example_branch_operator_decorator.py
[2025-03-10T20:34:53.999+0000] {logging_mixin.py:190} INFO - [2025-03-10T20:34:53.998+0000] {dag.py:3239} INFO - Sync 1 DAGs
[2025-03-10T20:34:54.029+0000] {logging_mixin.py:190} INFO - [2025-03-10T20:34:54.028+0000] {dag.py:4180} INFO - Setting next_dagrun for example_branch_python_operator_decorator to 2025-03-09 00:00:00+00:00, run_after=2025-03-10 00:00:00+00:00
[2025-03-10T20:34:54.049+0000] {processor.py:208} INFO - Processing /home/airflow/.local/lib/python3.12/site-packages/airflow/example_dags/example_branch_operator_decorator.py took 0.128 seconds
[2025-03-10T20:35:24.139+0000] {processor.py:186} INFO - Started process (PID=757) to work on /home/airflow/.local/lib/python3.12/site-packages/airflow/example_dags/example_branch_operator_decorator.py
[2025-03-10T20:35:24.140+0000] {processor.py:914} INFO - Processing file /home/airflow/.local/lib/python3.12/site-packages/airflow/example_dags/example_branch_operator_decorator.py for tasks to queue
[2025-03-10T20:35:24.143+0000] {logging_mixin.py:190} INFO - [2025-03-10T20:35:24.142+0000] {dagbag.py:588} INFO - Filling up the DagBag from /home/airflow/.local/lib/python3.12/site-packages/airflow/example_dags/example_branch_operator_decorator.py
[2025-03-10T20:35:24.169+0000] {processor.py:925} INFO - DAG(s) 'example_branch_python_operator_decorator' retrieved from /home/airflow/.local/lib/python3.12/site-packages/airflow/example_dags/example_branch_operator_decorator.py
[2025-03-10T20:35:24.205+0000] {logging_mixin.py:190} INFO - [2025-03-10T20:35:24.204+0000] {dag.py:3239} INFO - Sync 1 DAGs
[2025-03-10T20:35:24.234+0000] {logging_mixin.py:190} INFO - [2025-03-10T20:35:24.234+0000] {dag.py:4180} INFO - Setting next_dagrun for example_branch_python_operator_decorator to 2025-03-09 00:00:00+00:00, run_after=2025-03-10 00:00:00+00:00
[2025-03-10T20:35:24.260+0000] {processor.py:208} INFO - Processing /home/airflow/.local/lib/python3.12/site-packages/airflow/example_dags/example_branch_operator_decorator.py took 0.128 seconds
[2025-03-10T20:35:54.549+0000] {processor.py:186} INFO - Started process (PID=820) to work on /home/airflow/.local/lib/python3.12/site-packages/airflow/example_dags/example_branch_operator_decorator.py
[2025-03-10T20:35:54.550+0000] {processor.py:914} INFO - Processing file /home/airflow/.local/lib/python3.12/site-packages/airflow/example_dags/example_branch_operator_decorator.py for tasks to queue
[2025-03-10T20:35:54.553+0000] {logging_mixin.py:190} INFO - [2025-03-10T20:35:54.553+0000] {dagbag.py:588} INFO - Filling up the DagBag from /home/airflow/.local/lib/python3.12/site-packages/airflow/example_dags/example_branch_operator_decorator.py
[2025-03-10T20:35:54.582+0000] {processor.py:925} INFO - DAG(s) 'example_branch_python_operator_decorator' retrieved from /home/airflow/.local/lib/python3.12/site-packages/airflow/example_dags/example_branch_operator_decorator.py
[2025-03-10T20:35:54.622+0000] {logging_mixin.py:190} INFO - [2025-03-10T20:35:54.622+0000] {dag.py:3239} INFO - Sync 1 DAGs
[2025-03-10T20:35:54.659+0000] {logging_mixin.py:190} INFO - [2025-03-10T20:35:54.658+0000] {dag.py:4180} INFO - Setting next_dagrun for example_branch_python_operator_decorator to 2025-03-09 00:00:00+00:00, run_after=2025-03-10 00:00:00+00:00
[2025-03-10T20:35:54.681+0000] {processor.py:208} INFO - Processing /home/airflow/.local/lib/python3.12/site-packages/airflow/example_dags/example_branch_operator_decorator.py took 0.139 seconds
[2025-03-10T20:36:24.788+0000] {processor.py:186} INFO - Started process (PID=883) to work on /home/airflow/.local/lib/python3.12/site-packages/airflow/example_dags/example_branch_operator_decorator.py
[2025-03-10T20:36:24.789+0000] {processor.py:914} INFO - Processing file /home/airflow/.local/lib/python3.12/site-packages/airflow/example_dags/example_branch_operator_decorator.py for tasks to queue
[2025-03-10T20:36:24.793+0000] {logging_mixin.py:190} INFO - [2025-03-10T20:36:24.792+0000] {dagbag.py:588} INFO - Filling up the DagBag from /home/airflow/.local/lib/python3.12/site-packages/airflow/example_dags/example_branch_operator_decorator.py
[2025-03-10T20:36:24.820+0000] {processor.py:925} INFO - DAG(s) 'example_branch_python_operator_decorator' retrieved from /home/airflow/.local/lib/python3.12/site-packages/airflow/example_dags/example_branch_operator_decorator.py
[2025-03-10T20:36:24.856+0000] {logging_mixin.py:190} INFO - [2025-03-10T20:36:24.855+0000] {dag.py:3239} INFO - Sync 1 DAGs
[2025-03-10T20:36:24.886+0000] {logging_mixin.py:190} INFO - [2025-03-10T20:36:24.886+0000] {dag.py:4180} INFO - Setting next_dagrun for example_branch_python_operator_decorator to 2025-03-09 00:00:00+00:00, run_after=2025-03-10 00:00:00+00:00
[2025-03-10T20:36:24.906+0000] {processor.py:208} INFO - Processing /home/airflow/.local/lib/python3.12/site-packages/airflow/example_dags/example_branch_operator_decorator.py took 0.126 seconds
[2025-03-10T20:36:55.385+0000] {processor.py:186} INFO - Started process (PID=946) to work on /home/airflow/.local/lib/python3.12/site-packages/airflow/example_dags/example_branch_operator_decorator.py
[2025-03-10T20:36:55.386+0000] {processor.py:914} INFO - Processing file /home/airflow/.local/lib/python3.12/site-packages/airflow/example_dags/example_branch_operator_decorator.py for tasks to queue
[2025-03-10T20:36:55.389+0000] {logging_mixin.py:190} INFO - [2025-03-10T20:36:55.389+0000] {dagbag.py:588} INFO - Filling up the DagBag from /home/airflow/.local/lib/python3.12/site-packages/airflow/example_dags/example_branch_operator_decorator.py
[2025-03-10T20:36:55.419+0000] {processor.py:925} INFO - DAG(s) 'example_branch_python_operator_decorator' retrieved from /home/airflow/.local/lib/python3.12/site-packages/airflow/example_dags/example_branch_operator_decorator.py
[2025-03-10T20:36:55.456+0000] {logging_mixin.py:190} INFO - [2025-03-10T20:36:55.456+0000] {dag.py:3239} INFO - Sync 1 DAGs
[2025-03-10T20:36:55.490+0000] {logging_mixin.py:190} INFO - [2025-03-10T20:36:55.490+0000] {dag.py:4180} INFO - Setting next_dagrun for example_branch_python_operator_decorator to 2025-03-09 00:00:00+00:00, run_after=2025-03-10 00:00:00+00:00
[2025-03-10T20:36:55.510+0000] {processor.py:208} INFO - Processing /home/airflow/.local/lib/python3.12/site-packages/airflow/example_dags/example_branch_operator_decorator.py took 0.134 seconds
[2025-03-10T20:37:25.708+0000] {processor.py:186} INFO - Started process (PID=1010) to work on /home/airflow/.local/lib/python3.12/site-packages/airflow/example_dags/example_branch_operator_decorator.py
[2025-03-10T20:37:25.709+0000] {processor.py:914} INFO - Processing file /home/airflow/.local/lib/python3.12/site-packages/airflow/example_dags/example_branch_operator_decorator.py for tasks to queue
[2025-03-10T20:37:25.712+0000] {logging_mixin.py:190} INFO - [2025-03-10T20:37:25.712+0000] {dagbag.py:588} INFO - Filling up the DagBag from /home/airflow/.local/lib/python3.12/site-packages/airflow/example_dags/example_branch_operator_decorator.py
[2025-03-10T20:37:25.740+0000] {processor.py:925} INFO - DAG(s) 'example_branch_python_operator_decorator' retrieved from /home/airflow/.local/lib/python3.12/site-packages/airflow/example_dags/example_branch_operator_decorator.py
[2025-03-10T20:37:25.776+0000] {logging_mixin.py:190} INFO - [2025-03-10T20:37:25.775+0000] {dag.py:3239} INFO - Sync 1 DAGs
[2025-03-10T20:37:25.808+0000] {logging_mixin.py:190} INFO - [2025-03-10T20:37:25.808+0000] {dag.py:4180} INFO - Setting next_dagrun for example_branch_python_operator_decorator to 2025-03-09 00:00:00+00:00, run_after=2025-03-10 00:00:00+00:00
[2025-03-10T20:37:25.830+0000] {processor.py:208} INFO - Processing /home/airflow/.local/lib/python3.12/site-packages/airflow/example_dags/example_branch_operator_decorator.py took 0.131 seconds
[2025-03-10T20:37:56.378+0000] {processor.py:186} INFO - Started process (PID=1073) to work on /home/airflow/.local/lib/python3.12/site-packages/airflow/example_dags/example_branch_operator_decorator.py
[2025-03-10T20:37:56.379+0000] {processor.py:914} INFO - Processing file /home/airflow/.local/lib/python3.12/site-packages/airflow/example_dags/example_branch_operator_decorator.py for tasks to queue
[2025-03-10T20:37:56.382+0000] {logging_mixin.py:190} INFO - [2025-03-10T20:37:56.382+0000] {dagbag.py:588} INFO - Filling up the DagBag from /home/airflow/.local/lib/python3.12/site-packages/airflow/example_dags/example_branch_operator_decorator.py
[2025-03-10T20:37:56.408+0000] {processor.py:925} INFO - DAG(s) 'example_branch_python_operator_decorator' retrieved from /home/airflow/.local/lib/python3.12/site-packages/airflow/example_dags/example_branch_operator_decorator.py
[2025-03-10T20:37:56.445+0000] {logging_mixin.py:190} INFO - [2025-03-10T20:37:56.444+0000] {dag.py:3239} INFO - Sync 1 DAGs
[2025-03-10T20:37:56.477+0000] {logging_mixin.py:190} INFO - [2025-03-10T20:37:56.477+0000] {dag.py:4180} INFO - Setting next_dagrun for example_branch_python_operator_decorator to 2025-03-09 00:00:00+00:00, run_after=2025-03-10 00:00:00+00:00
[2025-03-10T20:37:56.504+0000] {processor.py:208} INFO - Processing /home/airflow/.local/lib/python3.12/site-packages/airflow/example_dags/example_branch_operator_decorator.py took 0.133 seconds
[2025-03-10T20:38:27.681+0000] {processor.py:186} INFO - Started process (PID=1136) to work on /home/airflow/.local/lib/python3.12/site-packages/airflow/example_dags/example_branch_operator_decorator.py
[2025-03-10T20:38:27.682+0000] {processor.py:914} INFO - Processing file /home/airflow/.local/lib/python3.12/site-packages/airflow/example_dags/example_branch_operator_decorator.py for tasks to queue
[2025-03-10T20:38:27.685+0000] {logging_mixin.py:190} INFO - [2025-03-10T20:38:27.684+0000] {dagbag.py:588} INFO - Filling up the DagBag from /home/airflow/.local/lib/python3.12/site-packages/airflow/example_dags/example_branch_operator_decorator.py
[2025-03-10T20:38:27.715+0000] {processor.py:925} INFO - DAG(s) 'example_branch_python_operator_decorator' retrieved from /home/airflow/.local/lib/python3.12/site-packages/airflow/example_dags/example_branch_operator_decorator.py
[2025-03-10T20:38:27.754+0000] {logging_mixin.py:190} INFO - [2025-03-10T20:38:27.753+0000] {dag.py:3239} INFO - Sync 1 DAGs
[2025-03-10T20:38:27.794+0000] {logging_mixin.py:190} INFO - [2025-03-10T20:38:27.794+0000] {dag.py:4180} INFO - Setting next_dagrun for example_branch_python_operator_decorator to 2025-03-09 00:00:00+00:00, run_after=2025-03-10 00:00:00+00:00
[2025-03-10T20:38:27.816+0000] {processor.py:208} INFO - Processing /home/airflow/.local/lib/python3.12/site-packages/airflow/example_dags/example_branch_operator_decorator.py took 0.142 seconds
[2025-03-10T20:38:58.447+0000] {processor.py:186} INFO - Started process (PID=1199) to work on /home/airflow/.local/lib/python3.12/site-packages/airflow/example_dags/example_branch_operator_decorator.py
[2025-03-10T20:38:58.448+0000] {processor.py:914} INFO - Processing file /home/airflow/.local/lib/python3.12/site-packages/airflow/example_dags/example_branch_operator_decorator.py for tasks to queue
[2025-03-10T20:38:58.451+0000] {logging_mixin.py:190} INFO - [2025-03-10T20:38:58.451+0000] {dagbag.py:588} INFO - Filling up the DagBag from /home/airflow/.local/lib/python3.12/site-packages/airflow/example_dags/example_branch_operator_decorator.py
[2025-03-10T20:38:58.477+0000] {processor.py:925} INFO - DAG(s) 'example_branch_python_operator_decorator' retrieved from /home/airflow/.local/lib/python3.12/site-packages/airflow/example_dags/example_branch_operator_decorator.py
[2025-03-10T20:38:58.514+0000] {logging_mixin.py:190} INFO - [2025-03-10T20:38:58.514+0000] {dag.py:3239} INFO - Sync 1 DAGs
[2025-03-10T20:38:58.544+0000] {logging_mixin.py:190} INFO - [2025-03-10T20:38:58.543+0000] {dag.py:4180} INFO - Setting next_dagrun for example_branch_python_operator_decorator to 2025-03-09 00:00:00+00:00, run_after=2025-03-10 00:00:00+00:00
[2025-03-10T20:38:58.564+0000] {processor.py:208} INFO - Processing /home/airflow/.local/lib/python3.12/site-packages/airflow/example_dags/example_branch_operator_decorator.py took 0.126 seconds
[2025-03-10T20:39:29.167+0000] {processor.py:186} INFO - Started process (PID=1262) to work on /home/airflow/.local/lib/python3.12/site-packages/airflow/example_dags/example_branch_operator_decorator.py
[2025-03-10T20:39:29.168+0000] {processor.py:914} INFO - Processing file /home/airflow/.local/lib/python3.12/site-packages/airflow/example_dags/example_branch_operator_decorator.py for tasks to queue
[2025-03-10T20:39:29.171+0000] {logging_mixin.py:190} INFO - [2025-03-10T20:39:29.170+0000] {dagbag.py:588} INFO - Filling up the DagBag from /home/airflow/.local/lib/python3.12/site-packages/airflow/example_dags/example_branch_operator_decorator.py
[2025-03-10T20:39:29.196+0000] {processor.py:925} INFO - DAG(s) 'example_branch_python_operator_decorator' retrieved from /home/airflow/.local/lib/python3.12/site-packages/airflow/example_dags/example_branch_operator_decorator.py
[2025-03-10T20:39:29.232+0000] {logging_mixin.py:190} INFO - [2025-03-10T20:39:29.232+0000] {dag.py:3239} INFO - Sync 1 DAGs
[2025-03-10T20:39:29.263+0000] {logging_mixin.py:190} INFO - [2025-03-10T20:39:29.263+0000] {dag.py:4180} INFO - Setting next_dagrun for example_branch_python_operator_decorator to 2025-03-09 00:00:00+00:00, run_after=2025-03-10 00:00:00+00:00
[2025-03-10T20:39:29.284+0000] {processor.py:208} INFO - Processing /home/airflow/.local/lib/python3.12/site-packages/airflow/example_dags/example_branch_operator_decorator.py took 0.124 seconds
[2025-03-10T20:39:59.853+0000] {processor.py:186} INFO - Started process (PID=1325) to work on /home/airflow/.local/lib/python3.12/site-packages/airflow/example_dags/example_branch_operator_decorator.py
[2025-03-10T20:39:59.854+0000] {processor.py:914} INFO - Processing file /home/airflow/.local/lib/python3.12/site-packages/airflow/example_dags/example_branch_operator_decorator.py for tasks to queue
[2025-03-10T20:39:59.857+0000] {logging_mixin.py:190} INFO - [2025-03-10T20:39:59.857+0000] {dagbag.py:588} INFO - Filling up the DagBag from /home/airflow/.local/lib/python3.12/site-packages/airflow/example_dags/example_branch_operator_decorator.py
[2025-03-10T20:39:59.888+0000] {processor.py:925} INFO - DAG(s) 'example_branch_python_operator_decorator' retrieved from /home/airflow/.local/lib/python3.12/site-packages/airflow/example_dags/example_branch_operator_decorator.py
[2025-03-10T20:39:59.927+0000] {logging_mixin.py:190} INFO - [2025-03-10T20:39:59.926+0000] {dag.py:3239} INFO - Sync 1 DAGs
[2025-03-10T20:39:59.959+0000] {logging_mixin.py:190} INFO - [2025-03-10T20:39:59.959+0000] {dag.py:4180} INFO - Setting next_dagrun for example_branch_python_operator_decorator to 2025-03-09 00:00:00+00:00, run_after=2025-03-10 00:00:00+00:00
[2025-03-10T20:39:59.980+0000] {processor.py:208} INFO - Processing /home/airflow/.local/lib/python3.12/site-packages/airflow/example_dags/example_branch_operator_decorator.py took 0.134 seconds
[2025-03-10T20:40:30.815+0000] {processor.py:186} INFO - Started process (PID=1388) to work on /home/airflow/.local/lib/python3.12/site-packages/airflow/example_dags/example_branch_operator_decorator.py
[2025-03-10T20:40:30.816+0000] {processor.py:914} INFO - Processing file /home/airflow/.local/lib/python3.12/site-packages/airflow/example_dags/example_branch_operator_decorator.py for tasks to queue
[2025-03-10T20:40:30.819+0000] {logging_mixin.py:190} INFO - [2025-03-10T20:40:30.818+0000] {dagbag.py:588} INFO - Filling up the DagBag from /home/airflow/.local/lib/python3.12/site-packages/airflow/example_dags/example_branch_operator_decorator.py
[2025-03-10T20:40:30.845+0000] {processor.py:925} INFO - DAG(s) 'example_branch_python_operator_decorator' retrieved from /home/airflow/.local/lib/python3.12/site-packages/airflow/example_dags/example_branch_operator_decorator.py
[2025-03-10T20:40:30.881+0000] {logging_mixin.py:190} INFO - [2025-03-10T20:40:30.880+0000] {dag.py:3239} INFO - Sync 1 DAGs
[2025-03-10T20:40:30.912+0000] {logging_mixin.py:190} INFO - [2025-03-10T20:40:30.911+0000] {dag.py:4180} INFO - Setting next_dagrun for example_branch_python_operator_decorator to 2025-03-09 00:00:00+00:00, run_after=2025-03-10 00:00:00+00:00
[2025-03-10T20:40:30.934+0000] {processor.py:208} INFO - Processing /home/airflow/.local/lib/python3.12/site-packages/airflow/example_dags/example_branch_operator_decorator.py took 0.127 seconds
[2025-03-10T20:41:02.223+0000] {processor.py:186} INFO - Started process (PID=1451) to work on /home/airflow/.local/lib/python3.12/site-packages/airflow/example_dags/example_branch_operator_decorator.py
[2025-03-10T20:41:02.224+0000] {processor.py:914} INFO - Processing file /home/airflow/.local/lib/python3.12/site-packages/airflow/example_dags/example_branch_operator_decorator.py for tasks to queue
[2025-03-10T20:41:02.227+0000] {logging_mixin.py:190} INFO - [2025-03-10T20:41:02.227+0000] {dagbag.py:588} INFO - Filling up the DagBag from /home/airflow/.local/lib/python3.12/site-packages/airflow/example_dags/example_branch_operator_decorator.py
[2025-03-10T20:41:02.253+0000] {processor.py:925} INFO - DAG(s) 'example_branch_python_operator_decorator' retrieved from /home/airflow/.local/lib/python3.12/site-packages/airflow/example_dags/example_branch_operator_decorator.py
[2025-03-10T20:41:02.290+0000] {logging_mixin.py:190} INFO - [2025-03-10T20:41:02.289+0000] {dag.py:3239} INFO - Sync 1 DAGs
[2025-03-10T20:41:02.324+0000] {logging_mixin.py:190} INFO - [2025-03-10T20:41:02.323+0000] {dag.py:4180} INFO - Setting next_dagrun for example_branch_python_operator_decorator to 2025-03-09 00:00:00+00:00, run_after=2025-03-10 00:00:00+00:00
[2025-03-10T20:41:02.344+0000] {processor.py:208} INFO - Processing /home/airflow/.local/lib/python3.12/site-packages/airflow/example_dags/example_branch_operator_decorator.py took 0.130 seconds
[2025-03-10T20:41:33.083+0000] {processor.py:186} INFO - Started process (PID=1514) to work on /home/airflow/.local/lib/python3.12/site-packages/airflow/example_dags/example_branch_operator_decorator.py
[2025-03-10T20:41:33.084+0000] {processor.py:914} INFO - Processing file /home/airflow/.local/lib/python3.12/site-packages/airflow/example_dags/example_branch_operator_decorator.py for tasks to queue
[2025-03-10T20:41:33.088+0000] {logging_mixin.py:190} INFO - [2025-03-10T20:41:33.087+0000] {dagbag.py:588} INFO - Filling up the DagBag from /home/airflow/.local/lib/python3.12/site-packages/airflow/example_dags/example_branch_operator_decorator.py
[2025-03-10T20:41:33.120+0000] {processor.py:925} INFO - DAG(s) 'example_branch_python_operator_decorator' retrieved from /home/airflow/.local/lib/python3.12/site-packages/airflow/example_dags/example_branch_operator_decorator.py
[2025-03-10T20:41:33.156+0000] {logging_mixin.py:190} INFO - [2025-03-10T20:41:33.155+0000] {dag.py:3239} INFO - Sync 1 DAGs
[2025-03-10T20:41:33.187+0000] {logging_mixin.py:190} INFO - [2025-03-10T20:41:33.187+0000] {dag.py:4180} INFO - Setting next_dagrun for example_branch_python_operator_decorator to 2025-03-09 00:00:00+00:00, run_after=2025-03-10 00:00:00+00:00
[2025-03-10T20:41:33.209+0000] {processor.py:208} INFO - Processing /home/airflow/.local/lib/python3.12/site-packages/airflow/example_dags/example_branch_operator_decorator.py took 0.132 seconds
[2025-03-10T20:42:03.731+0000] {processor.py:186} INFO - Started process (PID=1577) to work on /home/airflow/.local/lib/python3.12/site-packages/airflow/example_dags/example_branch_operator_decorator.py
[2025-03-10T20:42:03.732+0000] {processor.py:914} INFO - Processing file /home/airflow/.local/lib/python3.12/site-packages/airflow/example_dags/example_branch_operator_decorator.py for tasks to queue
[2025-03-10T20:42:03.735+0000] {logging_mixin.py:190} INFO - [2025-03-10T20:42:03.735+0000] {dagbag.py:588} INFO - Filling up the DagBag from /home/airflow/.local/lib/python3.12/site-packages/airflow/example_dags/example_branch_operator_decorator.py
[2025-03-10T20:42:03.762+0000] {processor.py:925} INFO - DAG(s) 'example_branch_python_operator_decorator' retrieved from /home/airflow/.local/lib/python3.12/site-packages/airflow/example_dags/example_branch_operator_decorator.py
[2025-03-10T20:42:03.799+0000] {logging_mixin.py:190} INFO - [2025-03-10T20:42:03.798+0000] {dag.py:3239} INFO - Sync 1 DAGs
[2025-03-10T20:42:03.829+0000] {logging_mixin.py:190} INFO - [2025-03-10T20:42:03.829+0000] {dag.py:4180} INFO - Setting next_dagrun for example_branch_python_operator_decorator to 2025-03-09 00:00:00+00:00, run_after=2025-03-10 00:00:00+00:00
[2025-03-10T20:42:03.850+0000] {processor.py:208} INFO - Processing /home/airflow/.local/lib/python3.12/site-packages/airflow/example_dags/example_branch_operator_decorator.py took 0.126 seconds
[2025-03-10T20:42:34.987+0000] {processor.py:186} INFO - Started process (PID=1640) to work on /home/airflow/.local/lib/python3.12/site-packages/airflow/example_dags/example_branch_operator_decorator.py
[2025-03-10T20:42:34.988+0000] {processor.py:914} INFO - Processing file /home/airflow/.local/lib/python3.12/site-packages/airflow/example_dags/example_branch_operator_decorator.py for tasks to queue
[2025-03-10T20:42:34.991+0000] {logging_mixin.py:190} INFO - [2025-03-10T20:42:34.991+0000] {dagbag.py:588} INFO - Filling up the DagBag from /home/airflow/.local/lib/python3.12/site-packages/airflow/example_dags/example_branch_operator_decorator.py
[2025-03-10T20:42:35.017+0000] {processor.py:925} INFO - DAG(s) 'example_branch_python_operator_decorator' retrieved from /home/airflow/.local/lib/python3.12/site-packages/airflow/example_dags/example_branch_operator_decorator.py
[2025-03-10T20:42:35.057+0000] {logging_mixin.py:190} INFO - [2025-03-10T20:42:35.057+0000] {dag.py:3239} INFO - Sync 1 DAGs
[2025-03-10T20:42:35.089+0000] {logging_mixin.py:190} INFO - [2025-03-10T20:42:35.088+0000] {dag.py:4180} INFO - Setting next_dagrun for example_branch_python_operator_decorator to 2025-03-09 00:00:00+00:00, run_after=2025-03-10 00:00:00+00:00
[2025-03-10T20:42:35.109+0000] {processor.py:208} INFO - Processing /home/airflow/.local/lib/python3.12/site-packages/airflow/example_dags/example_branch_operator_decorator.py took 0.129 seconds
[2025-03-10T20:43:06.097+0000] {processor.py:186} INFO - Started process (PID=1703) to work on /home/airflow/.local/lib/python3.12/site-packages/airflow/example_dags/example_branch_operator_decorator.py
[2025-03-10T20:43:06.098+0000] {processor.py:914} INFO - Processing file /home/airflow/.local/lib/python3.12/site-packages/airflow/example_dags/example_branch_operator_decorator.py for tasks to queue
[2025-03-10T20:43:06.101+0000] {logging_mixin.py:190} INFO - [2025-03-10T20:43:06.101+0000] {dagbag.py:588} INFO - Filling up the DagBag from /home/airflow/.local/lib/python3.12/site-packages/airflow/example_dags/example_branch_operator_decorator.py
[2025-03-10T20:43:06.128+0000] {processor.py:925} INFO - DAG(s) 'example_branch_python_operator_decorator' retrieved from /home/airflow/.local/lib/python3.12/site-packages/airflow/example_dags/example_branch_operator_decorator.py
[2025-03-10T20:43:06.165+0000] {logging_mixin.py:190} INFO - [2025-03-10T20:43:06.164+0000] {dag.py:3239} INFO - Sync 1 DAGs
[2025-03-10T20:43:06.430+0000] {logging_mixin.py:190} INFO - [2025-03-10T20:43:06.430+0000] {dag.py:4180} INFO - Setting next_dagrun for example_branch_python_operator_decorator to 2025-03-09 00:00:00+00:00, run_after=2025-03-10 00:00:00+00:00
[2025-03-10T20:43:06.450+0000] {processor.py:208} INFO - Processing /home/airflow/.local/lib/python3.12/site-packages/airflow/example_dags/example_branch_operator_decorator.py took 0.361 seconds
[2025-03-10T20:43:36.699+0000] {processor.py:186} INFO - Started process (PID=1767) to work on /home/airflow/.local/lib/python3.12/site-packages/airflow/example_dags/example_branch_operator_decorator.py
[2025-03-10T20:43:36.700+0000] {processor.py:914} INFO - Processing file /home/airflow/.local/lib/python3.12/site-packages/airflow/example_dags/example_branch_operator_decorator.py for tasks to queue
[2025-03-10T20:43:36.703+0000] {logging_mixin.py:190} INFO - [2025-03-10T20:43:36.702+0000] {dagbag.py:588} INFO - Filling up the DagBag from /home/airflow/.local/lib/python3.12/site-packages/airflow/example_dags/example_branch_operator_decorator.py
[2025-03-10T20:43:36.729+0000] {processor.py:925} INFO - DAG(s) 'example_branch_python_operator_decorator' retrieved from /home/airflow/.local/lib/python3.12/site-packages/airflow/example_dags/example_branch_operator_decorator.py
[2025-03-10T20:43:36.774+0000] {logging_mixin.py:190} INFO - [2025-03-10T20:43:36.774+0000] {dag.py:3239} INFO - Sync 1 DAGs
[2025-03-10T20:43:36.805+0000] {logging_mixin.py:190} INFO - [2025-03-10T20:43:36.805+0000] {dag.py:4180} INFO - Setting next_dagrun for example_branch_python_operator_decorator to 2025-03-09 00:00:00+00:00, run_after=2025-03-10 00:00:00+00:00
[2025-03-10T20:43:36.827+0000] {processor.py:208} INFO - Processing /home/airflow/.local/lib/python3.12/site-packages/airflow/example_dags/example_branch_operator_decorator.py took 0.135 seconds
[2025-03-10T20:44:07.525+0000] {processor.py:186} INFO - Started process (PID=1829) to work on /home/airflow/.local/lib/python3.12/site-packages/airflow/example_dags/example_branch_operator_decorator.py
[2025-03-10T20:44:07.526+0000] {processor.py:914} INFO - Processing file /home/airflow/.local/lib/python3.12/site-packages/airflow/example_dags/example_branch_operator_decorator.py for tasks to queue
[2025-03-10T20:44:07.528+0000] {logging_mixin.py:190} INFO - [2025-03-10T20:44:07.528+0000] {dagbag.py:588} INFO - Filling up the DagBag from /home/airflow/.local/lib/python3.12/site-packages/airflow/example_dags/example_branch_operator_decorator.py
[2025-03-10T20:44:07.555+0000] {processor.py:925} INFO - DAG(s) 'example_branch_python_operator_decorator' retrieved from /home/airflow/.local/lib/python3.12/site-packages/airflow/example_dags/example_branch_operator_decorator.py
[2025-03-10T20:44:07.591+0000] {logging_mixin.py:190} INFO - [2025-03-10T20:44:07.590+0000] {dag.py:3239} INFO - Sync 1 DAGs
[2025-03-10T20:44:07.622+0000] {logging_mixin.py:190} INFO - [2025-03-10T20:44:07.621+0000] {dag.py:4180} INFO - Setting next_dagrun for example_branch_python_operator_decorator to 2025-03-09 00:00:00+00:00, run_after=2025-03-10 00:00:00+00:00
[2025-03-10T20:44:07.646+0000] {processor.py:208} INFO - Processing /home/airflow/.local/lib/python3.12/site-packages/airflow/example_dags/example_branch_operator_decorator.py took 0.128 seconds
[2025-03-10T20:44:40.706+0000] {processor.py:186} INFO - Started process (PID=1898) to work on /home/airflow/.local/lib/python3.12/site-packages/airflow/example_dags/example_branch_operator_decorator.py
[2025-03-10T20:44:40.707+0000] {processor.py:914} INFO - Processing file /home/airflow/.local/lib/python3.12/site-packages/airflow/example_dags/example_branch_operator_decorator.py for tasks to queue
[2025-03-10T20:44:40.710+0000] {logging_mixin.py:190} INFO - [2025-03-10T20:44:40.710+0000] {dagbag.py:588} INFO - Filling up the DagBag from /home/airflow/.local/lib/python3.12/site-packages/airflow/example_dags/example_branch_operator_decorator.py
[2025-03-10T20:44:40.741+0000] {processor.py:925} INFO - DAG(s) 'example_branch_python_operator_decorator' retrieved from /home/airflow/.local/lib/python3.12/site-packages/airflow/example_dags/example_branch_operator_decorator.py
[2025-03-10T20:44:41.034+0000] {logging_mixin.py:190} INFO - [2025-03-10T20:44:41.034+0000] {dag.py:3239} INFO - Sync 1 DAGs
[2025-03-10T20:44:41.060+0000] {logging_mixin.py:190} INFO - [2025-03-10T20:44:41.060+0000] {dag.py:4180} INFO - Setting next_dagrun for example_branch_python_operator_decorator to 2025-03-09 00:00:00+00:00, run_after=2025-03-10 00:00:00+00:00
[2025-03-10T20:44:41.081+0000] {processor.py:208} INFO - Processing /home/airflow/.local/lib/python3.12/site-packages/airflow/example_dags/example_branch_operator_decorator.py took 0.383 seconds
[2025-03-10T20:45:11.151+0000] {processor.py:186} INFO - Started process (PID=1962) to work on /home/airflow/.local/lib/python3.12/site-packages/airflow/example_dags/example_branch_operator_decorator.py
[2025-03-10T20:45:11.151+0000] {processor.py:914} INFO - Processing file /home/airflow/.local/lib/python3.12/site-packages/airflow/example_dags/example_branch_operator_decorator.py for tasks to queue
[2025-03-10T20:45:11.154+0000] {logging_mixin.py:190} INFO - [2025-03-10T20:45:11.154+0000] {dagbag.py:588} INFO - Filling up the DagBag from /home/airflow/.local/lib/python3.12/site-packages/airflow/example_dags/example_branch_operator_decorator.py
[2025-03-10T20:45:11.180+0000] {processor.py:925} INFO - DAG(s) 'example_branch_python_operator_decorator' retrieved from /home/airflow/.local/lib/python3.12/site-packages/airflow/example_dags/example_branch_operator_decorator.py
[2025-03-10T20:45:11.215+0000] {logging_mixin.py:190} INFO - [2025-03-10T20:45:11.214+0000] {dag.py:3239} INFO - Sync 1 DAGs
[2025-03-10T20:45:11.494+0000] {logging_mixin.py:190} INFO - [2025-03-10T20:45:11.494+0000] {dag.py:4180} INFO - Setting next_dagrun for example_branch_python_operator_decorator to 2025-03-09 00:00:00+00:00, run_after=2025-03-10 00:00:00+00:00
[2025-03-10T20:45:11.517+0000] {processor.py:208} INFO - Processing /home/airflow/.local/lib/python3.12/site-packages/airflow/example_dags/example_branch_operator_decorator.py took 0.373 seconds
[2025-03-10T20:45:41.978+0000] {processor.py:186} INFO - Started process (PID=2024) to work on /home/airflow/.local/lib/python3.12/site-packages/airflow/example_dags/example_branch_operator_decorator.py
[2025-03-10T20:45:41.979+0000] {processor.py:914} INFO - Processing file /home/airflow/.local/lib/python3.12/site-packages/airflow/example_dags/example_branch_operator_decorator.py for tasks to queue
[2025-03-10T20:45:41.982+0000] {logging_mixin.py:190} INFO - [2025-03-10T20:45:41.981+0000] {dagbag.py:588} INFO - Filling up the DagBag from /home/airflow/.local/lib/python3.12/site-packages/airflow/example_dags/example_branch_operator_decorator.py
[2025-03-10T20:45:42.008+0000] {processor.py:925} INFO - DAG(s) 'example_branch_python_operator_decorator' retrieved from /home/airflow/.local/lib/python3.12/site-packages/airflow/example_dags/example_branch_operator_decorator.py
[2025-03-10T20:45:42.044+0000] {logging_mixin.py:190} INFO - [2025-03-10T20:45:42.043+0000] {dag.py:3239} INFO - Sync 1 DAGs
[2025-03-10T20:45:42.080+0000] {logging_mixin.py:190} INFO - [2025-03-10T20:45:42.080+0000] {dag.py:4180} INFO - Setting next_dagrun for example_branch_python_operator_decorator to 2025-03-09 00:00:00+00:00, run_after=2025-03-10 00:00:00+00:00
[2025-03-10T20:45:42.354+0000] {processor.py:208} INFO - Processing /home/airflow/.local/lib/python3.12/site-packages/airflow/example_dags/example_branch_operator_decorator.py took 0.383 seconds
[2025-03-10T20:46:13.569+0000] {processor.py:186} INFO - Started process (PID=2087) to work on /home/airflow/.local/lib/python3.12/site-packages/airflow/example_dags/example_branch_operator_decorator.py
[2025-03-10T20:46:13.570+0000] {processor.py:914} INFO - Processing file /home/airflow/.local/lib/python3.12/site-packages/airflow/example_dags/example_branch_operator_decorator.py for tasks to queue
[2025-03-10T20:46:13.572+0000] {logging_mixin.py:190} INFO - [2025-03-10T20:46:13.572+0000] {dagbag.py:588} INFO - Filling up the DagBag from /home/airflow/.local/lib/python3.12/site-packages/airflow/example_dags/example_branch_operator_decorator.py
[2025-03-10T20:46:13.600+0000] {processor.py:925} INFO - DAG(s) 'example_branch_python_operator_decorator' retrieved from /home/airflow/.local/lib/python3.12/site-packages/airflow/example_dags/example_branch_operator_decorator.py
[2025-03-10T20:46:13.636+0000] {logging_mixin.py:190} INFO - [2025-03-10T20:46:13.636+0000] {dag.py:3239} INFO - Sync 1 DAGs
[2025-03-10T20:46:13.667+0000] {logging_mixin.py:190} INFO - [2025-03-10T20:46:13.667+0000] {dag.py:4180} INFO - Setting next_dagrun for example_branch_python_operator_decorator to 2025-03-09 00:00:00+00:00, run_after=2025-03-10 00:00:00+00:00
[2025-03-10T20:46:13.687+0000] {processor.py:208} INFO - Processing /home/airflow/.local/lib/python3.12/site-packages/airflow/example_dags/example_branch_operator_decorator.py took 0.126 seconds
[2025-03-10T20:46:45.334+0000] {processor.py:186} INFO - Started process (PID=2150) to work on /home/airflow/.local/lib/python3.12/site-packages/airflow/example_dags/example_branch_operator_decorator.py
[2025-03-10T20:46:45.334+0000] {processor.py:914} INFO - Processing file /home/airflow/.local/lib/python3.12/site-packages/airflow/example_dags/example_branch_operator_decorator.py for tasks to queue
[2025-03-10T20:46:45.337+0000] {logging_mixin.py:190} INFO - [2025-03-10T20:46:45.337+0000] {dagbag.py:588} INFO - Filling up the DagBag from /home/airflow/.local/lib/python3.12/site-packages/airflow/example_dags/example_branch_operator_decorator.py
[2025-03-10T20:46:45.363+0000] {processor.py:925} INFO - DAG(s) 'example_branch_python_operator_decorator' retrieved from /home/airflow/.local/lib/python3.12/site-packages/airflow/example_dags/example_branch_operator_decorator.py
[2025-03-10T20:46:45.625+0000] {logging_mixin.py:190} INFO - [2025-03-10T20:46:45.625+0000] {dag.py:3239} INFO - Sync 1 DAGs
[2025-03-10T20:46:45.650+0000] {logging_mixin.py:190} INFO - [2025-03-10T20:46:45.650+0000] {dag.py:4180} INFO - Setting next_dagrun for example_branch_python_operator_decorator to 2025-03-09 00:00:00+00:00, run_after=2025-03-10 00:00:00+00:00
[2025-03-10T20:46:45.668+0000] {processor.py:208} INFO - Processing /home/airflow/.local/lib/python3.12/site-packages/airflow/example_dags/example_branch_operator_decorator.py took 0.341 seconds
[2025-03-10T20:47:15.985+0000] {processor.py:186} INFO - Started process (PID=2213) to work on /home/airflow/.local/lib/python3.12/site-packages/airflow/example_dags/example_branch_operator_decorator.py
[2025-03-10T20:47:15.986+0000] {processor.py:914} INFO - Processing file /home/airflow/.local/lib/python3.12/site-packages/airflow/example_dags/example_branch_operator_decorator.py for tasks to queue
[2025-03-10T20:47:15.989+0000] {logging_mixin.py:190} INFO - [2025-03-10T20:47:15.989+0000] {dagbag.py:588} INFO - Filling up the DagBag from /home/airflow/.local/lib/python3.12/site-packages/airflow/example_dags/example_branch_operator_decorator.py
[2025-03-10T20:47:16.016+0000] {processor.py:925} INFO - DAG(s) 'example_branch_python_operator_decorator' retrieved from /home/airflow/.local/lib/python3.12/site-packages/airflow/example_dags/example_branch_operator_decorator.py
[2025-03-10T20:47:16.052+0000] {logging_mixin.py:190} INFO - [2025-03-10T20:47:16.051+0000] {dag.py:3239} INFO - Sync 1 DAGs
[2025-03-10T20:47:16.085+0000] {logging_mixin.py:190} INFO - [2025-03-10T20:47:16.085+0000] {dag.py:4180} INFO - Setting next_dagrun for example_branch_python_operator_decorator to 2025-03-09 00:00:00+00:00, run_after=2025-03-10 00:00:00+00:00
[2025-03-10T20:47:16.109+0000] {processor.py:208} INFO - Processing /home/airflow/.local/lib/python3.12/site-packages/airflow/example_dags/example_branch_operator_decorator.py took 0.130 seconds
[2025-03-10T20:47:46.702+0000] {processor.py:186} INFO - Started process (PID=2276) to work on /home/airflow/.local/lib/python3.12/site-packages/airflow/example_dags/example_branch_operator_decorator.py
[2025-03-10T20:47:46.703+0000] {processor.py:914} INFO - Processing file /home/airflow/.local/lib/python3.12/site-packages/airflow/example_dags/example_branch_operator_decorator.py for tasks to queue
[2025-03-10T20:47:46.706+0000] {logging_mixin.py:190} INFO - [2025-03-10T20:47:46.706+0000] {dagbag.py:588} INFO - Filling up the DagBag from /home/airflow/.local/lib/python3.12/site-packages/airflow/example_dags/example_branch_operator_decorator.py
[2025-03-10T20:47:46.733+0000] {processor.py:925} INFO - DAG(s) 'example_branch_python_operator_decorator' retrieved from /home/airflow/.local/lib/python3.12/site-packages/airflow/example_dags/example_branch_operator_decorator.py
[2025-03-10T20:47:46.769+0000] {logging_mixin.py:190} INFO - [2025-03-10T20:47:46.769+0000] {dag.py:3239} INFO - Sync 1 DAGs
[2025-03-10T20:47:46.802+0000] {logging_mixin.py:190} INFO - [2025-03-10T20:47:46.801+0000] {dag.py:4180} INFO - Setting next_dagrun for example_branch_python_operator_decorator to 2025-03-09 00:00:00+00:00, run_after=2025-03-10 00:00:00+00:00
[2025-03-10T20:47:46.822+0000] {processor.py:208} INFO - Processing /home/airflow/.local/lib/python3.12/site-packages/airflow/example_dags/example_branch_operator_decorator.py took 0.128 seconds
[2025-03-10T20:48:17.185+0000] {processor.py:186} INFO - Started process (PID=2339) to work on /home/airflow/.local/lib/python3.12/site-packages/airflow/example_dags/example_branch_operator_decorator.py
[2025-03-10T20:48:17.186+0000] {processor.py:914} INFO - Processing file /home/airflow/.local/lib/python3.12/site-packages/airflow/example_dags/example_branch_operator_decorator.py for tasks to queue
[2025-03-10T20:48:17.189+0000] {logging_mixin.py:190} INFO - [2025-03-10T20:48:17.189+0000] {dagbag.py:588} INFO - Filling up the DagBag from /home/airflow/.local/lib/python3.12/site-packages/airflow/example_dags/example_branch_operator_decorator.py
[2025-03-10T20:48:17.216+0000] {processor.py:925} INFO - DAG(s) 'example_branch_python_operator_decorator' retrieved from /home/airflow/.local/lib/python3.12/site-packages/airflow/example_dags/example_branch_operator_decorator.py
[2025-03-10T20:48:17.251+0000] {logging_mixin.py:190} INFO - [2025-03-10T20:48:17.251+0000] {dag.py:3239} INFO - Sync 1 DAGs
[2025-03-10T20:48:17.283+0000] {logging_mixin.py:190} INFO - [2025-03-10T20:48:17.283+0000] {dag.py:4180} INFO - Setting next_dagrun for example_branch_python_operator_decorator to 2025-03-09 00:00:00+00:00, run_after=2025-03-10 00:00:00+00:00
[2025-03-10T20:48:17.303+0000] {processor.py:208} INFO - Processing /home/airflow/.local/lib/python3.12/site-packages/airflow/example_dags/example_branch_operator_decorator.py took 0.124 seconds
[2025-03-10T20:48:47.773+0000] {processor.py:186} INFO - Started process (PID=2402) to work on /home/airflow/.local/lib/python3.12/site-packages/airflow/example_dags/example_branch_operator_decorator.py
[2025-03-10T20:48:47.774+0000] {processor.py:914} INFO - Processing file /home/airflow/.local/lib/python3.12/site-packages/airflow/example_dags/example_branch_operator_decorator.py for tasks to queue
[2025-03-10T20:48:47.777+0000] {logging_mixin.py:190} INFO - [2025-03-10T20:48:47.776+0000] {dagbag.py:588} INFO - Filling up the DagBag from /home/airflow/.local/lib/python3.12/site-packages/airflow/example_dags/example_branch_operator_decorator.py
[2025-03-10T20:48:47.803+0000] {processor.py:925} INFO - DAG(s) 'example_branch_python_operator_decorator' retrieved from /home/airflow/.local/lib/python3.12/site-packages/airflow/example_dags/example_branch_operator_decorator.py
[2025-03-10T20:48:47.840+0000] {logging_mixin.py:190} INFO - [2025-03-10T20:48:47.840+0000] {dag.py:3239} INFO - Sync 1 DAGs
[2025-03-10T20:48:47.871+0000] {logging_mixin.py:190} INFO - [2025-03-10T20:48:47.871+0000] {dag.py:4180} INFO - Setting next_dagrun for example_branch_python_operator_decorator to 2025-03-09 00:00:00+00:00, run_after=2025-03-10 00:00:00+00:00
[2025-03-10T20:48:47.892+0000] {processor.py:208} INFO - Processing /home/airflow/.local/lib/python3.12/site-packages/airflow/example_dags/example_branch_operator_decorator.py took 0.128 seconds
[2025-03-10T20:49:18.315+0000] {processor.py:186} INFO - Started process (PID=2465) to work on /home/airflow/.local/lib/python3.12/site-packages/airflow/example_dags/example_branch_operator_decorator.py
[2025-03-10T20:49:18.316+0000] {processor.py:914} INFO - Processing file /home/airflow/.local/lib/python3.12/site-packages/airflow/example_dags/example_branch_operator_decorator.py for tasks to queue
[2025-03-10T20:49:18.319+0000] {logging_mixin.py:190} INFO - [2025-03-10T20:49:18.318+0000] {dagbag.py:588} INFO - Filling up the DagBag from /home/airflow/.local/lib/python3.12/site-packages/airflow/example_dags/example_branch_operator_decorator.py
[2025-03-10T20:49:18.345+0000] {processor.py:925} INFO - DAG(s) 'example_branch_python_operator_decorator' retrieved from /home/airflow/.local/lib/python3.12/site-packages/airflow/example_dags/example_branch_operator_decorator.py
[2025-03-10T20:49:18.382+0000] {logging_mixin.py:190} INFO - [2025-03-10T20:49:18.382+0000] {dag.py:3239} INFO - Sync 1 DAGs
[2025-03-10T20:49:18.414+0000] {logging_mixin.py:190} INFO - [2025-03-10T20:49:18.413+0000] {dag.py:4180} INFO - Setting next_dagrun for example_branch_python_operator_decorator to 2025-03-09 00:00:00+00:00, run_after=2025-03-10 00:00:00+00:00
[2025-03-10T20:49:18.438+0000] {processor.py:208} INFO - Processing /home/airflow/.local/lib/python3.12/site-packages/airflow/example_dags/example_branch_operator_decorator.py took 0.130 seconds
[2025-03-10T20:49:48.825+0000] {processor.py:186} INFO - Started process (PID=2529) to work on /home/airflow/.local/lib/python3.12/site-packages/airflow/example_dags/example_branch_operator_decorator.py
[2025-03-10T20:49:48.826+0000] {processor.py:914} INFO - Processing file /home/airflow/.local/lib/python3.12/site-packages/airflow/example_dags/example_branch_operator_decorator.py for tasks to queue
[2025-03-10T20:49:48.829+0000] {logging_mixin.py:190} INFO - [2025-03-10T20:49:48.829+0000] {dagbag.py:588} INFO - Filling up the DagBag from /home/airflow/.local/lib/python3.12/site-packages/airflow/example_dags/example_branch_operator_decorator.py
[2025-03-10T20:49:48.856+0000] {processor.py:925} INFO - DAG(s) 'example_branch_python_operator_decorator' retrieved from /home/airflow/.local/lib/python3.12/site-packages/airflow/example_dags/example_branch_operator_decorator.py
[2025-03-10T20:49:48.889+0000] {logging_mixin.py:190} INFO - [2025-03-10T20:49:48.889+0000] {dag.py:3239} INFO - Sync 1 DAGs
[2025-03-10T20:49:48.920+0000] {logging_mixin.py:190} INFO - [2025-03-10T20:49:48.920+0000] {dag.py:4180} INFO - Setting next_dagrun for example_branch_python_operator_decorator to 2025-03-09 00:00:00+00:00, run_after=2025-03-10 00:00:00+00:00
[2025-03-10T20:49:48.939+0000] {processor.py:208} INFO - Processing /home/airflow/.local/lib/python3.12/site-packages/airflow/example_dags/example_branch_operator_decorator.py took 0.120 seconds
[2025-03-10T20:50:19.307+0000] {processor.py:186} INFO - Started process (PID=2591) to work on /home/airflow/.local/lib/python3.12/site-packages/airflow/example_dags/example_branch_operator_decorator.py
[2025-03-10T20:50:19.308+0000] {processor.py:914} INFO - Processing file /home/airflow/.local/lib/python3.12/site-packages/airflow/example_dags/example_branch_operator_decorator.py for tasks to queue
[2025-03-10T20:50:19.311+0000] {logging_mixin.py:190} INFO - [2025-03-10T20:50:19.311+0000] {dagbag.py:588} INFO - Filling up the DagBag from /home/airflow/.local/lib/python3.12/site-packages/airflow/example_dags/example_branch_operator_decorator.py
[2025-03-10T20:50:19.337+0000] {processor.py:925} INFO - DAG(s) 'example_branch_python_operator_decorator' retrieved from /home/airflow/.local/lib/python3.12/site-packages/airflow/example_dags/example_branch_operator_decorator.py
[2025-03-10T20:50:19.372+0000] {logging_mixin.py:190} INFO - [2025-03-10T20:50:19.372+0000] {dag.py:3239} INFO - Sync 1 DAGs
[2025-03-10T20:50:19.401+0000] {logging_mixin.py:190} INFO - [2025-03-10T20:50:19.401+0000] {dag.py:4180} INFO - Setting next_dagrun for example_branch_python_operator_decorator to 2025-03-09 00:00:00+00:00, run_after=2025-03-10 00:00:00+00:00
[2025-03-10T20:50:19.422+0000] {processor.py:208} INFO - Processing /home/airflow/.local/lib/python3.12/site-packages/airflow/example_dags/example_branch_operator_decorator.py took 0.122 seconds
[2025-03-10T23:08:59.420+0000] {processor.py:186} INFO - Started process (PID=124) to work on /home/airflow/.local/lib/python3.12/site-packages/airflow/example_dags/example_branch_operator_decorator.py
[2025-03-10T23:08:59.421+0000] {processor.py:914} INFO - Processing file /home/airflow/.local/lib/python3.12/site-packages/airflow/example_dags/example_branch_operator_decorator.py for tasks to queue
[2025-03-10T23:08:59.424+0000] {logging_mixin.py:190} INFO - [2025-03-10T23:08:59.424+0000] {dagbag.py:588} INFO - Filling up the DagBag from /home/airflow/.local/lib/python3.12/site-packages/airflow/example_dags/example_branch_operator_decorator.py
[2025-03-10T23:08:59.460+0000] {processor.py:925} INFO - DAG(s) 'example_branch_python_operator_decorator' retrieved from /home/airflow/.local/lib/python3.12/site-packages/airflow/example_dags/example_branch_operator_decorator.py
[2025-03-10T23:08:59.591+0000] {logging_mixin.py:190} INFO - [2025-03-10T23:08:59.590+0000] {dag.py:3239} INFO - Sync 1 DAGs
[2025-03-10T23:08:59.620+0000] {logging_mixin.py:190} INFO - [2025-03-10T23:08:59.620+0000] {dag.py:4180} INFO - Setting next_dagrun for example_branch_python_operator_decorator to 2025-03-09 00:00:00+00:00, run_after=2025-03-10 00:00:00+00:00
[2025-03-10T23:08:59.644+0000] {processor.py:208} INFO - Processing /home/airflow/.local/lib/python3.12/site-packages/airflow/example_dags/example_branch_operator_decorator.py took 0.231 seconds
[2025-03-10T23:10:34.724+0000] {processor.py:186} INFO - Started process (PID=180) to work on /home/airflow/.local/lib/python3.12/site-packages/airflow/example_dags/example_branch_operator_decorator.py
[2025-03-10T23:10:34.727+0000] {processor.py:914} INFO - Processing file /home/airflow/.local/lib/python3.12/site-packages/airflow/example_dags/example_branch_operator_decorator.py for tasks to queue
[2025-03-10T23:10:34.731+0000] {logging_mixin.py:190} INFO - [2025-03-10T23:10:34.730+0000] {dagbag.py:588} INFO - Filling up the DagBag from /home/airflow/.local/lib/python3.12/site-packages/airflow/example_dags/example_branch_operator_decorator.py
[2025-03-10T23:10:34.832+0000] {processor.py:925} INFO - DAG(s) 'example_branch_python_operator_decorator' retrieved from /home/airflow/.local/lib/python3.12/site-packages/airflow/example_dags/example_branch_operator_decorator.py
[2025-03-10T23:10:34.974+0000] {logging_mixin.py:190} INFO - [2025-03-10T23:10:34.973+0000] {dag.py:3239} INFO - Sync 1 DAGs
[2025-03-10T23:10:35.121+0000] {logging_mixin.py:190} INFO - [2025-03-10T23:10:35.120+0000] {dag.py:4180} INFO - Setting next_dagrun for example_branch_python_operator_decorator to 2025-03-09 00:00:00+00:00, run_after=2025-03-10 00:00:00+00:00
[2025-03-10T23:10:35.213+0000] {processor.py:208} INFO - Processing /home/airflow/.local/lib/python3.12/site-packages/airflow/example_dags/example_branch_operator_decorator.py took 0.515 seconds
[2025-03-10T23:13:29.773+0000] {processor.py:186} INFO - Started process (PID=239) to work on /home/airflow/.local/lib/python3.12/site-packages/airflow/example_dags/example_branch_operator_decorator.py
[2025-03-10T23:13:29.776+0000] {processor.py:914} INFO - Processing file /home/airflow/.local/lib/python3.12/site-packages/airflow/example_dags/example_branch_operator_decorator.py for tasks to queue
[2025-03-10T23:13:29.781+0000] {logging_mixin.py:190} INFO - [2025-03-10T23:13:29.779+0000] {dagbag.py:588} INFO - Filling up the DagBag from /home/airflow/.local/lib/python3.12/site-packages/airflow/example_dags/example_branch_operator_decorator.py
[2025-03-10T23:13:29.880+0000] {processor.py:925} INFO - DAG(s) 'example_branch_python_operator_decorator' retrieved from /home/airflow/.local/lib/python3.12/site-packages/airflow/example_dags/example_branch_operator_decorator.py
[2025-03-10T23:13:30.033+0000] {logging_mixin.py:190} INFO - [2025-03-10T23:13:30.032+0000] {dag.py:3239} INFO - Sync 1 DAGs
[2025-03-10T23:13:30.175+0000] {logging_mixin.py:190} INFO - [2025-03-10T23:13:30.174+0000] {dag.py:4180} INFO - Setting next_dagrun for example_branch_python_operator_decorator to 2025-03-09 00:00:00+00:00, run_after=2025-03-10 00:00:00+00:00
[2025-03-10T23:13:30.275+0000] {processor.py:208} INFO - Processing /home/airflow/.local/lib/python3.12/site-packages/airflow/example_dags/example_branch_operator_decorator.py took 0.527 seconds
[2025-03-10T23:15:03.989+0000] {processor.py:186} INFO - Started process (PID=312) to work on /home/airflow/.local/lib/python3.12/site-packages/airflow/example_dags/example_branch_operator_decorator.py
[2025-03-10T23:15:03.992+0000] {processor.py:914} INFO - Processing file /home/airflow/.local/lib/python3.12/site-packages/airflow/example_dags/example_branch_operator_decorator.py for tasks to queue
[2025-03-10T23:15:03.997+0000] {logging_mixin.py:190} INFO - [2025-03-10T23:15:03.995+0000] {dagbag.py:588} INFO - Filling up the DagBag from /home/airflow/.local/lib/python3.12/site-packages/airflow/example_dags/example_branch_operator_decorator.py
[2025-03-10T23:15:04.127+0000] {processor.py:925} INFO - DAG(s) 'example_branch_python_operator_decorator' retrieved from /home/airflow/.local/lib/python3.12/site-packages/airflow/example_dags/example_branch_operator_decorator.py
[2025-03-10T23:15:04.333+0000] {logging_mixin.py:190} INFO - [2025-03-10T23:15:04.332+0000] {dag.py:3239} INFO - Sync 1 DAGs
[2025-03-10T23:15:04.500+0000] {logging_mixin.py:190} INFO - [2025-03-10T23:15:04.499+0000] {dag.py:4180} INFO - Setting next_dagrun for example_branch_python_operator_decorator to 2025-03-09 00:00:00+00:00, run_after=2025-03-10 00:00:00+00:00
[2025-03-10T23:15:04.577+0000] {processor.py:208} INFO - Processing /home/airflow/.local/lib/python3.12/site-packages/airflow/example_dags/example_branch_operator_decorator.py took 0.613 seconds
[2025-03-10T23:15:35.020+0000] {processor.py:186} INFO - Started process (PID=374) to work on /home/airflow/.local/lib/python3.12/site-packages/airflow/example_dags/example_branch_operator_decorator.py
[2025-03-10T23:15:35.024+0000] {processor.py:914} INFO - Processing file /home/airflow/.local/lib/python3.12/site-packages/airflow/example_dags/example_branch_operator_decorator.py for tasks to queue
[2025-03-10T23:15:35.031+0000] {logging_mixin.py:190} INFO - [2025-03-10T23:15:35.029+0000] {dagbag.py:588} INFO - Filling up the DagBag from /home/airflow/.local/lib/python3.12/site-packages/airflow/example_dags/example_branch_operator_decorator.py
[2025-03-10T23:15:35.185+0000] {processor.py:925} INFO - DAG(s) 'example_branch_python_operator_decorator' retrieved from /home/airflow/.local/lib/python3.12/site-packages/airflow/example_dags/example_branch_operator_decorator.py
[2025-03-10T23:15:35.353+0000] {logging_mixin.py:190} INFO - [2025-03-10T23:15:35.352+0000] {dag.py:3239} INFO - Sync 1 DAGs
[2025-03-10T23:15:35.504+0000] {logging_mixin.py:190} INFO - [2025-03-10T23:15:35.503+0000] {dag.py:4180} INFO - Setting next_dagrun for example_branch_python_operator_decorator to 2025-03-09 00:00:00+00:00, run_after=2025-03-10 00:00:00+00:00
[2025-03-10T23:15:35.592+0000] {processor.py:208} INFO - Processing /home/airflow/.local/lib/python3.12/site-packages/airflow/example_dags/example_branch_operator_decorator.py took 0.609 seconds
[2025-03-10T23:16:06.860+0000] {processor.py:186} INFO - Started process (PID=437) to work on /home/airflow/.local/lib/python3.12/site-packages/airflow/example_dags/example_branch_operator_decorator.py
[2025-03-10T23:16:06.865+0000] {processor.py:914} INFO - Processing file /home/airflow/.local/lib/python3.12/site-packages/airflow/example_dags/example_branch_operator_decorator.py for tasks to queue
[2025-03-10T23:16:06.874+0000] {logging_mixin.py:190} INFO - [2025-03-10T23:16:06.871+0000] {dagbag.py:588} INFO - Filling up the DagBag from /home/airflow/.local/lib/python3.12/site-packages/airflow/example_dags/example_branch_operator_decorator.py
[2025-03-10T23:16:07.016+0000] {processor.py:925} INFO - DAG(s) 'example_branch_python_operator_decorator' retrieved from /home/airflow/.local/lib/python3.12/site-packages/airflow/example_dags/example_branch_operator_decorator.py
[2025-03-10T23:16:07.227+0000] {logging_mixin.py:190} INFO - [2025-03-10T23:16:07.226+0000] {dag.py:3239} INFO - Sync 1 DAGs
[2025-03-10T23:16:07.388+0000] {logging_mixin.py:190} INFO - [2025-03-10T23:16:07.387+0000] {dag.py:4180} INFO - Setting next_dagrun for example_branch_python_operator_decorator to 2025-03-09 00:00:00+00:00, run_after=2025-03-10 00:00:00+00:00
[2025-03-10T23:16:07.479+0000] {processor.py:208} INFO - Processing /home/airflow/.local/lib/python3.12/site-packages/airflow/example_dags/example_branch_operator_decorator.py took 0.673 seconds
[2025-03-10T23:16:38.166+0000] {processor.py:186} INFO - Started process (PID=500) to work on /home/airflow/.local/lib/python3.12/site-packages/airflow/example_dags/example_branch_operator_decorator.py
[2025-03-10T23:16:38.167+0000] {processor.py:914} INFO - Processing file /home/airflow/.local/lib/python3.12/site-packages/airflow/example_dags/example_branch_operator_decorator.py for tasks to queue
[2025-03-10T23:16:38.169+0000] {logging_mixin.py:190} INFO - [2025-03-10T23:16:38.168+0000] {dagbag.py:588} INFO - Filling up the DagBag from /home/airflow/.local/lib/python3.12/site-packages/airflow/example_dags/example_branch_operator_decorator.py
[2025-03-10T23:16:38.199+0000] {processor.py:925} INFO - DAG(s) 'example_branch_python_operator_decorator' retrieved from /home/airflow/.local/lib/python3.12/site-packages/airflow/example_dags/example_branch_operator_decorator.py
[2025-03-10T23:16:38.235+0000] {logging_mixin.py:190} INFO - [2025-03-10T23:16:38.234+0000] {dag.py:3239} INFO - Sync 1 DAGs
[2025-03-10T23:16:38.267+0000] {logging_mixin.py:190} INFO - [2025-03-10T23:16:38.267+0000] {dag.py:4180} INFO - Setting next_dagrun for example_branch_python_operator_decorator to 2025-03-09 00:00:00+00:00, run_after=2025-03-10 00:00:00+00:00
[2025-03-10T23:16:38.290+0000] {processor.py:208} INFO - Processing /home/airflow/.local/lib/python3.12/site-packages/airflow/example_dags/example_branch_operator_decorator.py took 0.133 seconds
[2025-03-10T23:17:08.811+0000] {processor.py:186} INFO - Started process (PID=563) to work on /home/airflow/.local/lib/python3.12/site-packages/airflow/example_dags/example_branch_operator_decorator.py
[2025-03-10T23:17:08.813+0000] {processor.py:914} INFO - Processing file /home/airflow/.local/lib/python3.12/site-packages/airflow/example_dags/example_branch_operator_decorator.py for tasks to queue
[2025-03-10T23:17:08.814+0000] {logging_mixin.py:190} INFO - [2025-03-10T23:17:08.814+0000] {dagbag.py:588} INFO - Filling up the DagBag from /home/airflow/.local/lib/python3.12/site-packages/airflow/example_dags/example_branch_operator_decorator.py
[2025-03-10T23:17:08.846+0000] {processor.py:925} INFO - DAG(s) 'example_branch_python_operator_decorator' retrieved from /home/airflow/.local/lib/python3.12/site-packages/airflow/example_dags/example_branch_operator_decorator.py
[2025-03-10T23:17:08.895+0000] {logging_mixin.py:190} INFO - [2025-03-10T23:17:08.894+0000] {dag.py:3239} INFO - Sync 1 DAGs
[2025-03-10T23:17:08.941+0000] {logging_mixin.py:190} INFO - [2025-03-10T23:17:08.941+0000] {dag.py:4180} INFO - Setting next_dagrun for example_branch_python_operator_decorator to 2025-03-09 00:00:00+00:00, run_after=2025-03-10 00:00:00+00:00
[2025-03-10T23:17:08.965+0000] {processor.py:208} INFO - Processing /home/airflow/.local/lib/python3.12/site-packages/airflow/example_dags/example_branch_operator_decorator.py took 0.164 seconds
[2025-03-10T23:17:39.038+0000] {processor.py:186} INFO - Started process (PID=626) to work on /home/airflow/.local/lib/python3.12/site-packages/airflow/example_dags/example_branch_operator_decorator.py
[2025-03-10T23:17:39.039+0000] {processor.py:914} INFO - Processing file /home/airflow/.local/lib/python3.12/site-packages/airflow/example_dags/example_branch_operator_decorator.py for tasks to queue
[2025-03-10T23:17:39.041+0000] {logging_mixin.py:190} INFO - [2025-03-10T23:17:39.040+0000] {dagbag.py:588} INFO - Filling up the DagBag from /home/airflow/.local/lib/python3.12/site-packages/airflow/example_dags/example_branch_operator_decorator.py
[2025-03-10T23:17:39.070+0000] {processor.py:925} INFO - DAG(s) 'example_branch_python_operator_decorator' retrieved from /home/airflow/.local/lib/python3.12/site-packages/airflow/example_dags/example_branch_operator_decorator.py
[2025-03-10T23:17:39.110+0000] {logging_mixin.py:190} INFO - [2025-03-10T23:17:39.109+0000] {dag.py:3239} INFO - Sync 1 DAGs
[2025-03-10T23:17:39.140+0000] {logging_mixin.py:190} INFO - [2025-03-10T23:17:39.140+0000] {dag.py:4180} INFO - Setting next_dagrun for example_branch_python_operator_decorator to 2025-03-09 00:00:00+00:00, run_after=2025-03-10 00:00:00+00:00
[2025-03-10T23:17:39.161+0000] {processor.py:208} INFO - Processing /home/airflow/.local/lib/python3.12/site-packages/airflow/example_dags/example_branch_operator_decorator.py took 0.132 seconds
[2025-03-10T23:18:09.207+0000] {processor.py:186} INFO - Started process (PID=689) to work on /home/airflow/.local/lib/python3.12/site-packages/airflow/example_dags/example_branch_operator_decorator.py
[2025-03-10T23:18:09.208+0000] {processor.py:914} INFO - Processing file /home/airflow/.local/lib/python3.12/site-packages/airflow/example_dags/example_branch_operator_decorator.py for tasks to queue
[2025-03-10T23:18:09.210+0000] {logging_mixin.py:190} INFO - [2025-03-10T23:18:09.209+0000] {dagbag.py:588} INFO - Filling up the DagBag from /home/airflow/.local/lib/python3.12/site-packages/airflow/example_dags/example_branch_operator_decorator.py
[2025-03-10T23:18:09.239+0000] {processor.py:925} INFO - DAG(s) 'example_branch_python_operator_decorator' retrieved from /home/airflow/.local/lib/python3.12/site-packages/airflow/example_dags/example_branch_operator_decorator.py
[2025-03-10T23:18:09.276+0000] {logging_mixin.py:190} INFO - [2025-03-10T23:18:09.275+0000] {dag.py:3239} INFO - Sync 1 DAGs
[2025-03-10T23:18:09.314+0000] {logging_mixin.py:190} INFO - [2025-03-10T23:18:09.313+0000] {dag.py:4180} INFO - Setting next_dagrun for example_branch_python_operator_decorator to 2025-03-09 00:00:00+00:00, run_after=2025-03-10 00:00:00+00:00
[2025-03-10T23:18:09.341+0000] {processor.py:208} INFO - Processing /home/airflow/.local/lib/python3.12/site-packages/airflow/example_dags/example_branch_operator_decorator.py took 0.144 seconds
[2025-03-10T23:18:39.459+0000] {processor.py:186} INFO - Started process (PID=753) to work on /home/airflow/.local/lib/python3.12/site-packages/airflow/example_dags/example_branch_operator_decorator.py
[2025-03-10T23:18:39.460+0000] {processor.py:914} INFO - Processing file /home/airflow/.local/lib/python3.12/site-packages/airflow/example_dags/example_branch_operator_decorator.py for tasks to queue
[2025-03-10T23:18:39.461+0000] {logging_mixin.py:190} INFO - [2025-03-10T23:18:39.461+0000] {dagbag.py:588} INFO - Filling up the DagBag from /home/airflow/.local/lib/python3.12/site-packages/airflow/example_dags/example_branch_operator_decorator.py
[2025-03-10T23:18:39.486+0000] {processor.py:925} INFO - DAG(s) 'example_branch_python_operator_decorator' retrieved from /home/airflow/.local/lib/python3.12/site-packages/airflow/example_dags/example_branch_operator_decorator.py
[2025-03-10T23:18:39.520+0000] {logging_mixin.py:190} INFO - [2025-03-10T23:18:39.520+0000] {dag.py:3239} INFO - Sync 1 DAGs
[2025-03-10T23:18:39.548+0000] {logging_mixin.py:190} INFO - [2025-03-10T23:18:39.548+0000] {dag.py:4180} INFO - Setting next_dagrun for example_branch_python_operator_decorator to 2025-03-09 00:00:00+00:00, run_after=2025-03-10 00:00:00+00:00
[2025-03-10T23:18:39.568+0000] {processor.py:208} INFO - Processing /home/airflow/.local/lib/python3.12/site-packages/airflow/example_dags/example_branch_operator_decorator.py took 0.115 seconds
[2025-03-10T23:19:09.801+0000] {processor.py:186} INFO - Started process (PID=815) to work on /home/airflow/.local/lib/python3.12/site-packages/airflow/example_dags/example_branch_operator_decorator.py
[2025-03-10T23:19:09.802+0000] {processor.py:914} INFO - Processing file /home/airflow/.local/lib/python3.12/site-packages/airflow/example_dags/example_branch_operator_decorator.py for tasks to queue
[2025-03-10T23:19:09.803+0000] {logging_mixin.py:190} INFO - [2025-03-10T23:19:09.803+0000] {dagbag.py:588} INFO - Filling up the DagBag from /home/airflow/.local/lib/python3.12/site-packages/airflow/example_dags/example_branch_operator_decorator.py
[2025-03-10T23:19:09.832+0000] {processor.py:925} INFO - DAG(s) 'example_branch_python_operator_decorator' retrieved from /home/airflow/.local/lib/python3.12/site-packages/airflow/example_dags/example_branch_operator_decorator.py
[2025-03-10T23:19:09.886+0000] {logging_mixin.py:190} INFO - [2025-03-10T23:19:09.886+0000] {dag.py:3239} INFO - Sync 1 DAGs
[2025-03-10T23:19:09.932+0000] {logging_mixin.py:190} INFO - [2025-03-10T23:19:09.932+0000] {dag.py:4180} INFO - Setting next_dagrun for example_branch_python_operator_decorator to 2025-03-09 00:00:00+00:00, run_after=2025-03-10 00:00:00+00:00
[2025-03-10T23:19:09.962+0000] {processor.py:208} INFO - Processing /home/airflow/.local/lib/python3.12/site-packages/airflow/example_dags/example_branch_operator_decorator.py took 0.168 seconds
[2025-03-10T23:27:13.495+0000] {processor.py:186} INFO - Started process (PID=111) to work on /home/airflow/.local/lib/python3.12/site-packages/airflow/example_dags/example_branch_operator_decorator.py
[2025-03-10T23:27:13.498+0000] {processor.py:914} INFO - Processing file /home/airflow/.local/lib/python3.12/site-packages/airflow/example_dags/example_branch_operator_decorator.py for tasks to queue
[2025-03-10T23:27:13.507+0000] {logging_mixin.py:190} INFO - [2025-03-10T23:27:13.506+0000] {dagbag.py:588} INFO - Filling up the DagBag from /home/airflow/.local/lib/python3.12/site-packages/airflow/example_dags/example_branch_operator_decorator.py
[2025-03-10T23:27:13.601+0000] {processor.py:925} INFO - DAG(s) 'example_branch_python_operator_decorator' retrieved from /home/airflow/.local/lib/python3.12/site-packages/airflow/example_dags/example_branch_operator_decorator.py
[2025-03-10T23:27:13.935+0000] {logging_mixin.py:190} INFO - [2025-03-10T23:27:13.934+0000] {dag.py:3239} INFO - Sync 1 DAGs
[2025-03-10T23:27:14.042+0000] {logging_mixin.py:190} INFO - [2025-03-10T23:27:14.041+0000] {dag.py:4180} INFO - Setting next_dagrun for example_branch_python_operator_decorator to 2025-03-09 00:00:00+00:00, run_after=2025-03-10 00:00:00+00:00
[2025-03-10T23:27:14.120+0000] {processor.py:208} INFO - Processing /home/airflow/.local/lib/python3.12/site-packages/airflow/example_dags/example_branch_operator_decorator.py took 0.648 seconds
[2025-03-10T23:27:44.930+0000] {processor.py:186} INFO - Started process (PID=174) to work on /home/airflow/.local/lib/python3.12/site-packages/airflow/example_dags/example_branch_operator_decorator.py
[2025-03-10T23:27:44.931+0000] {processor.py:914} INFO - Processing file /home/airflow/.local/lib/python3.12/site-packages/airflow/example_dags/example_branch_operator_decorator.py for tasks to queue
[2025-03-10T23:27:44.934+0000] {logging_mixin.py:190} INFO - [2025-03-10T23:27:44.934+0000] {dagbag.py:588} INFO - Filling up the DagBag from /home/airflow/.local/lib/python3.12/site-packages/airflow/example_dags/example_branch_operator_decorator.py
[2025-03-10T23:27:44.961+0000] {processor.py:925} INFO - DAG(s) 'example_branch_python_operator_decorator' retrieved from /home/airflow/.local/lib/python3.12/site-packages/airflow/example_dags/example_branch_operator_decorator.py
[2025-03-10T23:27:44.996+0000] {logging_mixin.py:190} INFO - [2025-03-10T23:27:44.995+0000] {dag.py:3239} INFO - Sync 1 DAGs
[2025-03-10T23:27:45.025+0000] {logging_mixin.py:190} INFO - [2025-03-10T23:27:45.025+0000] {dag.py:4180} INFO - Setting next_dagrun for example_branch_python_operator_decorator to 2025-03-09 00:00:00+00:00, run_after=2025-03-10 00:00:00+00:00
[2025-03-10T23:27:45.046+0000] {processor.py:208} INFO - Processing /home/airflow/.local/lib/python3.12/site-packages/airflow/example_dags/example_branch_operator_decorator.py took 0.124 seconds
[2025-03-10T23:28:15.472+0000] {processor.py:186} INFO - Started process (PID=236) to work on /home/airflow/.local/lib/python3.12/site-packages/airflow/example_dags/example_branch_operator_decorator.py
[2025-03-10T23:28:15.474+0000] {processor.py:914} INFO - Processing file /home/airflow/.local/lib/python3.12/site-packages/airflow/example_dags/example_branch_operator_decorator.py for tasks to queue
[2025-03-10T23:28:15.477+0000] {logging_mixin.py:190} INFO - [2025-03-10T23:28:15.476+0000] {dagbag.py:588} INFO - Filling up the DagBag from /home/airflow/.local/lib/python3.12/site-packages/airflow/example_dags/example_branch_operator_decorator.py
[2025-03-10T23:28:15.504+0000] {processor.py:925} INFO - DAG(s) 'example_branch_python_operator_decorator' retrieved from /home/airflow/.local/lib/python3.12/site-packages/airflow/example_dags/example_branch_operator_decorator.py
[2025-03-10T23:28:15.542+0000] {logging_mixin.py:190} INFO - [2025-03-10T23:28:15.541+0000] {dag.py:3239} INFO - Sync 1 DAGs
[2025-03-10T23:28:15.575+0000] {logging_mixin.py:190} INFO - [2025-03-10T23:28:15.575+0000] {dag.py:4180} INFO - Setting next_dagrun for example_branch_python_operator_decorator to 2025-03-09 00:00:00+00:00, run_after=2025-03-10 00:00:00+00:00
[2025-03-10T23:28:15.596+0000] {processor.py:208} INFO - Processing /home/airflow/.local/lib/python3.12/site-packages/airflow/example_dags/example_branch_operator_decorator.py took 0.132 seconds
[2025-03-10T23:28:46.403+0000] {processor.py:186} INFO - Started process (PID=300) to work on /home/airflow/.local/lib/python3.12/site-packages/airflow/example_dags/example_branch_operator_decorator.py
[2025-03-10T23:28:46.404+0000] {processor.py:914} INFO - Processing file /home/airflow/.local/lib/python3.12/site-packages/airflow/example_dags/example_branch_operator_decorator.py for tasks to queue
[2025-03-10T23:28:46.407+0000] {logging_mixin.py:190} INFO - [2025-03-10T23:28:46.407+0000] {dagbag.py:588} INFO - Filling up the DagBag from /home/airflow/.local/lib/python3.12/site-packages/airflow/example_dags/example_branch_operator_decorator.py
[2025-03-10T23:28:46.433+0000] {processor.py:925} INFO - DAG(s) 'example_branch_python_operator_decorator' retrieved from /home/airflow/.local/lib/python3.12/site-packages/airflow/example_dags/example_branch_operator_decorator.py
[2025-03-10T23:28:46.467+0000] {logging_mixin.py:190} INFO - [2025-03-10T23:28:46.467+0000] {dag.py:3239} INFO - Sync 1 DAGs
[2025-03-10T23:28:46.496+0000] {logging_mixin.py:190} INFO - [2025-03-10T23:28:46.495+0000] {dag.py:4180} INFO - Setting next_dagrun for example_branch_python_operator_decorator to 2025-03-09 00:00:00+00:00, run_after=2025-03-10 00:00:00+00:00
[2025-03-10T23:28:46.515+0000] {processor.py:208} INFO - Processing /home/airflow/.local/lib/python3.12/site-packages/airflow/example_dags/example_branch_operator_decorator.py took 0.119 seconds
[2025-03-10T23:29:16.580+0000] {processor.py:186} INFO - Started process (PID=362) to work on /home/airflow/.local/lib/python3.12/site-packages/airflow/example_dags/example_branch_operator_decorator.py
[2025-03-10T23:29:16.581+0000] {processor.py:914} INFO - Processing file /home/airflow/.local/lib/python3.12/site-packages/airflow/example_dags/example_branch_operator_decorator.py for tasks to queue
[2025-03-10T23:29:16.584+0000] {logging_mixin.py:190} INFO - [2025-03-10T23:29:16.584+0000] {dagbag.py:588} INFO - Filling up the DagBag from /home/airflow/.local/lib/python3.12/site-packages/airflow/example_dags/example_branch_operator_decorator.py
[2025-03-10T23:29:16.611+0000] {processor.py:925} INFO - DAG(s) 'example_branch_python_operator_decorator' retrieved from /home/airflow/.local/lib/python3.12/site-packages/airflow/example_dags/example_branch_operator_decorator.py
[2025-03-10T23:29:16.646+0000] {logging_mixin.py:190} INFO - [2025-03-10T23:29:16.646+0000] {dag.py:3239} INFO - Sync 1 DAGs
[2025-03-10T23:29:16.675+0000] {logging_mixin.py:190} INFO - [2025-03-10T23:29:16.675+0000] {dag.py:4180} INFO - Setting next_dagrun for example_branch_python_operator_decorator to 2025-03-09 00:00:00+00:00, run_after=2025-03-10 00:00:00+00:00
[2025-03-10T23:29:16.696+0000] {processor.py:208} INFO - Processing /home/airflow/.local/lib/python3.12/site-packages/airflow/example_dags/example_branch_operator_decorator.py took 0.124 seconds
[2025-03-10T23:35:28.043+0000] {processor.py:186} INFO - Started process (PID=137) to work on /home/airflow/.local/lib/python3.12/site-packages/airflow/example_dags/example_branch_operator_decorator.py
[2025-03-10T23:35:28.046+0000] {processor.py:914} INFO - Processing file /home/airflow/.local/lib/python3.12/site-packages/airflow/example_dags/example_branch_operator_decorator.py for tasks to queue
[2025-03-10T23:35:28.056+0000] {logging_mixin.py:190} INFO - [2025-03-10T23:35:28.055+0000] {dagbag.py:588} INFO - Filling up the DagBag from /home/airflow/.local/lib/python3.12/site-packages/airflow/example_dags/example_branch_operator_decorator.py
[2025-03-10T23:35:28.156+0000] {processor.py:925} INFO - DAG(s) 'example_branch_python_operator_decorator' retrieved from /home/airflow/.local/lib/python3.12/site-packages/airflow/example_dags/example_branch_operator_decorator.py
[2025-03-10T23:35:28.655+0000] {logging_mixin.py:190} INFO - [2025-03-10T23:35:28.654+0000] {dag.py:3239} INFO - Sync 1 DAGs
[2025-03-10T23:35:28.804+0000] {logging_mixin.py:190} INFO - [2025-03-10T23:35:28.803+0000] {dag.py:4180} INFO - Setting next_dagrun for example_branch_python_operator_decorator to 2025-03-09 00:00:00+00:00, run_after=2025-03-10 00:00:00+00:00
[2025-03-10T23:35:28.881+0000] {processor.py:208} INFO - Processing /home/airflow/.local/lib/python3.12/site-packages/airflow/example_dags/example_branch_operator_decorator.py took 0.867 seconds
[2025-03-10T23:35:59.868+0000] {processor.py:186} INFO - Started process (PID=200) to work on /home/airflow/.local/lib/python3.12/site-packages/airflow/example_dags/example_branch_operator_decorator.py
[2025-03-10T23:35:59.869+0000] {processor.py:914} INFO - Processing file /home/airflow/.local/lib/python3.12/site-packages/airflow/example_dags/example_branch_operator_decorator.py for tasks to queue
[2025-03-10T23:35:59.873+0000] {logging_mixin.py:190} INFO - [2025-03-10T23:35:59.872+0000] {dagbag.py:588} INFO - Filling up the DagBag from /home/airflow/.local/lib/python3.12/site-packages/airflow/example_dags/example_branch_operator_decorator.py
[2025-03-10T23:35:59.899+0000] {processor.py:925} INFO - DAG(s) 'example_branch_python_operator_decorator' retrieved from /home/airflow/.local/lib/python3.12/site-packages/airflow/example_dags/example_branch_operator_decorator.py
[2025-03-10T23:35:59.938+0000] {logging_mixin.py:190} INFO - [2025-03-10T23:35:59.938+0000] {dag.py:3239} INFO - Sync 1 DAGs
[2025-03-10T23:35:59.967+0000] {logging_mixin.py:190} INFO - [2025-03-10T23:35:59.967+0000] {dag.py:4180} INFO - Setting next_dagrun for example_branch_python_operator_decorator to 2025-03-09 00:00:00+00:00, run_after=2025-03-10 00:00:00+00:00
[2025-03-10T23:35:59.987+0000] {processor.py:208} INFO - Processing /home/airflow/.local/lib/python3.12/site-packages/airflow/example_dags/example_branch_operator_decorator.py took 0.127 seconds
[2025-03-10T23:36:30.236+0000] {processor.py:186} INFO - Started process (PID=262) to work on /home/airflow/.local/lib/python3.12/site-packages/airflow/example_dags/example_branch_operator_decorator.py
[2025-03-10T23:36:30.237+0000] {processor.py:914} INFO - Processing file /home/airflow/.local/lib/python3.12/site-packages/airflow/example_dags/example_branch_operator_decorator.py for tasks to queue
[2025-03-10T23:36:30.240+0000] {logging_mixin.py:190} INFO - [2025-03-10T23:36:30.239+0000] {dagbag.py:588} INFO - Filling up the DagBag from /home/airflow/.local/lib/python3.12/site-packages/airflow/example_dags/example_branch_operator_decorator.py
[2025-03-10T23:36:30.266+0000] {processor.py:925} INFO - DAG(s) 'example_branch_python_operator_decorator' retrieved from /home/airflow/.local/lib/python3.12/site-packages/airflow/example_dags/example_branch_operator_decorator.py
[2025-03-10T23:36:30.320+0000] {logging_mixin.py:190} INFO - [2025-03-10T23:36:30.320+0000] {dag.py:3239} INFO - Sync 1 DAGs
[2025-03-10T23:36:30.363+0000] {logging_mixin.py:190} INFO - [2025-03-10T23:36:30.363+0000] {dag.py:4180} INFO - Setting next_dagrun for example_branch_python_operator_decorator to 2025-03-09 00:00:00+00:00, run_after=2025-03-10 00:00:00+00:00
[2025-03-10T23:36:30.390+0000] {processor.py:208} INFO - Processing /home/airflow/.local/lib/python3.12/site-packages/airflow/example_dags/example_branch_operator_decorator.py took 0.161 seconds
[2025-03-10T23:37:00.570+0000] {processor.py:186} INFO - Started process (PID=325) to work on /home/airflow/.local/lib/python3.12/site-packages/airflow/example_dags/example_branch_operator_decorator.py
[2025-03-10T23:37:00.571+0000] {processor.py:914} INFO - Processing file /home/airflow/.local/lib/python3.12/site-packages/airflow/example_dags/example_branch_operator_decorator.py for tasks to queue
[2025-03-10T23:37:00.574+0000] {logging_mixin.py:190} INFO - [2025-03-10T23:37:00.574+0000] {dagbag.py:588} INFO - Filling up the DagBag from /home/airflow/.local/lib/python3.12/site-packages/airflow/example_dags/example_branch_operator_decorator.py
[2025-03-10T23:37:00.601+0000] {processor.py:925} INFO - DAG(s) 'example_branch_python_operator_decorator' retrieved from /home/airflow/.local/lib/python3.12/site-packages/airflow/example_dags/example_branch_operator_decorator.py
[2025-03-10T23:37:00.637+0000] {logging_mixin.py:190} INFO - [2025-03-10T23:37:00.637+0000] {dag.py:3239} INFO - Sync 1 DAGs
[2025-03-10T23:37:00.668+0000] {logging_mixin.py:190} INFO - [2025-03-10T23:37:00.668+0000] {dag.py:4180} INFO - Setting next_dagrun for example_branch_python_operator_decorator to 2025-03-09 00:00:00+00:00, run_after=2025-03-10 00:00:00+00:00
[2025-03-10T23:37:00.692+0000] {processor.py:208} INFO - Processing /home/airflow/.local/lib/python3.12/site-packages/airflow/example_dags/example_branch_operator_decorator.py took 0.131 seconds
