[2025-03-10T20:30:10.838+0000] {processor.py:186} INFO - Started process (PID=108) to work on /home/airflow/.local/lib/python3.12/site-packages/airflow/example_dags/example_python_decorator.py
[2025-03-10T20:30:10.842+0000] {processor.py:914} INFO - Processing file /home/airflow/.local/lib/python3.12/site-packages/airflow/example_dags/example_python_decorator.py for tasks to queue
[2025-03-10T20:30:10.896+0000] {logging_mixin.py:190} INFO - [2025-03-10T20:30:10.894+0000] {dagbag.py:588} INFO - Filling up the DagBag from /home/airflow/.local/lib/python3.12/site-packages/airflow/example_dags/example_python_decorator.py
[2025-03-10T20:30:11.068+0000] {processor.py:925} INFO - DAG(s) 'example_python_decorator' retrieved from /home/airflow/.local/lib/python3.12/site-packages/airflow/example_dags/example_python_decorator.py
[2025-03-10T20:30:11.421+0000] {logging_mixin.py:190} INFO - [2025-03-10T20:30:11.416+0000] {override.py:1912} INFO - Created Permission View: can read on DAG:example_python_decorator
[2025-03-10T20:30:11.471+0000] {logging_mixin.py:190} INFO - [2025-03-10T20:30:11.469+0000] {override.py:1912} INFO - Created Permission View: can edit on DAG:example_python_decorator
[2025-03-10T20:30:11.505+0000] {logging_mixin.py:190} INFO - [2025-03-10T20:30:11.504+0000] {override.py:1912} INFO - Created Permission View: can delete on DAG:example_python_decorator
[2025-03-10T20:30:11.538+0000] {logging_mixin.py:190} INFO - [2025-03-10T20:30:11.537+0000] {override.py:1912} INFO - Created Permission View: menu access on DAG Run:example_python_decorator
[2025-03-10T20:30:11.571+0000] {logging_mixin.py:190} INFO - [2025-03-10T20:30:11.569+0000] {override.py:1912} INFO - Created Permission View: can read on DAG Run:example_python_decorator
[2025-03-10T20:30:11.606+0000] {logging_mixin.py:190} INFO - [2025-03-10T20:30:11.604+0000] {override.py:1912} INFO - Created Permission View: can create on DAG Run:example_python_decorator
[2025-03-10T20:30:11.638+0000] {logging_mixin.py:190} INFO - [2025-03-10T20:30:11.637+0000] {override.py:1912} INFO - Created Permission View: can delete on DAG Run:example_python_decorator
[2025-03-10T20:30:11.640+0000] {logging_mixin.py:190} INFO - [2025-03-10T20:30:11.639+0000] {dag.py:3239} INFO - Sync 1 DAGs
[2025-03-10T20:30:11.728+0000] {logging_mixin.py:190} INFO - [2025-03-10T20:30:11.726+0000] {dag.py:3262} INFO - Creating ORM DAG for example_python_decorator
[2025-03-10T20:30:11.731+0000] {logging_mixin.py:190} INFO - [2025-03-10T20:30:11.730+0000] {dag.py:4180} INFO - Setting next_dagrun for example_python_decorator to None, run_after=None
[2025-03-10T20:30:11.827+0000] {processor.py:208} INFO - Processing /home/airflow/.local/lib/python3.12/site-packages/airflow/example_dags/example_python_decorator.py took 1.044 seconds
[2025-03-10T20:30:42.069+0000] {processor.py:186} INFO - Started process (PID=171) to work on /home/airflow/.local/lib/python3.12/site-packages/airflow/example_dags/example_python_decorator.py
[2025-03-10T20:30:42.070+0000] {processor.py:914} INFO - Processing file /home/airflow/.local/lib/python3.12/site-packages/airflow/example_dags/example_python_decorator.py for tasks to queue
[2025-03-10T20:30:42.073+0000] {logging_mixin.py:190} INFO - [2025-03-10T20:30:42.072+0000] {dagbag.py:588} INFO - Filling up the DagBag from /home/airflow/.local/lib/python3.12/site-packages/airflow/example_dags/example_python_decorator.py
[2025-03-10T20:30:42.092+0000] {processor.py:925} INFO - DAG(s) 'example_python_decorator' retrieved from /home/airflow/.local/lib/python3.12/site-packages/airflow/example_dags/example_python_decorator.py
[2025-03-10T20:30:42.118+0000] {logging_mixin.py:190} INFO - [2025-03-10T20:30:42.118+0000] {dag.py:3239} INFO - Sync 1 DAGs
[2025-03-10T20:30:42.135+0000] {logging_mixin.py:190} INFO - [2025-03-10T20:30:42.135+0000] {dag.py:4180} INFO - Setting next_dagrun for example_python_decorator to None, run_after=None
[2025-03-10T20:30:42.156+0000] {processor.py:208} INFO - Processing /home/airflow/.local/lib/python3.12/site-packages/airflow/example_dags/example_python_decorator.py took 0.093 seconds
[2025-03-10T20:31:12.763+0000] {processor.py:186} INFO - Started process (PID=234) to work on /home/airflow/.local/lib/python3.12/site-packages/airflow/example_dags/example_python_decorator.py
[2025-03-10T20:31:12.767+0000] {processor.py:914} INFO - Processing file /home/airflow/.local/lib/python3.12/site-packages/airflow/example_dags/example_python_decorator.py for tasks to queue
[2025-03-10T20:31:12.783+0000] {logging_mixin.py:190} INFO - [2025-03-10T20:31:12.781+0000] {dagbag.py:588} INFO - Filling up the DagBag from /home/airflow/.local/lib/python3.12/site-packages/airflow/example_dags/example_python_decorator.py
[2025-03-10T20:31:12.891+0000] {processor.py:925} INFO - DAG(s) 'example_python_decorator' retrieved from /home/airflow/.local/lib/python3.12/site-packages/airflow/example_dags/example_python_decorator.py
[2025-03-10T20:31:13.016+0000] {logging_mixin.py:190} INFO - [2025-03-10T20:31:13.014+0000] {dag.py:3239} INFO - Sync 1 DAGs
[2025-03-10T20:31:13.078+0000] {logging_mixin.py:190} INFO - [2025-03-10T20:31:13.077+0000] {dag.py:4180} INFO - Setting next_dagrun for example_python_decorator to None, run_after=None
[2025-03-10T20:31:13.154+0000] {processor.py:208} INFO - Processing /home/airflow/.local/lib/python3.12/site-packages/airflow/example_dags/example_python_decorator.py took 0.429 seconds
[2025-03-10T20:31:43.422+0000] {processor.py:186} INFO - Started process (PID=297) to work on /home/airflow/.local/lib/python3.12/site-packages/airflow/example_dags/example_python_decorator.py
[2025-03-10T20:31:43.423+0000] {processor.py:914} INFO - Processing file /home/airflow/.local/lib/python3.12/site-packages/airflow/example_dags/example_python_decorator.py for tasks to queue
[2025-03-10T20:31:43.426+0000] {logging_mixin.py:190} INFO - [2025-03-10T20:31:43.425+0000] {dagbag.py:588} INFO - Filling up the DagBag from /home/airflow/.local/lib/python3.12/site-packages/airflow/example_dags/example_python_decorator.py
[2025-03-10T20:31:43.441+0000] {processor.py:925} INFO - DAG(s) 'example_python_decorator' retrieved from /home/airflow/.local/lib/python3.12/site-packages/airflow/example_dags/example_python_decorator.py
[2025-03-10T20:31:43.471+0000] {logging_mixin.py:190} INFO - [2025-03-10T20:31:43.471+0000] {dag.py:3239} INFO - Sync 1 DAGs
[2025-03-10T20:31:43.490+0000] {logging_mixin.py:190} INFO - [2025-03-10T20:31:43.489+0000] {dag.py:4180} INFO - Setting next_dagrun for example_python_decorator to None, run_after=None
[2025-03-10T20:31:43.511+0000] {processor.py:208} INFO - Processing /home/airflow/.local/lib/python3.12/site-packages/airflow/example_dags/example_python_decorator.py took 0.095 seconds
[2025-03-10T20:32:14.024+0000] {processor.py:186} INFO - Started process (PID=360) to work on /home/airflow/.local/lib/python3.12/site-packages/airflow/example_dags/example_python_decorator.py
[2025-03-10T20:32:14.025+0000] {processor.py:914} INFO - Processing file /home/airflow/.local/lib/python3.12/site-packages/airflow/example_dags/example_python_decorator.py for tasks to queue
[2025-03-10T20:32:14.027+0000] {logging_mixin.py:190} INFO - [2025-03-10T20:32:14.027+0000] {dagbag.py:588} INFO - Filling up the DagBag from /home/airflow/.local/lib/python3.12/site-packages/airflow/example_dags/example_python_decorator.py
[2025-03-10T20:32:14.043+0000] {processor.py:925} INFO - DAG(s) 'example_python_decorator' retrieved from /home/airflow/.local/lib/python3.12/site-packages/airflow/example_dags/example_python_decorator.py
[2025-03-10T20:32:14.077+0000] {logging_mixin.py:190} INFO - [2025-03-10T20:32:14.076+0000] {dag.py:3239} INFO - Sync 1 DAGs
[2025-03-10T20:32:14.095+0000] {logging_mixin.py:190} INFO - [2025-03-10T20:32:14.095+0000] {dag.py:4180} INFO - Setting next_dagrun for example_python_decorator to None, run_after=None
[2025-03-10T20:32:14.116+0000] {processor.py:208} INFO - Processing /home/airflow/.local/lib/python3.12/site-packages/airflow/example_dags/example_python_decorator.py took 0.099 seconds
[2025-03-10T20:32:44.782+0000] {processor.py:186} INFO - Started process (PID=423) to work on /home/airflow/.local/lib/python3.12/site-packages/airflow/example_dags/example_python_decorator.py
[2025-03-10T20:32:44.783+0000] {processor.py:914} INFO - Processing file /home/airflow/.local/lib/python3.12/site-packages/airflow/example_dags/example_python_decorator.py for tasks to queue
[2025-03-10T20:32:44.786+0000] {logging_mixin.py:190} INFO - [2025-03-10T20:32:44.785+0000] {dagbag.py:588} INFO - Filling up the DagBag from /home/airflow/.local/lib/python3.12/site-packages/airflow/example_dags/example_python_decorator.py
[2025-03-10T20:32:44.803+0000] {processor.py:925} INFO - DAG(s) 'example_python_decorator' retrieved from /home/airflow/.local/lib/python3.12/site-packages/airflow/example_dags/example_python_decorator.py
[2025-03-10T20:32:44.831+0000] {logging_mixin.py:190} INFO - [2025-03-10T20:32:44.830+0000] {dag.py:3239} INFO - Sync 1 DAGs
[2025-03-10T20:32:44.849+0000] {logging_mixin.py:190} INFO - [2025-03-10T20:32:44.848+0000] {dag.py:4180} INFO - Setting next_dagrun for example_python_decorator to None, run_after=None
[2025-03-10T20:32:44.870+0000] {processor.py:208} INFO - Processing /home/airflow/.local/lib/python3.12/site-packages/airflow/example_dags/example_python_decorator.py took 0.097 seconds
[2025-03-10T20:33:15.048+0000] {processor.py:186} INFO - Started process (PID=485) to work on /home/airflow/.local/lib/python3.12/site-packages/airflow/example_dags/example_python_decorator.py
[2025-03-10T20:33:15.049+0000] {processor.py:914} INFO - Processing file /home/airflow/.local/lib/python3.12/site-packages/airflow/example_dags/example_python_decorator.py for tasks to queue
[2025-03-10T20:33:15.052+0000] {logging_mixin.py:190} INFO - [2025-03-10T20:33:15.051+0000] {dagbag.py:588} INFO - Filling up the DagBag from /home/airflow/.local/lib/python3.12/site-packages/airflow/example_dags/example_python_decorator.py
[2025-03-10T20:33:15.070+0000] {processor.py:925} INFO - DAG(s) 'example_python_decorator' retrieved from /home/airflow/.local/lib/python3.12/site-packages/airflow/example_dags/example_python_decorator.py
[2025-03-10T20:33:15.100+0000] {logging_mixin.py:190} INFO - [2025-03-10T20:33:15.100+0000] {dag.py:3239} INFO - Sync 1 DAGs
[2025-03-10T20:33:15.118+0000] {logging_mixin.py:190} INFO - [2025-03-10T20:33:15.118+0000] {dag.py:4180} INFO - Setting next_dagrun for example_python_decorator to None, run_after=None
[2025-03-10T20:33:15.141+0000] {processor.py:208} INFO - Processing /home/airflow/.local/lib/python3.12/site-packages/airflow/example_dags/example_python_decorator.py took 0.102 seconds
[2025-03-10T20:33:45.708+0000] {processor.py:186} INFO - Started process (PID=548) to work on /home/airflow/.local/lib/python3.12/site-packages/airflow/example_dags/example_python_decorator.py
[2025-03-10T20:33:45.709+0000] {processor.py:914} INFO - Processing file /home/airflow/.local/lib/python3.12/site-packages/airflow/example_dags/example_python_decorator.py for tasks to queue
[2025-03-10T20:33:45.713+0000] {logging_mixin.py:190} INFO - [2025-03-10T20:33:45.712+0000] {dagbag.py:588} INFO - Filling up the DagBag from /home/airflow/.local/lib/python3.12/site-packages/airflow/example_dags/example_python_decorator.py
[2025-03-10T20:33:45.731+0000] {processor.py:925} INFO - DAG(s) 'example_python_decorator' retrieved from /home/airflow/.local/lib/python3.12/site-packages/airflow/example_dags/example_python_decorator.py
[2025-03-10T20:33:45.762+0000] {logging_mixin.py:190} INFO - [2025-03-10T20:33:45.761+0000] {dag.py:3239} INFO - Sync 1 DAGs
[2025-03-10T20:33:45.781+0000] {logging_mixin.py:190} INFO - [2025-03-10T20:33:45.780+0000] {dag.py:4180} INFO - Setting next_dagrun for example_python_decorator to None, run_after=None
[2025-03-10T20:33:45.802+0000] {processor.py:208} INFO - Processing /home/airflow/.local/lib/python3.12/site-packages/airflow/example_dags/example_python_decorator.py took 0.103 seconds
[2025-03-10T20:34:16.073+0000] {processor.py:186} INFO - Started process (PID=611) to work on /home/airflow/.local/lib/python3.12/site-packages/airflow/example_dags/example_python_decorator.py
[2025-03-10T20:34:16.074+0000] {processor.py:914} INFO - Processing file /home/airflow/.local/lib/python3.12/site-packages/airflow/example_dags/example_python_decorator.py for tasks to queue
[2025-03-10T20:34:16.077+0000] {logging_mixin.py:190} INFO - [2025-03-10T20:34:16.076+0000] {dagbag.py:588} INFO - Filling up the DagBag from /home/airflow/.local/lib/python3.12/site-packages/airflow/example_dags/example_python_decorator.py
[2025-03-10T20:34:16.094+0000] {processor.py:925} INFO - DAG(s) 'example_python_decorator' retrieved from /home/airflow/.local/lib/python3.12/site-packages/airflow/example_dags/example_python_decorator.py
[2025-03-10T20:34:16.122+0000] {logging_mixin.py:190} INFO - [2025-03-10T20:34:16.122+0000] {dag.py:3239} INFO - Sync 1 DAGs
[2025-03-10T20:34:16.143+0000] {logging_mixin.py:190} INFO - [2025-03-10T20:34:16.142+0000] {dag.py:4180} INFO - Setting next_dagrun for example_python_decorator to None, run_after=None
[2025-03-10T20:34:16.168+0000] {processor.py:208} INFO - Processing /home/airflow/.local/lib/python3.12/site-packages/airflow/example_dags/example_python_decorator.py took 0.102 seconds
[2025-03-10T20:34:47.520+0000] {processor.py:186} INFO - Started process (PID=674) to work on /home/airflow/.local/lib/python3.12/site-packages/airflow/example_dags/example_python_decorator.py
[2025-03-10T20:34:47.521+0000] {processor.py:914} INFO - Processing file /home/airflow/.local/lib/python3.12/site-packages/airflow/example_dags/example_python_decorator.py for tasks to queue
[2025-03-10T20:34:47.524+0000] {logging_mixin.py:190} INFO - [2025-03-10T20:34:47.524+0000] {dagbag.py:588} INFO - Filling up the DagBag from /home/airflow/.local/lib/python3.12/site-packages/airflow/example_dags/example_python_decorator.py
[2025-03-10T20:34:47.546+0000] {processor.py:925} INFO - DAG(s) 'example_python_decorator' retrieved from /home/airflow/.local/lib/python3.12/site-packages/airflow/example_dags/example_python_decorator.py
[2025-03-10T20:34:47.585+0000] {logging_mixin.py:190} INFO - [2025-03-10T20:34:47.585+0000] {dag.py:3239} INFO - Sync 1 DAGs
[2025-03-10T20:34:47.610+0000] {logging_mixin.py:190} INFO - [2025-03-10T20:34:47.610+0000] {dag.py:4180} INFO - Setting next_dagrun for example_python_decorator to None, run_after=None
[2025-03-10T20:34:47.638+0000] {processor.py:208} INFO - Processing /home/airflow/.local/lib/python3.12/site-packages/airflow/example_dags/example_python_decorator.py took 0.125 seconds
[2025-03-10T20:35:18.758+0000] {processor.py:186} INFO - Started process (PID=737) to work on /home/airflow/.local/lib/python3.12/site-packages/airflow/example_dags/example_python_decorator.py
[2025-03-10T20:35:18.759+0000] {processor.py:914} INFO - Processing file /home/airflow/.local/lib/python3.12/site-packages/airflow/example_dags/example_python_decorator.py for tasks to queue
[2025-03-10T20:35:18.762+0000] {logging_mixin.py:190} INFO - [2025-03-10T20:35:18.762+0000] {dagbag.py:588} INFO - Filling up the DagBag from /home/airflow/.local/lib/python3.12/site-packages/airflow/example_dags/example_python_decorator.py
[2025-03-10T20:35:18.779+0000] {processor.py:925} INFO - DAG(s) 'example_python_decorator' retrieved from /home/airflow/.local/lib/python3.12/site-packages/airflow/example_dags/example_python_decorator.py
[2025-03-10T20:35:18.806+0000] {logging_mixin.py:190} INFO - [2025-03-10T20:35:18.806+0000] {dag.py:3239} INFO - Sync 1 DAGs
[2025-03-10T20:35:18.824+0000] {logging_mixin.py:190} INFO - [2025-03-10T20:35:18.824+0000] {dag.py:4180} INFO - Setting next_dagrun for example_python_decorator to None, run_after=None
[2025-03-10T20:35:18.846+0000] {processor.py:208} INFO - Processing /home/airflow/.local/lib/python3.12/site-packages/airflow/example_dags/example_python_decorator.py took 0.095 seconds
[2025-03-10T20:35:49.980+0000] {processor.py:186} INFO - Started process (PID=800) to work on /home/airflow/.local/lib/python3.12/site-packages/airflow/example_dags/example_python_decorator.py
[2025-03-10T20:35:49.981+0000] {processor.py:914} INFO - Processing file /home/airflow/.local/lib/python3.12/site-packages/airflow/example_dags/example_python_decorator.py for tasks to queue
[2025-03-10T20:35:49.984+0000] {logging_mixin.py:190} INFO - [2025-03-10T20:35:49.983+0000] {dagbag.py:588} INFO - Filling up the DagBag from /home/airflow/.local/lib/python3.12/site-packages/airflow/example_dags/example_python_decorator.py
[2025-03-10T20:35:50.002+0000] {processor.py:925} INFO - DAG(s) 'example_python_decorator' retrieved from /home/airflow/.local/lib/python3.12/site-packages/airflow/example_dags/example_python_decorator.py
[2025-03-10T20:35:50.033+0000] {logging_mixin.py:190} INFO - [2025-03-10T20:35:50.032+0000] {dag.py:3239} INFO - Sync 1 DAGs
[2025-03-10T20:35:50.051+0000] {logging_mixin.py:190} INFO - [2025-03-10T20:35:50.051+0000] {dag.py:4180} INFO - Setting next_dagrun for example_python_decorator to None, run_after=None
[2025-03-10T20:35:50.074+0000] {processor.py:208} INFO - Processing /home/airflow/.local/lib/python3.12/site-packages/airflow/example_dags/example_python_decorator.py took 0.102 seconds
[2025-03-10T20:36:21.174+0000] {processor.py:186} INFO - Started process (PID=863) to work on /home/airflow/.local/lib/python3.12/site-packages/airflow/example_dags/example_python_decorator.py
[2025-03-10T20:36:21.175+0000] {processor.py:914} INFO - Processing file /home/airflow/.local/lib/python3.12/site-packages/airflow/example_dags/example_python_decorator.py for tasks to queue
[2025-03-10T20:36:21.178+0000] {logging_mixin.py:190} INFO - [2025-03-10T20:36:21.178+0000] {dagbag.py:588} INFO - Filling up the DagBag from /home/airflow/.local/lib/python3.12/site-packages/airflow/example_dags/example_python_decorator.py
[2025-03-10T20:36:21.194+0000] {processor.py:925} INFO - DAG(s) 'example_python_decorator' retrieved from /home/airflow/.local/lib/python3.12/site-packages/airflow/example_dags/example_python_decorator.py
[2025-03-10T20:36:21.221+0000] {logging_mixin.py:190} INFO - [2025-03-10T20:36:21.220+0000] {dag.py:3239} INFO - Sync 1 DAGs
[2025-03-10T20:36:21.239+0000] {logging_mixin.py:190} INFO - [2025-03-10T20:36:21.239+0000] {dag.py:4180} INFO - Setting next_dagrun for example_python_decorator to None, run_after=None
[2025-03-10T20:36:21.259+0000] {processor.py:208} INFO - Processing /home/airflow/.local/lib/python3.12/site-packages/airflow/example_dags/example_python_decorator.py took 0.094 seconds
[2025-03-10T20:36:51.817+0000] {processor.py:186} INFO - Started process (PID=926) to work on /home/airflow/.local/lib/python3.12/site-packages/airflow/example_dags/example_python_decorator.py
[2025-03-10T20:36:51.818+0000] {processor.py:914} INFO - Processing file /home/airflow/.local/lib/python3.12/site-packages/airflow/example_dags/example_python_decorator.py for tasks to queue
[2025-03-10T20:36:51.821+0000] {logging_mixin.py:190} INFO - [2025-03-10T20:36:51.821+0000] {dagbag.py:588} INFO - Filling up the DagBag from /home/airflow/.local/lib/python3.12/site-packages/airflow/example_dags/example_python_decorator.py
[2025-03-10T20:36:51.837+0000] {processor.py:925} INFO - DAG(s) 'example_python_decorator' retrieved from /home/airflow/.local/lib/python3.12/site-packages/airflow/example_dags/example_python_decorator.py
[2025-03-10T20:36:51.864+0000] {logging_mixin.py:190} INFO - [2025-03-10T20:36:51.864+0000] {dag.py:3239} INFO - Sync 1 DAGs
[2025-03-10T20:36:51.882+0000] {logging_mixin.py:190} INFO - [2025-03-10T20:36:51.882+0000] {dag.py:4180} INFO - Setting next_dagrun for example_python_decorator to None, run_after=None
[2025-03-10T20:36:51.903+0000] {processor.py:208} INFO - Processing /home/airflow/.local/lib/python3.12/site-packages/airflow/example_dags/example_python_decorator.py took 0.093 seconds
[2025-03-10T20:37:23.171+0000] {processor.py:186} INFO - Started process (PID=990) to work on /home/airflow/.local/lib/python3.12/site-packages/airflow/example_dags/example_python_decorator.py
[2025-03-10T20:37:23.172+0000] {processor.py:914} INFO - Processing file /home/airflow/.local/lib/python3.12/site-packages/airflow/example_dags/example_python_decorator.py for tasks to queue
[2025-03-10T20:37:23.175+0000] {logging_mixin.py:190} INFO - [2025-03-10T20:37:23.175+0000] {dagbag.py:588} INFO - Filling up the DagBag from /home/airflow/.local/lib/python3.12/site-packages/airflow/example_dags/example_python_decorator.py
[2025-03-10T20:37:23.192+0000] {processor.py:925} INFO - DAG(s) 'example_python_decorator' retrieved from /home/airflow/.local/lib/python3.12/site-packages/airflow/example_dags/example_python_decorator.py
[2025-03-10T20:37:23.218+0000] {logging_mixin.py:190} INFO - [2025-03-10T20:37:23.218+0000] {dag.py:3239} INFO - Sync 1 DAGs
[2025-03-10T20:37:23.236+0000] {logging_mixin.py:190} INFO - [2025-03-10T20:37:23.236+0000] {dag.py:4180} INFO - Setting next_dagrun for example_python_decorator to None, run_after=None
[2025-03-10T20:37:23.256+0000] {processor.py:208} INFO - Processing /home/airflow/.local/lib/python3.12/site-packages/airflow/example_dags/example_python_decorator.py took 0.092 seconds
[2025-03-10T20:37:54.679+0000] {processor.py:186} INFO - Started process (PID=1053) to work on /home/airflow/.local/lib/python3.12/site-packages/airflow/example_dags/example_python_decorator.py
[2025-03-10T20:37:54.680+0000] {processor.py:914} INFO - Processing file /home/airflow/.local/lib/python3.12/site-packages/airflow/example_dags/example_python_decorator.py for tasks to queue
[2025-03-10T20:37:54.683+0000] {logging_mixin.py:190} INFO - [2025-03-10T20:37:54.683+0000] {dagbag.py:588} INFO - Filling up the DagBag from /home/airflow/.local/lib/python3.12/site-packages/airflow/example_dags/example_python_decorator.py
[2025-03-10T20:37:54.701+0000] {processor.py:925} INFO - DAG(s) 'example_python_decorator' retrieved from /home/airflow/.local/lib/python3.12/site-packages/airflow/example_dags/example_python_decorator.py
[2025-03-10T20:37:54.737+0000] {logging_mixin.py:190} INFO - [2025-03-10T20:37:54.737+0000] {dag.py:3239} INFO - Sync 1 DAGs
[2025-03-10T20:37:54.758+0000] {logging_mixin.py:190} INFO - [2025-03-10T20:37:54.757+0000] {dag.py:4180} INFO - Setting next_dagrun for example_python_decorator to None, run_after=None
[2025-03-10T20:37:54.781+0000] {processor.py:208} INFO - Processing /home/airflow/.local/lib/python3.12/site-packages/airflow/example_dags/example_python_decorator.py took 0.111 seconds
[2025-03-10T20:38:25.982+0000] {processor.py:186} INFO - Started process (PID=1116) to work on /home/airflow/.local/lib/python3.12/site-packages/airflow/example_dags/example_python_decorator.py
[2025-03-10T20:38:25.983+0000] {processor.py:914} INFO - Processing file /home/airflow/.local/lib/python3.12/site-packages/airflow/example_dags/example_python_decorator.py for tasks to queue
[2025-03-10T20:38:25.986+0000] {logging_mixin.py:190} INFO - [2025-03-10T20:38:25.986+0000] {dagbag.py:588} INFO - Filling up the DagBag from /home/airflow/.local/lib/python3.12/site-packages/airflow/example_dags/example_python_decorator.py
[2025-03-10T20:38:26.003+0000] {processor.py:925} INFO - DAG(s) 'example_python_decorator' retrieved from /home/airflow/.local/lib/python3.12/site-packages/airflow/example_dags/example_python_decorator.py
[2025-03-10T20:38:26.030+0000] {logging_mixin.py:190} INFO - [2025-03-10T20:38:26.030+0000] {dag.py:3239} INFO - Sync 1 DAGs
[2025-03-10T20:38:26.048+0000] {logging_mixin.py:190} INFO - [2025-03-10T20:38:26.047+0000] {dag.py:4180} INFO - Setting next_dagrun for example_python_decorator to None, run_after=None
[2025-03-10T20:38:26.068+0000] {processor.py:208} INFO - Processing /home/airflow/.local/lib/python3.12/site-packages/airflow/example_dags/example_python_decorator.py took 0.093 seconds
[2025-03-10T20:38:56.531+0000] {processor.py:186} INFO - Started process (PID=1179) to work on /home/airflow/.local/lib/python3.12/site-packages/airflow/example_dags/example_python_decorator.py
[2025-03-10T20:38:56.532+0000] {processor.py:914} INFO - Processing file /home/airflow/.local/lib/python3.12/site-packages/airflow/example_dags/example_python_decorator.py for tasks to queue
[2025-03-10T20:38:56.535+0000] {logging_mixin.py:190} INFO - [2025-03-10T20:38:56.535+0000] {dagbag.py:588} INFO - Filling up the DagBag from /home/airflow/.local/lib/python3.12/site-packages/airflow/example_dags/example_python_decorator.py
[2025-03-10T20:38:56.552+0000] {processor.py:925} INFO - DAG(s) 'example_python_decorator' retrieved from /home/airflow/.local/lib/python3.12/site-packages/airflow/example_dags/example_python_decorator.py
[2025-03-10T20:38:56.579+0000] {logging_mixin.py:190} INFO - [2025-03-10T20:38:56.579+0000] {dag.py:3239} INFO - Sync 1 DAGs
[2025-03-10T20:38:56.598+0000] {logging_mixin.py:190} INFO - [2025-03-10T20:38:56.598+0000] {dag.py:4180} INFO - Setting next_dagrun for example_python_decorator to None, run_after=None
[2025-03-10T20:38:56.619+0000] {processor.py:208} INFO - Processing /home/airflow/.local/lib/python3.12/site-packages/airflow/example_dags/example_python_decorator.py took 0.096 seconds
[2025-03-10T20:39:27.695+0000] {processor.py:186} INFO - Started process (PID=1243) to work on /home/airflow/.local/lib/python3.12/site-packages/airflow/example_dags/example_python_decorator.py
[2025-03-10T20:39:27.696+0000] {processor.py:914} INFO - Processing file /home/airflow/.local/lib/python3.12/site-packages/airflow/example_dags/example_python_decorator.py for tasks to queue
[2025-03-10T20:39:27.699+0000] {logging_mixin.py:190} INFO - [2025-03-10T20:39:27.698+0000] {dagbag.py:588} INFO - Filling up the DagBag from /home/airflow/.local/lib/python3.12/site-packages/airflow/example_dags/example_python_decorator.py
[2025-03-10T20:39:27.716+0000] {processor.py:925} INFO - DAG(s) 'example_python_decorator' retrieved from /home/airflow/.local/lib/python3.12/site-packages/airflow/example_dags/example_python_decorator.py
[2025-03-10T20:39:27.756+0000] {logging_mixin.py:190} INFO - [2025-03-10T20:39:27.755+0000] {dag.py:3239} INFO - Sync 1 DAGs
[2025-03-10T20:39:27.782+0000] {logging_mixin.py:190} INFO - [2025-03-10T20:39:27.782+0000] {dag.py:4180} INFO - Setting next_dagrun for example_python_decorator to None, run_after=None
[2025-03-10T20:39:27.810+0000] {processor.py:208} INFO - Processing /home/airflow/.local/lib/python3.12/site-packages/airflow/example_dags/example_python_decorator.py took 0.124 seconds
[2025-03-10T20:39:58.249+0000] {processor.py:186} INFO - Started process (PID=1305) to work on /home/airflow/.local/lib/python3.12/site-packages/airflow/example_dags/example_python_decorator.py
[2025-03-10T20:39:58.250+0000] {processor.py:914} INFO - Processing file /home/airflow/.local/lib/python3.12/site-packages/airflow/example_dags/example_python_decorator.py for tasks to queue
[2025-03-10T20:39:58.253+0000] {logging_mixin.py:190} INFO - [2025-03-10T20:39:58.253+0000] {dagbag.py:588} INFO - Filling up the DagBag from /home/airflow/.local/lib/python3.12/site-packages/airflow/example_dags/example_python_decorator.py
[2025-03-10T20:39:58.270+0000] {processor.py:925} INFO - DAG(s) 'example_python_decorator' retrieved from /home/airflow/.local/lib/python3.12/site-packages/airflow/example_dags/example_python_decorator.py
[2025-03-10T20:39:58.304+0000] {logging_mixin.py:190} INFO - [2025-03-10T20:39:58.304+0000] {dag.py:3239} INFO - Sync 1 DAGs
[2025-03-10T20:39:58.326+0000] {logging_mixin.py:190} INFO - [2025-03-10T20:39:58.326+0000] {dag.py:4180} INFO - Setting next_dagrun for example_python_decorator to None, run_after=None
[2025-03-10T20:39:58.351+0000] {processor.py:208} INFO - Processing /home/airflow/.local/lib/python3.12/site-packages/airflow/example_dags/example_python_decorator.py took 0.108 seconds
[2025-03-10T20:40:29.406+0000] {processor.py:186} INFO - Started process (PID=1369) to work on /home/airflow/.local/lib/python3.12/site-packages/airflow/example_dags/example_python_decorator.py
[2025-03-10T20:40:29.407+0000] {processor.py:914} INFO - Processing file /home/airflow/.local/lib/python3.12/site-packages/airflow/example_dags/example_python_decorator.py for tasks to queue
[2025-03-10T20:40:29.410+0000] {logging_mixin.py:190} INFO - [2025-03-10T20:40:29.409+0000] {dagbag.py:588} INFO - Filling up the DagBag from /home/airflow/.local/lib/python3.12/site-packages/airflow/example_dags/example_python_decorator.py
[2025-03-10T20:40:29.428+0000] {processor.py:925} INFO - DAG(s) 'example_python_decorator' retrieved from /home/airflow/.local/lib/python3.12/site-packages/airflow/example_dags/example_python_decorator.py
[2025-03-10T20:40:29.458+0000] {logging_mixin.py:190} INFO - [2025-03-10T20:40:29.457+0000] {dag.py:3239} INFO - Sync 1 DAGs
[2025-03-10T20:40:29.476+0000] {logging_mixin.py:190} INFO - [2025-03-10T20:40:29.475+0000] {dag.py:4180} INFO - Setting next_dagrun for example_python_decorator to None, run_after=None
[2025-03-10T20:40:29.499+0000] {processor.py:208} INFO - Processing /home/airflow/.local/lib/python3.12/site-packages/airflow/example_dags/example_python_decorator.py took 0.102 seconds
[2025-03-10T20:41:00.683+0000] {processor.py:186} INFO - Started process (PID=1431) to work on /home/airflow/.local/lib/python3.12/site-packages/airflow/example_dags/example_python_decorator.py
[2025-03-10T20:41:00.684+0000] {processor.py:914} INFO - Processing file /home/airflow/.local/lib/python3.12/site-packages/airflow/example_dags/example_python_decorator.py for tasks to queue
[2025-03-10T20:41:00.686+0000] {logging_mixin.py:190} INFO - [2025-03-10T20:41:00.686+0000] {dagbag.py:588} INFO - Filling up the DagBag from /home/airflow/.local/lib/python3.12/site-packages/airflow/example_dags/example_python_decorator.py
[2025-03-10T20:41:00.704+0000] {processor.py:925} INFO - DAG(s) 'example_python_decorator' retrieved from /home/airflow/.local/lib/python3.12/site-packages/airflow/example_dags/example_python_decorator.py
[2025-03-10T20:41:00.731+0000] {logging_mixin.py:190} INFO - [2025-03-10T20:41:00.731+0000] {dag.py:3239} INFO - Sync 1 DAGs
[2025-03-10T20:41:00.754+0000] {logging_mixin.py:190} INFO - [2025-03-10T20:41:00.753+0000] {dag.py:4180} INFO - Setting next_dagrun for example_python_decorator to None, run_after=None
[2025-03-10T20:41:00.775+0000] {processor.py:208} INFO - Processing /home/airflow/.local/lib/python3.12/site-packages/airflow/example_dags/example_python_decorator.py took 0.100 seconds
[2025-03-10T20:41:31.482+0000] {processor.py:186} INFO - Started process (PID=1494) to work on /home/airflow/.local/lib/python3.12/site-packages/airflow/example_dags/example_python_decorator.py
[2025-03-10T20:41:31.483+0000] {processor.py:914} INFO - Processing file /home/airflow/.local/lib/python3.12/site-packages/airflow/example_dags/example_python_decorator.py for tasks to queue
[2025-03-10T20:41:31.486+0000] {logging_mixin.py:190} INFO - [2025-03-10T20:41:31.486+0000] {dagbag.py:588} INFO - Filling up the DagBag from /home/airflow/.local/lib/python3.12/site-packages/airflow/example_dags/example_python_decorator.py
[2025-03-10T20:41:31.503+0000] {processor.py:925} INFO - DAG(s) 'example_python_decorator' retrieved from /home/airflow/.local/lib/python3.12/site-packages/airflow/example_dags/example_python_decorator.py
[2025-03-10T20:41:31.530+0000] {logging_mixin.py:190} INFO - [2025-03-10T20:41:31.530+0000] {dag.py:3239} INFO - Sync 1 DAGs
[2025-03-10T20:41:31.549+0000] {logging_mixin.py:190} INFO - [2025-03-10T20:41:31.548+0000] {dag.py:4180} INFO - Setting next_dagrun for example_python_decorator to None, run_after=None
[2025-03-10T20:41:31.569+0000] {processor.py:208} INFO - Processing /home/airflow/.local/lib/python3.12/site-packages/airflow/example_dags/example_python_decorator.py took 0.094 seconds
[2025-03-10T20:42:02.088+0000] {processor.py:186} INFO - Started process (PID=1557) to work on /home/airflow/.local/lib/python3.12/site-packages/airflow/example_dags/example_python_decorator.py
[2025-03-10T20:42:02.089+0000] {processor.py:914} INFO - Processing file /home/airflow/.local/lib/python3.12/site-packages/airflow/example_dags/example_python_decorator.py for tasks to queue
[2025-03-10T20:42:02.092+0000] {logging_mixin.py:190} INFO - [2025-03-10T20:42:02.092+0000] {dagbag.py:588} INFO - Filling up the DagBag from /home/airflow/.local/lib/python3.12/site-packages/airflow/example_dags/example_python_decorator.py
[2025-03-10T20:42:02.109+0000] {processor.py:925} INFO - DAG(s) 'example_python_decorator' retrieved from /home/airflow/.local/lib/python3.12/site-packages/airflow/example_dags/example_python_decorator.py
[2025-03-10T20:42:02.136+0000] {logging_mixin.py:190} INFO - [2025-03-10T20:42:02.136+0000] {dag.py:3239} INFO - Sync 1 DAGs
[2025-03-10T20:42:02.156+0000] {logging_mixin.py:190} INFO - [2025-03-10T20:42:02.156+0000] {dag.py:4180} INFO - Setting next_dagrun for example_python_decorator to None, run_after=None
[2025-03-10T20:42:02.176+0000] {processor.py:208} INFO - Processing /home/airflow/.local/lib/python3.12/site-packages/airflow/example_dags/example_python_decorator.py took 0.095 seconds
[2025-03-10T20:42:33.232+0000] {processor.py:186} INFO - Started process (PID=1620) to work on /home/airflow/.local/lib/python3.12/site-packages/airflow/example_dags/example_python_decorator.py
[2025-03-10T20:42:33.233+0000] {processor.py:914} INFO - Processing file /home/airflow/.local/lib/python3.12/site-packages/airflow/example_dags/example_python_decorator.py for tasks to queue
[2025-03-10T20:42:33.236+0000] {logging_mixin.py:190} INFO - [2025-03-10T20:42:33.236+0000] {dagbag.py:588} INFO - Filling up the DagBag from /home/airflow/.local/lib/python3.12/site-packages/airflow/example_dags/example_python_decorator.py
[2025-03-10T20:42:33.253+0000] {processor.py:925} INFO - DAG(s) 'example_python_decorator' retrieved from /home/airflow/.local/lib/python3.12/site-packages/airflow/example_dags/example_python_decorator.py
[2025-03-10T20:42:33.280+0000] {logging_mixin.py:190} INFO - [2025-03-10T20:42:33.280+0000] {dag.py:3239} INFO - Sync 1 DAGs
[2025-03-10T20:42:33.298+0000] {logging_mixin.py:190} INFO - [2025-03-10T20:42:33.298+0000] {dag.py:4180} INFO - Setting next_dagrun for example_python_decorator to None, run_after=None
[2025-03-10T20:42:33.319+0000] {processor.py:208} INFO - Processing /home/airflow/.local/lib/python3.12/site-packages/airflow/example_dags/example_python_decorator.py took 0.093 seconds
[2025-03-10T20:43:04.431+0000] {processor.py:186} INFO - Started process (PID=1684) to work on /home/airflow/.local/lib/python3.12/site-packages/airflow/example_dags/example_python_decorator.py
[2025-03-10T20:43:04.432+0000] {processor.py:914} INFO - Processing file /home/airflow/.local/lib/python3.12/site-packages/airflow/example_dags/example_python_decorator.py for tasks to queue
[2025-03-10T20:43:04.434+0000] {logging_mixin.py:190} INFO - [2025-03-10T20:43:04.434+0000] {dagbag.py:588} INFO - Filling up the DagBag from /home/airflow/.local/lib/python3.12/site-packages/airflow/example_dags/example_python_decorator.py
[2025-03-10T20:43:04.453+0000] {processor.py:925} INFO - DAG(s) 'example_python_decorator' retrieved from /home/airflow/.local/lib/python3.12/site-packages/airflow/example_dags/example_python_decorator.py
[2025-03-10T20:43:04.483+0000] {logging_mixin.py:190} INFO - [2025-03-10T20:43:04.483+0000] {dag.py:3239} INFO - Sync 1 DAGs
[2025-03-10T20:43:04.502+0000] {logging_mixin.py:190} INFO - [2025-03-10T20:43:04.502+0000] {dag.py:4180} INFO - Setting next_dagrun for example_python_decorator to None, run_after=None
[2025-03-10T20:43:04.526+0000] {processor.py:208} INFO - Processing /home/airflow/.local/lib/python3.12/site-packages/airflow/example_dags/example_python_decorator.py took 0.102 seconds
[2025-03-10T20:43:35.138+0000] {processor.py:186} INFO - Started process (PID=1746) to work on /home/airflow/.local/lib/python3.12/site-packages/airflow/example_dags/example_python_decorator.py
[2025-03-10T20:43:35.139+0000] {processor.py:914} INFO - Processing file /home/airflow/.local/lib/python3.12/site-packages/airflow/example_dags/example_python_decorator.py for tasks to queue
[2025-03-10T20:43:35.142+0000] {logging_mixin.py:190} INFO - [2025-03-10T20:43:35.142+0000] {dagbag.py:588} INFO - Filling up the DagBag from /home/airflow/.local/lib/python3.12/site-packages/airflow/example_dags/example_python_decorator.py
[2025-03-10T20:43:35.160+0000] {processor.py:925} INFO - DAG(s) 'example_python_decorator' retrieved from /home/airflow/.local/lib/python3.12/site-packages/airflow/example_dags/example_python_decorator.py
[2025-03-10T20:43:35.187+0000] {logging_mixin.py:190} INFO - [2025-03-10T20:43:35.187+0000] {dag.py:3239} INFO - Sync 1 DAGs
[2025-03-10T20:43:35.207+0000] {logging_mixin.py:190} INFO - [2025-03-10T20:43:35.206+0000] {dag.py:4180} INFO - Setting next_dagrun for example_python_decorator to None, run_after=None
[2025-03-10T20:43:35.227+0000] {processor.py:208} INFO - Processing /home/airflow/.local/lib/python3.12/site-packages/airflow/example_dags/example_python_decorator.py took 0.097 seconds
[2025-03-10T20:44:05.874+0000] {processor.py:186} INFO - Started process (PID=1809) to work on /home/airflow/.local/lib/python3.12/site-packages/airflow/example_dags/example_python_decorator.py
[2025-03-10T20:44:05.874+0000] {processor.py:914} INFO - Processing file /home/airflow/.local/lib/python3.12/site-packages/airflow/example_dags/example_python_decorator.py for tasks to queue
[2025-03-10T20:44:05.877+0000] {logging_mixin.py:190} INFO - [2025-03-10T20:44:05.877+0000] {dagbag.py:588} INFO - Filling up the DagBag from /home/airflow/.local/lib/python3.12/site-packages/airflow/example_dags/example_python_decorator.py
[2025-03-10T20:44:05.894+0000] {processor.py:925} INFO - DAG(s) 'example_python_decorator' retrieved from /home/airflow/.local/lib/python3.12/site-packages/airflow/example_dags/example_python_decorator.py
[2025-03-10T20:44:05.922+0000] {logging_mixin.py:190} INFO - [2025-03-10T20:44:05.921+0000] {dag.py:3239} INFO - Sync 1 DAGs
[2025-03-10T20:44:05.941+0000] {logging_mixin.py:190} INFO - [2025-03-10T20:44:05.940+0000] {dag.py:4180} INFO - Setting next_dagrun for example_python_decorator to None, run_after=None
[2025-03-10T20:44:05.963+0000] {processor.py:208} INFO - Processing /home/airflow/.local/lib/python3.12/site-packages/airflow/example_dags/example_python_decorator.py took 0.097 seconds
[2025-03-10T20:44:36.800+0000] {processor.py:186} INFO - Started process (PID=1872) to work on /home/airflow/.local/lib/python3.12/site-packages/airflow/example_dags/example_python_decorator.py
[2025-03-10T20:44:36.801+0000] {processor.py:914} INFO - Processing file /home/airflow/.local/lib/python3.12/site-packages/airflow/example_dags/example_python_decorator.py for tasks to queue
[2025-03-10T20:44:36.805+0000] {logging_mixin.py:190} INFO - [2025-03-10T20:44:36.804+0000] {dagbag.py:588} INFO - Filling up the DagBag from /home/airflow/.local/lib/python3.12/site-packages/airflow/example_dags/example_python_decorator.py
[2025-03-10T20:44:36.823+0000] {processor.py:925} INFO - DAG(s) 'example_python_decorator' retrieved from /home/airflow/.local/lib/python3.12/site-packages/airflow/example_dags/example_python_decorator.py
[2025-03-10T20:44:36.850+0000] {logging_mixin.py:190} INFO - [2025-03-10T20:44:36.850+0000] {dag.py:3239} INFO - Sync 1 DAGs
[2025-03-10T20:44:36.870+0000] {logging_mixin.py:190} INFO - [2025-03-10T20:44:36.869+0000] {dag.py:4180} INFO - Setting next_dagrun for example_python_decorator to None, run_after=None
[2025-03-10T20:44:37.149+0000] {processor.py:208} INFO - Processing /home/airflow/.local/lib/python3.12/site-packages/airflow/example_dags/example_python_decorator.py took 0.356 seconds
[2025-03-10T20:45:07.448+0000] {processor.py:186} INFO - Started process (PID=1935) to work on /home/airflow/.local/lib/python3.12/site-packages/airflow/example_dags/example_python_decorator.py
[2025-03-10T20:45:07.449+0000] {processor.py:914} INFO - Processing file /home/airflow/.local/lib/python3.12/site-packages/airflow/example_dags/example_python_decorator.py for tasks to queue
[2025-03-10T20:45:07.453+0000] {logging_mixin.py:190} INFO - [2025-03-10T20:45:07.453+0000] {dagbag.py:588} INFO - Filling up the DagBag from /home/airflow/.local/lib/python3.12/site-packages/airflow/example_dags/example_python_decorator.py
[2025-03-10T20:45:07.472+0000] {processor.py:925} INFO - DAG(s) 'example_python_decorator' retrieved from /home/airflow/.local/lib/python3.12/site-packages/airflow/example_dags/example_python_decorator.py
[2025-03-10T20:45:07.507+0000] {logging_mixin.py:190} INFO - [2025-03-10T20:45:07.507+0000] {dag.py:3239} INFO - Sync 1 DAGs
[2025-03-10T20:45:07.531+0000] {logging_mixin.py:190} INFO - [2025-03-10T20:45:07.531+0000] {dag.py:4180} INFO - Setting next_dagrun for example_python_decorator to None, run_after=None
[2025-03-10T20:45:07.554+0000] {processor.py:208} INFO - Processing /home/airflow/.local/lib/python3.12/site-packages/airflow/example_dags/example_python_decorator.py took 0.113 seconds
[2025-03-10T20:45:38.374+0000] {processor.py:186} INFO - Started process (PID=1998) to work on /home/airflow/.local/lib/python3.12/site-packages/airflow/example_dags/example_python_decorator.py
[2025-03-10T20:45:38.375+0000] {processor.py:914} INFO - Processing file /home/airflow/.local/lib/python3.12/site-packages/airflow/example_dags/example_python_decorator.py for tasks to queue
[2025-03-10T20:45:38.378+0000] {logging_mixin.py:190} INFO - [2025-03-10T20:45:38.378+0000] {dagbag.py:588} INFO - Filling up the DagBag from /home/airflow/.local/lib/python3.12/site-packages/airflow/example_dags/example_python_decorator.py
[2025-03-10T20:45:38.395+0000] {processor.py:925} INFO - DAG(s) 'example_python_decorator' retrieved from /home/airflow/.local/lib/python3.12/site-packages/airflow/example_dags/example_python_decorator.py
[2025-03-10T20:45:38.423+0000] {logging_mixin.py:190} INFO - [2025-03-10T20:45:38.422+0000] {dag.py:3239} INFO - Sync 1 DAGs
[2025-03-10T20:45:38.441+0000] {logging_mixin.py:190} INFO - [2025-03-10T20:45:38.441+0000] {dag.py:4180} INFO - Setting next_dagrun for example_python_decorator to None, run_after=None
[2025-03-10T20:45:38.462+0000] {processor.py:208} INFO - Processing /home/airflow/.local/lib/python3.12/site-packages/airflow/example_dags/example_python_decorator.py took 0.095 seconds
[2025-03-10T20:46:10.326+0000] {processor.py:186} INFO - Started process (PID=2061) to work on /home/airflow/.local/lib/python3.12/site-packages/airflow/example_dags/example_python_decorator.py
[2025-03-10T20:46:10.327+0000] {processor.py:914} INFO - Processing file /home/airflow/.local/lib/python3.12/site-packages/airflow/example_dags/example_python_decorator.py for tasks to queue
[2025-03-10T20:46:10.330+0000] {logging_mixin.py:190} INFO - [2025-03-10T20:46:10.329+0000] {dagbag.py:588} INFO - Filling up the DagBag from /home/airflow/.local/lib/python3.12/site-packages/airflow/example_dags/example_python_decorator.py
[2025-03-10T20:46:10.347+0000] {processor.py:925} INFO - DAG(s) 'example_python_decorator' retrieved from /home/airflow/.local/lib/python3.12/site-packages/airflow/example_dags/example_python_decorator.py
[2025-03-10T20:46:10.642+0000] {logging_mixin.py:190} INFO - [2025-03-10T20:46:10.642+0000] {dag.py:3239} INFO - Sync 1 DAGs
[2025-03-10T20:46:10.662+0000] {logging_mixin.py:190} INFO - [2025-03-10T20:46:10.662+0000] {dag.py:4180} INFO - Setting next_dagrun for example_python_decorator to None, run_after=None
[2025-03-10T20:46:10.691+0000] {processor.py:208} INFO - Processing /home/airflow/.local/lib/python3.12/site-packages/airflow/example_dags/example_python_decorator.py took 0.372 seconds
[2025-03-10T20:46:41.122+0000] {processor.py:186} INFO - Started process (PID=2130) to work on /home/airflow/.local/lib/python3.12/site-packages/airflow/example_dags/example_python_decorator.py
[2025-03-10T20:46:41.123+0000] {processor.py:914} INFO - Processing file /home/airflow/.local/lib/python3.12/site-packages/airflow/example_dags/example_python_decorator.py for tasks to queue
[2025-03-10T20:46:41.126+0000] {logging_mixin.py:190} INFO - [2025-03-10T20:46:41.126+0000] {dagbag.py:588} INFO - Filling up the DagBag from /home/airflow/.local/lib/python3.12/site-packages/airflow/example_dags/example_python_decorator.py
[2025-03-10T20:46:41.143+0000] {processor.py:925} INFO - DAG(s) 'example_python_decorator' retrieved from /home/airflow/.local/lib/python3.12/site-packages/airflow/example_dags/example_python_decorator.py
[2025-03-10T20:46:41.172+0000] {logging_mixin.py:190} INFO - [2025-03-10T20:46:41.171+0000] {dag.py:3239} INFO - Sync 1 DAGs
[2025-03-10T20:46:41.458+0000] {logging_mixin.py:190} INFO - [2025-03-10T20:46:41.458+0000] {dag.py:4180} INFO - Setting next_dagrun for example_python_decorator to None, run_after=None
[2025-03-10T20:46:41.478+0000] {processor.py:208} INFO - Processing /home/airflow/.local/lib/python3.12/site-packages/airflow/example_dags/example_python_decorator.py took 0.363 seconds
[2025-03-10T20:47:11.525+0000] {processor.py:186} INFO - Started process (PID=2193) to work on /home/airflow/.local/lib/python3.12/site-packages/airflow/example_dags/example_python_decorator.py
[2025-03-10T20:47:11.525+0000] {processor.py:914} INFO - Processing file /home/airflow/.local/lib/python3.12/site-packages/airflow/example_dags/example_python_decorator.py for tasks to queue
[2025-03-10T20:47:11.528+0000] {logging_mixin.py:190} INFO - [2025-03-10T20:47:11.528+0000] {dagbag.py:588} INFO - Filling up the DagBag from /home/airflow/.local/lib/python3.12/site-packages/airflow/example_dags/example_python_decorator.py
[2025-03-10T20:47:11.544+0000] {processor.py:925} INFO - DAG(s) 'example_python_decorator' retrieved from /home/airflow/.local/lib/python3.12/site-packages/airflow/example_dags/example_python_decorator.py
[2025-03-10T20:47:11.571+0000] {logging_mixin.py:190} INFO - [2025-03-10T20:47:11.571+0000] {dag.py:3239} INFO - Sync 1 DAGs
[2025-03-10T20:47:11.590+0000] {logging_mixin.py:190} INFO - [2025-03-10T20:47:11.590+0000] {dag.py:4180} INFO - Setting next_dagrun for example_python_decorator to None, run_after=None
[2025-03-10T20:47:11.610+0000] {processor.py:208} INFO - Processing /home/airflow/.local/lib/python3.12/site-packages/airflow/example_dags/example_python_decorator.py took 0.092 seconds
[2025-03-10T20:47:42.239+0000] {processor.py:186} INFO - Started process (PID=2256) to work on /home/airflow/.local/lib/python3.12/site-packages/airflow/example_dags/example_python_decorator.py
[2025-03-10T20:47:42.240+0000] {processor.py:914} INFO - Processing file /home/airflow/.local/lib/python3.12/site-packages/airflow/example_dags/example_python_decorator.py for tasks to queue
[2025-03-10T20:47:42.243+0000] {logging_mixin.py:190} INFO - [2025-03-10T20:47:42.242+0000] {dagbag.py:588} INFO - Filling up the DagBag from /home/airflow/.local/lib/python3.12/site-packages/airflow/example_dags/example_python_decorator.py
[2025-03-10T20:47:42.259+0000] {processor.py:925} INFO - DAG(s) 'example_python_decorator' retrieved from /home/airflow/.local/lib/python3.12/site-packages/airflow/example_dags/example_python_decorator.py
[2025-03-10T20:47:42.287+0000] {logging_mixin.py:190} INFO - [2025-03-10T20:47:42.286+0000] {dag.py:3239} INFO - Sync 1 DAGs
[2025-03-10T20:47:42.305+0000] {logging_mixin.py:190} INFO - [2025-03-10T20:47:42.304+0000] {dag.py:4180} INFO - Setting next_dagrun for example_python_decorator to None, run_after=None
[2025-03-10T20:47:42.324+0000] {processor.py:208} INFO - Processing /home/airflow/.local/lib/python3.12/site-packages/airflow/example_dags/example_python_decorator.py took 0.092 seconds
[2025-03-10T20:48:12.698+0000] {processor.py:186} INFO - Started process (PID=2319) to work on /home/airflow/.local/lib/python3.12/site-packages/airflow/example_dags/example_python_decorator.py
[2025-03-10T20:48:12.699+0000] {processor.py:914} INFO - Processing file /home/airflow/.local/lib/python3.12/site-packages/airflow/example_dags/example_python_decorator.py for tasks to queue
[2025-03-10T20:48:12.702+0000] {logging_mixin.py:190} INFO - [2025-03-10T20:48:12.701+0000] {dagbag.py:588} INFO - Filling up the DagBag from /home/airflow/.local/lib/python3.12/site-packages/airflow/example_dags/example_python_decorator.py
[2025-03-10T20:48:12.718+0000] {processor.py:925} INFO - DAG(s) 'example_python_decorator' retrieved from /home/airflow/.local/lib/python3.12/site-packages/airflow/example_dags/example_python_decorator.py
[2025-03-10T20:48:12.745+0000] {logging_mixin.py:190} INFO - [2025-03-10T20:48:12.745+0000] {dag.py:3239} INFO - Sync 1 DAGs
[2025-03-10T20:48:12.763+0000] {logging_mixin.py:190} INFO - [2025-03-10T20:48:12.763+0000] {dag.py:4180} INFO - Setting next_dagrun for example_python_decorator to None, run_after=None
[2025-03-10T20:48:12.785+0000] {processor.py:208} INFO - Processing /home/airflow/.local/lib/python3.12/site-packages/airflow/example_dags/example_python_decorator.py took 0.095 seconds
[2025-03-10T20:48:43.258+0000] {processor.py:186} INFO - Started process (PID=2382) to work on /home/airflow/.local/lib/python3.12/site-packages/airflow/example_dags/example_python_decorator.py
[2025-03-10T20:48:43.259+0000] {processor.py:914} INFO - Processing file /home/airflow/.local/lib/python3.12/site-packages/airflow/example_dags/example_python_decorator.py for tasks to queue
[2025-03-10T20:48:43.261+0000] {logging_mixin.py:190} INFO - [2025-03-10T20:48:43.261+0000] {dagbag.py:588} INFO - Filling up the DagBag from /home/airflow/.local/lib/python3.12/site-packages/airflow/example_dags/example_python_decorator.py
[2025-03-10T20:48:43.278+0000] {processor.py:925} INFO - DAG(s) 'example_python_decorator' retrieved from /home/airflow/.local/lib/python3.12/site-packages/airflow/example_dags/example_python_decorator.py
[2025-03-10T20:48:43.306+0000] {logging_mixin.py:190} INFO - [2025-03-10T20:48:43.305+0000] {dag.py:3239} INFO - Sync 1 DAGs
[2025-03-10T20:48:43.326+0000] {logging_mixin.py:190} INFO - [2025-03-10T20:48:43.325+0000] {dag.py:4180} INFO - Setting next_dagrun for example_python_decorator to None, run_after=None
[2025-03-10T20:48:43.345+0000] {processor.py:208} INFO - Processing /home/airflow/.local/lib/python3.12/site-packages/airflow/example_dags/example_python_decorator.py took 0.095 seconds
[2025-03-10T20:49:13.831+0000] {processor.py:186} INFO - Started process (PID=2445) to work on /home/airflow/.local/lib/python3.12/site-packages/airflow/example_dags/example_python_decorator.py
[2025-03-10T20:49:13.832+0000] {processor.py:914} INFO - Processing file /home/airflow/.local/lib/python3.12/site-packages/airflow/example_dags/example_python_decorator.py for tasks to queue
[2025-03-10T20:49:13.835+0000] {logging_mixin.py:190} INFO - [2025-03-10T20:49:13.835+0000] {dagbag.py:588} INFO - Filling up the DagBag from /home/airflow/.local/lib/python3.12/site-packages/airflow/example_dags/example_python_decorator.py
[2025-03-10T20:49:13.852+0000] {processor.py:925} INFO - DAG(s) 'example_python_decorator' retrieved from /home/airflow/.local/lib/python3.12/site-packages/airflow/example_dags/example_python_decorator.py
[2025-03-10T20:49:13.879+0000] {logging_mixin.py:190} INFO - [2025-03-10T20:49:13.879+0000] {dag.py:3239} INFO - Sync 1 DAGs
[2025-03-10T20:49:13.900+0000] {logging_mixin.py:190} INFO - [2025-03-10T20:49:13.900+0000] {dag.py:4180} INFO - Setting next_dagrun for example_python_decorator to None, run_after=None
[2025-03-10T20:49:13.922+0000] {processor.py:208} INFO - Processing /home/airflow/.local/lib/python3.12/site-packages/airflow/example_dags/example_python_decorator.py took 0.098 seconds
[2025-03-10T20:49:44.245+0000] {processor.py:186} INFO - Started process (PID=2508) to work on /home/airflow/.local/lib/python3.12/site-packages/airflow/example_dags/example_python_decorator.py
[2025-03-10T20:49:44.246+0000] {processor.py:914} INFO - Processing file /home/airflow/.local/lib/python3.12/site-packages/airflow/example_dags/example_python_decorator.py for tasks to queue
[2025-03-10T20:49:44.249+0000] {logging_mixin.py:190} INFO - [2025-03-10T20:49:44.248+0000] {dagbag.py:588} INFO - Filling up the DagBag from /home/airflow/.local/lib/python3.12/site-packages/airflow/example_dags/example_python_decorator.py
[2025-03-10T20:49:44.267+0000] {processor.py:925} INFO - DAG(s) 'example_python_decorator' retrieved from /home/airflow/.local/lib/python3.12/site-packages/airflow/example_dags/example_python_decorator.py
[2025-03-10T20:49:44.296+0000] {logging_mixin.py:190} INFO - [2025-03-10T20:49:44.296+0000] {dag.py:3239} INFO - Sync 1 DAGs
[2025-03-10T20:49:44.317+0000] {logging_mixin.py:190} INFO - [2025-03-10T20:49:44.316+0000] {dag.py:4180} INFO - Setting next_dagrun for example_python_decorator to None, run_after=None
[2025-03-10T20:49:44.340+0000] {processor.py:208} INFO - Processing /home/airflow/.local/lib/python3.12/site-packages/airflow/example_dags/example_python_decorator.py took 0.103 seconds
[2025-03-10T20:50:14.838+0000] {processor.py:186} INFO - Started process (PID=2571) to work on /home/airflow/.local/lib/python3.12/site-packages/airflow/example_dags/example_python_decorator.py
[2025-03-10T20:50:14.839+0000] {processor.py:914} INFO - Processing file /home/airflow/.local/lib/python3.12/site-packages/airflow/example_dags/example_python_decorator.py for tasks to queue
[2025-03-10T20:50:14.842+0000] {logging_mixin.py:190} INFO - [2025-03-10T20:50:14.841+0000] {dagbag.py:588} INFO - Filling up the DagBag from /home/airflow/.local/lib/python3.12/site-packages/airflow/example_dags/example_python_decorator.py
[2025-03-10T20:50:14.858+0000] {processor.py:925} INFO - DAG(s) 'example_python_decorator' retrieved from /home/airflow/.local/lib/python3.12/site-packages/airflow/example_dags/example_python_decorator.py
[2025-03-10T20:50:14.885+0000] {logging_mixin.py:190} INFO - [2025-03-10T20:50:14.884+0000] {dag.py:3239} INFO - Sync 1 DAGs
[2025-03-10T20:50:14.903+0000] {logging_mixin.py:190} INFO - [2025-03-10T20:50:14.903+0000] {dag.py:4180} INFO - Setting next_dagrun for example_python_decorator to None, run_after=None
[2025-03-10T20:50:14.926+0000] {processor.py:208} INFO - Processing /home/airflow/.local/lib/python3.12/site-packages/airflow/example_dags/example_python_decorator.py took 0.095 seconds
[2025-03-10T20:50:45.903+0000] {processor.py:186} INFO - Started process (PID=2634) to work on /home/airflow/.local/lib/python3.12/site-packages/airflow/example_dags/example_python_decorator.py
[2025-03-10T20:50:45.904+0000] {processor.py:914} INFO - Processing file /home/airflow/.local/lib/python3.12/site-packages/airflow/example_dags/example_python_decorator.py for tasks to queue
[2025-03-10T20:50:45.910+0000] {logging_mixin.py:190} INFO - [2025-03-10T20:50:45.909+0000] {dagbag.py:588} INFO - Filling up the DagBag from /home/airflow/.local/lib/python3.12/site-packages/airflow/example_dags/example_python_decorator.py
[2025-03-10T20:50:45.946+0000] {processor.py:925} INFO - DAG(s) 'example_python_decorator' retrieved from /home/airflow/.local/lib/python3.12/site-packages/airflow/example_dags/example_python_decorator.py
[2025-03-10T20:50:46.014+0000] {logging_mixin.py:190} INFO - [2025-03-10T20:50:46.013+0000] {dag.py:3239} INFO - Sync 1 DAGs
[2025-03-10T20:50:46.048+0000] {logging_mixin.py:190} INFO - [2025-03-10T20:50:46.047+0000] {dag.py:4180} INFO - Setting next_dagrun for example_python_decorator to None, run_after=None
[2025-03-10T20:50:46.101+0000] {processor.py:208} INFO - Processing /home/airflow/.local/lib/python3.12/site-packages/airflow/example_dags/example_python_decorator.py took 0.212 seconds
[2025-03-10T23:08:57.495+0000] {processor.py:186} INFO - Started process (PID=104) to work on /home/airflow/.local/lib/python3.12/site-packages/airflow/example_dags/example_python_decorator.py
[2025-03-10T23:08:57.496+0000] {processor.py:914} INFO - Processing file /home/airflow/.local/lib/python3.12/site-packages/airflow/example_dags/example_python_decorator.py for tasks to queue
[2025-03-10T23:08:57.499+0000] {logging_mixin.py:190} INFO - [2025-03-10T23:08:57.498+0000] {dagbag.py:588} INFO - Filling up the DagBag from /home/airflow/.local/lib/python3.12/site-packages/airflow/example_dags/example_python_decorator.py
[2025-03-10T23:08:57.534+0000] {processor.py:925} INFO - DAG(s) 'example_python_decorator' retrieved from /home/airflow/.local/lib/python3.12/site-packages/airflow/example_dags/example_python_decorator.py
[2025-03-10T23:08:57.618+0000] {logging_mixin.py:190} INFO - [2025-03-10T23:08:57.618+0000] {dag.py:3239} INFO - Sync 1 DAGs
[2025-03-10T23:08:57.634+0000] {logging_mixin.py:190} INFO - [2025-03-10T23:08:57.633+0000] {dag.py:4180} INFO - Setting next_dagrun for example_python_decorator to None, run_after=None
[2025-03-10T23:08:57.657+0000] {processor.py:208} INFO - Processing /home/airflow/.local/lib/python3.12/site-packages/airflow/example_dags/example_python_decorator.py took 0.171 seconds
[2025-03-10T23:10:33.145+0000] {processor.py:186} INFO - Started process (PID=161) to work on /home/airflow/.local/lib/python3.12/site-packages/airflow/example_dags/example_python_decorator.py
[2025-03-10T23:10:33.146+0000] {processor.py:914} INFO - Processing file /home/airflow/.local/lib/python3.12/site-packages/airflow/example_dags/example_python_decorator.py for tasks to queue
[2025-03-10T23:10:33.147+0000] {logging_mixin.py:190} INFO - [2025-03-10T23:10:33.147+0000] {dagbag.py:588} INFO - Filling up the DagBag from /home/airflow/.local/lib/python3.12/site-packages/airflow/example_dags/example_python_decorator.py
[2025-03-10T23:10:33.166+0000] {processor.py:925} INFO - DAG(s) 'example_python_decorator' retrieved from /home/airflow/.local/lib/python3.12/site-packages/airflow/example_dags/example_python_decorator.py
[2025-03-10T23:10:33.193+0000] {logging_mixin.py:190} INFO - [2025-03-10T23:10:33.193+0000] {dag.py:3239} INFO - Sync 1 DAGs
[2025-03-10T23:10:33.215+0000] {logging_mixin.py:190} INFO - [2025-03-10T23:10:33.215+0000] {dag.py:4180} INFO - Setting next_dagrun for example_python_decorator to None, run_after=None
[2025-03-10T23:10:33.240+0000] {processor.py:208} INFO - Processing /home/airflow/.local/lib/python3.12/site-packages/airflow/example_dags/example_python_decorator.py took 0.103 seconds
[2025-03-10T23:13:21.834+0000] {processor.py:186} INFO - Started process (PID=219) to work on /home/airflow/.local/lib/python3.12/site-packages/airflow/example_dags/example_python_decorator.py
[2025-03-10T23:13:21.839+0000] {processor.py:914} INFO - Processing file /home/airflow/.local/lib/python3.12/site-packages/airflow/example_dags/example_python_decorator.py for tasks to queue
[2025-03-10T23:13:21.846+0000] {logging_mixin.py:190} INFO - [2025-03-10T23:13:21.844+0000] {dagbag.py:588} INFO - Filling up the DagBag from /home/airflow/.local/lib/python3.12/site-packages/airflow/example_dags/example_python_decorator.py
[2025-03-10T23:13:21.940+0000] {processor.py:925} INFO - DAG(s) 'example_python_decorator' retrieved from /home/airflow/.local/lib/python3.12/site-packages/airflow/example_dags/example_python_decorator.py
[2025-03-10T23:13:22.094+0000] {logging_mixin.py:190} INFO - [2025-03-10T23:13:22.093+0000] {dag.py:3239} INFO - Sync 1 DAGs
[2025-03-10T23:13:22.192+0000] {logging_mixin.py:190} INFO - [2025-03-10T23:13:22.191+0000] {dag.py:4180} INFO - Setting next_dagrun for example_python_decorator to None, run_after=None
[2025-03-10T23:13:22.312+0000] {processor.py:208} INFO - Processing /home/airflow/.local/lib/python3.12/site-packages/airflow/example_dags/example_python_decorator.py took 0.516 seconds
[2025-03-10T23:14:57.681+0000] {processor.py:186} INFO - Started process (PID=292) to work on /home/airflow/.local/lib/python3.12/site-packages/airflow/example_dags/example_python_decorator.py
[2025-03-10T23:14:57.690+0000] {processor.py:914} INFO - Processing file /home/airflow/.local/lib/python3.12/site-packages/airflow/example_dags/example_python_decorator.py for tasks to queue
[2025-03-10T23:14:57.696+0000] {logging_mixin.py:190} INFO - [2025-03-10T23:14:57.695+0000] {dagbag.py:588} INFO - Filling up the DagBag from /home/airflow/.local/lib/python3.12/site-packages/airflow/example_dags/example_python_decorator.py
[2025-03-10T23:14:57.810+0000] {processor.py:925} INFO - DAG(s) 'example_python_decorator' retrieved from /home/airflow/.local/lib/python3.12/site-packages/airflow/example_dags/example_python_decorator.py
[2025-03-10T23:14:57.960+0000] {logging_mixin.py:190} INFO - [2025-03-10T23:14:57.959+0000] {dag.py:3239} INFO - Sync 1 DAGs
[2025-03-10T23:14:58.070+0000] {logging_mixin.py:190} INFO - [2025-03-10T23:14:58.069+0000] {dag.py:4180} INFO - Setting next_dagrun for example_python_decorator to None, run_after=None
[2025-03-10T23:14:58.184+0000] {processor.py:208} INFO - Processing /home/airflow/.local/lib/python3.12/site-packages/airflow/example_dags/example_python_decorator.py took 0.543 seconds
[2025-03-10T23:15:28.737+0000] {processor.py:186} INFO - Started process (PID=355) to work on /home/airflow/.local/lib/python3.12/site-packages/airflow/example_dags/example_python_decorator.py
[2025-03-10T23:15:28.741+0000] {processor.py:914} INFO - Processing file /home/airflow/.local/lib/python3.12/site-packages/airflow/example_dags/example_python_decorator.py for tasks to queue
[2025-03-10T23:15:28.747+0000] {logging_mixin.py:190} INFO - [2025-03-10T23:15:28.746+0000] {dagbag.py:588} INFO - Filling up the DagBag from /home/airflow/.local/lib/python3.12/site-packages/airflow/example_dags/example_python_decorator.py
[2025-03-10T23:15:28.838+0000] {processor.py:925} INFO - DAG(s) 'example_python_decorator' retrieved from /home/airflow/.local/lib/python3.12/site-packages/airflow/example_dags/example_python_decorator.py
[2025-03-10T23:15:28.962+0000] {logging_mixin.py:190} INFO - [2025-03-10T23:15:28.961+0000] {dag.py:3239} INFO - Sync 1 DAGs
[2025-03-10T23:15:29.058+0000] {logging_mixin.py:190} INFO - [2025-03-10T23:15:29.057+0000] {dag.py:4180} INFO - Setting next_dagrun for example_python_decorator to None, run_after=None
[2025-03-10T23:15:29.159+0000] {processor.py:208} INFO - Processing /home/airflow/.local/lib/python3.12/site-packages/airflow/example_dags/example_python_decorator.py took 0.451 seconds
[2025-03-10T23:15:59.548+0000] {processor.py:186} INFO - Started process (PID=417) to work on /home/airflow/.local/lib/python3.12/site-packages/airflow/example_dags/example_python_decorator.py
[2025-03-10T23:15:59.549+0000] {processor.py:914} INFO - Processing file /home/airflow/.local/lib/python3.12/site-packages/airflow/example_dags/example_python_decorator.py for tasks to queue
[2025-03-10T23:15:59.550+0000] {logging_mixin.py:190} INFO - [2025-03-10T23:15:59.550+0000] {dagbag.py:588} INFO - Filling up the DagBag from /home/airflow/.local/lib/python3.12/site-packages/airflow/example_dags/example_python_decorator.py
[2025-03-10T23:15:59.568+0000] {processor.py:925} INFO - DAG(s) 'example_python_decorator' retrieved from /home/airflow/.local/lib/python3.12/site-packages/airflow/example_dags/example_python_decorator.py
[2025-03-10T23:15:59.595+0000] {logging_mixin.py:190} INFO - [2025-03-10T23:15:59.594+0000] {dag.py:3239} INFO - Sync 1 DAGs
[2025-03-10T23:15:59.613+0000] {logging_mixin.py:190} INFO - [2025-03-10T23:15:59.613+0000] {dag.py:4180} INFO - Setting next_dagrun for example_python_decorator to None, run_after=None
[2025-03-10T23:15:59.637+0000] {processor.py:208} INFO - Processing /home/airflow/.local/lib/python3.12/site-packages/airflow/example_dags/example_python_decorator.py took 0.097 seconds
[2025-03-10T23:16:30.378+0000] {processor.py:186} INFO - Started process (PID=480) to work on /home/airflow/.local/lib/python3.12/site-packages/airflow/example_dags/example_python_decorator.py
[2025-03-10T23:16:30.379+0000] {processor.py:914} INFO - Processing file /home/airflow/.local/lib/python3.12/site-packages/airflow/example_dags/example_python_decorator.py for tasks to queue
[2025-03-10T23:16:30.381+0000] {logging_mixin.py:190} INFO - [2025-03-10T23:16:30.380+0000] {dagbag.py:588} INFO - Filling up the DagBag from /home/airflow/.local/lib/python3.12/site-packages/airflow/example_dags/example_python_decorator.py
[2025-03-10T23:16:30.402+0000] {processor.py:925} INFO - DAG(s) 'example_python_decorator' retrieved from /home/airflow/.local/lib/python3.12/site-packages/airflow/example_dags/example_python_decorator.py
[2025-03-10T23:16:30.433+0000] {logging_mixin.py:190} INFO - [2025-03-10T23:16:30.433+0000] {dag.py:3239} INFO - Sync 1 DAGs
[2025-03-10T23:16:30.454+0000] {logging_mixin.py:190} INFO - [2025-03-10T23:16:30.454+0000] {dag.py:4180} INFO - Setting next_dagrun for example_python_decorator to None, run_after=None
[2025-03-10T23:16:30.481+0000] {processor.py:208} INFO - Processing /home/airflow/.local/lib/python3.12/site-packages/airflow/example_dags/example_python_decorator.py took 0.114 seconds
[2025-03-10T23:17:01.050+0000] {processor.py:186} INFO - Started process (PID=543) to work on /home/airflow/.local/lib/python3.12/site-packages/airflow/example_dags/example_python_decorator.py
[2025-03-10T23:17:01.051+0000] {processor.py:914} INFO - Processing file /home/airflow/.local/lib/python3.12/site-packages/airflow/example_dags/example_python_decorator.py for tasks to queue
[2025-03-10T23:17:01.052+0000] {logging_mixin.py:190} INFO - [2025-03-10T23:17:01.052+0000] {dagbag.py:588} INFO - Filling up the DagBag from /home/airflow/.local/lib/python3.12/site-packages/airflow/example_dags/example_python_decorator.py
[2025-03-10T23:17:01.072+0000] {processor.py:925} INFO - DAG(s) 'example_python_decorator' retrieved from /home/airflow/.local/lib/python3.12/site-packages/airflow/example_dags/example_python_decorator.py
[2025-03-10T23:17:01.103+0000] {logging_mixin.py:190} INFO - [2025-03-10T23:17:01.103+0000] {dag.py:3239} INFO - Sync 1 DAGs
[2025-03-10T23:17:01.124+0000] {logging_mixin.py:190} INFO - [2025-03-10T23:17:01.124+0000] {dag.py:4180} INFO - Setting next_dagrun for example_python_decorator to None, run_after=None
[2025-03-10T23:17:01.150+0000] {processor.py:208} INFO - Processing /home/airflow/.local/lib/python3.12/site-packages/airflow/example_dags/example_python_decorator.py took 0.110 seconds
[2025-03-10T23:17:31.353+0000] {processor.py:186} INFO - Started process (PID=606) to work on /home/airflow/.local/lib/python3.12/site-packages/airflow/example_dags/example_python_decorator.py
[2025-03-10T23:17:31.354+0000] {processor.py:914} INFO - Processing file /home/airflow/.local/lib/python3.12/site-packages/airflow/example_dags/example_python_decorator.py for tasks to queue
[2025-03-10T23:17:31.356+0000] {logging_mixin.py:190} INFO - [2025-03-10T23:17:31.355+0000] {dagbag.py:588} INFO - Filling up the DagBag from /home/airflow/.local/lib/python3.12/site-packages/airflow/example_dags/example_python_decorator.py
[2025-03-10T23:17:31.373+0000] {processor.py:925} INFO - DAG(s) 'example_python_decorator' retrieved from /home/airflow/.local/lib/python3.12/site-packages/airflow/example_dags/example_python_decorator.py
[2025-03-10T23:17:31.400+0000] {logging_mixin.py:190} INFO - [2025-03-10T23:17:31.400+0000] {dag.py:3239} INFO - Sync 1 DAGs
[2025-03-10T23:17:31.418+0000] {logging_mixin.py:190} INFO - [2025-03-10T23:17:31.418+0000] {dag.py:4180} INFO - Setting next_dagrun for example_python_decorator to None, run_after=None
[2025-03-10T23:17:31.440+0000] {processor.py:208} INFO - Processing /home/airflow/.local/lib/python3.12/site-packages/airflow/example_dags/example_python_decorator.py took 0.095 seconds
[2025-03-10T23:18:02.092+0000] {processor.py:186} INFO - Started process (PID=669) to work on /home/airflow/.local/lib/python3.12/site-packages/airflow/example_dags/example_python_decorator.py
[2025-03-10T23:18:02.093+0000] {processor.py:914} INFO - Processing file /home/airflow/.local/lib/python3.12/site-packages/airflow/example_dags/example_python_decorator.py for tasks to queue
[2025-03-10T23:18:02.095+0000] {logging_mixin.py:190} INFO - [2025-03-10T23:18:02.094+0000] {dagbag.py:588} INFO - Filling up the DagBag from /home/airflow/.local/lib/python3.12/site-packages/airflow/example_dags/example_python_decorator.py
[2025-03-10T23:18:02.121+0000] {processor.py:925} INFO - DAG(s) 'example_python_decorator' retrieved from /home/airflow/.local/lib/python3.12/site-packages/airflow/example_dags/example_python_decorator.py
[2025-03-10T23:18:02.154+0000] {logging_mixin.py:190} INFO - [2025-03-10T23:18:02.154+0000] {dag.py:3239} INFO - Sync 1 DAGs
[2025-03-10T23:18:02.175+0000] {logging_mixin.py:190} INFO - [2025-03-10T23:18:02.175+0000] {dag.py:4180} INFO - Setting next_dagrun for example_python_decorator to None, run_after=None
[2025-03-10T23:18:02.198+0000] {processor.py:208} INFO - Processing /home/airflow/.local/lib/python3.12/site-packages/airflow/example_dags/example_python_decorator.py took 0.117 seconds
[2025-03-10T23:18:32.692+0000] {processor.py:186} INFO - Started process (PID=732) to work on /home/airflow/.local/lib/python3.12/site-packages/airflow/example_dags/example_python_decorator.py
[2025-03-10T23:18:32.693+0000] {processor.py:914} INFO - Processing file /home/airflow/.local/lib/python3.12/site-packages/airflow/example_dags/example_python_decorator.py for tasks to queue
[2025-03-10T23:18:32.695+0000] {logging_mixin.py:190} INFO - [2025-03-10T23:18:32.694+0000] {dagbag.py:588} INFO - Filling up the DagBag from /home/airflow/.local/lib/python3.12/site-packages/airflow/example_dags/example_python_decorator.py
[2025-03-10T23:18:32.714+0000] {processor.py:925} INFO - DAG(s) 'example_python_decorator' retrieved from /home/airflow/.local/lib/python3.12/site-packages/airflow/example_dags/example_python_decorator.py
[2025-03-10T23:18:32.742+0000] {logging_mixin.py:190} INFO - [2025-03-10T23:18:32.741+0000] {dag.py:3239} INFO - Sync 1 DAGs
[2025-03-10T23:18:32.764+0000] {logging_mixin.py:190} INFO - [2025-03-10T23:18:32.764+0000] {dag.py:4180} INFO - Setting next_dagrun for example_python_decorator to None, run_after=None
[2025-03-10T23:18:32.788+0000] {processor.py:208} INFO - Processing /home/airflow/.local/lib/python3.12/site-packages/airflow/example_dags/example_python_decorator.py took 0.104 seconds
[2025-03-10T23:19:03.239+0000] {processor.py:186} INFO - Started process (PID=795) to work on /home/airflow/.local/lib/python3.12/site-packages/airflow/example_dags/example_python_decorator.py
[2025-03-10T23:19:03.240+0000] {processor.py:914} INFO - Processing file /home/airflow/.local/lib/python3.12/site-packages/airflow/example_dags/example_python_decorator.py for tasks to queue
[2025-03-10T23:19:03.242+0000] {logging_mixin.py:190} INFO - [2025-03-10T23:19:03.241+0000] {dagbag.py:588} INFO - Filling up the DagBag from /home/airflow/.local/lib/python3.12/site-packages/airflow/example_dags/example_python_decorator.py
[2025-03-10T23:19:03.260+0000] {processor.py:925} INFO - DAG(s) 'example_python_decorator' retrieved from /home/airflow/.local/lib/python3.12/site-packages/airflow/example_dags/example_python_decorator.py
[2025-03-10T23:19:03.287+0000] {logging_mixin.py:190} INFO - [2025-03-10T23:19:03.286+0000] {dag.py:3239} INFO - Sync 1 DAGs
[2025-03-10T23:19:03.306+0000] {logging_mixin.py:190} INFO - [2025-03-10T23:19:03.305+0000] {dag.py:4180} INFO - Setting next_dagrun for example_python_decorator to None, run_after=None
[2025-03-10T23:19:03.327+0000] {processor.py:208} INFO - Processing /home/airflow/.local/lib/python3.12/site-packages/airflow/example_dags/example_python_decorator.py took 0.096 seconds
[2025-03-10T23:27:10.408+0000] {processor.py:186} INFO - Started process (PID=91) to work on /home/airflow/.local/lib/python3.12/site-packages/airflow/example_dags/example_python_decorator.py
[2025-03-10T23:27:10.409+0000] {processor.py:914} INFO - Processing file /home/airflow/.local/lib/python3.12/site-packages/airflow/example_dags/example_python_decorator.py for tasks to queue
[2025-03-10T23:27:10.412+0000] {logging_mixin.py:190} INFO - [2025-03-10T23:27:10.412+0000] {dagbag.py:588} INFO - Filling up the DagBag from /home/airflow/.local/lib/python3.12/site-packages/airflow/example_dags/example_python_decorator.py
[2025-03-10T23:27:10.431+0000] {processor.py:925} INFO - DAG(s) 'example_python_decorator' retrieved from /home/airflow/.local/lib/python3.12/site-packages/airflow/example_dags/example_python_decorator.py
[2025-03-10T23:27:10.541+0000] {logging_mixin.py:190} INFO - [2025-03-10T23:27:10.541+0000] {dag.py:3239} INFO - Sync 1 DAGs
[2025-03-10T23:27:10.560+0000] {logging_mixin.py:190} INFO - [2025-03-10T23:27:10.560+0000] {dag.py:4180} INFO - Setting next_dagrun for example_python_decorator to None, run_after=None
[2025-03-10T23:27:10.587+0000] {processor.py:208} INFO - Processing /home/airflow/.local/lib/python3.12/site-packages/airflow/example_dags/example_python_decorator.py took 0.186 seconds
[2025-03-10T23:27:41.628+0000] {processor.py:186} INFO - Started process (PID=154) to work on /home/airflow/.local/lib/python3.12/site-packages/airflow/example_dags/example_python_decorator.py
[2025-03-10T23:27:41.629+0000] {processor.py:914} INFO - Processing file /home/airflow/.local/lib/python3.12/site-packages/airflow/example_dags/example_python_decorator.py for tasks to queue
[2025-03-10T23:27:41.632+0000] {logging_mixin.py:190} INFO - [2025-03-10T23:27:41.632+0000] {dagbag.py:588} INFO - Filling up the DagBag from /home/airflow/.local/lib/python3.12/site-packages/airflow/example_dags/example_python_decorator.py
[2025-03-10T23:27:41.651+0000] {processor.py:925} INFO - DAG(s) 'example_python_decorator' retrieved from /home/airflow/.local/lib/python3.12/site-packages/airflow/example_dags/example_python_decorator.py
[2025-03-10T23:27:41.677+0000] {logging_mixin.py:190} INFO - [2025-03-10T23:27:41.677+0000] {dag.py:3239} INFO - Sync 1 DAGs
[2025-03-10T23:27:41.694+0000] {logging_mixin.py:190} INFO - [2025-03-10T23:27:41.694+0000] {dag.py:4180} INFO - Setting next_dagrun for example_python_decorator to None, run_after=None
[2025-03-10T23:27:41.718+0000] {processor.py:208} INFO - Processing /home/airflow/.local/lib/python3.12/site-packages/airflow/example_dags/example_python_decorator.py took 0.096 seconds
[2025-03-10T23:28:12.163+0000] {processor.py:186} INFO - Started process (PID=217) to work on /home/airflow/.local/lib/python3.12/site-packages/airflow/example_dags/example_python_decorator.py
[2025-03-10T23:28:12.164+0000] {processor.py:914} INFO - Processing file /home/airflow/.local/lib/python3.12/site-packages/airflow/example_dags/example_python_decorator.py for tasks to queue
[2025-03-10T23:28:12.167+0000] {logging_mixin.py:190} INFO - [2025-03-10T23:28:12.166+0000] {dagbag.py:588} INFO - Filling up the DagBag from /home/airflow/.local/lib/python3.12/site-packages/airflow/example_dags/example_python_decorator.py
[2025-03-10T23:28:12.183+0000] {processor.py:925} INFO - DAG(s) 'example_python_decorator' retrieved from /home/airflow/.local/lib/python3.12/site-packages/airflow/example_dags/example_python_decorator.py
[2025-03-10T23:28:12.209+0000] {logging_mixin.py:190} INFO - [2025-03-10T23:28:12.209+0000] {dag.py:3239} INFO - Sync 1 DAGs
[2025-03-10T23:28:12.226+0000] {logging_mixin.py:190} INFO - [2025-03-10T23:28:12.226+0000] {dag.py:4180} INFO - Setting next_dagrun for example_python_decorator to None, run_after=None
[2025-03-10T23:28:12.245+0000] {processor.py:208} INFO - Processing /home/airflow/.local/lib/python3.12/site-packages/airflow/example_dags/example_python_decorator.py took 0.089 seconds
[2025-03-10T23:28:43.063+0000] {processor.py:186} INFO - Started process (PID=280) to work on /home/airflow/.local/lib/python3.12/site-packages/airflow/example_dags/example_python_decorator.py
[2025-03-10T23:28:43.064+0000] {processor.py:914} INFO - Processing file /home/airflow/.local/lib/python3.12/site-packages/airflow/example_dags/example_python_decorator.py for tasks to queue
[2025-03-10T23:28:43.067+0000] {logging_mixin.py:190} INFO - [2025-03-10T23:28:43.066+0000] {dagbag.py:588} INFO - Filling up the DagBag from /home/airflow/.local/lib/python3.12/site-packages/airflow/example_dags/example_python_decorator.py
[2025-03-10T23:28:43.086+0000] {processor.py:925} INFO - DAG(s) 'example_python_decorator' retrieved from /home/airflow/.local/lib/python3.12/site-packages/airflow/example_dags/example_python_decorator.py
[2025-03-10T23:28:43.116+0000] {logging_mixin.py:190} INFO - [2025-03-10T23:28:43.116+0000] {dag.py:3239} INFO - Sync 1 DAGs
[2025-03-10T23:28:43.135+0000] {logging_mixin.py:190} INFO - [2025-03-10T23:28:43.135+0000] {dag.py:4180} INFO - Setting next_dagrun for example_python_decorator to None, run_after=None
[2025-03-10T23:28:43.158+0000] {processor.py:208} INFO - Processing /home/airflow/.local/lib/python3.12/site-packages/airflow/example_dags/example_python_decorator.py took 0.103 seconds
[2025-03-10T23:29:14.250+0000] {processor.py:186} INFO - Started process (PID=343) to work on /home/airflow/.local/lib/python3.12/site-packages/airflow/example_dags/example_python_decorator.py
[2025-03-10T23:29:14.251+0000] {processor.py:914} INFO - Processing file /home/airflow/.local/lib/python3.12/site-packages/airflow/example_dags/example_python_decorator.py for tasks to queue
[2025-03-10T23:29:14.254+0000] {logging_mixin.py:190} INFO - [2025-03-10T23:29:14.253+0000] {dagbag.py:588} INFO - Filling up the DagBag from /home/airflow/.local/lib/python3.12/site-packages/airflow/example_dags/example_python_decorator.py
[2025-03-10T23:29:14.270+0000] {processor.py:925} INFO - DAG(s) 'example_python_decorator' retrieved from /home/airflow/.local/lib/python3.12/site-packages/airflow/example_dags/example_python_decorator.py
[2025-03-10T23:29:14.297+0000] {logging_mixin.py:190} INFO - [2025-03-10T23:29:14.297+0000] {dag.py:3239} INFO - Sync 1 DAGs
[2025-03-10T23:29:14.315+0000] {logging_mixin.py:190} INFO - [2025-03-10T23:29:14.314+0000] {dag.py:4180} INFO - Setting next_dagrun for example_python_decorator to None, run_after=None
[2025-03-10T23:29:14.333+0000] {processor.py:208} INFO - Processing /home/airflow/.local/lib/python3.12/site-packages/airflow/example_dags/example_python_decorator.py took 0.091 seconds
[2025-03-10T23:35:19.944+0000] {processor.py:186} INFO - Started process (PID=111) to work on /home/airflow/.local/lib/python3.12/site-packages/airflow/example_dags/example_python_decorator.py
[2025-03-10T23:35:19.949+0000] {processor.py:914} INFO - Processing file /home/airflow/.local/lib/python3.12/site-packages/airflow/example_dags/example_python_decorator.py for tasks to queue
[2025-03-10T23:35:19.962+0000] {logging_mixin.py:190} INFO - [2025-03-10T23:35:19.960+0000] {dagbag.py:588} INFO - Filling up the DagBag from /home/airflow/.local/lib/python3.12/site-packages/airflow/example_dags/example_python_decorator.py
[2025-03-10T23:35:20.109+0000] {processor.py:925} INFO - DAG(s) 'example_python_decorator' retrieved from /home/airflow/.local/lib/python3.12/site-packages/airflow/example_dags/example_python_decorator.py
[2025-03-10T23:35:20.578+0000] {logging_mixin.py:190} INFO - [2025-03-10T23:35:20.576+0000] {dag.py:3239} INFO - Sync 1 DAGs
[2025-03-10T23:35:20.674+0000] {logging_mixin.py:190} INFO - [2025-03-10T23:35:20.672+0000] {dag.py:4180} INFO - Setting next_dagrun for example_python_decorator to None, run_after=None
[2025-03-10T23:35:20.796+0000] {processor.py:208} INFO - Processing /home/airflow/.local/lib/python3.12/site-packages/airflow/example_dags/example_python_decorator.py took 0.888 seconds
[2025-03-10T23:35:51.792+0000] {processor.py:186} INFO - Started process (PID=174) to work on /home/airflow/.local/lib/python3.12/site-packages/airflow/example_dags/example_python_decorator.py
[2025-03-10T23:35:51.793+0000] {processor.py:914} INFO - Processing file /home/airflow/.local/lib/python3.12/site-packages/airflow/example_dags/example_python_decorator.py for tasks to queue
[2025-03-10T23:35:51.796+0000] {logging_mixin.py:190} INFO - [2025-03-10T23:35:51.795+0000] {dagbag.py:588} INFO - Filling up the DagBag from /home/airflow/.local/lib/python3.12/site-packages/airflow/example_dags/example_python_decorator.py
[2025-03-10T23:35:51.812+0000] {processor.py:925} INFO - DAG(s) 'example_python_decorator' retrieved from /home/airflow/.local/lib/python3.12/site-packages/airflow/example_dags/example_python_decorator.py
[2025-03-10T23:35:51.840+0000] {logging_mixin.py:190} INFO - [2025-03-10T23:35:51.839+0000] {dag.py:3239} INFO - Sync 1 DAGs
[2025-03-10T23:35:51.857+0000] {logging_mixin.py:190} INFO - [2025-03-10T23:35:51.857+0000] {dag.py:4180} INFO - Setting next_dagrun for example_python_decorator to None, run_after=None
[2025-03-10T23:35:51.878+0000] {processor.py:208} INFO - Processing /home/airflow/.local/lib/python3.12/site-packages/airflow/example_dags/example_python_decorator.py took 0.093 seconds
[2025-03-10T23:36:22.054+0000] {processor.py:186} INFO - Started process (PID=237) to work on /home/airflow/.local/lib/python3.12/site-packages/airflow/example_dags/example_python_decorator.py
[2025-03-10T23:36:22.055+0000] {processor.py:914} INFO - Processing file /home/airflow/.local/lib/python3.12/site-packages/airflow/example_dags/example_python_decorator.py for tasks to queue
[2025-03-10T23:36:22.059+0000] {logging_mixin.py:190} INFO - [2025-03-10T23:36:22.058+0000] {dagbag.py:588} INFO - Filling up the DagBag from /home/airflow/.local/lib/python3.12/site-packages/airflow/example_dags/example_python_decorator.py
[2025-03-10T23:36:22.078+0000] {processor.py:925} INFO - DAG(s) 'example_python_decorator' retrieved from /home/airflow/.local/lib/python3.12/site-packages/airflow/example_dags/example_python_decorator.py
[2025-03-10T23:36:22.106+0000] {logging_mixin.py:190} INFO - [2025-03-10T23:36:22.106+0000] {dag.py:3239} INFO - Sync 1 DAGs
[2025-03-10T23:36:22.124+0000] {logging_mixin.py:190} INFO - [2025-03-10T23:36:22.124+0000] {dag.py:4180} INFO - Setting next_dagrun for example_python_decorator to None, run_after=None
[2025-03-10T23:36:22.145+0000] {processor.py:208} INFO - Processing /home/airflow/.local/lib/python3.12/site-packages/airflow/example_dags/example_python_decorator.py took 0.100 seconds
[2025-03-10T23:36:52.289+0000] {processor.py:186} INFO - Started process (PID=300) to work on /home/airflow/.local/lib/python3.12/site-packages/airflow/example_dags/example_python_decorator.py
[2025-03-10T23:36:52.290+0000] {processor.py:914} INFO - Processing file /home/airflow/.local/lib/python3.12/site-packages/airflow/example_dags/example_python_decorator.py for tasks to queue
[2025-03-10T23:36:52.293+0000] {logging_mixin.py:190} INFO - [2025-03-10T23:36:52.293+0000] {dagbag.py:588} INFO - Filling up the DagBag from /home/airflow/.local/lib/python3.12/site-packages/airflow/example_dags/example_python_decorator.py
[2025-03-10T23:36:52.311+0000] {processor.py:925} INFO - DAG(s) 'example_python_decorator' retrieved from /home/airflow/.local/lib/python3.12/site-packages/airflow/example_dags/example_python_decorator.py
[2025-03-10T23:36:52.340+0000] {logging_mixin.py:190} INFO - [2025-03-10T23:36:52.340+0000] {dag.py:3239} INFO - Sync 1 DAGs
[2025-03-10T23:36:52.358+0000] {logging_mixin.py:190} INFO - [2025-03-10T23:36:52.358+0000] {dag.py:4180} INFO - Setting next_dagrun for example_python_decorator to None, run_after=None
[2025-03-10T23:36:52.378+0000] {processor.py:208} INFO - Processing /home/airflow/.local/lib/python3.12/site-packages/airflow/example_dags/example_python_decorator.py took 0.098 seconds
[2025-03-10T23:37:22.912+0000] {processor.py:186} INFO - Started process (PID=363) to work on /home/airflow/.local/lib/python3.12/site-packages/airflow/example_dags/example_python_decorator.py
[2025-03-10T23:37:22.914+0000] {processor.py:914} INFO - Processing file /home/airflow/.local/lib/python3.12/site-packages/airflow/example_dags/example_python_decorator.py for tasks to queue
[2025-03-10T23:37:22.917+0000] {logging_mixin.py:190} INFO - [2025-03-10T23:37:22.917+0000] {dagbag.py:588} INFO - Filling up the DagBag from /home/airflow/.local/lib/python3.12/site-packages/airflow/example_dags/example_python_decorator.py
[2025-03-10T23:37:22.934+0000] {processor.py:925} INFO - DAG(s) 'example_python_decorator' retrieved from /home/airflow/.local/lib/python3.12/site-packages/airflow/example_dags/example_python_decorator.py
[2025-03-10T23:37:22.961+0000] {logging_mixin.py:190} INFO - [2025-03-10T23:37:22.961+0000] {dag.py:3239} INFO - Sync 1 DAGs
[2025-03-10T23:37:22.980+0000] {logging_mixin.py:190} INFO - [2025-03-10T23:37:22.980+0000] {dag.py:4180} INFO - Setting next_dagrun for example_python_decorator to None, run_after=None
[2025-03-10T23:37:23.009+0000] {processor.py:208} INFO - Processing /home/airflow/.local/lib/python3.12/site-packages/airflow/example_dags/example_python_decorator.py took 0.105 seconds
