[2025-03-10T20:30:09.044+0000] {processor.py:186} INFO - Started process (PID=104) to work on /home/airflow/.local/lib/python3.12/site-packages/airflow/example_dags/example_latest_only_with_trigger.py
[2025-03-10T20:30:09.047+0000] {processor.py:914} INFO - Processing file /home/airflow/.local/lib/python3.12/site-packages/airflow/example_dags/example_latest_only_with_trigger.py for tasks to queue
[2025-03-10T20:30:09.056+0000] {logging_mixin.py:190} INFO - [2025-03-10T20:30:09.055+0000] {dagbag.py:588} INFO - Filling up the DagBag from /home/airflow/.local/lib/python3.12/site-packages/airflow/example_dags/example_latest_only_with_trigger.py
[2025-03-10T20:30:09.083+0000] {processor.py:925} INFO - DAG(s) 'latest_only_with_trigger' retrieved from /home/airflow/.local/lib/python3.12/site-packages/airflow/example_dags/example_latest_only_with_trigger.py
[2025-03-10T20:30:09.348+0000] {logging_mixin.py:190} INFO - [2025-03-10T20:30:09.343+0000] {override.py:1912} INFO - Created Permission View: can read on DAG:latest_only_with_trigger
[2025-03-10T20:30:09.406+0000] {logging_mixin.py:190} INFO - [2025-03-10T20:30:09.405+0000] {override.py:1912} INFO - Created Permission View: can edit on DAG:latest_only_with_trigger
[2025-03-10T20:30:09.430+0000] {logging_mixin.py:190} INFO - [2025-03-10T20:30:09.429+0000] {override.py:1912} INFO - Created Permission View: can delete on DAG:latest_only_with_trigger
[2025-03-10T20:30:09.459+0000] {logging_mixin.py:190} INFO - [2025-03-10T20:30:09.458+0000] {override.py:1912} INFO - Created Permission View: menu access on DAG Run:latest_only_with_trigger
[2025-03-10T20:30:09.486+0000] {logging_mixin.py:190} INFO - [2025-03-10T20:30:09.485+0000] {override.py:1912} INFO - Created Permission View: can read on DAG Run:latest_only_with_trigger
[2025-03-10T20:30:09.513+0000] {logging_mixin.py:190} INFO - [2025-03-10T20:30:09.512+0000] {override.py:1912} INFO - Created Permission View: can create on DAG Run:latest_only_with_trigger
[2025-03-10T20:30:09.539+0000] {logging_mixin.py:190} INFO - [2025-03-10T20:30:09.538+0000] {override.py:1912} INFO - Created Permission View: can delete on DAG Run:latest_only_with_trigger
[2025-03-10T20:30:09.541+0000] {logging_mixin.py:190} INFO - [2025-03-10T20:30:09.541+0000] {dag.py:3239} INFO - Sync 1 DAGs
[2025-03-10T20:30:09.612+0000] {logging_mixin.py:190} INFO - [2025-03-10T20:30:09.611+0000] {dag.py:3262} INFO - Creating ORM DAG for latest_only_with_trigger
[2025-03-10T20:30:09.662+0000] {logging_mixin.py:190} INFO - [2025-03-10T20:30:09.661+0000] {dag.py:4180} INFO - Setting next_dagrun for latest_only_with_trigger to 2025-03-10 16:00:00+00:00, run_after=2025-03-10 20:00:00+00:00
[2025-03-10T20:30:09.723+0000] {processor.py:208} INFO - Processing /home/airflow/.local/lib/python3.12/site-packages/airflow/example_dags/example_latest_only_with_trigger.py took 0.712 seconds
[2025-03-10T20:30:39.899+0000] {processor.py:186} INFO - Started process (PID=167) to work on /home/airflow/.local/lib/python3.12/site-packages/airflow/example_dags/example_latest_only_with_trigger.py
[2025-03-10T20:30:39.899+0000] {processor.py:914} INFO - Processing file /home/airflow/.local/lib/python3.12/site-packages/airflow/example_dags/example_latest_only_with_trigger.py for tasks to queue
[2025-03-10T20:30:39.902+0000] {logging_mixin.py:190} INFO - [2025-03-10T20:30:39.902+0000] {dagbag.py:588} INFO - Filling up the DagBag from /home/airflow/.local/lib/python3.12/site-packages/airflow/example_dags/example_latest_only_with_trigger.py
[2025-03-10T20:30:39.910+0000] {processor.py:925} INFO - DAG(s) 'latest_only_with_trigger' retrieved from /home/airflow/.local/lib/python3.12/site-packages/airflow/example_dags/example_latest_only_with_trigger.py
[2025-03-10T20:30:39.938+0000] {logging_mixin.py:190} INFO - [2025-03-10T20:30:39.938+0000] {dag.py:3239} INFO - Sync 1 DAGs
[2025-03-10T20:30:39.968+0000] {logging_mixin.py:190} INFO - [2025-03-10T20:30:39.967+0000] {dag.py:4180} INFO - Setting next_dagrun for latest_only_with_trigger to 2025-03-10 16:00:00+00:00, run_after=2025-03-10 20:00:00+00:00
[2025-03-10T20:30:39.989+0000] {processor.py:208} INFO - Processing /home/airflow/.local/lib/python3.12/site-packages/airflow/example_dags/example_latest_only_with_trigger.py took 0.097 seconds
[2025-03-10T20:31:10.569+0000] {processor.py:186} INFO - Started process (PID=230) to work on /home/airflow/.local/lib/python3.12/site-packages/airflow/example_dags/example_latest_only_with_trigger.py
[2025-03-10T20:31:10.573+0000] {processor.py:914} INFO - Processing file /home/airflow/.local/lib/python3.12/site-packages/airflow/example_dags/example_latest_only_with_trigger.py for tasks to queue
[2025-03-10T20:31:10.582+0000] {logging_mixin.py:190} INFO - [2025-03-10T20:31:10.581+0000] {dagbag.py:588} INFO - Filling up the DagBag from /home/airflow/.local/lib/python3.12/site-packages/airflow/example_dags/example_latest_only_with_trigger.py
[2025-03-10T20:31:10.604+0000] {processor.py:925} INFO - DAG(s) 'latest_only_with_trigger' retrieved from /home/airflow/.local/lib/python3.12/site-packages/airflow/example_dags/example_latest_only_with_trigger.py
[2025-03-10T20:31:10.718+0000] {logging_mixin.py:190} INFO - [2025-03-10T20:31:10.718+0000] {dag.py:3239} INFO - Sync 1 DAGs
[2025-03-10T20:31:10.843+0000] {logging_mixin.py:190} INFO - [2025-03-10T20:31:10.842+0000] {dag.py:4180} INFO - Setting next_dagrun for latest_only_with_trigger to 2025-03-10 16:00:00+00:00, run_after=2025-03-10 20:00:00+00:00
[2025-03-10T20:31:10.909+0000] {processor.py:208} INFO - Processing /home/airflow/.local/lib/python3.12/site-packages/airflow/example_dags/example_latest_only_with_trigger.py took 0.367 seconds
[2025-03-10T20:31:41.704+0000] {processor.py:186} INFO - Started process (PID=292) to work on /home/airflow/.local/lib/python3.12/site-packages/airflow/example_dags/example_latest_only_with_trigger.py
[2025-03-10T20:31:41.705+0000] {processor.py:914} INFO - Processing file /home/airflow/.local/lib/python3.12/site-packages/airflow/example_dags/example_latest_only_with_trigger.py for tasks to queue
[2025-03-10T20:31:41.708+0000] {logging_mixin.py:190} INFO - [2025-03-10T20:31:41.708+0000] {dagbag.py:588} INFO - Filling up the DagBag from /home/airflow/.local/lib/python3.12/site-packages/airflow/example_dags/example_latest_only_with_trigger.py
[2025-03-10T20:31:41.716+0000] {processor.py:925} INFO - DAG(s) 'latest_only_with_trigger' retrieved from /home/airflow/.local/lib/python3.12/site-packages/airflow/example_dags/example_latest_only_with_trigger.py
[2025-03-10T20:31:41.745+0000] {logging_mixin.py:190} INFO - [2025-03-10T20:31:41.745+0000] {dag.py:3239} INFO - Sync 1 DAGs
[2025-03-10T20:31:41.774+0000] {logging_mixin.py:190} INFO - [2025-03-10T20:31:41.774+0000] {dag.py:4180} INFO - Setting next_dagrun for latest_only_with_trigger to 2025-03-10 16:00:00+00:00, run_after=2025-03-10 20:00:00+00:00
[2025-03-10T20:31:41.796+0000] {processor.py:208} INFO - Processing /home/airflow/.local/lib/python3.12/site-packages/airflow/example_dags/example_latest_only_with_trigger.py took 0.101 seconds
[2025-03-10T20:32:12.105+0000] {processor.py:186} INFO - Started process (PID=355) to work on /home/airflow/.local/lib/python3.12/site-packages/airflow/example_dags/example_latest_only_with_trigger.py
[2025-03-10T20:32:12.106+0000] {processor.py:914} INFO - Processing file /home/airflow/.local/lib/python3.12/site-packages/airflow/example_dags/example_latest_only_with_trigger.py for tasks to queue
[2025-03-10T20:32:12.109+0000] {logging_mixin.py:190} INFO - [2025-03-10T20:32:12.108+0000] {dagbag.py:588} INFO - Filling up the DagBag from /home/airflow/.local/lib/python3.12/site-packages/airflow/example_dags/example_latest_only_with_trigger.py
[2025-03-10T20:32:12.116+0000] {processor.py:925} INFO - DAG(s) 'latest_only_with_trigger' retrieved from /home/airflow/.local/lib/python3.12/site-packages/airflow/example_dags/example_latest_only_with_trigger.py
[2025-03-10T20:32:12.145+0000] {logging_mixin.py:190} INFO - [2025-03-10T20:32:12.145+0000] {dag.py:3239} INFO - Sync 1 DAGs
[2025-03-10T20:32:12.177+0000] {logging_mixin.py:190} INFO - [2025-03-10T20:32:12.177+0000] {dag.py:4180} INFO - Setting next_dagrun for latest_only_with_trigger to 2025-03-10 16:00:00+00:00, run_after=2025-03-10 20:00:00+00:00
[2025-03-10T20:32:12.201+0000] {processor.py:208} INFO - Processing /home/airflow/.local/lib/python3.12/site-packages/airflow/example_dags/example_latest_only_with_trigger.py took 0.105 seconds
[2025-03-10T20:32:42.598+0000] {processor.py:186} INFO - Started process (PID=418) to work on /home/airflow/.local/lib/python3.12/site-packages/airflow/example_dags/example_latest_only_with_trigger.py
[2025-03-10T20:32:42.599+0000] {processor.py:914} INFO - Processing file /home/airflow/.local/lib/python3.12/site-packages/airflow/example_dags/example_latest_only_with_trigger.py for tasks to queue
[2025-03-10T20:32:42.601+0000] {logging_mixin.py:190} INFO - [2025-03-10T20:32:42.601+0000] {dagbag.py:588} INFO - Filling up the DagBag from /home/airflow/.local/lib/python3.12/site-packages/airflow/example_dags/example_latest_only_with_trigger.py
[2025-03-10T20:32:42.608+0000] {processor.py:925} INFO - DAG(s) 'latest_only_with_trigger' retrieved from /home/airflow/.local/lib/python3.12/site-packages/airflow/example_dags/example_latest_only_with_trigger.py
[2025-03-10T20:32:42.636+0000] {logging_mixin.py:190} INFO - [2025-03-10T20:32:42.635+0000] {dag.py:3239} INFO - Sync 1 DAGs
[2025-03-10T20:32:42.664+0000] {logging_mixin.py:190} INFO - [2025-03-10T20:32:42.664+0000] {dag.py:4180} INFO - Setting next_dagrun for latest_only_with_trigger to 2025-03-10 16:00:00+00:00, run_after=2025-03-10 20:00:00+00:00
[2025-03-10T20:32:42.685+0000] {processor.py:208} INFO - Processing /home/airflow/.local/lib/python3.12/site-packages/airflow/example_dags/example_latest_only_with_trigger.py took 0.095 seconds
[2025-03-10T20:33:13.787+0000] {processor.py:186} INFO - Started process (PID=481) to work on /home/airflow/.local/lib/python3.12/site-packages/airflow/example_dags/example_latest_only_with_trigger.py
[2025-03-10T20:33:13.788+0000] {processor.py:914} INFO - Processing file /home/airflow/.local/lib/python3.12/site-packages/airflow/example_dags/example_latest_only_with_trigger.py for tasks to queue
[2025-03-10T20:33:13.791+0000] {logging_mixin.py:190} INFO - [2025-03-10T20:33:13.790+0000] {dagbag.py:588} INFO - Filling up the DagBag from /home/airflow/.local/lib/python3.12/site-packages/airflow/example_dags/example_latest_only_with_trigger.py
[2025-03-10T20:33:13.799+0000] {processor.py:925} INFO - DAG(s) 'latest_only_with_trigger' retrieved from /home/airflow/.local/lib/python3.12/site-packages/airflow/example_dags/example_latest_only_with_trigger.py
[2025-03-10T20:33:13.826+0000] {logging_mixin.py:190} INFO - [2025-03-10T20:33:13.826+0000] {dag.py:3239} INFO - Sync 1 DAGs
[2025-03-10T20:33:13.857+0000] {logging_mixin.py:190} INFO - [2025-03-10T20:33:13.856+0000] {dag.py:4180} INFO - Setting next_dagrun for latest_only_with_trigger to 2025-03-10 16:00:00+00:00, run_after=2025-03-10 20:00:00+00:00
[2025-03-10T20:33:13.880+0000] {processor.py:208} INFO - Processing /home/airflow/.local/lib/python3.12/site-packages/airflow/example_dags/example_latest_only_with_trigger.py took 0.101 seconds
[2025-03-10T20:33:44.446+0000] {processor.py:186} INFO - Started process (PID=544) to work on /home/airflow/.local/lib/python3.12/site-packages/airflow/example_dags/example_latest_only_with_trigger.py
[2025-03-10T20:33:44.447+0000] {processor.py:914} INFO - Processing file /home/airflow/.local/lib/python3.12/site-packages/airflow/example_dags/example_latest_only_with_trigger.py for tasks to queue
[2025-03-10T20:33:44.450+0000] {logging_mixin.py:190} INFO - [2025-03-10T20:33:44.450+0000] {dagbag.py:588} INFO - Filling up the DagBag from /home/airflow/.local/lib/python3.12/site-packages/airflow/example_dags/example_latest_only_with_trigger.py
[2025-03-10T20:33:44.458+0000] {processor.py:925} INFO - DAG(s) 'latest_only_with_trigger' retrieved from /home/airflow/.local/lib/python3.12/site-packages/airflow/example_dags/example_latest_only_with_trigger.py
[2025-03-10T20:33:44.486+0000] {logging_mixin.py:190} INFO - [2025-03-10T20:33:44.486+0000] {dag.py:3239} INFO - Sync 1 DAGs
[2025-03-10T20:33:44.515+0000] {logging_mixin.py:190} INFO - [2025-03-10T20:33:44.515+0000] {dag.py:4180} INFO - Setting next_dagrun for latest_only_with_trigger to 2025-03-10 16:00:00+00:00, run_after=2025-03-10 20:00:00+00:00
[2025-03-10T20:33:44.539+0000] {processor.py:208} INFO - Processing /home/airflow/.local/lib/python3.12/site-packages/airflow/example_dags/example_latest_only_with_trigger.py took 0.101 seconds
[2025-03-10T20:34:15.827+0000] {processor.py:186} INFO - Started process (PID=607) to work on /home/airflow/.local/lib/python3.12/site-packages/airflow/example_dags/example_latest_only_with_trigger.py
[2025-03-10T20:34:15.828+0000] {processor.py:914} INFO - Processing file /home/airflow/.local/lib/python3.12/site-packages/airflow/example_dags/example_latest_only_with_trigger.py for tasks to queue
[2025-03-10T20:34:15.831+0000] {logging_mixin.py:190} INFO - [2025-03-10T20:34:15.830+0000] {dagbag.py:588} INFO - Filling up the DagBag from /home/airflow/.local/lib/python3.12/site-packages/airflow/example_dags/example_latest_only_with_trigger.py
[2025-03-10T20:34:15.838+0000] {processor.py:925} INFO - DAG(s) 'latest_only_with_trigger' retrieved from /home/airflow/.local/lib/python3.12/site-packages/airflow/example_dags/example_latest_only_with_trigger.py
[2025-03-10T20:34:15.867+0000] {logging_mixin.py:190} INFO - [2025-03-10T20:34:15.866+0000] {dag.py:3239} INFO - Sync 1 DAGs
[2025-03-10T20:34:15.899+0000] {logging_mixin.py:190} INFO - [2025-03-10T20:34:15.898+0000] {dag.py:4180} INFO - Setting next_dagrun for latest_only_with_trigger to 2025-03-10 16:00:00+00:00, run_after=2025-03-10 20:00:00+00:00
[2025-03-10T20:34:15.921+0000] {processor.py:208} INFO - Processing /home/airflow/.local/lib/python3.12/site-packages/airflow/example_dags/example_latest_only_with_trigger.py took 0.101 seconds
[2025-03-10T20:34:47.241+0000] {processor.py:186} INFO - Started process (PID=670) to work on /home/airflow/.local/lib/python3.12/site-packages/airflow/example_dags/example_latest_only_with_trigger.py
[2025-03-10T20:34:47.242+0000] {processor.py:914} INFO - Processing file /home/airflow/.local/lib/python3.12/site-packages/airflow/example_dags/example_latest_only_with_trigger.py for tasks to queue
[2025-03-10T20:34:47.245+0000] {logging_mixin.py:190} INFO - [2025-03-10T20:34:47.244+0000] {dagbag.py:588} INFO - Filling up the DagBag from /home/airflow/.local/lib/python3.12/site-packages/airflow/example_dags/example_latest_only_with_trigger.py
[2025-03-10T20:34:47.252+0000] {processor.py:925} INFO - DAG(s) 'latest_only_with_trigger' retrieved from /home/airflow/.local/lib/python3.12/site-packages/airflow/example_dags/example_latest_only_with_trigger.py
[2025-03-10T20:34:47.287+0000] {logging_mixin.py:190} INFO - [2025-03-10T20:34:47.287+0000] {dag.py:3239} INFO - Sync 1 DAGs
[2025-03-10T20:34:47.331+0000] {logging_mixin.py:190} INFO - [2025-03-10T20:34:47.331+0000] {dag.py:4180} INFO - Setting next_dagrun for latest_only_with_trigger to 2025-03-10 16:00:00+00:00, run_after=2025-03-10 20:00:00+00:00
[2025-03-10T20:34:47.360+0000] {processor.py:208} INFO - Processing /home/airflow/.local/lib/python3.12/site-packages/airflow/example_dags/example_latest_only_with_trigger.py took 0.126 seconds
[2025-03-10T20:35:18.518+0000] {processor.py:186} INFO - Started process (PID=733) to work on /home/airflow/.local/lib/python3.12/site-packages/airflow/example_dags/example_latest_only_with_trigger.py
[2025-03-10T20:35:18.520+0000] {processor.py:914} INFO - Processing file /home/airflow/.local/lib/python3.12/site-packages/airflow/example_dags/example_latest_only_with_trigger.py for tasks to queue
[2025-03-10T20:35:18.523+0000] {logging_mixin.py:190} INFO - [2025-03-10T20:35:18.522+0000] {dagbag.py:588} INFO - Filling up the DagBag from /home/airflow/.local/lib/python3.12/site-packages/airflow/example_dags/example_latest_only_with_trigger.py
[2025-03-10T20:35:18.530+0000] {processor.py:925} INFO - DAG(s) 'latest_only_with_trigger' retrieved from /home/airflow/.local/lib/python3.12/site-packages/airflow/example_dags/example_latest_only_with_trigger.py
[2025-03-10T20:35:18.556+0000] {logging_mixin.py:190} INFO - [2025-03-10T20:35:18.555+0000] {dag.py:3239} INFO - Sync 1 DAGs
[2025-03-10T20:35:18.583+0000] {logging_mixin.py:190} INFO - [2025-03-10T20:35:18.583+0000] {dag.py:4180} INFO - Setting next_dagrun for latest_only_with_trigger to 2025-03-10 16:00:00+00:00, run_after=2025-03-10 20:00:00+00:00
[2025-03-10T20:35:18.604+0000] {processor.py:208} INFO - Processing /home/airflow/.local/lib/python3.12/site-packages/airflow/example_dags/example_latest_only_with_trigger.py took 0.094 seconds
[2025-03-10T20:35:49.711+0000] {processor.py:186} INFO - Started process (PID=796) to work on /home/airflow/.local/lib/python3.12/site-packages/airflow/example_dags/example_latest_only_with_trigger.py
[2025-03-10T20:35:49.713+0000] {processor.py:914} INFO - Processing file /home/airflow/.local/lib/python3.12/site-packages/airflow/example_dags/example_latest_only_with_trigger.py for tasks to queue
[2025-03-10T20:35:49.715+0000] {logging_mixin.py:190} INFO - [2025-03-10T20:35:49.715+0000] {dagbag.py:588} INFO - Filling up the DagBag from /home/airflow/.local/lib/python3.12/site-packages/airflow/example_dags/example_latest_only_with_trigger.py
[2025-03-10T20:35:49.723+0000] {processor.py:925} INFO - DAG(s) 'latest_only_with_trigger' retrieved from /home/airflow/.local/lib/python3.12/site-packages/airflow/example_dags/example_latest_only_with_trigger.py
[2025-03-10T20:35:49.750+0000] {logging_mixin.py:190} INFO - [2025-03-10T20:35:49.750+0000] {dag.py:3239} INFO - Sync 1 DAGs
[2025-03-10T20:35:49.788+0000] {logging_mixin.py:190} INFO - [2025-03-10T20:35:49.788+0000] {dag.py:4180} INFO - Setting next_dagrun for latest_only_with_trigger to 2025-03-10 16:00:00+00:00, run_after=2025-03-10 20:00:00+00:00
[2025-03-10T20:35:49.811+0000] {processor.py:208} INFO - Processing /home/airflow/.local/lib/python3.12/site-packages/airflow/example_dags/example_latest_only_with_trigger.py took 0.107 seconds
[2025-03-10T20:36:20.930+0000] {processor.py:186} INFO - Started process (PID=859) to work on /home/airflow/.local/lib/python3.12/site-packages/airflow/example_dags/example_latest_only_with_trigger.py
[2025-03-10T20:36:20.931+0000] {processor.py:914} INFO - Processing file /home/airflow/.local/lib/python3.12/site-packages/airflow/example_dags/example_latest_only_with_trigger.py for tasks to queue
[2025-03-10T20:36:20.934+0000] {logging_mixin.py:190} INFO - [2025-03-10T20:36:20.934+0000] {dagbag.py:588} INFO - Filling up the DagBag from /home/airflow/.local/lib/python3.12/site-packages/airflow/example_dags/example_latest_only_with_trigger.py
[2025-03-10T20:36:20.941+0000] {processor.py:925} INFO - DAG(s) 'latest_only_with_trigger' retrieved from /home/airflow/.local/lib/python3.12/site-packages/airflow/example_dags/example_latest_only_with_trigger.py
[2025-03-10T20:36:20.967+0000] {logging_mixin.py:190} INFO - [2025-03-10T20:36:20.967+0000] {dag.py:3239} INFO - Sync 1 DAGs
[2025-03-10T20:36:20.996+0000] {logging_mixin.py:190} INFO - [2025-03-10T20:36:20.996+0000] {dag.py:4180} INFO - Setting next_dagrun for latest_only_with_trigger to 2025-03-10 16:00:00+00:00, run_after=2025-03-10 20:00:00+00:00
[2025-03-10T20:36:21.020+0000] {processor.py:208} INFO - Processing /home/airflow/.local/lib/python3.12/site-packages/airflow/example_dags/example_latest_only_with_trigger.py took 0.096 seconds
[2025-03-10T20:36:51.581+0000] {processor.py:186} INFO - Started process (PID=922) to work on /home/airflow/.local/lib/python3.12/site-packages/airflow/example_dags/example_latest_only_with_trigger.py
[2025-03-10T20:36:51.582+0000] {processor.py:914} INFO - Processing file /home/airflow/.local/lib/python3.12/site-packages/airflow/example_dags/example_latest_only_with_trigger.py for tasks to queue
[2025-03-10T20:36:51.585+0000] {logging_mixin.py:190} INFO - [2025-03-10T20:36:51.585+0000] {dagbag.py:588} INFO - Filling up the DagBag from /home/airflow/.local/lib/python3.12/site-packages/airflow/example_dags/example_latest_only_with_trigger.py
[2025-03-10T20:36:51.593+0000] {processor.py:925} INFO - DAG(s) 'latest_only_with_trigger' retrieved from /home/airflow/.local/lib/python3.12/site-packages/airflow/example_dags/example_latest_only_with_trigger.py
[2025-03-10T20:36:51.619+0000] {logging_mixin.py:190} INFO - [2025-03-10T20:36:51.619+0000] {dag.py:3239} INFO - Sync 1 DAGs
[2025-03-10T20:36:51.648+0000] {logging_mixin.py:190} INFO - [2025-03-10T20:36:51.648+0000] {dag.py:4180} INFO - Setting next_dagrun for latest_only_with_trigger to 2025-03-10 16:00:00+00:00, run_after=2025-03-10 20:00:00+00:00
[2025-03-10T20:36:51.669+0000] {processor.py:208} INFO - Processing /home/airflow/.local/lib/python3.12/site-packages/airflow/example_dags/example_latest_only_with_trigger.py took 0.096 seconds
[2025-03-10T20:37:22.931+0000] {processor.py:186} INFO - Started process (PID=986) to work on /home/airflow/.local/lib/python3.12/site-packages/airflow/example_dags/example_latest_only_with_trigger.py
[2025-03-10T20:37:22.932+0000] {processor.py:914} INFO - Processing file /home/airflow/.local/lib/python3.12/site-packages/airflow/example_dags/example_latest_only_with_trigger.py for tasks to queue
[2025-03-10T20:37:22.935+0000] {logging_mixin.py:190} INFO - [2025-03-10T20:37:22.935+0000] {dagbag.py:588} INFO - Filling up the DagBag from /home/airflow/.local/lib/python3.12/site-packages/airflow/example_dags/example_latest_only_with_trigger.py
[2025-03-10T20:37:22.942+0000] {processor.py:925} INFO - DAG(s) 'latest_only_with_trigger' retrieved from /home/airflow/.local/lib/python3.12/site-packages/airflow/example_dags/example_latest_only_with_trigger.py
[2025-03-10T20:37:22.971+0000] {logging_mixin.py:190} INFO - [2025-03-10T20:37:22.971+0000] {dag.py:3239} INFO - Sync 1 DAGs
[2025-03-10T20:37:23.000+0000] {logging_mixin.py:190} INFO - [2025-03-10T20:37:23.000+0000] {dag.py:4180} INFO - Setting next_dagrun for latest_only_with_trigger to 2025-03-10 16:00:00+00:00, run_after=2025-03-10 20:00:00+00:00
[2025-03-10T20:37:23.021+0000] {processor.py:208} INFO - Processing /home/airflow/.local/lib/python3.12/site-packages/airflow/example_dags/example_latest_only_with_trigger.py took 0.097 seconds
[2025-03-10T20:37:54.403+0000] {processor.py:186} INFO - Started process (PID=1049) to work on /home/airflow/.local/lib/python3.12/site-packages/airflow/example_dags/example_latest_only_with_trigger.py
[2025-03-10T20:37:54.404+0000] {processor.py:914} INFO - Processing file /home/airflow/.local/lib/python3.12/site-packages/airflow/example_dags/example_latest_only_with_trigger.py for tasks to queue
[2025-03-10T20:37:54.407+0000] {logging_mixin.py:190} INFO - [2025-03-10T20:37:54.407+0000] {dagbag.py:588} INFO - Filling up the DagBag from /home/airflow/.local/lib/python3.12/site-packages/airflow/example_dags/example_latest_only_with_trigger.py
[2025-03-10T20:37:54.416+0000] {processor.py:925} INFO - DAG(s) 'latest_only_with_trigger' retrieved from /home/airflow/.local/lib/python3.12/site-packages/airflow/example_dags/example_latest_only_with_trigger.py
[2025-03-10T20:37:54.452+0000] {logging_mixin.py:190} INFO - [2025-03-10T20:37:54.451+0000] {dag.py:3239} INFO - Sync 1 DAGs
[2025-03-10T20:37:54.494+0000] {logging_mixin.py:190} INFO - [2025-03-10T20:37:54.493+0000] {dag.py:4180} INFO - Setting next_dagrun for latest_only_with_trigger to 2025-03-10 16:00:00+00:00, run_after=2025-03-10 20:00:00+00:00
[2025-03-10T20:37:54.523+0000] {processor.py:208} INFO - Processing /home/airflow/.local/lib/python3.12/site-packages/airflow/example_dags/example_latest_only_with_trigger.py took 0.127 seconds
[2025-03-10T20:38:25.618+0000] {processor.py:186} INFO - Started process (PID=1112) to work on /home/airflow/.local/lib/python3.12/site-packages/airflow/example_dags/example_latest_only_with_trigger.py
[2025-03-10T20:38:25.619+0000] {processor.py:914} INFO - Processing file /home/airflow/.local/lib/python3.12/site-packages/airflow/example_dags/example_latest_only_with_trigger.py for tasks to queue
[2025-03-10T20:38:25.622+0000] {logging_mixin.py:190} INFO - [2025-03-10T20:38:25.622+0000] {dagbag.py:588} INFO - Filling up the DagBag from /home/airflow/.local/lib/python3.12/site-packages/airflow/example_dags/example_latest_only_with_trigger.py
[2025-03-10T20:38:25.629+0000] {processor.py:925} INFO - DAG(s) 'latest_only_with_trigger' retrieved from /home/airflow/.local/lib/python3.12/site-packages/airflow/example_dags/example_latest_only_with_trigger.py
[2025-03-10T20:38:25.656+0000] {logging_mixin.py:190} INFO - [2025-03-10T20:38:25.655+0000] {dag.py:3239} INFO - Sync 1 DAGs
[2025-03-10T20:38:25.685+0000] {logging_mixin.py:190} INFO - [2025-03-10T20:38:25.684+0000] {dag.py:4180} INFO - Setting next_dagrun for latest_only_with_trigger to 2025-03-10 16:00:00+00:00, run_after=2025-03-10 20:00:00+00:00
[2025-03-10T20:38:25.708+0000] {processor.py:208} INFO - Processing /home/airflow/.local/lib/python3.12/site-packages/airflow/example_dags/example_latest_only_with_trigger.py took 0.098 seconds
[2025-03-10T20:38:56.288+0000] {processor.py:186} INFO - Started process (PID=1175) to work on /home/airflow/.local/lib/python3.12/site-packages/airflow/example_dags/example_latest_only_with_trigger.py
[2025-03-10T20:38:56.288+0000] {processor.py:914} INFO - Processing file /home/airflow/.local/lib/python3.12/site-packages/airflow/example_dags/example_latest_only_with_trigger.py for tasks to queue
[2025-03-10T20:38:56.291+0000] {logging_mixin.py:190} INFO - [2025-03-10T20:38:56.291+0000] {dagbag.py:588} INFO - Filling up the DagBag from /home/airflow/.local/lib/python3.12/site-packages/airflow/example_dags/example_latest_only_with_trigger.py
[2025-03-10T20:38:56.299+0000] {processor.py:925} INFO - DAG(s) 'latest_only_with_trigger' retrieved from /home/airflow/.local/lib/python3.12/site-packages/airflow/example_dags/example_latest_only_with_trigger.py
[2025-03-10T20:38:56.325+0000] {logging_mixin.py:190} INFO - [2025-03-10T20:38:56.325+0000] {dag.py:3239} INFO - Sync 1 DAGs
[2025-03-10T20:38:56.357+0000] {logging_mixin.py:190} INFO - [2025-03-10T20:38:56.357+0000] {dag.py:4180} INFO - Setting next_dagrun for latest_only_with_trigger to 2025-03-10 16:00:00+00:00, run_after=2025-03-10 20:00:00+00:00
[2025-03-10T20:38:56.378+0000] {processor.py:208} INFO - Processing /home/airflow/.local/lib/python3.12/site-packages/airflow/example_dags/example_latest_only_with_trigger.py took 0.097 seconds
[2025-03-10T20:39:27.347+0000] {processor.py:186} INFO - Started process (PID=1238) to work on /home/airflow/.local/lib/python3.12/site-packages/airflow/example_dags/example_latest_only_with_trigger.py
[2025-03-10T20:39:27.348+0000] {processor.py:914} INFO - Processing file /home/airflow/.local/lib/python3.12/site-packages/airflow/example_dags/example_latest_only_with_trigger.py for tasks to queue
[2025-03-10T20:39:27.351+0000] {logging_mixin.py:190} INFO - [2025-03-10T20:39:27.351+0000] {dagbag.py:588} INFO - Filling up the DagBag from /home/airflow/.local/lib/python3.12/site-packages/airflow/example_dags/example_latest_only_with_trigger.py
[2025-03-10T20:39:27.359+0000] {processor.py:925} INFO - DAG(s) 'latest_only_with_trigger' retrieved from /home/airflow/.local/lib/python3.12/site-packages/airflow/example_dags/example_latest_only_with_trigger.py
[2025-03-10T20:39:27.386+0000] {logging_mixin.py:190} INFO - [2025-03-10T20:39:27.386+0000] {dag.py:3239} INFO - Sync 1 DAGs
[2025-03-10T20:39:27.415+0000] {logging_mixin.py:190} INFO - [2025-03-10T20:39:27.414+0000] {dag.py:4180} INFO - Setting next_dagrun for latest_only_with_trigger to 2025-03-10 16:00:00+00:00, run_after=2025-03-10 20:00:00+00:00
[2025-03-10T20:39:27.436+0000] {processor.py:208} INFO - Processing /home/airflow/.local/lib/python3.12/site-packages/airflow/example_dags/example_latest_only_with_trigger.py took 0.098 seconds
[2025-03-10T20:39:58.004+0000] {processor.py:186} INFO - Started process (PID=1301) to work on /home/airflow/.local/lib/python3.12/site-packages/airflow/example_dags/example_latest_only_with_trigger.py
[2025-03-10T20:39:58.005+0000] {processor.py:914} INFO - Processing file /home/airflow/.local/lib/python3.12/site-packages/airflow/example_dags/example_latest_only_with_trigger.py for tasks to queue
[2025-03-10T20:39:58.008+0000] {logging_mixin.py:190} INFO - [2025-03-10T20:39:58.008+0000] {dagbag.py:588} INFO - Filling up the DagBag from /home/airflow/.local/lib/python3.12/site-packages/airflow/example_dags/example_latest_only_with_trigger.py
[2025-03-10T20:39:58.015+0000] {processor.py:925} INFO - DAG(s) 'latest_only_with_trigger' retrieved from /home/airflow/.local/lib/python3.12/site-packages/airflow/example_dags/example_latest_only_with_trigger.py
[2025-03-10T20:39:58.044+0000] {logging_mixin.py:190} INFO - [2025-03-10T20:39:58.044+0000] {dag.py:3239} INFO - Sync 1 DAGs
[2025-03-10T20:39:58.078+0000] {logging_mixin.py:190} INFO - [2025-03-10T20:39:58.077+0000] {dag.py:4180} INFO - Setting next_dagrun for latest_only_with_trigger to 2025-03-10 16:00:00+00:00, run_after=2025-03-10 20:00:00+00:00
[2025-03-10T20:39:58.102+0000] {processor.py:208} INFO - Processing /home/airflow/.local/lib/python3.12/site-packages/airflow/example_dags/example_latest_only_with_trigger.py took 0.106 seconds
[2025-03-10T20:40:29.056+0000] {processor.py:186} INFO - Started process (PID=1364) to work on /home/airflow/.local/lib/python3.12/site-packages/airflow/example_dags/example_latest_only_with_trigger.py
[2025-03-10T20:40:29.057+0000] {processor.py:914} INFO - Processing file /home/airflow/.local/lib/python3.12/site-packages/airflow/example_dags/example_latest_only_with_trigger.py for tasks to queue
[2025-03-10T20:40:29.060+0000] {logging_mixin.py:190} INFO - [2025-03-10T20:40:29.059+0000] {dagbag.py:588} INFO - Filling up the DagBag from /home/airflow/.local/lib/python3.12/site-packages/airflow/example_dags/example_latest_only_with_trigger.py
[2025-03-10T20:40:29.068+0000] {processor.py:925} INFO - DAG(s) 'latest_only_with_trigger' retrieved from /home/airflow/.local/lib/python3.12/site-packages/airflow/example_dags/example_latest_only_with_trigger.py
[2025-03-10T20:40:29.094+0000] {logging_mixin.py:190} INFO - [2025-03-10T20:40:29.094+0000] {dag.py:3239} INFO - Sync 1 DAGs
[2025-03-10T20:40:29.122+0000] {logging_mixin.py:190} INFO - [2025-03-10T20:40:29.122+0000] {dag.py:4180} INFO - Setting next_dagrun for latest_only_with_trigger to 2025-03-10 16:00:00+00:00, run_after=2025-03-10 20:00:00+00:00
[2025-03-10T20:40:29.145+0000] {processor.py:208} INFO - Processing /home/airflow/.local/lib/python3.12/site-packages/airflow/example_dags/example_latest_only_with_trigger.py took 0.097 seconds
[2025-03-10T20:41:00.429+0000] {processor.py:186} INFO - Started process (PID=1427) to work on /home/airflow/.local/lib/python3.12/site-packages/airflow/example_dags/example_latest_only_with_trigger.py
[2025-03-10T20:41:00.431+0000] {processor.py:914} INFO - Processing file /home/airflow/.local/lib/python3.12/site-packages/airflow/example_dags/example_latest_only_with_trigger.py for tasks to queue
[2025-03-10T20:41:00.434+0000] {logging_mixin.py:190} INFO - [2025-03-10T20:41:00.433+0000] {dagbag.py:588} INFO - Filling up the DagBag from /home/airflow/.local/lib/python3.12/site-packages/airflow/example_dags/example_latest_only_with_trigger.py
[2025-03-10T20:41:00.441+0000] {processor.py:925} INFO - DAG(s) 'latest_only_with_trigger' retrieved from /home/airflow/.local/lib/python3.12/site-packages/airflow/example_dags/example_latest_only_with_trigger.py
[2025-03-10T20:41:00.468+0000] {logging_mixin.py:190} INFO - [2025-03-10T20:41:00.467+0000] {dag.py:3239} INFO - Sync 1 DAGs
[2025-03-10T20:41:00.496+0000] {logging_mixin.py:190} INFO - [2025-03-10T20:41:00.495+0000] {dag.py:4180} INFO - Setting next_dagrun for latest_only_with_trigger to 2025-03-10 16:00:00+00:00, run_after=2025-03-10 20:00:00+00:00
[2025-03-10T20:41:00.516+0000] {processor.py:208} INFO - Processing /home/airflow/.local/lib/python3.12/site-packages/airflow/example_dags/example_latest_only_with_trigger.py took 0.095 seconds
[2025-03-10T20:41:31.145+0000] {processor.py:186} INFO - Started process (PID=1490) to work on /home/airflow/.local/lib/python3.12/site-packages/airflow/example_dags/example_latest_only_with_trigger.py
[2025-03-10T20:41:31.146+0000] {processor.py:914} INFO - Processing file /home/airflow/.local/lib/python3.12/site-packages/airflow/example_dags/example_latest_only_with_trigger.py for tasks to queue
[2025-03-10T20:41:31.148+0000] {logging_mixin.py:190} INFO - [2025-03-10T20:41:31.148+0000] {dagbag.py:588} INFO - Filling up the DagBag from /home/airflow/.local/lib/python3.12/site-packages/airflow/example_dags/example_latest_only_with_trigger.py
[2025-03-10T20:41:31.155+0000] {processor.py:925} INFO - DAG(s) 'latest_only_with_trigger' retrieved from /home/airflow/.local/lib/python3.12/site-packages/airflow/example_dags/example_latest_only_with_trigger.py
[2025-03-10T20:41:31.179+0000] {logging_mixin.py:190} INFO - [2025-03-10T20:41:31.179+0000] {dag.py:3239} INFO - Sync 1 DAGs
[2025-03-10T20:41:31.207+0000] {logging_mixin.py:190} INFO - [2025-03-10T20:41:31.206+0000] {dag.py:4180} INFO - Setting next_dagrun for latest_only_with_trigger to 2025-03-10 16:00:00+00:00, run_after=2025-03-10 20:00:00+00:00
[2025-03-10T20:41:31.226+0000] {processor.py:208} INFO - Processing /home/airflow/.local/lib/python3.12/site-packages/airflow/example_dags/example_latest_only_with_trigger.py took 0.088 seconds
[2025-03-10T20:42:01.832+0000] {processor.py:186} INFO - Started process (PID=1553) to work on /home/airflow/.local/lib/python3.12/site-packages/airflow/example_dags/example_latest_only_with_trigger.py
[2025-03-10T20:42:01.833+0000] {processor.py:914} INFO - Processing file /home/airflow/.local/lib/python3.12/site-packages/airflow/example_dags/example_latest_only_with_trigger.py for tasks to queue
[2025-03-10T20:42:01.836+0000] {logging_mixin.py:190} INFO - [2025-03-10T20:42:01.836+0000] {dagbag.py:588} INFO - Filling up the DagBag from /home/airflow/.local/lib/python3.12/site-packages/airflow/example_dags/example_latest_only_with_trigger.py
[2025-03-10T20:42:01.844+0000] {processor.py:925} INFO - DAG(s) 'latest_only_with_trigger' retrieved from /home/airflow/.local/lib/python3.12/site-packages/airflow/example_dags/example_latest_only_with_trigger.py
[2025-03-10T20:42:01.871+0000] {logging_mixin.py:190} INFO - [2025-03-10T20:42:01.871+0000] {dag.py:3239} INFO - Sync 1 DAGs
[2025-03-10T20:42:01.904+0000] {logging_mixin.py:190} INFO - [2025-03-10T20:42:01.903+0000] {dag.py:4180} INFO - Setting next_dagrun for latest_only_with_trigger to 2025-03-10 16:00:00+00:00, run_after=2025-03-10 20:00:00+00:00
[2025-03-10T20:42:01.927+0000] {processor.py:208} INFO - Processing /home/airflow/.local/lib/python3.12/site-packages/airflow/example_dags/example_latest_only_with_trigger.py took 0.102 seconds
[2025-03-10T20:42:32.991+0000] {processor.py:186} INFO - Started process (PID=1616) to work on /home/airflow/.local/lib/python3.12/site-packages/airflow/example_dags/example_latest_only_with_trigger.py
[2025-03-10T20:42:32.992+0000] {processor.py:914} INFO - Processing file /home/airflow/.local/lib/python3.12/site-packages/airflow/example_dags/example_latest_only_with_trigger.py for tasks to queue
[2025-03-10T20:42:32.994+0000] {logging_mixin.py:190} INFO - [2025-03-10T20:42:32.994+0000] {dagbag.py:588} INFO - Filling up the DagBag from /home/airflow/.local/lib/python3.12/site-packages/airflow/example_dags/example_latest_only_with_trigger.py
[2025-03-10T20:42:33.002+0000] {processor.py:925} INFO - DAG(s) 'latest_only_with_trigger' retrieved from /home/airflow/.local/lib/python3.12/site-packages/airflow/example_dags/example_latest_only_with_trigger.py
[2025-03-10T20:42:33.027+0000] {logging_mixin.py:190} INFO - [2025-03-10T20:42:33.027+0000] {dag.py:3239} INFO - Sync 1 DAGs
[2025-03-10T20:42:33.055+0000] {logging_mixin.py:190} INFO - [2025-03-10T20:42:33.055+0000] {dag.py:4180} INFO - Setting next_dagrun for latest_only_with_trigger to 2025-03-10 16:00:00+00:00, run_after=2025-03-10 20:00:00+00:00
[2025-03-10T20:42:33.078+0000] {processor.py:208} INFO - Processing /home/airflow/.local/lib/python3.12/site-packages/airflow/example_dags/example_latest_only_with_trigger.py took 0.094 seconds
[2025-03-10T20:43:04.106+0000] {processor.py:186} INFO - Started process (PID=1679) to work on /home/airflow/.local/lib/python3.12/site-packages/airflow/example_dags/example_latest_only_with_trigger.py
[2025-03-10T20:43:04.107+0000] {processor.py:914} INFO - Processing file /home/airflow/.local/lib/python3.12/site-packages/airflow/example_dags/example_latest_only_with_trigger.py for tasks to queue
[2025-03-10T20:43:04.109+0000] {logging_mixin.py:190} INFO - [2025-03-10T20:43:04.109+0000] {dagbag.py:588} INFO - Filling up the DagBag from /home/airflow/.local/lib/python3.12/site-packages/airflow/example_dags/example_latest_only_with_trigger.py
[2025-03-10T20:43:04.117+0000] {processor.py:925} INFO - DAG(s) 'latest_only_with_trigger' retrieved from /home/airflow/.local/lib/python3.12/site-packages/airflow/example_dags/example_latest_only_with_trigger.py
[2025-03-10T20:43:04.143+0000] {logging_mixin.py:190} INFO - [2025-03-10T20:43:04.143+0000] {dag.py:3239} INFO - Sync 1 DAGs
[2025-03-10T20:43:04.171+0000] {logging_mixin.py:190} INFO - [2025-03-10T20:43:04.171+0000] {dag.py:4180} INFO - Setting next_dagrun for latest_only_with_trigger to 2025-03-10 16:00:00+00:00, run_after=2025-03-10 20:00:00+00:00
[2025-03-10T20:43:04.194+0000] {processor.py:208} INFO - Processing /home/airflow/.local/lib/python3.12/site-packages/airflow/example_dags/example_latest_only_with_trigger.py took 0.095 seconds
[2025-03-10T20:43:34.902+0000] {processor.py:186} INFO - Started process (PID=1742) to work on /home/airflow/.local/lib/python3.12/site-packages/airflow/example_dags/example_latest_only_with_trigger.py
[2025-03-10T20:43:34.903+0000] {processor.py:914} INFO - Processing file /home/airflow/.local/lib/python3.12/site-packages/airflow/example_dags/example_latest_only_with_trigger.py for tasks to queue
[2025-03-10T20:43:34.907+0000] {logging_mixin.py:190} INFO - [2025-03-10T20:43:34.906+0000] {dagbag.py:588} INFO - Filling up the DagBag from /home/airflow/.local/lib/python3.12/site-packages/airflow/example_dags/example_latest_only_with_trigger.py
[2025-03-10T20:43:34.915+0000] {processor.py:925} INFO - DAG(s) 'latest_only_with_trigger' retrieved from /home/airflow/.local/lib/python3.12/site-packages/airflow/example_dags/example_latest_only_with_trigger.py
[2025-03-10T20:43:34.940+0000] {logging_mixin.py:190} INFO - [2025-03-10T20:43:34.940+0000] {dag.py:3239} INFO - Sync 1 DAGs
[2025-03-10T20:43:34.968+0000] {logging_mixin.py:190} INFO - [2025-03-10T20:43:34.968+0000] {dag.py:4180} INFO - Setting next_dagrun for latest_only_with_trigger to 2025-03-10 16:00:00+00:00, run_after=2025-03-10 20:00:00+00:00
[2025-03-10T20:43:34.989+0000] {processor.py:208} INFO - Processing /home/airflow/.local/lib/python3.12/site-packages/airflow/example_dags/example_latest_only_with_trigger.py took 0.095 seconds
[2025-03-10T20:44:05.614+0000] {processor.py:186} INFO - Started process (PID=1805) to work on /home/airflow/.local/lib/python3.12/site-packages/airflow/example_dags/example_latest_only_with_trigger.py
[2025-03-10T20:44:05.615+0000] {processor.py:914} INFO - Processing file /home/airflow/.local/lib/python3.12/site-packages/airflow/example_dags/example_latest_only_with_trigger.py for tasks to queue
[2025-03-10T20:44:05.618+0000] {logging_mixin.py:190} INFO - [2025-03-10T20:44:05.617+0000] {dagbag.py:588} INFO - Filling up the DagBag from /home/airflow/.local/lib/python3.12/site-packages/airflow/example_dags/example_latest_only_with_trigger.py
[2025-03-10T20:44:05.626+0000] {processor.py:925} INFO - DAG(s) 'latest_only_with_trigger' retrieved from /home/airflow/.local/lib/python3.12/site-packages/airflow/example_dags/example_latest_only_with_trigger.py
[2025-03-10T20:44:05.653+0000] {logging_mixin.py:190} INFO - [2025-03-10T20:44:05.653+0000] {dag.py:3239} INFO - Sync 1 DAGs
[2025-03-10T20:44:05.683+0000] {logging_mixin.py:190} INFO - [2025-03-10T20:44:05.683+0000] {dag.py:4180} INFO - Setting next_dagrun for latest_only_with_trigger to 2025-03-10 16:00:00+00:00, run_after=2025-03-10 20:00:00+00:00
[2025-03-10T20:44:05.706+0000] {processor.py:208} INFO - Processing /home/airflow/.local/lib/python3.12/site-packages/airflow/example_dags/example_latest_only_with_trigger.py took 0.100 seconds
[2025-03-10T20:44:36.309+0000] {processor.py:186} INFO - Started process (PID=1868) to work on /home/airflow/.local/lib/python3.12/site-packages/airflow/example_dags/example_latest_only_with_trigger.py
[2025-03-10T20:44:36.310+0000] {processor.py:914} INFO - Processing file /home/airflow/.local/lib/python3.12/site-packages/airflow/example_dags/example_latest_only_with_trigger.py for tasks to queue
[2025-03-10T20:44:36.312+0000] {logging_mixin.py:190} INFO - [2025-03-10T20:44:36.312+0000] {dagbag.py:588} INFO - Filling up the DagBag from /home/airflow/.local/lib/python3.12/site-packages/airflow/example_dags/example_latest_only_with_trigger.py
[2025-03-10T20:44:36.320+0000] {processor.py:925} INFO - DAG(s) 'latest_only_with_trigger' retrieved from /home/airflow/.local/lib/python3.12/site-packages/airflow/example_dags/example_latest_only_with_trigger.py
[2025-03-10T20:44:36.346+0000] {logging_mixin.py:190} INFO - [2025-03-10T20:44:36.345+0000] {dag.py:3239} INFO - Sync 1 DAGs
[2025-03-10T20:44:36.374+0000] {logging_mixin.py:190} INFO - [2025-03-10T20:44:36.374+0000] {dag.py:4180} INFO - Setting next_dagrun for latest_only_with_trigger to 2025-03-10 16:00:00+00:00, run_after=2025-03-10 20:00:00+00:00
[2025-03-10T20:44:36.648+0000] {processor.py:208} INFO - Processing /home/airflow/.local/lib/python3.12/site-packages/airflow/example_dags/example_latest_only_with_trigger.py took 0.347 seconds
[2025-03-10T20:45:07.182+0000] {processor.py:186} INFO - Started process (PID=1931) to work on /home/airflow/.local/lib/python3.12/site-packages/airflow/example_dags/example_latest_only_with_trigger.py
[2025-03-10T20:45:07.183+0000] {processor.py:914} INFO - Processing file /home/airflow/.local/lib/python3.12/site-packages/airflow/example_dags/example_latest_only_with_trigger.py for tasks to queue
[2025-03-10T20:45:07.197+0000] {logging_mixin.py:190} INFO - [2025-03-10T20:45:07.196+0000] {dagbag.py:588} INFO - Filling up the DagBag from /home/airflow/.local/lib/python3.12/site-packages/airflow/example_dags/example_latest_only_with_trigger.py
[2025-03-10T20:45:07.204+0000] {processor.py:925} INFO - DAG(s) 'latest_only_with_trigger' retrieved from /home/airflow/.local/lib/python3.12/site-packages/airflow/example_dags/example_latest_only_with_trigger.py
[2025-03-10T20:45:07.235+0000] {logging_mixin.py:190} INFO - [2025-03-10T20:45:07.235+0000] {dag.py:3239} INFO - Sync 1 DAGs
[2025-03-10T20:45:07.270+0000] {logging_mixin.py:190} INFO - [2025-03-10T20:45:07.270+0000] {dag.py:4180} INFO - Setting next_dagrun for latest_only_with_trigger to 2025-03-10 16:00:00+00:00, run_after=2025-03-10 20:00:00+00:00
[2025-03-10T20:45:07.294+0000] {processor.py:208} INFO - Processing /home/airflow/.local/lib/python3.12/site-packages/airflow/example_dags/example_latest_only_with_trigger.py took 0.124 seconds
[2025-03-10T20:45:38.137+0000] {processor.py:186} INFO - Started process (PID=1994) to work on /home/airflow/.local/lib/python3.12/site-packages/airflow/example_dags/example_latest_only_with_trigger.py
[2025-03-10T20:45:38.138+0000] {processor.py:914} INFO - Processing file /home/airflow/.local/lib/python3.12/site-packages/airflow/example_dags/example_latest_only_with_trigger.py for tasks to queue
[2025-03-10T20:45:38.141+0000] {logging_mixin.py:190} INFO - [2025-03-10T20:45:38.140+0000] {dagbag.py:588} INFO - Filling up the DagBag from /home/airflow/.local/lib/python3.12/site-packages/airflow/example_dags/example_latest_only_with_trigger.py
[2025-03-10T20:45:38.148+0000] {processor.py:925} INFO - DAG(s) 'latest_only_with_trigger' retrieved from /home/airflow/.local/lib/python3.12/site-packages/airflow/example_dags/example_latest_only_with_trigger.py
[2025-03-10T20:45:38.175+0000] {logging_mixin.py:190} INFO - [2025-03-10T20:45:38.174+0000] {dag.py:3239} INFO - Sync 1 DAGs
[2025-03-10T20:45:38.203+0000] {logging_mixin.py:190} INFO - [2025-03-10T20:45:38.203+0000] {dag.py:4180} INFO - Setting next_dagrun for latest_only_with_trigger to 2025-03-10 16:00:00+00:00, run_after=2025-03-10 20:00:00+00:00
[2025-03-10T20:45:38.224+0000] {processor.py:208} INFO - Processing /home/airflow/.local/lib/python3.12/site-packages/airflow/example_dags/example_latest_only_with_trigger.py took 0.094 seconds
[2025-03-10T20:46:09.589+0000] {processor.py:186} INFO - Started process (PID=2057) to work on /home/airflow/.local/lib/python3.12/site-packages/airflow/example_dags/example_latest_only_with_trigger.py
[2025-03-10T20:46:09.590+0000] {processor.py:914} INFO - Processing file /home/airflow/.local/lib/python3.12/site-packages/airflow/example_dags/example_latest_only_with_trigger.py for tasks to queue
[2025-03-10T20:46:09.595+0000] {logging_mixin.py:190} INFO - [2025-03-10T20:46:09.594+0000] {dagbag.py:588} INFO - Filling up the DagBag from /home/airflow/.local/lib/python3.12/site-packages/airflow/example_dags/example_latest_only_with_trigger.py
[2025-03-10T20:46:09.620+0000] {processor.py:925} INFO - DAG(s) 'latest_only_with_trigger' retrieved from /home/airflow/.local/lib/python3.12/site-packages/airflow/example_dags/example_latest_only_with_trigger.py
[2025-03-10T20:46:09.648+0000] {logging_mixin.py:190} INFO - [2025-03-10T20:46:09.647+0000] {dag.py:3239} INFO - Sync 1 DAGs
[2025-03-10T20:46:09.918+0000] {logging_mixin.py:190} INFO - [2025-03-10T20:46:09.917+0000] {dag.py:4180} INFO - Setting next_dagrun for latest_only_with_trigger to 2025-03-10 16:00:00+00:00, run_after=2025-03-10 20:00:00+00:00
[2025-03-10T20:46:09.938+0000] {processor.py:208} INFO - Processing /home/airflow/.local/lib/python3.12/site-packages/airflow/example_dags/example_latest_only_with_trigger.py took 0.377 seconds
[2025-03-10T20:46:40.343+0000] {processor.py:186} INFO - Started process (PID=2120) to work on /home/airflow/.local/lib/python3.12/site-packages/airflow/example_dags/example_latest_only_with_trigger.py
[2025-03-10T20:46:40.344+0000] {processor.py:914} INFO - Processing file /home/airflow/.local/lib/python3.12/site-packages/airflow/example_dags/example_latest_only_with_trigger.py for tasks to queue
[2025-03-10T20:46:40.348+0000] {logging_mixin.py:190} INFO - [2025-03-10T20:46:40.347+0000] {dagbag.py:588} INFO - Filling up the DagBag from /home/airflow/.local/lib/python3.12/site-packages/airflow/example_dags/example_latest_only_with_trigger.py
[2025-03-10T20:46:40.355+0000] {processor.py:925} INFO - DAG(s) 'latest_only_with_trigger' retrieved from /home/airflow/.local/lib/python3.12/site-packages/airflow/example_dags/example_latest_only_with_trigger.py
[2025-03-10T20:46:40.381+0000] {logging_mixin.py:190} INFO - [2025-03-10T20:46:40.381+0000] {dag.py:3239} INFO - Sync 1 DAGs
[2025-03-10T20:46:40.670+0000] {logging_mixin.py:190} INFO - [2025-03-10T20:46:40.670+0000] {dag.py:4180} INFO - Setting next_dagrun for latest_only_with_trigger to 2025-03-10 16:00:00+00:00, run_after=2025-03-10 20:00:00+00:00
[2025-03-10T20:46:40.697+0000] {processor.py:208} INFO - Processing /home/airflow/.local/lib/python3.12/site-packages/airflow/example_dags/example_latest_only_with_trigger.py took 0.362 seconds
[2025-03-10T20:47:11.278+0000] {processor.py:186} INFO - Started process (PID=2189) to work on /home/airflow/.local/lib/python3.12/site-packages/airflow/example_dags/example_latest_only_with_trigger.py
[2025-03-10T20:47:11.279+0000] {processor.py:914} INFO - Processing file /home/airflow/.local/lib/python3.12/site-packages/airflow/example_dags/example_latest_only_with_trigger.py for tasks to queue
[2025-03-10T20:47:11.281+0000] {logging_mixin.py:190} INFO - [2025-03-10T20:47:11.281+0000] {dagbag.py:588} INFO - Filling up the DagBag from /home/airflow/.local/lib/python3.12/site-packages/airflow/example_dags/example_latest_only_with_trigger.py
[2025-03-10T20:47:11.290+0000] {processor.py:925} INFO - DAG(s) 'latest_only_with_trigger' retrieved from /home/airflow/.local/lib/python3.12/site-packages/airflow/example_dags/example_latest_only_with_trigger.py
[2025-03-10T20:47:11.317+0000] {logging_mixin.py:190} INFO - [2025-03-10T20:47:11.317+0000] {dag.py:3239} INFO - Sync 1 DAGs
[2025-03-10T20:47:11.346+0000] {logging_mixin.py:190} INFO - [2025-03-10T20:47:11.345+0000] {dag.py:4180} INFO - Setting next_dagrun for latest_only_with_trigger to 2025-03-10 16:00:00+00:00, run_after=2025-03-10 20:00:00+00:00
[2025-03-10T20:47:11.369+0000] {processor.py:208} INFO - Processing /home/airflow/.local/lib/python3.12/site-packages/airflow/example_dags/example_latest_only_with_trigger.py took 0.099 seconds
[2025-03-10T20:47:41.988+0000] {processor.py:186} INFO - Started process (PID=2252) to work on /home/airflow/.local/lib/python3.12/site-packages/airflow/example_dags/example_latest_only_with_trigger.py
[2025-03-10T20:47:41.989+0000] {processor.py:914} INFO - Processing file /home/airflow/.local/lib/python3.12/site-packages/airflow/example_dags/example_latest_only_with_trigger.py for tasks to queue
[2025-03-10T20:47:41.992+0000] {logging_mixin.py:190} INFO - [2025-03-10T20:47:41.992+0000] {dagbag.py:588} INFO - Filling up the DagBag from /home/airflow/.local/lib/python3.12/site-packages/airflow/example_dags/example_latest_only_with_trigger.py
[2025-03-10T20:47:41.999+0000] {processor.py:925} INFO - DAG(s) 'latest_only_with_trigger' retrieved from /home/airflow/.local/lib/python3.12/site-packages/airflow/example_dags/example_latest_only_with_trigger.py
[2025-03-10T20:47:42.032+0000] {logging_mixin.py:190} INFO - [2025-03-10T20:47:42.031+0000] {dag.py:3239} INFO - Sync 1 DAGs
[2025-03-10T20:47:42.063+0000] {logging_mixin.py:190} INFO - [2025-03-10T20:47:42.063+0000] {dag.py:4180} INFO - Setting next_dagrun for latest_only_with_trigger to 2025-03-10 16:00:00+00:00, run_after=2025-03-10 20:00:00+00:00
[2025-03-10T20:47:42.085+0000] {processor.py:208} INFO - Processing /home/airflow/.local/lib/python3.12/site-packages/airflow/example_dags/example_latest_only_with_trigger.py took 0.105 seconds
[2025-03-10T20:48:12.455+0000] {processor.py:186} INFO - Started process (PID=2315) to work on /home/airflow/.local/lib/python3.12/site-packages/airflow/example_dags/example_latest_only_with_trigger.py
[2025-03-10T20:48:12.456+0000] {processor.py:914} INFO - Processing file /home/airflow/.local/lib/python3.12/site-packages/airflow/example_dags/example_latest_only_with_trigger.py for tasks to queue
[2025-03-10T20:48:12.459+0000] {logging_mixin.py:190} INFO - [2025-03-10T20:48:12.459+0000] {dagbag.py:588} INFO - Filling up the DagBag from /home/airflow/.local/lib/python3.12/site-packages/airflow/example_dags/example_latest_only_with_trigger.py
[2025-03-10T20:48:12.467+0000] {processor.py:925} INFO - DAG(s) 'latest_only_with_trigger' retrieved from /home/airflow/.local/lib/python3.12/site-packages/airflow/example_dags/example_latest_only_with_trigger.py
[2025-03-10T20:48:12.493+0000] {logging_mixin.py:190} INFO - [2025-03-10T20:48:12.493+0000] {dag.py:3239} INFO - Sync 1 DAGs
[2025-03-10T20:48:12.523+0000] {logging_mixin.py:190} INFO - [2025-03-10T20:48:12.523+0000] {dag.py:4180} INFO - Setting next_dagrun for latest_only_with_trigger to 2025-03-10 16:00:00+00:00, run_after=2025-03-10 20:00:00+00:00
[2025-03-10T20:48:12.544+0000] {processor.py:208} INFO - Processing /home/airflow/.local/lib/python3.12/site-packages/airflow/example_dags/example_latest_only_with_trigger.py took 0.097 seconds
[2025-03-10T20:48:43.005+0000] {processor.py:186} INFO - Started process (PID=2378) to work on /home/airflow/.local/lib/python3.12/site-packages/airflow/example_dags/example_latest_only_with_trigger.py
[2025-03-10T20:48:43.006+0000] {processor.py:914} INFO - Processing file /home/airflow/.local/lib/python3.12/site-packages/airflow/example_dags/example_latest_only_with_trigger.py for tasks to queue
[2025-03-10T20:48:43.009+0000] {logging_mixin.py:190} INFO - [2025-03-10T20:48:43.008+0000] {dagbag.py:588} INFO - Filling up the DagBag from /home/airflow/.local/lib/python3.12/site-packages/airflow/example_dags/example_latest_only_with_trigger.py
[2025-03-10T20:48:43.016+0000] {processor.py:925} INFO - DAG(s) 'latest_only_with_trigger' retrieved from /home/airflow/.local/lib/python3.12/site-packages/airflow/example_dags/example_latest_only_with_trigger.py
[2025-03-10T20:48:43.045+0000] {logging_mixin.py:190} INFO - [2025-03-10T20:48:43.045+0000] {dag.py:3239} INFO - Sync 1 DAGs
[2025-03-10T20:48:43.081+0000] {logging_mixin.py:190} INFO - [2025-03-10T20:48:43.080+0000] {dag.py:4180} INFO - Setting next_dagrun for latest_only_with_trigger to 2025-03-10 16:00:00+00:00, run_after=2025-03-10 20:00:00+00:00
[2025-03-10T20:48:43.109+0000] {processor.py:208} INFO - Processing /home/airflow/.local/lib/python3.12/site-packages/airflow/example_dags/example_latest_only_with_trigger.py took 0.112 seconds
[2025-03-10T20:49:13.591+0000] {processor.py:186} INFO - Started process (PID=2441) to work on /home/airflow/.local/lib/python3.12/site-packages/airflow/example_dags/example_latest_only_with_trigger.py
[2025-03-10T20:49:13.591+0000] {processor.py:914} INFO - Processing file /home/airflow/.local/lib/python3.12/site-packages/airflow/example_dags/example_latest_only_with_trigger.py for tasks to queue
[2025-03-10T20:49:13.594+0000] {logging_mixin.py:190} INFO - [2025-03-10T20:49:13.594+0000] {dagbag.py:588} INFO - Filling up the DagBag from /home/airflow/.local/lib/python3.12/site-packages/airflow/example_dags/example_latest_only_with_trigger.py
[2025-03-10T20:49:13.602+0000] {processor.py:925} INFO - DAG(s) 'latest_only_with_trigger' retrieved from /home/airflow/.local/lib/python3.12/site-packages/airflow/example_dags/example_latest_only_with_trigger.py
[2025-03-10T20:49:13.628+0000] {logging_mixin.py:190} INFO - [2025-03-10T20:49:13.627+0000] {dag.py:3239} INFO - Sync 1 DAGs
[2025-03-10T20:49:13.656+0000] {logging_mixin.py:190} INFO - [2025-03-10T20:49:13.655+0000] {dag.py:4180} INFO - Setting next_dagrun for latest_only_with_trigger to 2025-03-10 16:00:00+00:00, run_after=2025-03-10 20:00:00+00:00
[2025-03-10T20:49:13.678+0000] {processor.py:208} INFO - Processing /home/airflow/.local/lib/python3.12/site-packages/airflow/example_dags/example_latest_only_with_trigger.py took 0.096 seconds
[2025-03-10T20:49:43.990+0000] {processor.py:186} INFO - Started process (PID=2504) to work on /home/airflow/.local/lib/python3.12/site-packages/airflow/example_dags/example_latest_only_with_trigger.py
[2025-03-10T20:49:43.991+0000] {processor.py:914} INFO - Processing file /home/airflow/.local/lib/python3.12/site-packages/airflow/example_dags/example_latest_only_with_trigger.py for tasks to queue
[2025-03-10T20:49:43.994+0000] {logging_mixin.py:190} INFO - [2025-03-10T20:49:43.994+0000] {dagbag.py:588} INFO - Filling up the DagBag from /home/airflow/.local/lib/python3.12/site-packages/airflow/example_dags/example_latest_only_with_trigger.py
[2025-03-10T20:49:44.001+0000] {processor.py:925} INFO - DAG(s) 'latest_only_with_trigger' retrieved from /home/airflow/.local/lib/python3.12/site-packages/airflow/example_dags/example_latest_only_with_trigger.py
[2025-03-10T20:49:44.031+0000] {logging_mixin.py:190} INFO - [2025-03-10T20:49:44.031+0000] {dag.py:3239} INFO - Sync 1 DAGs
[2025-03-10T20:49:44.060+0000] {logging_mixin.py:190} INFO - [2025-03-10T20:49:44.060+0000] {dag.py:4180} INFO - Setting next_dagrun for latest_only_with_trigger to 2025-03-10 16:00:00+00:00, run_after=2025-03-10 20:00:00+00:00
[2025-03-10T20:49:44.081+0000] {processor.py:208} INFO - Processing /home/airflow/.local/lib/python3.12/site-packages/airflow/example_dags/example_latest_only_with_trigger.py took 0.097 seconds
[2025-03-10T20:50:14.596+0000] {processor.py:186} INFO - Started process (PID=2567) to work on /home/airflow/.local/lib/python3.12/site-packages/airflow/example_dags/example_latest_only_with_trigger.py
[2025-03-10T20:50:14.597+0000] {processor.py:914} INFO - Processing file /home/airflow/.local/lib/python3.12/site-packages/airflow/example_dags/example_latest_only_with_trigger.py for tasks to queue
[2025-03-10T20:50:14.600+0000] {logging_mixin.py:190} INFO - [2025-03-10T20:50:14.600+0000] {dagbag.py:588} INFO - Filling up the DagBag from /home/airflow/.local/lib/python3.12/site-packages/airflow/example_dags/example_latest_only_with_trigger.py
[2025-03-10T20:50:14.608+0000] {processor.py:925} INFO - DAG(s) 'latest_only_with_trigger' retrieved from /home/airflow/.local/lib/python3.12/site-packages/airflow/example_dags/example_latest_only_with_trigger.py
[2025-03-10T20:50:14.635+0000] {logging_mixin.py:190} INFO - [2025-03-10T20:50:14.634+0000] {dag.py:3239} INFO - Sync 1 DAGs
[2025-03-10T20:50:14.663+0000] {logging_mixin.py:190} INFO - [2025-03-10T20:50:14.662+0000] {dag.py:4180} INFO - Setting next_dagrun for latest_only_with_trigger to 2025-03-10 16:00:00+00:00, run_after=2025-03-10 20:00:00+00:00
[2025-03-10T20:50:14.683+0000] {processor.py:208} INFO - Processing /home/airflow/.local/lib/python3.12/site-packages/airflow/example_dags/example_latest_only_with_trigger.py took 0.094 seconds
[2025-03-10T20:50:45.201+0000] {processor.py:186} INFO - Started process (PID=2630) to work on /home/airflow/.local/lib/python3.12/site-packages/airflow/example_dags/example_latest_only_with_trigger.py
[2025-03-10T20:50:45.202+0000] {processor.py:914} INFO - Processing file /home/airflow/.local/lib/python3.12/site-packages/airflow/example_dags/example_latest_only_with_trigger.py for tasks to queue
[2025-03-10T20:50:45.205+0000] {logging_mixin.py:190} INFO - [2025-03-10T20:50:45.204+0000] {dagbag.py:588} INFO - Filling up the DagBag from /home/airflow/.local/lib/python3.12/site-packages/airflow/example_dags/example_latest_only_with_trigger.py
[2025-03-10T20:50:45.211+0000] {processor.py:925} INFO - DAG(s) 'latest_only_with_trigger' retrieved from /home/airflow/.local/lib/python3.12/site-packages/airflow/example_dags/example_latest_only_with_trigger.py
[2025-03-10T20:50:45.239+0000] {logging_mixin.py:190} INFO - [2025-03-10T20:50:45.239+0000] {dag.py:3239} INFO - Sync 1 DAGs
[2025-03-10T20:50:45.273+0000] {logging_mixin.py:190} INFO - [2025-03-10T20:50:45.273+0000] {dag.py:4180} INFO - Setting next_dagrun for latest_only_with_trigger to 2025-03-10 16:00:00+00:00, run_after=2025-03-10 20:00:00+00:00
[2025-03-10T20:50:45.303+0000] {processor.py:208} INFO - Processing /home/airflow/.local/lib/python3.12/site-packages/airflow/example_dags/example_latest_only_with_trigger.py took 0.109 seconds
[2025-03-10T23:08:57.182+0000] {processor.py:186} INFO - Started process (PID=100) to work on /home/airflow/.local/lib/python3.12/site-packages/airflow/example_dags/example_latest_only_with_trigger.py
[2025-03-10T23:08:57.185+0000] {processor.py:914} INFO - Processing file /home/airflow/.local/lib/python3.12/site-packages/airflow/example_dags/example_latest_only_with_trigger.py for tasks to queue
[2025-03-10T23:08:57.188+0000] {logging_mixin.py:190} INFO - [2025-03-10T23:08:57.187+0000] {dagbag.py:588} INFO - Filling up the DagBag from /home/airflow/.local/lib/python3.12/site-packages/airflow/example_dags/example_latest_only_with_trigger.py
[2025-03-10T23:08:57.195+0000] {processor.py:925} INFO - DAG(s) 'latest_only_with_trigger' retrieved from /home/airflow/.local/lib/python3.12/site-packages/airflow/example_dags/example_latest_only_with_trigger.py
[2025-03-10T23:08:57.225+0000] {logging_mixin.py:190} INFO - [2025-03-10T23:08:57.224+0000] {dag.py:3239} INFO - Sync 1 DAGs
[2025-03-10T23:08:57.256+0000] {logging_mixin.py:190} INFO - [2025-03-10T23:08:57.256+0000] {dag.py:4180} INFO - Setting next_dagrun for latest_only_with_trigger to 2025-03-10 16:00:00+00:00, run_after=2025-03-10 20:00:00+00:00
[2025-03-10T23:08:57.276+0000] {processor.py:208} INFO - Processing /home/airflow/.local/lib/python3.12/site-packages/airflow/example_dags/example_latest_only_with_trigger.py took 0.101 seconds
[2025-03-10T23:10:32.865+0000] {processor.py:186} INFO - Started process (PID=157) to work on /home/airflow/.local/lib/python3.12/site-packages/airflow/example_dags/example_latest_only_with_trigger.py
[2025-03-10T23:10:32.866+0000] {processor.py:914} INFO - Processing file /home/airflow/.local/lib/python3.12/site-packages/airflow/example_dags/example_latest_only_with_trigger.py for tasks to queue
[2025-03-10T23:10:32.867+0000] {logging_mixin.py:190} INFO - [2025-03-10T23:10:32.867+0000] {dagbag.py:588} INFO - Filling up the DagBag from /home/airflow/.local/lib/python3.12/site-packages/airflow/example_dags/example_latest_only_with_trigger.py
[2025-03-10T23:10:32.877+0000] {processor.py:925} INFO - DAG(s) 'latest_only_with_trigger' retrieved from /home/airflow/.local/lib/python3.12/site-packages/airflow/example_dags/example_latest_only_with_trigger.py
[2025-03-10T23:10:32.906+0000] {logging_mixin.py:190} INFO - [2025-03-10T23:10:32.906+0000] {dag.py:3239} INFO - Sync 1 DAGs
[2025-03-10T23:10:32.945+0000] {logging_mixin.py:190} INFO - [2025-03-10T23:10:32.944+0000] {dag.py:4180} INFO - Setting next_dagrun for latest_only_with_trigger to 2025-03-10 16:00:00+00:00, run_after=2025-03-10 20:00:00+00:00
[2025-03-10T23:10:32.966+0000] {processor.py:208} INFO - Processing /home/airflow/.local/lib/python3.12/site-packages/airflow/example_dags/example_latest_only_with_trigger.py took 0.108 seconds
[2025-03-10T23:13:20.136+0000] {processor.py:186} INFO - Started process (PID=215) to work on /home/airflow/.local/lib/python3.12/site-packages/airflow/example_dags/example_latest_only_with_trigger.py
[2025-03-10T23:13:20.141+0000] {processor.py:914} INFO - Processing file /home/airflow/.local/lib/python3.12/site-packages/airflow/example_dags/example_latest_only_with_trigger.py for tasks to queue
[2025-03-10T23:13:20.148+0000] {logging_mixin.py:190} INFO - [2025-03-10T23:13:20.146+0000] {dagbag.py:588} INFO - Filling up the DagBag from /home/airflow/.local/lib/python3.12/site-packages/airflow/example_dags/example_latest_only_with_trigger.py
[2025-03-10T23:13:20.188+0000] {processor.py:925} INFO - DAG(s) 'latest_only_with_trigger' retrieved from /home/airflow/.local/lib/python3.12/site-packages/airflow/example_dags/example_latest_only_with_trigger.py
[2025-03-10T23:13:20.320+0000] {logging_mixin.py:190} INFO - [2025-03-10T23:13:20.318+0000] {dag.py:3239} INFO - Sync 1 DAGs
[2025-03-10T23:13:20.464+0000] {logging_mixin.py:190} INFO - [2025-03-10T23:13:20.463+0000] {dag.py:4180} INFO - Setting next_dagrun for latest_only_with_trigger to 2025-03-10 16:00:00+00:00, run_after=2025-03-10 20:00:00+00:00
[2025-03-10T23:13:20.575+0000] {processor.py:208} INFO - Processing /home/airflow/.local/lib/python3.12/site-packages/airflow/example_dags/example_latest_only_with_trigger.py took 0.476 seconds
[2025-03-10T23:14:54.958+0000] {processor.py:186} INFO - Started process (PID=288) to work on /home/airflow/.local/lib/python3.12/site-packages/airflow/example_dags/example_latest_only_with_trigger.py
[2025-03-10T23:14:54.964+0000] {processor.py:914} INFO - Processing file /home/airflow/.local/lib/python3.12/site-packages/airflow/example_dags/example_latest_only_with_trigger.py for tasks to queue
[2025-03-10T23:14:54.973+0000] {logging_mixin.py:190} INFO - [2025-03-10T23:14:54.971+0000] {dagbag.py:588} INFO - Filling up the DagBag from /home/airflow/.local/lib/python3.12/site-packages/airflow/example_dags/example_latest_only_with_trigger.py
[2025-03-10T23:14:55.015+0000] {processor.py:925} INFO - DAG(s) 'latest_only_with_trigger' retrieved from /home/airflow/.local/lib/python3.12/site-packages/airflow/example_dags/example_latest_only_with_trigger.py
[2025-03-10T23:14:55.160+0000] {logging_mixin.py:190} INFO - [2025-03-10T23:14:55.159+0000] {dag.py:3239} INFO - Sync 1 DAGs
[2025-03-10T23:14:55.335+0000] {logging_mixin.py:190} INFO - [2025-03-10T23:14:55.333+0000] {dag.py:4180} INFO - Setting next_dagrun for latest_only_with_trigger to 2025-03-10 16:00:00+00:00, run_after=2025-03-10 20:00:00+00:00
[2025-03-10T23:14:55.461+0000] {processor.py:208} INFO - Processing /home/airflow/.local/lib/python3.12/site-packages/airflow/example_dags/example_latest_only_with_trigger.py took 0.542 seconds
[2025-03-10T23:15:25.609+0000] {processor.py:186} INFO - Started process (PID=350) to work on /home/airflow/.local/lib/python3.12/site-packages/airflow/example_dags/example_latest_only_with_trigger.py
[2025-03-10T23:15:25.612+0000] {processor.py:914} INFO - Processing file /home/airflow/.local/lib/python3.12/site-packages/airflow/example_dags/example_latest_only_with_trigger.py for tasks to queue
[2025-03-10T23:15:25.618+0000] {logging_mixin.py:190} INFO - [2025-03-10T23:15:25.616+0000] {dagbag.py:588} INFO - Filling up the DagBag from /home/airflow/.local/lib/python3.12/site-packages/airflow/example_dags/example_latest_only_with_trigger.py
[2025-03-10T23:15:25.650+0000] {processor.py:925} INFO - DAG(s) 'latest_only_with_trigger' retrieved from /home/airflow/.local/lib/python3.12/site-packages/airflow/example_dags/example_latest_only_with_trigger.py
[2025-03-10T23:15:25.784+0000] {logging_mixin.py:190} INFO - [2025-03-10T23:15:25.782+0000] {dag.py:3239} INFO - Sync 1 DAGs
[2025-03-10T23:15:25.920+0000] {logging_mixin.py:190} INFO - [2025-03-10T23:15:25.919+0000] {dag.py:4180} INFO - Setting next_dagrun for latest_only_with_trigger to 2025-03-10 16:00:00+00:00, run_after=2025-03-10 20:00:00+00:00
[2025-03-10T23:15:26.017+0000] {processor.py:208} INFO - Processing /home/airflow/.local/lib/python3.12/site-packages/airflow/example_dags/example_latest_only_with_trigger.py took 0.438 seconds
[2025-03-10T23:15:56.336+0000] {processor.py:186} INFO - Started process (PID=413) to work on /home/airflow/.local/lib/python3.12/site-packages/airflow/example_dags/example_latest_only_with_trigger.py
[2025-03-10T23:15:56.337+0000] {processor.py:914} INFO - Processing file /home/airflow/.local/lib/python3.12/site-packages/airflow/example_dags/example_latest_only_with_trigger.py for tasks to queue
[2025-03-10T23:15:56.338+0000] {logging_mixin.py:190} INFO - [2025-03-10T23:15:56.338+0000] {dagbag.py:588} INFO - Filling up the DagBag from /home/airflow/.local/lib/python3.12/site-packages/airflow/example_dags/example_latest_only_with_trigger.py
[2025-03-10T23:15:56.347+0000] {processor.py:925} INFO - DAG(s) 'latest_only_with_trigger' retrieved from /home/airflow/.local/lib/python3.12/site-packages/airflow/example_dags/example_latest_only_with_trigger.py
[2025-03-10T23:15:56.374+0000] {logging_mixin.py:190} INFO - [2025-03-10T23:15:56.373+0000] {dag.py:3239} INFO - Sync 1 DAGs
[2025-03-10T23:15:56.401+0000] {logging_mixin.py:190} INFO - [2025-03-10T23:15:56.401+0000] {dag.py:4180} INFO - Setting next_dagrun for latest_only_with_trigger to 2025-03-10 16:00:00+00:00, run_after=2025-03-10 20:00:00+00:00
[2025-03-10T23:15:56.423+0000] {processor.py:208} INFO - Processing /home/airflow/.local/lib/python3.12/site-packages/airflow/example_dags/example_latest_only_with_trigger.py took 0.095 seconds
[2025-03-10T23:16:27.115+0000] {processor.py:186} INFO - Started process (PID=476) to work on /home/airflow/.local/lib/python3.12/site-packages/airflow/example_dags/example_latest_only_with_trigger.py
[2025-03-10T23:16:27.116+0000] {processor.py:914} INFO - Processing file /home/airflow/.local/lib/python3.12/site-packages/airflow/example_dags/example_latest_only_with_trigger.py for tasks to queue
[2025-03-10T23:16:27.117+0000] {logging_mixin.py:190} INFO - [2025-03-10T23:16:27.117+0000] {dagbag.py:588} INFO - Filling up the DagBag from /home/airflow/.local/lib/python3.12/site-packages/airflow/example_dags/example_latest_only_with_trigger.py
[2025-03-10T23:16:27.126+0000] {processor.py:925} INFO - DAG(s) 'latest_only_with_trigger' retrieved from /home/airflow/.local/lib/python3.12/site-packages/airflow/example_dags/example_latest_only_with_trigger.py
[2025-03-10T23:16:27.152+0000] {logging_mixin.py:190} INFO - [2025-03-10T23:16:27.152+0000] {dag.py:3239} INFO - Sync 1 DAGs
[2025-03-10T23:16:27.179+0000] {logging_mixin.py:190} INFO - [2025-03-10T23:16:27.179+0000] {dag.py:4180} INFO - Setting next_dagrun for latest_only_with_trigger to 2025-03-10 16:00:00+00:00, run_after=2025-03-10 20:00:00+00:00
[2025-03-10T23:16:27.201+0000] {processor.py:208} INFO - Processing /home/airflow/.local/lib/python3.12/site-packages/airflow/example_dags/example_latest_only_with_trigger.py took 0.095 seconds
[2025-03-10T23:16:57.766+0000] {processor.py:186} INFO - Started process (PID=539) to work on /home/airflow/.local/lib/python3.12/site-packages/airflow/example_dags/example_latest_only_with_trigger.py
[2025-03-10T23:16:57.767+0000] {processor.py:914} INFO - Processing file /home/airflow/.local/lib/python3.12/site-packages/airflow/example_dags/example_latest_only_with_trigger.py for tasks to queue
[2025-03-10T23:16:57.768+0000] {logging_mixin.py:190} INFO - [2025-03-10T23:16:57.768+0000] {dagbag.py:588} INFO - Filling up the DagBag from /home/airflow/.local/lib/python3.12/site-packages/airflow/example_dags/example_latest_only_with_trigger.py
[2025-03-10T23:16:57.778+0000] {processor.py:925} INFO - DAG(s) 'latest_only_with_trigger' retrieved from /home/airflow/.local/lib/python3.12/site-packages/airflow/example_dags/example_latest_only_with_trigger.py
[2025-03-10T23:16:57.806+0000] {logging_mixin.py:190} INFO - [2025-03-10T23:16:57.806+0000] {dag.py:3239} INFO - Sync 1 DAGs
[2025-03-10T23:16:57.834+0000] {logging_mixin.py:190} INFO - [2025-03-10T23:16:57.834+0000] {dag.py:4180} INFO - Setting next_dagrun for latest_only_with_trigger to 2025-03-10 16:00:00+00:00, run_after=2025-03-10 20:00:00+00:00
[2025-03-10T23:16:57.856+0000] {processor.py:208} INFO - Processing /home/airflow/.local/lib/python3.12/site-packages/airflow/example_dags/example_latest_only_with_trigger.py took 0.098 seconds
[2025-03-10T23:17:28.079+0000] {processor.py:186} INFO - Started process (PID=602) to work on /home/airflow/.local/lib/python3.12/site-packages/airflow/example_dags/example_latest_only_with_trigger.py
[2025-03-10T23:17:28.080+0000] {processor.py:914} INFO - Processing file /home/airflow/.local/lib/python3.12/site-packages/airflow/example_dags/example_latest_only_with_trigger.py for tasks to queue
[2025-03-10T23:17:28.082+0000] {logging_mixin.py:190} INFO - [2025-03-10T23:17:28.081+0000] {dagbag.py:588} INFO - Filling up the DagBag from /home/airflow/.local/lib/python3.12/site-packages/airflow/example_dags/example_latest_only_with_trigger.py
[2025-03-10T23:17:28.091+0000] {processor.py:925} INFO - DAG(s) 'latest_only_with_trigger' retrieved from /home/airflow/.local/lib/python3.12/site-packages/airflow/example_dags/example_latest_only_with_trigger.py
[2025-03-10T23:17:28.117+0000] {logging_mixin.py:190} INFO - [2025-03-10T23:17:28.117+0000] {dag.py:3239} INFO - Sync 1 DAGs
[2025-03-10T23:17:28.145+0000] {logging_mixin.py:190} INFO - [2025-03-10T23:17:28.145+0000] {dag.py:4180} INFO - Setting next_dagrun for latest_only_with_trigger to 2025-03-10 16:00:00+00:00, run_after=2025-03-10 20:00:00+00:00
[2025-03-10T23:17:28.167+0000] {processor.py:208} INFO - Processing /home/airflow/.local/lib/python3.12/site-packages/airflow/example_dags/example_latest_only_with_trigger.py took 0.096 seconds
[2025-03-10T23:17:58.795+0000] {processor.py:186} INFO - Started process (PID=665) to work on /home/airflow/.local/lib/python3.12/site-packages/airflow/example_dags/example_latest_only_with_trigger.py
[2025-03-10T23:17:58.796+0000] {processor.py:914} INFO - Processing file /home/airflow/.local/lib/python3.12/site-packages/airflow/example_dags/example_latest_only_with_trigger.py for tasks to queue
[2025-03-10T23:17:58.798+0000] {logging_mixin.py:190} INFO - [2025-03-10T23:17:58.798+0000] {dagbag.py:588} INFO - Filling up the DagBag from /home/airflow/.local/lib/python3.12/site-packages/airflow/example_dags/example_latest_only_with_trigger.py
[2025-03-10T23:17:58.809+0000] {processor.py:925} INFO - DAG(s) 'latest_only_with_trigger' retrieved from /home/airflow/.local/lib/python3.12/site-packages/airflow/example_dags/example_latest_only_with_trigger.py
[2025-03-10T23:17:58.852+0000] {logging_mixin.py:190} INFO - [2025-03-10T23:17:58.852+0000] {dag.py:3239} INFO - Sync 1 DAGs
[2025-03-10T23:17:58.903+0000] {logging_mixin.py:190} INFO - [2025-03-10T23:17:58.903+0000] {dag.py:4180} INFO - Setting next_dagrun for latest_only_with_trigger to 2025-03-10 16:00:00+00:00, run_after=2025-03-10 20:00:00+00:00
[2025-03-10T23:17:58.935+0000] {processor.py:208} INFO - Processing /home/airflow/.local/lib/python3.12/site-packages/airflow/example_dags/example_latest_only_with_trigger.py took 0.148 seconds
[2025-03-10T23:18:29.521+0000] {processor.py:186} INFO - Started process (PID=728) to work on /home/airflow/.local/lib/python3.12/site-packages/airflow/example_dags/example_latest_only_with_trigger.py
[2025-03-10T23:18:29.522+0000] {processor.py:914} INFO - Processing file /home/airflow/.local/lib/python3.12/site-packages/airflow/example_dags/example_latest_only_with_trigger.py for tasks to queue
[2025-03-10T23:18:29.524+0000] {logging_mixin.py:190} INFO - [2025-03-10T23:18:29.524+0000] {dagbag.py:588} INFO - Filling up the DagBag from /home/airflow/.local/lib/python3.12/site-packages/airflow/example_dags/example_latest_only_with_trigger.py
[2025-03-10T23:18:29.533+0000] {processor.py:925} INFO - DAG(s) 'latest_only_with_trigger' retrieved from /home/airflow/.local/lib/python3.12/site-packages/airflow/example_dags/example_latest_only_with_trigger.py
[2025-03-10T23:18:29.561+0000] {logging_mixin.py:190} INFO - [2025-03-10T23:18:29.561+0000] {dag.py:3239} INFO - Sync 1 DAGs
[2025-03-10T23:18:29.591+0000] {logging_mixin.py:190} INFO - [2025-03-10T23:18:29.591+0000] {dag.py:4180} INFO - Setting next_dagrun for latest_only_with_trigger to 2025-03-10 16:00:00+00:00, run_after=2025-03-10 20:00:00+00:00
[2025-03-10T23:18:29.613+0000] {processor.py:208} INFO - Processing /home/airflow/.local/lib/python3.12/site-packages/airflow/example_dags/example_latest_only_with_trigger.py took 0.100 seconds
[2025-03-10T23:18:59.954+0000] {processor.py:186} INFO - Started process (PID=791) to work on /home/airflow/.local/lib/python3.12/site-packages/airflow/example_dags/example_latest_only_with_trigger.py
[2025-03-10T23:18:59.955+0000] {processor.py:914} INFO - Processing file /home/airflow/.local/lib/python3.12/site-packages/airflow/example_dags/example_latest_only_with_trigger.py for tasks to queue
[2025-03-10T23:18:59.956+0000] {logging_mixin.py:190} INFO - [2025-03-10T23:18:59.956+0000] {dagbag.py:588} INFO - Filling up the DagBag from /home/airflow/.local/lib/python3.12/site-packages/airflow/example_dags/example_latest_only_with_trigger.py
[2025-03-10T23:18:59.965+0000] {processor.py:925} INFO - DAG(s) 'latest_only_with_trigger' retrieved from /home/airflow/.local/lib/python3.12/site-packages/airflow/example_dags/example_latest_only_with_trigger.py
[2025-03-10T23:18:59.989+0000] {logging_mixin.py:190} INFO - [2025-03-10T23:18:59.989+0000] {dag.py:3239} INFO - Sync 1 DAGs
[2025-03-10T23:19:00.018+0000] {logging_mixin.py:190} INFO - [2025-03-10T23:19:00.018+0000] {dag.py:4180} INFO - Setting next_dagrun for latest_only_with_trigger to 2025-03-10 16:00:00+00:00, run_after=2025-03-10 20:00:00+00:00
[2025-03-10T23:19:00.039+0000] {processor.py:208} INFO - Processing /home/airflow/.local/lib/python3.12/site-packages/airflow/example_dags/example_latest_only_with_trigger.py took 0.093 seconds
[2025-03-10T23:27:10.104+0000] {processor.py:186} INFO - Started process (PID=87) to work on /home/airflow/.local/lib/python3.12/site-packages/airflow/example_dags/example_latest_only_with_trigger.py
[2025-03-10T23:27:10.105+0000] {processor.py:914} INFO - Processing file /home/airflow/.local/lib/python3.12/site-packages/airflow/example_dags/example_latest_only_with_trigger.py for tasks to queue
[2025-03-10T23:27:10.109+0000] {logging_mixin.py:190} INFO - [2025-03-10T23:27:10.109+0000] {dagbag.py:588} INFO - Filling up the DagBag from /home/airflow/.local/lib/python3.12/site-packages/airflow/example_dags/example_latest_only_with_trigger.py
[2025-03-10T23:27:10.118+0000] {processor.py:925} INFO - DAG(s) 'latest_only_with_trigger' retrieved from /home/airflow/.local/lib/python3.12/site-packages/airflow/example_dags/example_latest_only_with_trigger.py
[2025-03-10T23:27:10.148+0000] {logging_mixin.py:190} INFO - [2025-03-10T23:27:10.147+0000] {dag.py:3239} INFO - Sync 1 DAGs
[2025-03-10T23:27:10.178+0000] {logging_mixin.py:190} INFO - [2025-03-10T23:27:10.177+0000] {dag.py:4180} INFO - Setting next_dagrun for latest_only_with_trigger to 2025-03-10 16:00:00+00:00, run_after=2025-03-10 20:00:00+00:00
[2025-03-10T23:27:10.209+0000] {processor.py:208} INFO - Processing /home/airflow/.local/lib/python3.12/site-packages/airflow/example_dags/example_latest_only_with_trigger.py took 0.112 seconds
[2025-03-10T23:27:41.304+0000] {processor.py:186} INFO - Started process (PID=150) to work on /home/airflow/.local/lib/python3.12/site-packages/airflow/example_dags/example_latest_only_with_trigger.py
[2025-03-10T23:27:41.305+0000] {processor.py:914} INFO - Processing file /home/airflow/.local/lib/python3.12/site-packages/airflow/example_dags/example_latest_only_with_trigger.py for tasks to queue
[2025-03-10T23:27:41.308+0000] {logging_mixin.py:190} INFO - [2025-03-10T23:27:41.308+0000] {dagbag.py:588} INFO - Filling up the DagBag from /home/airflow/.local/lib/python3.12/site-packages/airflow/example_dags/example_latest_only_with_trigger.py
[2025-03-10T23:27:41.315+0000] {processor.py:925} INFO - DAG(s) 'latest_only_with_trigger' retrieved from /home/airflow/.local/lib/python3.12/site-packages/airflow/example_dags/example_latest_only_with_trigger.py
[2025-03-10T23:27:41.344+0000] {logging_mixin.py:190} INFO - [2025-03-10T23:27:41.343+0000] {dag.py:3239} INFO - Sync 1 DAGs
[2025-03-10T23:27:41.375+0000] {logging_mixin.py:190} INFO - [2025-03-10T23:27:41.374+0000] {dag.py:4180} INFO - Setting next_dagrun for latest_only_with_trigger to 2025-03-10 16:00:00+00:00, run_after=2025-03-10 20:00:00+00:00
[2025-03-10T23:27:41.399+0000] {processor.py:208} INFO - Processing /home/airflow/.local/lib/python3.12/site-packages/airflow/example_dags/example_latest_only_with_trigger.py took 0.102 seconds
[2025-03-10T23:28:11.944+0000] {processor.py:186} INFO - Started process (PID=213) to work on /home/airflow/.local/lib/python3.12/site-packages/airflow/example_dags/example_latest_only_with_trigger.py
[2025-03-10T23:28:11.945+0000] {processor.py:914} INFO - Processing file /home/airflow/.local/lib/python3.12/site-packages/airflow/example_dags/example_latest_only_with_trigger.py for tasks to queue
[2025-03-10T23:28:11.948+0000] {logging_mixin.py:190} INFO - [2025-03-10T23:28:11.948+0000] {dagbag.py:588} INFO - Filling up the DagBag from /home/airflow/.local/lib/python3.12/site-packages/airflow/example_dags/example_latest_only_with_trigger.py
[2025-03-10T23:28:11.955+0000] {processor.py:925} INFO - DAG(s) 'latest_only_with_trigger' retrieved from /home/airflow/.local/lib/python3.12/site-packages/airflow/example_dags/example_latest_only_with_trigger.py
[2025-03-10T23:28:11.980+0000] {logging_mixin.py:190} INFO - [2025-03-10T23:28:11.979+0000] {dag.py:3239} INFO - Sync 1 DAGs
[2025-03-10T23:28:12.009+0000] {logging_mixin.py:190} INFO - [2025-03-10T23:28:12.008+0000] {dag.py:4180} INFO - Setting next_dagrun for latest_only_with_trigger to 2025-03-10 16:00:00+00:00, run_after=2025-03-10 20:00:00+00:00
[2025-03-10T23:28:12.029+0000] {processor.py:208} INFO - Processing /home/airflow/.local/lib/python3.12/site-packages/airflow/example_dags/example_latest_only_with_trigger.py took 0.091 seconds
[2025-03-10T23:28:42.820+0000] {processor.py:186} INFO - Started process (PID=276) to work on /home/airflow/.local/lib/python3.12/site-packages/airflow/example_dags/example_latest_only_with_trigger.py
[2025-03-10T23:28:42.821+0000] {processor.py:914} INFO - Processing file /home/airflow/.local/lib/python3.12/site-packages/airflow/example_dags/example_latest_only_with_trigger.py for tasks to queue
[2025-03-10T23:28:42.824+0000] {logging_mixin.py:190} INFO - [2025-03-10T23:28:42.824+0000] {dagbag.py:588} INFO - Filling up the DagBag from /home/airflow/.local/lib/python3.12/site-packages/airflow/example_dags/example_latest_only_with_trigger.py
[2025-03-10T23:28:42.833+0000] {processor.py:925} INFO - DAG(s) 'latest_only_with_trigger' retrieved from /home/airflow/.local/lib/python3.12/site-packages/airflow/example_dags/example_latest_only_with_trigger.py
[2025-03-10T23:28:42.858+0000] {logging_mixin.py:190} INFO - [2025-03-10T23:28:42.858+0000] {dag.py:3239} INFO - Sync 1 DAGs
[2025-03-10T23:28:42.888+0000] {logging_mixin.py:190} INFO - [2025-03-10T23:28:42.888+0000] {dag.py:4180} INFO - Setting next_dagrun for latest_only_with_trigger to 2025-03-10 16:00:00+00:00, run_after=2025-03-10 20:00:00+00:00
[2025-03-10T23:28:42.909+0000] {processor.py:208} INFO - Processing /home/airflow/.local/lib/python3.12/site-packages/airflow/example_dags/example_latest_only_with_trigger.py took 0.096 seconds
[2025-03-10T23:29:13.896+0000] {processor.py:186} INFO - Started process (PID=339) to work on /home/airflow/.local/lib/python3.12/site-packages/airflow/example_dags/example_latest_only_with_trigger.py
[2025-03-10T23:29:13.897+0000] {processor.py:914} INFO - Processing file /home/airflow/.local/lib/python3.12/site-packages/airflow/example_dags/example_latest_only_with_trigger.py for tasks to queue
[2025-03-10T23:29:13.900+0000] {logging_mixin.py:190} INFO - [2025-03-10T23:29:13.900+0000] {dagbag.py:588} INFO - Filling up the DagBag from /home/airflow/.local/lib/python3.12/site-packages/airflow/example_dags/example_latest_only_with_trigger.py
[2025-03-10T23:29:13.907+0000] {processor.py:925} INFO - DAG(s) 'latest_only_with_trigger' retrieved from /home/airflow/.local/lib/python3.12/site-packages/airflow/example_dags/example_latest_only_with_trigger.py
[2025-03-10T23:29:13.935+0000] {logging_mixin.py:190} INFO - [2025-03-10T23:29:13.934+0000] {dag.py:3239} INFO - Sync 1 DAGs
[2025-03-10T23:29:13.972+0000] {logging_mixin.py:190} INFO - [2025-03-10T23:29:13.971+0000] {dag.py:4180} INFO - Setting next_dagrun for latest_only_with_trigger to 2025-03-10 16:00:00+00:00, run_after=2025-03-10 20:00:00+00:00
[2025-03-10T23:29:13.996+0000] {processor.py:208} INFO - Processing /home/airflow/.local/lib/python3.12/site-packages/airflow/example_dags/example_latest_only_with_trigger.py took 0.107 seconds
[2025-03-10T23:35:18.783+0000] {processor.py:186} INFO - Started process (PID=107) to work on /home/airflow/.local/lib/python3.12/site-packages/airflow/example_dags/example_latest_only_with_trigger.py
[2025-03-10T23:35:18.787+0000] {processor.py:914} INFO - Processing file /home/airflow/.local/lib/python3.12/site-packages/airflow/example_dags/example_latest_only_with_trigger.py for tasks to queue
[2025-03-10T23:35:18.802+0000] {logging_mixin.py:190} INFO - [2025-03-10T23:35:18.800+0000] {dagbag.py:588} INFO - Filling up the DagBag from /home/airflow/.local/lib/python3.12/site-packages/airflow/example_dags/example_latest_only_with_trigger.py
[2025-03-10T23:35:18.841+0000] {processor.py:925} INFO - DAG(s) 'latest_only_with_trigger' retrieved from /home/airflow/.local/lib/python3.12/site-packages/airflow/example_dags/example_latest_only_with_trigger.py
[2025-03-10T23:35:18.993+0000] {logging_mixin.py:190} INFO - [2025-03-10T23:35:18.992+0000] {dag.py:3239} INFO - Sync 1 DAGs
[2025-03-10T23:35:19.156+0000] {logging_mixin.py:190} INFO - [2025-03-10T23:35:19.155+0000] {dag.py:4180} INFO - Setting next_dagrun for latest_only_with_trigger to 2025-03-10 16:00:00+00:00, run_after=2025-03-10 20:00:00+00:00
[2025-03-10T23:35:19.256+0000] {processor.py:208} INFO - Processing /home/airflow/.local/lib/python3.12/site-packages/airflow/example_dags/example_latest_only_with_trigger.py took 0.511 seconds
[2025-03-10T23:35:49.527+0000] {processor.py:186} INFO - Started process (PID=170) to work on /home/airflow/.local/lib/python3.12/site-packages/airflow/example_dags/example_latest_only_with_trigger.py
[2025-03-10T23:35:49.528+0000] {processor.py:914} INFO - Processing file /home/airflow/.local/lib/python3.12/site-packages/airflow/example_dags/example_latest_only_with_trigger.py for tasks to queue
[2025-03-10T23:35:49.531+0000] {logging_mixin.py:190} INFO - [2025-03-10T23:35:49.531+0000] {dagbag.py:588} INFO - Filling up the DagBag from /home/airflow/.local/lib/python3.12/site-packages/airflow/example_dags/example_latest_only_with_trigger.py
[2025-03-10T23:35:49.539+0000] {processor.py:925} INFO - DAG(s) 'latest_only_with_trigger' retrieved from /home/airflow/.local/lib/python3.12/site-packages/airflow/example_dags/example_latest_only_with_trigger.py
[2025-03-10T23:35:49.568+0000] {logging_mixin.py:190} INFO - [2025-03-10T23:35:49.567+0000] {dag.py:3239} INFO - Sync 1 DAGs
[2025-03-10T23:35:49.598+0000] {logging_mixin.py:190} INFO - [2025-03-10T23:35:49.597+0000] {dag.py:4180} INFO - Setting next_dagrun for latest_only_with_trigger to 2025-03-10 16:00:00+00:00, run_after=2025-03-10 20:00:00+00:00
[2025-03-10T23:35:49.621+0000] {processor.py:208} INFO - Processing /home/airflow/.local/lib/python3.12/site-packages/airflow/example_dags/example_latest_only_with_trigger.py took 0.103 seconds
[2025-03-10T23:36:19.673+0000] {processor.py:186} INFO - Started process (PID=233) to work on /home/airflow/.local/lib/python3.12/site-packages/airflow/example_dags/example_latest_only_with_trigger.py
[2025-03-10T23:36:19.674+0000] {processor.py:914} INFO - Processing file /home/airflow/.local/lib/python3.12/site-packages/airflow/example_dags/example_latest_only_with_trigger.py for tasks to queue
[2025-03-10T23:36:19.676+0000] {logging_mixin.py:190} INFO - [2025-03-10T23:36:19.676+0000] {dagbag.py:588} INFO - Filling up the DagBag from /home/airflow/.local/lib/python3.12/site-packages/airflow/example_dags/example_latest_only_with_trigger.py
[2025-03-10T23:36:19.683+0000] {processor.py:925} INFO - DAG(s) 'latest_only_with_trigger' retrieved from /home/airflow/.local/lib/python3.12/site-packages/airflow/example_dags/example_latest_only_with_trigger.py
[2025-03-10T23:36:19.707+0000] {logging_mixin.py:190} INFO - [2025-03-10T23:36:19.706+0000] {dag.py:3239} INFO - Sync 1 DAGs
[2025-03-10T23:36:19.734+0000] {logging_mixin.py:190} INFO - [2025-03-10T23:36:19.734+0000] {dag.py:4180} INFO - Setting next_dagrun for latest_only_with_trigger to 2025-03-10 16:00:00+00:00, run_after=2025-03-10 20:00:00+00:00
[2025-03-10T23:36:19.752+0000] {processor.py:208} INFO - Processing /home/airflow/.local/lib/python3.12/site-packages/airflow/example_dags/example_latest_only_with_trigger.py took 0.086 seconds
[2025-03-10T23:36:49.804+0000] {processor.py:186} INFO - Started process (PID=295) to work on /home/airflow/.local/lib/python3.12/site-packages/airflow/example_dags/example_latest_only_with_trigger.py
[2025-03-10T23:36:49.806+0000] {processor.py:914} INFO - Processing file /home/airflow/.local/lib/python3.12/site-packages/airflow/example_dags/example_latest_only_with_trigger.py for tasks to queue
[2025-03-10T23:36:49.809+0000] {logging_mixin.py:190} INFO - [2025-03-10T23:36:49.808+0000] {dagbag.py:588} INFO - Filling up the DagBag from /home/airflow/.local/lib/python3.12/site-packages/airflow/example_dags/example_latest_only_with_trigger.py
[2025-03-10T23:36:49.816+0000] {processor.py:925} INFO - DAG(s) 'latest_only_with_trigger' retrieved from /home/airflow/.local/lib/python3.12/site-packages/airflow/example_dags/example_latest_only_with_trigger.py
[2025-03-10T23:36:49.845+0000] {logging_mixin.py:190} INFO - [2025-03-10T23:36:49.845+0000] {dag.py:3239} INFO - Sync 1 DAGs
[2025-03-10T23:36:49.876+0000] {logging_mixin.py:190} INFO - [2025-03-10T23:36:49.876+0000] {dag.py:4180} INFO - Setting next_dagrun for latest_only_with_trigger to 2025-03-10 16:00:00+00:00, run_after=2025-03-10 20:00:00+00:00
[2025-03-10T23:36:49.898+0000] {processor.py:208} INFO - Processing /home/airflow/.local/lib/python3.12/site-packages/airflow/example_dags/example_latest_only_with_trigger.py took 0.103 seconds
[2025-03-10T23:37:20.634+0000] {processor.py:186} INFO - Started process (PID=358) to work on /home/airflow/.local/lib/python3.12/site-packages/airflow/example_dags/example_latest_only_with_trigger.py
[2025-03-10T23:37:20.635+0000] {processor.py:914} INFO - Processing file /home/airflow/.local/lib/python3.12/site-packages/airflow/example_dags/example_latest_only_with_trigger.py for tasks to queue
[2025-03-10T23:37:20.638+0000] {logging_mixin.py:190} INFO - [2025-03-10T23:37:20.638+0000] {dagbag.py:588} INFO - Filling up the DagBag from /home/airflow/.local/lib/python3.12/site-packages/airflow/example_dags/example_latest_only_with_trigger.py
[2025-03-10T23:37:20.645+0000] {processor.py:925} INFO - DAG(s) 'latest_only_with_trigger' retrieved from /home/airflow/.local/lib/python3.12/site-packages/airflow/example_dags/example_latest_only_with_trigger.py
[2025-03-10T23:37:20.671+0000] {logging_mixin.py:190} INFO - [2025-03-10T23:37:20.671+0000] {dag.py:3239} INFO - Sync 1 DAGs
[2025-03-10T23:37:20.699+0000] {logging_mixin.py:190} INFO - [2025-03-10T23:37:20.699+0000] {dag.py:4180} INFO - Setting next_dagrun for latest_only_with_trigger to 2025-03-10 16:00:00+00:00, run_after=2025-03-10 20:00:00+00:00
[2025-03-10T23:37:20.719+0000] {processor.py:208} INFO - Processing /home/airflow/.local/lib/python3.12/site-packages/airflow/example_dags/example_latest_only_with_trigger.py took 0.092 seconds
