[2025-03-10T20:30:15.381+0000] {processor.py:186} INFO - Started process (PID=122) to work on /home/airflow/.local/lib/python3.12/site-packages/airflow/example_dags/example_nested_branch_dag.py
[2025-03-10T20:30:15.381+0000] {processor.py:914} INFO - Processing file /home/airflow/.local/lib/python3.12/site-packages/airflow/example_dags/example_nested_branch_dag.py for tasks to queue
[2025-03-10T20:30:15.384+0000] {logging_mixin.py:190} INFO - [2025-03-10T20:30:15.384+0000] {dagbag.py:588} INFO - Filling up the DagBag from /home/airflow/.local/lib/python3.12/site-packages/airflow/example_dags/example_nested_branch_dag.py
[2025-03-10T20:30:15.400+0000] {processor.py:925} INFO - DAG(s) 'example_nested_branch_dag' retrieved from /home/airflow/.local/lib/python3.12/site-packages/airflow/example_dags/example_nested_branch_dag.py
[2025-03-10T20:30:15.469+0000] {logging_mixin.py:190} INFO - [2025-03-10T20:30:15.468+0000] {override.py:1912} INFO - Created Permission View: can read on DAG:example_nested_branch_dag
[2025-03-10T20:30:15.484+0000] {logging_mixin.py:190} INFO - [2025-03-10T20:30:15.484+0000] {override.py:1912} INFO - Created Permission View: can edit on DAG:example_nested_branch_dag
[2025-03-10T20:30:15.493+0000] {logging_mixin.py:190} INFO - [2025-03-10T20:30:15.492+0000] {override.py:1912} INFO - Created Permission View: can delete on DAG:example_nested_branch_dag
[2025-03-10T20:30:15.501+0000] {logging_mixin.py:190} INFO - [2025-03-10T20:30:15.501+0000] {override.py:1912} INFO - Created Permission View: menu access on DAG Run:example_nested_branch_dag
[2025-03-10T20:30:15.508+0000] {logging_mixin.py:190} INFO - [2025-03-10T20:30:15.508+0000] {override.py:1912} INFO - Created Permission View: can read on DAG Run:example_nested_branch_dag
[2025-03-10T20:30:15.515+0000] {logging_mixin.py:190} INFO - [2025-03-10T20:30:15.514+0000] {override.py:1912} INFO - Created Permission View: can create on DAG Run:example_nested_branch_dag
[2025-03-10T20:30:15.521+0000] {logging_mixin.py:190} INFO - [2025-03-10T20:30:15.521+0000] {override.py:1912} INFO - Created Permission View: can delete on DAG Run:example_nested_branch_dag
[2025-03-10T20:30:15.522+0000] {logging_mixin.py:190} INFO - [2025-03-10T20:30:15.521+0000] {dag.py:3239} INFO - Sync 1 DAGs
[2025-03-10T20:30:15.539+0000] {logging_mixin.py:190} INFO - [2025-03-10T20:30:15.539+0000] {dag.py:3262} INFO - Creating ORM DAG for example_nested_branch_dag
[2025-03-10T20:30:15.552+0000] {logging_mixin.py:190} INFO - [2025-03-10T20:30:15.552+0000] {dag.py:4180} INFO - Setting next_dagrun for example_nested_branch_dag to 2025-03-09 00:00:00+00:00, run_after=2025-03-10 00:00:00+00:00
[2025-03-10T20:30:15.571+0000] {processor.py:208} INFO - Processing /home/airflow/.local/lib/python3.12/site-packages/airflow/example_dags/example_nested_branch_dag.py took 0.197 seconds
[2025-03-10T20:30:46.000+0000] {processor.py:186} INFO - Started process (PID=185) to work on /home/airflow/.local/lib/python3.12/site-packages/airflow/example_dags/example_nested_branch_dag.py
[2025-03-10T20:30:46.001+0000] {processor.py:914} INFO - Processing file /home/airflow/.local/lib/python3.12/site-packages/airflow/example_dags/example_nested_branch_dag.py for tasks to queue
[2025-03-10T20:30:46.004+0000] {logging_mixin.py:190} INFO - [2025-03-10T20:30:46.004+0000] {dagbag.py:588} INFO - Filling up the DagBag from /home/airflow/.local/lib/python3.12/site-packages/airflow/example_dags/example_nested_branch_dag.py
[2025-03-10T20:30:46.018+0000] {processor.py:925} INFO - DAG(s) 'example_nested_branch_dag' retrieved from /home/airflow/.local/lib/python3.12/site-packages/airflow/example_dags/example_nested_branch_dag.py
[2025-03-10T20:30:46.049+0000] {logging_mixin.py:190} INFO - [2025-03-10T20:30:46.048+0000] {dag.py:3239} INFO - Sync 1 DAGs
[2025-03-10T20:30:46.081+0000] {logging_mixin.py:190} INFO - [2025-03-10T20:30:46.081+0000] {dag.py:4180} INFO - Setting next_dagrun for example_nested_branch_dag to 2025-03-09 00:00:00+00:00, run_after=2025-03-10 00:00:00+00:00
[2025-03-10T20:30:46.104+0000] {processor.py:208} INFO - Processing /home/airflow/.local/lib/python3.12/site-packages/airflow/example_dags/example_nested_branch_dag.py took 0.110 seconds
[2025-03-10T20:31:18.124+0000] {processor.py:186} INFO - Started process (PID=248) to work on /home/airflow/.local/lib/python3.12/site-packages/airflow/example_dags/example_nested_branch_dag.py
[2025-03-10T20:31:18.128+0000] {processor.py:914} INFO - Processing file /home/airflow/.local/lib/python3.12/site-packages/airflow/example_dags/example_nested_branch_dag.py for tasks to queue
[2025-03-10T20:31:18.142+0000] {logging_mixin.py:190} INFO - [2025-03-10T20:31:18.141+0000] {dagbag.py:588} INFO - Filling up the DagBag from /home/airflow/.local/lib/python3.12/site-packages/airflow/example_dags/example_nested_branch_dag.py
[2025-03-10T20:31:18.211+0000] {processor.py:925} INFO - DAG(s) 'example_nested_branch_dag' retrieved from /home/airflow/.local/lib/python3.12/site-packages/airflow/example_dags/example_nested_branch_dag.py
[2025-03-10T20:31:18.318+0000] {logging_mixin.py:190} INFO - [2025-03-10T20:31:18.317+0000] {dag.py:3239} INFO - Sync 1 DAGs
[2025-03-10T20:31:18.459+0000] {logging_mixin.py:190} INFO - [2025-03-10T20:31:18.458+0000] {dag.py:4180} INFO - Setting next_dagrun for example_nested_branch_dag to 2025-03-09 00:00:00+00:00, run_after=2025-03-10 00:00:00+00:00
[2025-03-10T20:31:18.534+0000] {processor.py:208} INFO - Processing /home/airflow/.local/lib/python3.12/site-packages/airflow/example_dags/example_nested_branch_dag.py took 0.443 seconds
[2025-03-10T20:31:48.627+0000] {processor.py:186} INFO - Started process (PID=311) to work on /home/airflow/.local/lib/python3.12/site-packages/airflow/example_dags/example_nested_branch_dag.py
[2025-03-10T20:31:48.628+0000] {processor.py:914} INFO - Processing file /home/airflow/.local/lib/python3.12/site-packages/airflow/example_dags/example_nested_branch_dag.py for tasks to queue
[2025-03-10T20:31:48.630+0000] {logging_mixin.py:190} INFO - [2025-03-10T20:31:48.630+0000] {dagbag.py:588} INFO - Filling up the DagBag from /home/airflow/.local/lib/python3.12/site-packages/airflow/example_dags/example_nested_branch_dag.py
[2025-03-10T20:31:48.644+0000] {processor.py:925} INFO - DAG(s) 'example_nested_branch_dag' retrieved from /home/airflow/.local/lib/python3.12/site-packages/airflow/example_dags/example_nested_branch_dag.py
[2025-03-10T20:31:48.672+0000] {logging_mixin.py:190} INFO - [2025-03-10T20:31:48.672+0000] {dag.py:3239} INFO - Sync 1 DAGs
[2025-03-10T20:31:48.703+0000] {logging_mixin.py:190} INFO - [2025-03-10T20:31:48.703+0000] {dag.py:4180} INFO - Setting next_dagrun for example_nested_branch_dag to 2025-03-09 00:00:00+00:00, run_after=2025-03-10 00:00:00+00:00
[2025-03-10T20:31:48.723+0000] {processor.py:208} INFO - Processing /home/airflow/.local/lib/python3.12/site-packages/airflow/example_dags/example_nested_branch_dag.py took 0.103 seconds
[2025-03-10T20:32:18.864+0000] {processor.py:186} INFO - Started process (PID=374) to work on /home/airflow/.local/lib/python3.12/site-packages/airflow/example_dags/example_nested_branch_dag.py
[2025-03-10T20:32:18.865+0000] {processor.py:914} INFO - Processing file /home/airflow/.local/lib/python3.12/site-packages/airflow/example_dags/example_nested_branch_dag.py for tasks to queue
[2025-03-10T20:32:18.868+0000] {logging_mixin.py:190} INFO - [2025-03-10T20:32:18.867+0000] {dagbag.py:588} INFO - Filling up the DagBag from /home/airflow/.local/lib/python3.12/site-packages/airflow/example_dags/example_nested_branch_dag.py
[2025-03-10T20:32:18.881+0000] {processor.py:925} INFO - DAG(s) 'example_nested_branch_dag' retrieved from /home/airflow/.local/lib/python3.12/site-packages/airflow/example_dags/example_nested_branch_dag.py
[2025-03-10T20:32:18.909+0000] {logging_mixin.py:190} INFO - [2025-03-10T20:32:18.908+0000] {dag.py:3239} INFO - Sync 1 DAGs
[2025-03-10T20:32:18.939+0000] {logging_mixin.py:190} INFO - [2025-03-10T20:32:18.939+0000] {dag.py:4180} INFO - Setting next_dagrun for example_nested_branch_dag to 2025-03-09 00:00:00+00:00, run_after=2025-03-10 00:00:00+00:00
[2025-03-10T20:32:18.960+0000] {processor.py:208} INFO - Processing /home/airflow/.local/lib/python3.12/site-packages/airflow/example_dags/example_nested_branch_dag.py took 0.103 seconds
[2025-03-10T20:32:49.208+0000] {processor.py:186} INFO - Started process (PID=437) to work on /home/airflow/.local/lib/python3.12/site-packages/airflow/example_dags/example_nested_branch_dag.py
[2025-03-10T20:32:49.209+0000] {processor.py:914} INFO - Processing file /home/airflow/.local/lib/python3.12/site-packages/airflow/example_dags/example_nested_branch_dag.py for tasks to queue
[2025-03-10T20:32:49.212+0000] {logging_mixin.py:190} INFO - [2025-03-10T20:32:49.211+0000] {dagbag.py:588} INFO - Filling up the DagBag from /home/airflow/.local/lib/python3.12/site-packages/airflow/example_dags/example_nested_branch_dag.py
[2025-03-10T20:32:49.225+0000] {processor.py:925} INFO - DAG(s) 'example_nested_branch_dag' retrieved from /home/airflow/.local/lib/python3.12/site-packages/airflow/example_dags/example_nested_branch_dag.py
[2025-03-10T20:32:49.252+0000] {logging_mixin.py:190} INFO - [2025-03-10T20:32:49.252+0000] {dag.py:3239} INFO - Sync 1 DAGs
[2025-03-10T20:32:49.282+0000] {logging_mixin.py:190} INFO - [2025-03-10T20:32:49.282+0000] {dag.py:4180} INFO - Setting next_dagrun for example_nested_branch_dag to 2025-03-09 00:00:00+00:00, run_after=2025-03-10 00:00:00+00:00
[2025-03-10T20:32:49.302+0000] {processor.py:208} INFO - Processing /home/airflow/.local/lib/python3.12/site-packages/airflow/example_dags/example_nested_branch_dag.py took 0.101 seconds
[2025-03-10T20:33:19.378+0000] {processor.py:186} INFO - Started process (PID=500) to work on /home/airflow/.local/lib/python3.12/site-packages/airflow/example_dags/example_nested_branch_dag.py
[2025-03-10T20:33:19.379+0000] {processor.py:914} INFO - Processing file /home/airflow/.local/lib/python3.12/site-packages/airflow/example_dags/example_nested_branch_dag.py for tasks to queue
[2025-03-10T20:33:19.382+0000] {logging_mixin.py:190} INFO - [2025-03-10T20:33:19.381+0000] {dagbag.py:588} INFO - Filling up the DagBag from /home/airflow/.local/lib/python3.12/site-packages/airflow/example_dags/example_nested_branch_dag.py
[2025-03-10T20:33:19.399+0000] {processor.py:925} INFO - DAG(s) 'example_nested_branch_dag' retrieved from /home/airflow/.local/lib/python3.12/site-packages/airflow/example_dags/example_nested_branch_dag.py
[2025-03-10T20:33:19.427+0000] {logging_mixin.py:190} INFO - [2025-03-10T20:33:19.427+0000] {dag.py:3239} INFO - Sync 1 DAGs
[2025-03-10T20:33:19.456+0000] {logging_mixin.py:190} INFO - [2025-03-10T20:33:19.456+0000] {dag.py:4180} INFO - Setting next_dagrun for example_nested_branch_dag to 2025-03-09 00:00:00+00:00, run_after=2025-03-10 00:00:00+00:00
[2025-03-10T20:33:19.477+0000] {processor.py:208} INFO - Processing /home/airflow/.local/lib/python3.12/site-packages/airflow/example_dags/example_nested_branch_dag.py took 0.106 seconds
[2025-03-10T20:33:50.056+0000] {processor.py:186} INFO - Started process (PID=563) to work on /home/airflow/.local/lib/python3.12/site-packages/airflow/example_dags/example_nested_branch_dag.py
[2025-03-10T20:33:50.057+0000] {processor.py:914} INFO - Processing file /home/airflow/.local/lib/python3.12/site-packages/airflow/example_dags/example_nested_branch_dag.py for tasks to queue
[2025-03-10T20:33:50.061+0000] {logging_mixin.py:190} INFO - [2025-03-10T20:33:50.060+0000] {dagbag.py:588} INFO - Filling up the DagBag from /home/airflow/.local/lib/python3.12/site-packages/airflow/example_dags/example_nested_branch_dag.py
[2025-03-10T20:33:50.075+0000] {processor.py:925} INFO - DAG(s) 'example_nested_branch_dag' retrieved from /home/airflow/.local/lib/python3.12/site-packages/airflow/example_dags/example_nested_branch_dag.py
[2025-03-10T20:33:50.105+0000] {logging_mixin.py:190} INFO - [2025-03-10T20:33:50.104+0000] {dag.py:3239} INFO - Sync 1 DAGs
[2025-03-10T20:33:50.136+0000] {logging_mixin.py:190} INFO - [2025-03-10T20:33:50.135+0000] {dag.py:4180} INFO - Setting next_dagrun for example_nested_branch_dag to 2025-03-09 00:00:00+00:00, run_after=2025-03-10 00:00:00+00:00
[2025-03-10T20:33:50.155+0000] {processor.py:208} INFO - Processing /home/airflow/.local/lib/python3.12/site-packages/airflow/example_dags/example_nested_branch_dag.py took 0.108 seconds
[2025-03-10T20:34:20.298+0000] {processor.py:186} INFO - Started process (PID=626) to work on /home/airflow/.local/lib/python3.12/site-packages/airflow/example_dags/example_nested_branch_dag.py
[2025-03-10T20:34:20.299+0000] {processor.py:914} INFO - Processing file /home/airflow/.local/lib/python3.12/site-packages/airflow/example_dags/example_nested_branch_dag.py for tasks to queue
[2025-03-10T20:34:20.302+0000] {logging_mixin.py:190} INFO - [2025-03-10T20:34:20.301+0000] {dagbag.py:588} INFO - Filling up the DagBag from /home/airflow/.local/lib/python3.12/site-packages/airflow/example_dags/example_nested_branch_dag.py
[2025-03-10T20:34:20.316+0000] {processor.py:925} INFO - DAG(s) 'example_nested_branch_dag' retrieved from /home/airflow/.local/lib/python3.12/site-packages/airflow/example_dags/example_nested_branch_dag.py
[2025-03-10T20:34:20.345+0000] {logging_mixin.py:190} INFO - [2025-03-10T20:34:20.344+0000] {dag.py:3239} INFO - Sync 1 DAGs
[2025-03-10T20:34:20.377+0000] {logging_mixin.py:190} INFO - [2025-03-10T20:34:20.377+0000] {dag.py:4180} INFO - Setting next_dagrun for example_nested_branch_dag to 2025-03-09 00:00:00+00:00, run_after=2025-03-10 00:00:00+00:00
[2025-03-10T20:34:20.406+0000] {processor.py:208} INFO - Processing /home/airflow/.local/lib/python3.12/site-packages/airflow/example_dags/example_nested_branch_dag.py took 0.116 seconds
[2025-03-10T20:34:50.641+0000] {processor.py:186} INFO - Started process (PID=689) to work on /home/airflow/.local/lib/python3.12/site-packages/airflow/example_dags/example_nested_branch_dag.py
[2025-03-10T20:34:50.642+0000] {processor.py:914} INFO - Processing file /home/airflow/.local/lib/python3.12/site-packages/airflow/example_dags/example_nested_branch_dag.py for tasks to queue
[2025-03-10T20:34:50.645+0000] {logging_mixin.py:190} INFO - [2025-03-10T20:34:50.645+0000] {dagbag.py:588} INFO - Filling up the DagBag from /home/airflow/.local/lib/python3.12/site-packages/airflow/example_dags/example_nested_branch_dag.py
[2025-03-10T20:34:50.660+0000] {processor.py:925} INFO - DAG(s) 'example_nested_branch_dag' retrieved from /home/airflow/.local/lib/python3.12/site-packages/airflow/example_dags/example_nested_branch_dag.py
[2025-03-10T20:34:50.685+0000] {logging_mixin.py:190} INFO - [2025-03-10T20:34:50.685+0000] {dag.py:3239} INFO - Sync 1 DAGs
[2025-03-10T20:34:50.714+0000] {logging_mixin.py:190} INFO - [2025-03-10T20:34:50.714+0000] {dag.py:4180} INFO - Setting next_dagrun for example_nested_branch_dag to 2025-03-09 00:00:00+00:00, run_after=2025-03-10 00:00:00+00:00
[2025-03-10T20:34:50.734+0000] {processor.py:208} INFO - Processing /home/airflow/.local/lib/python3.12/site-packages/airflow/example_dags/example_nested_branch_dag.py took 0.100 seconds
[2025-03-10T20:35:20.922+0000] {processor.py:186} INFO - Started process (PID=752) to work on /home/airflow/.local/lib/python3.12/site-packages/airflow/example_dags/example_nested_branch_dag.py
[2025-03-10T20:35:20.923+0000] {processor.py:914} INFO - Processing file /home/airflow/.local/lib/python3.12/site-packages/airflow/example_dags/example_nested_branch_dag.py for tasks to queue
[2025-03-10T20:35:20.925+0000] {logging_mixin.py:190} INFO - [2025-03-10T20:35:20.925+0000] {dagbag.py:588} INFO - Filling up the DagBag from /home/airflow/.local/lib/python3.12/site-packages/airflow/example_dags/example_nested_branch_dag.py
[2025-03-10T20:35:20.938+0000] {processor.py:925} INFO - DAG(s) 'example_nested_branch_dag' retrieved from /home/airflow/.local/lib/python3.12/site-packages/airflow/example_dags/example_nested_branch_dag.py
[2025-03-10T20:35:20.963+0000] {logging_mixin.py:190} INFO - [2025-03-10T20:35:20.962+0000] {dag.py:3239} INFO - Sync 1 DAGs
[2025-03-10T20:35:20.990+0000] {logging_mixin.py:190} INFO - [2025-03-10T20:35:20.989+0000] {dag.py:4180} INFO - Setting next_dagrun for example_nested_branch_dag to 2025-03-09 00:00:00+00:00, run_after=2025-03-10 00:00:00+00:00
[2025-03-10T20:35:21.008+0000] {processor.py:208} INFO - Processing /home/airflow/.local/lib/python3.12/site-packages/airflow/example_dags/example_nested_branch_dag.py took 0.093 seconds
[2025-03-10T20:35:51.343+0000] {processor.py:186} INFO - Started process (PID=815) to work on /home/airflow/.local/lib/python3.12/site-packages/airflow/example_dags/example_nested_branch_dag.py
[2025-03-10T20:35:51.344+0000] {processor.py:914} INFO - Processing file /home/airflow/.local/lib/python3.12/site-packages/airflow/example_dags/example_nested_branch_dag.py for tasks to queue
[2025-03-10T20:35:51.348+0000] {logging_mixin.py:190} INFO - [2025-03-10T20:35:51.348+0000] {dagbag.py:588} INFO - Filling up the DagBag from /home/airflow/.local/lib/python3.12/site-packages/airflow/example_dags/example_nested_branch_dag.py
[2025-03-10T20:35:51.363+0000] {processor.py:925} INFO - DAG(s) 'example_nested_branch_dag' retrieved from /home/airflow/.local/lib/python3.12/site-packages/airflow/example_dags/example_nested_branch_dag.py
[2025-03-10T20:35:51.390+0000] {logging_mixin.py:190} INFO - [2025-03-10T20:35:51.390+0000] {dag.py:3239} INFO - Sync 1 DAGs
[2025-03-10T20:35:51.424+0000] {logging_mixin.py:190} INFO - [2025-03-10T20:35:51.424+0000] {dag.py:4180} INFO - Setting next_dagrun for example_nested_branch_dag to 2025-03-09 00:00:00+00:00, run_after=2025-03-10 00:00:00+00:00
[2025-03-10T20:35:51.447+0000] {processor.py:208} INFO - Processing /home/airflow/.local/lib/python3.12/site-packages/airflow/example_dags/example_nested_branch_dag.py took 0.112 seconds
[2025-03-10T20:36:22.462+0000] {processor.py:186} INFO - Started process (PID=878) to work on /home/airflow/.local/lib/python3.12/site-packages/airflow/example_dags/example_nested_branch_dag.py
[2025-03-10T20:36:22.463+0000] {processor.py:914} INFO - Processing file /home/airflow/.local/lib/python3.12/site-packages/airflow/example_dags/example_nested_branch_dag.py for tasks to queue
[2025-03-10T20:36:22.466+0000] {logging_mixin.py:190} INFO - [2025-03-10T20:36:22.466+0000] {dagbag.py:588} INFO - Filling up the DagBag from /home/airflow/.local/lib/python3.12/site-packages/airflow/example_dags/example_nested_branch_dag.py
[2025-03-10T20:36:22.481+0000] {processor.py:925} INFO - DAG(s) 'example_nested_branch_dag' retrieved from /home/airflow/.local/lib/python3.12/site-packages/airflow/example_dags/example_nested_branch_dag.py
[2025-03-10T20:36:22.507+0000] {logging_mixin.py:190} INFO - [2025-03-10T20:36:22.507+0000] {dag.py:3239} INFO - Sync 1 DAGs
[2025-03-10T20:36:22.537+0000] {logging_mixin.py:190} INFO - [2025-03-10T20:36:22.536+0000] {dag.py:4180} INFO - Setting next_dagrun for example_nested_branch_dag to 2025-03-09 00:00:00+00:00, run_after=2025-03-10 00:00:00+00:00
[2025-03-10T20:36:22.558+0000] {processor.py:208} INFO - Processing /home/airflow/.local/lib/python3.12/site-packages/airflow/example_dags/example_nested_branch_dag.py took 0.103 seconds
[2025-03-10T20:36:53.063+0000] {processor.py:186} INFO - Started process (PID=941) to work on /home/airflow/.local/lib/python3.12/site-packages/airflow/example_dags/example_nested_branch_dag.py
[2025-03-10T20:36:53.064+0000] {processor.py:914} INFO - Processing file /home/airflow/.local/lib/python3.12/site-packages/airflow/example_dags/example_nested_branch_dag.py for tasks to queue
[2025-03-10T20:36:53.067+0000] {logging_mixin.py:190} INFO - [2025-03-10T20:36:53.067+0000] {dagbag.py:588} INFO - Filling up the DagBag from /home/airflow/.local/lib/python3.12/site-packages/airflow/example_dags/example_nested_branch_dag.py
[2025-03-10T20:36:53.081+0000] {processor.py:925} INFO - DAG(s) 'example_nested_branch_dag' retrieved from /home/airflow/.local/lib/python3.12/site-packages/airflow/example_dags/example_nested_branch_dag.py
[2025-03-10T20:36:53.107+0000] {logging_mixin.py:190} INFO - [2025-03-10T20:36:53.107+0000] {dag.py:3239} INFO - Sync 1 DAGs
[2025-03-10T20:36:53.138+0000] {logging_mixin.py:190} INFO - [2025-03-10T20:36:53.138+0000] {dag.py:4180} INFO - Setting next_dagrun for example_nested_branch_dag to 2025-03-09 00:00:00+00:00, run_after=2025-03-10 00:00:00+00:00
[2025-03-10T20:36:53.158+0000] {processor.py:208} INFO - Processing /home/airflow/.local/lib/python3.12/site-packages/airflow/example_dags/example_nested_branch_dag.py took 0.102 seconds
[2025-03-10T20:37:24.353+0000] {processor.py:186} INFO - Started process (PID=1005) to work on /home/airflow/.local/lib/python3.12/site-packages/airflow/example_dags/example_nested_branch_dag.py
[2025-03-10T20:37:24.354+0000] {processor.py:914} INFO - Processing file /home/airflow/.local/lib/python3.12/site-packages/airflow/example_dags/example_nested_branch_dag.py for tasks to queue
[2025-03-10T20:37:24.356+0000] {logging_mixin.py:190} INFO - [2025-03-10T20:37:24.356+0000] {dagbag.py:588} INFO - Filling up the DagBag from /home/airflow/.local/lib/python3.12/site-packages/airflow/example_dags/example_nested_branch_dag.py
[2025-03-10T20:37:24.370+0000] {processor.py:925} INFO - DAG(s) 'example_nested_branch_dag' retrieved from /home/airflow/.local/lib/python3.12/site-packages/airflow/example_dags/example_nested_branch_dag.py
[2025-03-10T20:37:24.397+0000] {logging_mixin.py:190} INFO - [2025-03-10T20:37:24.396+0000] {dag.py:3239} INFO - Sync 1 DAGs
[2025-03-10T20:37:24.431+0000] {logging_mixin.py:190} INFO - [2025-03-10T20:37:24.430+0000] {dag.py:4180} INFO - Setting next_dagrun for example_nested_branch_dag to 2025-03-09 00:00:00+00:00, run_after=2025-03-10 00:00:00+00:00
[2025-03-10T20:37:24.451+0000] {processor.py:208} INFO - Processing /home/airflow/.local/lib/python3.12/site-packages/airflow/example_dags/example_nested_branch_dag.py took 0.106 seconds
[2025-03-10T20:37:56.029+0000] {processor.py:186} INFO - Started process (PID=1068) to work on /home/airflow/.local/lib/python3.12/site-packages/airflow/example_dags/example_nested_branch_dag.py
[2025-03-10T20:37:56.030+0000] {processor.py:914} INFO - Processing file /home/airflow/.local/lib/python3.12/site-packages/airflow/example_dags/example_nested_branch_dag.py for tasks to queue
[2025-03-10T20:37:56.033+0000] {logging_mixin.py:190} INFO - [2025-03-10T20:37:56.032+0000] {dagbag.py:588} INFO - Filling up the DagBag from /home/airflow/.local/lib/python3.12/site-packages/airflow/example_dags/example_nested_branch_dag.py
[2025-03-10T20:37:56.046+0000] {processor.py:925} INFO - DAG(s) 'example_nested_branch_dag' retrieved from /home/airflow/.local/lib/python3.12/site-packages/airflow/example_dags/example_nested_branch_dag.py
[2025-03-10T20:37:56.072+0000] {logging_mixin.py:190} INFO - [2025-03-10T20:37:56.071+0000] {dag.py:3239} INFO - Sync 1 DAGs
[2025-03-10T20:37:56.106+0000] {logging_mixin.py:190} INFO - [2025-03-10T20:37:56.106+0000] {dag.py:4180} INFO - Setting next_dagrun for example_nested_branch_dag to 2025-03-09 00:00:00+00:00, run_after=2025-03-10 00:00:00+00:00
[2025-03-10T20:37:56.126+0000] {processor.py:208} INFO - Processing /home/airflow/.local/lib/python3.12/site-packages/airflow/example_dags/example_nested_branch_dag.py took 0.104 seconds
[2025-03-10T20:38:27.296+0000] {processor.py:186} INFO - Started process (PID=1131) to work on /home/airflow/.local/lib/python3.12/site-packages/airflow/example_dags/example_nested_branch_dag.py
[2025-03-10T20:38:27.297+0000] {processor.py:914} INFO - Processing file /home/airflow/.local/lib/python3.12/site-packages/airflow/example_dags/example_nested_branch_dag.py for tasks to queue
[2025-03-10T20:38:27.300+0000] {logging_mixin.py:190} INFO - [2025-03-10T20:38:27.300+0000] {dagbag.py:588} INFO - Filling up the DagBag from /home/airflow/.local/lib/python3.12/site-packages/airflow/example_dags/example_nested_branch_dag.py
[2025-03-10T20:38:27.313+0000] {processor.py:925} INFO - DAG(s) 'example_nested_branch_dag' retrieved from /home/airflow/.local/lib/python3.12/site-packages/airflow/example_dags/example_nested_branch_dag.py
[2025-03-10T20:38:27.340+0000] {logging_mixin.py:190} INFO - [2025-03-10T20:38:27.340+0000] {dag.py:3239} INFO - Sync 1 DAGs
[2025-03-10T20:38:27.373+0000] {logging_mixin.py:190} INFO - [2025-03-10T20:38:27.373+0000] {dag.py:4180} INFO - Setting next_dagrun for example_nested_branch_dag to 2025-03-09 00:00:00+00:00, run_after=2025-03-10 00:00:00+00:00
[2025-03-10T20:38:27.394+0000] {processor.py:208} INFO - Processing /home/airflow/.local/lib/python3.12/site-packages/airflow/example_dags/example_nested_branch_dag.py took 0.104 seconds
[2025-03-10T20:38:57.926+0000] {processor.py:186} INFO - Started process (PID=1194) to work on /home/airflow/.local/lib/python3.12/site-packages/airflow/example_dags/example_nested_branch_dag.py
[2025-03-10T20:38:57.927+0000] {processor.py:914} INFO - Processing file /home/airflow/.local/lib/python3.12/site-packages/airflow/example_dags/example_nested_branch_dag.py for tasks to queue
[2025-03-10T20:38:57.930+0000] {logging_mixin.py:190} INFO - [2025-03-10T20:38:57.929+0000] {dagbag.py:588} INFO - Filling up the DagBag from /home/airflow/.local/lib/python3.12/site-packages/airflow/example_dags/example_nested_branch_dag.py
[2025-03-10T20:38:57.945+0000] {processor.py:925} INFO - DAG(s) 'example_nested_branch_dag' retrieved from /home/airflow/.local/lib/python3.12/site-packages/airflow/example_dags/example_nested_branch_dag.py
[2025-03-10T20:38:57.971+0000] {logging_mixin.py:190} INFO - [2025-03-10T20:38:57.971+0000] {dag.py:3239} INFO - Sync 1 DAGs
[2025-03-10T20:38:58.001+0000] {logging_mixin.py:190} INFO - [2025-03-10T20:38:58.001+0000] {dag.py:4180} INFO - Setting next_dagrun for example_nested_branch_dag to 2025-03-09 00:00:00+00:00, run_after=2025-03-10 00:00:00+00:00
[2025-03-10T20:38:58.021+0000] {processor.py:208} INFO - Processing /home/airflow/.local/lib/python3.12/site-packages/airflow/example_dags/example_nested_branch_dag.py took 0.103 seconds
[2025-03-10T20:39:28.875+0000] {processor.py:186} INFO - Started process (PID=1257) to work on /home/airflow/.local/lib/python3.12/site-packages/airflow/example_dags/example_nested_branch_dag.py
[2025-03-10T20:39:28.876+0000] {processor.py:914} INFO - Processing file /home/airflow/.local/lib/python3.12/site-packages/airflow/example_dags/example_nested_branch_dag.py for tasks to queue
[2025-03-10T20:39:28.878+0000] {logging_mixin.py:190} INFO - [2025-03-10T20:39:28.878+0000] {dagbag.py:588} INFO - Filling up the DagBag from /home/airflow/.local/lib/python3.12/site-packages/airflow/example_dags/example_nested_branch_dag.py
[2025-03-10T20:39:28.892+0000] {processor.py:925} INFO - DAG(s) 'example_nested_branch_dag' retrieved from /home/airflow/.local/lib/python3.12/site-packages/airflow/example_dags/example_nested_branch_dag.py
[2025-03-10T20:39:28.919+0000] {logging_mixin.py:190} INFO - [2025-03-10T20:39:28.919+0000] {dag.py:3239} INFO - Sync 1 DAGs
[2025-03-10T20:39:28.950+0000] {logging_mixin.py:190} INFO - [2025-03-10T20:39:28.950+0000] {dag.py:4180} INFO - Setting next_dagrun for example_nested_branch_dag to 2025-03-09 00:00:00+00:00, run_after=2025-03-10 00:00:00+00:00
[2025-03-10T20:39:28.970+0000] {processor.py:208} INFO - Processing /home/airflow/.local/lib/python3.12/site-packages/airflow/example_dags/example_nested_branch_dag.py took 0.103 seconds
[2025-03-10T20:39:59.550+0000] {processor.py:186} INFO - Started process (PID=1320) to work on /home/airflow/.local/lib/python3.12/site-packages/airflow/example_dags/example_nested_branch_dag.py
[2025-03-10T20:39:59.551+0000] {processor.py:914} INFO - Processing file /home/airflow/.local/lib/python3.12/site-packages/airflow/example_dags/example_nested_branch_dag.py for tasks to queue
[2025-03-10T20:39:59.554+0000] {logging_mixin.py:190} INFO - [2025-03-10T20:39:59.554+0000] {dagbag.py:588} INFO - Filling up the DagBag from /home/airflow/.local/lib/python3.12/site-packages/airflow/example_dags/example_nested_branch_dag.py
[2025-03-10T20:39:59.567+0000] {processor.py:925} INFO - DAG(s) 'example_nested_branch_dag' retrieved from /home/airflow/.local/lib/python3.12/site-packages/airflow/example_dags/example_nested_branch_dag.py
[2025-03-10T20:39:59.604+0000] {logging_mixin.py:190} INFO - [2025-03-10T20:39:59.604+0000] {dag.py:3239} INFO - Sync 1 DAGs
[2025-03-10T20:39:59.638+0000] {logging_mixin.py:190} INFO - [2025-03-10T20:39:59.638+0000] {dag.py:4180} INFO - Setting next_dagrun for example_nested_branch_dag to 2025-03-09 00:00:00+00:00, run_after=2025-03-10 00:00:00+00:00
[2025-03-10T20:39:59.657+0000] {processor.py:208} INFO - Processing /home/airflow/.local/lib/python3.12/site-packages/airflow/example_dags/example_nested_branch_dag.py took 0.113 seconds
[2025-03-10T20:40:30.465+0000] {processor.py:186} INFO - Started process (PID=1383) to work on /home/airflow/.local/lib/python3.12/site-packages/airflow/example_dags/example_nested_branch_dag.py
[2025-03-10T20:40:30.466+0000] {processor.py:914} INFO - Processing file /home/airflow/.local/lib/python3.12/site-packages/airflow/example_dags/example_nested_branch_dag.py for tasks to queue
[2025-03-10T20:40:30.469+0000] {logging_mixin.py:190} INFO - [2025-03-10T20:40:30.469+0000] {dagbag.py:588} INFO - Filling up the DagBag from /home/airflow/.local/lib/python3.12/site-packages/airflow/example_dags/example_nested_branch_dag.py
[2025-03-10T20:40:30.482+0000] {processor.py:925} INFO - DAG(s) 'example_nested_branch_dag' retrieved from /home/airflow/.local/lib/python3.12/site-packages/airflow/example_dags/example_nested_branch_dag.py
[2025-03-10T20:40:30.507+0000] {logging_mixin.py:190} INFO - [2025-03-10T20:40:30.507+0000] {dag.py:3239} INFO - Sync 1 DAGs
[2025-03-10T20:40:30.536+0000] {logging_mixin.py:190} INFO - [2025-03-10T20:40:30.535+0000] {dag.py:4180} INFO - Setting next_dagrun for example_nested_branch_dag to 2025-03-09 00:00:00+00:00, run_after=2025-03-10 00:00:00+00:00
[2025-03-10T20:40:30.560+0000] {processor.py:208} INFO - Processing /home/airflow/.local/lib/python3.12/site-packages/airflow/example_dags/example_nested_branch_dag.py took 0.101 seconds
[2025-03-10T20:41:01.884+0000] {processor.py:186} INFO - Started process (PID=1446) to work on /home/airflow/.local/lib/python3.12/site-packages/airflow/example_dags/example_nested_branch_dag.py
[2025-03-10T20:41:01.885+0000] {processor.py:914} INFO - Processing file /home/airflow/.local/lib/python3.12/site-packages/airflow/example_dags/example_nested_branch_dag.py for tasks to queue
[2025-03-10T20:41:01.888+0000] {logging_mixin.py:190} INFO - [2025-03-10T20:41:01.888+0000] {dagbag.py:588} INFO - Filling up the DagBag from /home/airflow/.local/lib/python3.12/site-packages/airflow/example_dags/example_nested_branch_dag.py
[2025-03-10T20:41:01.901+0000] {processor.py:925} INFO - DAG(s) 'example_nested_branch_dag' retrieved from /home/airflow/.local/lib/python3.12/site-packages/airflow/example_dags/example_nested_branch_dag.py
[2025-03-10T20:41:01.928+0000] {logging_mixin.py:190} INFO - [2025-03-10T20:41:01.928+0000] {dag.py:3239} INFO - Sync 1 DAGs
[2025-03-10T20:41:01.963+0000] {logging_mixin.py:190} INFO - [2025-03-10T20:41:01.963+0000] {dag.py:4180} INFO - Setting next_dagrun for example_nested_branch_dag to 2025-03-09 00:00:00+00:00, run_after=2025-03-10 00:00:00+00:00
[2025-03-10T20:41:01.984+0000] {processor.py:208} INFO - Processing /home/airflow/.local/lib/python3.12/site-packages/airflow/example_dags/example_nested_branch_dag.py took 0.107 seconds
[2025-03-10T20:41:32.736+0000] {processor.py:186} INFO - Started process (PID=1509) to work on /home/airflow/.local/lib/python3.12/site-packages/airflow/example_dags/example_nested_branch_dag.py
[2025-03-10T20:41:32.737+0000] {processor.py:914} INFO - Processing file /home/airflow/.local/lib/python3.12/site-packages/airflow/example_dags/example_nested_branch_dag.py for tasks to queue
[2025-03-10T20:41:32.740+0000] {logging_mixin.py:190} INFO - [2025-03-10T20:41:32.740+0000] {dagbag.py:588} INFO - Filling up the DagBag from /home/airflow/.local/lib/python3.12/site-packages/airflow/example_dags/example_nested_branch_dag.py
[2025-03-10T20:41:32.753+0000] {processor.py:925} INFO - DAG(s) 'example_nested_branch_dag' retrieved from /home/airflow/.local/lib/python3.12/site-packages/airflow/example_dags/example_nested_branch_dag.py
[2025-03-10T20:41:32.788+0000] {logging_mixin.py:190} INFO - [2025-03-10T20:41:32.787+0000] {dag.py:3239} INFO - Sync 1 DAGs
[2025-03-10T20:41:32.822+0000] {logging_mixin.py:190} INFO - [2025-03-10T20:41:32.822+0000] {dag.py:4180} INFO - Setting next_dagrun for example_nested_branch_dag to 2025-03-09 00:00:00+00:00, run_after=2025-03-10 00:00:00+00:00
[2025-03-10T20:41:32.849+0000] {processor.py:208} INFO - Processing /home/airflow/.local/lib/python3.12/site-packages/airflow/example_dags/example_nested_branch_dag.py took 0.119 seconds
[2025-03-10T20:42:03.369+0000] {processor.py:186} INFO - Started process (PID=1572) to work on /home/airflow/.local/lib/python3.12/site-packages/airflow/example_dags/example_nested_branch_dag.py
[2025-03-10T20:42:03.370+0000] {processor.py:914} INFO - Processing file /home/airflow/.local/lib/python3.12/site-packages/airflow/example_dags/example_nested_branch_dag.py for tasks to queue
[2025-03-10T20:42:03.373+0000] {logging_mixin.py:190} INFO - [2025-03-10T20:42:03.372+0000] {dagbag.py:588} INFO - Filling up the DagBag from /home/airflow/.local/lib/python3.12/site-packages/airflow/example_dags/example_nested_branch_dag.py
[2025-03-10T20:42:03.387+0000] {processor.py:925} INFO - DAG(s) 'example_nested_branch_dag' retrieved from /home/airflow/.local/lib/python3.12/site-packages/airflow/example_dags/example_nested_branch_dag.py
[2025-03-10T20:42:03.417+0000] {logging_mixin.py:190} INFO - [2025-03-10T20:42:03.417+0000] {dag.py:3239} INFO - Sync 1 DAGs
[2025-03-10T20:42:03.454+0000] {logging_mixin.py:190} INFO - [2025-03-10T20:42:03.454+0000] {dag.py:4180} INFO - Setting next_dagrun for example_nested_branch_dag to 2025-03-09 00:00:00+00:00, run_after=2025-03-10 00:00:00+00:00
[2025-03-10T20:42:03.480+0000] {processor.py:208} INFO - Processing /home/airflow/.local/lib/python3.12/site-packages/airflow/example_dags/example_nested_branch_dag.py took 0.118 seconds
[2025-03-10T20:42:34.661+0000] {processor.py:186} INFO - Started process (PID=1635) to work on /home/airflow/.local/lib/python3.12/site-packages/airflow/example_dags/example_nested_branch_dag.py
[2025-03-10T20:42:34.662+0000] {processor.py:914} INFO - Processing file /home/airflow/.local/lib/python3.12/site-packages/airflow/example_dags/example_nested_branch_dag.py for tasks to queue
[2025-03-10T20:42:34.665+0000] {logging_mixin.py:190} INFO - [2025-03-10T20:42:34.664+0000] {dagbag.py:588} INFO - Filling up the DagBag from /home/airflow/.local/lib/python3.12/site-packages/airflow/example_dags/example_nested_branch_dag.py
[2025-03-10T20:42:34.678+0000] {processor.py:925} INFO - DAG(s) 'example_nested_branch_dag' retrieved from /home/airflow/.local/lib/python3.12/site-packages/airflow/example_dags/example_nested_branch_dag.py
[2025-03-10T20:42:34.707+0000] {logging_mixin.py:190} INFO - [2025-03-10T20:42:34.707+0000] {dag.py:3239} INFO - Sync 1 DAGs
[2025-03-10T20:42:34.752+0000] {logging_mixin.py:190} INFO - [2025-03-10T20:42:34.751+0000] {dag.py:4180} INFO - Setting next_dagrun for example_nested_branch_dag to 2025-03-09 00:00:00+00:00, run_after=2025-03-10 00:00:00+00:00
[2025-03-10T20:42:34.777+0000] {processor.py:208} INFO - Processing /home/airflow/.local/lib/python3.12/site-packages/airflow/example_dags/example_nested_branch_dag.py took 0.123 seconds
[2025-03-10T20:43:05.674+0000] {processor.py:186} INFO - Started process (PID=1698) to work on /home/airflow/.local/lib/python3.12/site-packages/airflow/example_dags/example_nested_branch_dag.py
[2025-03-10T20:43:05.675+0000] {processor.py:914} INFO - Processing file /home/airflow/.local/lib/python3.12/site-packages/airflow/example_dags/example_nested_branch_dag.py for tasks to queue
[2025-03-10T20:43:05.678+0000] {logging_mixin.py:190} INFO - [2025-03-10T20:43:05.678+0000] {dagbag.py:588} INFO - Filling up the DagBag from /home/airflow/.local/lib/python3.12/site-packages/airflow/example_dags/example_nested_branch_dag.py
[2025-03-10T20:43:05.693+0000] {processor.py:925} INFO - DAG(s) 'example_nested_branch_dag' retrieved from /home/airflow/.local/lib/python3.12/site-packages/airflow/example_dags/example_nested_branch_dag.py
[2025-03-10T20:43:05.722+0000] {logging_mixin.py:190} INFO - [2025-03-10T20:43:05.721+0000] {dag.py:3239} INFO - Sync 1 DAGs
[2025-03-10T20:43:05.754+0000] {logging_mixin.py:190} INFO - [2025-03-10T20:43:05.753+0000] {dag.py:4180} INFO - Setting next_dagrun for example_nested_branch_dag to 2025-03-09 00:00:00+00:00, run_after=2025-03-10 00:00:00+00:00
[2025-03-10T20:43:05.778+0000] {processor.py:208} INFO - Processing /home/airflow/.local/lib/python3.12/site-packages/airflow/example_dags/example_nested_branch_dag.py took 0.111 seconds
[2025-03-10T20:43:36.265+0000] {processor.py:186} INFO - Started process (PID=1760) to work on /home/airflow/.local/lib/python3.12/site-packages/airflow/example_dags/example_nested_branch_dag.py
[2025-03-10T20:43:36.266+0000] {processor.py:914} INFO - Processing file /home/airflow/.local/lib/python3.12/site-packages/airflow/example_dags/example_nested_branch_dag.py for tasks to queue
[2025-03-10T20:43:36.268+0000] {logging_mixin.py:190} INFO - [2025-03-10T20:43:36.268+0000] {dagbag.py:588} INFO - Filling up the DagBag from /home/airflow/.local/lib/python3.12/site-packages/airflow/example_dags/example_nested_branch_dag.py
[2025-03-10T20:43:36.282+0000] {processor.py:925} INFO - DAG(s) 'example_nested_branch_dag' retrieved from /home/airflow/.local/lib/python3.12/site-packages/airflow/example_dags/example_nested_branch_dag.py
[2025-03-10T20:43:36.309+0000] {logging_mixin.py:190} INFO - [2025-03-10T20:43:36.308+0000] {dag.py:3239} INFO - Sync 1 DAGs
[2025-03-10T20:43:36.339+0000] {logging_mixin.py:190} INFO - [2025-03-10T20:43:36.339+0000] {dag.py:4180} INFO - Setting next_dagrun for example_nested_branch_dag to 2025-03-09 00:00:00+00:00, run_after=2025-03-10 00:00:00+00:00
[2025-03-10T20:43:36.359+0000] {processor.py:208} INFO - Processing /home/airflow/.local/lib/python3.12/site-packages/airflow/example_dags/example_nested_branch_dag.py took 0.101 seconds
[2025-03-10T20:44:07.222+0000] {processor.py:186} INFO - Started process (PID=1824) to work on /home/airflow/.local/lib/python3.12/site-packages/airflow/example_dags/example_nested_branch_dag.py
[2025-03-10T20:44:07.223+0000] {processor.py:914} INFO - Processing file /home/airflow/.local/lib/python3.12/site-packages/airflow/example_dags/example_nested_branch_dag.py for tasks to queue
[2025-03-10T20:44:07.226+0000] {logging_mixin.py:190} INFO - [2025-03-10T20:44:07.226+0000] {dagbag.py:588} INFO - Filling up the DagBag from /home/airflow/.local/lib/python3.12/site-packages/airflow/example_dags/example_nested_branch_dag.py
[2025-03-10T20:44:07.240+0000] {processor.py:925} INFO - DAG(s) 'example_nested_branch_dag' retrieved from /home/airflow/.local/lib/python3.12/site-packages/airflow/example_dags/example_nested_branch_dag.py
[2025-03-10T20:44:07.266+0000] {logging_mixin.py:190} INFO - [2025-03-10T20:44:07.266+0000] {dag.py:3239} INFO - Sync 1 DAGs
[2025-03-10T20:44:07.297+0000] {logging_mixin.py:190} INFO - [2025-03-10T20:44:07.297+0000] {dag.py:4180} INFO - Setting next_dagrun for example_nested_branch_dag to 2025-03-09 00:00:00+00:00, run_after=2025-03-10 00:00:00+00:00
[2025-03-10T20:44:07.317+0000] {processor.py:208} INFO - Processing /home/airflow/.local/lib/python3.12/site-packages/airflow/example_dags/example_nested_branch_dag.py took 0.102 seconds
[2025-03-10T20:44:39.693+0000] {processor.py:186} INFO - Started process (PID=1887) to work on /home/airflow/.local/lib/python3.12/site-packages/airflow/example_dags/example_nested_branch_dag.py
[2025-03-10T20:44:39.694+0000] {processor.py:914} INFO - Processing file /home/airflow/.local/lib/python3.12/site-packages/airflow/example_dags/example_nested_branch_dag.py for tasks to queue
[2025-03-10T20:44:39.697+0000] {logging_mixin.py:190} INFO - [2025-03-10T20:44:39.697+0000] {dagbag.py:588} INFO - Filling up the DagBag from /home/airflow/.local/lib/python3.12/site-packages/airflow/example_dags/example_nested_branch_dag.py
[2025-03-10T20:44:39.711+0000] {processor.py:925} INFO - DAG(s) 'example_nested_branch_dag' retrieved from /home/airflow/.local/lib/python3.12/site-packages/airflow/example_dags/example_nested_branch_dag.py
[2025-03-10T20:44:39.738+0000] {logging_mixin.py:190} INFO - [2025-03-10T20:44:39.738+0000] {dag.py:3239} INFO - Sync 1 DAGs
[2025-03-10T20:44:40.012+0000] {logging_mixin.py:190} INFO - [2025-03-10T20:44:40.011+0000] {dag.py:4180} INFO - Setting next_dagrun for example_nested_branch_dag to 2025-03-09 00:00:00+00:00, run_after=2025-03-10 00:00:00+00:00
[2025-03-10T20:44:40.033+0000] {processor.py:208} INFO - Processing /home/airflow/.local/lib/python3.12/site-packages/airflow/example_dags/example_nested_branch_dag.py took 0.348 seconds
[2025-03-10T20:45:10.248+0000] {processor.py:186} INFO - Started process (PID=1950) to work on /home/airflow/.local/lib/python3.12/site-packages/airflow/example_dags/example_nested_branch_dag.py
[2025-03-10T20:45:10.249+0000] {processor.py:914} INFO - Processing file /home/airflow/.local/lib/python3.12/site-packages/airflow/example_dags/example_nested_branch_dag.py for tasks to queue
[2025-03-10T20:45:10.251+0000] {logging_mixin.py:190} INFO - [2025-03-10T20:45:10.251+0000] {dagbag.py:588} INFO - Filling up the DagBag from /home/airflow/.local/lib/python3.12/site-packages/airflow/example_dags/example_nested_branch_dag.py
[2025-03-10T20:45:10.264+0000] {processor.py:925} INFO - DAG(s) 'example_nested_branch_dag' retrieved from /home/airflow/.local/lib/python3.12/site-packages/airflow/example_dags/example_nested_branch_dag.py
[2025-03-10T20:45:10.292+0000] {logging_mixin.py:190} INFO - [2025-03-10T20:45:10.291+0000] {dag.py:3239} INFO - Sync 1 DAGs
[2025-03-10T20:45:10.334+0000] {logging_mixin.py:190} INFO - [2025-03-10T20:45:10.333+0000] {dag.py:4180} INFO - Setting next_dagrun for example_nested_branch_dag to 2025-03-09 00:00:00+00:00, run_after=2025-03-10 00:00:00+00:00
[2025-03-10T20:45:10.616+0000] {processor.py:208} INFO - Processing /home/airflow/.local/lib/python3.12/site-packages/airflow/example_dags/example_nested_branch_dag.py took 0.374 seconds
[2025-03-10T20:45:40.693+0000] {processor.py:186} INFO - Started process (PID=2019) to work on /home/airflow/.local/lib/python3.12/site-packages/airflow/example_dags/example_nested_branch_dag.py
[2025-03-10T20:45:40.694+0000] {processor.py:914} INFO - Processing file /home/airflow/.local/lib/python3.12/site-packages/airflow/example_dags/example_nested_branch_dag.py for tasks to queue
[2025-03-10T20:45:40.697+0000] {logging_mixin.py:190} INFO - [2025-03-10T20:45:40.696+0000] {dagbag.py:588} INFO - Filling up the DagBag from /home/airflow/.local/lib/python3.12/site-packages/airflow/example_dags/example_nested_branch_dag.py
[2025-03-10T20:45:40.710+0000] {processor.py:925} INFO - DAG(s) 'example_nested_branch_dag' retrieved from /home/airflow/.local/lib/python3.12/site-packages/airflow/example_dags/example_nested_branch_dag.py
[2025-03-10T20:45:40.738+0000] {logging_mixin.py:190} INFO - [2025-03-10T20:45:40.737+0000] {dag.py:3239} INFO - Sync 1 DAGs
[2025-03-10T20:45:40.767+0000] {logging_mixin.py:190} INFO - [2025-03-10T20:45:40.767+0000] {dag.py:4180} INFO - Setting next_dagrun for example_nested_branch_dag to 2025-03-09 00:00:00+00:00, run_after=2025-03-10 00:00:00+00:00
[2025-03-10T20:45:40.786+0000] {processor.py:208} INFO - Processing /home/airflow/.local/lib/python3.12/site-packages/airflow/example_dags/example_nested_branch_dag.py took 0.099 seconds
[2025-03-10T20:46:13.266+0000] {processor.py:186} INFO - Started process (PID=2082) to work on /home/airflow/.local/lib/python3.12/site-packages/airflow/example_dags/example_nested_branch_dag.py
[2025-03-10T20:46:13.267+0000] {processor.py:914} INFO - Processing file /home/airflow/.local/lib/python3.12/site-packages/airflow/example_dags/example_nested_branch_dag.py for tasks to queue
[2025-03-10T20:46:13.270+0000] {logging_mixin.py:190} INFO - [2025-03-10T20:46:13.270+0000] {dagbag.py:588} INFO - Filling up the DagBag from /home/airflow/.local/lib/python3.12/site-packages/airflow/example_dags/example_nested_branch_dag.py
[2025-03-10T20:46:13.284+0000] {processor.py:925} INFO - DAG(s) 'example_nested_branch_dag' retrieved from /home/airflow/.local/lib/python3.12/site-packages/airflow/example_dags/example_nested_branch_dag.py
[2025-03-10T20:46:13.310+0000] {logging_mixin.py:190} INFO - [2025-03-10T20:46:13.309+0000] {dag.py:3239} INFO - Sync 1 DAGs
[2025-03-10T20:46:13.340+0000] {logging_mixin.py:190} INFO - [2025-03-10T20:46:13.340+0000] {dag.py:4180} INFO - Setting next_dagrun for example_nested_branch_dag to 2025-03-09 00:00:00+00:00, run_after=2025-03-10 00:00:00+00:00
[2025-03-10T20:46:13.360+0000] {processor.py:208} INFO - Processing /home/airflow/.local/lib/python3.12/site-packages/airflow/example_dags/example_nested_branch_dag.py took 0.101 seconds
[2025-03-10T20:46:44.165+0000] {processor.py:186} INFO - Started process (PID=2145) to work on /home/airflow/.local/lib/python3.12/site-packages/airflow/example_dags/example_nested_branch_dag.py
[2025-03-10T20:46:44.166+0000] {processor.py:914} INFO - Processing file /home/airflow/.local/lib/python3.12/site-packages/airflow/example_dags/example_nested_branch_dag.py for tasks to queue
[2025-03-10T20:46:44.170+0000] {logging_mixin.py:190} INFO - [2025-03-10T20:46:44.169+0000] {dagbag.py:588} INFO - Filling up the DagBag from /home/airflow/.local/lib/python3.12/site-packages/airflow/example_dags/example_nested_branch_dag.py
[2025-03-10T20:46:44.185+0000] {processor.py:925} INFO - DAG(s) 'example_nested_branch_dag' retrieved from /home/airflow/.local/lib/python3.12/site-packages/airflow/example_dags/example_nested_branch_dag.py
[2025-03-10T20:46:44.469+0000] {logging_mixin.py:190} INFO - [2025-03-10T20:46:44.468+0000] {dag.py:3239} INFO - Sync 1 DAGs
[2025-03-10T20:46:44.502+0000] {logging_mixin.py:190} INFO - [2025-03-10T20:46:44.502+0000] {dag.py:4180} INFO - Setting next_dagrun for example_nested_branch_dag to 2025-03-09 00:00:00+00:00, run_after=2025-03-10 00:00:00+00:00
[2025-03-10T20:46:44.526+0000] {processor.py:208} INFO - Processing /home/airflow/.local/lib/python3.12/site-packages/airflow/example_dags/example_nested_branch_dag.py took 0.368 seconds
[2025-03-10T20:47:14.683+0000] {processor.py:186} INFO - Started process (PID=2208) to work on /home/airflow/.local/lib/python3.12/site-packages/airflow/example_dags/example_nested_branch_dag.py
[2025-03-10T20:47:14.684+0000] {processor.py:914} INFO - Processing file /home/airflow/.local/lib/python3.12/site-packages/airflow/example_dags/example_nested_branch_dag.py for tasks to queue
[2025-03-10T20:47:14.687+0000] {logging_mixin.py:190} INFO - [2025-03-10T20:47:14.687+0000] {dagbag.py:588} INFO - Filling up the DagBag from /home/airflow/.local/lib/python3.12/site-packages/airflow/example_dags/example_nested_branch_dag.py
[2025-03-10T20:47:14.700+0000] {processor.py:925} INFO - DAG(s) 'example_nested_branch_dag' retrieved from /home/airflow/.local/lib/python3.12/site-packages/airflow/example_dags/example_nested_branch_dag.py
[2025-03-10T20:47:14.725+0000] {logging_mixin.py:190} INFO - [2025-03-10T20:47:14.725+0000] {dag.py:3239} INFO - Sync 1 DAGs
[2025-03-10T20:47:14.754+0000] {logging_mixin.py:190} INFO - [2025-03-10T20:47:14.754+0000] {dag.py:4180} INFO - Setting next_dagrun for example_nested_branch_dag to 2025-03-09 00:00:00+00:00, run_after=2025-03-10 00:00:00+00:00
[2025-03-10T20:47:14.775+0000] {processor.py:208} INFO - Processing /home/airflow/.local/lib/python3.12/site-packages/airflow/example_dags/example_nested_branch_dag.py took 0.099 seconds
[2025-03-10T20:47:45.389+0000] {processor.py:186} INFO - Started process (PID=2271) to work on /home/airflow/.local/lib/python3.12/site-packages/airflow/example_dags/example_nested_branch_dag.py
[2025-03-10T20:47:45.390+0000] {processor.py:914} INFO - Processing file /home/airflow/.local/lib/python3.12/site-packages/airflow/example_dags/example_nested_branch_dag.py for tasks to queue
[2025-03-10T20:47:45.393+0000] {logging_mixin.py:190} INFO - [2025-03-10T20:47:45.393+0000] {dagbag.py:588} INFO - Filling up the DagBag from /home/airflow/.local/lib/python3.12/site-packages/airflow/example_dags/example_nested_branch_dag.py
[2025-03-10T20:47:45.405+0000] {processor.py:925} INFO - DAG(s) 'example_nested_branch_dag' retrieved from /home/airflow/.local/lib/python3.12/site-packages/airflow/example_dags/example_nested_branch_dag.py
[2025-03-10T20:47:45.429+0000] {logging_mixin.py:190} INFO - [2025-03-10T20:47:45.429+0000] {dag.py:3239} INFO - Sync 1 DAGs
[2025-03-10T20:47:45.458+0000] {logging_mixin.py:190} INFO - [2025-03-10T20:47:45.458+0000] {dag.py:4180} INFO - Setting next_dagrun for example_nested_branch_dag to 2025-03-09 00:00:00+00:00, run_after=2025-03-10 00:00:00+00:00
[2025-03-10T20:47:45.482+0000] {processor.py:208} INFO - Processing /home/airflow/.local/lib/python3.12/site-packages/airflow/example_dags/example_nested_branch_dag.py took 0.100 seconds
[2025-03-10T20:48:15.874+0000] {processor.py:186} INFO - Started process (PID=2334) to work on /home/airflow/.local/lib/python3.12/site-packages/airflow/example_dags/example_nested_branch_dag.py
[2025-03-10T20:48:15.875+0000] {processor.py:914} INFO - Processing file /home/airflow/.local/lib/python3.12/site-packages/airflow/example_dags/example_nested_branch_dag.py for tasks to queue
[2025-03-10T20:48:15.878+0000] {logging_mixin.py:190} INFO - [2025-03-10T20:48:15.878+0000] {dagbag.py:588} INFO - Filling up the DagBag from /home/airflow/.local/lib/python3.12/site-packages/airflow/example_dags/example_nested_branch_dag.py
[2025-03-10T20:48:15.893+0000] {processor.py:925} INFO - DAG(s) 'example_nested_branch_dag' retrieved from /home/airflow/.local/lib/python3.12/site-packages/airflow/example_dags/example_nested_branch_dag.py
[2025-03-10T20:48:15.920+0000] {logging_mixin.py:190} INFO - [2025-03-10T20:48:15.919+0000] {dag.py:3239} INFO - Sync 1 DAGs
[2025-03-10T20:48:15.949+0000] {logging_mixin.py:190} INFO - [2025-03-10T20:48:15.949+0000] {dag.py:4180} INFO - Setting next_dagrun for example_nested_branch_dag to 2025-03-09 00:00:00+00:00, run_after=2025-03-10 00:00:00+00:00
[2025-03-10T20:48:15.969+0000] {processor.py:208} INFO - Processing /home/airflow/.local/lib/python3.12/site-packages/airflow/example_dags/example_nested_branch_dag.py took 0.102 seconds
[2025-03-10T20:48:46.455+0000] {processor.py:186} INFO - Started process (PID=2397) to work on /home/airflow/.local/lib/python3.12/site-packages/airflow/example_dags/example_nested_branch_dag.py
[2025-03-10T20:48:46.456+0000] {processor.py:914} INFO - Processing file /home/airflow/.local/lib/python3.12/site-packages/airflow/example_dags/example_nested_branch_dag.py for tasks to queue
[2025-03-10T20:48:46.459+0000] {logging_mixin.py:190} INFO - [2025-03-10T20:48:46.458+0000] {dagbag.py:588} INFO - Filling up the DagBag from /home/airflow/.local/lib/python3.12/site-packages/airflow/example_dags/example_nested_branch_dag.py
[2025-03-10T20:48:46.471+0000] {processor.py:925} INFO - DAG(s) 'example_nested_branch_dag' retrieved from /home/airflow/.local/lib/python3.12/site-packages/airflow/example_dags/example_nested_branch_dag.py
[2025-03-10T20:48:46.498+0000] {logging_mixin.py:190} INFO - [2025-03-10T20:48:46.497+0000] {dag.py:3239} INFO - Sync 1 DAGs
[2025-03-10T20:48:46.527+0000] {logging_mixin.py:190} INFO - [2025-03-10T20:48:46.526+0000] {dag.py:4180} INFO - Setting next_dagrun for example_nested_branch_dag to 2025-03-09 00:00:00+00:00, run_after=2025-03-10 00:00:00+00:00
[2025-03-10T20:48:46.549+0000] {processor.py:208} INFO - Processing /home/airflow/.local/lib/python3.12/site-packages/airflow/example_dags/example_nested_branch_dag.py took 0.101 seconds
[2025-03-10T20:49:17.026+0000] {processor.py:186} INFO - Started process (PID=2460) to work on /home/airflow/.local/lib/python3.12/site-packages/airflow/example_dags/example_nested_branch_dag.py
[2025-03-10T20:49:17.027+0000] {processor.py:914} INFO - Processing file /home/airflow/.local/lib/python3.12/site-packages/airflow/example_dags/example_nested_branch_dag.py for tasks to queue
[2025-03-10T20:49:17.030+0000] {logging_mixin.py:190} INFO - [2025-03-10T20:49:17.029+0000] {dagbag.py:588} INFO - Filling up the DagBag from /home/airflow/.local/lib/python3.12/site-packages/airflow/example_dags/example_nested_branch_dag.py
[2025-03-10T20:49:17.043+0000] {processor.py:925} INFO - DAG(s) 'example_nested_branch_dag' retrieved from /home/airflow/.local/lib/python3.12/site-packages/airflow/example_dags/example_nested_branch_dag.py
[2025-03-10T20:49:17.068+0000] {logging_mixin.py:190} INFO - [2025-03-10T20:49:17.068+0000] {dag.py:3239} INFO - Sync 1 DAGs
[2025-03-10T20:49:17.098+0000] {logging_mixin.py:190} INFO - [2025-03-10T20:49:17.098+0000] {dag.py:4180} INFO - Setting next_dagrun for example_nested_branch_dag to 2025-03-09 00:00:00+00:00, run_after=2025-03-10 00:00:00+00:00
[2025-03-10T20:49:17.118+0000] {processor.py:208} INFO - Processing /home/airflow/.local/lib/python3.12/site-packages/airflow/example_dags/example_nested_branch_dag.py took 0.100 seconds
[2025-03-10T20:49:47.410+0000] {processor.py:186} INFO - Started process (PID=2523) to work on /home/airflow/.local/lib/python3.12/site-packages/airflow/example_dags/example_nested_branch_dag.py
[2025-03-10T20:49:47.411+0000] {processor.py:914} INFO - Processing file /home/airflow/.local/lib/python3.12/site-packages/airflow/example_dags/example_nested_branch_dag.py for tasks to queue
[2025-03-10T20:49:47.414+0000] {logging_mixin.py:190} INFO - [2025-03-10T20:49:47.414+0000] {dagbag.py:588} INFO - Filling up the DagBag from /home/airflow/.local/lib/python3.12/site-packages/airflow/example_dags/example_nested_branch_dag.py
[2025-03-10T20:49:47.427+0000] {processor.py:925} INFO - DAG(s) 'example_nested_branch_dag' retrieved from /home/airflow/.local/lib/python3.12/site-packages/airflow/example_dags/example_nested_branch_dag.py
[2025-03-10T20:49:47.454+0000] {logging_mixin.py:190} INFO - [2025-03-10T20:49:47.453+0000] {dag.py:3239} INFO - Sync 1 DAGs
[2025-03-10T20:49:47.483+0000] {logging_mixin.py:190} INFO - [2025-03-10T20:49:47.482+0000] {dag.py:4180} INFO - Setting next_dagrun for example_nested_branch_dag to 2025-03-09 00:00:00+00:00, run_after=2025-03-10 00:00:00+00:00
[2025-03-10T20:49:47.507+0000] {processor.py:208} INFO - Processing /home/airflow/.local/lib/python3.12/site-packages/airflow/example_dags/example_nested_branch_dag.py took 0.104 seconds
[2025-03-10T20:50:18.007+0000] {processor.py:186} INFO - Started process (PID=2586) to work on /home/airflow/.local/lib/python3.12/site-packages/airflow/example_dags/example_nested_branch_dag.py
[2025-03-10T20:50:18.008+0000] {processor.py:914} INFO - Processing file /home/airflow/.local/lib/python3.12/site-packages/airflow/example_dags/example_nested_branch_dag.py for tasks to queue
[2025-03-10T20:50:18.011+0000] {logging_mixin.py:190} INFO - [2025-03-10T20:50:18.011+0000] {dagbag.py:588} INFO - Filling up the DagBag from /home/airflow/.local/lib/python3.12/site-packages/airflow/example_dags/example_nested_branch_dag.py
[2025-03-10T20:50:18.024+0000] {processor.py:925} INFO - DAG(s) 'example_nested_branch_dag' retrieved from /home/airflow/.local/lib/python3.12/site-packages/airflow/example_dags/example_nested_branch_dag.py
[2025-03-10T20:50:18.048+0000] {logging_mixin.py:190} INFO - [2025-03-10T20:50:18.048+0000] {dag.py:3239} INFO - Sync 1 DAGs
[2025-03-10T20:50:18.077+0000] {logging_mixin.py:190} INFO - [2025-03-10T20:50:18.077+0000] {dag.py:4180} INFO - Setting next_dagrun for example_nested_branch_dag to 2025-03-09 00:00:00+00:00, run_after=2025-03-10 00:00:00+00:00
[2025-03-10T20:50:18.095+0000] {processor.py:208} INFO - Processing /home/airflow/.local/lib/python3.12/site-packages/airflow/example_dags/example_nested_branch_dag.py took 0.095 seconds
[2025-03-10T23:08:58.824+0000] {processor.py:186} INFO - Started process (PID=118) to work on /home/airflow/.local/lib/python3.12/site-packages/airflow/example_dags/example_nested_branch_dag.py
[2025-03-10T23:08:58.826+0000] {processor.py:914} INFO - Processing file /home/airflow/.local/lib/python3.12/site-packages/airflow/example_dags/example_nested_branch_dag.py for tasks to queue
[2025-03-10T23:08:58.829+0000] {logging_mixin.py:190} INFO - [2025-03-10T23:08:58.829+0000] {dagbag.py:588} INFO - Filling up the DagBag from /home/airflow/.local/lib/python3.12/site-packages/airflow/example_dags/example_nested_branch_dag.py
[2025-03-10T23:08:58.846+0000] {processor.py:925} INFO - DAG(s) 'example_nested_branch_dag' retrieved from /home/airflow/.local/lib/python3.12/site-packages/airflow/example_dags/example_nested_branch_dag.py
[2025-03-10T23:08:58.891+0000] {logging_mixin.py:190} INFO - [2025-03-10T23:08:58.890+0000] {dag.py:3239} INFO - Sync 1 DAGs
[2025-03-10T23:08:58.941+0000] {logging_mixin.py:190} INFO - [2025-03-10T23:08:58.941+0000] {dag.py:4180} INFO - Setting next_dagrun for example_nested_branch_dag to 2025-03-09 00:00:00+00:00, run_after=2025-03-10 00:00:00+00:00
[2025-03-10T23:08:58.968+0000] {processor.py:208} INFO - Processing /home/airflow/.local/lib/python3.12/site-packages/airflow/example_dags/example_nested_branch_dag.py took 0.156 seconds
[2025-03-10T23:10:34.226+0000] {processor.py:186} INFO - Started process (PID=175) to work on /home/airflow/.local/lib/python3.12/site-packages/airflow/example_dags/example_nested_branch_dag.py
[2025-03-10T23:10:34.228+0000] {processor.py:914} INFO - Processing file /home/airflow/.local/lib/python3.12/site-packages/airflow/example_dags/example_nested_branch_dag.py for tasks to queue
[2025-03-10T23:10:34.229+0000] {logging_mixin.py:190} INFO - [2025-03-10T23:10:34.228+0000] {dagbag.py:588} INFO - Filling up the DagBag from /home/airflow/.local/lib/python3.12/site-packages/airflow/example_dags/example_nested_branch_dag.py
[2025-03-10T23:10:34.243+0000] {processor.py:925} INFO - DAG(s) 'example_nested_branch_dag' retrieved from /home/airflow/.local/lib/python3.12/site-packages/airflow/example_dags/example_nested_branch_dag.py
[2025-03-10T23:10:34.269+0000] {logging_mixin.py:190} INFO - [2025-03-10T23:10:34.269+0000] {dag.py:3239} INFO - Sync 1 DAGs
[2025-03-10T23:10:34.299+0000] {logging_mixin.py:190} INFO - [2025-03-10T23:10:34.299+0000] {dag.py:4180} INFO - Setting next_dagrun for example_nested_branch_dag to 2025-03-09 00:00:00+00:00, run_after=2025-03-10 00:00:00+00:00
[2025-03-10T23:10:34.319+0000] {processor.py:208} INFO - Processing /home/airflow/.local/lib/python3.12/site-packages/airflow/example_dags/example_nested_branch_dag.py took 0.100 seconds
[2025-03-10T23:13:26.370+0000] {processor.py:186} INFO - Started process (PID=233) to work on /home/airflow/.local/lib/python3.12/site-packages/airflow/example_dags/example_nested_branch_dag.py
[2025-03-10T23:13:26.373+0000] {processor.py:914} INFO - Processing file /home/airflow/.local/lib/python3.12/site-packages/airflow/example_dags/example_nested_branch_dag.py for tasks to queue
[2025-03-10T23:13:26.380+0000] {logging_mixin.py:190} INFO - [2025-03-10T23:13:26.379+0000] {dagbag.py:588} INFO - Filling up the DagBag from /home/airflow/.local/lib/python3.12/site-packages/airflow/example_dags/example_nested_branch_dag.py
[2025-03-10T23:13:26.443+0000] {processor.py:925} INFO - DAG(s) 'example_nested_branch_dag' retrieved from /home/airflow/.local/lib/python3.12/site-packages/airflow/example_dags/example_nested_branch_dag.py
[2025-03-10T23:13:26.559+0000] {logging_mixin.py:190} INFO - [2025-03-10T23:13:26.558+0000] {dag.py:3239} INFO - Sync 1 DAGs
[2025-03-10T23:13:26.739+0000] {logging_mixin.py:190} INFO - [2025-03-10T23:13:26.738+0000] {dag.py:4180} INFO - Setting next_dagrun for example_nested_branch_dag to 2025-03-09 00:00:00+00:00, run_after=2025-03-10 00:00:00+00:00
[2025-03-10T23:13:26.838+0000] {processor.py:208} INFO - Processing /home/airflow/.local/lib/python3.12/site-packages/airflow/example_dags/example_nested_branch_dag.py took 0.495 seconds
[2025-03-10T23:15:02.181+0000] {processor.py:186} INFO - Started process (PID=306) to work on /home/airflow/.local/lib/python3.12/site-packages/airflow/example_dags/example_nested_branch_dag.py
[2025-03-10T23:15:02.185+0000] {processor.py:914} INFO - Processing file /home/airflow/.local/lib/python3.12/site-packages/airflow/example_dags/example_nested_branch_dag.py for tasks to queue
[2025-03-10T23:15:02.189+0000] {logging_mixin.py:190} INFO - [2025-03-10T23:15:02.188+0000] {dagbag.py:588} INFO - Filling up the DagBag from /home/airflow/.local/lib/python3.12/site-packages/airflow/example_dags/example_nested_branch_dag.py
[2025-03-10T23:15:02.238+0000] {processor.py:925} INFO - DAG(s) 'example_nested_branch_dag' retrieved from /home/airflow/.local/lib/python3.12/site-packages/airflow/example_dags/example_nested_branch_dag.py
[2025-03-10T23:15:02.332+0000] {logging_mixin.py:190} INFO - [2025-03-10T23:15:02.331+0000] {dag.py:3239} INFO - Sync 1 DAGs
[2025-03-10T23:15:02.451+0000] {logging_mixin.py:190} INFO - [2025-03-10T23:15:02.450+0000] {dag.py:4180} INFO - Setting next_dagrun for example_nested_branch_dag to 2025-03-09 00:00:00+00:00, run_after=2025-03-10 00:00:00+00:00
[2025-03-10T23:15:02.524+0000] {processor.py:208} INFO - Processing /home/airflow/.local/lib/python3.12/site-packages/airflow/example_dags/example_nested_branch_dag.py took 0.371 seconds
[2025-03-10T23:15:33.683+0000] {processor.py:186} INFO - Started process (PID=369) to work on /home/airflow/.local/lib/python3.12/site-packages/airflow/example_dags/example_nested_branch_dag.py
[2025-03-10T23:15:33.687+0000] {processor.py:914} INFO - Processing file /home/airflow/.local/lib/python3.12/site-packages/airflow/example_dags/example_nested_branch_dag.py for tasks to queue
[2025-03-10T23:15:33.695+0000] {logging_mixin.py:190} INFO - [2025-03-10T23:15:33.693+0000] {dagbag.py:588} INFO - Filling up the DagBag from /home/airflow/.local/lib/python3.12/site-packages/airflow/example_dags/example_nested_branch_dag.py
[2025-03-10T23:15:33.769+0000] {processor.py:925} INFO - DAG(s) 'example_nested_branch_dag' retrieved from /home/airflow/.local/lib/python3.12/site-packages/airflow/example_dags/example_nested_branch_dag.py
[2025-03-10T23:15:33.908+0000] {logging_mixin.py:190} INFO - [2025-03-10T23:15:33.907+0000] {dag.py:3239} INFO - Sync 1 DAGs
[2025-03-10T23:15:34.083+0000] {logging_mixin.py:190} INFO - [2025-03-10T23:15:34.082+0000] {dag.py:4180} INFO - Setting next_dagrun for example_nested_branch_dag to 2025-03-09 00:00:00+00:00, run_after=2025-03-10 00:00:00+00:00
[2025-03-10T23:15:34.162+0000] {processor.py:208} INFO - Processing /home/airflow/.local/lib/python3.12/site-packages/airflow/example_dags/example_nested_branch_dag.py took 0.512 seconds
[2025-03-10T23:16:05.226+0000] {processor.py:186} INFO - Started process (PID=432) to work on /home/airflow/.local/lib/python3.12/site-packages/airflow/example_dags/example_nested_branch_dag.py
[2025-03-10T23:16:05.231+0000] {processor.py:914} INFO - Processing file /home/airflow/.local/lib/python3.12/site-packages/airflow/example_dags/example_nested_branch_dag.py for tasks to queue
[2025-03-10T23:16:05.239+0000] {logging_mixin.py:190} INFO - [2025-03-10T23:16:05.237+0000] {dagbag.py:588} INFO - Filling up the DagBag from /home/airflow/.local/lib/python3.12/site-packages/airflow/example_dags/example_nested_branch_dag.py
[2025-03-10T23:16:05.284+0000] {processor.py:925} INFO - DAG(s) 'example_nested_branch_dag' retrieved from /home/airflow/.local/lib/python3.12/site-packages/airflow/example_dags/example_nested_branch_dag.py
[2025-03-10T23:16:05.373+0000] {logging_mixin.py:190} INFO - [2025-03-10T23:16:05.372+0000] {dag.py:3239} INFO - Sync 1 DAGs
[2025-03-10T23:16:05.511+0000] {logging_mixin.py:190} INFO - [2025-03-10T23:16:05.509+0000] {dag.py:4180} INFO - Setting next_dagrun for example_nested_branch_dag to 2025-03-09 00:00:00+00:00, run_after=2025-03-10 00:00:00+00:00
[2025-03-10T23:16:05.610+0000] {processor.py:208} INFO - Processing /home/airflow/.local/lib/python3.12/site-packages/airflow/example_dags/example_nested_branch_dag.py took 0.434 seconds
[2025-03-10T23:16:35.848+0000] {processor.py:186} INFO - Started process (PID=495) to work on /home/airflow/.local/lib/python3.12/site-packages/airflow/example_dags/example_nested_branch_dag.py
[2025-03-10T23:16:35.849+0000] {processor.py:914} INFO - Processing file /home/airflow/.local/lib/python3.12/site-packages/airflow/example_dags/example_nested_branch_dag.py for tasks to queue
[2025-03-10T23:16:35.850+0000] {logging_mixin.py:190} INFO - [2025-03-10T23:16:35.850+0000] {dagbag.py:588} INFO - Filling up the DagBag from /home/airflow/.local/lib/python3.12/site-packages/airflow/example_dags/example_nested_branch_dag.py
[2025-03-10T23:16:35.865+0000] {processor.py:925} INFO - DAG(s) 'example_nested_branch_dag' retrieved from /home/airflow/.local/lib/python3.12/site-packages/airflow/example_dags/example_nested_branch_dag.py
[2025-03-10T23:16:35.895+0000] {logging_mixin.py:190} INFO - [2025-03-10T23:16:35.895+0000] {dag.py:3239} INFO - Sync 1 DAGs
[2025-03-10T23:16:35.926+0000] {logging_mixin.py:190} INFO - [2025-03-10T23:16:35.926+0000] {dag.py:4180} INFO - Setting next_dagrun for example_nested_branch_dag to 2025-03-09 00:00:00+00:00, run_after=2025-03-10 00:00:00+00:00
[2025-03-10T23:16:35.951+0000] {processor.py:208} INFO - Processing /home/airflow/.local/lib/python3.12/site-packages/airflow/example_dags/example_nested_branch_dag.py took 0.112 seconds
[2025-03-10T23:17:06.343+0000] {processor.py:186} INFO - Started process (PID=558) to work on /home/airflow/.local/lib/python3.12/site-packages/airflow/example_dags/example_nested_branch_dag.py
[2025-03-10T23:17:06.344+0000] {processor.py:914} INFO - Processing file /home/airflow/.local/lib/python3.12/site-packages/airflow/example_dags/example_nested_branch_dag.py for tasks to queue
[2025-03-10T23:17:06.345+0000] {logging_mixin.py:190} INFO - [2025-03-10T23:17:06.344+0000] {dagbag.py:588} INFO - Filling up the DagBag from /home/airflow/.local/lib/python3.12/site-packages/airflow/example_dags/example_nested_branch_dag.py
[2025-03-10T23:17:06.358+0000] {processor.py:925} INFO - DAG(s) 'example_nested_branch_dag' retrieved from /home/airflow/.local/lib/python3.12/site-packages/airflow/example_dags/example_nested_branch_dag.py
[2025-03-10T23:17:06.384+0000] {logging_mixin.py:190} INFO - [2025-03-10T23:17:06.383+0000] {dag.py:3239} INFO - Sync 1 DAGs
[2025-03-10T23:17:06.414+0000] {logging_mixin.py:190} INFO - [2025-03-10T23:17:06.413+0000] {dag.py:4180} INFO - Setting next_dagrun for example_nested_branch_dag to 2025-03-09 00:00:00+00:00, run_after=2025-03-10 00:00:00+00:00
[2025-03-10T23:17:06.434+0000] {processor.py:208} INFO - Processing /home/airflow/.local/lib/python3.12/site-packages/airflow/example_dags/example_nested_branch_dag.py took 0.099 seconds
[2025-03-10T23:17:36.647+0000] {processor.py:186} INFO - Started process (PID=621) to work on /home/airflow/.local/lib/python3.12/site-packages/airflow/example_dags/example_nested_branch_dag.py
[2025-03-10T23:17:36.647+0000] {processor.py:914} INFO - Processing file /home/airflow/.local/lib/python3.12/site-packages/airflow/example_dags/example_nested_branch_dag.py for tasks to queue
[2025-03-10T23:17:36.649+0000] {logging_mixin.py:190} INFO - [2025-03-10T23:17:36.648+0000] {dagbag.py:588} INFO - Filling up the DagBag from /home/airflow/.local/lib/python3.12/site-packages/airflow/example_dags/example_nested_branch_dag.py
[2025-03-10T23:17:36.661+0000] {processor.py:925} INFO - DAG(s) 'example_nested_branch_dag' retrieved from /home/airflow/.local/lib/python3.12/site-packages/airflow/example_dags/example_nested_branch_dag.py
[2025-03-10T23:17:36.686+0000] {logging_mixin.py:190} INFO - [2025-03-10T23:17:36.686+0000] {dag.py:3239} INFO - Sync 1 DAGs
[2025-03-10T23:17:36.715+0000] {logging_mixin.py:190} INFO - [2025-03-10T23:17:36.715+0000] {dag.py:4180} INFO - Setting next_dagrun for example_nested_branch_dag to 2025-03-09 00:00:00+00:00, run_after=2025-03-10 00:00:00+00:00
[2025-03-10T23:17:36.737+0000] {processor.py:208} INFO - Processing /home/airflow/.local/lib/python3.12/site-packages/airflow/example_dags/example_nested_branch_dag.py took 0.097 seconds
[2025-03-10T23:18:06.882+0000] {processor.py:186} INFO - Started process (PID=684) to work on /home/airflow/.local/lib/python3.12/site-packages/airflow/example_dags/example_nested_branch_dag.py
[2025-03-10T23:18:06.883+0000] {processor.py:914} INFO - Processing file /home/airflow/.local/lib/python3.12/site-packages/airflow/example_dags/example_nested_branch_dag.py for tasks to queue
[2025-03-10T23:18:06.885+0000] {logging_mixin.py:190} INFO - [2025-03-10T23:18:06.884+0000] {dagbag.py:588} INFO - Filling up the DagBag from /home/airflow/.local/lib/python3.12/site-packages/airflow/example_dags/example_nested_branch_dag.py
[2025-03-10T23:18:06.901+0000] {processor.py:925} INFO - DAG(s) 'example_nested_branch_dag' retrieved from /home/airflow/.local/lib/python3.12/site-packages/airflow/example_dags/example_nested_branch_dag.py
[2025-03-10T23:18:06.932+0000] {logging_mixin.py:190} INFO - [2025-03-10T23:18:06.932+0000] {dag.py:3239} INFO - Sync 1 DAGs
[2025-03-10T23:18:06.967+0000] {logging_mixin.py:190} INFO - [2025-03-10T23:18:06.966+0000] {dag.py:4180} INFO - Setting next_dagrun for example_nested_branch_dag to 2025-03-09 00:00:00+00:00, run_after=2025-03-10 00:00:00+00:00
[2025-03-10T23:18:06.991+0000] {processor.py:208} INFO - Processing /home/airflow/.local/lib/python3.12/site-packages/airflow/example_dags/example_nested_branch_dag.py took 0.118 seconds
[2025-03-10T23:18:37.073+0000] {processor.py:186} INFO - Started process (PID=747) to work on /home/airflow/.local/lib/python3.12/site-packages/airflow/example_dags/example_nested_branch_dag.py
[2025-03-10T23:18:37.074+0000] {processor.py:914} INFO - Processing file /home/airflow/.local/lib/python3.12/site-packages/airflow/example_dags/example_nested_branch_dag.py for tasks to queue
[2025-03-10T23:18:37.075+0000] {logging_mixin.py:190} INFO - [2025-03-10T23:18:37.075+0000] {dagbag.py:588} INFO - Filling up the DagBag from /home/airflow/.local/lib/python3.12/site-packages/airflow/example_dags/example_nested_branch_dag.py
[2025-03-10T23:18:37.088+0000] {processor.py:925} INFO - DAG(s) 'example_nested_branch_dag' retrieved from /home/airflow/.local/lib/python3.12/site-packages/airflow/example_dags/example_nested_branch_dag.py
[2025-03-10T23:18:37.113+0000] {logging_mixin.py:190} INFO - [2025-03-10T23:18:37.113+0000] {dag.py:3239} INFO - Sync 1 DAGs
[2025-03-10T23:18:37.142+0000] {logging_mixin.py:190} INFO - [2025-03-10T23:18:37.142+0000] {dag.py:4180} INFO - Setting next_dagrun for example_nested_branch_dag to 2025-03-09 00:00:00+00:00, run_after=2025-03-10 00:00:00+00:00
[2025-03-10T23:18:37.161+0000] {processor.py:208} INFO - Processing /home/airflow/.local/lib/python3.12/site-packages/airflow/example_dags/example_nested_branch_dag.py took 0.095 seconds
[2025-03-10T23:19:07.399+0000] {processor.py:186} INFO - Started process (PID=810) to work on /home/airflow/.local/lib/python3.12/site-packages/airflow/example_dags/example_nested_branch_dag.py
[2025-03-10T23:19:07.400+0000] {processor.py:914} INFO - Processing file /home/airflow/.local/lib/python3.12/site-packages/airflow/example_dags/example_nested_branch_dag.py for tasks to queue
[2025-03-10T23:19:07.401+0000] {logging_mixin.py:190} INFO - [2025-03-10T23:19:07.401+0000] {dagbag.py:588} INFO - Filling up the DagBag from /home/airflow/.local/lib/python3.12/site-packages/airflow/example_dags/example_nested_branch_dag.py
[2025-03-10T23:19:07.415+0000] {processor.py:925} INFO - DAG(s) 'example_nested_branch_dag' retrieved from /home/airflow/.local/lib/python3.12/site-packages/airflow/example_dags/example_nested_branch_dag.py
[2025-03-10T23:19:07.447+0000] {logging_mixin.py:190} INFO - [2025-03-10T23:19:07.447+0000] {dag.py:3239} INFO - Sync 1 DAGs
[2025-03-10T23:19:07.479+0000] {logging_mixin.py:190} INFO - [2025-03-10T23:19:07.479+0000] {dag.py:4180} INFO - Setting next_dagrun for example_nested_branch_dag to 2025-03-09 00:00:00+00:00, run_after=2025-03-10 00:00:00+00:00
[2025-03-10T23:19:07.502+0000] {processor.py:208} INFO - Processing /home/airflow/.local/lib/python3.12/site-packages/airflow/example_dags/example_nested_branch_dag.py took 0.110 seconds
[2025-03-10T23:27:11.792+0000] {processor.py:186} INFO - Started process (PID=105) to work on /home/airflow/.local/lib/python3.12/site-packages/airflow/example_dags/example_nested_branch_dag.py
[2025-03-10T23:27:11.796+0000] {processor.py:914} INFO - Processing file /home/airflow/.local/lib/python3.12/site-packages/airflow/example_dags/example_nested_branch_dag.py for tasks to queue
[2025-03-10T23:27:11.809+0000] {logging_mixin.py:190} INFO - [2025-03-10T23:27:11.807+0000] {dagbag.py:588} INFO - Filling up the DagBag from /home/airflow/.local/lib/python3.12/site-packages/airflow/example_dags/example_nested_branch_dag.py
[2025-03-10T23:27:11.873+0000] {processor.py:925} INFO - DAG(s) 'example_nested_branch_dag' retrieved from /home/airflow/.local/lib/python3.12/site-packages/airflow/example_dags/example_nested_branch_dag.py
[2025-03-10T23:27:11.978+0000] {logging_mixin.py:190} INFO - [2025-03-10T23:27:11.977+0000] {dag.py:3239} INFO - Sync 1 DAGs
[2025-03-10T23:27:12.094+0000] {logging_mixin.py:190} INFO - [2025-03-10T23:27:12.092+0000] {dag.py:4180} INFO - Setting next_dagrun for example_nested_branch_dag to 2025-03-09 00:00:00+00:00, run_after=2025-03-10 00:00:00+00:00
[2025-03-10T23:27:12.174+0000] {processor.py:208} INFO - Processing /home/airflow/.local/lib/python3.12/site-packages/airflow/example_dags/example_nested_branch_dag.py took 0.415 seconds
[2025-03-10T23:27:42.613+0000] {processor.py:186} INFO - Started process (PID=168) to work on /home/airflow/.local/lib/python3.12/site-packages/airflow/example_dags/example_nested_branch_dag.py
[2025-03-10T23:27:42.615+0000] {processor.py:914} INFO - Processing file /home/airflow/.local/lib/python3.12/site-packages/airflow/example_dags/example_nested_branch_dag.py for tasks to queue
[2025-03-10T23:27:42.618+0000] {logging_mixin.py:190} INFO - [2025-03-10T23:27:42.618+0000] {dagbag.py:588} INFO - Filling up the DagBag from /home/airflow/.local/lib/python3.12/site-packages/airflow/example_dags/example_nested_branch_dag.py
[2025-03-10T23:27:42.635+0000] {processor.py:925} INFO - DAG(s) 'example_nested_branch_dag' retrieved from /home/airflow/.local/lib/python3.12/site-packages/airflow/example_dags/example_nested_branch_dag.py
[2025-03-10T23:27:42.661+0000] {logging_mixin.py:190} INFO - [2025-03-10T23:27:42.660+0000] {dag.py:3239} INFO - Sync 1 DAGs
[2025-03-10T23:27:42.690+0000] {logging_mixin.py:190} INFO - [2025-03-10T23:27:42.689+0000] {dag.py:4180} INFO - Setting next_dagrun for example_nested_branch_dag to 2025-03-09 00:00:00+00:00, run_after=2025-03-10 00:00:00+00:00
[2025-03-10T23:27:42.709+0000] {processor.py:208} INFO - Processing /home/airflow/.local/lib/python3.12/site-packages/airflow/example_dags/example_nested_branch_dag.py took 0.103 seconds
[2025-03-10T23:28:13.166+0000] {processor.py:186} INFO - Started process (PID=231) to work on /home/airflow/.local/lib/python3.12/site-packages/airflow/example_dags/example_nested_branch_dag.py
[2025-03-10T23:28:13.167+0000] {processor.py:914} INFO - Processing file /home/airflow/.local/lib/python3.12/site-packages/airflow/example_dags/example_nested_branch_dag.py for tasks to queue
[2025-03-10T23:28:13.170+0000] {logging_mixin.py:190} INFO - [2025-03-10T23:28:13.170+0000] {dagbag.py:588} INFO - Filling up the DagBag from /home/airflow/.local/lib/python3.12/site-packages/airflow/example_dags/example_nested_branch_dag.py
[2025-03-10T23:28:13.183+0000] {processor.py:925} INFO - DAG(s) 'example_nested_branch_dag' retrieved from /home/airflow/.local/lib/python3.12/site-packages/airflow/example_dags/example_nested_branch_dag.py
[2025-03-10T23:28:13.208+0000] {logging_mixin.py:190} INFO - [2025-03-10T23:28:13.208+0000] {dag.py:3239} INFO - Sync 1 DAGs
[2025-03-10T23:28:13.237+0000] {logging_mixin.py:190} INFO - [2025-03-10T23:28:13.237+0000] {dag.py:4180} INFO - Setting next_dagrun for example_nested_branch_dag to 2025-03-09 00:00:00+00:00, run_after=2025-03-10 00:00:00+00:00
[2025-03-10T23:28:13.257+0000] {processor.py:208} INFO - Processing /home/airflow/.local/lib/python3.12/site-packages/airflow/example_dags/example_nested_branch_dag.py took 0.097 seconds
[2025-03-10T23:28:44.010+0000] {processor.py:186} INFO - Started process (PID=294) to work on /home/airflow/.local/lib/python3.12/site-packages/airflow/example_dags/example_nested_branch_dag.py
[2025-03-10T23:28:44.011+0000] {processor.py:914} INFO - Processing file /home/airflow/.local/lib/python3.12/site-packages/airflow/example_dags/example_nested_branch_dag.py for tasks to queue
[2025-03-10T23:28:44.014+0000] {logging_mixin.py:190} INFO - [2025-03-10T23:28:44.013+0000] {dagbag.py:588} INFO - Filling up the DagBag from /home/airflow/.local/lib/python3.12/site-packages/airflow/example_dags/example_nested_branch_dag.py
[2025-03-10T23:28:44.029+0000] {processor.py:925} INFO - DAG(s) 'example_nested_branch_dag' retrieved from /home/airflow/.local/lib/python3.12/site-packages/airflow/example_dags/example_nested_branch_dag.py
[2025-03-10T23:28:44.060+0000] {logging_mixin.py:190} INFO - [2025-03-10T23:28:44.060+0000] {dag.py:3239} INFO - Sync 1 DAGs
[2025-03-10T23:28:44.098+0000] {logging_mixin.py:190} INFO - [2025-03-10T23:28:44.098+0000] {dag.py:4180} INFO - Setting next_dagrun for example_nested_branch_dag to 2025-03-09 00:00:00+00:00, run_after=2025-03-10 00:00:00+00:00
[2025-03-10T23:28:44.124+0000] {processor.py:208} INFO - Processing /home/airflow/.local/lib/python3.12/site-packages/airflow/example_dags/example_nested_branch_dag.py took 0.121 seconds
[2025-03-10T23:29:15.209+0000] {processor.py:186} INFO - Started process (PID=357) to work on /home/airflow/.local/lib/python3.12/site-packages/airflow/example_dags/example_nested_branch_dag.py
[2025-03-10T23:29:15.210+0000] {processor.py:914} INFO - Processing file /home/airflow/.local/lib/python3.12/site-packages/airflow/example_dags/example_nested_branch_dag.py for tasks to queue
[2025-03-10T23:29:15.213+0000] {logging_mixin.py:190} INFO - [2025-03-10T23:29:15.213+0000] {dagbag.py:588} INFO - Filling up the DagBag from /home/airflow/.local/lib/python3.12/site-packages/airflow/example_dags/example_nested_branch_dag.py
[2025-03-10T23:29:15.227+0000] {processor.py:925} INFO - DAG(s) 'example_nested_branch_dag' retrieved from /home/airflow/.local/lib/python3.12/site-packages/airflow/example_dags/example_nested_branch_dag.py
[2025-03-10T23:29:15.254+0000] {logging_mixin.py:190} INFO - [2025-03-10T23:29:15.253+0000] {dag.py:3239} INFO - Sync 1 DAGs
[2025-03-10T23:29:15.283+0000] {logging_mixin.py:190} INFO - [2025-03-10T23:29:15.283+0000] {dag.py:4180} INFO - Setting next_dagrun for example_nested_branch_dag to 2025-03-09 00:00:00+00:00, run_after=2025-03-10 00:00:00+00:00
[2025-03-10T23:29:15.305+0000] {processor.py:208} INFO - Processing /home/airflow/.local/lib/python3.12/site-packages/airflow/example_dags/example_nested_branch_dag.py took 0.103 seconds
[2025-03-10T23:35:25.784+0000] {processor.py:186} INFO - Started process (PID=131) to work on /home/airflow/.local/lib/python3.12/site-packages/airflow/example_dags/example_nested_branch_dag.py
[2025-03-10T23:35:25.787+0000] {processor.py:914} INFO - Processing file /home/airflow/.local/lib/python3.12/site-packages/airflow/example_dags/example_nested_branch_dag.py for tasks to queue
[2025-03-10T23:35:25.798+0000] {logging_mixin.py:190} INFO - [2025-03-10T23:35:25.796+0000] {dagbag.py:588} INFO - Filling up the DagBag from /home/airflow/.local/lib/python3.12/site-packages/airflow/example_dags/example_nested_branch_dag.py
[2025-03-10T23:35:25.866+0000] {processor.py:925} INFO - DAG(s) 'example_nested_branch_dag' retrieved from /home/airflow/.local/lib/python3.12/site-packages/airflow/example_dags/example_nested_branch_dag.py
[2025-03-10T23:35:25.962+0000] {logging_mixin.py:190} INFO - [2025-03-10T23:35:25.961+0000] {dag.py:3239} INFO - Sync 1 DAGs
[2025-03-10T23:35:26.071+0000] {logging_mixin.py:190} INFO - [2025-03-10T23:35:26.070+0000] {dag.py:4180} INFO - Setting next_dagrun for example_nested_branch_dag to 2025-03-09 00:00:00+00:00, run_after=2025-03-10 00:00:00+00:00
[2025-03-10T23:35:26.139+0000] {processor.py:208} INFO - Processing /home/airflow/.local/lib/python3.12/site-packages/airflow/example_dags/example_nested_branch_dag.py took 0.390 seconds
[2025-03-10T23:35:56.526+0000] {processor.py:186} INFO - Started process (PID=194) to work on /home/airflow/.local/lib/python3.12/site-packages/airflow/example_dags/example_nested_branch_dag.py
[2025-03-10T23:35:56.527+0000] {processor.py:914} INFO - Processing file /home/airflow/.local/lib/python3.12/site-packages/airflow/example_dags/example_nested_branch_dag.py for tasks to queue
[2025-03-10T23:35:56.530+0000] {logging_mixin.py:190} INFO - [2025-03-10T23:35:56.530+0000] {dagbag.py:588} INFO - Filling up the DagBag from /home/airflow/.local/lib/python3.12/site-packages/airflow/example_dags/example_nested_branch_dag.py
[2025-03-10T23:35:56.545+0000] {processor.py:925} INFO - DAG(s) 'example_nested_branch_dag' retrieved from /home/airflow/.local/lib/python3.12/site-packages/airflow/example_dags/example_nested_branch_dag.py
[2025-03-10T23:35:56.574+0000] {logging_mixin.py:190} INFO - [2025-03-10T23:35:56.574+0000] {dag.py:3239} INFO - Sync 1 DAGs
[2025-03-10T23:35:56.608+0000] {logging_mixin.py:190} INFO - [2025-03-10T23:35:56.608+0000] {dag.py:4180} INFO - Setting next_dagrun for example_nested_branch_dag to 2025-03-09 00:00:00+00:00, run_after=2025-03-10 00:00:00+00:00
[2025-03-10T23:35:56.631+0000] {processor.py:208} INFO - Processing /home/airflow/.local/lib/python3.12/site-packages/airflow/example_dags/example_nested_branch_dag.py took 0.113 seconds
[2025-03-10T23:36:26.914+0000] {processor.py:186} INFO - Started process (PID=257) to work on /home/airflow/.local/lib/python3.12/site-packages/airflow/example_dags/example_nested_branch_dag.py
[2025-03-10T23:36:26.916+0000] {processor.py:914} INFO - Processing file /home/airflow/.local/lib/python3.12/site-packages/airflow/example_dags/example_nested_branch_dag.py for tasks to queue
[2025-03-10T23:36:26.919+0000] {logging_mixin.py:190} INFO - [2025-03-10T23:36:26.919+0000] {dagbag.py:588} INFO - Filling up the DagBag from /home/airflow/.local/lib/python3.12/site-packages/airflow/example_dags/example_nested_branch_dag.py
[2025-03-10T23:36:26.937+0000] {processor.py:925} INFO - DAG(s) 'example_nested_branch_dag' retrieved from /home/airflow/.local/lib/python3.12/site-packages/airflow/example_dags/example_nested_branch_dag.py
[2025-03-10T23:36:26.972+0000] {logging_mixin.py:190} INFO - [2025-03-10T23:36:26.971+0000] {dag.py:3239} INFO - Sync 1 DAGs
[2025-03-10T23:36:27.008+0000] {logging_mixin.py:190} INFO - [2025-03-10T23:36:27.007+0000] {dag.py:4180} INFO - Setting next_dagrun for example_nested_branch_dag to 2025-03-09 00:00:00+00:00, run_after=2025-03-10 00:00:00+00:00
[2025-03-10T23:36:27.032+0000] {processor.py:208} INFO - Processing /home/airflow/.local/lib/python3.12/site-packages/airflow/example_dags/example_nested_branch_dag.py took 0.128 seconds
[2025-03-10T23:36:57.140+0000] {processor.py:186} INFO - Started process (PID=320) to work on /home/airflow/.local/lib/python3.12/site-packages/airflow/example_dags/example_nested_branch_dag.py
[2025-03-10T23:36:57.141+0000] {processor.py:914} INFO - Processing file /home/airflow/.local/lib/python3.12/site-packages/airflow/example_dags/example_nested_branch_dag.py for tasks to queue
[2025-03-10T23:36:57.144+0000] {logging_mixin.py:190} INFO - [2025-03-10T23:36:57.143+0000] {dagbag.py:588} INFO - Filling up the DagBag from /home/airflow/.local/lib/python3.12/site-packages/airflow/example_dags/example_nested_branch_dag.py
[2025-03-10T23:36:57.158+0000] {processor.py:925} INFO - DAG(s) 'example_nested_branch_dag' retrieved from /home/airflow/.local/lib/python3.12/site-packages/airflow/example_dags/example_nested_branch_dag.py
[2025-03-10T23:36:57.186+0000] {logging_mixin.py:190} INFO - [2025-03-10T23:36:57.186+0000] {dag.py:3239} INFO - Sync 1 DAGs
[2025-03-10T23:36:57.215+0000] {logging_mixin.py:190} INFO - [2025-03-10T23:36:57.215+0000] {dag.py:4180} INFO - Setting next_dagrun for example_nested_branch_dag to 2025-03-09 00:00:00+00:00, run_after=2025-03-10 00:00:00+00:00
[2025-03-10T23:36:57.235+0000] {processor.py:208} INFO - Processing /home/airflow/.local/lib/python3.12/site-packages/airflow/example_dags/example_nested_branch_dag.py took 0.104 seconds
