[2025-03-10T20:30:13.145+0000] {processor.py:186} INFO - Started process (PID=112) to work on /home/airflow/.local/lib/python3.12/site-packages/airflow/example_dags/example_xcomargs.py
[2025-03-10T20:30:13.149+0000] {processor.py:914} INFO - Processing file /home/airflow/.local/lib/python3.12/site-packages/airflow/example_dags/example_xcomargs.py for tasks to queue
[2025-03-10T20:30:13.163+0000] {logging_mixin.py:190} INFO - [2025-03-10T20:30:13.161+0000] {dagbag.py:588} INFO - Filling up the DagBag from /home/airflow/.local/lib/python3.12/site-packages/airflow/example_dags/example_xcomargs.py
[2025-03-10T20:30:13.218+0000] {processor.py:925} INFO - DAG(s) 'example_xcom_args_with_operators', 'example_xcom_args' retrieved from /home/airflow/.local/lib/python3.12/site-packages/airflow/example_dags/example_xcomargs.py
[2025-03-10T20:30:13.607+0000] {logging_mixin.py:190} INFO - [2025-03-10T20:30:13.603+0000] {override.py:1912} INFO - Created Permission View: can read on DAG:example_xcom_args_with_operators
[2025-03-10T20:30:13.654+0000] {logging_mixin.py:190} INFO - [2025-03-10T20:30:13.653+0000] {override.py:1912} INFO - Created Permission View: can edit on DAG:example_xcom_args_with_operators
[2025-03-10T20:30:13.684+0000] {logging_mixin.py:190} INFO - [2025-03-10T20:30:13.682+0000] {override.py:1912} INFO - Created Permission View: can delete on DAG:example_xcom_args_with_operators
[2025-03-10T20:30:13.713+0000] {logging_mixin.py:190} INFO - [2025-03-10T20:30:13.711+0000] {override.py:1912} INFO - Created Permission View: menu access on DAG Run:example_xcom_args_with_operators
[2025-03-10T20:30:13.744+0000] {logging_mixin.py:190} INFO - [2025-03-10T20:30:13.742+0000] {override.py:1912} INFO - Created Permission View: can read on DAG Run:example_xcom_args_with_operators
[2025-03-10T20:30:13.776+0000] {logging_mixin.py:190} INFO - [2025-03-10T20:30:13.774+0000] {override.py:1912} INFO - Created Permission View: can create on DAG Run:example_xcom_args_with_operators
[2025-03-10T20:30:13.805+0000] {logging_mixin.py:190} INFO - [2025-03-10T20:30:13.804+0000] {override.py:1912} INFO - Created Permission View: can delete on DAG Run:example_xcom_args_with_operators
[2025-03-10T20:30:13.865+0000] {logging_mixin.py:190} INFO - [2025-03-10T20:30:13.863+0000] {override.py:1912} INFO - Created Permission View: can read on DAG:example_xcom_args
[2025-03-10T20:30:13.893+0000] {logging_mixin.py:190} INFO - [2025-03-10T20:30:13.892+0000] {override.py:1912} INFO - Created Permission View: can edit on DAG:example_xcom_args
[2025-03-10T20:30:13.921+0000] {logging_mixin.py:190} INFO - [2025-03-10T20:30:13.919+0000] {override.py:1912} INFO - Created Permission View: can delete on DAG:example_xcom_args
[2025-03-10T20:30:13.961+0000] {logging_mixin.py:190} INFO - [2025-03-10T20:30:13.959+0000] {override.py:1912} INFO - Created Permission View: menu access on DAG Run:example_xcom_args
[2025-03-10T20:30:14.014+0000] {logging_mixin.py:190} INFO - [2025-03-10T20:30:14.011+0000] {override.py:1912} INFO - Created Permission View: can read on DAG Run:example_xcom_args
[2025-03-10T20:30:14.064+0000] {logging_mixin.py:190} INFO - [2025-03-10T20:30:14.061+0000] {override.py:1912} INFO - Created Permission View: can create on DAG Run:example_xcom_args
[2025-03-10T20:30:14.103+0000] {logging_mixin.py:190} INFO - [2025-03-10T20:30:14.102+0000] {override.py:1912} INFO - Created Permission View: can delete on DAG Run:example_xcom_args
[2025-03-10T20:30:14.106+0000] {logging_mixin.py:190} INFO - [2025-03-10T20:30:14.105+0000] {dag.py:3239} INFO - Sync 2 DAGs
[2025-03-10T20:30:14.210+0000] {logging_mixin.py:190} INFO - [2025-03-10T20:30:14.209+0000] {dag.py:3262} INFO - Creating ORM DAG for example_xcom_args_with_operators
[2025-03-10T20:30:14.211+0000] {logging_mixin.py:190} INFO - [2025-03-10T20:30:14.211+0000] {dag.py:3262} INFO - Creating ORM DAG for example_xcom_args
[2025-03-10T20:30:14.212+0000] {logging_mixin.py:190} INFO - [2025-03-10T20:30:14.212+0000] {dag.py:4180} INFO - Setting next_dagrun for example_xcom_args to None, run_after=None
[2025-03-10T20:30:14.214+0000] {logging_mixin.py:190} INFO - [2025-03-10T20:30:14.213+0000] {dag.py:4180} INFO - Setting next_dagrun for example_xcom_args_with_operators to None, run_after=None
[2025-03-10T20:30:14.287+0000] {processor.py:208} INFO - Processing /home/airflow/.local/lib/python3.12/site-packages/airflow/example_dags/example_xcomargs.py took 1.175 seconds
[2025-03-10T20:30:44.367+0000] {processor.py:186} INFO - Started process (PID=175) to work on /home/airflow/.local/lib/python3.12/site-packages/airflow/example_dags/example_xcomargs.py
[2025-03-10T20:30:44.368+0000] {processor.py:914} INFO - Processing file /home/airflow/.local/lib/python3.12/site-packages/airflow/example_dags/example_xcomargs.py for tasks to queue
[2025-03-10T20:30:44.371+0000] {logging_mixin.py:190} INFO - [2025-03-10T20:30:44.371+0000] {dagbag.py:588} INFO - Filling up the DagBag from /home/airflow/.local/lib/python3.12/site-packages/airflow/example_dags/example_xcomargs.py
[2025-03-10T20:30:44.384+0000] {processor.py:925} INFO - DAG(s) 'example_xcom_args', 'example_xcom_args_with_operators' retrieved from /home/airflow/.local/lib/python3.12/site-packages/airflow/example_dags/example_xcomargs.py
[2025-03-10T20:30:44.412+0000] {logging_mixin.py:190} INFO - [2025-03-10T20:30:44.412+0000] {dag.py:3239} INFO - Sync 2 DAGs
[2025-03-10T20:30:44.431+0000] {logging_mixin.py:190} INFO - [2025-03-10T20:30:44.430+0000] {dag.py:4180} INFO - Setting next_dagrun for example_xcom_args to None, run_after=None
[2025-03-10T20:30:44.435+0000] {logging_mixin.py:190} INFO - [2025-03-10T20:30:44.435+0000] {dag.py:4180} INFO - Setting next_dagrun for example_xcom_args_with_operators to None, run_after=None
[2025-03-10T20:30:44.457+0000] {processor.py:208} INFO - Processing /home/airflow/.local/lib/python3.12/site-packages/airflow/example_dags/example_xcomargs.py took 0.098 seconds
[2025-03-10T20:31:14.667+0000] {processor.py:186} INFO - Started process (PID=238) to work on /home/airflow/.local/lib/python3.12/site-packages/airflow/example_dags/example_xcomargs.py
[2025-03-10T20:31:14.672+0000] {processor.py:914} INFO - Processing file /home/airflow/.local/lib/python3.12/site-packages/airflow/example_dags/example_xcomargs.py for tasks to queue
[2025-03-10T20:31:14.686+0000] {logging_mixin.py:190} INFO - [2025-03-10T20:31:14.684+0000] {dagbag.py:588} INFO - Filling up the DagBag from /home/airflow/.local/lib/python3.12/site-packages/airflow/example_dags/example_xcomargs.py
[2025-03-10T20:31:14.741+0000] {processor.py:925} INFO - DAG(s) 'example_xcom_args_with_operators', 'example_xcom_args' retrieved from /home/airflow/.local/lib/python3.12/site-packages/airflow/example_dags/example_xcomargs.py
[2025-03-10T20:31:14.849+0000] {logging_mixin.py:190} INFO - [2025-03-10T20:31:14.848+0000] {dag.py:3239} INFO - Sync 2 DAGs
[2025-03-10T20:31:14.948+0000] {logging_mixin.py:190} INFO - [2025-03-10T20:31:14.947+0000] {dag.py:4180} INFO - Setting next_dagrun for example_xcom_args to None, run_after=None
[2025-03-10T20:31:14.968+0000] {logging_mixin.py:190} INFO - [2025-03-10T20:31:14.968+0000] {dag.py:4180} INFO - Setting next_dagrun for example_xcom_args_with_operators to None, run_after=None
[2025-03-10T20:31:15.032+0000] {processor.py:208} INFO - Processing /home/airflow/.local/lib/python3.12/site-packages/airflow/example_dags/example_xcomargs.py took 0.403 seconds
[2025-03-10T20:31:45.708+0000] {processor.py:186} INFO - Started process (PID=301) to work on /home/airflow/.local/lib/python3.12/site-packages/airflow/example_dags/example_xcomargs.py
[2025-03-10T20:31:45.709+0000] {processor.py:914} INFO - Processing file /home/airflow/.local/lib/python3.12/site-packages/airflow/example_dags/example_xcomargs.py for tasks to queue
[2025-03-10T20:31:45.712+0000] {logging_mixin.py:190} INFO - [2025-03-10T20:31:45.711+0000] {dagbag.py:588} INFO - Filling up the DagBag from /home/airflow/.local/lib/python3.12/site-packages/airflow/example_dags/example_xcomargs.py
[2025-03-10T20:31:45.724+0000] {processor.py:925} INFO - DAG(s) 'example_xcom_args_with_operators', 'example_xcom_args' retrieved from /home/airflow/.local/lib/python3.12/site-packages/airflow/example_dags/example_xcomargs.py
[2025-03-10T20:31:45.753+0000] {logging_mixin.py:190} INFO - [2025-03-10T20:31:45.753+0000] {dag.py:3239} INFO - Sync 2 DAGs
[2025-03-10T20:31:45.771+0000] {logging_mixin.py:190} INFO - [2025-03-10T20:31:45.771+0000] {dag.py:4180} INFO - Setting next_dagrun for example_xcom_args to None, run_after=None
[2025-03-10T20:31:45.775+0000] {logging_mixin.py:190} INFO - [2025-03-10T20:31:45.775+0000] {dag.py:4180} INFO - Setting next_dagrun for example_xcom_args_with_operators to None, run_after=None
[2025-03-10T20:31:45.794+0000] {processor.py:208} INFO - Processing /home/airflow/.local/lib/python3.12/site-packages/airflow/example_dags/example_xcomargs.py took 0.093 seconds
[2025-03-10T20:32:16.211+0000] {processor.py:186} INFO - Started process (PID=364) to work on /home/airflow/.local/lib/python3.12/site-packages/airflow/example_dags/example_xcomargs.py
[2025-03-10T20:32:16.212+0000] {processor.py:914} INFO - Processing file /home/airflow/.local/lib/python3.12/site-packages/airflow/example_dags/example_xcomargs.py for tasks to queue
[2025-03-10T20:32:16.215+0000] {logging_mixin.py:190} INFO - [2025-03-10T20:32:16.214+0000] {dagbag.py:588} INFO - Filling up the DagBag from /home/airflow/.local/lib/python3.12/site-packages/airflow/example_dags/example_xcomargs.py
[2025-03-10T20:32:16.227+0000] {processor.py:925} INFO - DAG(s) 'example_xcom_args', 'example_xcom_args_with_operators' retrieved from /home/airflow/.local/lib/python3.12/site-packages/airflow/example_dags/example_xcomargs.py
[2025-03-10T20:32:16.255+0000] {logging_mixin.py:190} INFO - [2025-03-10T20:32:16.255+0000] {dag.py:3239} INFO - Sync 2 DAGs
[2025-03-10T20:32:16.273+0000] {logging_mixin.py:190} INFO - [2025-03-10T20:32:16.273+0000] {dag.py:4180} INFO - Setting next_dagrun for example_xcom_args to None, run_after=None
[2025-03-10T20:32:16.278+0000] {logging_mixin.py:190} INFO - [2025-03-10T20:32:16.278+0000] {dag.py:4180} INFO - Setting next_dagrun for example_xcom_args_with_operators to None, run_after=None
[2025-03-10T20:32:16.296+0000] {processor.py:208} INFO - Processing /home/airflow/.local/lib/python3.12/site-packages/airflow/example_dags/example_xcomargs.py took 0.093 seconds
[2025-03-10T20:32:46.531+0000] {processor.py:186} INFO - Started process (PID=427) to work on /home/airflow/.local/lib/python3.12/site-packages/airflow/example_dags/example_xcomargs.py
[2025-03-10T20:32:46.533+0000] {processor.py:914} INFO - Processing file /home/airflow/.local/lib/python3.12/site-packages/airflow/example_dags/example_xcomargs.py for tasks to queue
[2025-03-10T20:32:46.536+0000] {logging_mixin.py:190} INFO - [2025-03-10T20:32:46.535+0000] {dagbag.py:588} INFO - Filling up the DagBag from /home/airflow/.local/lib/python3.12/site-packages/airflow/example_dags/example_xcomargs.py
[2025-03-10T20:32:46.549+0000] {processor.py:925} INFO - DAG(s) 'example_xcom_args', 'example_xcom_args_with_operators' retrieved from /home/airflow/.local/lib/python3.12/site-packages/airflow/example_dags/example_xcomargs.py
[2025-03-10T20:32:46.577+0000] {logging_mixin.py:190} INFO - [2025-03-10T20:32:46.577+0000] {dag.py:3239} INFO - Sync 2 DAGs
[2025-03-10T20:32:46.596+0000] {logging_mixin.py:190} INFO - [2025-03-10T20:32:46.596+0000] {dag.py:4180} INFO - Setting next_dagrun for example_xcom_args to None, run_after=None
[2025-03-10T20:32:46.600+0000] {logging_mixin.py:190} INFO - [2025-03-10T20:32:46.600+0000] {dag.py:4180} INFO - Setting next_dagrun for example_xcom_args_with_operators to None, run_after=None
[2025-03-10T20:32:46.618+0000] {processor.py:208} INFO - Processing /home/airflow/.local/lib/python3.12/site-packages/airflow/example_dags/example_xcomargs.py took 0.095 seconds
[2025-03-10T20:33:16.734+0000] {processor.py:186} INFO - Started process (PID=490) to work on /home/airflow/.local/lib/python3.12/site-packages/airflow/example_dags/example_xcomargs.py
[2025-03-10T20:33:16.735+0000] {processor.py:914} INFO - Processing file /home/airflow/.local/lib/python3.12/site-packages/airflow/example_dags/example_xcomargs.py for tasks to queue
[2025-03-10T20:33:16.738+0000] {logging_mixin.py:190} INFO - [2025-03-10T20:33:16.737+0000] {dagbag.py:588} INFO - Filling up the DagBag from /home/airflow/.local/lib/python3.12/site-packages/airflow/example_dags/example_xcomargs.py
[2025-03-10T20:33:16.750+0000] {processor.py:925} INFO - DAG(s) 'example_xcom_args', 'example_xcom_args_with_operators' retrieved from /home/airflow/.local/lib/python3.12/site-packages/airflow/example_dags/example_xcomargs.py
[2025-03-10T20:33:16.779+0000] {logging_mixin.py:190} INFO - [2025-03-10T20:33:16.779+0000] {dag.py:3239} INFO - Sync 2 DAGs
[2025-03-10T20:33:16.798+0000] {logging_mixin.py:190} INFO - [2025-03-10T20:33:16.798+0000] {dag.py:4180} INFO - Setting next_dagrun for example_xcom_args to None, run_after=None
[2025-03-10T20:33:16.803+0000] {logging_mixin.py:190} INFO - [2025-03-10T20:33:16.803+0000] {dag.py:4180} INFO - Setting next_dagrun for example_xcom_args_with_operators to None, run_after=None
[2025-03-10T20:33:16.822+0000] {processor.py:208} INFO - Processing /home/airflow/.local/lib/python3.12/site-packages/airflow/example_dags/example_xcomargs.py took 0.096 seconds
[2025-03-10T20:33:47.228+0000] {processor.py:186} INFO - Started process (PID=553) to work on /home/airflow/.local/lib/python3.12/site-packages/airflow/example_dags/example_xcomargs.py
[2025-03-10T20:33:47.229+0000] {processor.py:914} INFO - Processing file /home/airflow/.local/lib/python3.12/site-packages/airflow/example_dags/example_xcomargs.py for tasks to queue
[2025-03-10T20:33:47.232+0000] {logging_mixin.py:190} INFO - [2025-03-10T20:33:47.232+0000] {dagbag.py:588} INFO - Filling up the DagBag from /home/airflow/.local/lib/python3.12/site-packages/airflow/example_dags/example_xcomargs.py
[2025-03-10T20:33:47.243+0000] {processor.py:925} INFO - DAG(s) 'example_xcom_args', 'example_xcom_args_with_operators' retrieved from /home/airflow/.local/lib/python3.12/site-packages/airflow/example_dags/example_xcomargs.py
[2025-03-10T20:33:47.276+0000] {logging_mixin.py:190} INFO - [2025-03-10T20:33:47.276+0000] {dag.py:3239} INFO - Sync 2 DAGs
[2025-03-10T20:33:47.297+0000] {logging_mixin.py:190} INFO - [2025-03-10T20:33:47.297+0000] {dag.py:4180} INFO - Setting next_dagrun for example_xcom_args to None, run_after=None
[2025-03-10T20:33:47.301+0000] {logging_mixin.py:190} INFO - [2025-03-10T20:33:47.301+0000] {dag.py:4180} INFO - Setting next_dagrun for example_xcom_args_with_operators to None, run_after=None
[2025-03-10T20:33:47.318+0000] {processor.py:208} INFO - Processing /home/airflow/.local/lib/python3.12/site-packages/airflow/example_dags/example_xcomargs.py took 0.099 seconds
[2025-03-10T20:34:17.405+0000] {processor.py:186} INFO - Started process (PID=616) to work on /home/airflow/.local/lib/python3.12/site-packages/airflow/example_dags/example_xcomargs.py
[2025-03-10T20:34:17.406+0000] {processor.py:914} INFO - Processing file /home/airflow/.local/lib/python3.12/site-packages/airflow/example_dags/example_xcomargs.py for tasks to queue
[2025-03-10T20:34:17.409+0000] {logging_mixin.py:190} INFO - [2025-03-10T20:34:17.408+0000] {dagbag.py:588} INFO - Filling up the DagBag from /home/airflow/.local/lib/python3.12/site-packages/airflow/example_dags/example_xcomargs.py
[2025-03-10T20:34:17.420+0000] {processor.py:925} INFO - DAG(s) 'example_xcom_args_with_operators', 'example_xcom_args' retrieved from /home/airflow/.local/lib/python3.12/site-packages/airflow/example_dags/example_xcomargs.py
[2025-03-10T20:34:17.448+0000] {logging_mixin.py:190} INFO - [2025-03-10T20:34:17.447+0000] {dag.py:3239} INFO - Sync 2 DAGs
[2025-03-10T20:34:17.466+0000] {logging_mixin.py:190} INFO - [2025-03-10T20:34:17.465+0000] {dag.py:4180} INFO - Setting next_dagrun for example_xcom_args to None, run_after=None
[2025-03-10T20:34:17.470+0000] {logging_mixin.py:190} INFO - [2025-03-10T20:34:17.470+0000] {dag.py:4180} INFO - Setting next_dagrun for example_xcom_args_with_operators to None, run_after=None
[2025-03-10T20:34:17.488+0000] {processor.py:208} INFO - Processing /home/airflow/.local/lib/python3.12/site-packages/airflow/example_dags/example_xcomargs.py took 0.090 seconds
[2025-03-10T20:34:47.844+0000] {processor.py:186} INFO - Started process (PID=678) to work on /home/airflow/.local/lib/python3.12/site-packages/airflow/example_dags/example_xcomargs.py
[2025-03-10T20:34:47.845+0000] {processor.py:914} INFO - Processing file /home/airflow/.local/lib/python3.12/site-packages/airflow/example_dags/example_xcomargs.py for tasks to queue
[2025-03-10T20:34:47.848+0000] {logging_mixin.py:190} INFO - [2025-03-10T20:34:47.847+0000] {dagbag.py:588} INFO - Filling up the DagBag from /home/airflow/.local/lib/python3.12/site-packages/airflow/example_dags/example_xcomargs.py
[2025-03-10T20:34:47.861+0000] {processor.py:925} INFO - DAG(s) 'example_xcom_args_with_operators', 'example_xcom_args' retrieved from /home/airflow/.local/lib/python3.12/site-packages/airflow/example_dags/example_xcomargs.py
[2025-03-10T20:34:47.893+0000] {logging_mixin.py:190} INFO - [2025-03-10T20:34:47.893+0000] {dag.py:3239} INFO - Sync 2 DAGs
[2025-03-10T20:34:47.911+0000] {logging_mixin.py:190} INFO - [2025-03-10T20:34:47.911+0000] {dag.py:4180} INFO - Setting next_dagrun for example_xcom_args to None, run_after=None
[2025-03-10T20:34:47.916+0000] {logging_mixin.py:190} INFO - [2025-03-10T20:34:47.916+0000] {dag.py:4180} INFO - Setting next_dagrun for example_xcom_args_with_operators to None, run_after=None
[2025-03-10T20:34:47.937+0000] {processor.py:208} INFO - Processing /home/airflow/.local/lib/python3.12/site-packages/airflow/example_dags/example_xcomargs.py took 0.100 seconds
[2025-03-10T20:35:19.273+0000] {processor.py:186} INFO - Started process (PID=742) to work on /home/airflow/.local/lib/python3.12/site-packages/airflow/example_dags/example_xcomargs.py
[2025-03-10T20:35:19.274+0000] {processor.py:914} INFO - Processing file /home/airflow/.local/lib/python3.12/site-packages/airflow/example_dags/example_xcomargs.py for tasks to queue
[2025-03-10T20:35:19.277+0000] {logging_mixin.py:190} INFO - [2025-03-10T20:35:19.277+0000] {dagbag.py:588} INFO - Filling up the DagBag from /home/airflow/.local/lib/python3.12/site-packages/airflow/example_dags/example_xcomargs.py
[2025-03-10T20:35:19.288+0000] {processor.py:925} INFO - DAG(s) 'example_xcom_args', 'example_xcom_args_with_operators' retrieved from /home/airflow/.local/lib/python3.12/site-packages/airflow/example_dags/example_xcomargs.py
[2025-03-10T20:35:19.316+0000] {logging_mixin.py:190} INFO - [2025-03-10T20:35:19.316+0000] {dag.py:3239} INFO - Sync 2 DAGs
[2025-03-10T20:35:19.334+0000] {logging_mixin.py:190} INFO - [2025-03-10T20:35:19.333+0000] {dag.py:4180} INFO - Setting next_dagrun for example_xcom_args to None, run_after=None
[2025-03-10T20:35:19.338+0000] {logging_mixin.py:190} INFO - [2025-03-10T20:35:19.338+0000] {dag.py:4180} INFO - Setting next_dagrun for example_xcom_args_with_operators to None, run_after=None
[2025-03-10T20:35:19.355+0000] {processor.py:208} INFO - Processing /home/airflow/.local/lib/python3.12/site-packages/airflow/example_dags/example_xcomargs.py took 0.089 seconds
[2025-03-10T20:35:50.552+0000] {processor.py:186} INFO - Started process (PID=805) to work on /home/airflow/.local/lib/python3.12/site-packages/airflow/example_dags/example_xcomargs.py
[2025-03-10T20:35:50.553+0000] {processor.py:914} INFO - Processing file /home/airflow/.local/lib/python3.12/site-packages/airflow/example_dags/example_xcomargs.py for tasks to queue
[2025-03-10T20:35:50.556+0000] {logging_mixin.py:190} INFO - [2025-03-10T20:35:50.556+0000] {dagbag.py:588} INFO - Filling up the DagBag from /home/airflow/.local/lib/python3.12/site-packages/airflow/example_dags/example_xcomargs.py
[2025-03-10T20:35:50.569+0000] {processor.py:925} INFO - DAG(s) 'example_xcom_args_with_operators', 'example_xcom_args' retrieved from /home/airflow/.local/lib/python3.12/site-packages/airflow/example_dags/example_xcomargs.py
[2025-03-10T20:35:50.601+0000] {logging_mixin.py:190} INFO - [2025-03-10T20:35:50.601+0000] {dag.py:3239} INFO - Sync 2 DAGs
[2025-03-10T20:35:50.622+0000] {logging_mixin.py:190} INFO - [2025-03-10T20:35:50.622+0000] {dag.py:4180} INFO - Setting next_dagrun for example_xcom_args to None, run_after=None
[2025-03-10T20:35:50.628+0000] {logging_mixin.py:190} INFO - [2025-03-10T20:35:50.627+0000] {dag.py:4180} INFO - Setting next_dagrun for example_xcom_args_with_operators to None, run_after=None
[2025-03-10T20:35:50.649+0000] {processor.py:208} INFO - Processing /home/airflow/.local/lib/python3.12/site-packages/airflow/example_dags/example_xcomargs.py took 0.105 seconds
[2025-03-10T20:36:21.700+0000] {processor.py:186} INFO - Started process (PID=868) to work on /home/airflow/.local/lib/python3.12/site-packages/airflow/example_dags/example_xcomargs.py
[2025-03-10T20:36:21.701+0000] {processor.py:914} INFO - Processing file /home/airflow/.local/lib/python3.12/site-packages/airflow/example_dags/example_xcomargs.py for tasks to queue
[2025-03-10T20:36:21.703+0000] {logging_mixin.py:190} INFO - [2025-03-10T20:36:21.703+0000] {dagbag.py:588} INFO - Filling up the DagBag from /home/airflow/.local/lib/python3.12/site-packages/airflow/example_dags/example_xcomargs.py
[2025-03-10T20:36:21.715+0000] {processor.py:925} INFO - DAG(s) 'example_xcom_args', 'example_xcom_args_with_operators' retrieved from /home/airflow/.local/lib/python3.12/site-packages/airflow/example_dags/example_xcomargs.py
[2025-03-10T20:36:21.745+0000] {logging_mixin.py:190} INFO - [2025-03-10T20:36:21.744+0000] {dag.py:3239} INFO - Sync 2 DAGs
[2025-03-10T20:36:21.772+0000] {logging_mixin.py:190} INFO - [2025-03-10T20:36:21.772+0000] {dag.py:4180} INFO - Setting next_dagrun for example_xcom_args to None, run_after=None
[2025-03-10T20:36:21.777+0000] {logging_mixin.py:190} INFO - [2025-03-10T20:36:21.776+0000] {dag.py:4180} INFO - Setting next_dagrun for example_xcom_args_with_operators to None, run_after=None
[2025-03-10T20:36:21.794+0000] {processor.py:208} INFO - Processing /home/airflow/.local/lib/python3.12/site-packages/airflow/example_dags/example_xcomargs.py took 0.101 seconds
[2025-03-10T20:36:52.329+0000] {processor.py:186} INFO - Started process (PID=931) to work on /home/airflow/.local/lib/python3.12/site-packages/airflow/example_dags/example_xcomargs.py
[2025-03-10T20:36:52.330+0000] {processor.py:914} INFO - Processing file /home/airflow/.local/lib/python3.12/site-packages/airflow/example_dags/example_xcomargs.py for tasks to queue
[2025-03-10T20:36:52.333+0000] {logging_mixin.py:190} INFO - [2025-03-10T20:36:52.333+0000] {dagbag.py:588} INFO - Filling up the DagBag from /home/airflow/.local/lib/python3.12/site-packages/airflow/example_dags/example_xcomargs.py
[2025-03-10T20:36:52.344+0000] {processor.py:925} INFO - DAG(s) 'example_xcom_args_with_operators', 'example_xcom_args' retrieved from /home/airflow/.local/lib/python3.12/site-packages/airflow/example_dags/example_xcomargs.py
[2025-03-10T20:36:52.373+0000] {logging_mixin.py:190} INFO - [2025-03-10T20:36:52.372+0000] {dag.py:3239} INFO - Sync 2 DAGs
[2025-03-10T20:36:52.391+0000] {logging_mixin.py:190} INFO - [2025-03-10T20:36:52.390+0000] {dag.py:4180} INFO - Setting next_dagrun for example_xcom_args to None, run_after=None
[2025-03-10T20:36:52.395+0000] {logging_mixin.py:190} INFO - [2025-03-10T20:36:52.395+0000] {dag.py:4180} INFO - Setting next_dagrun for example_xcom_args_with_operators to None, run_after=None
[2025-03-10T20:36:52.413+0000] {processor.py:208} INFO - Processing /home/airflow/.local/lib/python3.12/site-packages/airflow/example_dags/example_xcomargs.py took 0.090 seconds
[2025-03-10T20:37:23.663+0000] {processor.py:186} INFO - Started process (PID=995) to work on /home/airflow/.local/lib/python3.12/site-packages/airflow/example_dags/example_xcomargs.py
[2025-03-10T20:37:23.664+0000] {processor.py:914} INFO - Processing file /home/airflow/.local/lib/python3.12/site-packages/airflow/example_dags/example_xcomargs.py for tasks to queue
[2025-03-10T20:37:23.667+0000] {logging_mixin.py:190} INFO - [2025-03-10T20:37:23.666+0000] {dagbag.py:588} INFO - Filling up the DagBag from /home/airflow/.local/lib/python3.12/site-packages/airflow/example_dags/example_xcomargs.py
[2025-03-10T20:37:23.678+0000] {processor.py:925} INFO - DAG(s) 'example_xcom_args_with_operators', 'example_xcom_args' retrieved from /home/airflow/.local/lib/python3.12/site-packages/airflow/example_dags/example_xcomargs.py
[2025-03-10T20:37:23.705+0000] {logging_mixin.py:190} INFO - [2025-03-10T20:37:23.704+0000] {dag.py:3239} INFO - Sync 2 DAGs
[2025-03-10T20:37:23.722+0000] {logging_mixin.py:190} INFO - [2025-03-10T20:37:23.722+0000] {dag.py:4180} INFO - Setting next_dagrun for example_xcom_args to None, run_after=None
[2025-03-10T20:37:23.727+0000] {logging_mixin.py:190} INFO - [2025-03-10T20:37:23.726+0000] {dag.py:4180} INFO - Setting next_dagrun for example_xcom_args_with_operators to None, run_after=None
[2025-03-10T20:37:23.748+0000] {processor.py:208} INFO - Processing /home/airflow/.local/lib/python3.12/site-packages/airflow/example_dags/example_xcomargs.py took 0.091 seconds
[2025-03-10T20:37:55.123+0000] {processor.py:186} INFO - Started process (PID=1058) to work on /home/airflow/.local/lib/python3.12/site-packages/airflow/example_dags/example_xcomargs.py
[2025-03-10T20:37:55.124+0000] {processor.py:914} INFO - Processing file /home/airflow/.local/lib/python3.12/site-packages/airflow/example_dags/example_xcomargs.py for tasks to queue
[2025-03-10T20:37:55.128+0000] {logging_mixin.py:190} INFO - [2025-03-10T20:37:55.127+0000] {dagbag.py:588} INFO - Filling up the DagBag from /home/airflow/.local/lib/python3.12/site-packages/airflow/example_dags/example_xcomargs.py
[2025-03-10T20:37:55.141+0000] {processor.py:925} INFO - DAG(s) 'example_xcom_args', 'example_xcom_args_with_operators' retrieved from /home/airflow/.local/lib/python3.12/site-packages/airflow/example_dags/example_xcomargs.py
[2025-03-10T20:37:55.178+0000] {logging_mixin.py:190} INFO - [2025-03-10T20:37:55.177+0000] {dag.py:3239} INFO - Sync 2 DAGs
[2025-03-10T20:37:55.201+0000] {logging_mixin.py:190} INFO - [2025-03-10T20:37:55.201+0000] {dag.py:4180} INFO - Setting next_dagrun for example_xcom_args to None, run_after=None
[2025-03-10T20:37:55.206+0000] {logging_mixin.py:190} INFO - [2025-03-10T20:37:55.206+0000] {dag.py:4180} INFO - Setting next_dagrun for example_xcom_args_with_operators to None, run_after=None
[2025-03-10T20:37:55.230+0000] {processor.py:208} INFO - Processing /home/airflow/.local/lib/python3.12/site-packages/airflow/example_dags/example_xcomargs.py took 0.114 seconds
[2025-03-10T20:38:26.545+0000] {processor.py:186} INFO - Started process (PID=1121) to work on /home/airflow/.local/lib/python3.12/site-packages/airflow/example_dags/example_xcomargs.py
[2025-03-10T20:38:26.546+0000] {processor.py:914} INFO - Processing file /home/airflow/.local/lib/python3.12/site-packages/airflow/example_dags/example_xcomargs.py for tasks to queue
[2025-03-10T20:38:26.549+0000] {logging_mixin.py:190} INFO - [2025-03-10T20:38:26.548+0000] {dagbag.py:588} INFO - Filling up the DagBag from /home/airflow/.local/lib/python3.12/site-packages/airflow/example_dags/example_xcomargs.py
[2025-03-10T20:38:26.560+0000] {processor.py:925} INFO - DAG(s) 'example_xcom_args', 'example_xcom_args_with_operators' retrieved from /home/airflow/.local/lib/python3.12/site-packages/airflow/example_dags/example_xcomargs.py
[2025-03-10T20:38:26.588+0000] {logging_mixin.py:190} INFO - [2025-03-10T20:38:26.588+0000] {dag.py:3239} INFO - Sync 2 DAGs
[2025-03-10T20:38:26.607+0000] {logging_mixin.py:190} INFO - [2025-03-10T20:38:26.607+0000] {dag.py:4180} INFO - Setting next_dagrun for example_xcom_args to None, run_after=None
[2025-03-10T20:38:26.611+0000] {logging_mixin.py:190} INFO - [2025-03-10T20:38:26.611+0000] {dag.py:4180} INFO - Setting next_dagrun for example_xcom_args_with_operators to None, run_after=None
[2025-03-10T20:38:26.629+0000] {processor.py:208} INFO - Processing /home/airflow/.local/lib/python3.12/site-packages/airflow/example_dags/example_xcomargs.py took 0.091 seconds
[2025-03-10T20:38:56.878+0000] {processor.py:186} INFO - Started process (PID=1184) to work on /home/airflow/.local/lib/python3.12/site-packages/airflow/example_dags/example_xcomargs.py
[2025-03-10T20:38:56.878+0000] {processor.py:914} INFO - Processing file /home/airflow/.local/lib/python3.12/site-packages/airflow/example_dags/example_xcomargs.py for tasks to queue
[2025-03-10T20:38:56.881+0000] {logging_mixin.py:190} INFO - [2025-03-10T20:38:56.881+0000] {dagbag.py:588} INFO - Filling up the DagBag from /home/airflow/.local/lib/python3.12/site-packages/airflow/example_dags/example_xcomargs.py
[2025-03-10T20:38:56.893+0000] {processor.py:925} INFO - DAG(s) 'example_xcom_args_with_operators', 'example_xcom_args' retrieved from /home/airflow/.local/lib/python3.12/site-packages/airflow/example_dags/example_xcomargs.py
[2025-03-10T20:38:56.920+0000] {logging_mixin.py:190} INFO - [2025-03-10T20:38:56.920+0000] {dag.py:3239} INFO - Sync 2 DAGs
[2025-03-10T20:38:56.942+0000] {logging_mixin.py:190} INFO - [2025-03-10T20:38:56.942+0000] {dag.py:4180} INFO - Setting next_dagrun for example_xcom_args to None, run_after=None
[2025-03-10T20:38:56.947+0000] {logging_mixin.py:190} INFO - [2025-03-10T20:38:56.947+0000] {dag.py:4180} INFO - Setting next_dagrun for example_xcom_args_with_operators to None, run_after=None
[2025-03-10T20:38:56.967+0000] {processor.py:208} INFO - Processing /home/airflow/.local/lib/python3.12/site-packages/airflow/example_dags/example_xcomargs.py took 0.096 seconds
[2025-03-10T20:39:28.159+0000] {processor.py:186} INFO - Started process (PID=1247) to work on /home/airflow/.local/lib/python3.12/site-packages/airflow/example_dags/example_xcomargs.py
[2025-03-10T20:39:28.160+0000] {processor.py:914} INFO - Processing file /home/airflow/.local/lib/python3.12/site-packages/airflow/example_dags/example_xcomargs.py for tasks to queue
[2025-03-10T20:39:28.163+0000] {logging_mixin.py:190} INFO - [2025-03-10T20:39:28.162+0000] {dagbag.py:588} INFO - Filling up the DagBag from /home/airflow/.local/lib/python3.12/site-packages/airflow/example_dags/example_xcomargs.py
[2025-03-10T20:39:28.174+0000] {processor.py:925} INFO - DAG(s) 'example_xcom_args_with_operators', 'example_xcom_args' retrieved from /home/airflow/.local/lib/python3.12/site-packages/airflow/example_dags/example_xcomargs.py
[2025-03-10T20:39:28.202+0000] {logging_mixin.py:190} INFO - [2025-03-10T20:39:28.202+0000] {dag.py:3239} INFO - Sync 2 DAGs
[2025-03-10T20:39:28.221+0000] {logging_mixin.py:190} INFO - [2025-03-10T20:39:28.221+0000] {dag.py:4180} INFO - Setting next_dagrun for example_xcom_args to None, run_after=None
[2025-03-10T20:39:28.226+0000] {logging_mixin.py:190} INFO - [2025-03-10T20:39:28.226+0000] {dag.py:4180} INFO - Setting next_dagrun for example_xcom_args_with_operators to None, run_after=None
[2025-03-10T20:39:28.244+0000] {processor.py:208} INFO - Processing /home/airflow/.local/lib/python3.12/site-packages/airflow/example_dags/example_xcomargs.py took 0.092 seconds
[2025-03-10T20:39:58.791+0000] {processor.py:186} INFO - Started process (PID=1310) to work on /home/airflow/.local/lib/python3.12/site-packages/airflow/example_dags/example_xcomargs.py
[2025-03-10T20:39:58.791+0000] {processor.py:914} INFO - Processing file /home/airflow/.local/lib/python3.12/site-packages/airflow/example_dags/example_xcomargs.py for tasks to queue
[2025-03-10T20:39:58.794+0000] {logging_mixin.py:190} INFO - [2025-03-10T20:39:58.794+0000] {dagbag.py:588} INFO - Filling up the DagBag from /home/airflow/.local/lib/python3.12/site-packages/airflow/example_dags/example_xcomargs.py
[2025-03-10T20:39:58.805+0000] {processor.py:925} INFO - DAG(s) 'example_xcom_args_with_operators', 'example_xcom_args' retrieved from /home/airflow/.local/lib/python3.12/site-packages/airflow/example_dags/example_xcomargs.py
[2025-03-10T20:39:58.839+0000] {logging_mixin.py:190} INFO - [2025-03-10T20:39:58.839+0000] {dag.py:3239} INFO - Sync 2 DAGs
[2025-03-10T20:39:58.858+0000] {logging_mixin.py:190} INFO - [2025-03-10T20:39:58.858+0000] {dag.py:4180} INFO - Setting next_dagrun for example_xcom_args to None, run_after=None
[2025-03-10T20:39:58.862+0000] {logging_mixin.py:190} INFO - [2025-03-10T20:39:58.862+0000] {dag.py:4180} INFO - Setting next_dagrun for example_xcom_args_with_operators to None, run_after=None
[2025-03-10T20:39:58.879+0000] {processor.py:208} INFO - Processing /home/airflow/.local/lib/python3.12/site-packages/airflow/example_dags/example_xcomargs.py took 0.096 seconds
[2025-03-10T20:40:29.844+0000] {processor.py:186} INFO - Started process (PID=1373) to work on /home/airflow/.local/lib/python3.12/site-packages/airflow/example_dags/example_xcomargs.py
[2025-03-10T20:40:29.845+0000] {processor.py:914} INFO - Processing file /home/airflow/.local/lib/python3.12/site-packages/airflow/example_dags/example_xcomargs.py for tasks to queue
[2025-03-10T20:40:29.848+0000] {logging_mixin.py:190} INFO - [2025-03-10T20:40:29.847+0000] {dagbag.py:588} INFO - Filling up the DagBag from /home/airflow/.local/lib/python3.12/site-packages/airflow/example_dags/example_xcomargs.py
[2025-03-10T20:40:29.860+0000] {processor.py:925} INFO - DAG(s) 'example_xcom_args', 'example_xcom_args_with_operators' retrieved from /home/airflow/.local/lib/python3.12/site-packages/airflow/example_dags/example_xcomargs.py
[2025-03-10T20:40:29.889+0000] {logging_mixin.py:190} INFO - [2025-03-10T20:40:29.889+0000] {dag.py:3239} INFO - Sync 2 DAGs
[2025-03-10T20:40:29.909+0000] {logging_mixin.py:190} INFO - [2025-03-10T20:40:29.909+0000] {dag.py:4180} INFO - Setting next_dagrun for example_xcom_args to None, run_after=None
[2025-03-10T20:40:29.914+0000] {logging_mixin.py:190} INFO - [2025-03-10T20:40:29.914+0000] {dag.py:4180} INFO - Setting next_dagrun for example_xcom_args_with_operators to None, run_after=None
[2025-03-10T20:40:29.932+0000] {processor.py:208} INFO - Processing /home/airflow/.local/lib/python3.12/site-packages/airflow/example_dags/example_xcomargs.py took 0.095 seconds
[2025-03-10T20:41:01.179+0000] {processor.py:186} INFO - Started process (PID=1436) to work on /home/airflow/.local/lib/python3.12/site-packages/airflow/example_dags/example_xcomargs.py
[2025-03-10T20:41:01.180+0000] {processor.py:914} INFO - Processing file /home/airflow/.local/lib/python3.12/site-packages/airflow/example_dags/example_xcomargs.py for tasks to queue
[2025-03-10T20:41:01.183+0000] {logging_mixin.py:190} INFO - [2025-03-10T20:41:01.183+0000] {dagbag.py:588} INFO - Filling up the DagBag from /home/airflow/.local/lib/python3.12/site-packages/airflow/example_dags/example_xcomargs.py
[2025-03-10T20:41:01.194+0000] {processor.py:925} INFO - DAG(s) 'example_xcom_args', 'example_xcom_args_with_operators' retrieved from /home/airflow/.local/lib/python3.12/site-packages/airflow/example_dags/example_xcomargs.py
[2025-03-10T20:41:01.222+0000] {logging_mixin.py:190} INFO - [2025-03-10T20:41:01.221+0000] {dag.py:3239} INFO - Sync 2 DAGs
[2025-03-10T20:41:01.239+0000] {logging_mixin.py:190} INFO - [2025-03-10T20:41:01.238+0000] {dag.py:4180} INFO - Setting next_dagrun for example_xcom_args to None, run_after=None
[2025-03-10T20:41:01.243+0000] {logging_mixin.py:190} INFO - [2025-03-10T20:41:01.243+0000] {dag.py:4180} INFO - Setting next_dagrun for example_xcom_args_with_operators to None, run_after=None
[2025-03-10T20:41:01.260+0000] {processor.py:208} INFO - Processing /home/airflow/.local/lib/python3.12/site-packages/airflow/example_dags/example_xcomargs.py took 0.088 seconds
[2025-03-10T20:41:31.947+0000] {processor.py:186} INFO - Started process (PID=1499) to work on /home/airflow/.local/lib/python3.12/site-packages/airflow/example_dags/example_xcomargs.py
[2025-03-10T20:41:31.949+0000] {processor.py:914} INFO - Processing file /home/airflow/.local/lib/python3.12/site-packages/airflow/example_dags/example_xcomargs.py for tasks to queue
[2025-03-10T20:41:31.955+0000] {logging_mixin.py:190} INFO - [2025-03-10T20:41:31.955+0000] {dagbag.py:588} INFO - Filling up the DagBag from /home/airflow/.local/lib/python3.12/site-packages/airflow/example_dags/example_xcomargs.py
[2025-03-10T20:41:31.968+0000] {processor.py:925} INFO - DAG(s) 'example_xcom_args', 'example_xcom_args_with_operators' retrieved from /home/airflow/.local/lib/python3.12/site-packages/airflow/example_dags/example_xcomargs.py
[2025-03-10T20:41:31.996+0000] {logging_mixin.py:190} INFO - [2025-03-10T20:41:31.995+0000] {dag.py:3239} INFO - Sync 2 DAGs
[2025-03-10T20:41:32.014+0000] {logging_mixin.py:190} INFO - [2025-03-10T20:41:32.014+0000] {dag.py:4180} INFO - Setting next_dagrun for example_xcom_args to None, run_after=None
[2025-03-10T20:41:32.019+0000] {logging_mixin.py:190} INFO - [2025-03-10T20:41:32.018+0000] {dag.py:4180} INFO - Setting next_dagrun for example_xcom_args_with_operators to None, run_after=None
[2025-03-10T20:41:32.036+0000] {processor.py:208} INFO - Processing /home/airflow/.local/lib/python3.12/site-packages/airflow/example_dags/example_xcomargs.py took 0.104 seconds
[2025-03-10T20:42:02.436+0000] {processor.py:186} INFO - Started process (PID=1562) to work on /home/airflow/.local/lib/python3.12/site-packages/airflow/example_dags/example_xcomargs.py
[2025-03-10T20:42:02.437+0000] {processor.py:914} INFO - Processing file /home/airflow/.local/lib/python3.12/site-packages/airflow/example_dags/example_xcomargs.py for tasks to queue
[2025-03-10T20:42:02.440+0000] {logging_mixin.py:190} INFO - [2025-03-10T20:42:02.440+0000] {dagbag.py:588} INFO - Filling up the DagBag from /home/airflow/.local/lib/python3.12/site-packages/airflow/example_dags/example_xcomargs.py
[2025-03-10T20:42:02.453+0000] {processor.py:925} INFO - DAG(s) 'example_xcom_args_with_operators', 'example_xcom_args' retrieved from /home/airflow/.local/lib/python3.12/site-packages/airflow/example_dags/example_xcomargs.py
[2025-03-10T20:42:02.481+0000] {logging_mixin.py:190} INFO - [2025-03-10T20:42:02.481+0000] {dag.py:3239} INFO - Sync 2 DAGs
[2025-03-10T20:42:02.502+0000] {logging_mixin.py:190} INFO - [2025-03-10T20:42:02.502+0000] {dag.py:4180} INFO - Setting next_dagrun for example_xcom_args to None, run_after=None
[2025-03-10T20:42:02.507+0000] {logging_mixin.py:190} INFO - [2025-03-10T20:42:02.507+0000] {dag.py:4180} INFO - Setting next_dagrun for example_xcom_args_with_operators to None, run_after=None
[2025-03-10T20:42:02.528+0000] {processor.py:208} INFO - Processing /home/airflow/.local/lib/python3.12/site-packages/airflow/example_dags/example_xcomargs.py took 0.099 seconds
[2025-03-10T20:42:33.914+0000] {processor.py:186} INFO - Started process (PID=1625) to work on /home/airflow/.local/lib/python3.12/site-packages/airflow/example_dags/example_xcomargs.py
[2025-03-10T20:42:33.915+0000] {processor.py:914} INFO - Processing file /home/airflow/.local/lib/python3.12/site-packages/airflow/example_dags/example_xcomargs.py for tasks to queue
[2025-03-10T20:42:33.918+0000] {logging_mixin.py:190} INFO - [2025-03-10T20:42:33.918+0000] {dagbag.py:588} INFO - Filling up the DagBag from /home/airflow/.local/lib/python3.12/site-packages/airflow/example_dags/example_xcomargs.py
[2025-03-10T20:42:33.930+0000] {processor.py:925} INFO - DAG(s) 'example_xcom_args', 'example_xcom_args_with_operators' retrieved from /home/airflow/.local/lib/python3.12/site-packages/airflow/example_dags/example_xcomargs.py
[2025-03-10T20:42:33.960+0000] {logging_mixin.py:190} INFO - [2025-03-10T20:42:33.960+0000] {dag.py:3239} INFO - Sync 2 DAGs
[2025-03-10T20:42:33.980+0000] {logging_mixin.py:190} INFO - [2025-03-10T20:42:33.980+0000] {dag.py:4180} INFO - Setting next_dagrun for example_xcom_args to None, run_after=None
[2025-03-10T20:42:33.985+0000] {logging_mixin.py:190} INFO - [2025-03-10T20:42:33.985+0000] {dag.py:4180} INFO - Setting next_dagrun for example_xcom_args_with_operators to None, run_after=None
[2025-03-10T20:42:34.004+0000] {processor.py:208} INFO - Processing /home/airflow/.local/lib/python3.12/site-packages/airflow/example_dags/example_xcomargs.py took 0.097 seconds
[2025-03-10T20:43:04.919+0000] {processor.py:186} INFO - Started process (PID=1688) to work on /home/airflow/.local/lib/python3.12/site-packages/airflow/example_dags/example_xcomargs.py
[2025-03-10T20:43:04.920+0000] {processor.py:914} INFO - Processing file /home/airflow/.local/lib/python3.12/site-packages/airflow/example_dags/example_xcomargs.py for tasks to queue
[2025-03-10T20:43:04.923+0000] {logging_mixin.py:190} INFO - [2025-03-10T20:43:04.922+0000] {dagbag.py:588} INFO - Filling up the DagBag from /home/airflow/.local/lib/python3.12/site-packages/airflow/example_dags/example_xcomargs.py
[2025-03-10T20:43:04.936+0000] {processor.py:925} INFO - DAG(s) 'example_xcom_args', 'example_xcom_args_with_operators' retrieved from /home/airflow/.local/lib/python3.12/site-packages/airflow/example_dags/example_xcomargs.py
[2025-03-10T20:43:04.964+0000] {logging_mixin.py:190} INFO - [2025-03-10T20:43:04.964+0000] {dag.py:3239} INFO - Sync 2 DAGs
[2025-03-10T20:43:04.983+0000] {logging_mixin.py:190} INFO - [2025-03-10T20:43:04.983+0000] {dag.py:4180} INFO - Setting next_dagrun for example_xcom_args to None, run_after=None
[2025-03-10T20:43:04.987+0000] {logging_mixin.py:190} INFO - [2025-03-10T20:43:04.987+0000] {dag.py:4180} INFO - Setting next_dagrun for example_xcom_args_with_operators to None, run_after=None
[2025-03-10T20:43:05.005+0000] {processor.py:208} INFO - Processing /home/airflow/.local/lib/python3.12/site-packages/airflow/example_dags/example_xcomargs.py took 0.093 seconds
[2025-03-10T20:43:35.539+0000] {processor.py:186} INFO - Started process (PID=1751) to work on /home/airflow/.local/lib/python3.12/site-packages/airflow/example_dags/example_xcomargs.py
[2025-03-10T20:43:35.540+0000] {processor.py:914} INFO - Processing file /home/airflow/.local/lib/python3.12/site-packages/airflow/example_dags/example_xcomargs.py for tasks to queue
[2025-03-10T20:43:35.543+0000] {logging_mixin.py:190} INFO - [2025-03-10T20:43:35.543+0000] {dagbag.py:588} INFO - Filling up the DagBag from /home/airflow/.local/lib/python3.12/site-packages/airflow/example_dags/example_xcomargs.py
[2025-03-10T20:43:35.556+0000] {processor.py:925} INFO - DAG(s) 'example_xcom_args', 'example_xcom_args_with_operators' retrieved from /home/airflow/.local/lib/python3.12/site-packages/airflow/example_dags/example_xcomargs.py
[2025-03-10T20:43:35.586+0000] {logging_mixin.py:190} INFO - [2025-03-10T20:43:35.586+0000] {dag.py:3239} INFO - Sync 2 DAGs
[2025-03-10T20:43:35.605+0000] {logging_mixin.py:190} INFO - [2025-03-10T20:43:35.605+0000] {dag.py:4180} INFO - Setting next_dagrun for example_xcom_args to None, run_after=None
[2025-03-10T20:43:35.610+0000] {logging_mixin.py:190} INFO - [2025-03-10T20:43:35.610+0000] {dag.py:4180} INFO - Setting next_dagrun for example_xcom_args_with_operators to None, run_after=None
[2025-03-10T20:43:35.630+0000] {processor.py:208} INFO - Processing /home/airflow/.local/lib/python3.12/site-packages/airflow/example_dags/example_xcomargs.py took 0.098 seconds
[2025-03-10T20:44:06.213+0000] {processor.py:186} INFO - Started process (PID=1814) to work on /home/airflow/.local/lib/python3.12/site-packages/airflow/example_dags/example_xcomargs.py
[2025-03-10T20:44:06.214+0000] {processor.py:914} INFO - Processing file /home/airflow/.local/lib/python3.12/site-packages/airflow/example_dags/example_xcomargs.py for tasks to queue
[2025-03-10T20:44:06.217+0000] {logging_mixin.py:190} INFO - [2025-03-10T20:44:06.217+0000] {dagbag.py:588} INFO - Filling up the DagBag from /home/airflow/.local/lib/python3.12/site-packages/airflow/example_dags/example_xcomargs.py
[2025-03-10T20:44:06.229+0000] {processor.py:925} INFO - DAG(s) 'example_xcom_args_with_operators', 'example_xcom_args' retrieved from /home/airflow/.local/lib/python3.12/site-packages/airflow/example_dags/example_xcomargs.py
[2025-03-10T20:44:06.258+0000] {logging_mixin.py:190} INFO - [2025-03-10T20:44:06.258+0000] {dag.py:3239} INFO - Sync 2 DAGs
[2025-03-10T20:44:06.278+0000] {logging_mixin.py:190} INFO - [2025-03-10T20:44:06.278+0000] {dag.py:4180} INFO - Setting next_dagrun for example_xcom_args to None, run_after=None
[2025-03-10T20:44:06.284+0000] {logging_mixin.py:190} INFO - [2025-03-10T20:44:06.284+0000] {dag.py:4180} INFO - Setting next_dagrun for example_xcom_args_with_operators to None, run_after=None
[2025-03-10T20:44:06.305+0000] {processor.py:208} INFO - Processing /home/airflow/.local/lib/python3.12/site-packages/airflow/example_dags/example_xcomargs.py took 0.098 seconds
[2025-03-10T20:44:37.676+0000] {processor.py:186} INFO - Started process (PID=1877) to work on /home/airflow/.local/lib/python3.12/site-packages/airflow/example_dags/example_xcomargs.py
[2025-03-10T20:44:37.677+0000] {processor.py:914} INFO - Processing file /home/airflow/.local/lib/python3.12/site-packages/airflow/example_dags/example_xcomargs.py for tasks to queue
[2025-03-10T20:44:37.679+0000] {logging_mixin.py:190} INFO - [2025-03-10T20:44:37.679+0000] {dagbag.py:588} INFO - Filling up the DagBag from /home/airflow/.local/lib/python3.12/site-packages/airflow/example_dags/example_xcomargs.py
[2025-03-10T20:44:37.691+0000] {processor.py:925} INFO - DAG(s) 'example_xcom_args_with_operators', 'example_xcom_args' retrieved from /home/airflow/.local/lib/python3.12/site-packages/airflow/example_dags/example_xcomargs.py
[2025-03-10T20:44:37.722+0000] {logging_mixin.py:190} INFO - [2025-03-10T20:44:37.722+0000] {dag.py:3239} INFO - Sync 2 DAGs
[2025-03-10T20:44:37.743+0000] {logging_mixin.py:190} INFO - [2025-03-10T20:44:37.742+0000] {dag.py:4180} INFO - Setting next_dagrun for example_xcom_args to None, run_after=None
[2025-03-10T20:44:37.748+0000] {logging_mixin.py:190} INFO - [2025-03-10T20:44:37.748+0000] {dag.py:4180} INFO - Setting next_dagrun for example_xcom_args_with_operators to None, run_after=None
[2025-03-10T20:44:38.002+0000] {processor.py:208} INFO - Processing /home/airflow/.local/lib/python3.12/site-packages/airflow/example_dags/example_xcomargs.py took 0.333 seconds
[2025-03-10T20:45:08.829+0000] {processor.py:186} INFO - Started process (PID=1940) to work on /home/airflow/.local/lib/python3.12/site-packages/airflow/example_dags/example_xcomargs.py
[2025-03-10T20:45:08.830+0000] {processor.py:914} INFO - Processing file /home/airflow/.local/lib/python3.12/site-packages/airflow/example_dags/example_xcomargs.py for tasks to queue
[2025-03-10T20:45:08.833+0000] {logging_mixin.py:190} INFO - [2025-03-10T20:45:08.832+0000] {dagbag.py:588} INFO - Filling up the DagBag from /home/airflow/.local/lib/python3.12/site-packages/airflow/example_dags/example_xcomargs.py
[2025-03-10T20:45:08.846+0000] {processor.py:925} INFO - DAG(s) 'example_xcom_args_with_operators', 'example_xcom_args' retrieved from /home/airflow/.local/lib/python3.12/site-packages/airflow/example_dags/example_xcomargs.py
[2025-03-10T20:45:08.877+0000] {logging_mixin.py:190} INFO - [2025-03-10T20:45:08.877+0000] {dag.py:3239} INFO - Sync 2 DAGs
[2025-03-10T20:45:08.896+0000] {logging_mixin.py:190} INFO - [2025-03-10T20:45:08.896+0000] {dag.py:4180} INFO - Setting next_dagrun for example_xcom_args to None, run_after=None
[2025-03-10T20:45:08.901+0000] {logging_mixin.py:190} INFO - [2025-03-10T20:45:08.901+0000] {dag.py:4180} INFO - Setting next_dagrun for example_xcom_args_with_operators to None, run_after=None
[2025-03-10T20:45:08.924+0000] {processor.py:208} INFO - Processing /home/airflow/.local/lib/python3.12/site-packages/airflow/example_dags/example_xcomargs.py took 0.103 seconds
[2025-03-10T20:45:39.666+0000] {processor.py:186} INFO - Started process (PID=2003) to work on /home/airflow/.local/lib/python3.12/site-packages/airflow/example_dags/example_xcomargs.py
[2025-03-10T20:45:39.667+0000] {processor.py:914} INFO - Processing file /home/airflow/.local/lib/python3.12/site-packages/airflow/example_dags/example_xcomargs.py for tasks to queue
[2025-03-10T20:45:39.670+0000] {logging_mixin.py:190} INFO - [2025-03-10T20:45:39.670+0000] {dagbag.py:588} INFO - Filling up the DagBag from /home/airflow/.local/lib/python3.12/site-packages/airflow/example_dags/example_xcomargs.py
[2025-03-10T20:45:39.683+0000] {processor.py:925} INFO - DAG(s) 'example_xcom_args', 'example_xcom_args_with_operators' retrieved from /home/airflow/.local/lib/python3.12/site-packages/airflow/example_dags/example_xcomargs.py
[2025-03-10T20:45:39.713+0000] {logging_mixin.py:190} INFO - [2025-03-10T20:45:39.712+0000] {dag.py:3239} INFO - Sync 2 DAGs
[2025-03-10T20:45:39.732+0000] {logging_mixin.py:190} INFO - [2025-03-10T20:45:39.731+0000] {dag.py:4180} INFO - Setting next_dagrun for example_xcom_args to None, run_after=None
[2025-03-10T20:45:39.736+0000] {logging_mixin.py:190} INFO - [2025-03-10T20:45:39.736+0000] {dag.py:4180} INFO - Setting next_dagrun for example_xcom_args_with_operators to None, run_after=None
[2025-03-10T20:45:39.757+0000] {processor.py:208} INFO - Processing /home/airflow/.local/lib/python3.12/site-packages/airflow/example_dags/example_xcomargs.py took 0.098 seconds
[2025-03-10T20:46:11.513+0000] {processor.py:186} INFO - Started process (PID=2072) to work on /home/airflow/.local/lib/python3.12/site-packages/airflow/example_dags/example_xcomargs.py
[2025-03-10T20:46:11.514+0000] {processor.py:914} INFO - Processing file /home/airflow/.local/lib/python3.12/site-packages/airflow/example_dags/example_xcomargs.py for tasks to queue
[2025-03-10T20:46:11.517+0000] {logging_mixin.py:190} INFO - [2025-03-10T20:46:11.516+0000] {dagbag.py:588} INFO - Filling up the DagBag from /home/airflow/.local/lib/python3.12/site-packages/airflow/example_dags/example_xcomargs.py
[2025-03-10T20:46:11.528+0000] {processor.py:925} INFO - DAG(s) 'example_xcom_args', 'example_xcom_args_with_operators' retrieved from /home/airflow/.local/lib/python3.12/site-packages/airflow/example_dags/example_xcomargs.py
[2025-03-10T20:46:11.811+0000] {logging_mixin.py:190} INFO - [2025-03-10T20:46:11.810+0000] {dag.py:3239} INFO - Sync 2 DAGs
[2025-03-10T20:46:11.828+0000] {logging_mixin.py:190} INFO - [2025-03-10T20:46:11.827+0000] {dag.py:4180} INFO - Setting next_dagrun for example_xcom_args to None, run_after=None
[2025-03-10T20:46:11.832+0000] {logging_mixin.py:190} INFO - [2025-03-10T20:46:11.832+0000] {dag.py:4180} INFO - Setting next_dagrun for example_xcom_args_with_operators to None, run_after=None
[2025-03-10T20:46:11.851+0000] {processor.py:208} INFO - Processing /home/airflow/.local/lib/python3.12/site-packages/airflow/example_dags/example_xcomargs.py took 0.345 seconds
[2025-03-10T20:46:42.214+0000] {processor.py:186} INFO - Started process (PID=2135) to work on /home/airflow/.local/lib/python3.12/site-packages/airflow/example_dags/example_xcomargs.py
[2025-03-10T20:46:42.215+0000] {processor.py:914} INFO - Processing file /home/airflow/.local/lib/python3.12/site-packages/airflow/example_dags/example_xcomargs.py for tasks to queue
[2025-03-10T20:46:42.218+0000] {logging_mixin.py:190} INFO - [2025-03-10T20:46:42.217+0000] {dagbag.py:588} INFO - Filling up the DagBag from /home/airflow/.local/lib/python3.12/site-packages/airflow/example_dags/example_xcomargs.py
[2025-03-10T20:46:42.229+0000] {processor.py:925} INFO - DAG(s) 'example_xcom_args_with_operators', 'example_xcom_args' retrieved from /home/airflow/.local/lib/python3.12/site-packages/airflow/example_dags/example_xcomargs.py
[2025-03-10T20:46:42.257+0000] {logging_mixin.py:190} INFO - [2025-03-10T20:46:42.256+0000] {dag.py:3239} INFO - Sync 2 DAGs
[2025-03-10T20:46:42.537+0000] {logging_mixin.py:190} INFO - [2025-03-10T20:46:42.537+0000] {dag.py:4180} INFO - Setting next_dagrun for example_xcom_args to None, run_after=None
[2025-03-10T20:46:42.542+0000] {logging_mixin.py:190} INFO - [2025-03-10T20:46:42.541+0000] {dag.py:4180} INFO - Setting next_dagrun for example_xcom_args_with_operators to None, run_after=None
[2025-03-10T20:46:42.561+0000] {processor.py:208} INFO - Processing /home/airflow/.local/lib/python3.12/site-packages/airflow/example_dags/example_xcomargs.py took 0.354 seconds
[2025-03-10T20:47:12.972+0000] {processor.py:186} INFO - Started process (PID=2198) to work on /home/airflow/.local/lib/python3.12/site-packages/airflow/example_dags/example_xcomargs.py
[2025-03-10T20:47:12.972+0000] {processor.py:914} INFO - Processing file /home/airflow/.local/lib/python3.12/site-packages/airflow/example_dags/example_xcomargs.py for tasks to queue
[2025-03-10T20:47:12.975+0000] {logging_mixin.py:190} INFO - [2025-03-10T20:47:12.975+0000] {dagbag.py:588} INFO - Filling up the DagBag from /home/airflow/.local/lib/python3.12/site-packages/airflow/example_dags/example_xcomargs.py
[2025-03-10T20:47:12.988+0000] {processor.py:925} INFO - DAG(s) 'example_xcom_args_with_operators', 'example_xcom_args' retrieved from /home/airflow/.local/lib/python3.12/site-packages/airflow/example_dags/example_xcomargs.py
[2025-03-10T20:47:13.017+0000] {logging_mixin.py:190} INFO - [2025-03-10T20:47:13.017+0000] {dag.py:3239} INFO - Sync 2 DAGs
[2025-03-10T20:47:13.037+0000] {logging_mixin.py:190} INFO - [2025-03-10T20:47:13.037+0000] {dag.py:4180} INFO - Setting next_dagrun for example_xcom_args to None, run_after=None
[2025-03-10T20:47:13.042+0000] {logging_mixin.py:190} INFO - [2025-03-10T20:47:13.041+0000] {dag.py:4180} INFO - Setting next_dagrun for example_xcom_args_with_operators to None, run_after=None
[2025-03-10T20:47:13.061+0000] {processor.py:208} INFO - Processing /home/airflow/.local/lib/python3.12/site-packages/airflow/example_dags/example_xcomargs.py took 0.097 seconds
[2025-03-10T20:47:43.693+0000] {processor.py:186} INFO - Started process (PID=2261) to work on /home/airflow/.local/lib/python3.12/site-packages/airflow/example_dags/example_xcomargs.py
[2025-03-10T20:47:43.694+0000] {processor.py:914} INFO - Processing file /home/airflow/.local/lib/python3.12/site-packages/airflow/example_dags/example_xcomargs.py for tasks to queue
[2025-03-10T20:47:43.697+0000] {logging_mixin.py:190} INFO - [2025-03-10T20:47:43.697+0000] {dagbag.py:588} INFO - Filling up the DagBag from /home/airflow/.local/lib/python3.12/site-packages/airflow/example_dags/example_xcomargs.py
[2025-03-10T20:47:43.709+0000] {processor.py:925} INFO - DAG(s) 'example_xcom_args_with_operators', 'example_xcom_args' retrieved from /home/airflow/.local/lib/python3.12/site-packages/airflow/example_dags/example_xcomargs.py
[2025-03-10T20:47:43.738+0000] {logging_mixin.py:190} INFO - [2025-03-10T20:47:43.737+0000] {dag.py:3239} INFO - Sync 2 DAGs
[2025-03-10T20:47:43.758+0000] {logging_mixin.py:190} INFO - [2025-03-10T20:47:43.757+0000] {dag.py:4180} INFO - Setting next_dagrun for example_xcom_args to None, run_after=None
[2025-03-10T20:47:43.762+0000] {logging_mixin.py:190} INFO - [2025-03-10T20:47:43.762+0000] {dag.py:4180} INFO - Setting next_dagrun for example_xcom_args_with_operators to None, run_after=None
[2025-03-10T20:47:43.780+0000] {processor.py:208} INFO - Processing /home/airflow/.local/lib/python3.12/site-packages/airflow/example_dags/example_xcomargs.py took 0.094 seconds
[2025-03-10T20:48:14.154+0000] {processor.py:186} INFO - Started process (PID=2324) to work on /home/airflow/.local/lib/python3.12/site-packages/airflow/example_dags/example_xcomargs.py
[2025-03-10T20:48:14.155+0000] {processor.py:914} INFO - Processing file /home/airflow/.local/lib/python3.12/site-packages/airflow/example_dags/example_xcomargs.py for tasks to queue
[2025-03-10T20:48:14.158+0000] {logging_mixin.py:190} INFO - [2025-03-10T20:48:14.157+0000] {dagbag.py:588} INFO - Filling up the DagBag from /home/airflow/.local/lib/python3.12/site-packages/airflow/example_dags/example_xcomargs.py
[2025-03-10T20:48:14.170+0000] {processor.py:925} INFO - DAG(s) 'example_xcom_args', 'example_xcom_args_with_operators' retrieved from /home/airflow/.local/lib/python3.12/site-packages/airflow/example_dags/example_xcomargs.py
[2025-03-10T20:48:14.200+0000] {logging_mixin.py:190} INFO - [2025-03-10T20:48:14.200+0000] {dag.py:3239} INFO - Sync 2 DAGs
[2025-03-10T20:48:14.222+0000] {logging_mixin.py:190} INFO - [2025-03-10T20:48:14.221+0000] {dag.py:4180} INFO - Setting next_dagrun for example_xcom_args to None, run_after=None
[2025-03-10T20:48:14.226+0000] {logging_mixin.py:190} INFO - [2025-03-10T20:48:14.226+0000] {dag.py:4180} INFO - Setting next_dagrun for example_xcom_args_with_operators to None, run_after=None
[2025-03-10T20:48:14.245+0000] {processor.py:208} INFO - Processing /home/airflow/.local/lib/python3.12/site-packages/airflow/example_dags/example_xcomargs.py took 0.099 seconds
[2025-03-10T20:48:44.727+0000] {processor.py:186} INFO - Started process (PID=2387) to work on /home/airflow/.local/lib/python3.12/site-packages/airflow/example_dags/example_xcomargs.py
[2025-03-10T20:48:44.728+0000] {processor.py:914} INFO - Processing file /home/airflow/.local/lib/python3.12/site-packages/airflow/example_dags/example_xcomargs.py for tasks to queue
[2025-03-10T20:48:44.732+0000] {logging_mixin.py:190} INFO - [2025-03-10T20:48:44.731+0000] {dagbag.py:588} INFO - Filling up the DagBag from /home/airflow/.local/lib/python3.12/site-packages/airflow/example_dags/example_xcomargs.py
[2025-03-10T20:48:44.745+0000] {processor.py:925} INFO - DAG(s) 'example_xcom_args_with_operators', 'example_xcom_args' retrieved from /home/airflow/.local/lib/python3.12/site-packages/airflow/example_dags/example_xcomargs.py
[2025-03-10T20:48:44.776+0000] {logging_mixin.py:190} INFO - [2025-03-10T20:48:44.776+0000] {dag.py:3239} INFO - Sync 2 DAGs
[2025-03-10T20:48:44.797+0000] {logging_mixin.py:190} INFO - [2025-03-10T20:48:44.797+0000] {dag.py:4180} INFO - Setting next_dagrun for example_xcom_args to None, run_after=None
[2025-03-10T20:48:44.802+0000] {logging_mixin.py:190} INFO - [2025-03-10T20:48:44.801+0000] {dag.py:4180} INFO - Setting next_dagrun for example_xcom_args_with_operators to None, run_after=None
[2025-03-10T20:48:44.821+0000] {processor.py:208} INFO - Processing /home/airflow/.local/lib/python3.12/site-packages/airflow/example_dags/example_xcomargs.py took 0.102 seconds
[2025-03-10T20:49:15.334+0000] {processor.py:186} INFO - Started process (PID=2450) to work on /home/airflow/.local/lib/python3.12/site-packages/airflow/example_dags/example_xcomargs.py
[2025-03-10T20:49:15.335+0000] {processor.py:914} INFO - Processing file /home/airflow/.local/lib/python3.12/site-packages/airflow/example_dags/example_xcomargs.py for tasks to queue
[2025-03-10T20:49:15.338+0000] {logging_mixin.py:190} INFO - [2025-03-10T20:49:15.337+0000] {dagbag.py:588} INFO - Filling up the DagBag from /home/airflow/.local/lib/python3.12/site-packages/airflow/example_dags/example_xcomargs.py
[2025-03-10T20:49:15.350+0000] {processor.py:925} INFO - DAG(s) 'example_xcom_args_with_operators', 'example_xcom_args' retrieved from /home/airflow/.local/lib/python3.12/site-packages/airflow/example_dags/example_xcomargs.py
[2025-03-10T20:49:15.382+0000] {logging_mixin.py:190} INFO - [2025-03-10T20:49:15.381+0000] {dag.py:3239} INFO - Sync 2 DAGs
[2025-03-10T20:49:15.401+0000] {logging_mixin.py:190} INFO - [2025-03-10T20:49:15.401+0000] {dag.py:4180} INFO - Setting next_dagrun for example_xcom_args to None, run_after=None
[2025-03-10T20:49:15.406+0000] {logging_mixin.py:190} INFO - [2025-03-10T20:49:15.406+0000] {dag.py:4180} INFO - Setting next_dagrun for example_xcom_args_with_operators to None, run_after=None
[2025-03-10T20:49:15.428+0000] {processor.py:208} INFO - Processing /home/airflow/.local/lib/python3.12/site-packages/airflow/example_dags/example_xcomargs.py took 0.101 seconds
[2025-03-10T20:49:45.701+0000] {processor.py:186} INFO - Started process (PID=2513) to work on /home/airflow/.local/lib/python3.12/site-packages/airflow/example_dags/example_xcomargs.py
[2025-03-10T20:49:45.702+0000] {processor.py:914} INFO - Processing file /home/airflow/.local/lib/python3.12/site-packages/airflow/example_dags/example_xcomargs.py for tasks to queue
[2025-03-10T20:49:45.705+0000] {logging_mixin.py:190} INFO - [2025-03-10T20:49:45.705+0000] {dagbag.py:588} INFO - Filling up the DagBag from /home/airflow/.local/lib/python3.12/site-packages/airflow/example_dags/example_xcomargs.py
[2025-03-10T20:49:45.717+0000] {processor.py:925} INFO - DAG(s) 'example_xcom_args_with_operators', 'example_xcom_args' retrieved from /home/airflow/.local/lib/python3.12/site-packages/airflow/example_dags/example_xcomargs.py
[2025-03-10T20:49:45.747+0000] {logging_mixin.py:190} INFO - [2025-03-10T20:49:45.747+0000] {dag.py:3239} INFO - Sync 2 DAGs
[2025-03-10T20:49:45.766+0000] {logging_mixin.py:190} INFO - [2025-03-10T20:49:45.766+0000] {dag.py:4180} INFO - Setting next_dagrun for example_xcom_args to None, run_after=None
[2025-03-10T20:49:45.771+0000] {logging_mixin.py:190} INFO - [2025-03-10T20:49:45.771+0000] {dag.py:4180} INFO - Setting next_dagrun for example_xcom_args_with_operators to None, run_after=None
[2025-03-10T20:49:45.789+0000] {processor.py:208} INFO - Processing /home/airflow/.local/lib/python3.12/site-packages/airflow/example_dags/example_xcomargs.py took 0.095 seconds
[2025-03-10T20:50:16.303+0000] {processor.py:186} INFO - Started process (PID=2576) to work on /home/airflow/.local/lib/python3.12/site-packages/airflow/example_dags/example_xcomargs.py
[2025-03-10T20:50:16.304+0000] {processor.py:914} INFO - Processing file /home/airflow/.local/lib/python3.12/site-packages/airflow/example_dags/example_xcomargs.py for tasks to queue
[2025-03-10T20:50:16.307+0000] {logging_mixin.py:190} INFO - [2025-03-10T20:50:16.307+0000] {dagbag.py:588} INFO - Filling up the DagBag from /home/airflow/.local/lib/python3.12/site-packages/airflow/example_dags/example_xcomargs.py
[2025-03-10T20:50:16.321+0000] {processor.py:925} INFO - DAG(s) 'example_xcom_args', 'example_xcom_args_with_operators' retrieved from /home/airflow/.local/lib/python3.12/site-packages/airflow/example_dags/example_xcomargs.py
[2025-03-10T20:50:16.351+0000] {logging_mixin.py:190} INFO - [2025-03-10T20:50:16.351+0000] {dag.py:3239} INFO - Sync 2 DAGs
[2025-03-10T20:50:16.370+0000] {logging_mixin.py:190} INFO - [2025-03-10T20:50:16.370+0000] {dag.py:4180} INFO - Setting next_dagrun for example_xcom_args to None, run_after=None
[2025-03-10T20:50:16.375+0000] {logging_mixin.py:190} INFO - [2025-03-10T20:50:16.374+0000] {dag.py:4180} INFO - Setting next_dagrun for example_xcom_args_with_operators to None, run_after=None
[2025-03-10T20:50:16.394+0000] {processor.py:208} INFO - Processing /home/airflow/.local/lib/python3.12/site-packages/airflow/example_dags/example_xcomargs.py took 0.098 seconds
[2025-03-10T23:08:57.849+0000] {processor.py:186} INFO - Started process (PID=108) to work on /home/airflow/.local/lib/python3.12/site-packages/airflow/example_dags/example_xcomargs.py
[2025-03-10T23:08:57.851+0000] {processor.py:914} INFO - Processing file /home/airflow/.local/lib/python3.12/site-packages/airflow/example_dags/example_xcomargs.py for tasks to queue
[2025-03-10T23:08:57.853+0000] {logging_mixin.py:190} INFO - [2025-03-10T23:08:57.853+0000] {dagbag.py:588} INFO - Filling up the DagBag from /home/airflow/.local/lib/python3.12/site-packages/airflow/example_dags/example_xcomargs.py
[2025-03-10T23:08:57.866+0000] {processor.py:925} INFO - DAG(s) 'example_xcom_args_with_operators', 'example_xcom_args' retrieved from /home/airflow/.local/lib/python3.12/site-packages/airflow/example_dags/example_xcomargs.py
[2025-03-10T23:08:57.906+0000] {logging_mixin.py:190} INFO - [2025-03-10T23:08:57.906+0000] {dag.py:3239} INFO - Sync 2 DAGs
[2025-03-10T23:08:57.926+0000] {logging_mixin.py:190} INFO - [2025-03-10T23:08:57.925+0000] {dag.py:4180} INFO - Setting next_dagrun for example_xcom_args to None, run_after=None
[2025-03-10T23:08:57.932+0000] {logging_mixin.py:190} INFO - [2025-03-10T23:08:57.932+0000] {dag.py:4180} INFO - Setting next_dagrun for example_xcom_args_with_operators to None, run_after=None
[2025-03-10T23:08:57.954+0000] {processor.py:208} INFO - Processing /home/airflow/.local/lib/python3.12/site-packages/airflow/example_dags/example_xcomargs.py took 0.112 seconds
[2025-03-10T23:10:33.448+0000] {processor.py:186} INFO - Started process (PID=165) to work on /home/airflow/.local/lib/python3.12/site-packages/airflow/example_dags/example_xcomargs.py
[2025-03-10T23:10:33.449+0000] {processor.py:914} INFO - Processing file /home/airflow/.local/lib/python3.12/site-packages/airflow/example_dags/example_xcomargs.py for tasks to queue
[2025-03-10T23:10:33.450+0000] {logging_mixin.py:190} INFO - [2025-03-10T23:10:33.450+0000] {dagbag.py:588} INFO - Filling up the DagBag from /home/airflow/.local/lib/python3.12/site-packages/airflow/example_dags/example_xcomargs.py
[2025-03-10T23:10:33.462+0000] {processor.py:925} INFO - DAG(s) 'example_xcom_args_with_operators', 'example_xcom_args' retrieved from /home/airflow/.local/lib/python3.12/site-packages/airflow/example_dags/example_xcomargs.py
[2025-03-10T23:10:33.496+0000] {logging_mixin.py:190} INFO - [2025-03-10T23:10:33.496+0000] {dag.py:3239} INFO - Sync 2 DAGs
[2025-03-10T23:10:33.523+0000] {logging_mixin.py:190} INFO - [2025-03-10T23:10:33.523+0000] {dag.py:4180} INFO - Setting next_dagrun for example_xcom_args to None, run_after=None
[2025-03-10T23:10:33.529+0000] {logging_mixin.py:190} INFO - [2025-03-10T23:10:33.529+0000] {dag.py:4180} INFO - Setting next_dagrun for example_xcom_args_with_operators to None, run_after=None
[2025-03-10T23:10:33.553+0000] {processor.py:208} INFO - Processing /home/airflow/.local/lib/python3.12/site-packages/airflow/example_dags/example_xcomargs.py took 0.112 seconds
[2025-03-10T23:13:23.192+0000] {processor.py:186} INFO - Started process (PID=223) to work on /home/airflow/.local/lib/python3.12/site-packages/airflow/example_dags/example_xcomargs.py
[2025-03-10T23:13:23.196+0000] {processor.py:914} INFO - Processing file /home/airflow/.local/lib/python3.12/site-packages/airflow/example_dags/example_xcomargs.py for tasks to queue
[2025-03-10T23:13:23.203+0000] {logging_mixin.py:190} INFO - [2025-03-10T23:13:23.201+0000] {dagbag.py:588} INFO - Filling up the DagBag from /home/airflow/.local/lib/python3.12/site-packages/airflow/example_dags/example_xcomargs.py
[2025-03-10T23:13:23.255+0000] {processor.py:925} INFO - DAG(s) 'example_xcom_args_with_operators', 'example_xcom_args' retrieved from /home/airflow/.local/lib/python3.12/site-packages/airflow/example_dags/example_xcomargs.py
[2025-03-10T23:13:23.378+0000] {logging_mixin.py:190} INFO - [2025-03-10T23:13:23.376+0000] {dag.py:3239} INFO - Sync 2 DAGs
[2025-03-10T23:13:23.495+0000] {logging_mixin.py:190} INFO - [2025-03-10T23:13:23.494+0000] {dag.py:4180} INFO - Setting next_dagrun for example_xcom_args to None, run_after=None
[2025-03-10T23:13:23.533+0000] {logging_mixin.py:190} INFO - [2025-03-10T23:13:23.532+0000] {dag.py:4180} INFO - Setting next_dagrun for example_xcom_args_with_operators to None, run_after=None
[2025-03-10T23:13:23.647+0000] {processor.py:208} INFO - Processing /home/airflow/.local/lib/python3.12/site-packages/airflow/example_dags/example_xcomargs.py took 0.486 seconds
[2025-03-10T23:14:59.228+0000] {processor.py:186} INFO - Started process (PID=296) to work on /home/airflow/.local/lib/python3.12/site-packages/airflow/example_dags/example_xcomargs.py
[2025-03-10T23:14:59.235+0000] {processor.py:914} INFO - Processing file /home/airflow/.local/lib/python3.12/site-packages/airflow/example_dags/example_xcomargs.py for tasks to queue
[2025-03-10T23:14:59.242+0000] {logging_mixin.py:190} INFO - [2025-03-10T23:14:59.240+0000] {dagbag.py:588} INFO - Filling up the DagBag from /home/airflow/.local/lib/python3.12/site-packages/airflow/example_dags/example_xcomargs.py
[2025-03-10T23:14:59.320+0000] {processor.py:925} INFO - DAG(s) 'example_xcom_args_with_operators', 'example_xcom_args' retrieved from /home/airflow/.local/lib/python3.12/site-packages/airflow/example_dags/example_xcomargs.py
[2025-03-10T23:14:59.481+0000] {logging_mixin.py:190} INFO - [2025-03-10T23:14:59.479+0000] {dag.py:3239} INFO - Sync 2 DAGs
[2025-03-10T23:14:59.603+0000] {logging_mixin.py:190} INFO - [2025-03-10T23:14:59.602+0000] {dag.py:4180} INFO - Setting next_dagrun for example_xcom_args to None, run_after=None
[2025-03-10T23:14:59.652+0000] {logging_mixin.py:190} INFO - [2025-03-10T23:14:59.651+0000] {dag.py:4180} INFO - Setting next_dagrun for example_xcom_args_with_operators to None, run_after=None
[2025-03-10T23:14:59.755+0000] {processor.py:208} INFO - Processing /home/airflow/.local/lib/python3.12/site-packages/airflow/example_dags/example_xcomargs.py took 0.568 seconds
[2025-03-10T23:15:30.721+0000] {processor.py:186} INFO - Started process (PID=359) to work on /home/airflow/.local/lib/python3.12/site-packages/airflow/example_dags/example_xcomargs.py
[2025-03-10T23:15:30.724+0000] {processor.py:914} INFO - Processing file /home/airflow/.local/lib/python3.12/site-packages/airflow/example_dags/example_xcomargs.py for tasks to queue
[2025-03-10T23:15:30.732+0000] {logging_mixin.py:190} INFO - [2025-03-10T23:15:30.730+0000] {dagbag.py:588} INFO - Filling up the DagBag from /home/airflow/.local/lib/python3.12/site-packages/airflow/example_dags/example_xcomargs.py
[2025-03-10T23:15:30.787+0000] {processor.py:925} INFO - DAG(s) 'example_xcom_args_with_operators', 'example_xcom_args' retrieved from /home/airflow/.local/lib/python3.12/site-packages/airflow/example_dags/example_xcomargs.py
[2025-03-10T23:15:30.928+0000] {logging_mixin.py:190} INFO - [2025-03-10T23:15:30.927+0000] {dag.py:3239} INFO - Sync 2 DAGs
[2025-03-10T23:15:31.045+0000] {logging_mixin.py:190} INFO - [2025-03-10T23:15:31.043+0000] {dag.py:4180} INFO - Setting next_dagrun for example_xcom_args to None, run_after=None
[2025-03-10T23:15:31.069+0000] {logging_mixin.py:190} INFO - [2025-03-10T23:15:31.068+0000] {dag.py:4180} INFO - Setting next_dagrun for example_xcom_args_with_operators to None, run_after=None
[2025-03-10T23:15:31.157+0000] {processor.py:208} INFO - Processing /home/airflow/.local/lib/python3.12/site-packages/airflow/example_dags/example_xcomargs.py took 0.474 seconds
[2025-03-10T23:16:01.291+0000] {processor.py:186} INFO - Started process (PID=422) to work on /home/airflow/.local/lib/python3.12/site-packages/airflow/example_dags/example_xcomargs.py
[2025-03-10T23:16:01.292+0000] {processor.py:914} INFO - Processing file /home/airflow/.local/lib/python3.12/site-packages/airflow/example_dags/example_xcomargs.py for tasks to queue
[2025-03-10T23:16:01.293+0000] {logging_mixin.py:190} INFO - [2025-03-10T23:16:01.293+0000] {dagbag.py:588} INFO - Filling up the DagBag from /home/airflow/.local/lib/python3.12/site-packages/airflow/example_dags/example_xcomargs.py
[2025-03-10T23:16:01.305+0000] {processor.py:925} INFO - DAG(s) 'example_xcom_args_with_operators', 'example_xcom_args' retrieved from /home/airflow/.local/lib/python3.12/site-packages/airflow/example_dags/example_xcomargs.py
[2025-03-10T23:16:01.342+0000] {logging_mixin.py:190} INFO - [2025-03-10T23:16:01.342+0000] {dag.py:3239} INFO - Sync 2 DAGs
[2025-03-10T23:16:01.363+0000] {logging_mixin.py:190} INFO - [2025-03-10T23:16:01.362+0000] {dag.py:4180} INFO - Setting next_dagrun for example_xcom_args to None, run_after=None
[2025-03-10T23:16:01.367+0000] {logging_mixin.py:190} INFO - [2025-03-10T23:16:01.367+0000] {dag.py:4180} INFO - Setting next_dagrun for example_xcom_args_with_operators to None, run_after=None
[2025-03-10T23:16:01.386+0000] {processor.py:208} INFO - Processing /home/airflow/.local/lib/python3.12/site-packages/airflow/example_dags/example_xcomargs.py took 0.102 seconds
[2025-03-10T23:16:31.997+0000] {processor.py:186} INFO - Started process (PID=485) to work on /home/airflow/.local/lib/python3.12/site-packages/airflow/example_dags/example_xcomargs.py
[2025-03-10T23:16:31.998+0000] {processor.py:914} INFO - Processing file /home/airflow/.local/lib/python3.12/site-packages/airflow/example_dags/example_xcomargs.py for tasks to queue
[2025-03-10T23:16:32.000+0000] {logging_mixin.py:190} INFO - [2025-03-10T23:16:31.999+0000] {dagbag.py:588} INFO - Filling up the DagBag from /home/airflow/.local/lib/python3.12/site-packages/airflow/example_dags/example_xcomargs.py
[2025-03-10T23:16:32.013+0000] {processor.py:925} INFO - DAG(s) 'example_xcom_args', 'example_xcom_args_with_operators' retrieved from /home/airflow/.local/lib/python3.12/site-packages/airflow/example_dags/example_xcomargs.py
[2025-03-10T23:16:32.047+0000] {logging_mixin.py:190} INFO - [2025-03-10T23:16:32.047+0000] {dag.py:3239} INFO - Sync 2 DAGs
[2025-03-10T23:16:32.069+0000] {logging_mixin.py:190} INFO - [2025-03-10T23:16:32.068+0000] {dag.py:4180} INFO - Setting next_dagrun for example_xcom_args to None, run_after=None
[2025-03-10T23:16:32.073+0000] {logging_mixin.py:190} INFO - [2025-03-10T23:16:32.073+0000] {dag.py:4180} INFO - Setting next_dagrun for example_xcom_args_with_operators to None, run_after=None
[2025-03-10T23:16:32.095+0000] {processor.py:208} INFO - Processing /home/airflow/.local/lib/python3.12/site-packages/airflow/example_dags/example_xcomargs.py took 0.106 seconds
[2025-03-10T23:17:02.626+0000] {processor.py:186} INFO - Started process (PID=548) to work on /home/airflow/.local/lib/python3.12/site-packages/airflow/example_dags/example_xcomargs.py
[2025-03-10T23:17:02.627+0000] {processor.py:914} INFO - Processing file /home/airflow/.local/lib/python3.12/site-packages/airflow/example_dags/example_xcomargs.py for tasks to queue
[2025-03-10T23:17:02.629+0000] {logging_mixin.py:190} INFO - [2025-03-10T23:17:02.628+0000] {dagbag.py:588} INFO - Filling up the DagBag from /home/airflow/.local/lib/python3.12/site-packages/airflow/example_dags/example_xcomargs.py
[2025-03-10T23:17:02.641+0000] {processor.py:925} INFO - DAG(s) 'example_xcom_args_with_operators', 'example_xcom_args' retrieved from /home/airflow/.local/lib/python3.12/site-packages/airflow/example_dags/example_xcomargs.py
[2025-03-10T23:17:02.678+0000] {logging_mixin.py:190} INFO - [2025-03-10T23:17:02.678+0000] {dag.py:3239} INFO - Sync 2 DAGs
[2025-03-10T23:17:02.700+0000] {logging_mixin.py:190} INFO - [2025-03-10T23:17:02.700+0000] {dag.py:4180} INFO - Setting next_dagrun for example_xcom_args to None, run_after=None
[2025-03-10T23:17:02.704+0000] {logging_mixin.py:190} INFO - [2025-03-10T23:17:02.704+0000] {dag.py:4180} INFO - Setting next_dagrun for example_xcom_args_with_operators to None, run_after=None
[2025-03-10T23:17:02.721+0000] {processor.py:208} INFO - Processing /home/airflow/.local/lib/python3.12/site-packages/airflow/example_dags/example_xcomargs.py took 0.102 seconds
[2025-03-10T23:17:32.775+0000] {processor.py:186} INFO - Started process (PID=610) to work on /home/airflow/.local/lib/python3.12/site-packages/airflow/example_dags/example_xcomargs.py
[2025-03-10T23:17:32.776+0000] {processor.py:914} INFO - Processing file /home/airflow/.local/lib/python3.12/site-packages/airflow/example_dags/example_xcomargs.py for tasks to queue
[2025-03-10T23:17:32.777+0000] {logging_mixin.py:190} INFO - [2025-03-10T23:17:32.777+0000] {dagbag.py:588} INFO - Filling up the DagBag from /home/airflow/.local/lib/python3.12/site-packages/airflow/example_dags/example_xcomargs.py
[2025-03-10T23:17:32.791+0000] {processor.py:925} INFO - DAG(s) 'example_xcom_args_with_operators', 'example_xcom_args' retrieved from /home/airflow/.local/lib/python3.12/site-packages/airflow/example_dags/example_xcomargs.py
[2025-03-10T23:17:32.822+0000] {logging_mixin.py:190} INFO - [2025-03-10T23:17:32.822+0000] {dag.py:3239} INFO - Sync 2 DAGs
[2025-03-10T23:17:32.841+0000] {logging_mixin.py:190} INFO - [2025-03-10T23:17:32.841+0000] {dag.py:4180} INFO - Setting next_dagrun for example_xcom_args to None, run_after=None
[2025-03-10T23:17:32.845+0000] {logging_mixin.py:190} INFO - [2025-03-10T23:17:32.845+0000] {dag.py:4180} INFO - Setting next_dagrun for example_xcom_args_with_operators to None, run_after=None
[2025-03-10T23:17:32.864+0000] {processor.py:208} INFO - Processing /home/airflow/.local/lib/python3.12/site-packages/airflow/example_dags/example_xcomargs.py took 0.096 seconds
[2025-03-10T23:18:03.396+0000] {processor.py:186} INFO - Started process (PID=673) to work on /home/airflow/.local/lib/python3.12/site-packages/airflow/example_dags/example_xcomargs.py
[2025-03-10T23:18:03.397+0000] {processor.py:914} INFO - Processing file /home/airflow/.local/lib/python3.12/site-packages/airflow/example_dags/example_xcomargs.py for tasks to queue
[2025-03-10T23:18:03.399+0000] {logging_mixin.py:190} INFO - [2025-03-10T23:18:03.398+0000] {dagbag.py:588} INFO - Filling up the DagBag from /home/airflow/.local/lib/python3.12/site-packages/airflow/example_dags/example_xcomargs.py
[2025-03-10T23:18:03.412+0000] {processor.py:925} INFO - DAG(s) 'example_xcom_args_with_operators', 'example_xcom_args' retrieved from /home/airflow/.local/lib/python3.12/site-packages/airflow/example_dags/example_xcomargs.py
[2025-03-10T23:18:03.445+0000] {logging_mixin.py:190} INFO - [2025-03-10T23:18:03.445+0000] {dag.py:3239} INFO - Sync 2 DAGs
[2025-03-10T23:18:03.468+0000] {logging_mixin.py:190} INFO - [2025-03-10T23:18:03.467+0000] {dag.py:4180} INFO - Setting next_dagrun for example_xcom_args to None, run_after=None
[2025-03-10T23:18:03.472+0000] {logging_mixin.py:190} INFO - [2025-03-10T23:18:03.472+0000] {dag.py:4180} INFO - Setting next_dagrun for example_xcom_args_with_operators to None, run_after=None
[2025-03-10T23:18:03.497+0000] {processor.py:208} INFO - Processing /home/airflow/.local/lib/python3.12/site-packages/airflow/example_dags/example_xcomargs.py took 0.109 seconds
[2025-03-10T23:18:34.003+0000] {processor.py:186} INFO - Started process (PID=736) to work on /home/airflow/.local/lib/python3.12/site-packages/airflow/example_dags/example_xcomargs.py
[2025-03-10T23:18:34.004+0000] {processor.py:914} INFO - Processing file /home/airflow/.local/lib/python3.12/site-packages/airflow/example_dags/example_xcomargs.py for tasks to queue
[2025-03-10T23:18:34.006+0000] {logging_mixin.py:190} INFO - [2025-03-10T23:18:34.005+0000] {dagbag.py:588} INFO - Filling up the DagBag from /home/airflow/.local/lib/python3.12/site-packages/airflow/example_dags/example_xcomargs.py
[2025-03-10T23:18:34.019+0000] {processor.py:925} INFO - DAG(s) 'example_xcom_args', 'example_xcom_args_with_operators' retrieved from /home/airflow/.local/lib/python3.12/site-packages/airflow/example_dags/example_xcomargs.py
[2025-03-10T23:18:34.046+0000] {logging_mixin.py:190} INFO - [2025-03-10T23:18:34.046+0000] {dag.py:3239} INFO - Sync 2 DAGs
[2025-03-10T23:18:34.066+0000] {logging_mixin.py:190} INFO - [2025-03-10T23:18:34.066+0000] {dag.py:4180} INFO - Setting next_dagrun for example_xcom_args to None, run_after=None
[2025-03-10T23:18:34.071+0000] {logging_mixin.py:190} INFO - [2025-03-10T23:18:34.070+0000] {dag.py:4180} INFO - Setting next_dagrun for example_xcom_args_with_operators to None, run_after=None
[2025-03-10T23:18:34.087+0000] {processor.py:208} INFO - Processing /home/airflow/.local/lib/python3.12/site-packages/airflow/example_dags/example_xcomargs.py took 0.093 seconds
[2025-03-10T23:19:04.524+0000] {processor.py:186} INFO - Started process (PID=799) to work on /home/airflow/.local/lib/python3.12/site-packages/airflow/example_dags/example_xcomargs.py
[2025-03-10T23:19:04.525+0000] {processor.py:914} INFO - Processing file /home/airflow/.local/lib/python3.12/site-packages/airflow/example_dags/example_xcomargs.py for tasks to queue
[2025-03-10T23:19:04.527+0000] {logging_mixin.py:190} INFO - [2025-03-10T23:19:04.526+0000] {dagbag.py:588} INFO - Filling up the DagBag from /home/airflow/.local/lib/python3.12/site-packages/airflow/example_dags/example_xcomargs.py
[2025-03-10T23:19:04.539+0000] {processor.py:925} INFO - DAG(s) 'example_xcom_args_with_operators', 'example_xcom_args' retrieved from /home/airflow/.local/lib/python3.12/site-packages/airflow/example_dags/example_xcomargs.py
[2025-03-10T23:19:04.568+0000] {logging_mixin.py:190} INFO - [2025-03-10T23:19:04.567+0000] {dag.py:3239} INFO - Sync 2 DAGs
[2025-03-10T23:19:04.587+0000] {logging_mixin.py:190} INFO - [2025-03-10T23:19:04.587+0000] {dag.py:4180} INFO - Setting next_dagrun for example_xcom_args to None, run_after=None
[2025-03-10T23:19:04.594+0000] {logging_mixin.py:190} INFO - [2025-03-10T23:19:04.593+0000] {dag.py:4180} INFO - Setting next_dagrun for example_xcom_args_with_operators to None, run_after=None
[2025-03-10T23:19:04.611+0000] {processor.py:208} INFO - Processing /home/airflow/.local/lib/python3.12/site-packages/airflow/example_dags/example_xcomargs.py took 0.095 seconds
[2025-03-10T23:27:10.774+0000] {processor.py:186} INFO - Started process (PID=95) to work on /home/airflow/.local/lib/python3.12/site-packages/airflow/example_dags/example_xcomargs.py
[2025-03-10T23:27:10.775+0000] {processor.py:914} INFO - Processing file /home/airflow/.local/lib/python3.12/site-packages/airflow/example_dags/example_xcomargs.py for tasks to queue
[2025-03-10T23:27:10.778+0000] {logging_mixin.py:190} INFO - [2025-03-10T23:27:10.777+0000] {dagbag.py:588} INFO - Filling up the DagBag from /home/airflow/.local/lib/python3.12/site-packages/airflow/example_dags/example_xcomargs.py
[2025-03-10T23:27:10.790+0000] {processor.py:925} INFO - DAG(s) 'example_xcom_args', 'example_xcom_args_with_operators' retrieved from /home/airflow/.local/lib/python3.12/site-packages/airflow/example_dags/example_xcomargs.py
[2025-03-10T23:27:10.823+0000] {logging_mixin.py:190} INFO - [2025-03-10T23:27:10.822+0000] {dag.py:3239} INFO - Sync 2 DAGs
[2025-03-10T23:27:10.845+0000] {logging_mixin.py:190} INFO - [2025-03-10T23:27:10.845+0000] {dag.py:4180} INFO - Setting next_dagrun for example_xcom_args to None, run_after=None
[2025-03-10T23:27:10.850+0000] {logging_mixin.py:190} INFO - [2025-03-10T23:27:10.850+0000] {dag.py:4180} INFO - Setting next_dagrun for example_xcom_args_with_operators to None, run_after=None
[2025-03-10T23:27:10.872+0000] {processor.py:208} INFO - Processing /home/airflow/.local/lib/python3.12/site-packages/airflow/example_dags/example_xcomargs.py took 0.105 seconds
[2025-03-10T23:27:41.894+0000] {processor.py:186} INFO - Started process (PID=158) to work on /home/airflow/.local/lib/python3.12/site-packages/airflow/example_dags/example_xcomargs.py
[2025-03-10T23:27:41.895+0000] {processor.py:914} INFO - Processing file /home/airflow/.local/lib/python3.12/site-packages/airflow/example_dags/example_xcomargs.py for tasks to queue
[2025-03-10T23:27:41.898+0000] {logging_mixin.py:190} INFO - [2025-03-10T23:27:41.897+0000] {dagbag.py:588} INFO - Filling up the DagBag from /home/airflow/.local/lib/python3.12/site-packages/airflow/example_dags/example_xcomargs.py
[2025-03-10T23:27:41.908+0000] {processor.py:925} INFO - DAG(s) 'example_xcom_args', 'example_xcom_args_with_operators' retrieved from /home/airflow/.local/lib/python3.12/site-packages/airflow/example_dags/example_xcomargs.py
[2025-03-10T23:27:41.934+0000] {logging_mixin.py:190} INFO - [2025-03-10T23:27:41.934+0000] {dag.py:3239} INFO - Sync 2 DAGs
[2025-03-10T23:27:41.952+0000] {logging_mixin.py:190} INFO - [2025-03-10T23:27:41.952+0000] {dag.py:4180} INFO - Setting next_dagrun for example_xcom_args to None, run_after=None
[2025-03-10T23:27:41.957+0000] {logging_mixin.py:190} INFO - [2025-03-10T23:27:41.957+0000] {dag.py:4180} INFO - Setting next_dagrun for example_xcom_args_with_operators to None, run_after=None
[2025-03-10T23:27:41.975+0000] {processor.py:208} INFO - Processing /home/airflow/.local/lib/python3.12/site-packages/airflow/example_dags/example_xcomargs.py took 0.087 seconds
[2025-03-10T23:28:12.426+0000] {processor.py:186} INFO - Started process (PID=221) to work on /home/airflow/.local/lib/python3.12/site-packages/airflow/example_dags/example_xcomargs.py
[2025-03-10T23:28:12.426+0000] {processor.py:914} INFO - Processing file /home/airflow/.local/lib/python3.12/site-packages/airflow/example_dags/example_xcomargs.py for tasks to queue
[2025-03-10T23:28:12.429+0000] {logging_mixin.py:190} INFO - [2025-03-10T23:28:12.429+0000] {dagbag.py:588} INFO - Filling up the DagBag from /home/airflow/.local/lib/python3.12/site-packages/airflow/example_dags/example_xcomargs.py
[2025-03-10T23:28:12.439+0000] {processor.py:925} INFO - DAG(s) 'example_xcom_args', 'example_xcom_args_with_operators' retrieved from /home/airflow/.local/lib/python3.12/site-packages/airflow/example_dags/example_xcomargs.py
[2025-03-10T23:28:12.468+0000] {logging_mixin.py:190} INFO - [2025-03-10T23:28:12.468+0000] {dag.py:3239} INFO - Sync 2 DAGs
[2025-03-10T23:28:12.487+0000] {logging_mixin.py:190} INFO - [2025-03-10T23:28:12.487+0000] {dag.py:4180} INFO - Setting next_dagrun for example_xcom_args to None, run_after=None
[2025-03-10T23:28:12.491+0000] {logging_mixin.py:190} INFO - [2025-03-10T23:28:12.491+0000] {dag.py:4180} INFO - Setting next_dagrun for example_xcom_args_with_operators to None, run_after=None
[2025-03-10T23:28:12.509+0000] {processor.py:208} INFO - Processing /home/airflow/.local/lib/python3.12/site-packages/airflow/example_dags/example_xcomargs.py took 0.089 seconds
[2025-03-10T23:28:43.364+0000] {processor.py:186} INFO - Started process (PID=284) to work on /home/airflow/.local/lib/python3.12/site-packages/airflow/example_dags/example_xcomargs.py
[2025-03-10T23:28:43.365+0000] {processor.py:914} INFO - Processing file /home/airflow/.local/lib/python3.12/site-packages/airflow/example_dags/example_xcomargs.py for tasks to queue
[2025-03-10T23:28:43.368+0000] {logging_mixin.py:190} INFO - [2025-03-10T23:28:43.368+0000] {dagbag.py:588} INFO - Filling up the DagBag from /home/airflow/.local/lib/python3.12/site-packages/airflow/example_dags/example_xcomargs.py
[2025-03-10T23:28:43.381+0000] {processor.py:925} INFO - DAG(s) 'example_xcom_args', 'example_xcom_args_with_operators' retrieved from /home/airflow/.local/lib/python3.12/site-packages/airflow/example_dags/example_xcomargs.py
[2025-03-10T23:28:43.417+0000] {logging_mixin.py:190} INFO - [2025-03-10T23:28:43.417+0000] {dag.py:3239} INFO - Sync 2 DAGs
[2025-03-10T23:28:43.439+0000] {logging_mixin.py:190} INFO - [2025-03-10T23:28:43.439+0000] {dag.py:4180} INFO - Setting next_dagrun for example_xcom_args to None, run_after=None
[2025-03-10T23:28:43.445+0000] {logging_mixin.py:190} INFO - [2025-03-10T23:28:43.444+0000] {dag.py:4180} INFO - Setting next_dagrun for example_xcom_args_with_operators to None, run_after=None
[2025-03-10T23:28:43.465+0000] {processor.py:208} INFO - Processing /home/airflow/.local/lib/python3.12/site-packages/airflow/example_dags/example_xcomargs.py took 0.109 seconds
[2025-03-10T23:29:14.522+0000] {processor.py:186} INFO - Started process (PID=347) to work on /home/airflow/.local/lib/python3.12/site-packages/airflow/example_dags/example_xcomargs.py
[2025-03-10T23:29:14.523+0000] {processor.py:914} INFO - Processing file /home/airflow/.local/lib/python3.12/site-packages/airflow/example_dags/example_xcomargs.py for tasks to queue
[2025-03-10T23:29:14.525+0000] {logging_mixin.py:190} INFO - [2025-03-10T23:29:14.525+0000] {dagbag.py:588} INFO - Filling up the DagBag from /home/airflow/.local/lib/python3.12/site-packages/airflow/example_dags/example_xcomargs.py
[2025-03-10T23:29:14.536+0000] {processor.py:925} INFO - DAG(s) 'example_xcom_args', 'example_xcom_args_with_operators' retrieved from /home/airflow/.local/lib/python3.12/site-packages/airflow/example_dags/example_xcomargs.py
[2025-03-10T23:29:14.571+0000] {logging_mixin.py:190} INFO - [2025-03-10T23:29:14.571+0000] {dag.py:3239} INFO - Sync 2 DAGs
[2025-03-10T23:29:14.590+0000] {logging_mixin.py:190} INFO - [2025-03-10T23:29:14.590+0000] {dag.py:4180} INFO - Setting next_dagrun for example_xcom_args to None, run_after=None
[2025-03-10T23:29:14.597+0000] {logging_mixin.py:190} INFO - [2025-03-10T23:29:14.596+0000] {dag.py:4180} INFO - Setting next_dagrun for example_xcom_args_with_operators to None, run_after=None
[2025-03-10T23:29:14.620+0000] {processor.py:208} INFO - Processing /home/airflow/.local/lib/python3.12/site-packages/airflow/example_dags/example_xcomargs.py took 0.105 seconds
[2025-03-10T23:35:21.866+0000] {processor.py:186} INFO - Started process (PID=115) to work on /home/airflow/.local/lib/python3.12/site-packages/airflow/example_dags/example_xcomargs.py
[2025-03-10T23:35:21.870+0000] {processor.py:914} INFO - Processing file /home/airflow/.local/lib/python3.12/site-packages/airflow/example_dags/example_xcomargs.py for tasks to queue
[2025-03-10T23:35:21.886+0000] {logging_mixin.py:190} INFO - [2025-03-10T23:35:21.884+0000] {dagbag.py:588} INFO - Filling up the DagBag from /home/airflow/.local/lib/python3.12/site-packages/airflow/example_dags/example_xcomargs.py
[2025-03-10T23:35:21.954+0000] {processor.py:925} INFO - DAG(s) 'example_xcom_args', 'example_xcom_args_with_operators' retrieved from /home/airflow/.local/lib/python3.12/site-packages/airflow/example_dags/example_xcomargs.py
[2025-03-10T23:35:22.136+0000] {logging_mixin.py:190} INFO - [2025-03-10T23:35:22.135+0000] {dag.py:3239} INFO - Sync 2 DAGs
[2025-03-10T23:35:22.247+0000] {logging_mixin.py:190} INFO - [2025-03-10T23:35:22.246+0000] {dag.py:4180} INFO - Setting next_dagrun for example_xcom_args to None, run_after=None
[2025-03-10T23:35:22.272+0000] {logging_mixin.py:190} INFO - [2025-03-10T23:35:22.271+0000] {dag.py:4180} INFO - Setting next_dagrun for example_xcom_args_with_operators to None, run_after=None
[2025-03-10T23:35:22.372+0000] {processor.py:208} INFO - Processing /home/airflow/.local/lib/python3.12/site-packages/airflow/example_dags/example_xcomargs.py took 0.546 seconds
[2025-03-10T23:35:53.051+0000] {processor.py:186} INFO - Started process (PID=178) to work on /home/airflow/.local/lib/python3.12/site-packages/airflow/example_dags/example_xcomargs.py
[2025-03-10T23:35:53.053+0000] {processor.py:914} INFO - Processing file /home/airflow/.local/lib/python3.12/site-packages/airflow/example_dags/example_xcomargs.py for tasks to queue
[2025-03-10T23:35:53.056+0000] {logging_mixin.py:190} INFO - [2025-03-10T23:35:53.055+0000] {dagbag.py:588} INFO - Filling up the DagBag from /home/airflow/.local/lib/python3.12/site-packages/airflow/example_dags/example_xcomargs.py
[2025-03-10T23:35:53.069+0000] {processor.py:925} INFO - DAG(s) 'example_xcom_args', 'example_xcom_args_with_operators' retrieved from /home/airflow/.local/lib/python3.12/site-packages/airflow/example_dags/example_xcomargs.py
[2025-03-10T23:35:53.105+0000] {logging_mixin.py:190} INFO - [2025-03-10T23:35:53.104+0000] {dag.py:3239} INFO - Sync 2 DAGs
[2025-03-10T23:35:53.132+0000] {logging_mixin.py:190} INFO - [2025-03-10T23:35:53.132+0000] {dag.py:4180} INFO - Setting next_dagrun for example_xcom_args to None, run_after=None
[2025-03-10T23:35:53.137+0000] {logging_mixin.py:190} INFO - [2025-03-10T23:35:53.137+0000] {dag.py:4180} INFO - Setting next_dagrun for example_xcom_args_with_operators to None, run_after=None
[2025-03-10T23:35:53.161+0000] {processor.py:208} INFO - Processing /home/airflow/.local/lib/python3.12/site-packages/airflow/example_dags/example_xcomargs.py took 0.118 seconds
[2025-03-10T23:36:23.325+0000] {processor.py:186} INFO - Started process (PID=241) to work on /home/airflow/.local/lib/python3.12/site-packages/airflow/example_dags/example_xcomargs.py
[2025-03-10T23:36:23.326+0000] {processor.py:914} INFO - Processing file /home/airflow/.local/lib/python3.12/site-packages/airflow/example_dags/example_xcomargs.py for tasks to queue
[2025-03-10T23:36:23.330+0000] {logging_mixin.py:190} INFO - [2025-03-10T23:36:23.330+0000] {dagbag.py:588} INFO - Filling up the DagBag from /home/airflow/.local/lib/python3.12/site-packages/airflow/example_dags/example_xcomargs.py
[2025-03-10T23:36:23.344+0000] {processor.py:925} INFO - DAG(s) 'example_xcom_args_with_operators', 'example_xcom_args' retrieved from /home/airflow/.local/lib/python3.12/site-packages/airflow/example_dags/example_xcomargs.py
[2025-03-10T23:36:23.374+0000] {logging_mixin.py:190} INFO - [2025-03-10T23:36:23.374+0000] {dag.py:3239} INFO - Sync 2 DAGs
[2025-03-10T23:36:23.394+0000] {logging_mixin.py:190} INFO - [2025-03-10T23:36:23.394+0000] {dag.py:4180} INFO - Setting next_dagrun for example_xcom_args to None, run_after=None
[2025-03-10T23:36:23.399+0000] {logging_mixin.py:190} INFO - [2025-03-10T23:36:23.399+0000] {dag.py:4180} INFO - Setting next_dagrun for example_xcom_args_with_operators to None, run_after=None
[2025-03-10T23:36:23.417+0000] {processor.py:208} INFO - Processing /home/airflow/.local/lib/python3.12/site-packages/airflow/example_dags/example_xcomargs.py took 0.101 seconds
[2025-03-10T23:36:53.561+0000] {processor.py:186} INFO - Started process (PID=304) to work on /home/airflow/.local/lib/python3.12/site-packages/airflow/example_dags/example_xcomargs.py
[2025-03-10T23:36:53.563+0000] {processor.py:914} INFO - Processing file /home/airflow/.local/lib/python3.12/site-packages/airflow/example_dags/example_xcomargs.py for tasks to queue
[2025-03-10T23:36:53.566+0000] {logging_mixin.py:190} INFO - [2025-03-10T23:36:53.566+0000] {dagbag.py:588} INFO - Filling up the DagBag from /home/airflow/.local/lib/python3.12/site-packages/airflow/example_dags/example_xcomargs.py
[2025-03-10T23:36:53.580+0000] {processor.py:925} INFO - DAG(s) 'example_xcom_args', 'example_xcom_args_with_operators' retrieved from /home/airflow/.local/lib/python3.12/site-packages/airflow/example_dags/example_xcomargs.py
[2025-03-10T23:36:53.609+0000] {logging_mixin.py:190} INFO - [2025-03-10T23:36:53.609+0000] {dag.py:3239} INFO - Sync 2 DAGs
[2025-03-10T23:36:53.628+0000] {logging_mixin.py:190} INFO - [2025-03-10T23:36:53.628+0000] {dag.py:4180} INFO - Setting next_dagrun for example_xcom_args to None, run_after=None
[2025-03-10T23:36:53.633+0000] {logging_mixin.py:190} INFO - [2025-03-10T23:36:53.632+0000] {dag.py:4180} INFO - Setting next_dagrun for example_xcom_args_with_operators to None, run_after=None
[2025-03-10T23:36:53.650+0000] {processor.py:208} INFO - Processing /home/airflow/.local/lib/python3.12/site-packages/airflow/example_dags/example_xcomargs.py took 0.097 seconds
[2025-03-10T23:37:24.214+0000] {processor.py:186} INFO - Started process (PID=373) to work on /home/airflow/.local/lib/python3.12/site-packages/airflow/example_dags/example_xcomargs.py
[2025-03-10T23:37:24.215+0000] {processor.py:914} INFO - Processing file /home/airflow/.local/lib/python3.12/site-packages/airflow/example_dags/example_xcomargs.py for tasks to queue
[2025-03-10T23:37:24.218+0000] {logging_mixin.py:190} INFO - [2025-03-10T23:37:24.217+0000] {dagbag.py:588} INFO - Filling up the DagBag from /home/airflow/.local/lib/python3.12/site-packages/airflow/example_dags/example_xcomargs.py
[2025-03-10T23:37:24.231+0000] {processor.py:925} INFO - DAG(s) 'example_xcom_args_with_operators', 'example_xcom_args' retrieved from /home/airflow/.local/lib/python3.12/site-packages/airflow/example_dags/example_xcomargs.py
[2025-03-10T23:37:24.262+0000] {logging_mixin.py:190} INFO - [2025-03-10T23:37:24.261+0000] {dag.py:3239} INFO - Sync 2 DAGs
[2025-03-10T23:37:24.286+0000] {logging_mixin.py:190} INFO - [2025-03-10T23:37:24.285+0000] {dag.py:4180} INFO - Setting next_dagrun for example_xcom_args to None, run_after=None
[2025-03-10T23:37:24.290+0000] {logging_mixin.py:190} INFO - [2025-03-10T23:37:24.290+0000] {dag.py:4180} INFO - Setting next_dagrun for example_xcom_args_with_operators to None, run_after=None
[2025-03-10T23:37:24.306+0000] {processor.py:208} INFO - Processing /home/airflow/.local/lib/python3.12/site-packages/airflow/example_dags/example_xcomargs.py took 0.100 seconds
