[2025-03-10T20:30:09.837+0000] {processor.py:186} INFO - Started process (PID=106) to work on /home/airflow/.local/lib/python3.12/site-packages/airflow/example_dags/example_sensor_decorator.py
[2025-03-10T20:30:09.840+0000] {processor.py:914} INFO - Processing file /home/airflow/.local/lib/python3.12/site-packages/airflow/example_dags/example_sensor_decorator.py for tasks to queue
[2025-03-10T20:30:09.849+0000] {logging_mixin.py:190} INFO - [2025-03-10T20:30:09.848+0000] {dagbag.py:588} INFO - Filling up the DagBag from /home/airflow/.local/lib/python3.12/site-packages/airflow/example_dags/example_sensor_decorator.py
[2025-03-10T20:30:09.880+0000] {processor.py:925} INFO - DAG(s) 'example_sensor_decorator' retrieved from /home/airflow/.local/lib/python3.12/site-packages/airflow/example_dags/example_sensor_decorator.py
[2025-03-10T20:30:10.193+0000] {logging_mixin.py:190} INFO - [2025-03-10T20:30:10.190+0000] {override.py:1912} INFO - Created Permission View: can read on DAG:example_sensor_decorator
[2025-03-10T20:30:10.231+0000] {logging_mixin.py:190} INFO - [2025-03-10T20:30:10.229+0000] {override.py:1912} INFO - Created Permission View: can edit on DAG:example_sensor_decorator
[2025-03-10T20:30:10.257+0000] {logging_mixin.py:190} INFO - [2025-03-10T20:30:10.255+0000] {override.py:1912} INFO - Created Permission View: can delete on DAG:example_sensor_decorator
[2025-03-10T20:30:10.286+0000] {logging_mixin.py:190} INFO - [2025-03-10T20:30:10.285+0000] {override.py:1912} INFO - Created Permission View: menu access on DAG Run:example_sensor_decorator
[2025-03-10T20:30:10.318+0000] {logging_mixin.py:190} INFO - [2025-03-10T20:30:10.316+0000] {override.py:1912} INFO - Created Permission View: can read on DAG Run:example_sensor_decorator
[2025-03-10T20:30:10.350+0000] {logging_mixin.py:190} INFO - [2025-03-10T20:30:10.348+0000] {override.py:1912} INFO - Created Permission View: can create on DAG Run:example_sensor_decorator
[2025-03-10T20:30:10.387+0000] {logging_mixin.py:190} INFO - [2025-03-10T20:30:10.385+0000] {override.py:1912} INFO - Created Permission View: can delete on DAG Run:example_sensor_decorator
[2025-03-10T20:30:10.391+0000] {logging_mixin.py:190} INFO - [2025-03-10T20:30:10.390+0000] {dag.py:3239} INFO - Sync 1 DAGs
[2025-03-10T20:30:10.481+0000] {logging_mixin.py:190} INFO - [2025-03-10T20:30:10.480+0000] {dag.py:3262} INFO - Creating ORM DAG for example_sensor_decorator
[2025-03-10T20:30:10.485+0000] {logging_mixin.py:190} INFO - [2025-03-10T20:30:10.484+0000] {dag.py:4180} INFO - Setting next_dagrun for example_sensor_decorator to None, run_after=None
[2025-03-10T20:30:10.600+0000] {processor.py:208} INFO - Processing /home/airflow/.local/lib/python3.12/site-packages/airflow/example_dags/example_sensor_decorator.py took 0.789 seconds
[2025-03-10T20:30:40.935+0000] {processor.py:186} INFO - Started process (PID=169) to work on /home/airflow/.local/lib/python3.12/site-packages/airflow/example_dags/example_sensor_decorator.py
[2025-03-10T20:30:40.936+0000] {processor.py:914} INFO - Processing file /home/airflow/.local/lib/python3.12/site-packages/airflow/example_dags/example_sensor_decorator.py for tasks to queue
[2025-03-10T20:30:40.939+0000] {logging_mixin.py:190} INFO - [2025-03-10T20:30:40.939+0000] {dagbag.py:588} INFO - Filling up the DagBag from /home/airflow/.local/lib/python3.12/site-packages/airflow/example_dags/example_sensor_decorator.py
[2025-03-10T20:30:40.949+0000] {processor.py:925} INFO - DAG(s) 'example_sensor_decorator' retrieved from /home/airflow/.local/lib/python3.12/site-packages/airflow/example_dags/example_sensor_decorator.py
[2025-03-10T20:30:40.972+0000] {logging_mixin.py:190} INFO - [2025-03-10T20:30:40.972+0000] {dag.py:3239} INFO - Sync 1 DAGs
[2025-03-10T20:30:40.991+0000] {logging_mixin.py:190} INFO - [2025-03-10T20:30:40.990+0000] {dag.py:4180} INFO - Setting next_dagrun for example_sensor_decorator to None, run_after=None
[2025-03-10T20:30:41.012+0000] {processor.py:208} INFO - Processing /home/airflow/.local/lib/python3.12/site-packages/airflow/example_dags/example_sensor_decorator.py took 0.086 seconds
[2025-03-10T20:31:12.083+0000] {processor.py:186} INFO - Started process (PID=232) to work on /home/airflow/.local/lib/python3.12/site-packages/airflow/example_dags/example_sensor_decorator.py
[2025-03-10T20:31:12.086+0000] {processor.py:914} INFO - Processing file /home/airflow/.local/lib/python3.12/site-packages/airflow/example_dags/example_sensor_decorator.py for tasks to queue
[2025-03-10T20:31:12.097+0000] {logging_mixin.py:190} INFO - [2025-03-10T20:31:12.096+0000] {dagbag.py:588} INFO - Filling up the DagBag from /home/airflow/.local/lib/python3.12/site-packages/airflow/example_dags/example_sensor_decorator.py
[2025-03-10T20:31:12.128+0000] {processor.py:925} INFO - DAG(s) 'example_sensor_decorator' retrieved from /home/airflow/.local/lib/python3.12/site-packages/airflow/example_dags/example_sensor_decorator.py
[2025-03-10T20:31:12.249+0000] {logging_mixin.py:190} INFO - [2025-03-10T20:31:12.247+0000] {dag.py:3239} INFO - Sync 1 DAGs
[2025-03-10T20:31:12.356+0000] {logging_mixin.py:190} INFO - [2025-03-10T20:31:12.354+0000] {dag.py:4180} INFO - Setting next_dagrun for example_sensor_decorator to None, run_after=None
[2025-03-10T20:31:12.495+0000] {processor.py:208} INFO - Processing /home/airflow/.local/lib/python3.12/site-packages/airflow/example_dags/example_sensor_decorator.py took 0.440 seconds
[2025-03-10T20:31:42.950+0000] {processor.py:186} INFO - Started process (PID=295) to work on /home/airflow/.local/lib/python3.12/site-packages/airflow/example_dags/example_sensor_decorator.py
[2025-03-10T20:31:42.951+0000] {processor.py:914} INFO - Processing file /home/airflow/.local/lib/python3.12/site-packages/airflow/example_dags/example_sensor_decorator.py for tasks to queue
[2025-03-10T20:31:42.954+0000] {logging_mixin.py:190} INFO - [2025-03-10T20:31:42.954+0000] {dagbag.py:588} INFO - Filling up the DagBag from /home/airflow/.local/lib/python3.12/site-packages/airflow/example_dags/example_sensor_decorator.py
[2025-03-10T20:31:42.962+0000] {processor.py:925} INFO - DAG(s) 'example_sensor_decorator' retrieved from /home/airflow/.local/lib/python3.12/site-packages/airflow/example_dags/example_sensor_decorator.py
[2025-03-10T20:31:42.984+0000] {logging_mixin.py:190} INFO - [2025-03-10T20:31:42.984+0000] {dag.py:3239} INFO - Sync 1 DAGs
[2025-03-10T20:31:43.002+0000] {logging_mixin.py:190} INFO - [2025-03-10T20:31:43.001+0000] {dag.py:4180} INFO - Setting next_dagrun for example_sensor_decorator to None, run_after=None
[2025-03-10T20:31:43.021+0000] {processor.py:208} INFO - Processing /home/airflow/.local/lib/python3.12/site-packages/airflow/example_dags/example_sensor_decorator.py took 0.078 seconds
[2025-03-10T20:32:13.229+0000] {processor.py:186} INFO - Started process (PID=357) to work on /home/airflow/.local/lib/python3.12/site-packages/airflow/example_dags/example_sensor_decorator.py
[2025-03-10T20:32:13.230+0000] {processor.py:914} INFO - Processing file /home/airflow/.local/lib/python3.12/site-packages/airflow/example_dags/example_sensor_decorator.py for tasks to queue
[2025-03-10T20:32:13.232+0000] {logging_mixin.py:190} INFO - [2025-03-10T20:32:13.232+0000] {dagbag.py:588} INFO - Filling up the DagBag from /home/airflow/.local/lib/python3.12/site-packages/airflow/example_dags/example_sensor_decorator.py
[2025-03-10T20:32:13.241+0000] {processor.py:925} INFO - DAG(s) 'example_sensor_decorator' retrieved from /home/airflow/.local/lib/python3.12/site-packages/airflow/example_dags/example_sensor_decorator.py
[2025-03-10T20:32:13.264+0000] {logging_mixin.py:190} INFO - [2025-03-10T20:32:13.263+0000] {dag.py:3239} INFO - Sync 1 DAGs
[2025-03-10T20:32:13.281+0000] {logging_mixin.py:190} INFO - [2025-03-10T20:32:13.281+0000] {dag.py:4180} INFO - Setting next_dagrun for example_sensor_decorator to None, run_after=None
[2025-03-10T20:32:13.302+0000] {processor.py:208} INFO - Processing /home/airflow/.local/lib/python3.12/site-packages/airflow/example_dags/example_sensor_decorator.py took 0.080 seconds
[2025-03-10T20:32:43.632+0000] {processor.py:186} INFO - Started process (PID=420) to work on /home/airflow/.local/lib/python3.12/site-packages/airflow/example_dags/example_sensor_decorator.py
[2025-03-10T20:32:43.633+0000] {processor.py:914} INFO - Processing file /home/airflow/.local/lib/python3.12/site-packages/airflow/example_dags/example_sensor_decorator.py for tasks to queue
[2025-03-10T20:32:43.635+0000] {logging_mixin.py:190} INFO - [2025-03-10T20:32:43.635+0000] {dagbag.py:588} INFO - Filling up the DagBag from /home/airflow/.local/lib/python3.12/site-packages/airflow/example_dags/example_sensor_decorator.py
[2025-03-10T20:32:43.645+0000] {processor.py:925} INFO - DAG(s) 'example_sensor_decorator' retrieved from /home/airflow/.local/lib/python3.12/site-packages/airflow/example_dags/example_sensor_decorator.py
[2025-03-10T20:32:43.668+0000] {logging_mixin.py:190} INFO - [2025-03-10T20:32:43.667+0000] {dag.py:3239} INFO - Sync 1 DAGs
[2025-03-10T20:32:43.685+0000] {logging_mixin.py:190} INFO - [2025-03-10T20:32:43.685+0000] {dag.py:4180} INFO - Setting next_dagrun for example_sensor_decorator to None, run_after=None
[2025-03-10T20:32:43.705+0000] {processor.py:208} INFO - Processing /home/airflow/.local/lib/python3.12/site-packages/airflow/example_dags/example_sensor_decorator.py took 0.082 seconds
[2025-03-10T20:33:13.917+0000] {processor.py:186} INFO - Started process (PID=483) to work on /home/airflow/.local/lib/python3.12/site-packages/airflow/example_dags/example_sensor_decorator.py
[2025-03-10T20:33:13.917+0000] {processor.py:914} INFO - Processing file /home/airflow/.local/lib/python3.12/site-packages/airflow/example_dags/example_sensor_decorator.py for tasks to queue
[2025-03-10T20:33:13.920+0000] {logging_mixin.py:190} INFO - [2025-03-10T20:33:13.920+0000] {dagbag.py:588} INFO - Filling up the DagBag from /home/airflow/.local/lib/python3.12/site-packages/airflow/example_dags/example_sensor_decorator.py
[2025-03-10T20:33:13.928+0000] {processor.py:925} INFO - DAG(s) 'example_sensor_decorator' retrieved from /home/airflow/.local/lib/python3.12/site-packages/airflow/example_dags/example_sensor_decorator.py
[2025-03-10T20:33:13.952+0000] {logging_mixin.py:190} INFO - [2025-03-10T20:33:13.951+0000] {dag.py:3239} INFO - Sync 1 DAGs
[2025-03-10T20:33:13.969+0000] {logging_mixin.py:190} INFO - [2025-03-10T20:33:13.969+0000] {dag.py:4180} INFO - Setting next_dagrun for example_sensor_decorator to None, run_after=None
[2025-03-10T20:33:13.988+0000] {processor.py:208} INFO - Processing /home/airflow/.local/lib/python3.12/site-packages/airflow/example_dags/example_sensor_decorator.py took 0.080 seconds
[2025-03-10T20:33:44.577+0000] {processor.py:186} INFO - Started process (PID=546) to work on /home/airflow/.local/lib/python3.12/site-packages/airflow/example_dags/example_sensor_decorator.py
[2025-03-10T20:33:44.578+0000] {processor.py:914} INFO - Processing file /home/airflow/.local/lib/python3.12/site-packages/airflow/example_dags/example_sensor_decorator.py for tasks to queue
[2025-03-10T20:33:44.581+0000] {logging_mixin.py:190} INFO - [2025-03-10T20:33:44.581+0000] {dagbag.py:588} INFO - Filling up the DagBag from /home/airflow/.local/lib/python3.12/site-packages/airflow/example_dags/example_sensor_decorator.py
[2025-03-10T20:33:44.589+0000] {processor.py:925} INFO - DAG(s) 'example_sensor_decorator' retrieved from /home/airflow/.local/lib/python3.12/site-packages/airflow/example_dags/example_sensor_decorator.py
[2025-03-10T20:33:44.612+0000] {logging_mixin.py:190} INFO - [2025-03-10T20:33:44.612+0000] {dag.py:3239} INFO - Sync 1 DAGs
[2025-03-10T20:33:44.630+0000] {logging_mixin.py:190} INFO - [2025-03-10T20:33:44.629+0000] {dag.py:4180} INFO - Setting next_dagrun for example_sensor_decorator to None, run_after=None
[2025-03-10T20:33:44.649+0000] {processor.py:208} INFO - Processing /home/airflow/.local/lib/python3.12/site-packages/airflow/example_dags/example_sensor_decorator.py took 0.081 seconds
[2025-03-10T20:34:15.956+0000] {processor.py:186} INFO - Started process (PID=609) to work on /home/airflow/.local/lib/python3.12/site-packages/airflow/example_dags/example_sensor_decorator.py
[2025-03-10T20:34:15.957+0000] {processor.py:914} INFO - Processing file /home/airflow/.local/lib/python3.12/site-packages/airflow/example_dags/example_sensor_decorator.py for tasks to queue
[2025-03-10T20:34:15.960+0000] {logging_mixin.py:190} INFO - [2025-03-10T20:34:15.960+0000] {dagbag.py:588} INFO - Filling up the DagBag from /home/airflow/.local/lib/python3.12/site-packages/airflow/example_dags/example_sensor_decorator.py
[2025-03-10T20:34:15.969+0000] {processor.py:925} INFO - DAG(s) 'example_sensor_decorator' retrieved from /home/airflow/.local/lib/python3.12/site-packages/airflow/example_dags/example_sensor_decorator.py
[2025-03-10T20:34:15.993+0000] {logging_mixin.py:190} INFO - [2025-03-10T20:34:15.993+0000] {dag.py:3239} INFO - Sync 1 DAGs
[2025-03-10T20:34:16.012+0000] {logging_mixin.py:190} INFO - [2025-03-10T20:34:16.012+0000] {dag.py:4180} INFO - Setting next_dagrun for example_sensor_decorator to None, run_after=None
[2025-03-10T20:34:16.035+0000] {processor.py:208} INFO - Processing /home/airflow/.local/lib/python3.12/site-packages/airflow/example_dags/example_sensor_decorator.py took 0.086 seconds
[2025-03-10T20:34:47.394+0000] {processor.py:186} INFO - Started process (PID=672) to work on /home/airflow/.local/lib/python3.12/site-packages/airflow/example_dags/example_sensor_decorator.py
[2025-03-10T20:34:47.395+0000] {processor.py:914} INFO - Processing file /home/airflow/.local/lib/python3.12/site-packages/airflow/example_dags/example_sensor_decorator.py for tasks to queue
[2025-03-10T20:34:47.398+0000] {logging_mixin.py:190} INFO - [2025-03-10T20:34:47.398+0000] {dagbag.py:588} INFO - Filling up the DagBag from /home/airflow/.local/lib/python3.12/site-packages/airflow/example_dags/example_sensor_decorator.py
[2025-03-10T20:34:47.406+0000] {processor.py:925} INFO - DAG(s) 'example_sensor_decorator' retrieved from /home/airflow/.local/lib/python3.12/site-packages/airflow/example_dags/example_sensor_decorator.py
[2025-03-10T20:34:47.430+0000] {logging_mixin.py:190} INFO - [2025-03-10T20:34:47.429+0000] {dag.py:3239} INFO - Sync 1 DAGs
[2025-03-10T20:34:47.449+0000] {logging_mixin.py:190} INFO - [2025-03-10T20:34:47.449+0000] {dag.py:4180} INFO - Setting next_dagrun for example_sensor_decorator to None, run_after=None
[2025-03-10T20:34:47.476+0000] {processor.py:208} INFO - Processing /home/airflow/.local/lib/python3.12/site-packages/airflow/example_dags/example_sensor_decorator.py took 0.089 seconds
[2025-03-10T20:35:18.641+0000] {processor.py:186} INFO - Started process (PID=735) to work on /home/airflow/.local/lib/python3.12/site-packages/airflow/example_dags/example_sensor_decorator.py
[2025-03-10T20:35:18.642+0000] {processor.py:914} INFO - Processing file /home/airflow/.local/lib/python3.12/site-packages/airflow/example_dags/example_sensor_decorator.py for tasks to queue
[2025-03-10T20:35:18.645+0000] {logging_mixin.py:190} INFO - [2025-03-10T20:35:18.645+0000] {dagbag.py:588} INFO - Filling up the DagBag from /home/airflow/.local/lib/python3.12/site-packages/airflow/example_dags/example_sensor_decorator.py
[2025-03-10T20:35:18.653+0000] {processor.py:925} INFO - DAG(s) 'example_sensor_decorator' retrieved from /home/airflow/.local/lib/python3.12/site-packages/airflow/example_dags/example_sensor_decorator.py
[2025-03-10T20:35:18.677+0000] {logging_mixin.py:190} INFO - [2025-03-10T20:35:18.676+0000] {dag.py:3239} INFO - Sync 1 DAGs
[2025-03-10T20:35:18.695+0000] {logging_mixin.py:190} INFO - [2025-03-10T20:35:18.695+0000] {dag.py:4180} INFO - Setting next_dagrun for example_sensor_decorator to None, run_after=None
[2025-03-10T20:35:18.716+0000] {processor.py:208} INFO - Processing /home/airflow/.local/lib/python3.12/site-packages/airflow/example_dags/example_sensor_decorator.py took 0.081 seconds
[2025-03-10T20:35:49.854+0000] {processor.py:186} INFO - Started process (PID=798) to work on /home/airflow/.local/lib/python3.12/site-packages/airflow/example_dags/example_sensor_decorator.py
[2025-03-10T20:35:49.855+0000] {processor.py:914} INFO - Processing file /home/airflow/.local/lib/python3.12/site-packages/airflow/example_dags/example_sensor_decorator.py for tasks to queue
[2025-03-10T20:35:49.858+0000] {logging_mixin.py:190} INFO - [2025-03-10T20:35:49.858+0000] {dagbag.py:588} INFO - Filling up the DagBag from /home/airflow/.local/lib/python3.12/site-packages/airflow/example_dags/example_sensor_decorator.py
[2025-03-10T20:35:49.867+0000] {processor.py:925} INFO - DAG(s) 'example_sensor_decorator' retrieved from /home/airflow/.local/lib/python3.12/site-packages/airflow/example_dags/example_sensor_decorator.py
[2025-03-10T20:35:49.893+0000] {logging_mixin.py:190} INFO - [2025-03-10T20:35:49.893+0000] {dag.py:3239} INFO - Sync 1 DAGs
[2025-03-10T20:35:49.914+0000] {logging_mixin.py:190} INFO - [2025-03-10T20:35:49.914+0000] {dag.py:4180} INFO - Setting next_dagrun for example_sensor_decorator to None, run_after=None
[2025-03-10T20:35:49.936+0000] {processor.py:208} INFO - Processing /home/airflow/.local/lib/python3.12/site-packages/airflow/example_dags/example_sensor_decorator.py took 0.090 seconds
[2025-03-10T20:36:21.059+0000] {processor.py:186} INFO - Started process (PID=861) to work on /home/airflow/.local/lib/python3.12/site-packages/airflow/example_dags/example_sensor_decorator.py
[2025-03-10T20:36:21.060+0000] {processor.py:914} INFO - Processing file /home/airflow/.local/lib/python3.12/site-packages/airflow/example_dags/example_sensor_decorator.py for tasks to queue
[2025-03-10T20:36:21.063+0000] {logging_mixin.py:190} INFO - [2025-03-10T20:36:21.062+0000] {dagbag.py:588} INFO - Filling up the DagBag from /home/airflow/.local/lib/python3.12/site-packages/airflow/example_dags/example_sensor_decorator.py
[2025-03-10T20:36:21.072+0000] {processor.py:925} INFO - DAG(s) 'example_sensor_decorator' retrieved from /home/airflow/.local/lib/python3.12/site-packages/airflow/example_dags/example_sensor_decorator.py
[2025-03-10T20:36:21.096+0000] {logging_mixin.py:190} INFO - [2025-03-10T20:36:21.095+0000] {dag.py:3239} INFO - Sync 1 DAGs
[2025-03-10T20:36:21.113+0000] {logging_mixin.py:190} INFO - [2025-03-10T20:36:21.113+0000] {dag.py:4180} INFO - Setting next_dagrun for example_sensor_decorator to None, run_after=None
[2025-03-10T20:36:21.135+0000] {processor.py:208} INFO - Processing /home/airflow/.local/lib/python3.12/site-packages/airflow/example_dags/example_sensor_decorator.py took 0.085 seconds
[2025-03-10T20:36:51.706+0000] {processor.py:186} INFO - Started process (PID=924) to work on /home/airflow/.local/lib/python3.12/site-packages/airflow/example_dags/example_sensor_decorator.py
[2025-03-10T20:36:51.707+0000] {processor.py:914} INFO - Processing file /home/airflow/.local/lib/python3.12/site-packages/airflow/example_dags/example_sensor_decorator.py for tasks to queue
[2025-03-10T20:36:51.710+0000] {logging_mixin.py:190} INFO - [2025-03-10T20:36:51.710+0000] {dagbag.py:588} INFO - Filling up the DagBag from /home/airflow/.local/lib/python3.12/site-packages/airflow/example_dags/example_sensor_decorator.py
[2025-03-10T20:36:51.719+0000] {processor.py:925} INFO - DAG(s) 'example_sensor_decorator' retrieved from /home/airflow/.local/lib/python3.12/site-packages/airflow/example_dags/example_sensor_decorator.py
[2025-03-10T20:36:51.742+0000] {logging_mixin.py:190} INFO - [2025-03-10T20:36:51.742+0000] {dag.py:3239} INFO - Sync 1 DAGs
[2025-03-10T20:36:51.760+0000] {logging_mixin.py:190} INFO - [2025-03-10T20:36:51.760+0000] {dag.py:4180} INFO - Setting next_dagrun for example_sensor_decorator to None, run_after=None
[2025-03-10T20:36:51.781+0000] {processor.py:208} INFO - Processing /home/airflow/.local/lib/python3.12/site-packages/airflow/example_dags/example_sensor_decorator.py took 0.083 seconds
[2025-03-10T20:37:23.058+0000] {processor.py:186} INFO - Started process (PID=988) to work on /home/airflow/.local/lib/python3.12/site-packages/airflow/example_dags/example_sensor_decorator.py
[2025-03-10T20:37:23.059+0000] {processor.py:914} INFO - Processing file /home/airflow/.local/lib/python3.12/site-packages/airflow/example_dags/example_sensor_decorator.py for tasks to queue
[2025-03-10T20:37:23.062+0000] {logging_mixin.py:190} INFO - [2025-03-10T20:37:23.061+0000] {dagbag.py:588} INFO - Filling up the DagBag from /home/airflow/.local/lib/python3.12/site-packages/airflow/example_dags/example_sensor_decorator.py
[2025-03-10T20:37:23.070+0000] {processor.py:925} INFO - DAG(s) 'example_sensor_decorator' retrieved from /home/airflow/.local/lib/python3.12/site-packages/airflow/example_dags/example_sensor_decorator.py
[2025-03-10T20:37:23.095+0000] {logging_mixin.py:190} INFO - [2025-03-10T20:37:23.095+0000] {dag.py:3239} INFO - Sync 1 DAGs
[2025-03-10T20:37:23.114+0000] {logging_mixin.py:190} INFO - [2025-03-10T20:37:23.113+0000] {dag.py:4180} INFO - Setting next_dagrun for example_sensor_decorator to None, run_after=None
[2025-03-10T20:37:23.134+0000] {processor.py:208} INFO - Processing /home/airflow/.local/lib/python3.12/site-packages/airflow/example_dags/example_sensor_decorator.py took 0.083 seconds
[2025-03-10T20:37:54.548+0000] {processor.py:186} INFO - Started process (PID=1051) to work on /home/airflow/.local/lib/python3.12/site-packages/airflow/example_dags/example_sensor_decorator.py
[2025-03-10T20:37:54.549+0000] {processor.py:914} INFO - Processing file /home/airflow/.local/lib/python3.12/site-packages/airflow/example_dags/example_sensor_decorator.py for tasks to queue
[2025-03-10T20:37:54.552+0000] {logging_mixin.py:190} INFO - [2025-03-10T20:37:54.551+0000] {dagbag.py:588} INFO - Filling up the DagBag from /home/airflow/.local/lib/python3.12/site-packages/airflow/example_dags/example_sensor_decorator.py
[2025-03-10T20:37:54.560+0000] {processor.py:925} INFO - DAG(s) 'example_sensor_decorator' retrieved from /home/airflow/.local/lib/python3.12/site-packages/airflow/example_dags/example_sensor_decorator.py
[2025-03-10T20:37:54.584+0000] {logging_mixin.py:190} INFO - [2025-03-10T20:37:54.584+0000] {dag.py:3239} INFO - Sync 1 DAGs
[2025-03-10T20:37:54.603+0000] {logging_mixin.py:190} INFO - [2025-03-10T20:37:54.602+0000] {dag.py:4180} INFO - Setting next_dagrun for example_sensor_decorator to None, run_after=None
[2025-03-10T20:37:54.623+0000] {processor.py:208} INFO - Processing /home/airflow/.local/lib/python3.12/site-packages/airflow/example_dags/example_sensor_decorator.py took 0.083 seconds
[2025-03-10T20:38:25.857+0000] {processor.py:186} INFO - Started process (PID=1114) to work on /home/airflow/.local/lib/python3.12/site-packages/airflow/example_dags/example_sensor_decorator.py
[2025-03-10T20:38:25.858+0000] {processor.py:914} INFO - Processing file /home/airflow/.local/lib/python3.12/site-packages/airflow/example_dags/example_sensor_decorator.py for tasks to queue
[2025-03-10T20:38:25.861+0000] {logging_mixin.py:190} INFO - [2025-03-10T20:38:25.861+0000] {dagbag.py:588} INFO - Filling up the DagBag from /home/airflow/.local/lib/python3.12/site-packages/airflow/example_dags/example_sensor_decorator.py
[2025-03-10T20:38:25.870+0000] {processor.py:925} INFO - DAG(s) 'example_sensor_decorator' retrieved from /home/airflow/.local/lib/python3.12/site-packages/airflow/example_dags/example_sensor_decorator.py
[2025-03-10T20:38:25.901+0000] {logging_mixin.py:190} INFO - [2025-03-10T20:38:25.901+0000] {dag.py:3239} INFO - Sync 1 DAGs
[2025-03-10T20:38:25.922+0000] {logging_mixin.py:190} INFO - [2025-03-10T20:38:25.922+0000] {dag.py:4180} INFO - Setting next_dagrun for example_sensor_decorator to None, run_after=None
[2025-03-10T20:38:25.947+0000] {processor.py:208} INFO - Processing /home/airflow/.local/lib/python3.12/site-packages/airflow/example_dags/example_sensor_decorator.py took 0.096 seconds
[2025-03-10T20:38:56.415+0000] {processor.py:186} INFO - Started process (PID=1177) to work on /home/airflow/.local/lib/python3.12/site-packages/airflow/example_dags/example_sensor_decorator.py
[2025-03-10T20:38:56.416+0000] {processor.py:914} INFO - Processing file /home/airflow/.local/lib/python3.12/site-packages/airflow/example_dags/example_sensor_decorator.py for tasks to queue
[2025-03-10T20:38:56.419+0000] {logging_mixin.py:190} INFO - [2025-03-10T20:38:56.419+0000] {dagbag.py:588} INFO - Filling up the DagBag from /home/airflow/.local/lib/python3.12/site-packages/airflow/example_dags/example_sensor_decorator.py
[2025-03-10T20:38:56.427+0000] {processor.py:925} INFO - DAG(s) 'example_sensor_decorator' retrieved from /home/airflow/.local/lib/python3.12/site-packages/airflow/example_dags/example_sensor_decorator.py
[2025-03-10T20:38:56.451+0000] {logging_mixin.py:190} INFO - [2025-03-10T20:38:56.451+0000] {dag.py:3239} INFO - Sync 1 DAGs
[2025-03-10T20:38:56.469+0000] {logging_mixin.py:190} INFO - [2025-03-10T20:38:56.469+0000] {dag.py:4180} INFO - Setting next_dagrun for example_sensor_decorator to None, run_after=None
[2025-03-10T20:38:56.493+0000] {processor.py:208} INFO - Processing /home/airflow/.local/lib/python3.12/site-packages/airflow/example_dags/example_sensor_decorator.py took 0.085 seconds
[2025-03-10T20:39:27.472+0000] {processor.py:186} INFO - Started process (PID=1240) to work on /home/airflow/.local/lib/python3.12/site-packages/airflow/example_dags/example_sensor_decorator.py
[2025-03-10T20:39:27.473+0000] {processor.py:914} INFO - Processing file /home/airflow/.local/lib/python3.12/site-packages/airflow/example_dags/example_sensor_decorator.py for tasks to queue
[2025-03-10T20:39:27.476+0000] {logging_mixin.py:190} INFO - [2025-03-10T20:39:27.476+0000] {dagbag.py:588} INFO - Filling up the DagBag from /home/airflow/.local/lib/python3.12/site-packages/airflow/example_dags/example_sensor_decorator.py
[2025-03-10T20:39:27.484+0000] {processor.py:925} INFO - DAG(s) 'example_sensor_decorator' retrieved from /home/airflow/.local/lib/python3.12/site-packages/airflow/example_dags/example_sensor_decorator.py
[2025-03-10T20:39:27.508+0000] {logging_mixin.py:190} INFO - [2025-03-10T20:39:27.508+0000] {dag.py:3239} INFO - Sync 1 DAGs
[2025-03-10T20:39:27.526+0000] {logging_mixin.py:190} INFO - [2025-03-10T20:39:27.526+0000] {dag.py:4180} INFO - Setting next_dagrun for example_sensor_decorator to None, run_after=None
[2025-03-10T20:39:27.547+0000] {processor.py:208} INFO - Processing /home/airflow/.local/lib/python3.12/site-packages/airflow/example_dags/example_sensor_decorator.py took 0.084 seconds
[2025-03-10T20:39:58.137+0000] {processor.py:186} INFO - Started process (PID=1303) to work on /home/airflow/.local/lib/python3.12/site-packages/airflow/example_dags/example_sensor_decorator.py
[2025-03-10T20:39:58.138+0000] {processor.py:914} INFO - Processing file /home/airflow/.local/lib/python3.12/site-packages/airflow/example_dags/example_sensor_decorator.py for tasks to queue
[2025-03-10T20:39:58.141+0000] {logging_mixin.py:190} INFO - [2025-03-10T20:39:58.140+0000] {dagbag.py:588} INFO - Filling up the DagBag from /home/airflow/.local/lib/python3.12/site-packages/airflow/example_dags/example_sensor_decorator.py
[2025-03-10T20:39:58.149+0000] {processor.py:925} INFO - DAG(s) 'example_sensor_decorator' retrieved from /home/airflow/.local/lib/python3.12/site-packages/airflow/example_dags/example_sensor_decorator.py
[2025-03-10T20:39:58.172+0000] {logging_mixin.py:190} INFO - [2025-03-10T20:39:58.171+0000] {dag.py:3239} INFO - Sync 1 DAGs
[2025-03-10T20:39:58.189+0000] {logging_mixin.py:190} INFO - [2025-03-10T20:39:58.189+0000] {dag.py:4180} INFO - Setting next_dagrun for example_sensor_decorator to None, run_after=None
[2025-03-10T20:39:58.212+0000] {processor.py:208} INFO - Processing /home/airflow/.local/lib/python3.12/site-packages/airflow/example_dags/example_sensor_decorator.py took 0.082 seconds
[2025-03-10T20:40:29.181+0000] {processor.py:186} INFO - Started process (PID=1366) to work on /home/airflow/.local/lib/python3.12/site-packages/airflow/example_dags/example_sensor_decorator.py
[2025-03-10T20:40:29.182+0000] {processor.py:914} INFO - Processing file /home/airflow/.local/lib/python3.12/site-packages/airflow/example_dags/example_sensor_decorator.py for tasks to queue
[2025-03-10T20:40:29.184+0000] {logging_mixin.py:190} INFO - [2025-03-10T20:40:29.184+0000] {dagbag.py:588} INFO - Filling up the DagBag from /home/airflow/.local/lib/python3.12/site-packages/airflow/example_dags/example_sensor_decorator.py
[2025-03-10T20:40:29.193+0000] {processor.py:925} INFO - DAG(s) 'example_sensor_decorator' retrieved from /home/airflow/.local/lib/python3.12/site-packages/airflow/example_dags/example_sensor_decorator.py
[2025-03-10T20:40:29.216+0000] {logging_mixin.py:190} INFO - [2025-03-10T20:40:29.216+0000] {dag.py:3239} INFO - Sync 1 DAGs
[2025-03-10T20:40:29.233+0000] {logging_mixin.py:190} INFO - [2025-03-10T20:40:29.233+0000] {dag.py:4180} INFO - Setting next_dagrun for example_sensor_decorator to None, run_after=None
[2025-03-10T20:40:29.254+0000] {processor.py:208} INFO - Processing /home/airflow/.local/lib/python3.12/site-packages/airflow/example_dags/example_sensor_decorator.py took 0.080 seconds
[2025-03-10T20:41:00.556+0000] {processor.py:186} INFO - Started process (PID=1429) to work on /home/airflow/.local/lib/python3.12/site-packages/airflow/example_dags/example_sensor_decorator.py
[2025-03-10T20:41:00.557+0000] {processor.py:914} INFO - Processing file /home/airflow/.local/lib/python3.12/site-packages/airflow/example_dags/example_sensor_decorator.py for tasks to queue
[2025-03-10T20:41:00.561+0000] {logging_mixin.py:190} INFO - [2025-03-10T20:41:00.560+0000] {dagbag.py:588} INFO - Filling up the DagBag from /home/airflow/.local/lib/python3.12/site-packages/airflow/example_dags/example_sensor_decorator.py
[2025-03-10T20:41:00.572+0000] {processor.py:925} INFO - DAG(s) 'example_sensor_decorator' retrieved from /home/airflow/.local/lib/python3.12/site-packages/airflow/example_dags/example_sensor_decorator.py
[2025-03-10T20:41:00.600+0000] {logging_mixin.py:190} INFO - [2025-03-10T20:41:00.600+0000] {dag.py:3239} INFO - Sync 1 DAGs
[2025-03-10T20:41:00.621+0000] {logging_mixin.py:190} INFO - [2025-03-10T20:41:00.620+0000] {dag.py:4180} INFO - Setting next_dagrun for example_sensor_decorator to None, run_after=None
[2025-03-10T20:41:00.645+0000] {processor.py:208} INFO - Processing /home/airflow/.local/lib/python3.12/site-packages/airflow/example_dags/example_sensor_decorator.py took 0.099 seconds
[2025-03-10T20:41:31.266+0000] {processor.py:186} INFO - Started process (PID=1492) to work on /home/airflow/.local/lib/python3.12/site-packages/airflow/example_dags/example_sensor_decorator.py
[2025-03-10T20:41:31.267+0000] {processor.py:914} INFO - Processing file /home/airflow/.local/lib/python3.12/site-packages/airflow/example_dags/example_sensor_decorator.py for tasks to queue
[2025-03-10T20:41:31.269+0000] {logging_mixin.py:190} INFO - [2025-03-10T20:41:31.269+0000] {dagbag.py:588} INFO - Filling up the DagBag from /home/airflow/.local/lib/python3.12/site-packages/airflow/example_dags/example_sensor_decorator.py
[2025-03-10T20:41:31.278+0000] {processor.py:925} INFO - DAG(s) 'example_sensor_decorator' retrieved from /home/airflow/.local/lib/python3.12/site-packages/airflow/example_dags/example_sensor_decorator.py
[2025-03-10T20:41:31.307+0000] {logging_mixin.py:190} INFO - [2025-03-10T20:41:31.306+0000] {dag.py:3239} INFO - Sync 1 DAGs
[2025-03-10T20:41:31.330+0000] {logging_mixin.py:190} INFO - [2025-03-10T20:41:31.330+0000] {dag.py:4180} INFO - Setting next_dagrun for example_sensor_decorator to None, run_after=None
[2025-03-10T20:41:31.350+0000] {processor.py:208} INFO - Processing /home/airflow/.local/lib/python3.12/site-packages/airflow/example_dags/example_sensor_decorator.py took 0.092 seconds
[2025-03-10T20:42:01.969+0000] {processor.py:186} INFO - Started process (PID=1555) to work on /home/airflow/.local/lib/python3.12/site-packages/airflow/example_dags/example_sensor_decorator.py
[2025-03-10T20:42:01.970+0000] {processor.py:914} INFO - Processing file /home/airflow/.local/lib/python3.12/site-packages/airflow/example_dags/example_sensor_decorator.py for tasks to queue
[2025-03-10T20:42:01.973+0000] {logging_mixin.py:190} INFO - [2025-03-10T20:42:01.973+0000] {dagbag.py:588} INFO - Filling up the DagBag from /home/airflow/.local/lib/python3.12/site-packages/airflow/example_dags/example_sensor_decorator.py
[2025-03-10T20:42:01.982+0000] {processor.py:925} INFO - DAG(s) 'example_sensor_decorator' retrieved from /home/airflow/.local/lib/python3.12/site-packages/airflow/example_dags/example_sensor_decorator.py
[2025-03-10T20:42:02.006+0000] {logging_mixin.py:190} INFO - [2025-03-10T20:42:02.006+0000] {dag.py:3239} INFO - Sync 1 DAGs
[2025-03-10T20:42:02.026+0000] {logging_mixin.py:190} INFO - [2025-03-10T20:42:02.026+0000] {dag.py:4180} INFO - Setting next_dagrun for example_sensor_decorator to None, run_after=None
[2025-03-10T20:42:02.051+0000] {processor.py:208} INFO - Processing /home/airflow/.local/lib/python3.12/site-packages/airflow/example_dags/example_sensor_decorator.py took 0.089 seconds
[2025-03-10T20:42:33.120+0000] {processor.py:186} INFO - Started process (PID=1618) to work on /home/airflow/.local/lib/python3.12/site-packages/airflow/example_dags/example_sensor_decorator.py
[2025-03-10T20:42:33.121+0000] {processor.py:914} INFO - Processing file /home/airflow/.local/lib/python3.12/site-packages/airflow/example_dags/example_sensor_decorator.py for tasks to queue
[2025-03-10T20:42:33.124+0000] {logging_mixin.py:190} INFO - [2025-03-10T20:42:33.123+0000] {dagbag.py:588} INFO - Filling up the DagBag from /home/airflow/.local/lib/python3.12/site-packages/airflow/example_dags/example_sensor_decorator.py
[2025-03-10T20:42:33.132+0000] {processor.py:925} INFO - DAG(s) 'example_sensor_decorator' retrieved from /home/airflow/.local/lib/python3.12/site-packages/airflow/example_dags/example_sensor_decorator.py
[2025-03-10T20:42:33.155+0000] {logging_mixin.py:190} INFO - [2025-03-10T20:42:33.154+0000] {dag.py:3239} INFO - Sync 1 DAGs
[2025-03-10T20:42:33.174+0000] {logging_mixin.py:190} INFO - [2025-03-10T20:42:33.174+0000] {dag.py:4180} INFO - Setting next_dagrun for example_sensor_decorator to None, run_after=None
[2025-03-10T20:42:33.198+0000] {processor.py:208} INFO - Processing /home/airflow/.local/lib/python3.12/site-packages/airflow/example_dags/example_sensor_decorator.py took 0.084 seconds
[2025-03-10T20:43:04.232+0000] {processor.py:186} INFO - Started process (PID=1681) to work on /home/airflow/.local/lib/python3.12/site-packages/airflow/example_dags/example_sensor_decorator.py
[2025-03-10T20:43:04.233+0000] {processor.py:914} INFO - Processing file /home/airflow/.local/lib/python3.12/site-packages/airflow/example_dags/example_sensor_decorator.py for tasks to queue
[2025-03-10T20:43:04.236+0000] {logging_mixin.py:190} INFO - [2025-03-10T20:43:04.235+0000] {dagbag.py:588} INFO - Filling up the DagBag from /home/airflow/.local/lib/python3.12/site-packages/airflow/example_dags/example_sensor_decorator.py
[2025-03-10T20:43:04.244+0000] {processor.py:925} INFO - DAG(s) 'example_sensor_decorator' retrieved from /home/airflow/.local/lib/python3.12/site-packages/airflow/example_dags/example_sensor_decorator.py
[2025-03-10T20:43:04.268+0000] {logging_mixin.py:190} INFO - [2025-03-10T20:43:04.268+0000] {dag.py:3239} INFO - Sync 1 DAGs
[2025-03-10T20:43:04.286+0000] {logging_mixin.py:190} INFO - [2025-03-10T20:43:04.285+0000] {dag.py:4180} INFO - Setting next_dagrun for example_sensor_decorator to None, run_after=None
[2025-03-10T20:43:04.306+0000] {processor.py:208} INFO - Processing /home/airflow/.local/lib/python3.12/site-packages/airflow/example_dags/example_sensor_decorator.py took 0.082 seconds
[2025-03-10T20:43:35.025+0000] {processor.py:186} INFO - Started process (PID=1744) to work on /home/airflow/.local/lib/python3.12/site-packages/airflow/example_dags/example_sensor_decorator.py
[2025-03-10T20:43:35.026+0000] {processor.py:914} INFO - Processing file /home/airflow/.local/lib/python3.12/site-packages/airflow/example_dags/example_sensor_decorator.py for tasks to queue
[2025-03-10T20:43:35.029+0000] {logging_mixin.py:190} INFO - [2025-03-10T20:43:35.029+0000] {dagbag.py:588} INFO - Filling up the DagBag from /home/airflow/.local/lib/python3.12/site-packages/airflow/example_dags/example_sensor_decorator.py
[2025-03-10T20:43:35.037+0000] {processor.py:925} INFO - DAG(s) 'example_sensor_decorator' retrieved from /home/airflow/.local/lib/python3.12/site-packages/airflow/example_dags/example_sensor_decorator.py
[2025-03-10T20:43:35.062+0000] {logging_mixin.py:190} INFO - [2025-03-10T20:43:35.061+0000] {dag.py:3239} INFO - Sync 1 DAGs
[2025-03-10T20:43:35.079+0000] {logging_mixin.py:190} INFO - [2025-03-10T20:43:35.079+0000] {dag.py:4180} INFO - Setting next_dagrun for example_sensor_decorator to None, run_after=None
[2025-03-10T20:43:35.099+0000] {processor.py:208} INFO - Processing /home/airflow/.local/lib/python3.12/site-packages/airflow/example_dags/example_sensor_decorator.py took 0.081 seconds
[2025-03-10T20:44:05.743+0000] {processor.py:186} INFO - Started process (PID=1807) to work on /home/airflow/.local/lib/python3.12/site-packages/airflow/example_dags/example_sensor_decorator.py
[2025-03-10T20:44:05.744+0000] {processor.py:914} INFO - Processing file /home/airflow/.local/lib/python3.12/site-packages/airflow/example_dags/example_sensor_decorator.py for tasks to queue
[2025-03-10T20:44:05.747+0000] {logging_mixin.py:190} INFO - [2025-03-10T20:44:05.746+0000] {dagbag.py:588} INFO - Filling up the DagBag from /home/airflow/.local/lib/python3.12/site-packages/airflow/example_dags/example_sensor_decorator.py
[2025-03-10T20:44:05.755+0000] {processor.py:925} INFO - DAG(s) 'example_sensor_decorator' retrieved from /home/airflow/.local/lib/python3.12/site-packages/airflow/example_dags/example_sensor_decorator.py
[2025-03-10T20:44:05.784+0000] {logging_mixin.py:190} INFO - [2025-03-10T20:44:05.783+0000] {dag.py:3239} INFO - Sync 1 DAGs
[2025-03-10T20:44:05.807+0000] {logging_mixin.py:190} INFO - [2025-03-10T20:44:05.807+0000] {dag.py:4180} INFO - Setting next_dagrun for example_sensor_decorator to None, run_after=None
[2025-03-10T20:44:05.832+0000] {processor.py:208} INFO - Processing /home/airflow/.local/lib/python3.12/site-packages/airflow/example_dags/example_sensor_decorator.py took 0.096 seconds
[2025-03-10T20:44:36.688+0000] {processor.py:186} INFO - Started process (PID=1870) to work on /home/airflow/.local/lib/python3.12/site-packages/airflow/example_dags/example_sensor_decorator.py
[2025-03-10T20:44:36.689+0000] {processor.py:914} INFO - Processing file /home/airflow/.local/lib/python3.12/site-packages/airflow/example_dags/example_sensor_decorator.py for tasks to queue
[2025-03-10T20:44:36.691+0000] {logging_mixin.py:190} INFO - [2025-03-10T20:44:36.691+0000] {dagbag.py:588} INFO - Filling up the DagBag from /home/airflow/.local/lib/python3.12/site-packages/airflow/example_dags/example_sensor_decorator.py
[2025-03-10T20:44:36.700+0000] {processor.py:925} INFO - DAG(s) 'example_sensor_decorator' retrieved from /home/airflow/.local/lib/python3.12/site-packages/airflow/example_dags/example_sensor_decorator.py
[2025-03-10T20:44:36.724+0000] {logging_mixin.py:190} INFO - [2025-03-10T20:44:36.723+0000] {dag.py:3239} INFO - Sync 1 DAGs
[2025-03-10T20:44:36.741+0000] {logging_mixin.py:190} INFO - [2025-03-10T20:44:36.741+0000] {dag.py:4180} INFO - Setting next_dagrun for example_sensor_decorator to None, run_after=None
[2025-03-10T20:44:36.762+0000] {processor.py:208} INFO - Processing /home/airflow/.local/lib/python3.12/site-packages/airflow/example_dags/example_sensor_decorator.py took 0.082 seconds
[2025-03-10T20:45:07.331+0000] {processor.py:186} INFO - Started process (PID=1933) to work on /home/airflow/.local/lib/python3.12/site-packages/airflow/example_dags/example_sensor_decorator.py
[2025-03-10T20:45:07.332+0000] {processor.py:914} INFO - Processing file /home/airflow/.local/lib/python3.12/site-packages/airflow/example_dags/example_sensor_decorator.py for tasks to queue
[2025-03-10T20:45:07.336+0000] {logging_mixin.py:190} INFO - [2025-03-10T20:45:07.335+0000] {dagbag.py:588} INFO - Filling up the DagBag from /home/airflow/.local/lib/python3.12/site-packages/airflow/example_dags/example_sensor_decorator.py
[2025-03-10T20:45:07.345+0000] {processor.py:925} INFO - DAG(s) 'example_sensor_decorator' retrieved from /home/airflow/.local/lib/python3.12/site-packages/airflow/example_dags/example_sensor_decorator.py
[2025-03-10T20:45:07.371+0000] {logging_mixin.py:190} INFO - [2025-03-10T20:45:07.370+0000] {dag.py:3239} INFO - Sync 1 DAGs
[2025-03-10T20:45:07.389+0000] {logging_mixin.py:190} INFO - [2025-03-10T20:45:07.389+0000] {dag.py:4180} INFO - Setting next_dagrun for example_sensor_decorator to None, run_after=None
[2025-03-10T20:45:07.413+0000] {processor.py:208} INFO - Processing /home/airflow/.local/lib/python3.12/site-packages/airflow/example_dags/example_sensor_decorator.py took 0.090 seconds
[2025-03-10T20:45:38.260+0000] {processor.py:186} INFO - Started process (PID=1996) to work on /home/airflow/.local/lib/python3.12/site-packages/airflow/example_dags/example_sensor_decorator.py
[2025-03-10T20:45:38.261+0000] {processor.py:914} INFO - Processing file /home/airflow/.local/lib/python3.12/site-packages/airflow/example_dags/example_sensor_decorator.py for tasks to queue
[2025-03-10T20:45:38.264+0000] {logging_mixin.py:190} INFO - [2025-03-10T20:45:38.263+0000] {dagbag.py:588} INFO - Filling up the DagBag from /home/airflow/.local/lib/python3.12/site-packages/airflow/example_dags/example_sensor_decorator.py
[2025-03-10T20:45:38.272+0000] {processor.py:925} INFO - DAG(s) 'example_sensor_decorator' retrieved from /home/airflow/.local/lib/python3.12/site-packages/airflow/example_dags/example_sensor_decorator.py
[2025-03-10T20:45:38.296+0000] {logging_mixin.py:190} INFO - [2025-03-10T20:45:38.295+0000] {dag.py:3239} INFO - Sync 1 DAGs
[2025-03-10T20:45:38.314+0000] {logging_mixin.py:190} INFO - [2025-03-10T20:45:38.314+0000] {dag.py:4180} INFO - Setting next_dagrun for example_sensor_decorator to None, run_after=None
[2025-03-10T20:45:38.335+0000] {processor.py:208} INFO - Processing /home/airflow/.local/lib/python3.12/site-packages/airflow/example_dags/example_sensor_decorator.py took 0.083 seconds
[2025-03-10T20:46:09.970+0000] {processor.py:186} INFO - Started process (PID=2059) to work on /home/airflow/.local/lib/python3.12/site-packages/airflow/example_dags/example_sensor_decorator.py
[2025-03-10T20:46:09.971+0000] {processor.py:914} INFO - Processing file /home/airflow/.local/lib/python3.12/site-packages/airflow/example_dags/example_sensor_decorator.py for tasks to queue
[2025-03-10T20:46:09.974+0000] {logging_mixin.py:190} INFO - [2025-03-10T20:46:09.974+0000] {dagbag.py:588} INFO - Filling up the DagBag from /home/airflow/.local/lib/python3.12/site-packages/airflow/example_dags/example_sensor_decorator.py
[2025-03-10T20:46:09.983+0000] {processor.py:925} INFO - DAG(s) 'example_sensor_decorator' retrieved from /home/airflow/.local/lib/python3.12/site-packages/airflow/example_dags/example_sensor_decorator.py
[2025-03-10T20:46:10.008+0000] {logging_mixin.py:190} INFO - [2025-03-10T20:46:10.007+0000] {dag.py:3239} INFO - Sync 1 DAGs
[2025-03-10T20:46:10.261+0000] {logging_mixin.py:190} INFO - [2025-03-10T20:46:10.261+0000] {dag.py:4180} INFO - Setting next_dagrun for example_sensor_decorator to None, run_after=None
[2025-03-10T20:46:10.281+0000] {processor.py:208} INFO - Processing /home/airflow/.local/lib/python3.12/site-packages/airflow/example_dags/example_sensor_decorator.py took 0.318 seconds
[2025-03-10T20:46:40.744+0000] {processor.py:186} INFO - Started process (PID=2128) to work on /home/airflow/.local/lib/python3.12/site-packages/airflow/example_dags/example_sensor_decorator.py
[2025-03-10T20:46:40.746+0000] {processor.py:914} INFO - Processing file /home/airflow/.local/lib/python3.12/site-packages/airflow/example_dags/example_sensor_decorator.py for tasks to queue
[2025-03-10T20:46:40.749+0000] {logging_mixin.py:190} INFO - [2025-03-10T20:46:40.749+0000] {dagbag.py:588} INFO - Filling up the DagBag from /home/airflow/.local/lib/python3.12/site-packages/airflow/example_dags/example_sensor_decorator.py
[2025-03-10T20:46:40.761+0000] {processor.py:925} INFO - DAG(s) 'example_sensor_decorator' retrieved from /home/airflow/.local/lib/python3.12/site-packages/airflow/example_dags/example_sensor_decorator.py
[2025-03-10T20:46:40.794+0000] {logging_mixin.py:190} INFO - [2025-03-10T20:46:40.793+0000] {dag.py:3239} INFO - Sync 1 DAGs
[2025-03-10T20:46:40.814+0000] {logging_mixin.py:190} INFO - [2025-03-10T20:46:40.813+0000] {dag.py:4180} INFO - Setting next_dagrun for example_sensor_decorator to None, run_after=None
[2025-03-10T20:46:41.077+0000] {processor.py:208} INFO - Processing /home/airflow/.local/lib/python3.12/site-packages/airflow/example_dags/example_sensor_decorator.py took 0.342 seconds
[2025-03-10T20:47:11.407+0000] {processor.py:186} INFO - Started process (PID=2191) to work on /home/airflow/.local/lib/python3.12/site-packages/airflow/example_dags/example_sensor_decorator.py
[2025-03-10T20:47:11.408+0000] {processor.py:914} INFO - Processing file /home/airflow/.local/lib/python3.12/site-packages/airflow/example_dags/example_sensor_decorator.py for tasks to queue
[2025-03-10T20:47:11.411+0000] {logging_mixin.py:190} INFO - [2025-03-10T20:47:11.411+0000] {dagbag.py:588} INFO - Filling up the DagBag from /home/airflow/.local/lib/python3.12/site-packages/airflow/example_dags/example_sensor_decorator.py
[2025-03-10T20:47:11.421+0000] {processor.py:925} INFO - DAG(s) 'example_sensor_decorator' retrieved from /home/airflow/.local/lib/python3.12/site-packages/airflow/example_dags/example_sensor_decorator.py
[2025-03-10T20:47:11.447+0000] {logging_mixin.py:190} INFO - [2025-03-10T20:47:11.447+0000] {dag.py:3239} INFO - Sync 1 DAGs
[2025-03-10T20:47:11.466+0000] {logging_mixin.py:190} INFO - [2025-03-10T20:47:11.466+0000] {dag.py:4180} INFO - Setting next_dagrun for example_sensor_decorator to None, run_after=None
[2025-03-10T20:47:11.488+0000] {processor.py:208} INFO - Processing /home/airflow/.local/lib/python3.12/site-packages/airflow/example_dags/example_sensor_decorator.py took 0.088 seconds
[2025-03-10T20:47:42.123+0000] {processor.py:186} INFO - Started process (PID=2254) to work on /home/airflow/.local/lib/python3.12/site-packages/airflow/example_dags/example_sensor_decorator.py
[2025-03-10T20:47:42.124+0000] {processor.py:914} INFO - Processing file /home/airflow/.local/lib/python3.12/site-packages/airflow/example_dags/example_sensor_decorator.py for tasks to queue
[2025-03-10T20:47:42.127+0000] {logging_mixin.py:190} INFO - [2025-03-10T20:47:42.127+0000] {dagbag.py:588} INFO - Filling up the DagBag from /home/airflow/.local/lib/python3.12/site-packages/airflow/example_dags/example_sensor_decorator.py
[2025-03-10T20:47:42.135+0000] {processor.py:925} INFO - DAG(s) 'example_sensor_decorator' retrieved from /home/airflow/.local/lib/python3.12/site-packages/airflow/example_dags/example_sensor_decorator.py
[2025-03-10T20:47:42.158+0000] {logging_mixin.py:190} INFO - [2025-03-10T20:47:42.158+0000] {dag.py:3239} INFO - Sync 1 DAGs
[2025-03-10T20:47:42.180+0000] {logging_mixin.py:190} INFO - [2025-03-10T20:47:42.180+0000] {dag.py:4180} INFO - Setting next_dagrun for example_sensor_decorator to None, run_after=None
[2025-03-10T20:47:42.201+0000] {processor.py:208} INFO - Processing /home/airflow/.local/lib/python3.12/site-packages/airflow/example_dags/example_sensor_decorator.py took 0.086 seconds
[2025-03-10T20:48:12.581+0000] {processor.py:186} INFO - Started process (PID=2317) to work on /home/airflow/.local/lib/python3.12/site-packages/airflow/example_dags/example_sensor_decorator.py
[2025-03-10T20:48:12.582+0000] {processor.py:914} INFO - Processing file /home/airflow/.local/lib/python3.12/site-packages/airflow/example_dags/example_sensor_decorator.py for tasks to queue
[2025-03-10T20:48:12.585+0000] {logging_mixin.py:190} INFO - [2025-03-10T20:48:12.584+0000] {dagbag.py:588} INFO - Filling up the DagBag from /home/airflow/.local/lib/python3.12/site-packages/airflow/example_dags/example_sensor_decorator.py
[2025-03-10T20:48:12.594+0000] {processor.py:925} INFO - DAG(s) 'example_sensor_decorator' retrieved from /home/airflow/.local/lib/python3.12/site-packages/airflow/example_dags/example_sensor_decorator.py
[2025-03-10T20:48:12.617+0000] {logging_mixin.py:190} INFO - [2025-03-10T20:48:12.617+0000] {dag.py:3239} INFO - Sync 1 DAGs
[2025-03-10T20:48:12.635+0000] {logging_mixin.py:190} INFO - [2025-03-10T20:48:12.635+0000] {dag.py:4180} INFO - Setting next_dagrun for example_sensor_decorator to None, run_after=None
[2025-03-10T20:48:12.657+0000] {processor.py:208} INFO - Processing /home/airflow/.local/lib/python3.12/site-packages/airflow/example_dags/example_sensor_decorator.py took 0.084 seconds
[2025-03-10T20:48:43.147+0000] {processor.py:186} INFO - Started process (PID=2380) to work on /home/airflow/.local/lib/python3.12/site-packages/airflow/example_dags/example_sensor_decorator.py
[2025-03-10T20:48:43.148+0000] {processor.py:914} INFO - Processing file /home/airflow/.local/lib/python3.12/site-packages/airflow/example_dags/example_sensor_decorator.py for tasks to queue
[2025-03-10T20:48:43.151+0000] {logging_mixin.py:190} INFO - [2025-03-10T20:48:43.150+0000] {dagbag.py:588} INFO - Filling up the DagBag from /home/airflow/.local/lib/python3.12/site-packages/airflow/example_dags/example_sensor_decorator.py
[2025-03-10T20:48:43.159+0000] {processor.py:925} INFO - DAG(s) 'example_sensor_decorator' retrieved from /home/airflow/.local/lib/python3.12/site-packages/airflow/example_dags/example_sensor_decorator.py
[2025-03-10T20:48:43.183+0000] {logging_mixin.py:190} INFO - [2025-03-10T20:48:43.182+0000] {dag.py:3239} INFO - Sync 1 DAGs
[2025-03-10T20:48:43.201+0000] {logging_mixin.py:190} INFO - [2025-03-10T20:48:43.201+0000] {dag.py:4180} INFO - Setting next_dagrun for example_sensor_decorator to None, run_after=None
[2025-03-10T20:48:43.222+0000] {processor.py:208} INFO - Processing /home/airflow/.local/lib/python3.12/site-packages/airflow/example_dags/example_sensor_decorator.py took 0.082 seconds
[2025-03-10T20:49:13.716+0000] {processor.py:186} INFO - Started process (PID=2443) to work on /home/airflow/.local/lib/python3.12/site-packages/airflow/example_dags/example_sensor_decorator.py
[2025-03-10T20:49:13.717+0000] {processor.py:914} INFO - Processing file /home/airflow/.local/lib/python3.12/site-packages/airflow/example_dags/example_sensor_decorator.py for tasks to queue
[2025-03-10T20:49:13.720+0000] {logging_mixin.py:190} INFO - [2025-03-10T20:49:13.720+0000] {dagbag.py:588} INFO - Filling up the DagBag from /home/airflow/.local/lib/python3.12/site-packages/airflow/example_dags/example_sensor_decorator.py
[2025-03-10T20:49:13.729+0000] {processor.py:925} INFO - DAG(s) 'example_sensor_decorator' retrieved from /home/airflow/.local/lib/python3.12/site-packages/airflow/example_dags/example_sensor_decorator.py
[2025-03-10T20:49:13.753+0000] {logging_mixin.py:190} INFO - [2025-03-10T20:49:13.752+0000] {dag.py:3239} INFO - Sync 1 DAGs
[2025-03-10T20:49:13.770+0000] {logging_mixin.py:190} INFO - [2025-03-10T20:49:13.770+0000] {dag.py:4180} INFO - Setting next_dagrun for example_sensor_decorator to None, run_after=None
[2025-03-10T20:49:13.792+0000] {processor.py:208} INFO - Processing /home/airflow/.local/lib/python3.12/site-packages/airflow/example_dags/example_sensor_decorator.py took 0.084 seconds
[2025-03-10T20:49:44.115+0000] {processor.py:186} INFO - Started process (PID=2506) to work on /home/airflow/.local/lib/python3.12/site-packages/airflow/example_dags/example_sensor_decorator.py
[2025-03-10T20:49:44.116+0000] {processor.py:914} INFO - Processing file /home/airflow/.local/lib/python3.12/site-packages/airflow/example_dags/example_sensor_decorator.py for tasks to queue
[2025-03-10T20:49:44.119+0000] {logging_mixin.py:190} INFO - [2025-03-10T20:49:44.119+0000] {dagbag.py:588} INFO - Filling up the DagBag from /home/airflow/.local/lib/python3.12/site-packages/airflow/example_dags/example_sensor_decorator.py
[2025-03-10T20:49:44.127+0000] {processor.py:925} INFO - DAG(s) 'example_sensor_decorator' retrieved from /home/airflow/.local/lib/python3.12/site-packages/airflow/example_dags/example_sensor_decorator.py
[2025-03-10T20:49:44.157+0000] {logging_mixin.py:190} INFO - [2025-03-10T20:49:44.157+0000] {dag.py:3239} INFO - Sync 1 DAGs
[2025-03-10T20:49:44.179+0000] {logging_mixin.py:190} INFO - [2025-03-10T20:49:44.178+0000] {dag.py:4180} INFO - Setting next_dagrun for example_sensor_decorator to None, run_after=None
[2025-03-10T20:49:44.203+0000] {processor.py:208} INFO - Processing /home/airflow/.local/lib/python3.12/site-packages/airflow/example_dags/example_sensor_decorator.py took 0.094 seconds
[2025-03-10T20:50:14.722+0000] {processor.py:186} INFO - Started process (PID=2569) to work on /home/airflow/.local/lib/python3.12/site-packages/airflow/example_dags/example_sensor_decorator.py
[2025-03-10T20:50:14.723+0000] {processor.py:914} INFO - Processing file /home/airflow/.local/lib/python3.12/site-packages/airflow/example_dags/example_sensor_decorator.py for tasks to queue
[2025-03-10T20:50:14.726+0000] {logging_mixin.py:190} INFO - [2025-03-10T20:50:14.726+0000] {dagbag.py:588} INFO - Filling up the DagBag from /home/airflow/.local/lib/python3.12/site-packages/airflow/example_dags/example_sensor_decorator.py
[2025-03-10T20:50:14.735+0000] {processor.py:925} INFO - DAG(s) 'example_sensor_decorator' retrieved from /home/airflow/.local/lib/python3.12/site-packages/airflow/example_dags/example_sensor_decorator.py
[2025-03-10T20:50:14.758+0000] {logging_mixin.py:190} INFO - [2025-03-10T20:50:14.758+0000] {dag.py:3239} INFO - Sync 1 DAGs
[2025-03-10T20:50:14.776+0000] {logging_mixin.py:190} INFO - [2025-03-10T20:50:14.776+0000] {dag.py:4180} INFO - Setting next_dagrun for example_sensor_decorator to None, run_after=None
[2025-03-10T20:50:14.797+0000] {processor.py:208} INFO - Processing /home/airflow/.local/lib/python3.12/site-packages/airflow/example_dags/example_sensor_decorator.py took 0.083 seconds
[2025-03-10T20:50:45.397+0000] {processor.py:186} INFO - Started process (PID=2632) to work on /home/airflow/.local/lib/python3.12/site-packages/airflow/example_dags/example_sensor_decorator.py
[2025-03-10T20:50:45.400+0000] {processor.py:914} INFO - Processing file /home/airflow/.local/lib/python3.12/site-packages/airflow/example_dags/example_sensor_decorator.py for tasks to queue
[2025-03-10T20:50:45.407+0000] {logging_mixin.py:190} INFO - [2025-03-10T20:50:45.405+0000] {dagbag.py:588} INFO - Filling up the DagBag from /home/airflow/.local/lib/python3.12/site-packages/airflow/example_dags/example_sensor_decorator.py
[2025-03-10T20:50:45.425+0000] {processor.py:925} INFO - DAG(s) 'example_sensor_decorator' retrieved from /home/airflow/.local/lib/python3.12/site-packages/airflow/example_dags/example_sensor_decorator.py
[2025-03-10T20:50:45.488+0000] {logging_mixin.py:190} INFO - [2025-03-10T20:50:45.487+0000] {dag.py:3239} INFO - Sync 1 DAGs
[2025-03-10T20:50:45.530+0000] {logging_mixin.py:190} INFO - [2025-03-10T20:50:45.529+0000] {dag.py:4180} INFO - Setting next_dagrun for example_sensor_decorator to None, run_after=None
[2025-03-10T20:50:45.581+0000] {processor.py:208} INFO - Processing /home/airflow/.local/lib/python3.12/site-packages/airflow/example_dags/example_sensor_decorator.py took 0.199 seconds
[2025-03-10T23:08:57.370+0000] {processor.py:186} INFO - Started process (PID=102) to work on /home/airflow/.local/lib/python3.12/site-packages/airflow/example_dags/example_sensor_decorator.py
[2025-03-10T23:08:57.371+0000] {processor.py:914} INFO - Processing file /home/airflow/.local/lib/python3.12/site-packages/airflow/example_dags/example_sensor_decorator.py for tasks to queue
[2025-03-10T23:08:57.374+0000] {logging_mixin.py:190} INFO - [2025-03-10T23:08:57.374+0000] {dagbag.py:588} INFO - Filling up the DagBag from /home/airflow/.local/lib/python3.12/site-packages/airflow/example_dags/example_sensor_decorator.py
[2025-03-10T23:08:57.383+0000] {processor.py:925} INFO - DAG(s) 'example_sensor_decorator' retrieved from /home/airflow/.local/lib/python3.12/site-packages/airflow/example_dags/example_sensor_decorator.py
[2025-03-10T23:08:57.413+0000] {logging_mixin.py:190} INFO - [2025-03-10T23:08:57.413+0000] {dag.py:3239} INFO - Sync 1 DAGs
[2025-03-10T23:08:57.435+0000] {logging_mixin.py:190} INFO - [2025-03-10T23:08:57.434+0000] {dag.py:4180} INFO - Setting next_dagrun for example_sensor_decorator to None, run_after=None
[2025-03-10T23:08:57.458+0000] {processor.py:208} INFO - Processing /home/airflow/.local/lib/python3.12/site-packages/airflow/example_dags/example_sensor_decorator.py took 0.095 seconds
[2025-03-10T23:10:33.008+0000] {processor.py:186} INFO - Started process (PID=159) to work on /home/airflow/.local/lib/python3.12/site-packages/airflow/example_dags/example_sensor_decorator.py
[2025-03-10T23:10:33.010+0000] {processor.py:914} INFO - Processing file /home/airflow/.local/lib/python3.12/site-packages/airflow/example_dags/example_sensor_decorator.py for tasks to queue
[2025-03-10T23:10:33.012+0000] {logging_mixin.py:190} INFO - [2025-03-10T23:10:33.011+0000] {dagbag.py:588} INFO - Filling up the DagBag from /home/airflow/.local/lib/python3.12/site-packages/airflow/example_dags/example_sensor_decorator.py
[2025-03-10T23:10:33.022+0000] {processor.py:925} INFO - DAG(s) 'example_sensor_decorator' retrieved from /home/airflow/.local/lib/python3.12/site-packages/airflow/example_dags/example_sensor_decorator.py
[2025-03-10T23:10:33.055+0000] {logging_mixin.py:190} INFO - [2025-03-10T23:10:33.054+0000] {dag.py:3239} INFO - Sync 1 DAGs
[2025-03-10T23:10:33.083+0000] {logging_mixin.py:190} INFO - [2025-03-10T23:10:33.082+0000] {dag.py:4180} INFO - Setting next_dagrun for example_sensor_decorator to None, run_after=None
[2025-03-10T23:10:33.106+0000] {processor.py:208} INFO - Processing /home/airflow/.local/lib/python3.12/site-packages/airflow/example_dags/example_sensor_decorator.py took 0.109 seconds
[2025-03-10T23:13:20.780+0000] {processor.py:186} INFO - Started process (PID=217) to work on /home/airflow/.local/lib/python3.12/site-packages/airflow/example_dags/example_sensor_decorator.py
[2025-03-10T23:13:20.783+0000] {processor.py:914} INFO - Processing file /home/airflow/.local/lib/python3.12/site-packages/airflow/example_dags/example_sensor_decorator.py for tasks to queue
[2025-03-10T23:13:20.788+0000] {logging_mixin.py:190} INFO - [2025-03-10T23:13:20.787+0000] {dagbag.py:588} INFO - Filling up the DagBag from /home/airflow/.local/lib/python3.12/site-packages/airflow/example_dags/example_sensor_decorator.py
[2025-03-10T23:13:20.823+0000] {processor.py:925} INFO - DAG(s) 'example_sensor_decorator' retrieved from /home/airflow/.local/lib/python3.12/site-packages/airflow/example_dags/example_sensor_decorator.py
[2025-03-10T23:13:20.928+0000] {logging_mixin.py:190} INFO - [2025-03-10T23:13:20.927+0000] {dag.py:3239} INFO - Sync 1 DAGs
[2025-03-10T23:13:21.023+0000] {logging_mixin.py:190} INFO - [2025-03-10T23:13:21.022+0000] {dag.py:4180} INFO - Setting next_dagrun for example_sensor_decorator to None, run_after=None
[2025-03-10T23:13:21.121+0000] {processor.py:208} INFO - Processing /home/airflow/.local/lib/python3.12/site-packages/airflow/example_dags/example_sensor_decorator.py took 0.368 seconds
[2025-03-10T23:14:56.444+0000] {processor.py:186} INFO - Started process (PID=290) to work on /home/airflow/.local/lib/python3.12/site-packages/airflow/example_dags/example_sensor_decorator.py
[2025-03-10T23:14:56.462+0000] {processor.py:914} INFO - Processing file /home/airflow/.local/lib/python3.12/site-packages/airflow/example_dags/example_sensor_decorator.py for tasks to queue
[2025-03-10T23:14:56.473+0000] {logging_mixin.py:190} INFO - [2025-03-10T23:14:56.471+0000] {dagbag.py:588} INFO - Filling up the DagBag from /home/airflow/.local/lib/python3.12/site-packages/airflow/example_dags/example_sensor_decorator.py
[2025-03-10T23:14:56.546+0000] {processor.py:925} INFO - DAG(s) 'example_sensor_decorator' retrieved from /home/airflow/.local/lib/python3.12/site-packages/airflow/example_dags/example_sensor_decorator.py
[2025-03-10T23:14:56.671+0000] {logging_mixin.py:190} INFO - [2025-03-10T23:14:56.669+0000] {dag.py:3239} INFO - Sync 1 DAGs
[2025-03-10T23:14:56.814+0000] {logging_mixin.py:190} INFO - [2025-03-10T23:14:56.813+0000] {dag.py:4180} INFO - Setting next_dagrun for example_sensor_decorator to None, run_after=None
[2025-03-10T23:14:57.071+0000] {processor.py:208} INFO - Processing /home/airflow/.local/lib/python3.12/site-packages/airflow/example_dags/example_sensor_decorator.py took 0.696 seconds
[2025-03-10T23:15:27.755+0000] {processor.py:186} INFO - Started process (PID=353) to work on /home/airflow/.local/lib/python3.12/site-packages/airflow/example_dags/example_sensor_decorator.py
[2025-03-10T23:15:27.758+0000] {processor.py:914} INFO - Processing file /home/airflow/.local/lib/python3.12/site-packages/airflow/example_dags/example_sensor_decorator.py for tasks to queue
[2025-03-10T23:15:27.763+0000] {logging_mixin.py:190} INFO - [2025-03-10T23:15:27.761+0000] {dagbag.py:588} INFO - Filling up the DagBag from /home/airflow/.local/lib/python3.12/site-packages/airflow/example_dags/example_sensor_decorator.py
[2025-03-10T23:15:27.804+0000] {processor.py:925} INFO - DAG(s) 'example_sensor_decorator' retrieved from /home/airflow/.local/lib/python3.12/site-packages/airflow/example_dags/example_sensor_decorator.py
[2025-03-10T23:15:27.906+0000] {logging_mixin.py:190} INFO - [2025-03-10T23:15:27.905+0000] {dag.py:3239} INFO - Sync 1 DAGs
[2025-03-10T23:15:27.992+0000] {logging_mixin.py:190} INFO - [2025-03-10T23:15:27.991+0000] {dag.py:4180} INFO - Setting next_dagrun for example_sensor_decorator to None, run_after=None
[2025-03-10T23:15:28.093+0000] {processor.py:208} INFO - Processing /home/airflow/.local/lib/python3.12/site-packages/airflow/example_dags/example_sensor_decorator.py took 0.365 seconds
[2025-03-10T23:15:58.528+0000] {processor.py:186} INFO - Started process (PID=415) to work on /home/airflow/.local/lib/python3.12/site-packages/airflow/example_dags/example_sensor_decorator.py
[2025-03-10T23:15:58.529+0000] {processor.py:914} INFO - Processing file /home/airflow/.local/lib/python3.12/site-packages/airflow/example_dags/example_sensor_decorator.py for tasks to queue
[2025-03-10T23:15:58.530+0000] {logging_mixin.py:190} INFO - [2025-03-10T23:15:58.530+0000] {dagbag.py:588} INFO - Filling up the DagBag from /home/airflow/.local/lib/python3.12/site-packages/airflow/example_dags/example_sensor_decorator.py
[2025-03-10T23:15:58.540+0000] {processor.py:925} INFO - DAG(s) 'example_sensor_decorator' retrieved from /home/airflow/.local/lib/python3.12/site-packages/airflow/example_dags/example_sensor_decorator.py
[2025-03-10T23:15:58.567+0000] {logging_mixin.py:190} INFO - [2025-03-10T23:15:58.567+0000] {dag.py:3239} INFO - Sync 1 DAGs
[2025-03-10T23:15:58.586+0000] {logging_mixin.py:190} INFO - [2025-03-10T23:15:58.586+0000] {dag.py:4180} INFO - Setting next_dagrun for example_sensor_decorator to None, run_after=None
[2025-03-10T23:15:58.608+0000] {processor.py:208} INFO - Processing /home/airflow/.local/lib/python3.12/site-packages/airflow/example_dags/example_sensor_decorator.py took 0.089 seconds
[2025-03-10T23:16:29.262+0000] {processor.py:186} INFO - Started process (PID=478) to work on /home/airflow/.local/lib/python3.12/site-packages/airflow/example_dags/example_sensor_decorator.py
[2025-03-10T23:16:29.263+0000] {processor.py:914} INFO - Processing file /home/airflow/.local/lib/python3.12/site-packages/airflow/example_dags/example_sensor_decorator.py for tasks to queue
[2025-03-10T23:16:29.265+0000] {logging_mixin.py:190} INFO - [2025-03-10T23:16:29.264+0000] {dagbag.py:588} INFO - Filling up the DagBag from /home/airflow/.local/lib/python3.12/site-packages/airflow/example_dags/example_sensor_decorator.py
[2025-03-10T23:16:29.274+0000] {processor.py:925} INFO - DAG(s) 'example_sensor_decorator' retrieved from /home/airflow/.local/lib/python3.12/site-packages/airflow/example_dags/example_sensor_decorator.py
[2025-03-10T23:16:29.301+0000] {logging_mixin.py:190} INFO - [2025-03-10T23:16:29.300+0000] {dag.py:3239} INFO - Sync 1 DAGs
[2025-03-10T23:16:29.320+0000] {logging_mixin.py:190} INFO - [2025-03-10T23:16:29.320+0000] {dag.py:4180} INFO - Setting next_dagrun for example_sensor_decorator to None, run_after=None
[2025-03-10T23:16:29.341+0000] {processor.py:208} INFO - Processing /home/airflow/.local/lib/python3.12/site-packages/airflow/example_dags/example_sensor_decorator.py took 0.088 seconds
[2025-03-10T23:16:59.925+0000] {processor.py:186} INFO - Started process (PID=541) to work on /home/airflow/.local/lib/python3.12/site-packages/airflow/example_dags/example_sensor_decorator.py
[2025-03-10T23:16:59.926+0000] {processor.py:914} INFO - Processing file /home/airflow/.local/lib/python3.12/site-packages/airflow/example_dags/example_sensor_decorator.py for tasks to queue
[2025-03-10T23:16:59.927+0000] {logging_mixin.py:190} INFO - [2025-03-10T23:16:59.927+0000] {dagbag.py:588} INFO - Filling up the DagBag from /home/airflow/.local/lib/python3.12/site-packages/airflow/example_dags/example_sensor_decorator.py
[2025-03-10T23:16:59.937+0000] {processor.py:925} INFO - DAG(s) 'example_sensor_decorator' retrieved from /home/airflow/.local/lib/python3.12/site-packages/airflow/example_dags/example_sensor_decorator.py
[2025-03-10T23:16:59.965+0000] {logging_mixin.py:190} INFO - [2025-03-10T23:16:59.965+0000] {dag.py:3239} INFO - Sync 1 DAGs
[2025-03-10T23:16:59.986+0000] {logging_mixin.py:190} INFO - [2025-03-10T23:16:59.985+0000] {dag.py:4180} INFO - Setting next_dagrun for example_sensor_decorator to None, run_after=None
[2025-03-10T23:17:00.008+0000] {processor.py:208} INFO - Processing /home/airflow/.local/lib/python3.12/site-packages/airflow/example_dags/example_sensor_decorator.py took 0.092 seconds
[2025-03-10T23:17:30.236+0000] {processor.py:186} INFO - Started process (PID=604) to work on /home/airflow/.local/lib/python3.12/site-packages/airflow/example_dags/example_sensor_decorator.py
[2025-03-10T23:17:30.237+0000] {processor.py:914} INFO - Processing file /home/airflow/.local/lib/python3.12/site-packages/airflow/example_dags/example_sensor_decorator.py for tasks to queue
[2025-03-10T23:17:30.238+0000] {logging_mixin.py:190} INFO - [2025-03-10T23:17:30.238+0000] {dagbag.py:588} INFO - Filling up the DagBag from /home/airflow/.local/lib/python3.12/site-packages/airflow/example_dags/example_sensor_decorator.py
[2025-03-10T23:17:30.248+0000] {processor.py:925} INFO - DAG(s) 'example_sensor_decorator' retrieved from /home/airflow/.local/lib/python3.12/site-packages/airflow/example_dags/example_sensor_decorator.py
[2025-03-10T23:17:30.274+0000] {logging_mixin.py:190} INFO - [2025-03-10T23:17:30.274+0000] {dag.py:3239} INFO - Sync 1 DAGs
[2025-03-10T23:17:30.295+0000] {logging_mixin.py:190} INFO - [2025-03-10T23:17:30.294+0000] {dag.py:4180} INFO - Setting next_dagrun for example_sensor_decorator to None, run_after=None
[2025-03-10T23:17:30.317+0000] {processor.py:208} INFO - Processing /home/airflow/.local/lib/python3.12/site-packages/airflow/example_dags/example_sensor_decorator.py took 0.090 seconds
[2025-03-10T23:18:00.988+0000] {processor.py:186} INFO - Started process (PID=667) to work on /home/airflow/.local/lib/python3.12/site-packages/airflow/example_dags/example_sensor_decorator.py
[2025-03-10T23:18:00.990+0000] {processor.py:914} INFO - Processing file /home/airflow/.local/lib/python3.12/site-packages/airflow/example_dags/example_sensor_decorator.py for tasks to queue
[2025-03-10T23:18:00.991+0000] {logging_mixin.py:190} INFO - [2025-03-10T23:18:00.991+0000] {dagbag.py:588} INFO - Filling up the DagBag from /home/airflow/.local/lib/python3.12/site-packages/airflow/example_dags/example_sensor_decorator.py
[2025-03-10T23:18:01.001+0000] {processor.py:925} INFO - DAG(s) 'example_sensor_decorator' retrieved from /home/airflow/.local/lib/python3.12/site-packages/airflow/example_dags/example_sensor_decorator.py
[2025-03-10T23:18:01.028+0000] {logging_mixin.py:190} INFO - [2025-03-10T23:18:01.027+0000] {dag.py:3239} INFO - Sync 1 DAGs
[2025-03-10T23:18:01.049+0000] {logging_mixin.py:190} INFO - [2025-03-10T23:18:01.048+0000] {dag.py:4180} INFO - Setting next_dagrun for example_sensor_decorator to None, run_after=None
[2025-03-10T23:18:01.070+0000] {processor.py:208} INFO - Processing /home/airflow/.local/lib/python3.12/site-packages/airflow/example_dags/example_sensor_decorator.py took 0.091 seconds
[2025-03-10T23:18:31.666+0000] {processor.py:186} INFO - Started process (PID=730) to work on /home/airflow/.local/lib/python3.12/site-packages/airflow/example_dags/example_sensor_decorator.py
[2025-03-10T23:18:31.667+0000] {processor.py:914} INFO - Processing file /home/airflow/.local/lib/python3.12/site-packages/airflow/example_dags/example_sensor_decorator.py for tasks to queue
[2025-03-10T23:18:31.668+0000] {logging_mixin.py:190} INFO - [2025-03-10T23:18:31.668+0000] {dagbag.py:588} INFO - Filling up the DagBag from /home/airflow/.local/lib/python3.12/site-packages/airflow/example_dags/example_sensor_decorator.py
[2025-03-10T23:18:31.676+0000] {processor.py:925} INFO - DAG(s) 'example_sensor_decorator' retrieved from /home/airflow/.local/lib/python3.12/site-packages/airflow/example_dags/example_sensor_decorator.py
[2025-03-10T23:18:31.699+0000] {logging_mixin.py:190} INFO - [2025-03-10T23:18:31.699+0000] {dag.py:3239} INFO - Sync 1 DAGs
[2025-03-10T23:18:31.717+0000] {logging_mixin.py:190} INFO - [2025-03-10T23:18:31.717+0000] {dag.py:4180} INFO - Setting next_dagrun for example_sensor_decorator to None, run_after=None
[2025-03-10T23:18:31.737+0000] {processor.py:208} INFO - Processing /home/airflow/.local/lib/python3.12/site-packages/airflow/example_dags/example_sensor_decorator.py took 0.078 seconds
[2025-03-10T23:19:02.109+0000] {processor.py:186} INFO - Started process (PID=793) to work on /home/airflow/.local/lib/python3.12/site-packages/airflow/example_dags/example_sensor_decorator.py
[2025-03-10T23:19:02.110+0000] {processor.py:914} INFO - Processing file /home/airflow/.local/lib/python3.12/site-packages/airflow/example_dags/example_sensor_decorator.py for tasks to queue
[2025-03-10T23:19:02.112+0000] {logging_mixin.py:190} INFO - [2025-03-10T23:19:02.112+0000] {dagbag.py:588} INFO - Filling up the DagBag from /home/airflow/.local/lib/python3.12/site-packages/airflow/example_dags/example_sensor_decorator.py
[2025-03-10T23:19:02.122+0000] {processor.py:925} INFO - DAG(s) 'example_sensor_decorator' retrieved from /home/airflow/.local/lib/python3.12/site-packages/airflow/example_dags/example_sensor_decorator.py
[2025-03-10T23:19:02.150+0000] {logging_mixin.py:190} INFO - [2025-03-10T23:19:02.150+0000] {dag.py:3239} INFO - Sync 1 DAGs
[2025-03-10T23:19:02.172+0000] {logging_mixin.py:190} INFO - [2025-03-10T23:19:02.172+0000] {dag.py:4180} INFO - Setting next_dagrun for example_sensor_decorator to None, run_after=None
[2025-03-10T23:19:02.195+0000] {processor.py:208} INFO - Processing /home/airflow/.local/lib/python3.12/site-packages/airflow/example_dags/example_sensor_decorator.py took 0.094 seconds
[2025-03-10T23:27:10.253+0000] {processor.py:186} INFO - Started process (PID=89) to work on /home/airflow/.local/lib/python3.12/site-packages/airflow/example_dags/example_sensor_decorator.py
[2025-03-10T23:27:10.254+0000] {processor.py:914} INFO - Processing file /home/airflow/.local/lib/python3.12/site-packages/airflow/example_dags/example_sensor_decorator.py for tasks to queue
[2025-03-10T23:27:10.257+0000] {logging_mixin.py:190} INFO - [2025-03-10T23:27:10.257+0000] {dagbag.py:588} INFO - Filling up the DagBag from /home/airflow/.local/lib/python3.12/site-packages/airflow/example_dags/example_sensor_decorator.py
[2025-03-10T23:27:10.266+0000] {processor.py:925} INFO - DAG(s) 'example_sensor_decorator' retrieved from /home/airflow/.local/lib/python3.12/site-packages/airflow/example_dags/example_sensor_decorator.py
[2025-03-10T23:27:10.304+0000] {logging_mixin.py:190} INFO - [2025-03-10T23:27:10.303+0000] {dag.py:3239} INFO - Sync 1 DAGs
[2025-03-10T23:27:10.331+0000] {logging_mixin.py:190} INFO - [2025-03-10T23:27:10.330+0000] {dag.py:4180} INFO - Setting next_dagrun for example_sensor_decorator to None, run_after=None
[2025-03-10T23:27:10.364+0000] {processor.py:208} INFO - Processing /home/airflow/.local/lib/python3.12/site-packages/airflow/example_dags/example_sensor_decorator.py took 0.119 seconds
[2025-03-10T23:27:41.519+0000] {processor.py:186} INFO - Started process (PID=152) to work on /home/airflow/.local/lib/python3.12/site-packages/airflow/example_dags/example_sensor_decorator.py
[2025-03-10T23:27:41.520+0000] {processor.py:914} INFO - Processing file /home/airflow/.local/lib/python3.12/site-packages/airflow/example_dags/example_sensor_decorator.py for tasks to queue
[2025-03-10T23:27:41.524+0000] {logging_mixin.py:190} INFO - [2025-03-10T23:27:41.523+0000] {dagbag.py:588} INFO - Filling up the DagBag from /home/airflow/.local/lib/python3.12/site-packages/airflow/example_dags/example_sensor_decorator.py
[2025-03-10T23:27:41.533+0000] {processor.py:925} INFO - DAG(s) 'example_sensor_decorator' retrieved from /home/airflow/.local/lib/python3.12/site-packages/airflow/example_dags/example_sensor_decorator.py
[2025-03-10T23:27:41.555+0000] {logging_mixin.py:190} INFO - [2025-03-10T23:27:41.555+0000] {dag.py:3239} INFO - Sync 1 DAGs
[2025-03-10T23:27:41.576+0000] {logging_mixin.py:190} INFO - [2025-03-10T23:27:41.575+0000] {dag.py:4180} INFO - Setting next_dagrun for example_sensor_decorator to None, run_after=None
[2025-03-10T23:27:41.596+0000] {processor.py:208} INFO - Processing /home/airflow/.local/lib/python3.12/site-packages/airflow/example_dags/example_sensor_decorator.py took 0.083 seconds
[2025-03-10T23:28:12.060+0000] {processor.py:186} INFO - Started process (PID=215) to work on /home/airflow/.local/lib/python3.12/site-packages/airflow/example_dags/example_sensor_decorator.py
[2025-03-10T23:28:12.061+0000] {processor.py:914} INFO - Processing file /home/airflow/.local/lib/python3.12/site-packages/airflow/example_dags/example_sensor_decorator.py for tasks to queue
[2025-03-10T23:28:12.063+0000] {logging_mixin.py:190} INFO - [2025-03-10T23:28:12.063+0000] {dagbag.py:588} INFO - Filling up the DagBag from /home/airflow/.local/lib/python3.12/site-packages/airflow/example_dags/example_sensor_decorator.py
[2025-03-10T23:28:12.071+0000] {processor.py:925} INFO - DAG(s) 'example_sensor_decorator' retrieved from /home/airflow/.local/lib/python3.12/site-packages/airflow/example_dags/example_sensor_decorator.py
[2025-03-10T23:28:12.093+0000] {logging_mixin.py:190} INFO - [2025-03-10T23:28:12.093+0000] {dag.py:3239} INFO - Sync 1 DAGs
[2025-03-10T23:28:12.112+0000] {logging_mixin.py:190} INFO - [2025-03-10T23:28:12.112+0000] {dag.py:4180} INFO - Setting next_dagrun for example_sensor_decorator to None, run_after=None
[2025-03-10T23:28:12.132+0000] {processor.py:208} INFO - Processing /home/airflow/.local/lib/python3.12/site-packages/airflow/example_dags/example_sensor_decorator.py took 0.078 seconds
[2025-03-10T23:28:42.943+0000] {processor.py:186} INFO - Started process (PID=278) to work on /home/airflow/.local/lib/python3.12/site-packages/airflow/example_dags/example_sensor_decorator.py
[2025-03-10T23:28:42.944+0000] {processor.py:914} INFO - Processing file /home/airflow/.local/lib/python3.12/site-packages/airflow/example_dags/example_sensor_decorator.py for tasks to queue
[2025-03-10T23:28:42.947+0000] {logging_mixin.py:190} INFO - [2025-03-10T23:28:42.947+0000] {dagbag.py:588} INFO - Filling up the DagBag from /home/airflow/.local/lib/python3.12/site-packages/airflow/example_dags/example_sensor_decorator.py
[2025-03-10T23:28:42.956+0000] {processor.py:925} INFO - DAG(s) 'example_sensor_decorator' retrieved from /home/airflow/.local/lib/python3.12/site-packages/airflow/example_dags/example_sensor_decorator.py
[2025-03-10T23:28:42.981+0000] {logging_mixin.py:190} INFO - [2025-03-10T23:28:42.981+0000] {dag.py:3239} INFO - Sync 1 DAGs
[2025-03-10T23:28:43.000+0000] {logging_mixin.py:190} INFO - [2025-03-10T23:28:43.000+0000] {dag.py:4180} INFO - Setting next_dagrun for example_sensor_decorator to None, run_after=None
[2025-03-10T23:28:43.023+0000] {processor.py:208} INFO - Processing /home/airflow/.local/lib/python3.12/site-packages/airflow/example_dags/example_sensor_decorator.py took 0.087 seconds
[2025-03-10T23:29:14.139+0000] {processor.py:186} INFO - Started process (PID=341) to work on /home/airflow/.local/lib/python3.12/site-packages/airflow/example_dags/example_sensor_decorator.py
[2025-03-10T23:29:14.140+0000] {processor.py:914} INFO - Processing file /home/airflow/.local/lib/python3.12/site-packages/airflow/example_dags/example_sensor_decorator.py for tasks to queue
[2025-03-10T23:29:14.142+0000] {logging_mixin.py:190} INFO - [2025-03-10T23:29:14.142+0000] {dagbag.py:588} INFO - Filling up the DagBag from /home/airflow/.local/lib/python3.12/site-packages/airflow/example_dags/example_sensor_decorator.py
[2025-03-10T23:29:14.150+0000] {processor.py:925} INFO - DAG(s) 'example_sensor_decorator' retrieved from /home/airflow/.local/lib/python3.12/site-packages/airflow/example_dags/example_sensor_decorator.py
[2025-03-10T23:29:14.173+0000] {logging_mixin.py:190} INFO - [2025-03-10T23:29:14.173+0000] {dag.py:3239} INFO - Sync 1 DAGs
[2025-03-10T23:29:14.192+0000] {logging_mixin.py:190} INFO - [2025-03-10T23:29:14.192+0000] {dag.py:4180} INFO - Setting next_dagrun for example_sensor_decorator to None, run_after=None
[2025-03-10T23:29:14.215+0000] {processor.py:208} INFO - Processing /home/airflow/.local/lib/python3.12/site-packages/airflow/example_dags/example_sensor_decorator.py took 0.082 seconds
[2025-03-10T23:35:19.408+0000] {processor.py:186} INFO - Started process (PID=109) to work on /home/airflow/.local/lib/python3.12/site-packages/airflow/example_dags/example_sensor_decorator.py
[2025-03-10T23:35:19.412+0000] {processor.py:914} INFO - Processing file /home/airflow/.local/lib/python3.12/site-packages/airflow/example_dags/example_sensor_decorator.py for tasks to queue
[2025-03-10T23:35:19.422+0000] {logging_mixin.py:190} INFO - [2025-03-10T23:35:19.420+0000] {dagbag.py:588} INFO - Filling up the DagBag from /home/airflow/.local/lib/python3.12/site-packages/airflow/example_dags/example_sensor_decorator.py
[2025-03-10T23:35:19.456+0000] {processor.py:925} INFO - DAG(s) 'example_sensor_decorator' retrieved from /home/airflow/.local/lib/python3.12/site-packages/airflow/example_dags/example_sensor_decorator.py
[2025-03-10T23:35:19.556+0000] {logging_mixin.py:190} INFO - [2025-03-10T23:35:19.555+0000] {dag.py:3239} INFO - Sync 1 DAGs
[2025-03-10T23:35:19.672+0000] {logging_mixin.py:190} INFO - [2025-03-10T23:35:19.671+0000] {dag.py:4180} INFO - Setting next_dagrun for example_sensor_decorator to None, run_after=None
[2025-03-10T23:35:19.782+0000] {processor.py:208} INFO - Processing /home/airflow/.local/lib/python3.12/site-packages/airflow/example_dags/example_sensor_decorator.py took 0.412 seconds
[2025-03-10T23:35:50.679+0000] {processor.py:186} INFO - Started process (PID=172) to work on /home/airflow/.local/lib/python3.12/site-packages/airflow/example_dags/example_sensor_decorator.py
[2025-03-10T23:35:50.680+0000] {processor.py:914} INFO - Processing file /home/airflow/.local/lib/python3.12/site-packages/airflow/example_dags/example_sensor_decorator.py for tasks to queue
[2025-03-10T23:35:50.683+0000] {logging_mixin.py:190} INFO - [2025-03-10T23:35:50.682+0000] {dagbag.py:588} INFO - Filling up the DagBag from /home/airflow/.local/lib/python3.12/site-packages/airflow/example_dags/example_sensor_decorator.py
[2025-03-10T23:35:50.691+0000] {processor.py:925} INFO - DAG(s) 'example_sensor_decorator' retrieved from /home/airflow/.local/lib/python3.12/site-packages/airflow/example_dags/example_sensor_decorator.py
[2025-03-10T23:35:50.715+0000] {logging_mixin.py:190} INFO - [2025-03-10T23:35:50.715+0000] {dag.py:3239} INFO - Sync 1 DAGs
[2025-03-10T23:35:50.732+0000] {logging_mixin.py:190} INFO - [2025-03-10T23:35:50.732+0000] {dag.py:4180} INFO - Setting next_dagrun for example_sensor_decorator to None, run_after=None
[2025-03-10T23:35:50.753+0000] {processor.py:208} INFO - Processing /home/airflow/.local/lib/python3.12/site-packages/airflow/example_dags/example_sensor_decorator.py took 0.081 seconds
[2025-03-10T23:36:20.917+0000] {processor.py:186} INFO - Started process (PID=235) to work on /home/airflow/.local/lib/python3.12/site-packages/airflow/example_dags/example_sensor_decorator.py
[2025-03-10T23:36:20.918+0000] {processor.py:914} INFO - Processing file /home/airflow/.local/lib/python3.12/site-packages/airflow/example_dags/example_sensor_decorator.py for tasks to queue
[2025-03-10T23:36:20.921+0000] {logging_mixin.py:190} INFO - [2025-03-10T23:36:20.921+0000] {dagbag.py:588} INFO - Filling up the DagBag from /home/airflow/.local/lib/python3.12/site-packages/airflow/example_dags/example_sensor_decorator.py
[2025-03-10T23:36:20.931+0000] {processor.py:925} INFO - DAG(s) 'example_sensor_decorator' retrieved from /home/airflow/.local/lib/python3.12/site-packages/airflow/example_dags/example_sensor_decorator.py
[2025-03-10T23:36:20.958+0000] {logging_mixin.py:190} INFO - [2025-03-10T23:36:20.958+0000] {dag.py:3239} INFO - Sync 1 DAGs
[2025-03-10T23:36:20.977+0000] {logging_mixin.py:190} INFO - [2025-03-10T23:36:20.976+0000] {dag.py:4180} INFO - Setting next_dagrun for example_sensor_decorator to None, run_after=None
[2025-03-10T23:36:20.998+0000] {processor.py:208} INFO - Processing /home/airflow/.local/lib/python3.12/site-packages/airflow/example_dags/example_sensor_decorator.py took 0.090 seconds
[2025-03-10T23:36:51.048+0000] {processor.py:186} INFO - Started process (PID=298) to work on /home/airflow/.local/lib/python3.12/site-packages/airflow/example_dags/example_sensor_decorator.py
[2025-03-10T23:36:51.049+0000] {processor.py:914} INFO - Processing file /home/airflow/.local/lib/python3.12/site-packages/airflow/example_dags/example_sensor_decorator.py for tasks to queue
[2025-03-10T23:36:51.051+0000] {logging_mixin.py:190} INFO - [2025-03-10T23:36:51.051+0000] {dagbag.py:588} INFO - Filling up the DagBag from /home/airflow/.local/lib/python3.12/site-packages/airflow/example_dags/example_sensor_decorator.py
[2025-03-10T23:36:51.059+0000] {processor.py:925} INFO - DAG(s) 'example_sensor_decorator' retrieved from /home/airflow/.local/lib/python3.12/site-packages/airflow/example_dags/example_sensor_decorator.py
[2025-03-10T23:36:51.082+0000] {logging_mixin.py:190} INFO - [2025-03-10T23:36:51.082+0000] {dag.py:3239} INFO - Sync 1 DAGs
[2025-03-10T23:36:51.099+0000] {logging_mixin.py:190} INFO - [2025-03-10T23:36:51.099+0000] {dag.py:4180} INFO - Setting next_dagrun for example_sensor_decorator to None, run_after=None
[2025-03-10T23:36:51.120+0000] {processor.py:208} INFO - Processing /home/airflow/.local/lib/python3.12/site-packages/airflow/example_dags/example_sensor_decorator.py took 0.079 seconds
[2025-03-10T23:37:21.680+0000] {processor.py:186} INFO - Started process (PID=361) to work on /home/airflow/.local/lib/python3.12/site-packages/airflow/example_dags/example_sensor_decorator.py
[2025-03-10T23:37:21.681+0000] {processor.py:914} INFO - Processing file /home/airflow/.local/lib/python3.12/site-packages/airflow/example_dags/example_sensor_decorator.py for tasks to queue
[2025-03-10T23:37:21.684+0000] {logging_mixin.py:190} INFO - [2025-03-10T23:37:21.683+0000] {dagbag.py:588} INFO - Filling up the DagBag from /home/airflow/.local/lib/python3.12/site-packages/airflow/example_dags/example_sensor_decorator.py
[2025-03-10T23:37:21.692+0000] {processor.py:925} INFO - DAG(s) 'example_sensor_decorator' retrieved from /home/airflow/.local/lib/python3.12/site-packages/airflow/example_dags/example_sensor_decorator.py
[2025-03-10T23:37:21.716+0000] {logging_mixin.py:190} INFO - [2025-03-10T23:37:21.716+0000] {dag.py:3239} INFO - Sync 1 DAGs
[2025-03-10T23:37:21.733+0000] {logging_mixin.py:190} INFO - [2025-03-10T23:37:21.733+0000] {dag.py:4180} INFO - Setting next_dagrun for example_sensor_decorator to None, run_after=None
[2025-03-10T23:37:21.754+0000] {processor.py:208} INFO - Processing /home/airflow/.local/lib/python3.12/site-packages/airflow/example_dags/example_sensor_decorator.py took 0.083 seconds
