[2025-03-10T20:30:17.990+0000] {processor.py:186} INFO - Started process (PID=140) to work on /home/airflow/.local/lib/python3.12/site-packages/airflow/example_dags/example_bash_operator.py
[2025-03-10T20:30:17.991+0000] {processor.py:914} INFO - Processing file /home/airflow/.local/lib/python3.12/site-packages/airflow/example_dags/example_bash_operator.py for tasks to queue
[2025-03-10T20:30:17.994+0000] {logging_mixin.py:190} INFO - [2025-03-10T20:30:17.993+0000] {dagbag.py:588} INFO - Filling up the DagBag from /home/airflow/.local/lib/python3.12/site-packages/airflow/example_dags/example_bash_operator.py
[2025-03-10T20:30:18.013+0000] {processor.py:925} INFO - DAG(s) 'example_bash_operator' retrieved from /home/airflow/.local/lib/python3.12/site-packages/airflow/example_dags/example_bash_operator.py
[2025-03-10T20:30:18.089+0000] {logging_mixin.py:190} INFO - [2025-03-10T20:30:18.089+0000] {override.py:1912} INFO - Created Permission View: can read on DAG:example_bash_operator
[2025-03-10T20:30:18.100+0000] {logging_mixin.py:190} INFO - [2025-03-10T20:30:18.100+0000] {override.py:1912} INFO - Created Permission View: can edit on DAG:example_bash_operator
[2025-03-10T20:30:18.106+0000] {logging_mixin.py:190} INFO - [2025-03-10T20:30:18.106+0000] {override.py:1912} INFO - Created Permission View: can delete on DAG:example_bash_operator
[2025-03-10T20:30:18.113+0000] {logging_mixin.py:190} INFO - [2025-03-10T20:30:18.113+0000] {override.py:1912} INFO - Created Permission View: menu access on DAG Run:example_bash_operator
[2025-03-10T20:30:18.120+0000] {logging_mixin.py:190} INFO - [2025-03-10T20:30:18.120+0000] {override.py:1912} INFO - Created Permission View: can read on DAG Run:example_bash_operator
[2025-03-10T20:30:18.128+0000] {logging_mixin.py:190} INFO - [2025-03-10T20:30:18.127+0000] {override.py:1912} INFO - Created Permission View: can create on DAG Run:example_bash_operator
[2025-03-10T20:30:18.134+0000] {logging_mixin.py:190} INFO - [2025-03-10T20:30:18.134+0000] {override.py:1912} INFO - Created Permission View: can delete on DAG Run:example_bash_operator
[2025-03-10T20:30:18.135+0000] {logging_mixin.py:190} INFO - [2025-03-10T20:30:18.135+0000] {dag.py:3239} INFO - Sync 1 DAGs
[2025-03-10T20:30:18.152+0000] {logging_mixin.py:190} INFO - [2025-03-10T20:30:18.152+0000] {dag.py:3262} INFO - Creating ORM DAG for example_bash_operator
[2025-03-10T20:30:18.168+0000] {logging_mixin.py:190} INFO - [2025-03-10T20:30:18.168+0000] {dag.py:4180} INFO - Setting next_dagrun for example_bash_operator to 2025-03-09 00:00:00+00:00, run_after=2025-03-10 00:00:00+00:00
[2025-03-10T20:30:18.187+0000] {processor.py:208} INFO - Processing /home/airflow/.local/lib/python3.12/site-packages/airflow/example_dags/example_bash_operator.py took 0.206 seconds
[2025-03-10T20:30:48.477+0000] {processor.py:186} INFO - Started process (PID=203) to work on /home/airflow/.local/lib/python3.12/site-packages/airflow/example_dags/example_bash_operator.py
[2025-03-10T20:30:48.478+0000] {processor.py:914} INFO - Processing file /home/airflow/.local/lib/python3.12/site-packages/airflow/example_dags/example_bash_operator.py for tasks to queue
[2025-03-10T20:30:48.481+0000] {logging_mixin.py:190} INFO - [2025-03-10T20:30:48.481+0000] {dagbag.py:588} INFO - Filling up the DagBag from /home/airflow/.local/lib/python3.12/site-packages/airflow/example_dags/example_bash_operator.py
[2025-03-10T20:30:48.498+0000] {processor.py:925} INFO - DAG(s) 'example_bash_operator' retrieved from /home/airflow/.local/lib/python3.12/site-packages/airflow/example_dags/example_bash_operator.py
[2025-03-10T20:30:48.533+0000] {logging_mixin.py:190} INFO - [2025-03-10T20:30:48.533+0000] {dag.py:3239} INFO - Sync 1 DAGs
[2025-03-10T20:30:48.563+0000] {logging_mixin.py:190} INFO - [2025-03-10T20:30:48.562+0000] {dag.py:4180} INFO - Setting next_dagrun for example_bash_operator to 2025-03-09 00:00:00+00:00, run_after=2025-03-10 00:00:00+00:00
[2025-03-10T20:30:48.583+0000] {processor.py:208} INFO - Processing /home/airflow/.local/lib/python3.12/site-packages/airflow/example_dags/example_bash_operator.py took 0.115 seconds
[2025-03-10T20:31:25.568+0000] {processor.py:186} INFO - Started process (PID=266) to work on /home/airflow/.local/lib/python3.12/site-packages/airflow/example_dags/example_bash_operator.py
[2025-03-10T20:31:25.572+0000] {processor.py:914} INFO - Processing file /home/airflow/.local/lib/python3.12/site-packages/airflow/example_dags/example_bash_operator.py for tasks to queue
[2025-03-10T20:31:25.584+0000] {logging_mixin.py:190} INFO - [2025-03-10T20:31:25.582+0000] {dagbag.py:588} INFO - Filling up the DagBag from /home/airflow/.local/lib/python3.12/site-packages/airflow/example_dags/example_bash_operator.py
[2025-03-10T20:31:25.646+0000] {processor.py:925} INFO - DAG(s) 'example_bash_operator' retrieved from /home/airflow/.local/lib/python3.12/site-packages/airflow/example_dags/example_bash_operator.py
[2025-03-10T20:31:25.795+0000] {logging_mixin.py:190} INFO - [2025-03-10T20:31:25.794+0000] {dag.py:3239} INFO - Sync 1 DAGs
[2025-03-10T20:31:25.957+0000] {logging_mixin.py:190} INFO - [2025-03-10T20:31:25.956+0000] {dag.py:4180} INFO - Setting next_dagrun for example_bash_operator to 2025-03-09 00:00:00+00:00, run_after=2025-03-10 00:00:00+00:00
[2025-03-10T20:31:26.048+0000] {processor.py:208} INFO - Processing /home/airflow/.local/lib/python3.12/site-packages/airflow/example_dags/example_bash_operator.py took 0.510 seconds
[2025-03-10T20:31:56.157+0000] {processor.py:186} INFO - Started process (PID=329) to work on /home/airflow/.local/lib/python3.12/site-packages/airflow/example_dags/example_bash_operator.py
[2025-03-10T20:31:56.158+0000] {processor.py:914} INFO - Processing file /home/airflow/.local/lib/python3.12/site-packages/airflow/example_dags/example_bash_operator.py for tasks to queue
[2025-03-10T20:31:56.160+0000] {logging_mixin.py:190} INFO - [2025-03-10T20:31:56.160+0000] {dagbag.py:588} INFO - Filling up the DagBag from /home/airflow/.local/lib/python3.12/site-packages/airflow/example_dags/example_bash_operator.py
[2025-03-10T20:31:56.175+0000] {processor.py:925} INFO - DAG(s) 'example_bash_operator' retrieved from /home/airflow/.local/lib/python3.12/site-packages/airflow/example_dags/example_bash_operator.py
[2025-03-10T20:31:56.209+0000] {logging_mixin.py:190} INFO - [2025-03-10T20:31:56.209+0000] {dag.py:3239} INFO - Sync 1 DAGs
[2025-03-10T20:31:56.238+0000] {logging_mixin.py:190} INFO - [2025-03-10T20:31:56.237+0000] {dag.py:4180} INFO - Setting next_dagrun for example_bash_operator to 2025-03-09 00:00:00+00:00, run_after=2025-03-10 00:00:00+00:00
[2025-03-10T20:31:56.258+0000] {processor.py:208} INFO - Processing /home/airflow/.local/lib/python3.12/site-packages/airflow/example_dags/example_bash_operator.py took 0.108 seconds
[2025-03-10T20:32:26.706+0000] {processor.py:186} INFO - Started process (PID=392) to work on /home/airflow/.local/lib/python3.12/site-packages/airflow/example_dags/example_bash_operator.py
[2025-03-10T20:32:26.707+0000] {processor.py:914} INFO - Processing file /home/airflow/.local/lib/python3.12/site-packages/airflow/example_dags/example_bash_operator.py for tasks to queue
[2025-03-10T20:32:26.713+0000] {logging_mixin.py:190} INFO - [2025-03-10T20:32:26.712+0000] {dagbag.py:588} INFO - Filling up the DagBag from /home/airflow/.local/lib/python3.12/site-packages/airflow/example_dags/example_bash_operator.py
[2025-03-10T20:32:26.745+0000] {processor.py:925} INFO - DAG(s) 'example_bash_operator' retrieved from /home/airflow/.local/lib/python3.12/site-packages/airflow/example_dags/example_bash_operator.py
[2025-03-10T20:32:26.788+0000] {logging_mixin.py:190} INFO - [2025-03-10T20:32:26.788+0000] {dag.py:3239} INFO - Sync 1 DAGs
[2025-03-10T20:32:26.821+0000] {logging_mixin.py:190} INFO - [2025-03-10T20:32:26.821+0000] {dag.py:4180} INFO - Setting next_dagrun for example_bash_operator to 2025-03-09 00:00:00+00:00, run_after=2025-03-10 00:00:00+00:00
[2025-03-10T20:32:26.843+0000] {processor.py:208} INFO - Processing /home/airflow/.local/lib/python3.12/site-packages/airflow/example_dags/example_bash_operator.py took 0.170 seconds
[2025-03-10T20:32:56.962+0000] {processor.py:186} INFO - Started process (PID=456) to work on /home/airflow/.local/lib/python3.12/site-packages/airflow/example_dags/example_bash_operator.py
[2025-03-10T20:32:56.963+0000] {processor.py:914} INFO - Processing file /home/airflow/.local/lib/python3.12/site-packages/airflow/example_dags/example_bash_operator.py for tasks to queue
[2025-03-10T20:32:56.965+0000] {logging_mixin.py:190} INFO - [2025-03-10T20:32:56.965+0000] {dagbag.py:588} INFO - Filling up the DagBag from /home/airflow/.local/lib/python3.12/site-packages/airflow/example_dags/example_bash_operator.py
[2025-03-10T20:32:56.980+0000] {processor.py:925} INFO - DAG(s) 'example_bash_operator' retrieved from /home/airflow/.local/lib/python3.12/site-packages/airflow/example_dags/example_bash_operator.py
[2025-03-10T20:32:57.012+0000] {logging_mixin.py:190} INFO - [2025-03-10T20:32:57.012+0000] {dag.py:3239} INFO - Sync 1 DAGs
[2025-03-10T20:32:57.044+0000] {logging_mixin.py:190} INFO - [2025-03-10T20:32:57.043+0000] {dag.py:4180} INFO - Setting next_dagrun for example_bash_operator to 2025-03-09 00:00:00+00:00, run_after=2025-03-10 00:00:00+00:00
[2025-03-10T20:32:57.063+0000] {processor.py:208} INFO - Processing /home/airflow/.local/lib/python3.12/site-packages/airflow/example_dags/example_bash_operator.py took 0.108 seconds
[2025-03-10T20:33:27.144+0000] {processor.py:186} INFO - Started process (PID=519) to work on /home/airflow/.local/lib/python3.12/site-packages/airflow/example_dags/example_bash_operator.py
[2025-03-10T20:33:27.145+0000] {processor.py:914} INFO - Processing file /home/airflow/.local/lib/python3.12/site-packages/airflow/example_dags/example_bash_operator.py for tasks to queue
[2025-03-10T20:33:27.148+0000] {logging_mixin.py:190} INFO - [2025-03-10T20:33:27.148+0000] {dagbag.py:588} INFO - Filling up the DagBag from /home/airflow/.local/lib/python3.12/site-packages/airflow/example_dags/example_bash_operator.py
[2025-03-10T20:33:27.164+0000] {processor.py:925} INFO - DAG(s) 'example_bash_operator' retrieved from /home/airflow/.local/lib/python3.12/site-packages/airflow/example_dags/example_bash_operator.py
[2025-03-10T20:33:27.200+0000] {logging_mixin.py:190} INFO - [2025-03-10T20:33:27.200+0000] {dag.py:3239} INFO - Sync 1 DAGs
[2025-03-10T20:33:27.230+0000] {logging_mixin.py:190} INFO - [2025-03-10T20:33:27.230+0000] {dag.py:4180} INFO - Setting next_dagrun for example_bash_operator to 2025-03-09 00:00:00+00:00, run_after=2025-03-10 00:00:00+00:00
[2025-03-10T20:33:27.253+0000] {processor.py:208} INFO - Processing /home/airflow/.local/lib/python3.12/site-packages/airflow/example_dags/example_bash_operator.py took 0.118 seconds
[2025-03-10T20:33:57.370+0000] {processor.py:186} INFO - Started process (PID=581) to work on /home/airflow/.local/lib/python3.12/site-packages/airflow/example_dags/example_bash_operator.py
[2025-03-10T20:33:57.371+0000] {processor.py:914} INFO - Processing file /home/airflow/.local/lib/python3.12/site-packages/airflow/example_dags/example_bash_operator.py for tasks to queue
[2025-03-10T20:33:57.374+0000] {logging_mixin.py:190} INFO - [2025-03-10T20:33:57.374+0000] {dagbag.py:588} INFO - Filling up the DagBag from /home/airflow/.local/lib/python3.12/site-packages/airflow/example_dags/example_bash_operator.py
[2025-03-10T20:33:57.390+0000] {processor.py:925} INFO - DAG(s) 'example_bash_operator' retrieved from /home/airflow/.local/lib/python3.12/site-packages/airflow/example_dags/example_bash_operator.py
[2025-03-10T20:33:57.433+0000] {logging_mixin.py:190} INFO - [2025-03-10T20:33:57.433+0000] {dag.py:3239} INFO - Sync 1 DAGs
[2025-03-10T20:33:57.466+0000] {logging_mixin.py:190} INFO - [2025-03-10T20:33:57.466+0000] {dag.py:4180} INFO - Setting next_dagrun for example_bash_operator to 2025-03-09 00:00:00+00:00, run_after=2025-03-10 00:00:00+00:00
[2025-03-10T20:33:57.487+0000] {processor.py:208} INFO - Processing /home/airflow/.local/lib/python3.12/site-packages/airflow/example_dags/example_bash_operator.py took 0.124 seconds
[2025-03-10T20:34:28.493+0000] {processor.py:186} INFO - Started process (PID=644) to work on /home/airflow/.local/lib/python3.12/site-packages/airflow/example_dags/example_bash_operator.py
[2025-03-10T20:34:28.494+0000] {processor.py:914} INFO - Processing file /home/airflow/.local/lib/python3.12/site-packages/airflow/example_dags/example_bash_operator.py for tasks to queue
[2025-03-10T20:34:28.497+0000] {logging_mixin.py:190} INFO - [2025-03-10T20:34:28.496+0000] {dagbag.py:588} INFO - Filling up the DagBag from /home/airflow/.local/lib/python3.12/site-packages/airflow/example_dags/example_bash_operator.py
[2025-03-10T20:34:28.512+0000] {processor.py:925} INFO - DAG(s) 'example_bash_operator' retrieved from /home/airflow/.local/lib/python3.12/site-packages/airflow/example_dags/example_bash_operator.py
[2025-03-10T20:34:28.549+0000] {logging_mixin.py:190} INFO - [2025-03-10T20:34:28.549+0000] {dag.py:3239} INFO - Sync 1 DAGs
[2025-03-10T20:34:28.579+0000] {logging_mixin.py:190} INFO - [2025-03-10T20:34:28.579+0000] {dag.py:4180} INFO - Setting next_dagrun for example_bash_operator to 2025-03-09 00:00:00+00:00, run_after=2025-03-10 00:00:00+00:00
[2025-03-10T20:34:28.598+0000] {processor.py:208} INFO - Processing /home/airflow/.local/lib/python3.12/site-packages/airflow/example_dags/example_bash_operator.py took 0.113 seconds
[2025-03-10T20:34:58.658+0000] {processor.py:186} INFO - Started process (PID=706) to work on /home/airflow/.local/lib/python3.12/site-packages/airflow/example_dags/example_bash_operator.py
[2025-03-10T20:34:58.659+0000] {processor.py:914} INFO - Processing file /home/airflow/.local/lib/python3.12/site-packages/airflow/example_dags/example_bash_operator.py for tasks to queue
[2025-03-10T20:34:58.662+0000] {logging_mixin.py:190} INFO - [2025-03-10T20:34:58.661+0000] {dagbag.py:588} INFO - Filling up the DagBag from /home/airflow/.local/lib/python3.12/site-packages/airflow/example_dags/example_bash_operator.py
[2025-03-10T20:34:58.676+0000] {processor.py:925} INFO - DAG(s) 'example_bash_operator' retrieved from /home/airflow/.local/lib/python3.12/site-packages/airflow/example_dags/example_bash_operator.py
[2025-03-10T20:34:58.709+0000] {logging_mixin.py:190} INFO - [2025-03-10T20:34:58.709+0000] {dag.py:3239} INFO - Sync 1 DAGs
[2025-03-10T20:34:58.741+0000] {logging_mixin.py:190} INFO - [2025-03-10T20:34:58.741+0000] {dag.py:4180} INFO - Setting next_dagrun for example_bash_operator to 2025-03-09 00:00:00+00:00, run_after=2025-03-10 00:00:00+00:00
[2025-03-10T20:34:58.764+0000] {processor.py:208} INFO - Processing /home/airflow/.local/lib/python3.12/site-packages/airflow/example_dags/example_bash_operator.py took 0.114 seconds
[2025-03-10T20:35:29.002+0000] {processor.py:186} INFO - Started process (PID=769) to work on /home/airflow/.local/lib/python3.12/site-packages/airflow/example_dags/example_bash_operator.py
[2025-03-10T20:35:29.003+0000] {processor.py:914} INFO - Processing file /home/airflow/.local/lib/python3.12/site-packages/airflow/example_dags/example_bash_operator.py for tasks to queue
[2025-03-10T20:35:29.008+0000] {logging_mixin.py:190} INFO - [2025-03-10T20:35:29.007+0000] {dagbag.py:588} INFO - Filling up the DagBag from /home/airflow/.local/lib/python3.12/site-packages/airflow/example_dags/example_bash_operator.py
[2025-03-10T20:35:29.033+0000] {processor.py:925} INFO - DAG(s) 'example_bash_operator' retrieved from /home/airflow/.local/lib/python3.12/site-packages/airflow/example_dags/example_bash_operator.py
[2025-03-10T20:35:29.092+0000] {logging_mixin.py:190} INFO - [2025-03-10T20:35:29.092+0000] {dag.py:3239} INFO - Sync 1 DAGs
[2025-03-10T20:35:29.143+0000] {logging_mixin.py:190} INFO - [2025-03-10T20:35:29.143+0000] {dag.py:4180} INFO - Setting next_dagrun for example_bash_operator to 2025-03-09 00:00:00+00:00, run_after=2025-03-10 00:00:00+00:00
[2025-03-10T20:35:29.179+0000] {processor.py:208} INFO - Processing /home/airflow/.local/lib/python3.12/site-packages/airflow/example_dags/example_bash_operator.py took 0.187 seconds
[2025-03-10T20:35:59.389+0000] {processor.py:186} INFO - Started process (PID=832) to work on /home/airflow/.local/lib/python3.12/site-packages/airflow/example_dags/example_bash_operator.py
[2025-03-10T20:35:59.390+0000] {processor.py:914} INFO - Processing file /home/airflow/.local/lib/python3.12/site-packages/airflow/example_dags/example_bash_operator.py for tasks to queue
[2025-03-10T20:35:59.394+0000] {logging_mixin.py:190} INFO - [2025-03-10T20:35:59.393+0000] {dagbag.py:588} INFO - Filling up the DagBag from /home/airflow/.local/lib/python3.12/site-packages/airflow/example_dags/example_bash_operator.py
[2025-03-10T20:35:59.413+0000] {processor.py:925} INFO - DAG(s) 'example_bash_operator' retrieved from /home/airflow/.local/lib/python3.12/site-packages/airflow/example_dags/example_bash_operator.py
[2025-03-10T20:35:59.454+0000] {logging_mixin.py:190} INFO - [2025-03-10T20:35:59.454+0000] {dag.py:3239} INFO - Sync 1 DAGs
[2025-03-10T20:35:59.491+0000] {logging_mixin.py:190} INFO - [2025-03-10T20:35:59.491+0000] {dag.py:4180} INFO - Setting next_dagrun for example_bash_operator to 2025-03-09 00:00:00+00:00, run_after=2025-03-10 00:00:00+00:00
[2025-03-10T20:35:59.517+0000] {processor.py:208} INFO - Processing /home/airflow/.local/lib/python3.12/site-packages/airflow/example_dags/example_bash_operator.py took 0.135 seconds
[2025-03-10T20:36:29.648+0000] {processor.py:186} INFO - Started process (PID=895) to work on /home/airflow/.local/lib/python3.12/site-packages/airflow/example_dags/example_bash_operator.py
[2025-03-10T20:36:29.649+0000] {processor.py:914} INFO - Processing file /home/airflow/.local/lib/python3.12/site-packages/airflow/example_dags/example_bash_operator.py for tasks to queue
[2025-03-10T20:36:29.652+0000] {logging_mixin.py:190} INFO - [2025-03-10T20:36:29.651+0000] {dagbag.py:588} INFO - Filling up the DagBag from /home/airflow/.local/lib/python3.12/site-packages/airflow/example_dags/example_bash_operator.py
[2025-03-10T20:36:29.668+0000] {processor.py:925} INFO - DAG(s) 'example_bash_operator' retrieved from /home/airflow/.local/lib/python3.12/site-packages/airflow/example_dags/example_bash_operator.py
[2025-03-10T20:36:29.704+0000] {logging_mixin.py:190} INFO - [2025-03-10T20:36:29.704+0000] {dag.py:3239} INFO - Sync 1 DAGs
[2025-03-10T20:36:29.735+0000] {logging_mixin.py:190} INFO - [2025-03-10T20:36:29.734+0000] {dag.py:4180} INFO - Setting next_dagrun for example_bash_operator to 2025-03-09 00:00:00+00:00, run_after=2025-03-10 00:00:00+00:00
[2025-03-10T20:36:29.758+0000] {processor.py:208} INFO - Processing /home/airflow/.local/lib/python3.12/site-packages/airflow/example_dags/example_bash_operator.py took 0.119 seconds
[2025-03-10T20:37:00.133+0000] {processor.py:186} INFO - Started process (PID=958) to work on /home/airflow/.local/lib/python3.12/site-packages/airflow/example_dags/example_bash_operator.py
[2025-03-10T20:37:00.134+0000] {processor.py:914} INFO - Processing file /home/airflow/.local/lib/python3.12/site-packages/airflow/example_dags/example_bash_operator.py for tasks to queue
[2025-03-10T20:37:00.136+0000] {logging_mixin.py:190} INFO - [2025-03-10T20:37:00.136+0000] {dagbag.py:588} INFO - Filling up the DagBag from /home/airflow/.local/lib/python3.12/site-packages/airflow/example_dags/example_bash_operator.py
[2025-03-10T20:37:00.152+0000] {processor.py:925} INFO - DAG(s) 'example_bash_operator' retrieved from /home/airflow/.local/lib/python3.12/site-packages/airflow/example_dags/example_bash_operator.py
[2025-03-10T20:37:00.186+0000] {logging_mixin.py:190} INFO - [2025-03-10T20:37:00.186+0000] {dag.py:3239} INFO - Sync 1 DAGs
[2025-03-10T20:37:00.216+0000] {logging_mixin.py:190} INFO - [2025-03-10T20:37:00.216+0000] {dag.py:4180} INFO - Setting next_dagrun for example_bash_operator to 2025-03-09 00:00:00+00:00, run_after=2025-03-10 00:00:00+00:00
[2025-03-10T20:37:00.237+0000] {processor.py:208} INFO - Processing /home/airflow/.local/lib/python3.12/site-packages/airflow/example_dags/example_bash_operator.py took 0.112 seconds
[2025-03-10T20:37:30.451+0000] {processor.py:186} INFO - Started process (PID=1022) to work on /home/airflow/.local/lib/python3.12/site-packages/airflow/example_dags/example_bash_operator.py
[2025-03-10T20:37:30.452+0000] {processor.py:914} INFO - Processing file /home/airflow/.local/lib/python3.12/site-packages/airflow/example_dags/example_bash_operator.py for tasks to queue
[2025-03-10T20:37:30.455+0000] {logging_mixin.py:190} INFO - [2025-03-10T20:37:30.454+0000] {dagbag.py:588} INFO - Filling up the DagBag from /home/airflow/.local/lib/python3.12/site-packages/airflow/example_dags/example_bash_operator.py
[2025-03-10T20:37:30.470+0000] {processor.py:925} INFO - DAG(s) 'example_bash_operator' retrieved from /home/airflow/.local/lib/python3.12/site-packages/airflow/example_dags/example_bash_operator.py
[2025-03-10T20:37:30.505+0000] {logging_mixin.py:190} INFO - [2025-03-10T20:37:30.504+0000] {dag.py:3239} INFO - Sync 1 DAGs
[2025-03-10T20:37:30.537+0000] {logging_mixin.py:190} INFO - [2025-03-10T20:37:30.536+0000] {dag.py:4180} INFO - Setting next_dagrun for example_bash_operator to 2025-03-09 00:00:00+00:00, run_after=2025-03-10 00:00:00+00:00
[2025-03-10T20:37:30.558+0000] {processor.py:208} INFO - Processing /home/airflow/.local/lib/python3.12/site-packages/airflow/example_dags/example_bash_operator.py took 0.114 seconds
[2025-03-10T20:38:01.101+0000] {processor.py:186} INFO - Started process (PID=1085) to work on /home/airflow/.local/lib/python3.12/site-packages/airflow/example_dags/example_bash_operator.py
[2025-03-10T20:38:01.102+0000] {processor.py:914} INFO - Processing file /home/airflow/.local/lib/python3.12/site-packages/airflow/example_dags/example_bash_operator.py for tasks to queue
[2025-03-10T20:38:01.105+0000] {logging_mixin.py:190} INFO - [2025-03-10T20:38:01.104+0000] {dagbag.py:588} INFO - Filling up the DagBag from /home/airflow/.local/lib/python3.12/site-packages/airflow/example_dags/example_bash_operator.py
[2025-03-10T20:38:01.119+0000] {processor.py:925} INFO - DAG(s) 'example_bash_operator' retrieved from /home/airflow/.local/lib/python3.12/site-packages/airflow/example_dags/example_bash_operator.py
[2025-03-10T20:38:01.152+0000] {logging_mixin.py:190} INFO - [2025-03-10T20:38:01.152+0000] {dag.py:3239} INFO - Sync 1 DAGs
[2025-03-10T20:38:01.185+0000] {logging_mixin.py:190} INFO - [2025-03-10T20:38:01.185+0000] {dag.py:4180} INFO - Setting next_dagrun for example_bash_operator to 2025-03-09 00:00:00+00:00, run_after=2025-03-10 00:00:00+00:00
[2025-03-10T20:38:01.209+0000] {processor.py:208} INFO - Processing /home/airflow/.local/lib/python3.12/site-packages/airflow/example_dags/example_bash_operator.py took 0.115 seconds
[2025-03-10T20:38:31.696+0000] {processor.py:186} INFO - Started process (PID=1148) to work on /home/airflow/.local/lib/python3.12/site-packages/airflow/example_dags/example_bash_operator.py
[2025-03-10T20:38:31.697+0000] {processor.py:914} INFO - Processing file /home/airflow/.local/lib/python3.12/site-packages/airflow/example_dags/example_bash_operator.py for tasks to queue
[2025-03-10T20:38:31.700+0000] {logging_mixin.py:190} INFO - [2025-03-10T20:38:31.699+0000] {dagbag.py:588} INFO - Filling up the DagBag from /home/airflow/.local/lib/python3.12/site-packages/airflow/example_dags/example_bash_operator.py
[2025-03-10T20:38:31.715+0000] {processor.py:925} INFO - DAG(s) 'example_bash_operator' retrieved from /home/airflow/.local/lib/python3.12/site-packages/airflow/example_dags/example_bash_operator.py
[2025-03-10T20:38:31.752+0000] {logging_mixin.py:190} INFO - [2025-03-10T20:38:31.752+0000] {dag.py:3239} INFO - Sync 1 DAGs
[2025-03-10T20:38:31.785+0000] {logging_mixin.py:190} INFO - [2025-03-10T20:38:31.785+0000] {dag.py:4180} INFO - Setting next_dagrun for example_bash_operator to 2025-03-09 00:00:00+00:00, run_after=2025-03-10 00:00:00+00:00
[2025-03-10T20:38:31.813+0000] {processor.py:208} INFO - Processing /home/airflow/.local/lib/python3.12/site-packages/airflow/example_dags/example_bash_operator.py took 0.124 seconds
[2025-03-10T20:39:02.288+0000] {processor.py:186} INFO - Started process (PID=1211) to work on /home/airflow/.local/lib/python3.12/site-packages/airflow/example_dags/example_bash_operator.py
[2025-03-10T20:39:02.289+0000] {processor.py:914} INFO - Processing file /home/airflow/.local/lib/python3.12/site-packages/airflow/example_dags/example_bash_operator.py for tasks to queue
[2025-03-10T20:39:02.292+0000] {logging_mixin.py:190} INFO - [2025-03-10T20:39:02.292+0000] {dagbag.py:588} INFO - Filling up the DagBag from /home/airflow/.local/lib/python3.12/site-packages/airflow/example_dags/example_bash_operator.py
[2025-03-10T20:39:02.308+0000] {processor.py:925} INFO - DAG(s) 'example_bash_operator' retrieved from /home/airflow/.local/lib/python3.12/site-packages/airflow/example_dags/example_bash_operator.py
[2025-03-10T20:39:02.346+0000] {logging_mixin.py:190} INFO - [2025-03-10T20:39:02.346+0000] {dag.py:3239} INFO - Sync 1 DAGs
[2025-03-10T20:39:02.381+0000] {logging_mixin.py:190} INFO - [2025-03-10T20:39:02.380+0000] {dag.py:4180} INFO - Setting next_dagrun for example_bash_operator to 2025-03-09 00:00:00+00:00, run_after=2025-03-10 00:00:00+00:00
[2025-03-10T20:39:02.403+0000] {processor.py:208} INFO - Processing /home/airflow/.local/lib/python3.12/site-packages/airflow/example_dags/example_bash_operator.py took 0.122 seconds
[2025-03-10T20:39:32.935+0000] {processor.py:186} INFO - Started process (PID=1274) to work on /home/airflow/.local/lib/python3.12/site-packages/airflow/example_dags/example_bash_operator.py
[2025-03-10T20:39:32.936+0000] {processor.py:914} INFO - Processing file /home/airflow/.local/lib/python3.12/site-packages/airflow/example_dags/example_bash_operator.py for tasks to queue
[2025-03-10T20:39:32.939+0000] {logging_mixin.py:190} INFO - [2025-03-10T20:39:32.939+0000] {dagbag.py:588} INFO - Filling up the DagBag from /home/airflow/.local/lib/python3.12/site-packages/airflow/example_dags/example_bash_operator.py
[2025-03-10T20:39:32.954+0000] {processor.py:925} INFO - DAG(s) 'example_bash_operator' retrieved from /home/airflow/.local/lib/python3.12/site-packages/airflow/example_dags/example_bash_operator.py
[2025-03-10T20:39:32.989+0000] {logging_mixin.py:190} INFO - [2025-03-10T20:39:32.989+0000] {dag.py:3239} INFO - Sync 1 DAGs
[2025-03-10T20:39:33.019+0000] {logging_mixin.py:190} INFO - [2025-03-10T20:39:33.019+0000] {dag.py:4180} INFO - Setting next_dagrun for example_bash_operator to 2025-03-09 00:00:00+00:00, run_after=2025-03-10 00:00:00+00:00
[2025-03-10T20:39:33.040+0000] {processor.py:208} INFO - Processing /home/airflow/.local/lib/python3.12/site-packages/airflow/example_dags/example_bash_operator.py took 0.111 seconds
[2025-03-10T20:40:03.698+0000] {processor.py:186} INFO - Started process (PID=1337) to work on /home/airflow/.local/lib/python3.12/site-packages/airflow/example_dags/example_bash_operator.py
[2025-03-10T20:40:03.699+0000] {processor.py:914} INFO - Processing file /home/airflow/.local/lib/python3.12/site-packages/airflow/example_dags/example_bash_operator.py for tasks to queue
[2025-03-10T20:40:03.702+0000] {logging_mixin.py:190} INFO - [2025-03-10T20:40:03.702+0000] {dagbag.py:588} INFO - Filling up the DagBag from /home/airflow/.local/lib/python3.12/site-packages/airflow/example_dags/example_bash_operator.py
[2025-03-10T20:40:03.718+0000] {processor.py:925} INFO - DAG(s) 'example_bash_operator' retrieved from /home/airflow/.local/lib/python3.12/site-packages/airflow/example_dags/example_bash_operator.py
[2025-03-10T20:40:03.752+0000] {logging_mixin.py:190} INFO - [2025-03-10T20:40:03.752+0000] {dag.py:3239} INFO - Sync 1 DAGs
[2025-03-10T20:40:03.784+0000] {logging_mixin.py:190} INFO - [2025-03-10T20:40:03.783+0000] {dag.py:4180} INFO - Setting next_dagrun for example_bash_operator to 2025-03-09 00:00:00+00:00, run_after=2025-03-10 00:00:00+00:00
[2025-03-10T20:40:03.804+0000] {processor.py:208} INFO - Processing /home/airflow/.local/lib/python3.12/site-packages/airflow/example_dags/example_bash_operator.py took 0.114 seconds
[2025-03-10T20:40:34.555+0000] {processor.py:186} INFO - Started process (PID=1400) to work on /home/airflow/.local/lib/python3.12/site-packages/airflow/example_dags/example_bash_operator.py
[2025-03-10T20:40:34.556+0000] {processor.py:914} INFO - Processing file /home/airflow/.local/lib/python3.12/site-packages/airflow/example_dags/example_bash_operator.py for tasks to queue
[2025-03-10T20:40:34.559+0000] {logging_mixin.py:190} INFO - [2025-03-10T20:40:34.558+0000] {dagbag.py:588} INFO - Filling up the DagBag from /home/airflow/.local/lib/python3.12/site-packages/airflow/example_dags/example_bash_operator.py
[2025-03-10T20:40:34.573+0000] {processor.py:925} INFO - DAG(s) 'example_bash_operator' retrieved from /home/airflow/.local/lib/python3.12/site-packages/airflow/example_dags/example_bash_operator.py
[2025-03-10T20:40:34.608+0000] {logging_mixin.py:190} INFO - [2025-03-10T20:40:34.608+0000] {dag.py:3239} INFO - Sync 1 DAGs
[2025-03-10T20:40:34.640+0000] {logging_mixin.py:190} INFO - [2025-03-10T20:40:34.639+0000] {dag.py:4180} INFO - Setting next_dagrun for example_bash_operator to 2025-03-09 00:00:00+00:00, run_after=2025-03-10 00:00:00+00:00
[2025-03-10T20:40:34.662+0000] {processor.py:208} INFO - Processing /home/airflow/.local/lib/python3.12/site-packages/airflow/example_dags/example_bash_operator.py took 0.114 seconds
[2025-03-10T20:41:05.088+0000] {processor.py:186} INFO - Started process (PID=1463) to work on /home/airflow/.local/lib/python3.12/site-packages/airflow/example_dags/example_bash_operator.py
[2025-03-10T20:41:05.089+0000] {processor.py:914} INFO - Processing file /home/airflow/.local/lib/python3.12/site-packages/airflow/example_dags/example_bash_operator.py for tasks to queue
[2025-03-10T20:41:05.092+0000] {logging_mixin.py:190} INFO - [2025-03-10T20:41:05.091+0000] {dagbag.py:588} INFO - Filling up the DagBag from /home/airflow/.local/lib/python3.12/site-packages/airflow/example_dags/example_bash_operator.py
[2025-03-10T20:41:05.107+0000] {processor.py:925} INFO - DAG(s) 'example_bash_operator' retrieved from /home/airflow/.local/lib/python3.12/site-packages/airflow/example_dags/example_bash_operator.py
[2025-03-10T20:41:05.143+0000] {logging_mixin.py:190} INFO - [2025-03-10T20:41:05.142+0000] {dag.py:3239} INFO - Sync 1 DAGs
[2025-03-10T20:41:05.173+0000] {logging_mixin.py:190} INFO - [2025-03-10T20:41:05.173+0000] {dag.py:4180} INFO - Setting next_dagrun for example_bash_operator to 2025-03-09 00:00:00+00:00, run_after=2025-03-10 00:00:00+00:00
[2025-03-10T20:41:05.195+0000] {processor.py:208} INFO - Processing /home/airflow/.local/lib/python3.12/site-packages/airflow/example_dags/example_bash_operator.py took 0.114 seconds
[2025-03-10T20:41:35.848+0000] {processor.py:186} INFO - Started process (PID=1526) to work on /home/airflow/.local/lib/python3.12/site-packages/airflow/example_dags/example_bash_operator.py
[2025-03-10T20:41:35.848+0000] {processor.py:914} INFO - Processing file /home/airflow/.local/lib/python3.12/site-packages/airflow/example_dags/example_bash_operator.py for tasks to queue
[2025-03-10T20:41:35.852+0000] {logging_mixin.py:190} INFO - [2025-03-10T20:41:35.851+0000] {dagbag.py:588} INFO - Filling up the DagBag from /home/airflow/.local/lib/python3.12/site-packages/airflow/example_dags/example_bash_operator.py
[2025-03-10T20:41:35.867+0000] {processor.py:925} INFO - DAG(s) 'example_bash_operator' retrieved from /home/airflow/.local/lib/python3.12/site-packages/airflow/example_dags/example_bash_operator.py
[2025-03-10T20:41:35.901+0000] {logging_mixin.py:190} INFO - [2025-03-10T20:41:35.901+0000] {dag.py:3239} INFO - Sync 1 DAGs
[2025-03-10T20:41:35.934+0000] {logging_mixin.py:190} INFO - [2025-03-10T20:41:35.934+0000] {dag.py:4180} INFO - Setting next_dagrun for example_bash_operator to 2025-03-09 00:00:00+00:00, run_after=2025-03-10 00:00:00+00:00
[2025-03-10T20:41:35.957+0000] {processor.py:208} INFO - Processing /home/airflow/.local/lib/python3.12/site-packages/airflow/example_dags/example_bash_operator.py took 0.117 seconds
[2025-03-10T20:42:06.476+0000] {processor.py:186} INFO - Started process (PID=1589) to work on /home/airflow/.local/lib/python3.12/site-packages/airflow/example_dags/example_bash_operator.py
[2025-03-10T20:42:06.477+0000] {processor.py:914} INFO - Processing file /home/airflow/.local/lib/python3.12/site-packages/airflow/example_dags/example_bash_operator.py for tasks to queue
[2025-03-10T20:42:06.480+0000] {logging_mixin.py:190} INFO - [2025-03-10T20:42:06.480+0000] {dagbag.py:588} INFO - Filling up the DagBag from /home/airflow/.local/lib/python3.12/site-packages/airflow/example_dags/example_bash_operator.py
[2025-03-10T20:42:06.496+0000] {processor.py:925} INFO - DAG(s) 'example_bash_operator' retrieved from /home/airflow/.local/lib/python3.12/site-packages/airflow/example_dags/example_bash_operator.py
[2025-03-10T20:42:06.530+0000] {logging_mixin.py:190} INFO - [2025-03-10T20:42:06.530+0000] {dag.py:3239} INFO - Sync 1 DAGs
[2025-03-10T20:42:06.560+0000] {logging_mixin.py:190} INFO - [2025-03-10T20:42:06.560+0000] {dag.py:4180} INFO - Setting next_dagrun for example_bash_operator to 2025-03-09 00:00:00+00:00, run_after=2025-03-10 00:00:00+00:00
[2025-03-10T20:42:06.580+0000] {processor.py:208} INFO - Processing /home/airflow/.local/lib/python3.12/site-packages/airflow/example_dags/example_bash_operator.py took 0.111 seconds
[2025-03-10T20:42:36.735+0000] {processor.py:186} INFO - Started process (PID=1652) to work on /home/airflow/.local/lib/python3.12/site-packages/airflow/example_dags/example_bash_operator.py
[2025-03-10T20:42:36.736+0000] {processor.py:914} INFO - Processing file /home/airflow/.local/lib/python3.12/site-packages/airflow/example_dags/example_bash_operator.py for tasks to queue
[2025-03-10T20:42:36.739+0000] {logging_mixin.py:190} INFO - [2025-03-10T20:42:36.738+0000] {dagbag.py:588} INFO - Filling up the DagBag from /home/airflow/.local/lib/python3.12/site-packages/airflow/example_dags/example_bash_operator.py
[2025-03-10T20:42:36.756+0000] {processor.py:925} INFO - DAG(s) 'example_bash_operator' retrieved from /home/airflow/.local/lib/python3.12/site-packages/airflow/example_dags/example_bash_operator.py
[2025-03-10T20:42:36.793+0000] {logging_mixin.py:190} INFO - [2025-03-10T20:42:36.792+0000] {dag.py:3239} INFO - Sync 1 DAGs
[2025-03-10T20:42:36.823+0000] {logging_mixin.py:190} INFO - [2025-03-10T20:42:36.822+0000] {dag.py:4180} INFO - Setting next_dagrun for example_bash_operator to 2025-03-09 00:00:00+00:00, run_after=2025-03-10 00:00:00+00:00
[2025-03-10T20:42:36.842+0000] {processor.py:208} INFO - Processing /home/airflow/.local/lib/python3.12/site-packages/airflow/example_dags/example_bash_operator.py took 0.115 seconds
[2025-03-10T20:43:08.091+0000] {processor.py:186} INFO - Started process (PID=1715) to work on /home/airflow/.local/lib/python3.12/site-packages/airflow/example_dags/example_bash_operator.py
[2025-03-10T20:43:08.092+0000] {processor.py:914} INFO - Processing file /home/airflow/.local/lib/python3.12/site-packages/airflow/example_dags/example_bash_operator.py for tasks to queue
[2025-03-10T20:43:08.094+0000] {logging_mixin.py:190} INFO - [2025-03-10T20:43:08.094+0000] {dagbag.py:588} INFO - Filling up the DagBag from /home/airflow/.local/lib/python3.12/site-packages/airflow/example_dags/example_bash_operator.py
[2025-03-10T20:43:08.109+0000] {processor.py:925} INFO - DAG(s) 'example_bash_operator' retrieved from /home/airflow/.local/lib/python3.12/site-packages/airflow/example_dags/example_bash_operator.py
[2025-03-10T20:43:08.144+0000] {logging_mixin.py:190} INFO - [2025-03-10T20:43:08.143+0000] {dag.py:3239} INFO - Sync 1 DAGs
[2025-03-10T20:43:08.173+0000] {logging_mixin.py:190} INFO - [2025-03-10T20:43:08.173+0000] {dag.py:4180} INFO - Setting next_dagrun for example_bash_operator to 2025-03-09 00:00:00+00:00, run_after=2025-03-10 00:00:00+00:00
[2025-03-10T20:43:08.192+0000] {processor.py:208} INFO - Processing /home/airflow/.local/lib/python3.12/site-packages/airflow/example_dags/example_bash_operator.py took 0.108 seconds
[2025-03-10T20:43:38.509+0000] {processor.py:186} INFO - Started process (PID=1778) to work on /home/airflow/.local/lib/python3.12/site-packages/airflow/example_dags/example_bash_operator.py
[2025-03-10T20:43:38.510+0000] {processor.py:914} INFO - Processing file /home/airflow/.local/lib/python3.12/site-packages/airflow/example_dags/example_bash_operator.py for tasks to queue
[2025-03-10T20:43:38.513+0000] {logging_mixin.py:190} INFO - [2025-03-10T20:43:38.513+0000] {dagbag.py:588} INFO - Filling up the DagBag from /home/airflow/.local/lib/python3.12/site-packages/airflow/example_dags/example_bash_operator.py
[2025-03-10T20:43:38.528+0000] {processor.py:925} INFO - DAG(s) 'example_bash_operator' retrieved from /home/airflow/.local/lib/python3.12/site-packages/airflow/example_dags/example_bash_operator.py
[2025-03-10T20:43:38.563+0000] {logging_mixin.py:190} INFO - [2025-03-10T20:43:38.563+0000] {dag.py:3239} INFO - Sync 1 DAGs
[2025-03-10T20:43:38.594+0000] {logging_mixin.py:190} INFO - [2025-03-10T20:43:38.594+0000] {dag.py:4180} INFO - Setting next_dagrun for example_bash_operator to 2025-03-09 00:00:00+00:00, run_after=2025-03-10 00:00:00+00:00
[2025-03-10T20:43:38.847+0000] {processor.py:208} INFO - Processing /home/airflow/.local/lib/python3.12/site-packages/airflow/example_dags/example_bash_operator.py took 0.346 seconds
[2025-03-10T20:44:09.375+0000] {processor.py:186} INFO - Started process (PID=1841) to work on /home/airflow/.local/lib/python3.12/site-packages/airflow/example_dags/example_bash_operator.py
[2025-03-10T20:44:09.377+0000] {processor.py:914} INFO - Processing file /home/airflow/.local/lib/python3.12/site-packages/airflow/example_dags/example_bash_operator.py for tasks to queue
[2025-03-10T20:44:09.381+0000] {logging_mixin.py:190} INFO - [2025-03-10T20:44:09.380+0000] {dagbag.py:588} INFO - Filling up the DagBag from /home/airflow/.local/lib/python3.12/site-packages/airflow/example_dags/example_bash_operator.py
[2025-03-10T20:44:09.398+0000] {processor.py:925} INFO - DAG(s) 'example_bash_operator' retrieved from /home/airflow/.local/lib/python3.12/site-packages/airflow/example_dags/example_bash_operator.py
[2025-03-10T20:44:09.434+0000] {logging_mixin.py:190} INFO - [2025-03-10T20:44:09.434+0000] {dag.py:3239} INFO - Sync 1 DAGs
[2025-03-10T20:44:09.463+0000] {logging_mixin.py:190} INFO - [2025-03-10T20:44:09.463+0000] {dag.py:4180} INFO - Setting next_dagrun for example_bash_operator to 2025-03-09 00:00:00+00:00, run_after=2025-03-10 00:00:00+00:00
[2025-03-10T20:44:09.483+0000] {processor.py:208} INFO - Processing /home/airflow/.local/lib/python3.12/site-packages/airflow/example_dags/example_bash_operator.py took 0.117 seconds
[2025-03-10T20:44:41.748+0000] {processor.py:186} INFO - Started process (PID=1910) to work on /home/airflow/.local/lib/python3.12/site-packages/airflow/example_dags/example_bash_operator.py
[2025-03-10T20:44:41.749+0000] {processor.py:914} INFO - Processing file /home/airflow/.local/lib/python3.12/site-packages/airflow/example_dags/example_bash_operator.py for tasks to queue
[2025-03-10T20:44:41.752+0000] {logging_mixin.py:190} INFO - [2025-03-10T20:44:41.751+0000] {dagbag.py:588} INFO - Filling up the DagBag from /home/airflow/.local/lib/python3.12/site-packages/airflow/example_dags/example_bash_operator.py
[2025-03-10T20:44:41.767+0000] {processor.py:925} INFO - DAG(s) 'example_bash_operator' retrieved from /home/airflow/.local/lib/python3.12/site-packages/airflow/example_dags/example_bash_operator.py
[2025-03-10T20:44:41.801+0000] {logging_mixin.py:190} INFO - [2025-03-10T20:44:41.801+0000] {dag.py:3239} INFO - Sync 1 DAGs
[2025-03-10T20:44:41.830+0000] {logging_mixin.py:190} INFO - [2025-03-10T20:44:41.830+0000] {dag.py:4180} INFO - Setting next_dagrun for example_bash_operator to 2025-03-09 00:00:00+00:00, run_after=2025-03-10 00:00:00+00:00
[2025-03-10T20:44:41.850+0000] {processor.py:208} INFO - Processing /home/airflow/.local/lib/python3.12/site-packages/airflow/example_dags/example_bash_operator.py took 0.109 seconds
[2025-03-10T20:45:13.442+0000] {processor.py:186} INFO - Started process (PID=1973) to work on /home/airflow/.local/lib/python3.12/site-packages/airflow/example_dags/example_bash_operator.py
[2025-03-10T20:45:13.443+0000] {processor.py:914} INFO - Processing file /home/airflow/.local/lib/python3.12/site-packages/airflow/example_dags/example_bash_operator.py for tasks to queue
[2025-03-10T20:45:13.446+0000] {logging_mixin.py:190} INFO - [2025-03-10T20:45:13.445+0000] {dagbag.py:588} INFO - Filling up the DagBag from /home/airflow/.local/lib/python3.12/site-packages/airflow/example_dags/example_bash_operator.py
[2025-03-10T20:45:13.461+0000] {processor.py:925} INFO - DAG(s) 'example_bash_operator' retrieved from /home/airflow/.local/lib/python3.12/site-packages/airflow/example_dags/example_bash_operator.py
[2025-03-10T20:45:13.496+0000] {logging_mixin.py:190} INFO - [2025-03-10T20:45:13.496+0000] {dag.py:3239} INFO - Sync 1 DAGs
[2025-03-10T20:45:13.773+0000] {logging_mixin.py:190} INFO - [2025-03-10T20:45:13.773+0000] {dag.py:4180} INFO - Setting next_dagrun for example_bash_operator to 2025-03-09 00:00:00+00:00, run_after=2025-03-10 00:00:00+00:00
[2025-03-10T20:45:13.796+0000] {processor.py:208} INFO - Processing /home/airflow/.local/lib/python3.12/site-packages/airflow/example_dags/example_bash_operator.py took 0.360 seconds
[2025-03-10T20:45:43.948+0000] {processor.py:186} INFO - Started process (PID=2036) to work on /home/airflow/.local/lib/python3.12/site-packages/airflow/example_dags/example_bash_operator.py
[2025-03-10T20:45:43.949+0000] {processor.py:914} INFO - Processing file /home/airflow/.local/lib/python3.12/site-packages/airflow/example_dags/example_bash_operator.py for tasks to queue
[2025-03-10T20:45:43.952+0000] {logging_mixin.py:190} INFO - [2025-03-10T20:45:43.952+0000] {dagbag.py:588} INFO - Filling up the DagBag from /home/airflow/.local/lib/python3.12/site-packages/airflow/example_dags/example_bash_operator.py
[2025-03-10T20:45:43.968+0000] {processor.py:925} INFO - DAG(s) 'example_bash_operator' retrieved from /home/airflow/.local/lib/python3.12/site-packages/airflow/example_dags/example_bash_operator.py
[2025-03-10T20:45:44.012+0000] {logging_mixin.py:190} INFO - [2025-03-10T20:45:44.011+0000] {dag.py:3239} INFO - Sync 1 DAGs
[2025-03-10T20:45:44.310+0000] {logging_mixin.py:190} INFO - [2025-03-10T20:45:44.309+0000] {dag.py:4180} INFO - Setting next_dagrun for example_bash_operator to 2025-03-09 00:00:00+00:00, run_after=2025-03-10 00:00:00+00:00
[2025-03-10T20:45:44.331+0000] {processor.py:208} INFO - Processing /home/airflow/.local/lib/python3.12/site-packages/airflow/example_dags/example_bash_operator.py took 0.390 seconds
[2025-03-10T20:46:14.394+0000] {processor.py:186} INFO - Started process (PID=2100) to work on /home/airflow/.local/lib/python3.12/site-packages/airflow/example_dags/example_bash_operator.py
[2025-03-10T20:46:14.395+0000] {processor.py:914} INFO - Processing file /home/airflow/.local/lib/python3.12/site-packages/airflow/example_dags/example_bash_operator.py for tasks to queue
[2025-03-10T20:46:14.397+0000] {logging_mixin.py:190} INFO - [2025-03-10T20:46:14.397+0000] {dagbag.py:588} INFO - Filling up the DagBag from /home/airflow/.local/lib/python3.12/site-packages/airflow/example_dags/example_bash_operator.py
[2025-03-10T20:46:14.413+0000] {processor.py:925} INFO - DAG(s) 'example_bash_operator' retrieved from /home/airflow/.local/lib/python3.12/site-packages/airflow/example_dags/example_bash_operator.py
[2025-03-10T20:46:14.447+0000] {logging_mixin.py:190} INFO - [2025-03-10T20:46:14.447+0000] {dag.py:3239} INFO - Sync 1 DAGs
[2025-03-10T20:46:14.476+0000] {logging_mixin.py:190} INFO - [2025-03-10T20:46:14.475+0000] {dag.py:4180} INFO - Setting next_dagrun for example_bash_operator to 2025-03-09 00:00:00+00:00, run_after=2025-03-10 00:00:00+00:00
[2025-03-10T20:46:14.498+0000] {processor.py:208} INFO - Processing /home/airflow/.local/lib/python3.12/site-packages/airflow/example_dags/example_bash_operator.py took 0.112 seconds
[2025-03-10T20:46:48.045+0000] {processor.py:186} INFO - Started process (PID=2162) to work on /home/airflow/.local/lib/python3.12/site-packages/airflow/example_dags/example_bash_operator.py
[2025-03-10T20:46:48.046+0000] {processor.py:914} INFO - Processing file /home/airflow/.local/lib/python3.12/site-packages/airflow/example_dags/example_bash_operator.py for tasks to queue
[2025-03-10T20:46:48.049+0000] {logging_mixin.py:190} INFO - [2025-03-10T20:46:48.049+0000] {dagbag.py:588} INFO - Filling up the DagBag from /home/airflow/.local/lib/python3.12/site-packages/airflow/example_dags/example_bash_operator.py
[2025-03-10T20:46:48.065+0000] {processor.py:925} INFO - DAG(s) 'example_bash_operator' retrieved from /home/airflow/.local/lib/python3.12/site-packages/airflow/example_dags/example_bash_operator.py
[2025-03-10T20:46:48.369+0000] {logging_mixin.py:190} INFO - [2025-03-10T20:46:48.369+0000] {dag.py:3239} INFO - Sync 1 DAGs
[2025-03-10T20:46:48.394+0000] {logging_mixin.py:190} INFO - [2025-03-10T20:46:48.394+0000] {dag.py:4180} INFO - Setting next_dagrun for example_bash_operator to 2025-03-09 00:00:00+00:00, run_after=2025-03-10 00:00:00+00:00
[2025-03-10T20:46:48.413+0000] {processor.py:208} INFO - Processing /home/airflow/.local/lib/python3.12/site-packages/airflow/example_dags/example_bash_operator.py took 0.375 seconds
[2025-03-10T20:47:18.937+0000] {processor.py:186} INFO - Started process (PID=2225) to work on /home/airflow/.local/lib/python3.12/site-packages/airflow/example_dags/example_bash_operator.py
[2025-03-10T20:47:18.938+0000] {processor.py:914} INFO - Processing file /home/airflow/.local/lib/python3.12/site-packages/airflow/example_dags/example_bash_operator.py for tasks to queue
[2025-03-10T20:47:18.941+0000] {logging_mixin.py:190} INFO - [2025-03-10T20:47:18.941+0000] {dagbag.py:588} INFO - Filling up the DagBag from /home/airflow/.local/lib/python3.12/site-packages/airflow/example_dags/example_bash_operator.py
[2025-03-10T20:47:18.956+0000] {processor.py:925} INFO - DAG(s) 'example_bash_operator' retrieved from /home/airflow/.local/lib/python3.12/site-packages/airflow/example_dags/example_bash_operator.py
[2025-03-10T20:47:18.992+0000] {logging_mixin.py:190} INFO - [2025-03-10T20:47:18.991+0000] {dag.py:3239} INFO - Sync 1 DAGs
[2025-03-10T20:47:19.021+0000] {logging_mixin.py:190} INFO - [2025-03-10T20:47:19.021+0000] {dag.py:4180} INFO - Setting next_dagrun for example_bash_operator to 2025-03-09 00:00:00+00:00, run_after=2025-03-10 00:00:00+00:00
[2025-03-10T20:47:19.041+0000] {processor.py:208} INFO - Processing /home/airflow/.local/lib/python3.12/site-packages/airflow/example_dags/example_bash_operator.py took 0.111 seconds
[2025-03-10T20:47:49.464+0000] {processor.py:186} INFO - Started process (PID=2288) to work on /home/airflow/.local/lib/python3.12/site-packages/airflow/example_dags/example_bash_operator.py
[2025-03-10T20:47:49.465+0000] {processor.py:914} INFO - Processing file /home/airflow/.local/lib/python3.12/site-packages/airflow/example_dags/example_bash_operator.py for tasks to queue
[2025-03-10T20:47:49.468+0000] {logging_mixin.py:190} INFO - [2025-03-10T20:47:49.468+0000] {dagbag.py:588} INFO - Filling up the DagBag from /home/airflow/.local/lib/python3.12/site-packages/airflow/example_dags/example_bash_operator.py
[2025-03-10T20:47:49.484+0000] {processor.py:925} INFO - DAG(s) 'example_bash_operator' retrieved from /home/airflow/.local/lib/python3.12/site-packages/airflow/example_dags/example_bash_operator.py
[2025-03-10T20:47:49.519+0000] {logging_mixin.py:190} INFO - [2025-03-10T20:47:49.519+0000] {dag.py:3239} INFO - Sync 1 DAGs
[2025-03-10T20:47:49.550+0000] {logging_mixin.py:190} INFO - [2025-03-10T20:47:49.550+0000] {dag.py:4180} INFO - Setting next_dagrun for example_bash_operator to 2025-03-09 00:00:00+00:00, run_after=2025-03-10 00:00:00+00:00
[2025-03-10T20:47:49.572+0000] {processor.py:208} INFO - Processing /home/airflow/.local/lib/python3.12/site-packages/airflow/example_dags/example_bash_operator.py took 0.115 seconds
[2025-03-10T20:48:19.900+0000] {processor.py:186} INFO - Started process (PID=2351) to work on /home/airflow/.local/lib/python3.12/site-packages/airflow/example_dags/example_bash_operator.py
[2025-03-10T20:48:19.901+0000] {processor.py:914} INFO - Processing file /home/airflow/.local/lib/python3.12/site-packages/airflow/example_dags/example_bash_operator.py for tasks to queue
[2025-03-10T20:48:19.903+0000] {logging_mixin.py:190} INFO - [2025-03-10T20:48:19.903+0000] {dagbag.py:588} INFO - Filling up the DagBag from /home/airflow/.local/lib/python3.12/site-packages/airflow/example_dags/example_bash_operator.py
[2025-03-10T20:48:19.919+0000] {processor.py:925} INFO - DAG(s) 'example_bash_operator' retrieved from /home/airflow/.local/lib/python3.12/site-packages/airflow/example_dags/example_bash_operator.py
[2025-03-10T20:48:19.955+0000] {logging_mixin.py:190} INFO - [2025-03-10T20:48:19.955+0000] {dag.py:3239} INFO - Sync 1 DAGs
[2025-03-10T20:48:19.985+0000] {logging_mixin.py:190} INFO - [2025-03-10T20:48:19.985+0000] {dag.py:4180} INFO - Setting next_dagrun for example_bash_operator to 2025-03-09 00:00:00+00:00, run_after=2025-03-10 00:00:00+00:00
[2025-03-10T20:48:20.007+0000] {processor.py:208} INFO - Processing /home/airflow/.local/lib/python3.12/site-packages/airflow/example_dags/example_bash_operator.py took 0.115 seconds
[2025-03-10T20:48:50.557+0000] {processor.py:186} INFO - Started process (PID=2414) to work on /home/airflow/.local/lib/python3.12/site-packages/airflow/example_dags/example_bash_operator.py
[2025-03-10T20:48:50.558+0000] {processor.py:914} INFO - Processing file /home/airflow/.local/lib/python3.12/site-packages/airflow/example_dags/example_bash_operator.py for tasks to queue
[2025-03-10T20:48:50.561+0000] {logging_mixin.py:190} INFO - [2025-03-10T20:48:50.561+0000] {dagbag.py:588} INFO - Filling up the DagBag from /home/airflow/.local/lib/python3.12/site-packages/airflow/example_dags/example_bash_operator.py
[2025-03-10T20:48:50.576+0000] {processor.py:925} INFO - DAG(s) 'example_bash_operator' retrieved from /home/airflow/.local/lib/python3.12/site-packages/airflow/example_dags/example_bash_operator.py
[2025-03-10T20:48:50.611+0000] {logging_mixin.py:190} INFO - [2025-03-10T20:48:50.611+0000] {dag.py:3239} INFO - Sync 1 DAGs
[2025-03-10T20:48:50.641+0000] {logging_mixin.py:190} INFO - [2025-03-10T20:48:50.641+0000] {dag.py:4180} INFO - Setting next_dagrun for example_bash_operator to 2025-03-09 00:00:00+00:00, run_after=2025-03-10 00:00:00+00:00
[2025-03-10T20:48:50.663+0000] {processor.py:208} INFO - Processing /home/airflow/.local/lib/python3.12/site-packages/airflow/example_dags/example_bash_operator.py took 0.113 seconds
[2025-03-10T20:49:21.024+0000] {processor.py:186} INFO - Started process (PID=2477) to work on /home/airflow/.local/lib/python3.12/site-packages/airflow/example_dags/example_bash_operator.py
[2025-03-10T20:49:21.025+0000] {processor.py:914} INFO - Processing file /home/airflow/.local/lib/python3.12/site-packages/airflow/example_dags/example_bash_operator.py for tasks to queue
[2025-03-10T20:49:21.028+0000] {logging_mixin.py:190} INFO - [2025-03-10T20:49:21.027+0000] {dagbag.py:588} INFO - Filling up the DagBag from /home/airflow/.local/lib/python3.12/site-packages/airflow/example_dags/example_bash_operator.py
[2025-03-10T20:49:21.047+0000] {processor.py:925} INFO - DAG(s) 'example_bash_operator' retrieved from /home/airflow/.local/lib/python3.12/site-packages/airflow/example_dags/example_bash_operator.py
[2025-03-10T20:49:21.081+0000] {logging_mixin.py:190} INFO - [2025-03-10T20:49:21.081+0000] {dag.py:3239} INFO - Sync 1 DAGs
[2025-03-10T20:49:21.110+0000] {logging_mixin.py:190} INFO - [2025-03-10T20:49:21.110+0000] {dag.py:4180} INFO - Setting next_dagrun for example_bash_operator to 2025-03-09 00:00:00+00:00, run_after=2025-03-10 00:00:00+00:00
[2025-03-10T20:49:21.131+0000] {processor.py:208} INFO - Processing /home/airflow/.local/lib/python3.12/site-packages/airflow/example_dags/example_bash_operator.py took 0.114 seconds
[2025-03-10T20:49:51.525+0000] {processor.py:186} INFO - Started process (PID=2540) to work on /home/airflow/.local/lib/python3.12/site-packages/airflow/example_dags/example_bash_operator.py
[2025-03-10T20:49:51.526+0000] {processor.py:914} INFO - Processing file /home/airflow/.local/lib/python3.12/site-packages/airflow/example_dags/example_bash_operator.py for tasks to queue
[2025-03-10T20:49:51.529+0000] {logging_mixin.py:190} INFO - [2025-03-10T20:49:51.529+0000] {dagbag.py:588} INFO - Filling up the DagBag from /home/airflow/.local/lib/python3.12/site-packages/airflow/example_dags/example_bash_operator.py
[2025-03-10T20:49:51.545+0000] {processor.py:925} INFO - DAG(s) 'example_bash_operator' retrieved from /home/airflow/.local/lib/python3.12/site-packages/airflow/example_dags/example_bash_operator.py
[2025-03-10T20:49:51.581+0000] {logging_mixin.py:190} INFO - [2025-03-10T20:49:51.580+0000] {dag.py:3239} INFO - Sync 1 DAGs
[2025-03-10T20:49:51.617+0000] {logging_mixin.py:190} INFO - [2025-03-10T20:49:51.616+0000] {dag.py:4180} INFO - Setting next_dagrun for example_bash_operator to 2025-03-09 00:00:00+00:00, run_after=2025-03-10 00:00:00+00:00
[2025-03-10T20:49:51.644+0000] {processor.py:208} INFO - Processing /home/airflow/.local/lib/python3.12/site-packages/airflow/example_dags/example_bash_operator.py took 0.127 seconds
[2025-03-10T20:50:22.125+0000] {processor.py:186} INFO - Started process (PID=2603) to work on /home/airflow/.local/lib/python3.12/site-packages/airflow/example_dags/example_bash_operator.py
[2025-03-10T20:50:22.126+0000] {processor.py:914} INFO - Processing file /home/airflow/.local/lib/python3.12/site-packages/airflow/example_dags/example_bash_operator.py for tasks to queue
[2025-03-10T20:50:22.128+0000] {logging_mixin.py:190} INFO - [2025-03-10T20:50:22.128+0000] {dagbag.py:588} INFO - Filling up the DagBag from /home/airflow/.local/lib/python3.12/site-packages/airflow/example_dags/example_bash_operator.py
[2025-03-10T20:50:22.144+0000] {processor.py:925} INFO - DAG(s) 'example_bash_operator' retrieved from /home/airflow/.local/lib/python3.12/site-packages/airflow/example_dags/example_bash_operator.py
[2025-03-10T20:50:22.179+0000] {logging_mixin.py:190} INFO - [2025-03-10T20:50:22.179+0000] {dag.py:3239} INFO - Sync 1 DAGs
[2025-03-10T20:50:22.212+0000] {logging_mixin.py:190} INFO - [2025-03-10T20:50:22.211+0000] {dag.py:4180} INFO - Setting next_dagrun for example_bash_operator to 2025-03-09 00:00:00+00:00, run_after=2025-03-10 00:00:00+00:00
[2025-03-10T20:50:22.232+0000] {processor.py:208} INFO - Processing /home/airflow/.local/lib/python3.12/site-packages/airflow/example_dags/example_bash_operator.py took 0.114 seconds
[2025-03-10T23:10:27.526+0000] {processor.py:186} INFO - Started process (PID=136) to work on /home/airflow/.local/lib/python3.12/site-packages/airflow/example_dags/example_bash_operator.py
[2025-03-10T23:10:27.530+0000] {processor.py:914} INFO - Processing file /home/airflow/.local/lib/python3.12/site-packages/airflow/example_dags/example_bash_operator.py for tasks to queue
[2025-03-10T23:10:27.536+0000] {logging_mixin.py:190} INFO - [2025-03-10T23:10:27.535+0000] {dagbag.py:588} INFO - Filling up the DagBag from /home/airflow/.local/lib/python3.12/site-packages/airflow/example_dags/example_bash_operator.py
[2025-03-10T23:10:27.619+0000] {processor.py:925} INFO - DAG(s) 'example_bash_operator' retrieved from /home/airflow/.local/lib/python3.12/site-packages/airflow/example_dags/example_bash_operator.py
[2025-03-10T23:10:27.787+0000] {logging_mixin.py:190} INFO - [2025-03-10T23:10:27.786+0000] {dag.py:3239} INFO - Sync 1 DAGs
[2025-03-10T23:10:27.952+0000] {logging_mixin.py:190} INFO - [2025-03-10T23:10:27.951+0000] {dag.py:4180} INFO - Setting next_dagrun for example_bash_operator to 2025-03-09 00:00:00+00:00, run_after=2025-03-10 00:00:00+00:00
[2025-03-10T23:10:28.043+0000] {processor.py:208} INFO - Processing /home/airflow/.local/lib/python3.12/site-packages/airflow/example_dags/example_bash_operator.py took 0.553 seconds
[2025-03-10T23:13:32.462+0000] {processor.py:186} INFO - Started process (PID=246) to work on /home/airflow/.local/lib/python3.12/site-packages/airflow/example_dags/example_bash_operator.py
[2025-03-10T23:13:32.465+0000] {processor.py:914} INFO - Processing file /home/airflow/.local/lib/python3.12/site-packages/airflow/example_dags/example_bash_operator.py for tasks to queue
[2025-03-10T23:13:32.470+0000] {logging_mixin.py:190} INFO - [2025-03-10T23:13:32.469+0000] {dagbag.py:588} INFO - Filling up the DagBag from /home/airflow/.local/lib/python3.12/site-packages/airflow/example_dags/example_bash_operator.py
[2025-03-10T23:13:32.535+0000] {processor.py:925} INFO - DAG(s) 'example_bash_operator' retrieved from /home/airflow/.local/lib/python3.12/site-packages/airflow/example_dags/example_bash_operator.py
[2025-03-10T23:13:32.668+0000] {logging_mixin.py:190} INFO - [2025-03-10T23:13:32.667+0000] {dag.py:3239} INFO - Sync 1 DAGs
[2025-03-10T23:13:32.837+0000] {logging_mixin.py:190} INFO - [2025-03-10T23:13:32.835+0000] {dag.py:4180} INFO - Setting next_dagrun for example_bash_operator to 2025-03-09 00:00:00+00:00, run_after=2025-03-10 00:00:00+00:00
[2025-03-10T23:13:32.947+0000] {processor.py:208} INFO - Processing /home/airflow/.local/lib/python3.12/site-packages/airflow/example_dags/example_bash_operator.py took 0.513 seconds
[2025-03-10T23:15:07.846+0000] {processor.py:186} INFO - Started process (PID=324) to work on /home/airflow/.local/lib/python3.12/site-packages/airflow/example_dags/example_bash_operator.py
[2025-03-10T23:15:07.849+0000] {processor.py:914} INFO - Processing file /home/airflow/.local/lib/python3.12/site-packages/airflow/example_dags/example_bash_operator.py for tasks to queue
[2025-03-10T23:15:07.854+0000] {logging_mixin.py:190} INFO - [2025-03-10T23:15:07.852+0000] {dagbag.py:588} INFO - Filling up the DagBag from /home/airflow/.local/lib/python3.12/site-packages/airflow/example_dags/example_bash_operator.py
[2025-03-10T23:15:07.907+0000] {processor.py:925} INFO - DAG(s) 'example_bash_operator' retrieved from /home/airflow/.local/lib/python3.12/site-packages/airflow/example_dags/example_bash_operator.py
[2025-03-10T23:15:08.030+0000] {logging_mixin.py:190} INFO - [2025-03-10T23:15:08.029+0000] {dag.py:3239} INFO - Sync 1 DAGs
[2025-03-10T23:15:08.113+0000] {logging_mixin.py:190} INFO - [2025-03-10T23:15:08.112+0000] {dag.py:4180} INFO - Setting next_dagrun for example_bash_operator to 2025-03-09 00:00:00+00:00, run_after=2025-03-10 00:00:00+00:00
[2025-03-10T23:15:08.165+0000] {processor.py:208} INFO - Processing /home/airflow/.local/lib/python3.12/site-packages/airflow/example_dags/example_bash_operator.py took 0.344 seconds
[2025-03-10T23:15:39.607+0000] {processor.py:186} INFO - Started process (PID=387) to work on /home/airflow/.local/lib/python3.12/site-packages/airflow/example_dags/example_bash_operator.py
[2025-03-10T23:15:39.610+0000] {processor.py:914} INFO - Processing file /home/airflow/.local/lib/python3.12/site-packages/airflow/example_dags/example_bash_operator.py for tasks to queue
[2025-03-10T23:15:39.615+0000] {logging_mixin.py:190} INFO - [2025-03-10T23:15:39.613+0000] {dagbag.py:588} INFO - Filling up the DagBag from /home/airflow/.local/lib/python3.12/site-packages/airflow/example_dags/example_bash_operator.py
[2025-03-10T23:15:39.672+0000] {processor.py:925} INFO - DAG(s) 'example_bash_operator' retrieved from /home/airflow/.local/lib/python3.12/site-packages/airflow/example_dags/example_bash_operator.py
[2025-03-10T23:15:39.828+0000] {logging_mixin.py:190} INFO - [2025-03-10T23:15:39.827+0000] {dag.py:3239} INFO - Sync 1 DAGs
[2025-03-10T23:15:39.977+0000] {logging_mixin.py:190} INFO - [2025-03-10T23:15:39.976+0000] {dag.py:4180} INFO - Setting next_dagrun for example_bash_operator to 2025-03-09 00:00:00+00:00, run_after=2025-03-10 00:00:00+00:00
[2025-03-10T23:15:40.051+0000] {processor.py:208} INFO - Processing /home/airflow/.local/lib/python3.12/site-packages/airflow/example_dags/example_bash_operator.py took 0.468 seconds
[2025-03-10T23:16:12.311+0000] {processor.py:186} INFO - Started process (PID=450) to work on /home/airflow/.local/lib/python3.12/site-packages/airflow/example_dags/example_bash_operator.py
[2025-03-10T23:16:12.315+0000] {processor.py:914} INFO - Processing file /home/airflow/.local/lib/python3.12/site-packages/airflow/example_dags/example_bash_operator.py for tasks to queue
[2025-03-10T23:16:12.324+0000] {logging_mixin.py:190} INFO - [2025-03-10T23:16:12.321+0000] {dagbag.py:588} INFO - Filling up the DagBag from /home/airflow/.local/lib/python3.12/site-packages/airflow/example_dags/example_bash_operator.py
[2025-03-10T23:16:12.418+0000] {processor.py:925} INFO - DAG(s) 'example_bash_operator' retrieved from /home/airflow/.local/lib/python3.12/site-packages/airflow/example_dags/example_bash_operator.py
[2025-03-10T23:16:12.689+0000] {logging_mixin.py:190} INFO - [2025-03-10T23:16:12.687+0000] {dag.py:3239} INFO - Sync 1 DAGs
[2025-03-10T23:16:12.872+0000] {logging_mixin.py:190} INFO - [2025-03-10T23:16:12.870+0000] {dag.py:4180} INFO - Setting next_dagrun for example_bash_operator to 2025-03-09 00:00:00+00:00, run_after=2025-03-10 00:00:00+00:00
[2025-03-10T23:16:12.984+0000] {processor.py:208} INFO - Processing /home/airflow/.local/lib/python3.12/site-packages/airflow/example_dags/example_bash_operator.py took 0.715 seconds
[2025-03-10T23:16:43.806+0000] {processor.py:186} INFO - Started process (PID=513) to work on /home/airflow/.local/lib/python3.12/site-packages/airflow/example_dags/example_bash_operator.py
[2025-03-10T23:16:43.809+0000] {processor.py:914} INFO - Processing file /home/airflow/.local/lib/python3.12/site-packages/airflow/example_dags/example_bash_operator.py for tasks to queue
[2025-03-10T23:16:43.814+0000] {logging_mixin.py:190} INFO - [2025-03-10T23:16:43.812+0000] {dagbag.py:588} INFO - Filling up the DagBag from /home/airflow/.local/lib/python3.12/site-packages/airflow/example_dags/example_bash_operator.py
[2025-03-10T23:16:43.867+0000] {processor.py:925} INFO - DAG(s) 'example_bash_operator' retrieved from /home/airflow/.local/lib/python3.12/site-packages/airflow/example_dags/example_bash_operator.py
[2025-03-10T23:16:44.009+0000] {logging_mixin.py:190} INFO - [2025-03-10T23:16:44.008+0000] {dag.py:3239} INFO - Sync 1 DAGs
[2025-03-10T23:16:44.126+0000] {logging_mixin.py:190} INFO - [2025-03-10T23:16:44.125+0000] {dag.py:4180} INFO - Setting next_dagrun for example_bash_operator to 2025-03-09 00:00:00+00:00, run_after=2025-03-10 00:00:00+00:00
[2025-03-10T23:16:44.200+0000] {processor.py:208} INFO - Processing /home/airflow/.local/lib/python3.12/site-packages/airflow/example_dags/example_bash_operator.py took 0.420 seconds
[2025-03-10T23:17:14.623+0000] {processor.py:186} INFO - Started process (PID=576) to work on /home/airflow/.local/lib/python3.12/site-packages/airflow/example_dags/example_bash_operator.py
[2025-03-10T23:17:14.624+0000] {processor.py:914} INFO - Processing file /home/airflow/.local/lib/python3.12/site-packages/airflow/example_dags/example_bash_operator.py for tasks to queue
[2025-03-10T23:17:14.625+0000] {logging_mixin.py:190} INFO - [2025-03-10T23:17:14.625+0000] {dagbag.py:588} INFO - Filling up the DagBag from /home/airflow/.local/lib/python3.12/site-packages/airflow/example_dags/example_bash_operator.py
[2025-03-10T23:17:14.640+0000] {processor.py:925} INFO - DAG(s) 'example_bash_operator' retrieved from /home/airflow/.local/lib/python3.12/site-packages/airflow/example_dags/example_bash_operator.py
[2025-03-10T23:17:14.673+0000] {logging_mixin.py:190} INFO - [2025-03-10T23:17:14.673+0000] {dag.py:3239} INFO - Sync 1 DAGs
[2025-03-10T23:17:14.708+0000] {logging_mixin.py:190} INFO - [2025-03-10T23:17:14.708+0000] {dag.py:4180} INFO - Setting next_dagrun for example_bash_operator to 2025-03-09 00:00:00+00:00, run_after=2025-03-10 00:00:00+00:00
[2025-03-10T23:17:14.731+0000] {processor.py:208} INFO - Processing /home/airflow/.local/lib/python3.12/site-packages/airflow/example_dags/example_bash_operator.py took 0.115 seconds
[2025-03-10T23:17:44.794+0000] {processor.py:186} INFO - Started process (PID=638) to work on /home/airflow/.local/lib/python3.12/site-packages/airflow/example_dags/example_bash_operator.py
[2025-03-10T23:17:44.794+0000] {processor.py:914} INFO - Processing file /home/airflow/.local/lib/python3.12/site-packages/airflow/example_dags/example_bash_operator.py for tasks to queue
[2025-03-10T23:17:44.796+0000] {logging_mixin.py:190} INFO - [2025-03-10T23:17:44.795+0000] {dagbag.py:588} INFO - Filling up the DagBag from /home/airflow/.local/lib/python3.12/site-packages/airflow/example_dags/example_bash_operator.py
[2025-03-10T23:17:44.812+0000] {processor.py:925} INFO - DAG(s) 'example_bash_operator' retrieved from /home/airflow/.local/lib/python3.12/site-packages/airflow/example_dags/example_bash_operator.py
[2025-03-10T23:17:44.848+0000] {logging_mixin.py:190} INFO - [2025-03-10T23:17:44.847+0000] {dag.py:3239} INFO - Sync 1 DAGs
[2025-03-10T23:17:44.877+0000] {logging_mixin.py:190} INFO - [2025-03-10T23:17:44.877+0000] {dag.py:4180} INFO - Setting next_dagrun for example_bash_operator to 2025-03-09 00:00:00+00:00, run_after=2025-03-10 00:00:00+00:00
[2025-03-10T23:17:44.899+0000] {processor.py:208} INFO - Processing /home/airflow/.local/lib/python3.12/site-packages/airflow/example_dags/example_bash_operator.py took 0.114 seconds
[2025-03-10T23:18:14.961+0000] {processor.py:186} INFO - Started process (PID=701) to work on /home/airflow/.local/lib/python3.12/site-packages/airflow/example_dags/example_bash_operator.py
[2025-03-10T23:18:14.962+0000] {processor.py:914} INFO - Processing file /home/airflow/.local/lib/python3.12/site-packages/airflow/example_dags/example_bash_operator.py for tasks to queue
[2025-03-10T23:18:14.963+0000] {logging_mixin.py:190} INFO - [2025-03-10T23:18:14.963+0000] {dagbag.py:588} INFO - Filling up the DagBag from /home/airflow/.local/lib/python3.12/site-packages/airflow/example_dags/example_bash_operator.py
[2025-03-10T23:18:14.980+0000] {processor.py:925} INFO - DAG(s) 'example_bash_operator' retrieved from /home/airflow/.local/lib/python3.12/site-packages/airflow/example_dags/example_bash_operator.py
[2025-03-10T23:18:15.014+0000] {logging_mixin.py:190} INFO - [2025-03-10T23:18:15.014+0000] {dag.py:3239} INFO - Sync 1 DAGs
[2025-03-10T23:18:15.044+0000] {logging_mixin.py:190} INFO - [2025-03-10T23:18:15.044+0000] {dag.py:4180} INFO - Setting next_dagrun for example_bash_operator to 2025-03-09 00:00:00+00:00, run_after=2025-03-10 00:00:00+00:00
[2025-03-10T23:18:15.065+0000] {processor.py:208} INFO - Processing /home/airflow/.local/lib/python3.12/site-packages/airflow/example_dags/example_bash_operator.py took 0.112 seconds
[2025-03-10T23:18:45.187+0000] {processor.py:186} INFO - Started process (PID=764) to work on /home/airflow/.local/lib/python3.12/site-packages/airflow/example_dags/example_bash_operator.py
[2025-03-10T23:18:45.188+0000] {processor.py:914} INFO - Processing file /home/airflow/.local/lib/python3.12/site-packages/airflow/example_dags/example_bash_operator.py for tasks to queue
[2025-03-10T23:18:45.189+0000] {logging_mixin.py:190} INFO - [2025-03-10T23:18:45.189+0000] {dagbag.py:588} INFO - Filling up the DagBag from /home/airflow/.local/lib/python3.12/site-packages/airflow/example_dags/example_bash_operator.py
[2025-03-10T23:18:45.206+0000] {processor.py:925} INFO - DAG(s) 'example_bash_operator' retrieved from /home/airflow/.local/lib/python3.12/site-packages/airflow/example_dags/example_bash_operator.py
[2025-03-10T23:18:45.239+0000] {logging_mixin.py:190} INFO - [2025-03-10T23:18:45.239+0000] {dag.py:3239} INFO - Sync 1 DAGs
[2025-03-10T23:18:45.275+0000] {logging_mixin.py:190} INFO - [2025-03-10T23:18:45.275+0000] {dag.py:4180} INFO - Setting next_dagrun for example_bash_operator to 2025-03-09 00:00:00+00:00, run_after=2025-03-10 00:00:00+00:00
[2025-03-10T23:18:45.295+0000] {processor.py:208} INFO - Processing /home/airflow/.local/lib/python3.12/site-packages/airflow/example_dags/example_bash_operator.py took 0.115 seconds
[2025-03-10T23:19:15.521+0000] {processor.py:186} INFO - Started process (PID=827) to work on /home/airflow/.local/lib/python3.12/site-packages/airflow/example_dags/example_bash_operator.py
[2025-03-10T23:19:15.522+0000] {processor.py:914} INFO - Processing file /home/airflow/.local/lib/python3.12/site-packages/airflow/example_dags/example_bash_operator.py for tasks to queue
[2025-03-10T23:19:15.524+0000] {logging_mixin.py:190} INFO - [2025-03-10T23:19:15.523+0000] {dagbag.py:588} INFO - Filling up the DagBag from /home/airflow/.local/lib/python3.12/site-packages/airflow/example_dags/example_bash_operator.py
[2025-03-10T23:19:15.541+0000] {processor.py:925} INFO - DAG(s) 'example_bash_operator' retrieved from /home/airflow/.local/lib/python3.12/site-packages/airflow/example_dags/example_bash_operator.py
[2025-03-10T23:19:15.576+0000] {logging_mixin.py:190} INFO - [2025-03-10T23:19:15.575+0000] {dag.py:3239} INFO - Sync 1 DAGs
[2025-03-10T23:19:15.605+0000] {logging_mixin.py:190} INFO - [2025-03-10T23:19:15.605+0000] {dag.py:4180} INFO - Setting next_dagrun for example_bash_operator to 2025-03-09 00:00:00+00:00, run_after=2025-03-10 00:00:00+00:00
[2025-03-10T23:19:15.630+0000] {processor.py:208} INFO - Processing /home/airflow/.local/lib/python3.12/site-packages/airflow/example_dags/example_bash_operator.py took 0.117 seconds
[2025-03-10T23:27:17.111+0000] {processor.py:186} INFO - Started process (PID=123) to work on /home/airflow/.local/lib/python3.12/site-packages/airflow/example_dags/example_bash_operator.py
[2025-03-10T23:27:17.114+0000] {processor.py:914} INFO - Processing file /home/airflow/.local/lib/python3.12/site-packages/airflow/example_dags/example_bash_operator.py for tasks to queue
[2025-03-10T23:27:17.127+0000] {logging_mixin.py:190} INFO - [2025-03-10T23:27:17.125+0000] {dagbag.py:588} INFO - Filling up the DagBag from /home/airflow/.local/lib/python3.12/site-packages/airflow/example_dags/example_bash_operator.py
[2025-03-10T23:27:17.208+0000] {processor.py:925} INFO - DAG(s) 'example_bash_operator' retrieved from /home/airflow/.local/lib/python3.12/site-packages/airflow/example_dags/example_bash_operator.py
[2025-03-10T23:27:17.363+0000] {logging_mixin.py:190} INFO - [2025-03-10T23:27:17.362+0000] {dag.py:3239} INFO - Sync 1 DAGs
[2025-03-10T23:27:17.481+0000] {logging_mixin.py:190} INFO - [2025-03-10T23:27:17.480+0000] {dag.py:4180} INFO - Setting next_dagrun for example_bash_operator to 2025-03-09 00:00:00+00:00, run_after=2025-03-10 00:00:00+00:00
[2025-03-10T23:27:17.589+0000] {processor.py:208} INFO - Processing /home/airflow/.local/lib/python3.12/site-packages/airflow/example_dags/example_bash_operator.py took 0.501 seconds
[2025-03-10T23:27:48.109+0000] {processor.py:186} INFO - Started process (PID=192) to work on /home/airflow/.local/lib/python3.12/site-packages/airflow/example_dags/example_bash_operator.py
[2025-03-10T23:27:48.110+0000] {processor.py:914} INFO - Processing file /home/airflow/.local/lib/python3.12/site-packages/airflow/example_dags/example_bash_operator.py for tasks to queue
[2025-03-10T23:27:48.113+0000] {logging_mixin.py:190} INFO - [2025-03-10T23:27:48.113+0000] {dagbag.py:588} INFO - Filling up the DagBag from /home/airflow/.local/lib/python3.12/site-packages/airflow/example_dags/example_bash_operator.py
[2025-03-10T23:27:48.128+0000] {processor.py:925} INFO - DAG(s) 'example_bash_operator' retrieved from /home/airflow/.local/lib/python3.12/site-packages/airflow/example_dags/example_bash_operator.py
[2025-03-10T23:27:48.160+0000] {logging_mixin.py:190} INFO - [2025-03-10T23:27:48.160+0000] {dag.py:3239} INFO - Sync 1 DAGs
[2025-03-10T23:27:48.189+0000] {logging_mixin.py:190} INFO - [2025-03-10T23:27:48.189+0000] {dag.py:4180} INFO - Setting next_dagrun for example_bash_operator to 2025-03-09 00:00:00+00:00, run_after=2025-03-10 00:00:00+00:00
[2025-03-10T23:27:48.212+0000] {processor.py:208} INFO - Processing /home/airflow/.local/lib/python3.12/site-packages/airflow/example_dags/example_bash_operator.py took 0.111 seconds
[2025-03-10T23:28:18.769+0000] {processor.py:186} INFO - Started process (PID=255) to work on /home/airflow/.local/lib/python3.12/site-packages/airflow/example_dags/example_bash_operator.py
[2025-03-10T23:28:18.770+0000] {processor.py:914} INFO - Processing file /home/airflow/.local/lib/python3.12/site-packages/airflow/example_dags/example_bash_operator.py for tasks to queue
[2025-03-10T23:28:18.773+0000] {logging_mixin.py:190} INFO - [2025-03-10T23:28:18.772+0000] {dagbag.py:588} INFO - Filling up the DagBag from /home/airflow/.local/lib/python3.12/site-packages/airflow/example_dags/example_bash_operator.py
[2025-03-10T23:28:18.787+0000] {processor.py:925} INFO - DAG(s) 'example_bash_operator' retrieved from /home/airflow/.local/lib/python3.12/site-packages/airflow/example_dags/example_bash_operator.py
[2025-03-10T23:28:18.820+0000] {logging_mixin.py:190} INFO - [2025-03-10T23:28:18.820+0000] {dag.py:3239} INFO - Sync 1 DAGs
[2025-03-10T23:28:18.850+0000] {logging_mixin.py:190} INFO - [2025-03-10T23:28:18.850+0000] {dag.py:4180} INFO - Setting next_dagrun for example_bash_operator to 2025-03-09 00:00:00+00:00, run_after=2025-03-10 00:00:00+00:00
[2025-03-10T23:28:18.870+0000] {processor.py:208} INFO - Processing /home/airflow/.local/lib/python3.12/site-packages/airflow/example_dags/example_bash_operator.py took 0.108 seconds
[2025-03-10T23:28:49.484+0000] {processor.py:186} INFO - Started process (PID=318) to work on /home/airflow/.local/lib/python3.12/site-packages/airflow/example_dags/example_bash_operator.py
[2025-03-10T23:28:49.485+0000] {processor.py:914} INFO - Processing file /home/airflow/.local/lib/python3.12/site-packages/airflow/example_dags/example_bash_operator.py for tasks to queue
[2025-03-10T23:28:49.488+0000] {logging_mixin.py:190} INFO - [2025-03-10T23:28:49.488+0000] {dagbag.py:588} INFO - Filling up the DagBag from /home/airflow/.local/lib/python3.12/site-packages/airflow/example_dags/example_bash_operator.py
[2025-03-10T23:28:49.504+0000] {processor.py:925} INFO - DAG(s) 'example_bash_operator' retrieved from /home/airflow/.local/lib/python3.12/site-packages/airflow/example_dags/example_bash_operator.py
[2025-03-10T23:28:49.543+0000] {logging_mixin.py:190} INFO - [2025-03-10T23:28:49.543+0000] {dag.py:3239} INFO - Sync 1 DAGs
[2025-03-10T23:28:49.580+0000] {logging_mixin.py:190} INFO - [2025-03-10T23:28:49.580+0000] {dag.py:4180} INFO - Setting next_dagrun for example_bash_operator to 2025-03-09 00:00:00+00:00, run_after=2025-03-10 00:00:00+00:00
[2025-03-10T23:28:49.603+0000] {processor.py:208} INFO - Processing /home/airflow/.local/lib/python3.12/site-packages/airflow/example_dags/example_bash_operator.py took 0.125 seconds
[2025-03-10T23:29:19.731+0000] {processor.py:186} INFO - Started process (PID=381) to work on /home/airflow/.local/lib/python3.12/site-packages/airflow/example_dags/example_bash_operator.py
[2025-03-10T23:29:19.732+0000] {processor.py:914} INFO - Processing file /home/airflow/.local/lib/python3.12/site-packages/airflow/example_dags/example_bash_operator.py for tasks to queue
[2025-03-10T23:29:19.735+0000] {logging_mixin.py:190} INFO - [2025-03-10T23:29:19.734+0000] {dagbag.py:588} INFO - Filling up the DagBag from /home/airflow/.local/lib/python3.12/site-packages/airflow/example_dags/example_bash_operator.py
[2025-03-10T23:29:19.749+0000] {processor.py:925} INFO - DAG(s) 'example_bash_operator' retrieved from /home/airflow/.local/lib/python3.12/site-packages/airflow/example_dags/example_bash_operator.py
[2025-03-10T23:29:19.782+0000] {logging_mixin.py:190} INFO - [2025-03-10T23:29:19.782+0000] {dag.py:3239} INFO - Sync 1 DAGs
[2025-03-10T23:29:19.813+0000] {logging_mixin.py:190} INFO - [2025-03-10T23:29:19.813+0000] {dag.py:4180} INFO - Setting next_dagrun for example_bash_operator to 2025-03-09 00:00:00+00:00, run_after=2025-03-10 00:00:00+00:00
[2025-03-10T23:29:19.843+0000] {processor.py:208} INFO - Processing /home/airflow/.local/lib/python3.12/site-packages/airflow/example_dags/example_bash_operator.py took 0.118 seconds
[2025-03-10T23:35:32.022+0000] {processor.py:186} INFO - Started process (PID=149) to work on /home/airflow/.local/lib/python3.12/site-packages/airflow/example_dags/example_bash_operator.py
[2025-03-10T23:35:32.026+0000] {processor.py:914} INFO - Processing file /home/airflow/.local/lib/python3.12/site-packages/airflow/example_dags/example_bash_operator.py for tasks to queue
[2025-03-10T23:35:32.041+0000] {logging_mixin.py:190} INFO - [2025-03-10T23:35:32.039+0000] {dagbag.py:588} INFO - Filling up the DagBag from /home/airflow/.local/lib/python3.12/site-packages/airflow/example_dags/example_bash_operator.py
[2025-03-10T23:35:32.109+0000] {processor.py:925} INFO - DAG(s) 'example_bash_operator' retrieved from /home/airflow/.local/lib/python3.12/site-packages/airflow/example_dags/example_bash_operator.py
[2025-03-10T23:35:32.245+0000] {logging_mixin.py:190} INFO - [2025-03-10T23:35:32.244+0000] {dag.py:3239} INFO - Sync 1 DAGs
[2025-03-10T23:35:32.366+0000] {logging_mixin.py:190} INFO - [2025-03-10T23:35:32.365+0000] {dag.py:4180} INFO - Setting next_dagrun for example_bash_operator to 2025-03-09 00:00:00+00:00, run_after=2025-03-10 00:00:00+00:00
[2025-03-10T23:35:32.438+0000] {processor.py:208} INFO - Processing /home/airflow/.local/lib/python3.12/site-packages/airflow/example_dags/example_bash_operator.py took 0.449 seconds
[2025-03-10T23:36:02.927+0000] {processor.py:186} INFO - Started process (PID=212) to work on /home/airflow/.local/lib/python3.12/site-packages/airflow/example_dags/example_bash_operator.py
[2025-03-10T23:36:02.928+0000] {processor.py:914} INFO - Processing file /home/airflow/.local/lib/python3.12/site-packages/airflow/example_dags/example_bash_operator.py for tasks to queue
[2025-03-10T23:36:02.932+0000] {logging_mixin.py:190} INFO - [2025-03-10T23:36:02.931+0000] {dagbag.py:588} INFO - Filling up the DagBag from /home/airflow/.local/lib/python3.12/site-packages/airflow/example_dags/example_bash_operator.py
[2025-03-10T23:36:02.949+0000] {processor.py:925} INFO - DAG(s) 'example_bash_operator' retrieved from /home/airflow/.local/lib/python3.12/site-packages/airflow/example_dags/example_bash_operator.py
[2025-03-10T23:36:02.985+0000] {logging_mixin.py:190} INFO - [2025-03-10T23:36:02.984+0000] {dag.py:3239} INFO - Sync 1 DAGs
[2025-03-10T23:36:03.017+0000] {logging_mixin.py:190} INFO - [2025-03-10T23:36:03.016+0000] {dag.py:4180} INFO - Setting next_dagrun for example_bash_operator to 2025-03-09 00:00:00+00:00, run_after=2025-03-10 00:00:00+00:00
[2025-03-10T23:36:03.039+0000] {processor.py:208} INFO - Processing /home/airflow/.local/lib/python3.12/site-packages/airflow/example_dags/example_bash_operator.py took 0.119 seconds
[2025-03-10T23:36:33.348+0000] {processor.py:186} INFO - Started process (PID=275) to work on /home/airflow/.local/lib/python3.12/site-packages/airflow/example_dags/example_bash_operator.py
[2025-03-10T23:36:33.349+0000] {processor.py:914} INFO - Processing file /home/airflow/.local/lib/python3.12/site-packages/airflow/example_dags/example_bash_operator.py for tasks to queue
[2025-03-10T23:36:33.353+0000] {logging_mixin.py:190} INFO - [2025-03-10T23:36:33.352+0000] {dagbag.py:588} INFO - Filling up the DagBag from /home/airflow/.local/lib/python3.12/site-packages/airflow/example_dags/example_bash_operator.py
[2025-03-10T23:36:33.382+0000] {processor.py:925} INFO - DAG(s) 'example_bash_operator' retrieved from /home/airflow/.local/lib/python3.12/site-packages/airflow/example_dags/example_bash_operator.py
[2025-03-10T23:36:33.420+0000] {logging_mixin.py:190} INFO - [2025-03-10T23:36:33.419+0000] {dag.py:3239} INFO - Sync 1 DAGs
[2025-03-10T23:36:33.451+0000] {logging_mixin.py:190} INFO - [2025-03-10T23:36:33.451+0000] {dag.py:4180} INFO - Setting next_dagrun for example_bash_operator to 2025-03-09 00:00:00+00:00, run_after=2025-03-10 00:00:00+00:00
[2025-03-10T23:36:33.478+0000] {processor.py:208} INFO - Processing /home/airflow/.local/lib/python3.12/site-packages/airflow/example_dags/example_bash_operator.py took 0.141 seconds
[2025-03-10T23:37:03.708+0000] {processor.py:186} INFO - Started process (PID=338) to work on /home/airflow/.local/lib/python3.12/site-packages/airflow/example_dags/example_bash_operator.py
[2025-03-10T23:37:03.709+0000] {processor.py:914} INFO - Processing file /home/airflow/.local/lib/python3.12/site-packages/airflow/example_dags/example_bash_operator.py for tasks to queue
[2025-03-10T23:37:03.712+0000] {logging_mixin.py:190} INFO - [2025-03-10T23:37:03.712+0000] {dagbag.py:588} INFO - Filling up the DagBag from /home/airflow/.local/lib/python3.12/site-packages/airflow/example_dags/example_bash_operator.py
[2025-03-10T23:37:03.727+0000] {processor.py:925} INFO - DAG(s) 'example_bash_operator' retrieved from /home/airflow/.local/lib/python3.12/site-packages/airflow/example_dags/example_bash_operator.py
[2025-03-10T23:37:03.761+0000] {logging_mixin.py:190} INFO - [2025-03-10T23:37:03.761+0000] {dag.py:3239} INFO - Sync 1 DAGs
[2025-03-10T23:37:03.791+0000] {logging_mixin.py:190} INFO - [2025-03-10T23:37:03.790+0000] {dag.py:4180} INFO - Setting next_dagrun for example_bash_operator to 2025-03-09 00:00:00+00:00, run_after=2025-03-10 00:00:00+00:00
[2025-03-10T23:37:03.812+0000] {processor.py:208} INFO - Processing /home/airflow/.local/lib/python3.12/site-packages/airflow/example_dags/example_bash_operator.py took 0.110 seconds
