[2025-03-10T20:30:17.434+0000] {processor.py:186} INFO - Started process (PID=136) to work on /home/airflow/.local/lib/python3.12/site-packages/airflow/example_dags/tutorial_objectstorage.py
[2025-03-10T20:30:17.434+0000] {processor.py:914} INFO - Processing file /home/airflow/.local/lib/python3.12/site-packages/airflow/example_dags/tutorial_objectstorage.py for tasks to queue
[2025-03-10T20:30:17.437+0000] {logging_mixin.py:190} INFO - [2025-03-10T20:30:17.437+0000] {dagbag.py:588} INFO - Filling up the DagBag from /home/airflow/.local/lib/python3.12/site-packages/airflow/example_dags/tutorial_objectstorage.py
[2025-03-10T20:30:17.448+0000] {processor.py:925} INFO - DAG(s) 'tutorial_objectstorage' retrieved from /home/airflow/.local/lib/python3.12/site-packages/airflow/example_dags/tutorial_objectstorage.py
[2025-03-10T20:30:17.515+0000] {logging_mixin.py:190} INFO - [2025-03-10T20:30:17.514+0000] {override.py:1912} INFO - Created Permission View: can read on DAG:tutorial_objectstorage
[2025-03-10T20:30:17.526+0000] {logging_mixin.py:190} INFO - [2025-03-10T20:30:17.526+0000] {override.py:1912} INFO - Created Permission View: can edit on DAG:tutorial_objectstorage
[2025-03-10T20:30:17.532+0000] {logging_mixin.py:190} INFO - [2025-03-10T20:30:17.532+0000] {override.py:1912} INFO - Created Permission View: can delete on DAG:tutorial_objectstorage
[2025-03-10T20:30:17.538+0000] {logging_mixin.py:190} INFO - [2025-03-10T20:30:17.538+0000] {override.py:1912} INFO - Created Permission View: menu access on DAG Run:tutorial_objectstorage
[2025-03-10T20:30:17.545+0000] {logging_mixin.py:190} INFO - [2025-03-10T20:30:17.544+0000] {override.py:1912} INFO - Created Permission View: can read on DAG Run:tutorial_objectstorage
[2025-03-10T20:30:17.551+0000] {logging_mixin.py:190} INFO - [2025-03-10T20:30:17.550+0000] {override.py:1912} INFO - Created Permission View: can create on DAG Run:tutorial_objectstorage
[2025-03-10T20:30:17.557+0000] {logging_mixin.py:190} INFO - [2025-03-10T20:30:17.557+0000] {override.py:1912} INFO - Created Permission View: can delete on DAG Run:tutorial_objectstorage
[2025-03-10T20:30:17.557+0000] {logging_mixin.py:190} INFO - [2025-03-10T20:30:17.557+0000] {dag.py:3239} INFO - Sync 1 DAGs
[2025-03-10T20:30:17.573+0000] {logging_mixin.py:190} INFO - [2025-03-10T20:30:17.572+0000] {dag.py:3262} INFO - Creating ORM DAG for tutorial_objectstorage
[2025-03-10T20:30:17.573+0000] {logging_mixin.py:190} INFO - [2025-03-10T20:30:17.573+0000] {dag.py:4180} INFO - Setting next_dagrun for tutorial_objectstorage to None, run_after=None
[2025-03-10T20:30:17.590+0000] {processor.py:208} INFO - Processing /home/airflow/.local/lib/python3.12/site-packages/airflow/example_dags/tutorial_objectstorage.py took 0.164 seconds
[2025-03-10T20:30:48.136+0000] {processor.py:186} INFO - Started process (PID=199) to work on /home/airflow/.local/lib/python3.12/site-packages/airflow/example_dags/tutorial_objectstorage.py
[2025-03-10T20:30:48.137+0000] {processor.py:914} INFO - Processing file /home/airflow/.local/lib/python3.12/site-packages/airflow/example_dags/tutorial_objectstorage.py for tasks to queue
[2025-03-10T20:30:48.139+0000] {logging_mixin.py:190} INFO - [2025-03-10T20:30:48.139+0000] {dagbag.py:588} INFO - Filling up the DagBag from /home/airflow/.local/lib/python3.12/site-packages/airflow/example_dags/tutorial_objectstorage.py
[2025-03-10T20:30:48.149+0000] {processor.py:925} INFO - DAG(s) 'tutorial_objectstorage' retrieved from /home/airflow/.local/lib/python3.12/site-packages/airflow/example_dags/tutorial_objectstorage.py
[2025-03-10T20:30:48.171+0000] {logging_mixin.py:190} INFO - [2025-03-10T20:30:48.171+0000] {dag.py:3239} INFO - Sync 1 DAGs
[2025-03-10T20:30:48.188+0000] {logging_mixin.py:190} INFO - [2025-03-10T20:30:48.188+0000] {dag.py:4180} INFO - Setting next_dagrun for tutorial_objectstorage to None, run_after=None
[2025-03-10T20:30:48.210+0000] {processor.py:208} INFO - Processing /home/airflow/.local/lib/python3.12/site-packages/airflow/example_dags/tutorial_objectstorage.py took 0.081 seconds
[2025-03-10T20:31:24.197+0000] {processor.py:186} INFO - Started process (PID=262) to work on /home/airflow/.local/lib/python3.12/site-packages/airflow/example_dags/tutorial_objectstorage.py
[2025-03-10T20:31:24.201+0000] {processor.py:914} INFO - Processing file /home/airflow/.local/lib/python3.12/site-packages/airflow/example_dags/tutorial_objectstorage.py for tasks to queue
[2025-03-10T20:31:24.213+0000] {logging_mixin.py:190} INFO - [2025-03-10T20:31:24.211+0000] {dagbag.py:588} INFO - Filling up the DagBag from /home/airflow/.local/lib/python3.12/site-packages/airflow/example_dags/tutorial_objectstorage.py
[2025-03-10T20:31:24.246+0000] {processor.py:925} INFO - DAG(s) 'tutorial_objectstorage' retrieved from /home/airflow/.local/lib/python3.12/site-packages/airflow/example_dags/tutorial_objectstorage.py
[2025-03-10T20:31:24.339+0000] {logging_mixin.py:190} INFO - [2025-03-10T20:31:24.338+0000] {dag.py:3239} INFO - Sync 1 DAGs
[2025-03-10T20:31:24.417+0000] {logging_mixin.py:190} INFO - [2025-03-10T20:31:24.416+0000] {dag.py:4180} INFO - Setting next_dagrun for tutorial_objectstorage to None, run_after=None
[2025-03-10T20:31:24.503+0000] {processor.py:208} INFO - Processing /home/airflow/.local/lib/python3.12/site-packages/airflow/example_dags/tutorial_objectstorage.py took 0.334 seconds
[2025-03-10T20:31:54.886+0000] {processor.py:186} INFO - Started process (PID=325) to work on /home/airflow/.local/lib/python3.12/site-packages/airflow/example_dags/tutorial_objectstorage.py
[2025-03-10T20:31:54.887+0000] {processor.py:914} INFO - Processing file /home/airflow/.local/lib/python3.12/site-packages/airflow/example_dags/tutorial_objectstorage.py for tasks to queue
[2025-03-10T20:31:54.891+0000] {logging_mixin.py:190} INFO - [2025-03-10T20:31:54.890+0000] {dagbag.py:588} INFO - Filling up the DagBag from /home/airflow/.local/lib/python3.12/site-packages/airflow/example_dags/tutorial_objectstorage.py
[2025-03-10T20:31:54.902+0000] {processor.py:925} INFO - DAG(s) 'tutorial_objectstorage' retrieved from /home/airflow/.local/lib/python3.12/site-packages/airflow/example_dags/tutorial_objectstorage.py
[2025-03-10T20:31:54.930+0000] {logging_mixin.py:190} INFO - [2025-03-10T20:31:54.929+0000] {dag.py:3239} INFO - Sync 1 DAGs
[2025-03-10T20:31:54.948+0000] {logging_mixin.py:190} INFO - [2025-03-10T20:31:54.947+0000] {dag.py:4180} INFO - Setting next_dagrun for tutorial_objectstorage to None, run_after=None
[2025-03-10T20:31:54.967+0000] {processor.py:208} INFO - Processing /home/airflow/.local/lib/python3.12/site-packages/airflow/example_dags/tutorial_objectstorage.py took 0.088 seconds
[2025-03-10T20:32:25.386+0000] {processor.py:186} INFO - Started process (PID=388) to work on /home/airflow/.local/lib/python3.12/site-packages/airflow/example_dags/tutorial_objectstorage.py
[2025-03-10T20:32:25.387+0000] {processor.py:914} INFO - Processing file /home/airflow/.local/lib/python3.12/site-packages/airflow/example_dags/tutorial_objectstorage.py for tasks to queue
[2025-03-10T20:32:25.389+0000] {logging_mixin.py:190} INFO - [2025-03-10T20:32:25.389+0000] {dagbag.py:588} INFO - Filling up the DagBag from /home/airflow/.local/lib/python3.12/site-packages/airflow/example_dags/tutorial_objectstorage.py
[2025-03-10T20:32:25.399+0000] {processor.py:925} INFO - DAG(s) 'tutorial_objectstorage' retrieved from /home/airflow/.local/lib/python3.12/site-packages/airflow/example_dags/tutorial_objectstorage.py
[2025-03-10T20:32:25.422+0000] {logging_mixin.py:190} INFO - [2025-03-10T20:32:25.421+0000] {dag.py:3239} INFO - Sync 1 DAGs
[2025-03-10T20:32:25.439+0000] {logging_mixin.py:190} INFO - [2025-03-10T20:32:25.439+0000] {dag.py:4180} INFO - Setting next_dagrun for tutorial_objectstorage to None, run_after=None
[2025-03-10T20:32:25.462+0000] {processor.py:208} INFO - Processing /home/airflow/.local/lib/python3.12/site-packages/airflow/example_dags/tutorial_objectstorage.py took 0.084 seconds
[2025-03-10T20:32:55.599+0000] {processor.py:186} INFO - Started process (PID=451) to work on /home/airflow/.local/lib/python3.12/site-packages/airflow/example_dags/tutorial_objectstorage.py
[2025-03-10T20:32:55.600+0000] {processor.py:914} INFO - Processing file /home/airflow/.local/lib/python3.12/site-packages/airflow/example_dags/tutorial_objectstorage.py for tasks to queue
[2025-03-10T20:32:55.602+0000] {logging_mixin.py:190} INFO - [2025-03-10T20:32:55.602+0000] {dagbag.py:588} INFO - Filling up the DagBag from /home/airflow/.local/lib/python3.12/site-packages/airflow/example_dags/tutorial_objectstorage.py
[2025-03-10T20:32:55.612+0000] {processor.py:925} INFO - DAG(s) 'tutorial_objectstorage' retrieved from /home/airflow/.local/lib/python3.12/site-packages/airflow/example_dags/tutorial_objectstorage.py
[2025-03-10T20:32:55.635+0000] {logging_mixin.py:190} INFO - [2025-03-10T20:32:55.634+0000] {dag.py:3239} INFO - Sync 1 DAGs
[2025-03-10T20:32:55.653+0000] {logging_mixin.py:190} INFO - [2025-03-10T20:32:55.653+0000] {dag.py:4180} INFO - Setting next_dagrun for tutorial_objectstorage to None, run_after=None
[2025-03-10T20:32:55.673+0000] {processor.py:208} INFO - Processing /home/airflow/.local/lib/python3.12/site-packages/airflow/example_dags/tutorial_objectstorage.py took 0.082 seconds
[2025-03-10T20:33:26.679+0000] {processor.py:186} INFO - Started process (PID=514) to work on /home/airflow/.local/lib/python3.12/site-packages/airflow/example_dags/tutorial_objectstorage.py
[2025-03-10T20:33:26.679+0000] {processor.py:914} INFO - Processing file /home/airflow/.local/lib/python3.12/site-packages/airflow/example_dags/tutorial_objectstorage.py for tasks to queue
[2025-03-10T20:33:26.682+0000] {logging_mixin.py:190} INFO - [2025-03-10T20:33:26.682+0000] {dagbag.py:588} INFO - Filling up the DagBag from /home/airflow/.local/lib/python3.12/site-packages/airflow/example_dags/tutorial_objectstorage.py
[2025-03-10T20:33:26.692+0000] {processor.py:925} INFO - DAG(s) 'tutorial_objectstorage' retrieved from /home/airflow/.local/lib/python3.12/site-packages/airflow/example_dags/tutorial_objectstorage.py
[2025-03-10T20:33:26.715+0000] {logging_mixin.py:190} INFO - [2025-03-10T20:33:26.715+0000] {dag.py:3239} INFO - Sync 1 DAGs
[2025-03-10T20:33:26.732+0000] {logging_mixin.py:190} INFO - [2025-03-10T20:33:26.732+0000] {dag.py:4180} INFO - Setting next_dagrun for tutorial_objectstorage to None, run_after=None
[2025-03-10T20:33:26.754+0000] {processor.py:208} INFO - Processing /home/airflow/.local/lib/python3.12/site-packages/airflow/example_dags/tutorial_objectstorage.py took 0.082 seconds
[2025-03-10T20:33:56.865+0000] {processor.py:186} INFO - Started process (PID=576) to work on /home/airflow/.local/lib/python3.12/site-packages/airflow/example_dags/tutorial_objectstorage.py
[2025-03-10T20:33:56.866+0000] {processor.py:914} INFO - Processing file /home/airflow/.local/lib/python3.12/site-packages/airflow/example_dags/tutorial_objectstorage.py for tasks to queue
[2025-03-10T20:33:56.869+0000] {logging_mixin.py:190} INFO - [2025-03-10T20:33:56.869+0000] {dagbag.py:588} INFO - Filling up the DagBag from /home/airflow/.local/lib/python3.12/site-packages/airflow/example_dags/tutorial_objectstorage.py
[2025-03-10T20:33:56.880+0000] {processor.py:925} INFO - DAG(s) 'tutorial_objectstorage' retrieved from /home/airflow/.local/lib/python3.12/site-packages/airflow/example_dags/tutorial_objectstorage.py
[2025-03-10T20:33:56.905+0000] {logging_mixin.py:190} INFO - [2025-03-10T20:33:56.905+0000] {dag.py:3239} INFO - Sync 1 DAGs
[2025-03-10T20:33:56.925+0000] {logging_mixin.py:190} INFO - [2025-03-10T20:33:56.925+0000] {dag.py:4180} INFO - Setting next_dagrun for tutorial_objectstorage to None, run_after=None
[2025-03-10T20:33:56.947+0000] {processor.py:208} INFO - Processing /home/airflow/.local/lib/python3.12/site-packages/airflow/example_dags/tutorial_objectstorage.py took 0.091 seconds
[2025-03-10T20:34:26.987+0000] {processor.py:186} INFO - Started process (PID=639) to work on /home/airflow/.local/lib/python3.12/site-packages/airflow/example_dags/tutorial_objectstorage.py
[2025-03-10T20:34:26.988+0000] {processor.py:914} INFO - Processing file /home/airflow/.local/lib/python3.12/site-packages/airflow/example_dags/tutorial_objectstorage.py for tasks to queue
[2025-03-10T20:34:26.990+0000] {logging_mixin.py:190} INFO - [2025-03-10T20:34:26.990+0000] {dagbag.py:588} INFO - Filling up the DagBag from /home/airflow/.local/lib/python3.12/site-packages/airflow/example_dags/tutorial_objectstorage.py
[2025-03-10T20:34:27.000+0000] {processor.py:925} INFO - DAG(s) 'tutorial_objectstorage' retrieved from /home/airflow/.local/lib/python3.12/site-packages/airflow/example_dags/tutorial_objectstorage.py
[2025-03-10T20:34:27.022+0000] {logging_mixin.py:190} INFO - [2025-03-10T20:34:27.022+0000] {dag.py:3239} INFO - Sync 1 DAGs
[2025-03-10T20:34:27.040+0000] {logging_mixin.py:190} INFO - [2025-03-10T20:34:27.039+0000] {dag.py:4180} INFO - Setting next_dagrun for tutorial_objectstorage to None, run_after=None
[2025-03-10T20:34:27.059+0000] {processor.py:208} INFO - Processing /home/airflow/.local/lib/python3.12/site-packages/airflow/example_dags/tutorial_objectstorage.py took 0.080 seconds
[2025-03-10T20:34:57.385+0000] {processor.py:186} INFO - Started process (PID=702) to work on /home/airflow/.local/lib/python3.12/site-packages/airflow/example_dags/tutorial_objectstorage.py
[2025-03-10T20:34:57.386+0000] {processor.py:914} INFO - Processing file /home/airflow/.local/lib/python3.12/site-packages/airflow/example_dags/tutorial_objectstorage.py for tasks to queue
[2025-03-10T20:34:57.389+0000] {logging_mixin.py:190} INFO - [2025-03-10T20:34:57.388+0000] {dagbag.py:588} INFO - Filling up the DagBag from /home/airflow/.local/lib/python3.12/site-packages/airflow/example_dags/tutorial_objectstorage.py
[2025-03-10T20:34:57.399+0000] {processor.py:925} INFO - DAG(s) 'tutorial_objectstorage' retrieved from /home/airflow/.local/lib/python3.12/site-packages/airflow/example_dags/tutorial_objectstorage.py
[2025-03-10T20:34:57.422+0000] {logging_mixin.py:190} INFO - [2025-03-10T20:34:57.422+0000] {dag.py:3239} INFO - Sync 1 DAGs
[2025-03-10T20:34:57.439+0000] {logging_mixin.py:190} INFO - [2025-03-10T20:34:57.439+0000] {dag.py:4180} INFO - Setting next_dagrun for tutorial_objectstorage to None, run_after=None
[2025-03-10T20:34:57.459+0000] {processor.py:208} INFO - Processing /home/airflow/.local/lib/python3.12/site-packages/airflow/example_dags/tutorial_objectstorage.py took 0.081 seconds
[2025-03-10T20:35:27.697+0000] {processor.py:186} INFO - Started process (PID=765) to work on /home/airflow/.local/lib/python3.12/site-packages/airflow/example_dags/tutorial_objectstorage.py
[2025-03-10T20:35:27.698+0000] {processor.py:914} INFO - Processing file /home/airflow/.local/lib/python3.12/site-packages/airflow/example_dags/tutorial_objectstorage.py for tasks to queue
[2025-03-10T20:35:27.701+0000] {logging_mixin.py:190} INFO - [2025-03-10T20:35:27.701+0000] {dagbag.py:588} INFO - Filling up the DagBag from /home/airflow/.local/lib/python3.12/site-packages/airflow/example_dags/tutorial_objectstorage.py
[2025-03-10T20:35:27.711+0000] {processor.py:925} INFO - DAG(s) 'tutorial_objectstorage' retrieved from /home/airflow/.local/lib/python3.12/site-packages/airflow/example_dags/tutorial_objectstorage.py
[2025-03-10T20:35:27.736+0000] {logging_mixin.py:190} INFO - [2025-03-10T20:35:27.735+0000] {dag.py:3239} INFO - Sync 1 DAGs
[2025-03-10T20:35:27.755+0000] {logging_mixin.py:190} INFO - [2025-03-10T20:35:27.754+0000] {dag.py:4180} INFO - Setting next_dagrun for tutorial_objectstorage to None, run_after=None
[2025-03-10T20:35:27.784+0000] {processor.py:208} INFO - Processing /home/airflow/.local/lib/python3.12/site-packages/airflow/example_dags/tutorial_objectstorage.py took 0.095 seconds
[2025-03-10T20:35:58.028+0000] {processor.py:186} INFO - Started process (PID=828) to work on /home/airflow/.local/lib/python3.12/site-packages/airflow/example_dags/tutorial_objectstorage.py
[2025-03-10T20:35:58.030+0000] {processor.py:914} INFO - Processing file /home/airflow/.local/lib/python3.12/site-packages/airflow/example_dags/tutorial_objectstorage.py for tasks to queue
[2025-03-10T20:35:58.033+0000] {logging_mixin.py:190} INFO - [2025-03-10T20:35:58.032+0000] {dagbag.py:588} INFO - Filling up the DagBag from /home/airflow/.local/lib/python3.12/site-packages/airflow/example_dags/tutorial_objectstorage.py
[2025-03-10T20:35:58.043+0000] {processor.py:925} INFO - DAG(s) 'tutorial_objectstorage' retrieved from /home/airflow/.local/lib/python3.12/site-packages/airflow/example_dags/tutorial_objectstorage.py
[2025-03-10T20:35:58.068+0000] {logging_mixin.py:190} INFO - [2025-03-10T20:35:58.068+0000] {dag.py:3239} INFO - Sync 1 DAGs
[2025-03-10T20:35:58.089+0000] {logging_mixin.py:190} INFO - [2025-03-10T20:35:58.089+0000] {dag.py:4180} INFO - Setting next_dagrun for tutorial_objectstorage to None, run_after=None
[2025-03-10T20:35:58.111+0000] {processor.py:208} INFO - Processing /home/airflow/.local/lib/python3.12/site-packages/airflow/example_dags/tutorial_objectstorage.py took 0.091 seconds
[2025-03-10T20:36:28.269+0000] {processor.py:186} INFO - Started process (PID=891) to work on /home/airflow/.local/lib/python3.12/site-packages/airflow/example_dags/tutorial_objectstorage.py
[2025-03-10T20:36:28.270+0000] {processor.py:914} INFO - Processing file /home/airflow/.local/lib/python3.12/site-packages/airflow/example_dags/tutorial_objectstorage.py for tasks to queue
[2025-03-10T20:36:28.273+0000] {logging_mixin.py:190} INFO - [2025-03-10T20:36:28.272+0000] {dagbag.py:588} INFO - Filling up the DagBag from /home/airflow/.local/lib/python3.12/site-packages/airflow/example_dags/tutorial_objectstorage.py
[2025-03-10T20:36:28.282+0000] {processor.py:925} INFO - DAG(s) 'tutorial_objectstorage' retrieved from /home/airflow/.local/lib/python3.12/site-packages/airflow/example_dags/tutorial_objectstorage.py
[2025-03-10T20:36:28.305+0000] {logging_mixin.py:190} INFO - [2025-03-10T20:36:28.305+0000] {dag.py:3239} INFO - Sync 1 DAGs
[2025-03-10T20:36:28.323+0000] {logging_mixin.py:190} INFO - [2025-03-10T20:36:28.323+0000] {dag.py:4180} INFO - Setting next_dagrun for tutorial_objectstorage to None, run_after=None
[2025-03-10T20:36:28.343+0000] {processor.py:208} INFO - Processing /home/airflow/.local/lib/python3.12/site-packages/airflow/example_dags/tutorial_objectstorage.py took 0.082 seconds
[2025-03-10T20:36:58.868+0000] {processor.py:186} INFO - Started process (PID=954) to work on /home/airflow/.local/lib/python3.12/site-packages/airflow/example_dags/tutorial_objectstorage.py
[2025-03-10T20:36:58.869+0000] {processor.py:914} INFO - Processing file /home/airflow/.local/lib/python3.12/site-packages/airflow/example_dags/tutorial_objectstorage.py for tasks to queue
[2025-03-10T20:36:58.872+0000] {logging_mixin.py:190} INFO - [2025-03-10T20:36:58.872+0000] {dagbag.py:588} INFO - Filling up the DagBag from /home/airflow/.local/lib/python3.12/site-packages/airflow/example_dags/tutorial_objectstorage.py
[2025-03-10T20:36:58.883+0000] {processor.py:925} INFO - DAG(s) 'tutorial_objectstorage' retrieved from /home/airflow/.local/lib/python3.12/site-packages/airflow/example_dags/tutorial_objectstorage.py
[2025-03-10T20:36:58.906+0000] {logging_mixin.py:190} INFO - [2025-03-10T20:36:58.905+0000] {dag.py:3239} INFO - Sync 1 DAGs
[2025-03-10T20:36:58.924+0000] {logging_mixin.py:190} INFO - [2025-03-10T20:36:58.924+0000] {dag.py:4180} INFO - Setting next_dagrun for tutorial_objectstorage to None, run_after=None
[2025-03-10T20:36:58.944+0000] {processor.py:208} INFO - Processing /home/airflow/.local/lib/python3.12/site-packages/airflow/example_dags/tutorial_objectstorage.py took 0.085 seconds
[2025-03-10T20:37:29.185+0000] {processor.py:186} INFO - Started process (PID=1018) to work on /home/airflow/.local/lib/python3.12/site-packages/airflow/example_dags/tutorial_objectstorage.py
[2025-03-10T20:37:29.186+0000] {processor.py:914} INFO - Processing file /home/airflow/.local/lib/python3.12/site-packages/airflow/example_dags/tutorial_objectstorage.py for tasks to queue
[2025-03-10T20:37:29.188+0000] {logging_mixin.py:190} INFO - [2025-03-10T20:37:29.188+0000] {dagbag.py:588} INFO - Filling up the DagBag from /home/airflow/.local/lib/python3.12/site-packages/airflow/example_dags/tutorial_objectstorage.py
[2025-03-10T20:37:29.198+0000] {processor.py:925} INFO - DAG(s) 'tutorial_objectstorage' retrieved from /home/airflow/.local/lib/python3.12/site-packages/airflow/example_dags/tutorial_objectstorage.py
[2025-03-10T20:37:29.220+0000] {logging_mixin.py:190} INFO - [2025-03-10T20:37:29.220+0000] {dag.py:3239} INFO - Sync 1 DAGs
[2025-03-10T20:37:29.238+0000] {logging_mixin.py:190} INFO - [2025-03-10T20:37:29.237+0000] {dag.py:4180} INFO - Setting next_dagrun for tutorial_objectstorage to None, run_after=None
[2025-03-10T20:37:29.259+0000] {processor.py:208} INFO - Processing /home/airflow/.local/lib/python3.12/site-packages/airflow/example_dags/tutorial_objectstorage.py took 0.081 seconds
[2025-03-10T20:37:59.847+0000] {processor.py:186} INFO - Started process (PID=1081) to work on /home/airflow/.local/lib/python3.12/site-packages/airflow/example_dags/tutorial_objectstorage.py
[2025-03-10T20:37:59.849+0000] {processor.py:914} INFO - Processing file /home/airflow/.local/lib/python3.12/site-packages/airflow/example_dags/tutorial_objectstorage.py for tasks to queue
[2025-03-10T20:37:59.851+0000] {logging_mixin.py:190} INFO - [2025-03-10T20:37:59.851+0000] {dagbag.py:588} INFO - Filling up the DagBag from /home/airflow/.local/lib/python3.12/site-packages/airflow/example_dags/tutorial_objectstorage.py
[2025-03-10T20:37:59.861+0000] {processor.py:925} INFO - DAG(s) 'tutorial_objectstorage' retrieved from /home/airflow/.local/lib/python3.12/site-packages/airflow/example_dags/tutorial_objectstorage.py
[2025-03-10T20:37:59.884+0000] {logging_mixin.py:190} INFO - [2025-03-10T20:37:59.884+0000] {dag.py:3239} INFO - Sync 1 DAGs
[2025-03-10T20:37:59.902+0000] {logging_mixin.py:190} INFO - [2025-03-10T20:37:59.902+0000] {dag.py:4180} INFO - Setting next_dagrun for tutorial_objectstorage to None, run_after=None
[2025-03-10T20:37:59.923+0000] {processor.py:208} INFO - Processing /home/airflow/.local/lib/python3.12/site-packages/airflow/example_dags/tutorial_objectstorage.py took 0.083 seconds
[2025-03-10T20:38:30.310+0000] {processor.py:186} INFO - Started process (PID=1144) to work on /home/airflow/.local/lib/python3.12/site-packages/airflow/example_dags/tutorial_objectstorage.py
[2025-03-10T20:38:30.311+0000] {processor.py:914} INFO - Processing file /home/airflow/.local/lib/python3.12/site-packages/airflow/example_dags/tutorial_objectstorage.py for tasks to queue
[2025-03-10T20:38:30.314+0000] {logging_mixin.py:190} INFO - [2025-03-10T20:38:30.314+0000] {dagbag.py:588} INFO - Filling up the DagBag from /home/airflow/.local/lib/python3.12/site-packages/airflow/example_dags/tutorial_objectstorage.py
[2025-03-10T20:38:30.324+0000] {processor.py:925} INFO - DAG(s) 'tutorial_objectstorage' retrieved from /home/airflow/.local/lib/python3.12/site-packages/airflow/example_dags/tutorial_objectstorage.py
[2025-03-10T20:38:30.353+0000] {logging_mixin.py:190} INFO - [2025-03-10T20:38:30.353+0000] {dag.py:3239} INFO - Sync 1 DAGs
[2025-03-10T20:38:30.379+0000] {logging_mixin.py:190} INFO - [2025-03-10T20:38:30.379+0000] {dag.py:4180} INFO - Setting next_dagrun for tutorial_objectstorage to None, run_after=None
[2025-03-10T20:38:30.406+0000] {processor.py:208} INFO - Processing /home/airflow/.local/lib/python3.12/site-packages/airflow/example_dags/tutorial_objectstorage.py took 0.105 seconds
[2025-03-10T20:39:01.027+0000] {processor.py:186} INFO - Started process (PID=1207) to work on /home/airflow/.local/lib/python3.12/site-packages/airflow/example_dags/tutorial_objectstorage.py
[2025-03-10T20:39:01.028+0000] {processor.py:914} INFO - Processing file /home/airflow/.local/lib/python3.12/site-packages/airflow/example_dags/tutorial_objectstorage.py for tasks to queue
[2025-03-10T20:39:01.031+0000] {logging_mixin.py:190} INFO - [2025-03-10T20:39:01.030+0000] {dagbag.py:588} INFO - Filling up the DagBag from /home/airflow/.local/lib/python3.12/site-packages/airflow/example_dags/tutorial_objectstorage.py
[2025-03-10T20:39:01.041+0000] {processor.py:925} INFO - DAG(s) 'tutorial_objectstorage' retrieved from /home/airflow/.local/lib/python3.12/site-packages/airflow/example_dags/tutorial_objectstorage.py
[2025-03-10T20:39:01.065+0000] {logging_mixin.py:190} INFO - [2025-03-10T20:39:01.065+0000] {dag.py:3239} INFO - Sync 1 DAGs
[2025-03-10T20:39:01.082+0000] {logging_mixin.py:190} INFO - [2025-03-10T20:39:01.082+0000] {dag.py:4180} INFO - Setting next_dagrun for tutorial_objectstorage to None, run_after=None
[2025-03-10T20:39:01.103+0000] {processor.py:208} INFO - Processing /home/airflow/.local/lib/python3.12/site-packages/airflow/example_dags/tutorial_objectstorage.py took 0.083 seconds
[2025-03-10T20:39:31.669+0000] {processor.py:186} INFO - Started process (PID=1270) to work on /home/airflow/.local/lib/python3.12/site-packages/airflow/example_dags/tutorial_objectstorage.py
[2025-03-10T20:39:31.670+0000] {processor.py:914} INFO - Processing file /home/airflow/.local/lib/python3.12/site-packages/airflow/example_dags/tutorial_objectstorage.py for tasks to queue
[2025-03-10T20:39:31.673+0000] {logging_mixin.py:190} INFO - [2025-03-10T20:39:31.673+0000] {dagbag.py:588} INFO - Filling up the DagBag from /home/airflow/.local/lib/python3.12/site-packages/airflow/example_dags/tutorial_objectstorage.py
[2025-03-10T20:39:31.683+0000] {processor.py:925} INFO - DAG(s) 'tutorial_objectstorage' retrieved from /home/airflow/.local/lib/python3.12/site-packages/airflow/example_dags/tutorial_objectstorage.py
[2025-03-10T20:39:31.705+0000] {logging_mixin.py:190} INFO - [2025-03-10T20:39:31.705+0000] {dag.py:3239} INFO - Sync 1 DAGs
[2025-03-10T20:39:31.723+0000] {logging_mixin.py:190} INFO - [2025-03-10T20:39:31.723+0000] {dag.py:4180} INFO - Setting next_dagrun for tutorial_objectstorage to None, run_after=None
[2025-03-10T20:39:31.743+0000] {processor.py:208} INFO - Processing /home/airflow/.local/lib/python3.12/site-packages/airflow/example_dags/tutorial_objectstorage.py took 0.081 seconds
[2025-03-10T20:40:02.426+0000] {processor.py:186} INFO - Started process (PID=1333) to work on /home/airflow/.local/lib/python3.12/site-packages/airflow/example_dags/tutorial_objectstorage.py
[2025-03-10T20:40:02.427+0000] {processor.py:914} INFO - Processing file /home/airflow/.local/lib/python3.12/site-packages/airflow/example_dags/tutorial_objectstorage.py for tasks to queue
[2025-03-10T20:40:02.430+0000] {logging_mixin.py:190} INFO - [2025-03-10T20:40:02.430+0000] {dagbag.py:588} INFO - Filling up the DagBag from /home/airflow/.local/lib/python3.12/site-packages/airflow/example_dags/tutorial_objectstorage.py
[2025-03-10T20:40:02.440+0000] {processor.py:925} INFO - DAG(s) 'tutorial_objectstorage' retrieved from /home/airflow/.local/lib/python3.12/site-packages/airflow/example_dags/tutorial_objectstorage.py
[2025-03-10T20:40:02.464+0000] {logging_mixin.py:190} INFO - [2025-03-10T20:40:02.463+0000] {dag.py:3239} INFO - Sync 1 DAGs
[2025-03-10T20:40:02.481+0000] {logging_mixin.py:190} INFO - [2025-03-10T20:40:02.480+0000] {dag.py:4180} INFO - Setting next_dagrun for tutorial_objectstorage to None, run_after=None
[2025-03-10T20:40:02.502+0000] {processor.py:208} INFO - Processing /home/airflow/.local/lib/python3.12/site-packages/airflow/example_dags/tutorial_objectstorage.py took 0.083 seconds
[2025-03-10T20:40:33.284+0000] {processor.py:186} INFO - Started process (PID=1396) to work on /home/airflow/.local/lib/python3.12/site-packages/airflow/example_dags/tutorial_objectstorage.py
[2025-03-10T20:40:33.285+0000] {processor.py:914} INFO - Processing file /home/airflow/.local/lib/python3.12/site-packages/airflow/example_dags/tutorial_objectstorage.py for tasks to queue
[2025-03-10T20:40:33.288+0000] {logging_mixin.py:190} INFO - [2025-03-10T20:40:33.288+0000] {dagbag.py:588} INFO - Filling up the DagBag from /home/airflow/.local/lib/python3.12/site-packages/airflow/example_dags/tutorial_objectstorage.py
[2025-03-10T20:40:33.299+0000] {processor.py:925} INFO - DAG(s) 'tutorial_objectstorage' retrieved from /home/airflow/.local/lib/python3.12/site-packages/airflow/example_dags/tutorial_objectstorage.py
[2025-03-10T20:40:33.322+0000] {logging_mixin.py:190} INFO - [2025-03-10T20:40:33.322+0000] {dag.py:3239} INFO - Sync 1 DAGs
[2025-03-10T20:40:33.340+0000] {logging_mixin.py:190} INFO - [2025-03-10T20:40:33.339+0000] {dag.py:4180} INFO - Setting next_dagrun for tutorial_objectstorage to None, run_after=None
[2025-03-10T20:40:33.360+0000] {processor.py:208} INFO - Processing /home/airflow/.local/lib/python3.12/site-packages/airflow/example_dags/tutorial_objectstorage.py took 0.083 seconds
[2025-03-10T20:41:03.815+0000] {processor.py:186} INFO - Started process (PID=1459) to work on /home/airflow/.local/lib/python3.12/site-packages/airflow/example_dags/tutorial_objectstorage.py
[2025-03-10T20:41:03.816+0000] {processor.py:914} INFO - Processing file /home/airflow/.local/lib/python3.12/site-packages/airflow/example_dags/tutorial_objectstorage.py for tasks to queue
[2025-03-10T20:41:03.819+0000] {logging_mixin.py:190} INFO - [2025-03-10T20:41:03.819+0000] {dagbag.py:588} INFO - Filling up the DagBag from /home/airflow/.local/lib/python3.12/site-packages/airflow/example_dags/tutorial_objectstorage.py
[2025-03-10T20:41:03.830+0000] {processor.py:925} INFO - DAG(s) 'tutorial_objectstorage' retrieved from /home/airflow/.local/lib/python3.12/site-packages/airflow/example_dags/tutorial_objectstorage.py
[2025-03-10T20:41:03.854+0000] {logging_mixin.py:190} INFO - [2025-03-10T20:41:03.853+0000] {dag.py:3239} INFO - Sync 1 DAGs
[2025-03-10T20:41:03.871+0000] {logging_mixin.py:190} INFO - [2025-03-10T20:41:03.871+0000] {dag.py:4180} INFO - Setting next_dagrun for tutorial_objectstorage to None, run_after=None
[2025-03-10T20:41:03.891+0000] {processor.py:208} INFO - Processing /home/airflow/.local/lib/python3.12/site-packages/airflow/example_dags/tutorial_objectstorage.py took 0.085 seconds
[2025-03-10T20:41:34.579+0000] {processor.py:186} INFO - Started process (PID=1522) to work on /home/airflow/.local/lib/python3.12/site-packages/airflow/example_dags/tutorial_objectstorage.py
[2025-03-10T20:41:34.580+0000] {processor.py:914} INFO - Processing file /home/airflow/.local/lib/python3.12/site-packages/airflow/example_dags/tutorial_objectstorage.py for tasks to queue
[2025-03-10T20:41:34.582+0000] {logging_mixin.py:190} INFO - [2025-03-10T20:41:34.582+0000] {dagbag.py:588} INFO - Filling up the DagBag from /home/airflow/.local/lib/python3.12/site-packages/airflow/example_dags/tutorial_objectstorage.py
[2025-03-10T20:41:34.592+0000] {processor.py:925} INFO - DAG(s) 'tutorial_objectstorage' retrieved from /home/airflow/.local/lib/python3.12/site-packages/airflow/example_dags/tutorial_objectstorage.py
[2025-03-10T20:41:34.615+0000] {logging_mixin.py:190} INFO - [2025-03-10T20:41:34.615+0000] {dag.py:3239} INFO - Sync 1 DAGs
[2025-03-10T20:41:34.633+0000] {logging_mixin.py:190} INFO - [2025-03-10T20:41:34.633+0000] {dag.py:4180} INFO - Setting next_dagrun for tutorial_objectstorage to None, run_after=None
[2025-03-10T20:41:34.653+0000] {processor.py:208} INFO - Processing /home/airflow/.local/lib/python3.12/site-packages/airflow/example_dags/tutorial_objectstorage.py took 0.081 seconds
[2025-03-10T20:42:05.215+0000] {processor.py:186} INFO - Started process (PID=1585) to work on /home/airflow/.local/lib/python3.12/site-packages/airflow/example_dags/tutorial_objectstorage.py
[2025-03-10T20:42:05.216+0000] {processor.py:914} INFO - Processing file /home/airflow/.local/lib/python3.12/site-packages/airflow/example_dags/tutorial_objectstorage.py for tasks to queue
[2025-03-10T20:42:05.219+0000] {logging_mixin.py:190} INFO - [2025-03-10T20:42:05.219+0000] {dagbag.py:588} INFO - Filling up the DagBag from /home/airflow/.local/lib/python3.12/site-packages/airflow/example_dags/tutorial_objectstorage.py
[2025-03-10T20:42:05.230+0000] {processor.py:925} INFO - DAG(s) 'tutorial_objectstorage' retrieved from /home/airflow/.local/lib/python3.12/site-packages/airflow/example_dags/tutorial_objectstorage.py
[2025-03-10T20:42:05.254+0000] {logging_mixin.py:190} INFO - [2025-03-10T20:42:05.253+0000] {dag.py:3239} INFO - Sync 1 DAGs
[2025-03-10T20:42:05.273+0000] {logging_mixin.py:190} INFO - [2025-03-10T20:42:05.272+0000] {dag.py:4180} INFO - Setting next_dagrun for tutorial_objectstorage to None, run_after=None
[2025-03-10T20:42:05.295+0000] {processor.py:208} INFO - Processing /home/airflow/.local/lib/python3.12/site-packages/airflow/example_dags/tutorial_objectstorage.py took 0.087 seconds
[2025-03-10T20:42:35.532+0000] {processor.py:186} INFO - Started process (PID=1648) to work on /home/airflow/.local/lib/python3.12/site-packages/airflow/example_dags/tutorial_objectstorage.py
[2025-03-10T20:42:35.533+0000] {processor.py:914} INFO - Processing file /home/airflow/.local/lib/python3.12/site-packages/airflow/example_dags/tutorial_objectstorage.py for tasks to queue
[2025-03-10T20:42:35.536+0000] {logging_mixin.py:190} INFO - [2025-03-10T20:42:35.535+0000] {dagbag.py:588} INFO - Filling up the DagBag from /home/airflow/.local/lib/python3.12/site-packages/airflow/example_dags/tutorial_objectstorage.py
[2025-03-10T20:42:35.546+0000] {processor.py:925} INFO - DAG(s) 'tutorial_objectstorage' retrieved from /home/airflow/.local/lib/python3.12/site-packages/airflow/example_dags/tutorial_objectstorage.py
[2025-03-10T20:42:35.569+0000] {logging_mixin.py:190} INFO - [2025-03-10T20:42:35.568+0000] {dag.py:3239} INFO - Sync 1 DAGs
[2025-03-10T20:42:35.587+0000] {logging_mixin.py:190} INFO - [2025-03-10T20:42:35.587+0000] {dag.py:4180} INFO - Setting next_dagrun for tutorial_objectstorage to None, run_after=None
[2025-03-10T20:42:35.608+0000] {processor.py:208} INFO - Processing /home/airflow/.local/lib/python3.12/site-packages/airflow/example_dags/tutorial_objectstorage.py took 0.084 seconds
[2025-03-10T20:43:07.238+0000] {processor.py:186} INFO - Started process (PID=1711) to work on /home/airflow/.local/lib/python3.12/site-packages/airflow/example_dags/tutorial_objectstorage.py
[2025-03-10T20:43:07.239+0000] {processor.py:914} INFO - Processing file /home/airflow/.local/lib/python3.12/site-packages/airflow/example_dags/tutorial_objectstorage.py for tasks to queue
[2025-03-10T20:43:07.242+0000] {logging_mixin.py:190} INFO - [2025-03-10T20:43:07.241+0000] {dagbag.py:588} INFO - Filling up the DagBag from /home/airflow/.local/lib/python3.12/site-packages/airflow/example_dags/tutorial_objectstorage.py
[2025-03-10T20:43:07.251+0000] {processor.py:925} INFO - DAG(s) 'tutorial_objectstorage' retrieved from /home/airflow/.local/lib/python3.12/site-packages/airflow/example_dags/tutorial_objectstorage.py
[2025-03-10T20:43:07.276+0000] {logging_mixin.py:190} INFO - [2025-03-10T20:43:07.276+0000] {dag.py:3239} INFO - Sync 1 DAGs
[2025-03-10T20:43:07.296+0000] {logging_mixin.py:190} INFO - [2025-03-10T20:43:07.296+0000] {dag.py:4180} INFO - Setting next_dagrun for tutorial_objectstorage to None, run_after=None
[2025-03-10T20:43:07.562+0000] {processor.py:208} INFO - Processing /home/airflow/.local/lib/python3.12/site-packages/airflow/example_dags/tutorial_objectstorage.py took 0.331 seconds
[2025-03-10T20:43:38.161+0000] {processor.py:186} INFO - Started process (PID=1774) to work on /home/airflow/.local/lib/python3.12/site-packages/airflow/example_dags/tutorial_objectstorage.py
[2025-03-10T20:43:38.162+0000] {processor.py:914} INFO - Processing file /home/airflow/.local/lib/python3.12/site-packages/airflow/example_dags/tutorial_objectstorage.py for tasks to queue
[2025-03-10T20:43:38.165+0000] {logging_mixin.py:190} INFO - [2025-03-10T20:43:38.165+0000] {dagbag.py:588} INFO - Filling up the DagBag from /home/airflow/.local/lib/python3.12/site-packages/airflow/example_dags/tutorial_objectstorage.py
[2025-03-10T20:43:38.175+0000] {processor.py:925} INFO - DAG(s) 'tutorial_objectstorage' retrieved from /home/airflow/.local/lib/python3.12/site-packages/airflow/example_dags/tutorial_objectstorage.py
[2025-03-10T20:43:38.198+0000] {logging_mixin.py:190} INFO - [2025-03-10T20:43:38.198+0000] {dag.py:3239} INFO - Sync 1 DAGs
[2025-03-10T20:43:38.216+0000] {logging_mixin.py:190} INFO - [2025-03-10T20:43:38.215+0000] {dag.py:4180} INFO - Setting next_dagrun for tutorial_objectstorage to None, run_after=None
[2025-03-10T20:43:38.236+0000] {processor.py:208} INFO - Processing /home/airflow/.local/lib/python3.12/site-packages/airflow/example_dags/tutorial_objectstorage.py took 0.082 seconds
[2025-03-10T20:44:09.041+0000] {processor.py:186} INFO - Started process (PID=1837) to work on /home/airflow/.local/lib/python3.12/site-packages/airflow/example_dags/tutorial_objectstorage.py
[2025-03-10T20:44:09.042+0000] {processor.py:914} INFO - Processing file /home/airflow/.local/lib/python3.12/site-packages/airflow/example_dags/tutorial_objectstorage.py for tasks to queue
[2025-03-10T20:44:09.044+0000] {logging_mixin.py:190} INFO - [2025-03-10T20:44:09.044+0000] {dagbag.py:588} INFO - Filling up the DagBag from /home/airflow/.local/lib/python3.12/site-packages/airflow/example_dags/tutorial_objectstorage.py
[2025-03-10T20:44:09.055+0000] {processor.py:925} INFO - DAG(s) 'tutorial_objectstorage' retrieved from /home/airflow/.local/lib/python3.12/site-packages/airflow/example_dags/tutorial_objectstorage.py
[2025-03-10T20:44:09.077+0000] {logging_mixin.py:190} INFO - [2025-03-10T20:44:09.077+0000] {dag.py:3239} INFO - Sync 1 DAGs
[2025-03-10T20:44:09.095+0000] {logging_mixin.py:190} INFO - [2025-03-10T20:44:09.094+0000] {dag.py:4180} INFO - Setting next_dagrun for tutorial_objectstorage to None, run_after=None
[2025-03-10T20:44:09.115+0000] {processor.py:208} INFO - Processing /home/airflow/.local/lib/python3.12/site-packages/airflow/example_dags/tutorial_objectstorage.py took 0.082 seconds
[2025-03-10T20:44:41.386+0000] {processor.py:186} INFO - Started process (PID=1906) to work on /home/airflow/.local/lib/python3.12/site-packages/airflow/example_dags/tutorial_objectstorage.py
[2025-03-10T20:44:41.387+0000] {processor.py:914} INFO - Processing file /home/airflow/.local/lib/python3.12/site-packages/airflow/example_dags/tutorial_objectstorage.py for tasks to queue
[2025-03-10T20:44:41.390+0000] {logging_mixin.py:190} INFO - [2025-03-10T20:44:41.389+0000] {dagbag.py:588} INFO - Filling up the DagBag from /home/airflow/.local/lib/python3.12/site-packages/airflow/example_dags/tutorial_objectstorage.py
[2025-03-10T20:44:41.400+0000] {processor.py:925} INFO - DAG(s) 'tutorial_objectstorage' retrieved from /home/airflow/.local/lib/python3.12/site-packages/airflow/example_dags/tutorial_objectstorage.py
[2025-03-10T20:44:41.423+0000] {logging_mixin.py:190} INFO - [2025-03-10T20:44:41.422+0000] {dag.py:3239} INFO - Sync 1 DAGs
[2025-03-10T20:44:41.440+0000] {logging_mixin.py:190} INFO - [2025-03-10T20:44:41.440+0000] {dag.py:4180} INFO - Setting next_dagrun for tutorial_objectstorage to None, run_after=None
[2025-03-10T20:44:41.461+0000] {processor.py:208} INFO - Processing /home/airflow/.local/lib/python3.12/site-packages/airflow/example_dags/tutorial_objectstorage.py took 0.082 seconds
[2025-03-10T20:45:12.697+0000] {processor.py:186} INFO - Started process (PID=1969) to work on /home/airflow/.local/lib/python3.12/site-packages/airflow/example_dags/tutorial_objectstorage.py
[2025-03-10T20:45:12.698+0000] {processor.py:914} INFO - Processing file /home/airflow/.local/lib/python3.12/site-packages/airflow/example_dags/tutorial_objectstorage.py for tasks to queue
[2025-03-10T20:45:12.700+0000] {logging_mixin.py:190} INFO - [2025-03-10T20:45:12.700+0000] {dagbag.py:588} INFO - Filling up the DagBag from /home/airflow/.local/lib/python3.12/site-packages/airflow/example_dags/tutorial_objectstorage.py
[2025-03-10T20:45:12.713+0000] {processor.py:925} INFO - DAG(s) 'tutorial_objectstorage' retrieved from /home/airflow/.local/lib/python3.12/site-packages/airflow/example_dags/tutorial_objectstorage.py
[2025-03-10T20:45:12.736+0000] {logging_mixin.py:190} INFO - [2025-03-10T20:45:12.736+0000] {dag.py:3239} INFO - Sync 1 DAGs
[2025-03-10T20:45:12.755+0000] {logging_mixin.py:190} INFO - [2025-03-10T20:45:12.755+0000] {dag.py:4180} INFO - Setting next_dagrun for tutorial_objectstorage to None, run_after=None
[2025-03-10T20:45:13.026+0000] {processor.py:208} INFO - Processing /home/airflow/.local/lib/python3.12/site-packages/airflow/example_dags/tutorial_objectstorage.py took 0.337 seconds
[2025-03-10T20:45:43.665+0000] {processor.py:186} INFO - Started process (PID=2032) to work on /home/airflow/.local/lib/python3.12/site-packages/airflow/example_dags/tutorial_objectstorage.py
[2025-03-10T20:45:43.666+0000] {processor.py:914} INFO - Processing file /home/airflow/.local/lib/python3.12/site-packages/airflow/example_dags/tutorial_objectstorage.py for tasks to queue
[2025-03-10T20:45:43.669+0000] {logging_mixin.py:190} INFO - [2025-03-10T20:45:43.668+0000] {dagbag.py:588} INFO - Filling up the DagBag from /home/airflow/.local/lib/python3.12/site-packages/airflow/example_dags/tutorial_objectstorage.py
[2025-03-10T20:45:43.679+0000] {processor.py:925} INFO - DAG(s) 'tutorial_objectstorage' retrieved from /home/airflow/.local/lib/python3.12/site-packages/airflow/example_dags/tutorial_objectstorage.py
[2025-03-10T20:45:43.704+0000] {logging_mixin.py:190} INFO - [2025-03-10T20:45:43.704+0000] {dag.py:3239} INFO - Sync 1 DAGs
[2025-03-10T20:45:43.723+0000] {logging_mixin.py:190} INFO - [2025-03-10T20:45:43.723+0000] {dag.py:4180} INFO - Setting next_dagrun for tutorial_objectstorage to None, run_after=None
[2025-03-10T20:45:43.747+0000] {processor.py:208} INFO - Processing /home/airflow/.local/lib/python3.12/site-packages/airflow/example_dags/tutorial_objectstorage.py took 0.090 seconds
[2025-03-10T20:46:14.090+0000] {processor.py:186} INFO - Started process (PID=2095) to work on /home/airflow/.local/lib/python3.12/site-packages/airflow/example_dags/tutorial_objectstorage.py
[2025-03-10T20:46:14.091+0000] {processor.py:914} INFO - Processing file /home/airflow/.local/lib/python3.12/site-packages/airflow/example_dags/tutorial_objectstorage.py for tasks to queue
[2025-03-10T20:46:14.093+0000] {logging_mixin.py:190} INFO - [2025-03-10T20:46:14.093+0000] {dagbag.py:588} INFO - Filling up the DagBag from /home/airflow/.local/lib/python3.12/site-packages/airflow/example_dags/tutorial_objectstorage.py
[2025-03-10T20:46:14.103+0000] {processor.py:925} INFO - DAG(s) 'tutorial_objectstorage' retrieved from /home/airflow/.local/lib/python3.12/site-packages/airflow/example_dags/tutorial_objectstorage.py
[2025-03-10T20:46:14.127+0000] {logging_mixin.py:190} INFO - [2025-03-10T20:46:14.126+0000] {dag.py:3239} INFO - Sync 1 DAGs
[2025-03-10T20:46:14.146+0000] {logging_mixin.py:190} INFO - [2025-03-10T20:46:14.146+0000] {dag.py:4180} INFO - Setting next_dagrun for tutorial_objectstorage to None, run_after=None
[2025-03-10T20:46:14.167+0000] {processor.py:208} INFO - Processing /home/airflow/.local/lib/python3.12/site-packages/airflow/example_dags/tutorial_objectstorage.py took 0.084 seconds
[2025-03-10T20:46:47.233+0000] {processor.py:186} INFO - Started process (PID=2158) to work on /home/airflow/.local/lib/python3.12/site-packages/airflow/example_dags/tutorial_objectstorage.py
[2025-03-10T20:46:47.234+0000] {processor.py:914} INFO - Processing file /home/airflow/.local/lib/python3.12/site-packages/airflow/example_dags/tutorial_objectstorage.py for tasks to queue
[2025-03-10T20:46:47.236+0000] {logging_mixin.py:190} INFO - [2025-03-10T20:46:47.236+0000] {dagbag.py:588} INFO - Filling up the DagBag from /home/airflow/.local/lib/python3.12/site-packages/airflow/example_dags/tutorial_objectstorage.py
[2025-03-10T20:46:47.247+0000] {processor.py:925} INFO - DAG(s) 'tutorial_objectstorage' retrieved from /home/airflow/.local/lib/python3.12/site-packages/airflow/example_dags/tutorial_objectstorage.py
[2025-03-10T20:46:47.540+0000] {logging_mixin.py:190} INFO - [2025-03-10T20:46:47.539+0000] {dag.py:3239} INFO - Sync 1 DAGs
[2025-03-10T20:46:47.558+0000] {logging_mixin.py:190} INFO - [2025-03-10T20:46:47.558+0000] {dag.py:4180} INFO - Setting next_dagrun for tutorial_objectstorage to None, run_after=None
[2025-03-10T20:46:47.581+0000] {processor.py:208} INFO - Processing /home/airflow/.local/lib/python3.12/site-packages/airflow/example_dags/tutorial_objectstorage.py took 0.356 seconds
[2025-03-10T20:47:17.692+0000] {processor.py:186} INFO - Started process (PID=2221) to work on /home/airflow/.local/lib/python3.12/site-packages/airflow/example_dags/tutorial_objectstorage.py
[2025-03-10T20:47:17.693+0000] {processor.py:914} INFO - Processing file /home/airflow/.local/lib/python3.12/site-packages/airflow/example_dags/tutorial_objectstorage.py for tasks to queue
[2025-03-10T20:47:17.697+0000] {logging_mixin.py:190} INFO - [2025-03-10T20:47:17.696+0000] {dagbag.py:588} INFO - Filling up the DagBag from /home/airflow/.local/lib/python3.12/site-packages/airflow/example_dags/tutorial_objectstorage.py
[2025-03-10T20:47:17.707+0000] {processor.py:925} INFO - DAG(s) 'tutorial_objectstorage' retrieved from /home/airflow/.local/lib/python3.12/site-packages/airflow/example_dags/tutorial_objectstorage.py
[2025-03-10T20:47:17.731+0000] {logging_mixin.py:190} INFO - [2025-03-10T20:47:17.730+0000] {dag.py:3239} INFO - Sync 1 DAGs
[2025-03-10T20:47:17.749+0000] {logging_mixin.py:190} INFO - [2025-03-10T20:47:17.749+0000] {dag.py:4180} INFO - Setting next_dagrun for tutorial_objectstorage to None, run_after=None
[2025-03-10T20:47:17.770+0000] {processor.py:208} INFO - Processing /home/airflow/.local/lib/python3.12/site-packages/airflow/example_dags/tutorial_objectstorage.py took 0.086 seconds
[2025-03-10T20:47:48.205+0000] {processor.py:186} INFO - Started process (PID=2284) to work on /home/airflow/.local/lib/python3.12/site-packages/airflow/example_dags/tutorial_objectstorage.py
[2025-03-10T20:47:48.206+0000] {processor.py:914} INFO - Processing file /home/airflow/.local/lib/python3.12/site-packages/airflow/example_dags/tutorial_objectstorage.py for tasks to queue
[2025-03-10T20:47:48.209+0000] {logging_mixin.py:190} INFO - [2025-03-10T20:47:48.208+0000] {dagbag.py:588} INFO - Filling up the DagBag from /home/airflow/.local/lib/python3.12/site-packages/airflow/example_dags/tutorial_objectstorage.py
[2025-03-10T20:47:48.219+0000] {processor.py:925} INFO - DAG(s) 'tutorial_objectstorage' retrieved from /home/airflow/.local/lib/python3.12/site-packages/airflow/example_dags/tutorial_objectstorage.py
[2025-03-10T20:47:48.242+0000] {logging_mixin.py:190} INFO - [2025-03-10T20:47:48.242+0000] {dag.py:3239} INFO - Sync 1 DAGs
[2025-03-10T20:47:48.260+0000] {logging_mixin.py:190} INFO - [2025-03-10T20:47:48.260+0000] {dag.py:4180} INFO - Setting next_dagrun for tutorial_objectstorage to None, run_after=None
[2025-03-10T20:47:48.282+0000] {processor.py:208} INFO - Processing /home/airflow/.local/lib/python3.12/site-packages/airflow/example_dags/tutorial_objectstorage.py took 0.084 seconds
[2025-03-10T20:48:18.643+0000] {processor.py:186} INFO - Started process (PID=2347) to work on /home/airflow/.local/lib/python3.12/site-packages/airflow/example_dags/tutorial_objectstorage.py
[2025-03-10T20:48:18.644+0000] {processor.py:914} INFO - Processing file /home/airflow/.local/lib/python3.12/site-packages/airflow/example_dags/tutorial_objectstorage.py for tasks to queue
[2025-03-10T20:48:18.647+0000] {logging_mixin.py:190} INFO - [2025-03-10T20:48:18.647+0000] {dagbag.py:588} INFO - Filling up the DagBag from /home/airflow/.local/lib/python3.12/site-packages/airflow/example_dags/tutorial_objectstorage.py
[2025-03-10T20:48:18.657+0000] {processor.py:925} INFO - DAG(s) 'tutorial_objectstorage' retrieved from /home/airflow/.local/lib/python3.12/site-packages/airflow/example_dags/tutorial_objectstorage.py
[2025-03-10T20:48:18.680+0000] {logging_mixin.py:190} INFO - [2025-03-10T20:48:18.680+0000] {dag.py:3239} INFO - Sync 1 DAGs
[2025-03-10T20:48:18.697+0000] {logging_mixin.py:190} INFO - [2025-03-10T20:48:18.697+0000] {dag.py:4180} INFO - Setting next_dagrun for tutorial_objectstorage to None, run_after=None
[2025-03-10T20:48:18.720+0000] {processor.py:208} INFO - Processing /home/airflow/.local/lib/python3.12/site-packages/airflow/example_dags/tutorial_objectstorage.py took 0.083 seconds
[2025-03-10T20:48:49.295+0000] {processor.py:186} INFO - Started process (PID=2410) to work on /home/airflow/.local/lib/python3.12/site-packages/airflow/example_dags/tutorial_objectstorage.py
[2025-03-10T20:48:49.296+0000] {processor.py:914} INFO - Processing file /home/airflow/.local/lib/python3.12/site-packages/airflow/example_dags/tutorial_objectstorage.py for tasks to queue
[2025-03-10T20:48:49.298+0000] {logging_mixin.py:190} INFO - [2025-03-10T20:48:49.298+0000] {dagbag.py:588} INFO - Filling up the DagBag from /home/airflow/.local/lib/python3.12/site-packages/airflow/example_dags/tutorial_objectstorage.py
[2025-03-10T20:48:49.308+0000] {processor.py:925} INFO - DAG(s) 'tutorial_objectstorage' retrieved from /home/airflow/.local/lib/python3.12/site-packages/airflow/example_dags/tutorial_objectstorage.py
[2025-03-10T20:48:49.333+0000] {logging_mixin.py:190} INFO - [2025-03-10T20:48:49.332+0000] {dag.py:3239} INFO - Sync 1 DAGs
[2025-03-10T20:48:49.351+0000] {logging_mixin.py:190} INFO - [2025-03-10T20:48:49.351+0000] {dag.py:4180} INFO - Setting next_dagrun for tutorial_objectstorage to None, run_after=None
[2025-03-10T20:48:49.373+0000] {processor.py:208} INFO - Processing /home/airflow/.local/lib/python3.12/site-packages/airflow/example_dags/tutorial_objectstorage.py took 0.085 seconds
[2025-03-10T20:49:19.773+0000] {processor.py:186} INFO - Started process (PID=2473) to work on /home/airflow/.local/lib/python3.12/site-packages/airflow/example_dags/tutorial_objectstorage.py
[2025-03-10T20:49:19.774+0000] {processor.py:914} INFO - Processing file /home/airflow/.local/lib/python3.12/site-packages/airflow/example_dags/tutorial_objectstorage.py for tasks to queue
[2025-03-10T20:49:19.776+0000] {logging_mixin.py:190} INFO - [2025-03-10T20:49:19.776+0000] {dagbag.py:588} INFO - Filling up the DagBag from /home/airflow/.local/lib/python3.12/site-packages/airflow/example_dags/tutorial_objectstorage.py
[2025-03-10T20:49:19.786+0000] {processor.py:925} INFO - DAG(s) 'tutorial_objectstorage' retrieved from /home/airflow/.local/lib/python3.12/site-packages/airflow/example_dags/tutorial_objectstorage.py
[2025-03-10T20:49:19.810+0000] {logging_mixin.py:190} INFO - [2025-03-10T20:49:19.810+0000] {dag.py:3239} INFO - Sync 1 DAGs
[2025-03-10T20:49:19.831+0000] {logging_mixin.py:190} INFO - [2025-03-10T20:49:19.830+0000] {dag.py:4180} INFO - Setting next_dagrun for tutorial_objectstorage to None, run_after=None
[2025-03-10T20:49:19.853+0000] {processor.py:208} INFO - Processing /home/airflow/.local/lib/python3.12/site-packages/airflow/example_dags/tutorial_objectstorage.py took 0.087 seconds
[2025-03-10T20:49:50.275+0000] {processor.py:186} INFO - Started process (PID=2536) to work on /home/airflow/.local/lib/python3.12/site-packages/airflow/example_dags/tutorial_objectstorage.py
[2025-03-10T20:49:50.276+0000] {processor.py:914} INFO - Processing file /home/airflow/.local/lib/python3.12/site-packages/airflow/example_dags/tutorial_objectstorage.py for tasks to queue
[2025-03-10T20:49:50.279+0000] {logging_mixin.py:190} INFO - [2025-03-10T20:49:50.278+0000] {dagbag.py:588} INFO - Filling up the DagBag from /home/airflow/.local/lib/python3.12/site-packages/airflow/example_dags/tutorial_objectstorage.py
[2025-03-10T20:49:50.289+0000] {processor.py:925} INFO - DAG(s) 'tutorial_objectstorage' retrieved from /home/airflow/.local/lib/python3.12/site-packages/airflow/example_dags/tutorial_objectstorage.py
[2025-03-10T20:49:50.312+0000] {logging_mixin.py:190} INFO - [2025-03-10T20:49:50.311+0000] {dag.py:3239} INFO - Sync 1 DAGs
[2025-03-10T20:49:50.330+0000] {logging_mixin.py:190} INFO - [2025-03-10T20:49:50.329+0000] {dag.py:4180} INFO - Setting next_dagrun for tutorial_objectstorage to None, run_after=None
[2025-03-10T20:49:50.351+0000] {processor.py:208} INFO - Processing /home/airflow/.local/lib/python3.12/site-packages/airflow/example_dags/tutorial_objectstorage.py took 0.084 seconds
[2025-03-10T20:50:20.869+0000] {processor.py:186} INFO - Started process (PID=2599) to work on /home/airflow/.local/lib/python3.12/site-packages/airflow/example_dags/tutorial_objectstorage.py
[2025-03-10T20:50:20.870+0000] {processor.py:914} INFO - Processing file /home/airflow/.local/lib/python3.12/site-packages/airflow/example_dags/tutorial_objectstorage.py for tasks to queue
[2025-03-10T20:50:20.873+0000] {logging_mixin.py:190} INFO - [2025-03-10T20:50:20.872+0000] {dagbag.py:588} INFO - Filling up the DagBag from /home/airflow/.local/lib/python3.12/site-packages/airflow/example_dags/tutorial_objectstorage.py
[2025-03-10T20:50:20.882+0000] {processor.py:925} INFO - DAG(s) 'tutorial_objectstorage' retrieved from /home/airflow/.local/lib/python3.12/site-packages/airflow/example_dags/tutorial_objectstorage.py
[2025-03-10T20:50:20.905+0000] {logging_mixin.py:190} INFO - [2025-03-10T20:50:20.905+0000] {dag.py:3239} INFO - Sync 1 DAGs
[2025-03-10T20:50:20.923+0000] {logging_mixin.py:190} INFO - [2025-03-10T20:50:20.922+0000] {dag.py:4180} INFO - Setting next_dagrun for tutorial_objectstorage to None, run_after=None
[2025-03-10T20:50:20.943+0000] {processor.py:208} INFO - Processing /home/airflow/.local/lib/python3.12/site-packages/airflow/example_dags/tutorial_objectstorage.py took 0.081 seconds
[2025-03-10T23:10:26.112+0000] {processor.py:186} INFO - Started process (PID=132) to work on /home/airflow/.local/lib/python3.12/site-packages/airflow/example_dags/tutorial_objectstorage.py
[2025-03-10T23:10:26.118+0000] {processor.py:914} INFO - Processing file /home/airflow/.local/lib/python3.12/site-packages/airflow/example_dags/tutorial_objectstorage.py for tasks to queue
[2025-03-10T23:10:26.124+0000] {logging_mixin.py:190} INFO - [2025-03-10T23:10:26.122+0000] {dagbag.py:588} INFO - Filling up the DagBag from /home/airflow/.local/lib/python3.12/site-packages/airflow/example_dags/tutorial_objectstorage.py
[2025-03-10T23:10:26.186+0000] {processor.py:925} INFO - DAG(s) 'tutorial_objectstorage' retrieved from /home/airflow/.local/lib/python3.12/site-packages/airflow/example_dags/tutorial_objectstorage.py
[2025-03-10T23:10:26.316+0000] {logging_mixin.py:190} INFO - [2025-03-10T23:10:26.315+0000] {dag.py:3239} INFO - Sync 1 DAGs
[2025-03-10T23:10:26.420+0000] {logging_mixin.py:190} INFO - [2025-03-10T23:10:26.419+0000] {dag.py:4180} INFO - Setting next_dagrun for tutorial_objectstorage to None, run_after=None
[2025-03-10T23:10:26.523+0000] {processor.py:208} INFO - Processing /home/airflow/.local/lib/python3.12/site-packages/airflow/example_dags/tutorial_objectstorage.py took 0.449 seconds
[2025-03-10T23:10:57.774+0000] {processor.py:186} INFO - Started process (PID=195) to work on /home/airflow/.local/lib/python3.12/site-packages/airflow/example_dags/tutorial_objectstorage.py
[2025-03-10T23:10:57.783+0000] {processor.py:914} INFO - Processing file /home/airflow/.local/lib/python3.12/site-packages/airflow/example_dags/tutorial_objectstorage.py for tasks to queue
[2025-03-10T23:10:57.790+0000] {logging_mixin.py:190} INFO - [2025-03-10T23:10:57.787+0000] {dagbag.py:588} INFO - Filling up the DagBag from /home/airflow/.local/lib/python3.12/site-packages/airflow/example_dags/tutorial_objectstorage.py
[2025-03-10T23:10:57.909+0000] {processor.py:925} INFO - DAG(s) 'tutorial_objectstorage' retrieved from /home/airflow/.local/lib/python3.12/site-packages/airflow/example_dags/tutorial_objectstorage.py
[2025-03-10T23:10:58.358+0000] {logging_mixin.py:190} INFO - [2025-03-10T23:10:58.349+0000] {dag.py:3239} INFO - Sync 1 DAGs
[2025-03-10T23:10:58.530+0000] {logging_mixin.py:190} INFO - [2025-03-10T23:10:58.526+0000] {dag.py:4180} INFO - Setting next_dagrun for tutorial_objectstorage to None, run_after=None
[2025-03-10T23:13:41.097+0000] {processor.py:186} INFO - Started process (PID=259) to work on /home/airflow/.local/lib/python3.12/site-packages/airflow/example_dags/tutorial_objectstorage.py
[2025-03-10T23:13:41.098+0000] {processor.py:914} INFO - Processing file /home/airflow/.local/lib/python3.12/site-packages/airflow/example_dags/tutorial_objectstorage.py for tasks to queue
[2025-03-10T23:13:41.099+0000] {logging_mixin.py:190} INFO - [2025-03-10T23:13:41.099+0000] {dagbag.py:588} INFO - Filling up the DagBag from /home/airflow/.local/lib/python3.12/site-packages/airflow/example_dags/tutorial_objectstorage.py
[2025-03-10T23:13:41.110+0000] {processor.py:925} INFO - DAG(s) 'tutorial_objectstorage' retrieved from /home/airflow/.local/lib/python3.12/site-packages/airflow/example_dags/tutorial_objectstorage.py
[2025-03-10T23:13:41.179+0000] {logging_mixin.py:190} INFO - [2025-03-10T23:13:41.179+0000] {dag.py:3239} INFO - Sync 1 DAGs
[2025-03-10T23:13:41.195+0000] {logging_mixin.py:190} INFO - [2025-03-10T23:13:41.195+0000] {dag.py:4180} INFO - Setting next_dagrun for tutorial_objectstorage to None, run_after=None
[2025-03-10T23:13:41.215+0000] {processor.py:208} INFO - Processing /home/airflow/.local/lib/python3.12/site-packages/airflow/example_dags/tutorial_objectstorage.py took 0.125 seconds
[2025-03-10T23:15:06.489+0000] {processor.py:186} INFO - Started process (PID=320) to work on /home/airflow/.local/lib/python3.12/site-packages/airflow/example_dags/tutorial_objectstorage.py
[2025-03-10T23:15:06.492+0000] {processor.py:914} INFO - Processing file /home/airflow/.local/lib/python3.12/site-packages/airflow/example_dags/tutorial_objectstorage.py for tasks to queue
[2025-03-10T23:15:06.496+0000] {logging_mixin.py:190} INFO - [2025-03-10T23:15:06.495+0000] {dagbag.py:588} INFO - Filling up the DagBag from /home/airflow/.local/lib/python3.12/site-packages/airflow/example_dags/tutorial_objectstorage.py
[2025-03-10T23:15:06.534+0000] {processor.py:925} INFO - DAG(s) 'tutorial_objectstorage' retrieved from /home/airflow/.local/lib/python3.12/site-packages/airflow/example_dags/tutorial_objectstorage.py
[2025-03-10T23:15:06.611+0000] {logging_mixin.py:190} INFO - [2025-03-10T23:15:06.610+0000] {dag.py:3239} INFO - Sync 1 DAGs
[2025-03-10T23:15:06.677+0000] {logging_mixin.py:190} INFO - [2025-03-10T23:15:06.676+0000] {dag.py:4180} INFO - Setting next_dagrun for tutorial_objectstorage to None, run_after=None
[2025-03-10T23:15:06.807+0000] {processor.py:208} INFO - Processing /home/airflow/.local/lib/python3.12/site-packages/airflow/example_dags/tutorial_objectstorage.py took 0.342 seconds
[2025-03-10T23:15:38.641+0000] {processor.py:186} INFO - Started process (PID=383) to work on /home/airflow/.local/lib/python3.12/site-packages/airflow/example_dags/tutorial_objectstorage.py
[2025-03-10T23:15:38.644+0000] {processor.py:914} INFO - Processing file /home/airflow/.local/lib/python3.12/site-packages/airflow/example_dags/tutorial_objectstorage.py for tasks to queue
[2025-03-10T23:15:38.648+0000] {logging_mixin.py:190} INFO - [2025-03-10T23:15:38.647+0000] {dagbag.py:588} INFO - Filling up the DagBag from /home/airflow/.local/lib/python3.12/site-packages/airflow/example_dags/tutorial_objectstorage.py
[2025-03-10T23:15:38.691+0000] {processor.py:925} INFO - DAG(s) 'tutorial_objectstorage' retrieved from /home/airflow/.local/lib/python3.12/site-packages/airflow/example_dags/tutorial_objectstorage.py
[2025-03-10T23:15:38.787+0000] {logging_mixin.py:190} INFO - [2025-03-10T23:15:38.786+0000] {dag.py:3239} INFO - Sync 1 DAGs
[2025-03-10T23:15:38.886+0000] {logging_mixin.py:190} INFO - [2025-03-10T23:15:38.885+0000] {dag.py:4180} INFO - Setting next_dagrun for tutorial_objectstorage to None, run_after=None
[2025-03-10T23:15:38.984+0000] {processor.py:208} INFO - Processing /home/airflow/.local/lib/python3.12/site-packages/airflow/example_dags/tutorial_objectstorage.py took 0.367 seconds
[2025-03-10T23:16:10.707+0000] {processor.py:186} INFO - Started process (PID=446) to work on /home/airflow/.local/lib/python3.12/site-packages/airflow/example_dags/tutorial_objectstorage.py
[2025-03-10T23:16:10.711+0000] {processor.py:914} INFO - Processing file /home/airflow/.local/lib/python3.12/site-packages/airflow/example_dags/tutorial_objectstorage.py for tasks to queue
[2025-03-10T23:16:10.721+0000] {logging_mixin.py:190} INFO - [2025-03-10T23:16:10.718+0000] {dagbag.py:588} INFO - Filling up the DagBag from /home/airflow/.local/lib/python3.12/site-packages/airflow/example_dags/tutorial_objectstorage.py
[2025-03-10T23:16:10.793+0000] {processor.py:925} INFO - DAG(s) 'tutorial_objectstorage' retrieved from /home/airflow/.local/lib/python3.12/site-packages/airflow/example_dags/tutorial_objectstorage.py
[2025-03-10T23:16:10.914+0000] {logging_mixin.py:190} INFO - [2025-03-10T23:16:10.912+0000] {dag.py:3239} INFO - Sync 1 DAGs
[2025-03-10T23:16:11.018+0000] {logging_mixin.py:190} INFO - [2025-03-10T23:16:11.017+0000] {dag.py:4180} INFO - Setting next_dagrun for tutorial_objectstorage to None, run_after=None
[2025-03-10T23:16:11.112+0000] {processor.py:208} INFO - Processing /home/airflow/.local/lib/python3.12/site-packages/airflow/example_dags/tutorial_objectstorage.py took 0.445 seconds
[2025-03-10T23:16:41.697+0000] {processor.py:186} INFO - Started process (PID=509) to work on /home/airflow/.local/lib/python3.12/site-packages/airflow/example_dags/tutorial_objectstorage.py
[2025-03-10T23:16:41.698+0000] {processor.py:914} INFO - Processing file /home/airflow/.local/lib/python3.12/site-packages/airflow/example_dags/tutorial_objectstorage.py for tasks to queue
[2025-03-10T23:16:41.699+0000] {logging_mixin.py:190} INFO - [2025-03-10T23:16:41.699+0000] {dagbag.py:588} INFO - Filling up the DagBag from /home/airflow/.local/lib/python3.12/site-packages/airflow/example_dags/tutorial_objectstorage.py
[2025-03-10T23:16:41.710+0000] {processor.py:925} INFO - DAG(s) 'tutorial_objectstorage' retrieved from /home/airflow/.local/lib/python3.12/site-packages/airflow/example_dags/tutorial_objectstorage.py
[2025-03-10T23:16:41.735+0000] {logging_mixin.py:190} INFO - [2025-03-10T23:16:41.735+0000] {dag.py:3239} INFO - Sync 1 DAGs
[2025-03-10T23:16:41.756+0000] {logging_mixin.py:190} INFO - [2025-03-10T23:16:41.755+0000] {dag.py:4180} INFO - Setting next_dagrun for tutorial_objectstorage to None, run_after=None
[2025-03-10T23:16:41.786+0000] {processor.py:208} INFO - Processing /home/airflow/.local/lib/python3.12/site-packages/airflow/example_dags/tutorial_objectstorage.py took 0.096 seconds
[2025-03-10T23:17:12.332+0000] {processor.py:186} INFO - Started process (PID=571) to work on /home/airflow/.local/lib/python3.12/site-packages/airflow/example_dags/tutorial_objectstorage.py
[2025-03-10T23:17:12.334+0000] {processor.py:914} INFO - Processing file /home/airflow/.local/lib/python3.12/site-packages/airflow/example_dags/tutorial_objectstorage.py for tasks to queue
[2025-03-10T23:17:12.335+0000] {logging_mixin.py:190} INFO - [2025-03-10T23:17:12.335+0000] {dagbag.py:588} INFO - Filling up the DagBag from /home/airflow/.local/lib/python3.12/site-packages/airflow/example_dags/tutorial_objectstorage.py
[2025-03-10T23:17:12.352+0000] {processor.py:925} INFO - DAG(s) 'tutorial_objectstorage' retrieved from /home/airflow/.local/lib/python3.12/site-packages/airflow/example_dags/tutorial_objectstorage.py
[2025-03-10T23:17:12.376+0000] {logging_mixin.py:190} INFO - [2025-03-10T23:17:12.376+0000] {dag.py:3239} INFO - Sync 1 DAGs
[2025-03-10T23:17:12.396+0000] {logging_mixin.py:190} INFO - [2025-03-10T23:17:12.396+0000] {dag.py:4180} INFO - Setting next_dagrun for tutorial_objectstorage to None, run_after=None
[2025-03-10T23:17:12.421+0000] {processor.py:208} INFO - Processing /home/airflow/.local/lib/python3.12/site-packages/airflow/example_dags/tutorial_objectstorage.py took 0.098 seconds
[2025-03-10T23:17:42.513+0000] {processor.py:186} INFO - Started process (PID=634) to work on /home/airflow/.local/lib/python3.12/site-packages/airflow/example_dags/tutorial_objectstorage.py
[2025-03-10T23:17:42.514+0000] {processor.py:914} INFO - Processing file /home/airflow/.local/lib/python3.12/site-packages/airflow/example_dags/tutorial_objectstorage.py for tasks to queue
[2025-03-10T23:17:42.516+0000] {logging_mixin.py:190} INFO - [2025-03-10T23:17:42.515+0000] {dagbag.py:588} INFO - Filling up the DagBag from /home/airflow/.local/lib/python3.12/site-packages/airflow/example_dags/tutorial_objectstorage.py
[2025-03-10T23:17:42.528+0000] {processor.py:925} INFO - DAG(s) 'tutorial_objectstorage' retrieved from /home/airflow/.local/lib/python3.12/site-packages/airflow/example_dags/tutorial_objectstorage.py
[2025-03-10T23:17:42.553+0000] {logging_mixin.py:190} INFO - [2025-03-10T23:17:42.553+0000] {dag.py:3239} INFO - Sync 1 DAGs
[2025-03-10T23:17:42.570+0000] {logging_mixin.py:190} INFO - [2025-03-10T23:17:42.570+0000] {dag.py:4180} INFO - Setting next_dagrun for tutorial_objectstorage to None, run_after=None
[2025-03-10T23:17:42.591+0000] {processor.py:208} INFO - Processing /home/airflow/.local/lib/python3.12/site-packages/airflow/example_dags/tutorial_objectstorage.py took 0.087 seconds
[2025-03-10T23:18:12.781+0000] {processor.py:186} INFO - Started process (PID=697) to work on /home/airflow/.local/lib/python3.12/site-packages/airflow/example_dags/tutorial_objectstorage.py
[2025-03-10T23:18:12.782+0000] {processor.py:914} INFO - Processing file /home/airflow/.local/lib/python3.12/site-packages/airflow/example_dags/tutorial_objectstorage.py for tasks to queue
[2025-03-10T23:18:12.784+0000] {logging_mixin.py:190} INFO - [2025-03-10T23:18:12.783+0000] {dagbag.py:588} INFO - Filling up the DagBag from /home/airflow/.local/lib/python3.12/site-packages/airflow/example_dags/tutorial_objectstorage.py
[2025-03-10T23:18:12.800+0000] {processor.py:925} INFO - DAG(s) 'tutorial_objectstorage' retrieved from /home/airflow/.local/lib/python3.12/site-packages/airflow/example_dags/tutorial_objectstorage.py
[2025-03-10T23:18:12.830+0000] {logging_mixin.py:190} INFO - [2025-03-10T23:18:12.830+0000] {dag.py:3239} INFO - Sync 1 DAGs
[2025-03-10T23:18:12.850+0000] {logging_mixin.py:190} INFO - [2025-03-10T23:18:12.850+0000] {dag.py:4180} INFO - Setting next_dagrun for tutorial_objectstorage to None, run_after=None
[2025-03-10T23:18:12.874+0000] {processor.py:208} INFO - Processing /home/airflow/.local/lib/python3.12/site-packages/airflow/example_dags/tutorial_objectstorage.py took 0.101 seconds
[2025-03-10T23:18:42.929+0000] {processor.py:186} INFO - Started process (PID=760) to work on /home/airflow/.local/lib/python3.12/site-packages/airflow/example_dags/tutorial_objectstorage.py
[2025-03-10T23:18:42.930+0000] {processor.py:914} INFO - Processing file /home/airflow/.local/lib/python3.12/site-packages/airflow/example_dags/tutorial_objectstorage.py for tasks to queue
[2025-03-10T23:18:42.931+0000] {logging_mixin.py:190} INFO - [2025-03-10T23:18:42.931+0000] {dagbag.py:588} INFO - Filling up the DagBag from /home/airflow/.local/lib/python3.12/site-packages/airflow/example_dags/tutorial_objectstorage.py
[2025-03-10T23:18:42.944+0000] {processor.py:925} INFO - DAG(s) 'tutorial_objectstorage' retrieved from /home/airflow/.local/lib/python3.12/site-packages/airflow/example_dags/tutorial_objectstorage.py
[2025-03-10T23:18:42.969+0000] {logging_mixin.py:190} INFO - [2025-03-10T23:18:42.969+0000] {dag.py:3239} INFO - Sync 1 DAGs
[2025-03-10T23:18:42.986+0000] {logging_mixin.py:190} INFO - [2025-03-10T23:18:42.986+0000] {dag.py:4180} INFO - Setting next_dagrun for tutorial_objectstorage to None, run_after=None
[2025-03-10T23:18:43.007+0000] {processor.py:208} INFO - Processing /home/airflow/.local/lib/python3.12/site-packages/airflow/example_dags/tutorial_objectstorage.py took 0.087 seconds
[2025-03-10T23:19:13.350+0000] {processor.py:186} INFO - Started process (PID=823) to work on /home/airflow/.local/lib/python3.12/site-packages/airflow/example_dags/tutorial_objectstorage.py
[2025-03-10T23:19:13.351+0000] {processor.py:914} INFO - Processing file /home/airflow/.local/lib/python3.12/site-packages/airflow/example_dags/tutorial_objectstorage.py for tasks to queue
[2025-03-10T23:19:13.352+0000] {logging_mixin.py:190} INFO - [2025-03-10T23:19:13.352+0000] {dagbag.py:588} INFO - Filling up the DagBag from /home/airflow/.local/lib/python3.12/site-packages/airflow/example_dags/tutorial_objectstorage.py
[2025-03-10T23:19:13.364+0000] {processor.py:925} INFO - DAG(s) 'tutorial_objectstorage' retrieved from /home/airflow/.local/lib/python3.12/site-packages/airflow/example_dags/tutorial_objectstorage.py
[2025-03-10T23:19:13.387+0000] {logging_mixin.py:190} INFO - [2025-03-10T23:19:13.387+0000] {dag.py:3239} INFO - Sync 1 DAGs
[2025-03-10T23:19:13.404+0000] {logging_mixin.py:190} INFO - [2025-03-10T23:19:13.404+0000] {dag.py:4180} INFO - Setting next_dagrun for tutorial_objectstorage to None, run_after=None
[2025-03-10T23:19:13.424+0000] {processor.py:208} INFO - Processing /home/airflow/.local/lib/python3.12/site-packages/airflow/example_dags/tutorial_objectstorage.py took 0.082 seconds
[2025-03-10T23:27:15.911+0000] {processor.py:186} INFO - Started process (PID=119) to work on /home/airflow/.local/lib/python3.12/site-packages/airflow/example_dags/tutorial_objectstorage.py
[2025-03-10T23:27:15.914+0000] {processor.py:914} INFO - Processing file /home/airflow/.local/lib/python3.12/site-packages/airflow/example_dags/tutorial_objectstorage.py for tasks to queue
[2025-03-10T23:27:15.923+0000] {logging_mixin.py:190} INFO - [2025-03-10T23:27:15.922+0000] {dagbag.py:588} INFO - Filling up the DagBag from /home/airflow/.local/lib/python3.12/site-packages/airflow/example_dags/tutorial_objectstorage.py
[2025-03-10T23:27:15.955+0000] {processor.py:925} INFO - DAG(s) 'tutorial_objectstorage' retrieved from /home/airflow/.local/lib/python3.12/site-packages/airflow/example_dags/tutorial_objectstorage.py
[2025-03-10T23:27:16.035+0000] {logging_mixin.py:190} INFO - [2025-03-10T23:27:16.034+0000] {dag.py:3239} INFO - Sync 1 DAGs
[2025-03-10T23:27:16.113+0000] {logging_mixin.py:190} INFO - [2025-03-10T23:27:16.112+0000] {dag.py:4180} INFO - Setting next_dagrun for tutorial_objectstorage to None, run_after=None
[2025-03-10T23:27:16.184+0000] {processor.py:208} INFO - Processing /home/airflow/.local/lib/python3.12/site-packages/airflow/example_dags/tutorial_objectstorage.py took 0.295 seconds
[2025-03-10T23:27:46.882+0000] {processor.py:186} INFO - Started process (PID=182) to work on /home/airflow/.local/lib/python3.12/site-packages/airflow/example_dags/tutorial_objectstorage.py
[2025-03-10T23:27:46.883+0000] {processor.py:914} INFO - Processing file /home/airflow/.local/lib/python3.12/site-packages/airflow/example_dags/tutorial_objectstorage.py for tasks to queue
[2025-03-10T23:27:46.886+0000] {logging_mixin.py:190} INFO - [2025-03-10T23:27:46.885+0000] {dagbag.py:588} INFO - Filling up the DagBag from /home/airflow/.local/lib/python3.12/site-packages/airflow/example_dags/tutorial_objectstorage.py
[2025-03-10T23:27:46.896+0000] {processor.py:925} INFO - DAG(s) 'tutorial_objectstorage' retrieved from /home/airflow/.local/lib/python3.12/site-packages/airflow/example_dags/tutorial_objectstorage.py
[2025-03-10T23:27:46.918+0000] {logging_mixin.py:190} INFO - [2025-03-10T23:27:46.918+0000] {dag.py:3239} INFO - Sync 1 DAGs
[2025-03-10T23:27:46.937+0000] {logging_mixin.py:190} INFO - [2025-03-10T23:27:46.936+0000] {dag.py:4180} INFO - Setting next_dagrun for tutorial_objectstorage to None, run_after=None
[2025-03-10T23:27:46.956+0000] {processor.py:208} INFO - Processing /home/airflow/.local/lib/python3.12/site-packages/airflow/example_dags/tutorial_objectstorage.py took 0.081 seconds
[2025-03-10T23:28:17.514+0000] {processor.py:186} INFO - Started process (PID=245) to work on /home/airflow/.local/lib/python3.12/site-packages/airflow/example_dags/tutorial_objectstorage.py
[2025-03-10T23:28:17.514+0000] {processor.py:914} INFO - Processing file /home/airflow/.local/lib/python3.12/site-packages/airflow/example_dags/tutorial_objectstorage.py for tasks to queue
[2025-03-10T23:28:17.517+0000] {logging_mixin.py:190} INFO - [2025-03-10T23:28:17.517+0000] {dagbag.py:588} INFO - Filling up the DagBag from /home/airflow/.local/lib/python3.12/site-packages/airflow/example_dags/tutorial_objectstorage.py
[2025-03-10T23:28:17.527+0000] {processor.py:925} INFO - DAG(s) 'tutorial_objectstorage' retrieved from /home/airflow/.local/lib/python3.12/site-packages/airflow/example_dags/tutorial_objectstorage.py
[2025-03-10T23:28:17.551+0000] {logging_mixin.py:190} INFO - [2025-03-10T23:28:17.551+0000] {dag.py:3239} INFO - Sync 1 DAGs
[2025-03-10T23:28:17.570+0000] {logging_mixin.py:190} INFO - [2025-03-10T23:28:17.569+0000] {dag.py:4180} INFO - Setting next_dagrun for tutorial_objectstorage to None, run_after=None
[2025-03-10T23:28:17.596+0000] {processor.py:208} INFO - Processing /home/airflow/.local/lib/python3.12/site-packages/airflow/example_dags/tutorial_objectstorage.py took 0.089 seconds
[2025-03-10T23:28:48.219+0000] {processor.py:186} INFO - Started process (PID=314) to work on /home/airflow/.local/lib/python3.12/site-packages/airflow/example_dags/tutorial_objectstorage.py
[2025-03-10T23:28:48.220+0000] {processor.py:914} INFO - Processing file /home/airflow/.local/lib/python3.12/site-packages/airflow/example_dags/tutorial_objectstorage.py for tasks to queue
[2025-03-10T23:28:48.223+0000] {logging_mixin.py:190} INFO - [2025-03-10T23:28:48.223+0000] {dagbag.py:588} INFO - Filling up the DagBag from /home/airflow/.local/lib/python3.12/site-packages/airflow/example_dags/tutorial_objectstorage.py
[2025-03-10T23:28:48.235+0000] {processor.py:925} INFO - DAG(s) 'tutorial_objectstorage' retrieved from /home/airflow/.local/lib/python3.12/site-packages/airflow/example_dags/tutorial_objectstorage.py
[2025-03-10T23:28:48.259+0000] {logging_mixin.py:190} INFO - [2025-03-10T23:28:48.258+0000] {dag.py:3239} INFO - Sync 1 DAGs
[2025-03-10T23:28:48.277+0000] {logging_mixin.py:190} INFO - [2025-03-10T23:28:48.276+0000] {dag.py:4180} INFO - Setting next_dagrun for tutorial_objectstorage to None, run_after=None
[2025-03-10T23:28:48.299+0000] {processor.py:208} INFO - Processing /home/airflow/.local/lib/python3.12/site-packages/airflow/example_dags/tutorial_objectstorage.py took 0.087 seconds
[2025-03-10T23:29:18.485+0000] {processor.py:186} INFO - Started process (PID=377) to work on /home/airflow/.local/lib/python3.12/site-packages/airflow/example_dags/tutorial_objectstorage.py
[2025-03-10T23:29:18.486+0000] {processor.py:914} INFO - Processing file /home/airflow/.local/lib/python3.12/site-packages/airflow/example_dags/tutorial_objectstorage.py for tasks to queue
[2025-03-10T23:29:18.489+0000] {logging_mixin.py:190} INFO - [2025-03-10T23:29:18.489+0000] {dagbag.py:588} INFO - Filling up the DagBag from /home/airflow/.local/lib/python3.12/site-packages/airflow/example_dags/tutorial_objectstorage.py
[2025-03-10T23:29:18.499+0000] {processor.py:925} INFO - DAG(s) 'tutorial_objectstorage' retrieved from /home/airflow/.local/lib/python3.12/site-packages/airflow/example_dags/tutorial_objectstorage.py
[2025-03-10T23:29:18.523+0000] {logging_mixin.py:190} INFO - [2025-03-10T23:29:18.523+0000] {dag.py:3239} INFO - Sync 1 DAGs
[2025-03-10T23:29:18.542+0000] {logging_mixin.py:190} INFO - [2025-03-10T23:29:18.542+0000] {dag.py:4180} INFO - Setting next_dagrun for tutorial_objectstorage to None, run_after=None
[2025-03-10T23:29:18.563+0000] {processor.py:208} INFO - Processing /home/airflow/.local/lib/python3.12/site-packages/airflow/example_dags/tutorial_objectstorage.py took 0.085 seconds
[2025-03-10T23:35:30.843+0000] {processor.py:186} INFO - Started process (PID=145) to work on /home/airflow/.local/lib/python3.12/site-packages/airflow/example_dags/tutorial_objectstorage.py
[2025-03-10T23:35:30.847+0000] {processor.py:914} INFO - Processing file /home/airflow/.local/lib/python3.12/site-packages/airflow/example_dags/tutorial_objectstorage.py for tasks to queue
[2025-03-10T23:35:30.862+0000] {logging_mixin.py:190} INFO - [2025-03-10T23:35:30.860+0000] {dagbag.py:588} INFO - Filling up the DagBag from /home/airflow/.local/lib/python3.12/site-packages/airflow/example_dags/tutorial_objectstorage.py
[2025-03-10T23:35:30.915+0000] {processor.py:925} INFO - DAG(s) 'tutorial_objectstorage' retrieved from /home/airflow/.local/lib/python3.12/site-packages/airflow/example_dags/tutorial_objectstorage.py
[2025-03-10T23:35:31.032+0000] {logging_mixin.py:190} INFO - [2025-03-10T23:35:31.031+0000] {dag.py:3239} INFO - Sync 1 DAGs
[2025-03-10T23:35:31.135+0000] {logging_mixin.py:190} INFO - [2025-03-10T23:35:31.134+0000] {dag.py:4180} INFO - Setting next_dagrun for tutorial_objectstorage to None, run_after=None
[2025-03-10T23:35:31.241+0000] {processor.py:208} INFO - Processing /home/airflow/.local/lib/python3.12/site-packages/airflow/example_dags/tutorial_objectstorage.py took 0.435 seconds
[2025-03-10T23:36:01.670+0000] {processor.py:186} INFO - Started process (PID=208) to work on /home/airflow/.local/lib/python3.12/site-packages/airflow/example_dags/tutorial_objectstorage.py
[2025-03-10T23:36:01.670+0000] {processor.py:914} INFO - Processing file /home/airflow/.local/lib/python3.12/site-packages/airflow/example_dags/tutorial_objectstorage.py for tasks to queue
[2025-03-10T23:36:01.673+0000] {logging_mixin.py:190} INFO - [2025-03-10T23:36:01.673+0000] {dagbag.py:588} INFO - Filling up the DagBag from /home/airflow/.local/lib/python3.12/site-packages/airflow/example_dags/tutorial_objectstorage.py
[2025-03-10T23:36:01.683+0000] {processor.py:925} INFO - DAG(s) 'tutorial_objectstorage' retrieved from /home/airflow/.local/lib/python3.12/site-packages/airflow/example_dags/tutorial_objectstorage.py
[2025-03-10T23:36:01.708+0000] {logging_mixin.py:190} INFO - [2025-03-10T23:36:01.708+0000] {dag.py:3239} INFO - Sync 1 DAGs
[2025-03-10T23:36:01.726+0000] {logging_mixin.py:190} INFO - [2025-03-10T23:36:01.725+0000] {dag.py:4180} INFO - Setting next_dagrun for tutorial_objectstorage to None, run_after=None
[2025-03-10T23:36:01.746+0000] {processor.py:208} INFO - Processing /home/airflow/.local/lib/python3.12/site-packages/airflow/example_dags/tutorial_objectstorage.py took 0.083 seconds
[2025-03-10T23:36:32.056+0000] {processor.py:186} INFO - Started process (PID=271) to work on /home/airflow/.local/lib/python3.12/site-packages/airflow/example_dags/tutorial_objectstorage.py
[2025-03-10T23:36:32.057+0000] {processor.py:914} INFO - Processing file /home/airflow/.local/lib/python3.12/site-packages/airflow/example_dags/tutorial_objectstorage.py for tasks to queue
[2025-03-10T23:36:32.061+0000] {logging_mixin.py:190} INFO - [2025-03-10T23:36:32.060+0000] {dagbag.py:588} INFO - Filling up the DagBag from /home/airflow/.local/lib/python3.12/site-packages/airflow/example_dags/tutorial_objectstorage.py
[2025-03-10T23:36:32.072+0000] {processor.py:925} INFO - DAG(s) 'tutorial_objectstorage' retrieved from /home/airflow/.local/lib/python3.12/site-packages/airflow/example_dags/tutorial_objectstorage.py
[2025-03-10T23:36:32.099+0000] {logging_mixin.py:190} INFO - [2025-03-10T23:36:32.099+0000] {dag.py:3239} INFO - Sync 1 DAGs
[2025-03-10T23:36:32.118+0000] {logging_mixin.py:190} INFO - [2025-03-10T23:36:32.118+0000] {dag.py:4180} INFO - Setting next_dagrun for tutorial_objectstorage to None, run_after=None
[2025-03-10T23:36:32.144+0000] {processor.py:208} INFO - Processing /home/airflow/.local/lib/python3.12/site-packages/airflow/example_dags/tutorial_objectstorage.py took 0.095 seconds
[2025-03-10T23:37:02.348+0000] {processor.py:186} INFO - Started process (PID=334) to work on /home/airflow/.local/lib/python3.12/site-packages/airflow/example_dags/tutorial_objectstorage.py
[2025-03-10T23:37:02.349+0000] {processor.py:914} INFO - Processing file /home/airflow/.local/lib/python3.12/site-packages/airflow/example_dags/tutorial_objectstorage.py for tasks to queue
[2025-03-10T23:37:02.352+0000] {logging_mixin.py:190} INFO - [2025-03-10T23:37:02.352+0000] {dagbag.py:588} INFO - Filling up the DagBag from /home/airflow/.local/lib/python3.12/site-packages/airflow/example_dags/tutorial_objectstorage.py
[2025-03-10T23:37:02.362+0000] {processor.py:925} INFO - DAG(s) 'tutorial_objectstorage' retrieved from /home/airflow/.local/lib/python3.12/site-packages/airflow/example_dags/tutorial_objectstorage.py
[2025-03-10T23:37:02.387+0000] {logging_mixin.py:190} INFO - [2025-03-10T23:37:02.387+0000] {dag.py:3239} INFO - Sync 1 DAGs
[2025-03-10T23:37:02.409+0000] {logging_mixin.py:190} INFO - [2025-03-10T23:37:02.409+0000] {dag.py:4180} INFO - Setting next_dagrun for tutorial_objectstorage to None, run_after=None
[2025-03-10T23:37:02.432+0000] {processor.py:208} INFO - Processing /home/airflow/.local/lib/python3.12/site-packages/airflow/example_dags/tutorial_objectstorage.py took 0.091 seconds
