[2025-03-10T20:30:14.622+0000] {processor.py:186} INFO - Started process (PID=116) to work on /home/airflow/.local/lib/python3.12/site-packages/airflow/example_dags/tutorial.py
[2025-03-10T20:30:14.624+0000] {processor.py:914} INFO - Processing file /home/airflow/.local/lib/python3.12/site-packages/airflow/example_dags/tutorial.py for tasks to queue
[2025-03-10T20:30:14.628+0000] {logging_mixin.py:190} INFO - [2025-03-10T20:30:14.627+0000] {dagbag.py:588} INFO - Filling up the DagBag from /home/airflow/.local/lib/python3.12/site-packages/airflow/example_dags/tutorial.py
[2025-03-10T20:30:14.638+0000] {processor.py:925} INFO - DAG(s) 'tutorial' retrieved from /home/airflow/.local/lib/python3.12/site-packages/airflow/example_dags/tutorial.py
[2025-03-10T20:30:14.729+0000] {logging_mixin.py:190} INFO - [2025-03-10T20:30:14.728+0000] {override.py:1912} INFO - Created Permission View: can read on DAG:tutorial
[2025-03-10T20:30:14.743+0000] {logging_mixin.py:190} INFO - [2025-03-10T20:30:14.742+0000] {override.py:1912} INFO - Created Permission View: can edit on DAG:tutorial
[2025-03-10T20:30:14.753+0000] {logging_mixin.py:190} INFO - [2025-03-10T20:30:14.753+0000] {override.py:1912} INFO - Created Permission View: can delete on DAG:tutorial
[2025-03-10T20:30:14.764+0000] {logging_mixin.py:190} INFO - [2025-03-10T20:30:14.764+0000] {override.py:1912} INFO - Created Permission View: menu access on DAG Run:tutorial
[2025-03-10T20:30:14.772+0000] {logging_mixin.py:190} INFO - [2025-03-10T20:30:14.772+0000] {override.py:1912} INFO - Created Permission View: can read on DAG Run:tutorial
[2025-03-10T20:30:14.780+0000] {logging_mixin.py:190} INFO - [2025-03-10T20:30:14.780+0000] {override.py:1912} INFO - Created Permission View: can create on DAG Run:tutorial
[2025-03-10T20:30:14.790+0000] {logging_mixin.py:190} INFO - [2025-03-10T20:30:14.790+0000] {override.py:1912} INFO - Created Permission View: can delete on DAG Run:tutorial
[2025-03-10T20:30:14.791+0000] {logging_mixin.py:190} INFO - [2025-03-10T20:30:14.791+0000] {dag.py:3239} INFO - Sync 1 DAGs
[2025-03-10T20:30:14.811+0000] {logging_mixin.py:190} INFO - [2025-03-10T20:30:14.811+0000] {dag.py:3262} INFO - Creating ORM DAG for tutorial
[2025-03-10T20:30:14.824+0000] {logging_mixin.py:190} INFO - [2025-03-10T20:30:14.823+0000] {dag.py:4180} INFO - Setting next_dagrun for tutorial to 2025-03-09 00:00:00+00:00, run_after=2025-03-10 00:00:00+00:00
[2025-03-10T20:30:14.848+0000] {processor.py:208} INFO - Processing /home/airflow/.local/lib/python3.12/site-packages/airflow/example_dags/tutorial.py took 0.234 seconds
[2025-03-10T20:30:45.640+0000] {processor.py:186} INFO - Started process (PID=179) to work on /home/airflow/.local/lib/python3.12/site-packages/airflow/example_dags/tutorial.py
[2025-03-10T20:30:45.642+0000] {processor.py:914} INFO - Processing file /home/airflow/.local/lib/python3.12/site-packages/airflow/example_dags/tutorial.py for tasks to queue
[2025-03-10T20:30:45.644+0000] {logging_mixin.py:190} INFO - [2025-03-10T20:30:45.644+0000] {dagbag.py:588} INFO - Filling up the DagBag from /home/airflow/.local/lib/python3.12/site-packages/airflow/example_dags/tutorial.py
[2025-03-10T20:30:45.653+0000] {processor.py:925} INFO - DAG(s) 'tutorial' retrieved from /home/airflow/.local/lib/python3.12/site-packages/airflow/example_dags/tutorial.py
[2025-03-10T20:30:45.679+0000] {logging_mixin.py:190} INFO - [2025-03-10T20:30:45.679+0000] {dag.py:3239} INFO - Sync 1 DAGs
[2025-03-10T20:30:45.708+0000] {logging_mixin.py:190} INFO - [2025-03-10T20:30:45.707+0000] {dag.py:4180} INFO - Setting next_dagrun for tutorial to 2025-03-09 00:00:00+00:00, run_after=2025-03-10 00:00:00+00:00
[2025-03-10T20:30:45.727+0000] {processor.py:208} INFO - Processing /home/airflow/.local/lib/python3.12/site-packages/airflow/example_dags/tutorial.py took 0.094 seconds
[2025-03-10T20:31:16.635+0000] {processor.py:186} INFO - Started process (PID=242) to work on /home/airflow/.local/lib/python3.12/site-packages/airflow/example_dags/tutorial.py
[2025-03-10T20:31:16.638+0000] {processor.py:914} INFO - Processing file /home/airflow/.local/lib/python3.12/site-packages/airflow/example_dags/tutorial.py for tasks to queue
[2025-03-10T20:31:16.648+0000] {logging_mixin.py:190} INFO - [2025-03-10T20:31:16.647+0000] {dagbag.py:588} INFO - Filling up the DagBag from /home/airflow/.local/lib/python3.12/site-packages/airflow/example_dags/tutorial.py
[2025-03-10T20:31:16.686+0000] {processor.py:925} INFO - DAG(s) 'tutorial' retrieved from /home/airflow/.local/lib/python3.12/site-packages/airflow/example_dags/tutorial.py
[2025-03-10T20:31:16.779+0000] {logging_mixin.py:190} INFO - [2025-03-10T20:31:16.778+0000] {dag.py:3239} INFO - Sync 1 DAGs
[2025-03-10T20:31:16.905+0000] {logging_mixin.py:190} INFO - [2025-03-10T20:31:16.903+0000] {dag.py:4180} INFO - Setting next_dagrun for tutorial to 2025-03-09 00:00:00+00:00, run_after=2025-03-10 00:00:00+00:00
[2025-03-10T20:31:16.997+0000] {processor.py:208} INFO - Processing /home/airflow/.local/lib/python3.12/site-packages/airflow/example_dags/tutorial.py took 0.387 seconds
[2025-03-10T20:31:47.982+0000] {processor.py:186} INFO - Started process (PID=305) to work on /home/airflow/.local/lib/python3.12/site-packages/airflow/example_dags/tutorial.py
[2025-03-10T20:31:47.983+0000] {processor.py:914} INFO - Processing file /home/airflow/.local/lib/python3.12/site-packages/airflow/example_dags/tutorial.py for tasks to queue
[2025-03-10T20:31:47.986+0000] {logging_mixin.py:190} INFO - [2025-03-10T20:31:47.985+0000] {dagbag.py:588} INFO - Filling up the DagBag from /home/airflow/.local/lib/python3.12/site-packages/airflow/example_dags/tutorial.py
[2025-03-10T20:31:47.994+0000] {processor.py:925} INFO - DAG(s) 'tutorial' retrieved from /home/airflow/.local/lib/python3.12/site-packages/airflow/example_dags/tutorial.py
[2025-03-10T20:31:48.029+0000] {logging_mixin.py:190} INFO - [2025-03-10T20:31:48.028+0000] {dag.py:3239} INFO - Sync 1 DAGs
[2025-03-10T20:31:48.061+0000] {logging_mixin.py:190} INFO - [2025-03-10T20:31:48.060+0000] {dag.py:4180} INFO - Setting next_dagrun for tutorial to 2025-03-09 00:00:00+00:00, run_after=2025-03-10 00:00:00+00:00
[2025-03-10T20:31:48.085+0000] {processor.py:208} INFO - Processing /home/airflow/.local/lib/python3.12/site-packages/airflow/example_dags/tutorial.py took 0.110 seconds
[2025-03-10T20:32:18.497+0000] {processor.py:186} INFO - Started process (PID=368) to work on /home/airflow/.local/lib/python3.12/site-packages/airflow/example_dags/tutorial.py
[2025-03-10T20:32:18.498+0000] {processor.py:914} INFO - Processing file /home/airflow/.local/lib/python3.12/site-packages/airflow/example_dags/tutorial.py for tasks to queue
[2025-03-10T20:32:18.501+0000] {logging_mixin.py:190} INFO - [2025-03-10T20:32:18.501+0000] {dagbag.py:588} INFO - Filling up the DagBag from /home/airflow/.local/lib/python3.12/site-packages/airflow/example_dags/tutorial.py
[2025-03-10T20:32:18.511+0000] {processor.py:925} INFO - DAG(s) 'tutorial' retrieved from /home/airflow/.local/lib/python3.12/site-packages/airflow/example_dags/tutorial.py
[2025-03-10T20:32:18.537+0000] {logging_mixin.py:190} INFO - [2025-03-10T20:32:18.536+0000] {dag.py:3239} INFO - Sync 1 DAGs
[2025-03-10T20:32:18.564+0000] {logging_mixin.py:190} INFO - [2025-03-10T20:32:18.564+0000] {dag.py:4180} INFO - Setting next_dagrun for tutorial to 2025-03-09 00:00:00+00:00, run_after=2025-03-10 00:00:00+00:00
[2025-03-10T20:32:18.584+0000] {processor.py:208} INFO - Processing /home/airflow/.local/lib/python3.12/site-packages/airflow/example_dags/tutorial.py took 0.096 seconds
[2025-03-10T20:32:48.828+0000] {processor.py:186} INFO - Started process (PID=431) to work on /home/airflow/.local/lib/python3.12/site-packages/airflow/example_dags/tutorial.py
[2025-03-10T20:32:48.829+0000] {processor.py:914} INFO - Processing file /home/airflow/.local/lib/python3.12/site-packages/airflow/example_dags/tutorial.py for tasks to queue
[2025-03-10T20:32:48.833+0000] {logging_mixin.py:190} INFO - [2025-03-10T20:32:48.832+0000] {dagbag.py:588} INFO - Filling up the DagBag from /home/airflow/.local/lib/python3.12/site-packages/airflow/example_dags/tutorial.py
[2025-03-10T20:32:48.843+0000] {processor.py:925} INFO - DAG(s) 'tutorial' retrieved from /home/airflow/.local/lib/python3.12/site-packages/airflow/example_dags/tutorial.py
[2025-03-10T20:32:48.870+0000] {logging_mixin.py:190} INFO - [2025-03-10T20:32:48.869+0000] {dag.py:3239} INFO - Sync 1 DAGs
[2025-03-10T20:32:48.899+0000] {logging_mixin.py:190} INFO - [2025-03-10T20:32:48.899+0000] {dag.py:4180} INFO - Setting next_dagrun for tutorial to 2025-03-09 00:00:00+00:00, run_after=2025-03-10 00:00:00+00:00
[2025-03-10T20:32:48.919+0000] {processor.py:208} INFO - Processing /home/airflow/.local/lib/python3.12/site-packages/airflow/example_dags/tutorial.py took 0.100 seconds
[2025-03-10T20:33:19.021+0000] {processor.py:186} INFO - Started process (PID=494) to work on /home/airflow/.local/lib/python3.12/site-packages/airflow/example_dags/tutorial.py
[2025-03-10T20:33:19.022+0000] {processor.py:914} INFO - Processing file /home/airflow/.local/lib/python3.12/site-packages/airflow/example_dags/tutorial.py for tasks to queue
[2025-03-10T20:33:19.025+0000] {logging_mixin.py:190} INFO - [2025-03-10T20:33:19.025+0000] {dagbag.py:588} INFO - Filling up the DagBag from /home/airflow/.local/lib/python3.12/site-packages/airflow/example_dags/tutorial.py
[2025-03-10T20:33:19.035+0000] {processor.py:925} INFO - DAG(s) 'tutorial' retrieved from /home/airflow/.local/lib/python3.12/site-packages/airflow/example_dags/tutorial.py
[2025-03-10T20:33:19.061+0000] {logging_mixin.py:190} INFO - [2025-03-10T20:33:19.061+0000] {dag.py:3239} INFO - Sync 1 DAGs
[2025-03-10T20:33:19.090+0000] {logging_mixin.py:190} INFO - [2025-03-10T20:33:19.090+0000] {dag.py:4180} INFO - Setting next_dagrun for tutorial to 2025-03-09 00:00:00+00:00, run_after=2025-03-10 00:00:00+00:00
[2025-03-10T20:33:19.110+0000] {processor.py:208} INFO - Processing /home/airflow/.local/lib/python3.12/site-packages/airflow/example_dags/tutorial.py took 0.098 seconds
[2025-03-10T20:33:49.553+0000] {processor.py:186} INFO - Started process (PID=557) to work on /home/airflow/.local/lib/python3.12/site-packages/airflow/example_dags/tutorial.py
[2025-03-10T20:33:49.555+0000] {processor.py:914} INFO - Processing file /home/airflow/.local/lib/python3.12/site-packages/airflow/example_dags/tutorial.py for tasks to queue
[2025-03-10T20:33:49.558+0000] {logging_mixin.py:190} INFO - [2025-03-10T20:33:49.557+0000] {dagbag.py:588} INFO - Filling up the DagBag from /home/airflow/.local/lib/python3.12/site-packages/airflow/example_dags/tutorial.py
[2025-03-10T20:33:49.568+0000] {processor.py:925} INFO - DAG(s) 'tutorial' retrieved from /home/airflow/.local/lib/python3.12/site-packages/airflow/example_dags/tutorial.py
[2025-03-10T20:33:49.594+0000] {logging_mixin.py:190} INFO - [2025-03-10T20:33:49.594+0000] {dag.py:3239} INFO - Sync 1 DAGs
[2025-03-10T20:33:49.623+0000] {logging_mixin.py:190} INFO - [2025-03-10T20:33:49.622+0000] {dag.py:4180} INFO - Setting next_dagrun for tutorial to 2025-03-09 00:00:00+00:00, run_after=2025-03-10 00:00:00+00:00
[2025-03-10T20:33:49.643+0000] {processor.py:208} INFO - Processing /home/airflow/.local/lib/python3.12/site-packages/airflow/example_dags/tutorial.py took 0.098 seconds
[2025-03-10T20:34:19.799+0000] {processor.py:186} INFO - Started process (PID=620) to work on /home/airflow/.local/lib/python3.12/site-packages/airflow/example_dags/tutorial.py
[2025-03-10T20:34:19.801+0000] {processor.py:914} INFO - Processing file /home/airflow/.local/lib/python3.12/site-packages/airflow/example_dags/tutorial.py for tasks to queue
[2025-03-10T20:34:19.804+0000] {logging_mixin.py:190} INFO - [2025-03-10T20:34:19.804+0000] {dagbag.py:588} INFO - Filling up the DagBag from /home/airflow/.local/lib/python3.12/site-packages/airflow/example_dags/tutorial.py
[2025-03-10T20:34:19.814+0000] {processor.py:925} INFO - DAG(s) 'tutorial' retrieved from /home/airflow/.local/lib/python3.12/site-packages/airflow/example_dags/tutorial.py
[2025-03-10T20:34:19.841+0000] {logging_mixin.py:190} INFO - [2025-03-10T20:34:19.841+0000] {dag.py:3239} INFO - Sync 1 DAGs
[2025-03-10T20:34:19.870+0000] {logging_mixin.py:190} INFO - [2025-03-10T20:34:19.870+0000] {dag.py:4180} INFO - Setting next_dagrun for tutorial to 2025-03-09 00:00:00+00:00, run_after=2025-03-10 00:00:00+00:00
[2025-03-10T20:34:19.892+0000] {processor.py:208} INFO - Processing /home/airflow/.local/lib/python3.12/site-packages/airflow/example_dags/tutorial.py took 0.101 seconds
[2025-03-10T20:34:50.257+0000] {processor.py:186} INFO - Started process (PID=683) to work on /home/airflow/.local/lib/python3.12/site-packages/airflow/example_dags/tutorial.py
[2025-03-10T20:34:50.258+0000] {processor.py:914} INFO - Processing file /home/airflow/.local/lib/python3.12/site-packages/airflow/example_dags/tutorial.py for tasks to queue
[2025-03-10T20:34:50.261+0000] {logging_mixin.py:190} INFO - [2025-03-10T20:34:50.260+0000] {dagbag.py:588} INFO - Filling up the DagBag from /home/airflow/.local/lib/python3.12/site-packages/airflow/example_dags/tutorial.py
[2025-03-10T20:34:50.270+0000] {processor.py:925} INFO - DAG(s) 'tutorial' retrieved from /home/airflow/.local/lib/python3.12/site-packages/airflow/example_dags/tutorial.py
[2025-03-10T20:34:50.295+0000] {logging_mixin.py:190} INFO - [2025-03-10T20:34:50.294+0000] {dag.py:3239} INFO - Sync 1 DAGs
[2025-03-10T20:34:50.323+0000] {logging_mixin.py:190} INFO - [2025-03-10T20:34:50.323+0000] {dag.py:4180} INFO - Setting next_dagrun for tutorial to 2025-03-09 00:00:00+00:00, run_after=2025-03-10 00:00:00+00:00
[2025-03-10T20:34:50.343+0000] {processor.py:208} INFO - Processing /home/airflow/.local/lib/python3.12/site-packages/airflow/example_dags/tutorial.py took 0.096 seconds
[2025-03-10T20:35:20.580+0000] {processor.py:186} INFO - Started process (PID=746) to work on /home/airflow/.local/lib/python3.12/site-packages/airflow/example_dags/tutorial.py
[2025-03-10T20:35:20.582+0000] {processor.py:914} INFO - Processing file /home/airflow/.local/lib/python3.12/site-packages/airflow/example_dags/tutorial.py for tasks to queue
[2025-03-10T20:35:20.585+0000] {logging_mixin.py:190} INFO - [2025-03-10T20:35:20.585+0000] {dagbag.py:588} INFO - Filling up the DagBag from /home/airflow/.local/lib/python3.12/site-packages/airflow/example_dags/tutorial.py
[2025-03-10T20:35:20.594+0000] {processor.py:925} INFO - DAG(s) 'tutorial' retrieved from /home/airflow/.local/lib/python3.12/site-packages/airflow/example_dags/tutorial.py
[2025-03-10T20:35:20.619+0000] {logging_mixin.py:190} INFO - [2025-03-10T20:35:20.619+0000] {dag.py:3239} INFO - Sync 1 DAGs
[2025-03-10T20:35:20.647+0000] {logging_mixin.py:190} INFO - [2025-03-10T20:35:20.647+0000] {dag.py:4180} INFO - Setting next_dagrun for tutorial to 2025-03-09 00:00:00+00:00, run_after=2025-03-10 00:00:00+00:00
[2025-03-10T20:35:20.668+0000] {processor.py:208} INFO - Processing /home/airflow/.local/lib/python3.12/site-packages/airflow/example_dags/tutorial.py took 0.096 seconds
[2025-03-10T20:35:50.841+0000] {processor.py:186} INFO - Started process (PID=809) to work on /home/airflow/.local/lib/python3.12/site-packages/airflow/example_dags/tutorial.py
[2025-03-10T20:35:50.842+0000] {processor.py:914} INFO - Processing file /home/airflow/.local/lib/python3.12/site-packages/airflow/example_dags/tutorial.py for tasks to queue
[2025-03-10T20:35:50.846+0000] {logging_mixin.py:190} INFO - [2025-03-10T20:35:50.846+0000] {dagbag.py:588} INFO - Filling up the DagBag from /home/airflow/.local/lib/python3.12/site-packages/airflow/example_dags/tutorial.py
[2025-03-10T20:35:50.856+0000] {processor.py:925} INFO - DAG(s) 'tutorial' retrieved from /home/airflow/.local/lib/python3.12/site-packages/airflow/example_dags/tutorial.py
[2025-03-10T20:35:50.882+0000] {logging_mixin.py:190} INFO - [2025-03-10T20:35:50.882+0000] {dag.py:3239} INFO - Sync 1 DAGs
[2025-03-10T20:35:50.913+0000] {logging_mixin.py:190} INFO - [2025-03-10T20:35:50.913+0000] {dag.py:4180} INFO - Setting next_dagrun for tutorial to 2025-03-09 00:00:00+00:00, run_after=2025-03-10 00:00:00+00:00
[2025-03-10T20:35:50.935+0000] {processor.py:208} INFO - Processing /home/airflow/.local/lib/python3.12/site-packages/airflow/example_dags/tutorial.py took 0.102 seconds
[2025-03-10T20:36:21.980+0000] {processor.py:186} INFO - Started process (PID=872) to work on /home/airflow/.local/lib/python3.12/site-packages/airflow/example_dags/tutorial.py
[2025-03-10T20:36:21.981+0000] {processor.py:914} INFO - Processing file /home/airflow/.local/lib/python3.12/site-packages/airflow/example_dags/tutorial.py for tasks to queue
[2025-03-10T20:36:21.984+0000] {logging_mixin.py:190} INFO - [2025-03-10T20:36:21.984+0000] {dagbag.py:588} INFO - Filling up the DagBag from /home/airflow/.local/lib/python3.12/site-packages/airflow/example_dags/tutorial.py
[2025-03-10T20:36:21.992+0000] {processor.py:925} INFO - DAG(s) 'tutorial' retrieved from /home/airflow/.local/lib/python3.12/site-packages/airflow/example_dags/tutorial.py
[2025-03-10T20:36:22.019+0000] {logging_mixin.py:190} INFO - [2025-03-10T20:36:22.019+0000] {dag.py:3239} INFO - Sync 1 DAGs
[2025-03-10T20:36:22.047+0000] {logging_mixin.py:190} INFO - [2025-03-10T20:36:22.047+0000] {dag.py:4180} INFO - Setting next_dagrun for tutorial to 2025-03-09 00:00:00+00:00, run_after=2025-03-10 00:00:00+00:00
[2025-03-10T20:36:22.067+0000] {processor.py:208} INFO - Processing /home/airflow/.local/lib/python3.12/site-packages/airflow/example_dags/tutorial.py took 0.094 seconds
[2025-03-10T20:36:52.613+0000] {processor.py:186} INFO - Started process (PID=935) to work on /home/airflow/.local/lib/python3.12/site-packages/airflow/example_dags/tutorial.py
[2025-03-10T20:36:52.614+0000] {processor.py:914} INFO - Processing file /home/airflow/.local/lib/python3.12/site-packages/airflow/example_dags/tutorial.py for tasks to queue
[2025-03-10T20:36:52.617+0000] {logging_mixin.py:190} INFO - [2025-03-10T20:36:52.616+0000] {dagbag.py:588} INFO - Filling up the DagBag from /home/airflow/.local/lib/python3.12/site-packages/airflow/example_dags/tutorial.py
[2025-03-10T20:36:52.625+0000] {processor.py:925} INFO - DAG(s) 'tutorial' retrieved from /home/airflow/.local/lib/python3.12/site-packages/airflow/example_dags/tutorial.py
[2025-03-10T20:36:52.648+0000] {logging_mixin.py:190} INFO - [2025-03-10T20:36:52.648+0000] {dag.py:3239} INFO - Sync 1 DAGs
[2025-03-10T20:36:52.677+0000] {logging_mixin.py:190} INFO - [2025-03-10T20:36:52.676+0000] {dag.py:4180} INFO - Setting next_dagrun for tutorial to 2025-03-09 00:00:00+00:00, run_after=2025-03-10 00:00:00+00:00
[2025-03-10T20:36:52.698+0000] {processor.py:208} INFO - Processing /home/airflow/.local/lib/python3.12/site-packages/airflow/example_dags/tutorial.py took 0.092 seconds
[2025-03-10T20:37:24.001+0000] {processor.py:186} INFO - Started process (PID=999) to work on /home/airflow/.local/lib/python3.12/site-packages/airflow/example_dags/tutorial.py
[2025-03-10T20:37:24.002+0000] {processor.py:914} INFO - Processing file /home/airflow/.local/lib/python3.12/site-packages/airflow/example_dags/tutorial.py for tasks to queue
[2025-03-10T20:37:24.005+0000] {logging_mixin.py:190} INFO - [2025-03-10T20:37:24.005+0000] {dagbag.py:588} INFO - Filling up the DagBag from /home/airflow/.local/lib/python3.12/site-packages/airflow/example_dags/tutorial.py
[2025-03-10T20:37:24.013+0000] {processor.py:925} INFO - DAG(s) 'tutorial' retrieved from /home/airflow/.local/lib/python3.12/site-packages/airflow/example_dags/tutorial.py
[2025-03-10T20:37:24.038+0000] {logging_mixin.py:190} INFO - [2025-03-10T20:37:24.038+0000] {dag.py:3239} INFO - Sync 1 DAGs
[2025-03-10T20:37:24.066+0000] {logging_mixin.py:190} INFO - [2025-03-10T20:37:24.066+0000] {dag.py:4180} INFO - Setting next_dagrun for tutorial to 2025-03-09 00:00:00+00:00, run_after=2025-03-10 00:00:00+00:00
[2025-03-10T20:37:24.087+0000] {processor.py:208} INFO - Processing /home/airflow/.local/lib/python3.12/site-packages/airflow/example_dags/tutorial.py took 0.093 seconds
[2025-03-10T20:37:55.668+0000] {processor.py:186} INFO - Started process (PID=1062) to work on /home/airflow/.local/lib/python3.12/site-packages/airflow/example_dags/tutorial.py
[2025-03-10T20:37:55.669+0000] {processor.py:914} INFO - Processing file /home/airflow/.local/lib/python3.12/site-packages/airflow/example_dags/tutorial.py for tasks to queue
[2025-03-10T20:37:55.672+0000] {logging_mixin.py:190} INFO - [2025-03-10T20:37:55.671+0000] {dagbag.py:588} INFO - Filling up the DagBag from /home/airflow/.local/lib/python3.12/site-packages/airflow/example_dags/tutorial.py
[2025-03-10T20:37:55.680+0000] {processor.py:925} INFO - DAG(s) 'tutorial' retrieved from /home/airflow/.local/lib/python3.12/site-packages/airflow/example_dags/tutorial.py
[2025-03-10T20:37:55.710+0000] {logging_mixin.py:190} INFO - [2025-03-10T20:37:55.709+0000] {dag.py:3239} INFO - Sync 1 DAGs
[2025-03-10T20:37:55.740+0000] {logging_mixin.py:190} INFO - [2025-03-10T20:37:55.740+0000] {dag.py:4180} INFO - Setting next_dagrun for tutorial to 2025-03-09 00:00:00+00:00, run_after=2025-03-10 00:00:00+00:00
[2025-03-10T20:37:55.762+0000] {processor.py:208} INFO - Processing /home/airflow/.local/lib/python3.12/site-packages/airflow/example_dags/tutorial.py took 0.101 seconds
[2025-03-10T20:38:26.822+0000] {processor.py:186} INFO - Started process (PID=1125) to work on /home/airflow/.local/lib/python3.12/site-packages/airflow/example_dags/tutorial.py
[2025-03-10T20:38:26.823+0000] {processor.py:914} INFO - Processing file /home/airflow/.local/lib/python3.12/site-packages/airflow/example_dags/tutorial.py for tasks to queue
[2025-03-10T20:38:26.826+0000] {logging_mixin.py:190} INFO - [2025-03-10T20:38:26.826+0000] {dagbag.py:588} INFO - Filling up the DagBag from /home/airflow/.local/lib/python3.12/site-packages/airflow/example_dags/tutorial.py
[2025-03-10T20:38:26.834+0000] {processor.py:925} INFO - DAG(s) 'tutorial' retrieved from /home/airflow/.local/lib/python3.12/site-packages/airflow/example_dags/tutorial.py
[2025-03-10T20:38:26.859+0000] {logging_mixin.py:190} INFO - [2025-03-10T20:38:26.858+0000] {dag.py:3239} INFO - Sync 1 DAGs
[2025-03-10T20:38:26.888+0000] {logging_mixin.py:190} INFO - [2025-03-10T20:38:26.888+0000] {dag.py:4180} INFO - Setting next_dagrun for tutorial to 2025-03-09 00:00:00+00:00, run_after=2025-03-10 00:00:00+00:00
[2025-03-10T20:38:26.911+0000] {processor.py:208} INFO - Processing /home/airflow/.local/lib/python3.12/site-packages/airflow/example_dags/tutorial.py took 0.096 seconds
[2025-03-10T20:38:57.382+0000] {processor.py:186} INFO - Started process (PID=1188) to work on /home/airflow/.local/lib/python3.12/site-packages/airflow/example_dags/tutorial.py
[2025-03-10T20:38:57.383+0000] {processor.py:914} INFO - Processing file /home/airflow/.local/lib/python3.12/site-packages/airflow/example_dags/tutorial.py for tasks to queue
[2025-03-10T20:38:57.386+0000] {logging_mixin.py:190} INFO - [2025-03-10T20:38:57.385+0000] {dagbag.py:588} INFO - Filling up the DagBag from /home/airflow/.local/lib/python3.12/site-packages/airflow/example_dags/tutorial.py
[2025-03-10T20:38:57.393+0000] {processor.py:925} INFO - DAG(s) 'tutorial' retrieved from /home/airflow/.local/lib/python3.12/site-packages/airflow/example_dags/tutorial.py
[2025-03-10T20:38:57.419+0000] {logging_mixin.py:190} INFO - [2025-03-10T20:38:57.419+0000] {dag.py:3239} INFO - Sync 1 DAGs
[2025-03-10T20:38:57.447+0000] {logging_mixin.py:190} INFO - [2025-03-10T20:38:57.447+0000] {dag.py:4180} INFO - Setting next_dagrun for tutorial to 2025-03-09 00:00:00+00:00, run_after=2025-03-10 00:00:00+00:00
[2025-03-10T20:38:57.469+0000] {processor.py:208} INFO - Processing /home/airflow/.local/lib/python3.12/site-packages/airflow/example_dags/tutorial.py took 0.093 seconds
[2025-03-10T20:39:28.402+0000] {processor.py:186} INFO - Started process (PID=1251) to work on /home/airflow/.local/lib/python3.12/site-packages/airflow/example_dags/tutorial.py
[2025-03-10T20:39:28.403+0000] {processor.py:914} INFO - Processing file /home/airflow/.local/lib/python3.12/site-packages/airflow/example_dags/tutorial.py for tasks to queue
[2025-03-10T20:39:28.406+0000] {logging_mixin.py:190} INFO - [2025-03-10T20:39:28.405+0000] {dagbag.py:588} INFO - Filling up the DagBag from /home/airflow/.local/lib/python3.12/site-packages/airflow/example_dags/tutorial.py
[2025-03-10T20:39:28.413+0000] {processor.py:925} INFO - DAG(s) 'tutorial' retrieved from /home/airflow/.local/lib/python3.12/site-packages/airflow/example_dags/tutorial.py
[2025-03-10T20:39:28.436+0000] {logging_mixin.py:190} INFO - [2025-03-10T20:39:28.436+0000] {dag.py:3239} INFO - Sync 1 DAGs
[2025-03-10T20:39:28.465+0000] {logging_mixin.py:190} INFO - [2025-03-10T20:39:28.464+0000] {dag.py:4180} INFO - Setting next_dagrun for tutorial to 2025-03-09 00:00:00+00:00, run_after=2025-03-10 00:00:00+00:00
[2025-03-10T20:39:28.486+0000] {processor.py:208} INFO - Processing /home/airflow/.local/lib/python3.12/site-packages/airflow/example_dags/tutorial.py took 0.091 seconds
[2025-03-10T20:39:59.071+0000] {processor.py:186} INFO - Started process (PID=1314) to work on /home/airflow/.local/lib/python3.12/site-packages/airflow/example_dags/tutorial.py
[2025-03-10T20:39:59.072+0000] {processor.py:914} INFO - Processing file /home/airflow/.local/lib/python3.12/site-packages/airflow/example_dags/tutorial.py for tasks to queue
[2025-03-10T20:39:59.075+0000] {logging_mixin.py:190} INFO - [2025-03-10T20:39:59.074+0000] {dagbag.py:588} INFO - Filling up the DagBag from /home/airflow/.local/lib/python3.12/site-packages/airflow/example_dags/tutorial.py
[2025-03-10T20:39:59.083+0000] {processor.py:925} INFO - DAG(s) 'tutorial' retrieved from /home/airflow/.local/lib/python3.12/site-packages/airflow/example_dags/tutorial.py
[2025-03-10T20:39:59.108+0000] {logging_mixin.py:190} INFO - [2025-03-10T20:39:59.108+0000] {dag.py:3239} INFO - Sync 1 DAGs
[2025-03-10T20:39:59.136+0000] {logging_mixin.py:190} INFO - [2025-03-10T20:39:59.136+0000] {dag.py:4180} INFO - Setting next_dagrun for tutorial to 2025-03-09 00:00:00+00:00, run_after=2025-03-10 00:00:00+00:00
[2025-03-10T20:39:59.156+0000] {processor.py:208} INFO - Processing /home/airflow/.local/lib/python3.12/site-packages/airflow/example_dags/tutorial.py took 0.093 seconds
[2025-03-10T20:40:30.096+0000] {processor.py:186} INFO - Started process (PID=1377) to work on /home/airflow/.local/lib/python3.12/site-packages/airflow/example_dags/tutorial.py
[2025-03-10T20:40:30.098+0000] {processor.py:914} INFO - Processing file /home/airflow/.local/lib/python3.12/site-packages/airflow/example_dags/tutorial.py for tasks to queue
[2025-03-10T20:40:30.100+0000] {logging_mixin.py:190} INFO - [2025-03-10T20:40:30.100+0000] {dagbag.py:588} INFO - Filling up the DagBag from /home/airflow/.local/lib/python3.12/site-packages/airflow/example_dags/tutorial.py
[2025-03-10T20:40:30.109+0000] {processor.py:925} INFO - DAG(s) 'tutorial' retrieved from /home/airflow/.local/lib/python3.12/site-packages/airflow/example_dags/tutorial.py
[2025-03-10T20:40:30.134+0000] {logging_mixin.py:190} INFO - [2025-03-10T20:40:30.134+0000] {dag.py:3239} INFO - Sync 1 DAGs
[2025-03-10T20:40:30.165+0000] {logging_mixin.py:190} INFO - [2025-03-10T20:40:30.165+0000] {dag.py:4180} INFO - Setting next_dagrun for tutorial to 2025-03-09 00:00:00+00:00, run_after=2025-03-10 00:00:00+00:00
[2025-03-10T20:40:30.186+0000] {processor.py:208} INFO - Processing /home/airflow/.local/lib/python3.12/site-packages/airflow/example_dags/tutorial.py took 0.096 seconds
[2025-03-10T20:41:01.522+0000] {processor.py:186} INFO - Started process (PID=1440) to work on /home/airflow/.local/lib/python3.12/site-packages/airflow/example_dags/tutorial.py
[2025-03-10T20:41:01.523+0000] {processor.py:914} INFO - Processing file /home/airflow/.local/lib/python3.12/site-packages/airflow/example_dags/tutorial.py for tasks to queue
[2025-03-10T20:41:01.526+0000] {logging_mixin.py:190} INFO - [2025-03-10T20:41:01.526+0000] {dagbag.py:588} INFO - Filling up the DagBag from /home/airflow/.local/lib/python3.12/site-packages/airflow/example_dags/tutorial.py
[2025-03-10T20:41:01.535+0000] {processor.py:925} INFO - DAG(s) 'tutorial' retrieved from /home/airflow/.local/lib/python3.12/site-packages/airflow/example_dags/tutorial.py
[2025-03-10T20:41:01.560+0000] {logging_mixin.py:190} INFO - [2025-03-10T20:41:01.560+0000] {dag.py:3239} INFO - Sync 1 DAGs
[2025-03-10T20:41:01.588+0000] {logging_mixin.py:190} INFO - [2025-03-10T20:41:01.588+0000] {dag.py:4180} INFO - Setting next_dagrun for tutorial to 2025-03-09 00:00:00+00:00, run_after=2025-03-10 00:00:00+00:00
[2025-03-10T20:41:01.609+0000] {processor.py:208} INFO - Processing /home/airflow/.local/lib/python3.12/site-packages/airflow/example_dags/tutorial.py took 0.095 seconds
[2025-03-10T20:41:32.336+0000] {processor.py:186} INFO - Started process (PID=1503) to work on /home/airflow/.local/lib/python3.12/site-packages/airflow/example_dags/tutorial.py
[2025-03-10T20:41:32.337+0000] {processor.py:914} INFO - Processing file /home/airflow/.local/lib/python3.12/site-packages/airflow/example_dags/tutorial.py for tasks to queue
[2025-03-10T20:41:32.340+0000] {logging_mixin.py:190} INFO - [2025-03-10T20:41:32.339+0000] {dagbag.py:588} INFO - Filling up the DagBag from /home/airflow/.local/lib/python3.12/site-packages/airflow/example_dags/tutorial.py
[2025-03-10T20:41:32.348+0000] {processor.py:925} INFO - DAG(s) 'tutorial' retrieved from /home/airflow/.local/lib/python3.12/site-packages/airflow/example_dags/tutorial.py
[2025-03-10T20:41:32.374+0000] {logging_mixin.py:190} INFO - [2025-03-10T20:41:32.374+0000] {dag.py:3239} INFO - Sync 1 DAGs
[2025-03-10T20:41:32.404+0000] {logging_mixin.py:190} INFO - [2025-03-10T20:41:32.403+0000] {dag.py:4180} INFO - Setting next_dagrun for tutorial to 2025-03-09 00:00:00+00:00, run_after=2025-03-10 00:00:00+00:00
[2025-03-10T20:41:32.424+0000] {processor.py:208} INFO - Processing /home/airflow/.local/lib/python3.12/site-packages/airflow/example_dags/tutorial.py took 0.097 seconds
[2025-03-10T20:42:02.989+0000] {processor.py:186} INFO - Started process (PID=1566) to work on /home/airflow/.local/lib/python3.12/site-packages/airflow/example_dags/tutorial.py
[2025-03-10T20:42:02.990+0000] {processor.py:914} INFO - Processing file /home/airflow/.local/lib/python3.12/site-packages/airflow/example_dags/tutorial.py for tasks to queue
[2025-03-10T20:42:02.992+0000] {logging_mixin.py:190} INFO - [2025-03-10T20:42:02.992+0000] {dagbag.py:588} INFO - Filling up the DagBag from /home/airflow/.local/lib/python3.12/site-packages/airflow/example_dags/tutorial.py
[2025-03-10T20:42:03.001+0000] {processor.py:925} INFO - DAG(s) 'tutorial' retrieved from /home/airflow/.local/lib/python3.12/site-packages/airflow/example_dags/tutorial.py
[2025-03-10T20:42:03.024+0000] {logging_mixin.py:190} INFO - [2025-03-10T20:42:03.024+0000] {dag.py:3239} INFO - Sync 1 DAGs
[2025-03-10T20:42:03.053+0000] {logging_mixin.py:190} INFO - [2025-03-10T20:42:03.053+0000] {dag.py:4180} INFO - Setting next_dagrun for tutorial to 2025-03-09 00:00:00+00:00, run_after=2025-03-10 00:00:00+00:00
[2025-03-10T20:42:03.074+0000] {processor.py:208} INFO - Processing /home/airflow/.local/lib/python3.12/site-packages/airflow/example_dags/tutorial.py took 0.092 seconds
[2025-03-10T20:42:34.177+0000] {processor.py:186} INFO - Started process (PID=1629) to work on /home/airflow/.local/lib/python3.12/site-packages/airflow/example_dags/tutorial.py
[2025-03-10T20:42:34.178+0000] {processor.py:914} INFO - Processing file /home/airflow/.local/lib/python3.12/site-packages/airflow/example_dags/tutorial.py for tasks to queue
[2025-03-10T20:42:34.181+0000] {logging_mixin.py:190} INFO - [2025-03-10T20:42:34.180+0000] {dagbag.py:588} INFO - Filling up the DagBag from /home/airflow/.local/lib/python3.12/site-packages/airflow/example_dags/tutorial.py
[2025-03-10T20:42:34.189+0000] {processor.py:925} INFO - DAG(s) 'tutorial' retrieved from /home/airflow/.local/lib/python3.12/site-packages/airflow/example_dags/tutorial.py
[2025-03-10T20:42:34.214+0000] {logging_mixin.py:190} INFO - [2025-03-10T20:42:34.214+0000] {dag.py:3239} INFO - Sync 1 DAGs
[2025-03-10T20:42:34.244+0000] {logging_mixin.py:190} INFO - [2025-03-10T20:42:34.244+0000] {dag.py:4180} INFO - Setting next_dagrun for tutorial to 2025-03-09 00:00:00+00:00, run_after=2025-03-10 00:00:00+00:00
[2025-03-10T20:42:34.267+0000] {processor.py:208} INFO - Processing /home/airflow/.local/lib/python3.12/site-packages/airflow/example_dags/tutorial.py took 0.097 seconds
[2025-03-10T20:43:05.174+0000] {processor.py:186} INFO - Started process (PID=1692) to work on /home/airflow/.local/lib/python3.12/site-packages/airflow/example_dags/tutorial.py
[2025-03-10T20:43:05.175+0000] {processor.py:914} INFO - Processing file /home/airflow/.local/lib/python3.12/site-packages/airflow/example_dags/tutorial.py for tasks to queue
[2025-03-10T20:43:05.178+0000] {logging_mixin.py:190} INFO - [2025-03-10T20:43:05.177+0000] {dagbag.py:588} INFO - Filling up the DagBag from /home/airflow/.local/lib/python3.12/site-packages/airflow/example_dags/tutorial.py
[2025-03-10T20:43:05.187+0000] {processor.py:925} INFO - DAG(s) 'tutorial' retrieved from /home/airflow/.local/lib/python3.12/site-packages/airflow/example_dags/tutorial.py
[2025-03-10T20:43:05.214+0000] {logging_mixin.py:190} INFO - [2025-03-10T20:43:05.214+0000] {dag.py:3239} INFO - Sync 1 DAGs
[2025-03-10T20:43:05.245+0000] {logging_mixin.py:190} INFO - [2025-03-10T20:43:05.245+0000] {dag.py:4180} INFO - Setting next_dagrun for tutorial to 2025-03-09 00:00:00+00:00, run_after=2025-03-10 00:00:00+00:00
[2025-03-10T20:43:05.271+0000] {processor.py:208} INFO - Processing /home/airflow/.local/lib/python3.12/site-packages/airflow/example_dags/tutorial.py took 0.104 seconds
[2025-03-10T20:43:35.899+0000] {processor.py:186} INFO - Started process (PID=1754) to work on /home/airflow/.local/lib/python3.12/site-packages/airflow/example_dags/tutorial.py
[2025-03-10T20:43:35.900+0000] {processor.py:914} INFO - Processing file /home/airflow/.local/lib/python3.12/site-packages/airflow/example_dags/tutorial.py for tasks to queue
[2025-03-10T20:43:35.902+0000] {logging_mixin.py:190} INFO - [2025-03-10T20:43:35.902+0000] {dagbag.py:588} INFO - Filling up the DagBag from /home/airflow/.local/lib/python3.12/site-packages/airflow/example_dags/tutorial.py
[2025-03-10T20:43:35.912+0000] {processor.py:925} INFO - DAG(s) 'tutorial' retrieved from /home/airflow/.local/lib/python3.12/site-packages/airflow/example_dags/tutorial.py
[2025-03-10T20:43:35.938+0000] {logging_mixin.py:190} INFO - [2025-03-10T20:43:35.937+0000] {dag.py:3239} INFO - Sync 1 DAGs
[2025-03-10T20:43:35.966+0000] {logging_mixin.py:190} INFO - [2025-03-10T20:43:35.966+0000] {dag.py:4180} INFO - Setting next_dagrun for tutorial to 2025-03-09 00:00:00+00:00, run_after=2025-03-10 00:00:00+00:00
[2025-03-10T20:43:35.986+0000] {processor.py:208} INFO - Processing /home/airflow/.local/lib/python3.12/site-packages/airflow/example_dags/tutorial.py took 0.095 seconds
[2025-03-10T20:44:06.725+0000] {processor.py:186} INFO - Started process (PID=1818) to work on /home/airflow/.local/lib/python3.12/site-packages/airflow/example_dags/tutorial.py
[2025-03-10T20:44:06.726+0000] {processor.py:914} INFO - Processing file /home/airflow/.local/lib/python3.12/site-packages/airflow/example_dags/tutorial.py for tasks to queue
[2025-03-10T20:44:06.728+0000] {logging_mixin.py:190} INFO - [2025-03-10T20:44:06.728+0000] {dagbag.py:588} INFO - Filling up the DagBag from /home/airflow/.local/lib/python3.12/site-packages/airflow/example_dags/tutorial.py
[2025-03-10T20:44:06.736+0000] {processor.py:925} INFO - DAG(s) 'tutorial' retrieved from /home/airflow/.local/lib/python3.12/site-packages/airflow/example_dags/tutorial.py
[2025-03-10T20:44:06.763+0000] {logging_mixin.py:190} INFO - [2025-03-10T20:44:06.763+0000] {dag.py:3239} INFO - Sync 1 DAGs
[2025-03-10T20:44:06.791+0000] {logging_mixin.py:190} INFO - [2025-03-10T20:44:06.791+0000] {dag.py:4180} INFO - Setting next_dagrun for tutorial to 2025-03-09 00:00:00+00:00, run_after=2025-03-10 00:00:00+00:00
[2025-03-10T20:44:06.812+0000] {processor.py:208} INFO - Processing /home/airflow/.local/lib/python3.12/site-packages/airflow/example_dags/tutorial.py took 0.094 seconds
[2025-03-10T20:44:38.599+0000] {processor.py:186} INFO - Started process (PID=1881) to work on /home/airflow/.local/lib/python3.12/site-packages/airflow/example_dags/tutorial.py
[2025-03-10T20:44:38.600+0000] {processor.py:914} INFO - Processing file /home/airflow/.local/lib/python3.12/site-packages/airflow/example_dags/tutorial.py for tasks to queue
[2025-03-10T20:44:38.603+0000] {logging_mixin.py:190} INFO - [2025-03-10T20:44:38.603+0000] {dagbag.py:588} INFO - Filling up the DagBag from /home/airflow/.local/lib/python3.12/site-packages/airflow/example_dags/tutorial.py
[2025-03-10T20:44:38.612+0000] {processor.py:925} INFO - DAG(s) 'tutorial' retrieved from /home/airflow/.local/lib/python3.12/site-packages/airflow/example_dags/tutorial.py
[2025-03-10T20:44:38.636+0000] {logging_mixin.py:190} INFO - [2025-03-10T20:44:38.636+0000] {dag.py:3239} INFO - Sync 1 DAGs
[2025-03-10T20:44:38.906+0000] {logging_mixin.py:190} INFO - [2025-03-10T20:44:38.905+0000] {dag.py:4180} INFO - Setting next_dagrun for tutorial to 2025-03-09 00:00:00+00:00, run_after=2025-03-10 00:00:00+00:00
[2025-03-10T20:44:38.927+0000] {processor.py:208} INFO - Processing /home/airflow/.local/lib/python3.12/site-packages/airflow/example_dags/tutorial.py took 0.335 seconds
[2025-03-10T20:45:09.453+0000] {processor.py:186} INFO - Started process (PID=1944) to work on /home/airflow/.local/lib/python3.12/site-packages/airflow/example_dags/tutorial.py
[2025-03-10T20:45:09.454+0000] {processor.py:914} INFO - Processing file /home/airflow/.local/lib/python3.12/site-packages/airflow/example_dags/tutorial.py for tasks to queue
[2025-03-10T20:45:09.457+0000] {logging_mixin.py:190} INFO - [2025-03-10T20:45:09.456+0000] {dagbag.py:588} INFO - Filling up the DagBag from /home/airflow/.local/lib/python3.12/site-packages/airflow/example_dags/tutorial.py
[2025-03-10T20:45:09.467+0000] {processor.py:925} INFO - DAG(s) 'tutorial' retrieved from /home/airflow/.local/lib/python3.12/site-packages/airflow/example_dags/tutorial.py
[2025-03-10T20:45:09.492+0000] {logging_mixin.py:190} INFO - [2025-03-10T20:45:09.492+0000] {dag.py:3239} INFO - Sync 1 DAGs
[2025-03-10T20:45:09.521+0000] {logging_mixin.py:190} INFO - [2025-03-10T20:45:09.521+0000] {dag.py:4180} INFO - Setting next_dagrun for tutorial to 2025-03-09 00:00:00+00:00, run_after=2025-03-10 00:00:00+00:00
[2025-03-10T20:45:09.778+0000] {processor.py:208} INFO - Processing /home/airflow/.local/lib/python3.12/site-packages/airflow/example_dags/tutorial.py took 0.333 seconds
[2025-03-10T20:45:40.224+0000] {processor.py:186} INFO - Started process (PID=2007) to work on /home/airflow/.local/lib/python3.12/site-packages/airflow/example_dags/tutorial.py
[2025-03-10T20:45:40.225+0000] {processor.py:914} INFO - Processing file /home/airflow/.local/lib/python3.12/site-packages/airflow/example_dags/tutorial.py for tasks to queue
[2025-03-10T20:45:40.228+0000] {logging_mixin.py:190} INFO - [2025-03-10T20:45:40.228+0000] {dagbag.py:588} INFO - Filling up the DagBag from /home/airflow/.local/lib/python3.12/site-packages/airflow/example_dags/tutorial.py
[2025-03-10T20:45:40.237+0000] {processor.py:925} INFO - DAG(s) 'tutorial' retrieved from /home/airflow/.local/lib/python3.12/site-packages/airflow/example_dags/tutorial.py
[2025-03-10T20:45:40.266+0000] {logging_mixin.py:190} INFO - [2025-03-10T20:45:40.266+0000] {dag.py:3239} INFO - Sync 1 DAGs
[2025-03-10T20:45:40.295+0000] {logging_mixin.py:190} INFO - [2025-03-10T20:45:40.295+0000] {dag.py:4180} INFO - Setting next_dagrun for tutorial to 2025-03-09 00:00:00+00:00, run_after=2025-03-10 00:00:00+00:00
[2025-03-10T20:45:40.316+0000] {processor.py:208} INFO - Processing /home/airflow/.local/lib/python3.12/site-packages/airflow/example_dags/tutorial.py took 0.099 seconds
[2025-03-10T20:46:12.271+0000] {processor.py:186} INFO - Started process (PID=2076) to work on /home/airflow/.local/lib/python3.12/site-packages/airflow/example_dags/tutorial.py
[2025-03-10T20:46:12.272+0000] {processor.py:914} INFO - Processing file /home/airflow/.local/lib/python3.12/site-packages/airflow/example_dags/tutorial.py for tasks to queue
[2025-03-10T20:46:12.275+0000] {logging_mixin.py:190} INFO - [2025-03-10T20:46:12.275+0000] {dagbag.py:588} INFO - Filling up the DagBag from /home/airflow/.local/lib/python3.12/site-packages/airflow/example_dags/tutorial.py
[2025-03-10T20:46:12.284+0000] {processor.py:925} INFO - DAG(s) 'tutorial' retrieved from /home/airflow/.local/lib/python3.12/site-packages/airflow/example_dags/tutorial.py
[2025-03-10T20:46:12.547+0000] {logging_mixin.py:190} INFO - [2025-03-10T20:46:12.547+0000] {dag.py:3239} INFO - Sync 1 DAGs
[2025-03-10T20:46:12.574+0000] {logging_mixin.py:190} INFO - [2025-03-10T20:46:12.574+0000] {dag.py:4180} INFO - Setting next_dagrun for tutorial to 2025-03-09 00:00:00+00:00, run_after=2025-03-10 00:00:00+00:00
[2025-03-10T20:46:12.593+0000] {processor.py:208} INFO - Processing /home/airflow/.local/lib/python3.12/site-packages/airflow/example_dags/tutorial.py took 0.330 seconds
[2025-03-10T20:46:43.020+0000] {processor.py:186} INFO - Started process (PID=2139) to work on /home/airflow/.local/lib/python3.12/site-packages/airflow/example_dags/tutorial.py
[2025-03-10T20:46:43.021+0000] {processor.py:914} INFO - Processing file /home/airflow/.local/lib/python3.12/site-packages/airflow/example_dags/tutorial.py for tasks to queue
[2025-03-10T20:46:43.024+0000] {logging_mixin.py:190} INFO - [2025-03-10T20:46:43.024+0000] {dagbag.py:588} INFO - Filling up the DagBag from /home/airflow/.local/lib/python3.12/site-packages/airflow/example_dags/tutorial.py
[2025-03-10T20:46:43.034+0000] {processor.py:925} INFO - DAG(s) 'tutorial' retrieved from /home/airflow/.local/lib/python3.12/site-packages/airflow/example_dags/tutorial.py
[2025-03-10T20:46:43.070+0000] {logging_mixin.py:190} INFO - [2025-03-10T20:46:43.070+0000] {dag.py:3239} INFO - Sync 1 DAGs
[2025-03-10T20:46:43.347+0000] {logging_mixin.py:190} INFO - [2025-03-10T20:46:43.346+0000] {dag.py:4180} INFO - Setting next_dagrun for tutorial to 2025-03-09 00:00:00+00:00, run_after=2025-03-10 00:00:00+00:00
[2025-03-10T20:46:43.367+0000] {processor.py:208} INFO - Processing /home/airflow/.local/lib/python3.12/site-packages/airflow/example_dags/tutorial.py took 0.355 seconds
[2025-03-10T20:47:14.182+0000] {processor.py:186} INFO - Started process (PID=2202) to work on /home/airflow/.local/lib/python3.12/site-packages/airflow/example_dags/tutorial.py
[2025-03-10T20:47:14.183+0000] {processor.py:914} INFO - Processing file /home/airflow/.local/lib/python3.12/site-packages/airflow/example_dags/tutorial.py for tasks to queue
[2025-03-10T20:47:14.186+0000] {logging_mixin.py:190} INFO - [2025-03-10T20:47:14.186+0000] {dagbag.py:588} INFO - Filling up the DagBag from /home/airflow/.local/lib/python3.12/site-packages/airflow/example_dags/tutorial.py
[2025-03-10T20:47:14.195+0000] {processor.py:925} INFO - DAG(s) 'tutorial' retrieved from /home/airflow/.local/lib/python3.12/site-packages/airflow/example_dags/tutorial.py
[2025-03-10T20:47:14.222+0000] {logging_mixin.py:190} INFO - [2025-03-10T20:47:14.222+0000] {dag.py:3239} INFO - Sync 1 DAGs
[2025-03-10T20:47:14.253+0000] {logging_mixin.py:190} INFO - [2025-03-10T20:47:14.253+0000] {dag.py:4180} INFO - Setting next_dagrun for tutorial to 2025-03-09 00:00:00+00:00, run_after=2025-03-10 00:00:00+00:00
[2025-03-10T20:47:14.275+0000] {processor.py:208} INFO - Processing /home/airflow/.local/lib/python3.12/site-packages/airflow/example_dags/tutorial.py took 0.102 seconds
[2025-03-10T20:47:44.896+0000] {processor.py:186} INFO - Started process (PID=2265) to work on /home/airflow/.local/lib/python3.12/site-packages/airflow/example_dags/tutorial.py
[2025-03-10T20:47:44.897+0000] {processor.py:914} INFO - Processing file /home/airflow/.local/lib/python3.12/site-packages/airflow/example_dags/tutorial.py for tasks to queue
[2025-03-10T20:47:44.900+0000] {logging_mixin.py:190} INFO - [2025-03-10T20:47:44.900+0000] {dagbag.py:588} INFO - Filling up the DagBag from /home/airflow/.local/lib/python3.12/site-packages/airflow/example_dags/tutorial.py
[2025-03-10T20:47:44.909+0000] {processor.py:925} INFO - DAG(s) 'tutorial' retrieved from /home/airflow/.local/lib/python3.12/site-packages/airflow/example_dags/tutorial.py
[2025-03-10T20:47:44.936+0000] {logging_mixin.py:190} INFO - [2025-03-10T20:47:44.935+0000] {dag.py:3239} INFO - Sync 1 DAGs
[2025-03-10T20:47:44.965+0000] {logging_mixin.py:190} INFO - [2025-03-10T20:47:44.965+0000] {dag.py:4180} INFO - Setting next_dagrun for tutorial to 2025-03-09 00:00:00+00:00, run_after=2025-03-10 00:00:00+00:00
[2025-03-10T20:47:44.988+0000] {processor.py:208} INFO - Processing /home/airflow/.local/lib/python3.12/site-packages/airflow/example_dags/tutorial.py took 0.101 seconds
[2025-03-10T20:48:15.367+0000] {processor.py:186} INFO - Started process (PID=2328) to work on /home/airflow/.local/lib/python3.12/site-packages/airflow/example_dags/tutorial.py
[2025-03-10T20:48:15.368+0000] {processor.py:914} INFO - Processing file /home/airflow/.local/lib/python3.12/site-packages/airflow/example_dags/tutorial.py for tasks to queue
[2025-03-10T20:48:15.371+0000] {logging_mixin.py:190} INFO - [2025-03-10T20:48:15.371+0000] {dagbag.py:588} INFO - Filling up the DagBag from /home/airflow/.local/lib/python3.12/site-packages/airflow/example_dags/tutorial.py
[2025-03-10T20:48:15.379+0000] {processor.py:925} INFO - DAG(s) 'tutorial' retrieved from /home/airflow/.local/lib/python3.12/site-packages/airflow/example_dags/tutorial.py
[2025-03-10T20:48:15.404+0000] {logging_mixin.py:190} INFO - [2025-03-10T20:48:15.404+0000] {dag.py:3239} INFO - Sync 1 DAGs
[2025-03-10T20:48:15.432+0000] {logging_mixin.py:190} INFO - [2025-03-10T20:48:15.432+0000] {dag.py:4180} INFO - Setting next_dagrun for tutorial to 2025-03-09 00:00:00+00:00, run_after=2025-03-10 00:00:00+00:00
[2025-03-10T20:48:15.452+0000] {processor.py:208} INFO - Processing /home/airflow/.local/lib/python3.12/site-packages/airflow/example_dags/tutorial.py took 0.092 seconds
[2025-03-10T20:48:45.938+0000] {processor.py:186} INFO - Started process (PID=2391) to work on /home/airflow/.local/lib/python3.12/site-packages/airflow/example_dags/tutorial.py
[2025-03-10T20:48:45.939+0000] {processor.py:914} INFO - Processing file /home/airflow/.local/lib/python3.12/site-packages/airflow/example_dags/tutorial.py for tasks to queue
[2025-03-10T20:48:45.943+0000] {logging_mixin.py:190} INFO - [2025-03-10T20:48:45.942+0000] {dagbag.py:588} INFO - Filling up the DagBag from /home/airflow/.local/lib/python3.12/site-packages/airflow/example_dags/tutorial.py
[2025-03-10T20:48:45.952+0000] {processor.py:925} INFO - DAG(s) 'tutorial' retrieved from /home/airflow/.local/lib/python3.12/site-packages/airflow/example_dags/tutorial.py
[2025-03-10T20:48:45.978+0000] {logging_mixin.py:190} INFO - [2025-03-10T20:48:45.978+0000] {dag.py:3239} INFO - Sync 1 DAGs
[2025-03-10T20:48:46.006+0000] {logging_mixin.py:190} INFO - [2025-03-10T20:48:46.006+0000] {dag.py:4180} INFO - Setting next_dagrun for tutorial to 2025-03-09 00:00:00+00:00, run_after=2025-03-10 00:00:00+00:00
[2025-03-10T20:48:46.028+0000] {processor.py:208} INFO - Processing /home/airflow/.local/lib/python3.12/site-packages/airflow/example_dags/tutorial.py took 0.099 seconds
[2025-03-10T20:49:16.527+0000] {processor.py:186} INFO - Started process (PID=2454) to work on /home/airflow/.local/lib/python3.12/site-packages/airflow/example_dags/tutorial.py
[2025-03-10T20:49:16.528+0000] {processor.py:914} INFO - Processing file /home/airflow/.local/lib/python3.12/site-packages/airflow/example_dags/tutorial.py for tasks to queue
[2025-03-10T20:49:16.531+0000] {logging_mixin.py:190} INFO - [2025-03-10T20:49:16.530+0000] {dagbag.py:588} INFO - Filling up the DagBag from /home/airflow/.local/lib/python3.12/site-packages/airflow/example_dags/tutorial.py
[2025-03-10T20:49:16.539+0000] {processor.py:925} INFO - DAG(s) 'tutorial' retrieved from /home/airflow/.local/lib/python3.12/site-packages/airflow/example_dags/tutorial.py
[2025-03-10T20:49:16.570+0000] {logging_mixin.py:190} INFO - [2025-03-10T20:49:16.570+0000] {dag.py:3239} INFO - Sync 1 DAGs
[2025-03-10T20:49:16.615+0000] {logging_mixin.py:190} INFO - [2025-03-10T20:49:16.614+0000] {dag.py:4180} INFO - Setting next_dagrun for tutorial to 2025-03-09 00:00:00+00:00, run_after=2025-03-10 00:00:00+00:00
[2025-03-10T20:49:16.636+0000] {processor.py:208} INFO - Processing /home/airflow/.local/lib/python3.12/site-packages/airflow/example_dags/tutorial.py took 0.116 seconds
[2025-03-10T20:49:46.906+0000] {processor.py:186} INFO - Started process (PID=2517) to work on /home/airflow/.local/lib/python3.12/site-packages/airflow/example_dags/tutorial.py
[2025-03-10T20:49:46.907+0000] {processor.py:914} INFO - Processing file /home/airflow/.local/lib/python3.12/site-packages/airflow/example_dags/tutorial.py for tasks to queue
[2025-03-10T20:49:46.910+0000] {logging_mixin.py:190} INFO - [2025-03-10T20:49:46.909+0000] {dagbag.py:588} INFO - Filling up the DagBag from /home/airflow/.local/lib/python3.12/site-packages/airflow/example_dags/tutorial.py
[2025-03-10T20:49:46.918+0000] {processor.py:925} INFO - DAG(s) 'tutorial' retrieved from /home/airflow/.local/lib/python3.12/site-packages/airflow/example_dags/tutorial.py
[2025-03-10T20:49:46.944+0000] {logging_mixin.py:190} INFO - [2025-03-10T20:49:46.944+0000] {dag.py:3239} INFO - Sync 1 DAGs
[2025-03-10T20:49:46.977+0000] {logging_mixin.py:190} INFO - [2025-03-10T20:49:46.976+0000] {dag.py:4180} INFO - Setting next_dagrun for tutorial to 2025-03-09 00:00:00+00:00, run_after=2025-03-10 00:00:00+00:00
[2025-03-10T20:49:47.002+0000] {processor.py:208} INFO - Processing /home/airflow/.local/lib/python3.12/site-packages/airflow/example_dags/tutorial.py took 0.103 seconds
[2025-03-10T20:50:17.507+0000] {processor.py:186} INFO - Started process (PID=2580) to work on /home/airflow/.local/lib/python3.12/site-packages/airflow/example_dags/tutorial.py
[2025-03-10T20:50:17.508+0000] {processor.py:914} INFO - Processing file /home/airflow/.local/lib/python3.12/site-packages/airflow/example_dags/tutorial.py for tasks to queue
[2025-03-10T20:50:17.511+0000] {logging_mixin.py:190} INFO - [2025-03-10T20:50:17.511+0000] {dagbag.py:588} INFO - Filling up the DagBag from /home/airflow/.local/lib/python3.12/site-packages/airflow/example_dags/tutorial.py
[2025-03-10T20:50:17.520+0000] {processor.py:925} INFO - DAG(s) 'tutorial' retrieved from /home/airflow/.local/lib/python3.12/site-packages/airflow/example_dags/tutorial.py
[2025-03-10T20:50:17.546+0000] {logging_mixin.py:190} INFO - [2025-03-10T20:50:17.546+0000] {dag.py:3239} INFO - Sync 1 DAGs
[2025-03-10T20:50:17.577+0000] {logging_mixin.py:190} INFO - [2025-03-10T20:50:17.577+0000] {dag.py:4180} INFO - Setting next_dagrun for tutorial to 2025-03-09 00:00:00+00:00, run_after=2025-03-10 00:00:00+00:00
[2025-03-10T20:50:17.598+0000] {processor.py:208} INFO - Processing /home/airflow/.local/lib/python3.12/site-packages/airflow/example_dags/tutorial.py took 0.099 seconds
[2025-03-10T23:08:58.124+0000] {processor.py:186} INFO - Started process (PID=112) to work on /home/airflow/.local/lib/python3.12/site-packages/airflow/example_dags/tutorial.py
[2025-03-10T23:08:58.125+0000] {processor.py:914} INFO - Processing file /home/airflow/.local/lib/python3.12/site-packages/airflow/example_dags/tutorial.py for tasks to queue
[2025-03-10T23:08:58.128+0000] {logging_mixin.py:190} INFO - [2025-03-10T23:08:58.128+0000] {dagbag.py:588} INFO - Filling up the DagBag from /home/airflow/.local/lib/python3.12/site-packages/airflow/example_dags/tutorial.py
[2025-03-10T23:08:58.139+0000] {processor.py:925} INFO - DAG(s) 'tutorial' retrieved from /home/airflow/.local/lib/python3.12/site-packages/airflow/example_dags/tutorial.py
[2025-03-10T23:08:58.164+0000] {logging_mixin.py:190} INFO - [2025-03-10T23:08:58.164+0000] {dag.py:3239} INFO - Sync 1 DAGs
[2025-03-10T23:08:58.193+0000] {logging_mixin.py:190} INFO - [2025-03-10T23:08:58.192+0000] {dag.py:4180} INFO - Setting next_dagrun for tutorial to 2025-03-09 00:00:00+00:00, run_after=2025-03-10 00:00:00+00:00
[2025-03-10T23:08:58.215+0000] {processor.py:208} INFO - Processing /home/airflow/.local/lib/python3.12/site-packages/airflow/example_dags/tutorial.py took 0.097 seconds
[2025-03-10T23:10:33.717+0000] {processor.py:186} INFO - Started process (PID=169) to work on /home/airflow/.local/lib/python3.12/site-packages/airflow/example_dags/tutorial.py
[2025-03-10T23:10:33.718+0000] {processor.py:914} INFO - Processing file /home/airflow/.local/lib/python3.12/site-packages/airflow/example_dags/tutorial.py for tasks to queue
[2025-03-10T23:10:33.720+0000] {logging_mixin.py:190} INFO - [2025-03-10T23:10:33.719+0000] {dagbag.py:588} INFO - Filling up the DagBag from /home/airflow/.local/lib/python3.12/site-packages/airflow/example_dags/tutorial.py
[2025-03-10T23:10:33.729+0000] {processor.py:925} INFO - DAG(s) 'tutorial' retrieved from /home/airflow/.local/lib/python3.12/site-packages/airflow/example_dags/tutorial.py
[2025-03-10T23:10:33.762+0000] {logging_mixin.py:190} INFO - [2025-03-10T23:10:33.762+0000] {dag.py:3239} INFO - Sync 1 DAGs
[2025-03-10T23:10:33.806+0000] {logging_mixin.py:190} INFO - [2025-03-10T23:10:33.805+0000] {dag.py:4180} INFO - Setting next_dagrun for tutorial to 2025-03-09 00:00:00+00:00, run_after=2025-03-10 00:00:00+00:00
[2025-03-10T23:10:33.833+0000] {processor.py:208} INFO - Processing /home/airflow/.local/lib/python3.12/site-packages/airflow/example_dags/tutorial.py took 0.123 seconds
[2025-03-10T23:13:24.820+0000] {processor.py:186} INFO - Started process (PID=227) to work on /home/airflow/.local/lib/python3.12/site-packages/airflow/example_dags/tutorial.py
[2025-03-10T23:13:24.825+0000] {processor.py:914} INFO - Processing file /home/airflow/.local/lib/python3.12/site-packages/airflow/example_dags/tutorial.py for tasks to queue
[2025-03-10T23:13:24.832+0000] {logging_mixin.py:190} INFO - [2025-03-10T23:13:24.830+0000] {dagbag.py:588} INFO - Filling up the DagBag from /home/airflow/.local/lib/python3.12/site-packages/airflow/example_dags/tutorial.py
[2025-03-10T23:13:24.879+0000] {processor.py:925} INFO - DAG(s) 'tutorial' retrieved from /home/airflow/.local/lib/python3.12/site-packages/airflow/example_dags/tutorial.py
[2025-03-10T23:13:24.996+0000] {logging_mixin.py:190} INFO - [2025-03-10T23:13:24.995+0000] {dag.py:3239} INFO - Sync 1 DAGs
[2025-03-10T23:13:25.155+0000] {logging_mixin.py:190} INFO - [2025-03-10T23:13:25.154+0000] {dag.py:4180} INFO - Setting next_dagrun for tutorial to 2025-03-09 00:00:00+00:00, run_after=2025-03-10 00:00:00+00:00
[2025-03-10T23:13:25.253+0000] {processor.py:208} INFO - Processing /home/airflow/.local/lib/python3.12/site-packages/airflow/example_dags/tutorial.py took 0.471 seconds
[2025-03-10T23:15:00.531+0000] {processor.py:186} INFO - Started process (PID=300) to work on /home/airflow/.local/lib/python3.12/site-packages/airflow/example_dags/tutorial.py
[2025-03-10T23:15:00.535+0000] {processor.py:914} INFO - Processing file /home/airflow/.local/lib/python3.12/site-packages/airflow/example_dags/tutorial.py for tasks to queue
[2025-03-10T23:15:00.540+0000] {logging_mixin.py:190} INFO - [2025-03-10T23:15:00.539+0000] {dagbag.py:588} INFO - Filling up the DagBag from /home/airflow/.local/lib/python3.12/site-packages/airflow/example_dags/tutorial.py
[2025-03-10T23:15:00.589+0000] {processor.py:925} INFO - DAG(s) 'tutorial' retrieved from /home/airflow/.local/lib/python3.12/site-packages/airflow/example_dags/tutorial.py
[2025-03-10T23:15:00.716+0000] {logging_mixin.py:190} INFO - [2025-03-10T23:15:00.715+0000] {dag.py:3239} INFO - Sync 1 DAGs
[2025-03-10T23:15:00.822+0000] {logging_mixin.py:190} INFO - [2025-03-10T23:15:00.821+0000] {dag.py:4180} INFO - Setting next_dagrun for tutorial to 2025-03-09 00:00:00+00:00, run_after=2025-03-10 00:00:00+00:00
[2025-03-10T23:15:00.900+0000] {processor.py:208} INFO - Processing /home/airflow/.local/lib/python3.12/site-packages/airflow/example_dags/tutorial.py took 0.397 seconds
[2025-03-10T23:15:32.261+0000] {processor.py:186} INFO - Started process (PID=363) to work on /home/airflow/.local/lib/python3.12/site-packages/airflow/example_dags/tutorial.py
[2025-03-10T23:15:32.263+0000] {processor.py:914} INFO - Processing file /home/airflow/.local/lib/python3.12/site-packages/airflow/example_dags/tutorial.py for tasks to queue
[2025-03-10T23:15:32.268+0000] {logging_mixin.py:190} INFO - [2025-03-10T23:15:32.267+0000] {dagbag.py:588} INFO - Filling up the DagBag from /home/airflow/.local/lib/python3.12/site-packages/airflow/example_dags/tutorial.py
[2025-03-10T23:15:32.304+0000] {processor.py:925} INFO - DAG(s) 'tutorial' retrieved from /home/airflow/.local/lib/python3.12/site-packages/airflow/example_dags/tutorial.py
[2025-03-10T23:15:32.402+0000] {logging_mixin.py:190} INFO - [2025-03-10T23:15:32.401+0000] {dag.py:3239} INFO - Sync 1 DAGs
[2025-03-10T23:15:32.506+0000] {logging_mixin.py:190} INFO - [2025-03-10T23:15:32.505+0000] {dag.py:4180} INFO - Setting next_dagrun for tutorial to 2025-03-09 00:00:00+00:00, run_after=2025-03-10 00:00:00+00:00
[2025-03-10T23:15:32.572+0000] {processor.py:208} INFO - Processing /home/airflow/.local/lib/python3.12/site-packages/airflow/example_dags/tutorial.py took 0.339 seconds
[2025-03-10T23:16:02.828+0000] {processor.py:186} INFO - Started process (PID=426) to work on /home/airflow/.local/lib/python3.12/site-packages/airflow/example_dags/tutorial.py
[2025-03-10T23:16:02.831+0000] {processor.py:914} INFO - Processing file /home/airflow/.local/lib/python3.12/site-packages/airflow/example_dags/tutorial.py for tasks to queue
[2025-03-10T23:16:02.835+0000] {logging_mixin.py:190} INFO - [2025-03-10T23:16:02.834+0000] {dagbag.py:588} INFO - Filling up the DagBag from /home/airflow/.local/lib/python3.12/site-packages/airflow/example_dags/tutorial.py
[2025-03-10T23:16:02.868+0000] {processor.py:925} INFO - DAG(s) 'tutorial' retrieved from /home/airflow/.local/lib/python3.12/site-packages/airflow/example_dags/tutorial.py
[2025-03-10T23:16:02.946+0000] {logging_mixin.py:190} INFO - [2025-03-10T23:16:02.945+0000] {dag.py:3239} INFO - Sync 1 DAGs
[2025-03-10T23:16:03.057+0000] {logging_mixin.py:190} INFO - [2025-03-10T23:16:03.055+0000] {dag.py:4180} INFO - Setting next_dagrun for tutorial to 2025-03-09 00:00:00+00:00, run_after=2025-03-10 00:00:00+00:00
[2025-03-10T23:16:03.151+0000] {processor.py:208} INFO - Processing /home/airflow/.local/lib/python3.12/site-packages/airflow/example_dags/tutorial.py took 0.347 seconds
[2025-03-10T23:16:33.297+0000] {processor.py:186} INFO - Started process (PID=489) to work on /home/airflow/.local/lib/python3.12/site-packages/airflow/example_dags/tutorial.py
[2025-03-10T23:16:33.297+0000] {processor.py:914} INFO - Processing file /home/airflow/.local/lib/python3.12/site-packages/airflow/example_dags/tutorial.py for tasks to queue
[2025-03-10T23:16:33.299+0000] {logging_mixin.py:190} INFO - [2025-03-10T23:16:33.298+0000] {dagbag.py:588} INFO - Filling up the DagBag from /home/airflow/.local/lib/python3.12/site-packages/airflow/example_dags/tutorial.py
[2025-03-10T23:16:33.308+0000] {processor.py:925} INFO - DAG(s) 'tutorial' retrieved from /home/airflow/.local/lib/python3.12/site-packages/airflow/example_dags/tutorial.py
[2025-03-10T23:16:33.331+0000] {logging_mixin.py:190} INFO - [2025-03-10T23:16:33.331+0000] {dag.py:3239} INFO - Sync 1 DAGs
[2025-03-10T23:16:33.359+0000] {logging_mixin.py:190} INFO - [2025-03-10T23:16:33.358+0000] {dag.py:4180} INFO - Setting next_dagrun for tutorial to 2025-03-09 00:00:00+00:00, run_after=2025-03-10 00:00:00+00:00
[2025-03-10T23:16:33.379+0000] {processor.py:208} INFO - Processing /home/airflow/.local/lib/python3.12/site-packages/airflow/example_dags/tutorial.py took 0.091 seconds
[2025-03-10T23:17:03.917+0000] {processor.py:186} INFO - Started process (PID=552) to work on /home/airflow/.local/lib/python3.12/site-packages/airflow/example_dags/tutorial.py
[2025-03-10T23:17:03.918+0000] {processor.py:914} INFO - Processing file /home/airflow/.local/lib/python3.12/site-packages/airflow/example_dags/tutorial.py for tasks to queue
[2025-03-10T23:17:03.919+0000] {logging_mixin.py:190} INFO - [2025-03-10T23:17:03.919+0000] {dagbag.py:588} INFO - Filling up the DagBag from /home/airflow/.local/lib/python3.12/site-packages/airflow/example_dags/tutorial.py
[2025-03-10T23:17:03.929+0000] {processor.py:925} INFO - DAG(s) 'tutorial' retrieved from /home/airflow/.local/lib/python3.12/site-packages/airflow/example_dags/tutorial.py
[2025-03-10T23:17:03.954+0000] {logging_mixin.py:190} INFO - [2025-03-10T23:17:03.954+0000] {dag.py:3239} INFO - Sync 1 DAGs
[2025-03-10T23:17:03.983+0000] {logging_mixin.py:190} INFO - [2025-03-10T23:17:03.983+0000] {dag.py:4180} INFO - Setting next_dagrun for tutorial to 2025-03-09 00:00:00+00:00, run_after=2025-03-10 00:00:00+00:00
[2025-03-10T23:17:04.006+0000] {processor.py:208} INFO - Processing /home/airflow/.local/lib/python3.12/site-packages/airflow/example_dags/tutorial.py took 0.098 seconds
[2025-03-10T23:17:34.237+0000] {processor.py:186} INFO - Started process (PID=615) to work on /home/airflow/.local/lib/python3.12/site-packages/airflow/example_dags/tutorial.py
[2025-03-10T23:17:34.238+0000] {processor.py:914} INFO - Processing file /home/airflow/.local/lib/python3.12/site-packages/airflow/example_dags/tutorial.py for tasks to queue
[2025-03-10T23:17:34.239+0000] {logging_mixin.py:190} INFO - [2025-03-10T23:17:34.239+0000] {dagbag.py:588} INFO - Filling up the DagBag from /home/airflow/.local/lib/python3.12/site-packages/airflow/example_dags/tutorial.py
[2025-03-10T23:17:34.250+0000] {processor.py:925} INFO - DAG(s) 'tutorial' retrieved from /home/airflow/.local/lib/python3.12/site-packages/airflow/example_dags/tutorial.py
[2025-03-10T23:17:34.279+0000] {logging_mixin.py:190} INFO - [2025-03-10T23:17:34.279+0000] {dag.py:3239} INFO - Sync 1 DAGs
[2025-03-10T23:17:34.315+0000] {logging_mixin.py:190} INFO - [2025-03-10T23:17:34.315+0000] {dag.py:4180} INFO - Setting next_dagrun for tutorial to 2025-03-09 00:00:00+00:00, run_after=2025-03-10 00:00:00+00:00
[2025-03-10T23:17:34.338+0000] {processor.py:208} INFO - Processing /home/airflow/.local/lib/python3.12/site-packages/airflow/example_dags/tutorial.py took 0.110 seconds
[2025-03-10T23:18:04.440+0000] {processor.py:186} INFO - Started process (PID=678) to work on /home/airflow/.local/lib/python3.12/site-packages/airflow/example_dags/tutorial.py
[2025-03-10T23:18:04.441+0000] {processor.py:914} INFO - Processing file /home/airflow/.local/lib/python3.12/site-packages/airflow/example_dags/tutorial.py for tasks to queue
[2025-03-10T23:18:04.442+0000] {logging_mixin.py:190} INFO - [2025-03-10T23:18:04.442+0000] {dagbag.py:588} INFO - Filling up the DagBag from /home/airflow/.local/lib/python3.12/site-packages/airflow/example_dags/tutorial.py
[2025-03-10T23:18:04.453+0000] {processor.py:925} INFO - DAG(s) 'tutorial' retrieved from /home/airflow/.local/lib/python3.12/site-packages/airflow/example_dags/tutorial.py
[2025-03-10T23:18:04.481+0000] {logging_mixin.py:190} INFO - [2025-03-10T23:18:04.480+0000] {dag.py:3239} INFO - Sync 1 DAGs
[2025-03-10T23:18:04.514+0000] {logging_mixin.py:190} INFO - [2025-03-10T23:18:04.514+0000] {dag.py:4180} INFO - Setting next_dagrun for tutorial to 2025-03-09 00:00:00+00:00, run_after=2025-03-10 00:00:00+00:00
[2025-03-10T23:18:04.540+0000] {processor.py:208} INFO - Processing /home/airflow/.local/lib/python3.12/site-packages/airflow/example_dags/tutorial.py took 0.110 seconds
[2025-03-10T23:18:35.553+0000] {processor.py:186} INFO - Started process (PID=741) to work on /home/airflow/.local/lib/python3.12/site-packages/airflow/example_dags/tutorial.py
[2025-03-10T23:18:35.554+0000] {processor.py:914} INFO - Processing file /home/airflow/.local/lib/python3.12/site-packages/airflow/example_dags/tutorial.py for tasks to queue
[2025-03-10T23:18:35.555+0000] {logging_mixin.py:190} INFO - [2025-03-10T23:18:35.555+0000] {dagbag.py:588} INFO - Filling up the DagBag from /home/airflow/.local/lib/python3.12/site-packages/airflow/example_dags/tutorial.py
[2025-03-10T23:18:35.565+0000] {processor.py:925} INFO - DAG(s) 'tutorial' retrieved from /home/airflow/.local/lib/python3.12/site-packages/airflow/example_dags/tutorial.py
[2025-03-10T23:18:35.589+0000] {logging_mixin.py:190} INFO - [2025-03-10T23:18:35.589+0000] {dag.py:3239} INFO - Sync 1 DAGs
[2025-03-10T23:18:35.620+0000] {logging_mixin.py:190} INFO - [2025-03-10T23:18:35.620+0000] {dag.py:4180} INFO - Setting next_dagrun for tutorial to 2025-03-09 00:00:00+00:00, run_after=2025-03-10 00:00:00+00:00
[2025-03-10T23:18:35.648+0000] {processor.py:208} INFO - Processing /home/airflow/.local/lib/python3.12/site-packages/airflow/example_dags/tutorial.py took 0.102 seconds
[2025-03-10T23:19:05.870+0000] {processor.py:186} INFO - Started process (PID=804) to work on /home/airflow/.local/lib/python3.12/site-packages/airflow/example_dags/tutorial.py
[2025-03-10T23:19:05.871+0000] {processor.py:914} INFO - Processing file /home/airflow/.local/lib/python3.12/site-packages/airflow/example_dags/tutorial.py for tasks to queue
[2025-03-10T23:19:05.872+0000] {logging_mixin.py:190} INFO - [2025-03-10T23:19:05.872+0000] {dagbag.py:588} INFO - Filling up the DagBag from /home/airflow/.local/lib/python3.12/site-packages/airflow/example_dags/tutorial.py
[2025-03-10T23:19:05.882+0000] {processor.py:925} INFO - DAG(s) 'tutorial' retrieved from /home/airflow/.local/lib/python3.12/site-packages/airflow/example_dags/tutorial.py
[2025-03-10T23:19:05.909+0000] {logging_mixin.py:190} INFO - [2025-03-10T23:19:05.909+0000] {dag.py:3239} INFO - Sync 1 DAGs
[2025-03-10T23:19:05.940+0000] {logging_mixin.py:190} INFO - [2025-03-10T23:19:05.940+0000] {dag.py:4180} INFO - Setting next_dagrun for tutorial to 2025-03-09 00:00:00+00:00, run_after=2025-03-10 00:00:00+00:00
[2025-03-10T23:19:05.964+0000] {processor.py:208} INFO - Processing /home/airflow/.local/lib/python3.12/site-packages/airflow/example_dags/tutorial.py took 0.101 seconds
[2025-03-10T23:27:11.066+0000] {processor.py:186} INFO - Started process (PID=99) to work on /home/airflow/.local/lib/python3.12/site-packages/airflow/example_dags/tutorial.py
[2025-03-10T23:27:11.067+0000] {processor.py:914} INFO - Processing file /home/airflow/.local/lib/python3.12/site-packages/airflow/example_dags/tutorial.py for tasks to queue
[2025-03-10T23:27:11.071+0000] {logging_mixin.py:190} INFO - [2025-03-10T23:27:11.070+0000] {dagbag.py:588} INFO - Filling up the DagBag from /home/airflow/.local/lib/python3.12/site-packages/airflow/example_dags/tutorial.py
[2025-03-10T23:27:11.080+0000] {processor.py:925} INFO - DAG(s) 'tutorial' retrieved from /home/airflow/.local/lib/python3.12/site-packages/airflow/example_dags/tutorial.py
[2025-03-10T23:27:11.106+0000] {logging_mixin.py:190} INFO - [2025-03-10T23:27:11.106+0000] {dag.py:3239} INFO - Sync 1 DAGs
[2025-03-10T23:27:11.137+0000] {logging_mixin.py:190} INFO - [2025-03-10T23:27:11.136+0000] {dag.py:4180} INFO - Setting next_dagrun for tutorial to 2025-03-09 00:00:00+00:00, run_after=2025-03-10 00:00:00+00:00
[2025-03-10T23:27:11.158+0000] {processor.py:208} INFO - Processing /home/airflow/.local/lib/python3.12/site-packages/airflow/example_dags/tutorial.py took 0.098 seconds
[2025-03-10T23:27:42.135+0000] {processor.py:186} INFO - Started process (PID=162) to work on /home/airflow/.local/lib/python3.12/site-packages/airflow/example_dags/tutorial.py
[2025-03-10T23:27:42.136+0000] {processor.py:914} INFO - Processing file /home/airflow/.local/lib/python3.12/site-packages/airflow/example_dags/tutorial.py for tasks to queue
[2025-03-10T23:27:42.138+0000] {logging_mixin.py:190} INFO - [2025-03-10T23:27:42.138+0000] {dagbag.py:588} INFO - Filling up the DagBag from /home/airflow/.local/lib/python3.12/site-packages/airflow/example_dags/tutorial.py
[2025-03-10T23:27:42.146+0000] {processor.py:925} INFO - DAG(s) 'tutorial' retrieved from /home/airflow/.local/lib/python3.12/site-packages/airflow/example_dags/tutorial.py
[2025-03-10T23:27:42.172+0000] {logging_mixin.py:190} INFO - [2025-03-10T23:27:42.172+0000] {dag.py:3239} INFO - Sync 1 DAGs
[2025-03-10T23:27:42.201+0000] {logging_mixin.py:190} INFO - [2025-03-10T23:27:42.201+0000] {dag.py:4180} INFO - Setting next_dagrun for tutorial to 2025-03-09 00:00:00+00:00, run_after=2025-03-10 00:00:00+00:00
[2025-03-10T23:27:42.224+0000] {processor.py:208} INFO - Processing /home/airflow/.local/lib/python3.12/site-packages/airflow/example_dags/tutorial.py took 0.096 seconds
[2025-03-10T23:28:12.687+0000] {processor.py:186} INFO - Started process (PID=225) to work on /home/airflow/.local/lib/python3.12/site-packages/airflow/example_dags/tutorial.py
[2025-03-10T23:28:12.688+0000] {processor.py:914} INFO - Processing file /home/airflow/.local/lib/python3.12/site-packages/airflow/example_dags/tutorial.py for tasks to queue
[2025-03-10T23:28:12.691+0000] {logging_mixin.py:190} INFO - [2025-03-10T23:28:12.690+0000] {dagbag.py:588} INFO - Filling up the DagBag from /home/airflow/.local/lib/python3.12/site-packages/airflow/example_dags/tutorial.py
[2025-03-10T23:28:12.699+0000] {processor.py:925} INFO - DAG(s) 'tutorial' retrieved from /home/airflow/.local/lib/python3.12/site-packages/airflow/example_dags/tutorial.py
[2025-03-10T23:28:12.722+0000] {logging_mixin.py:190} INFO - [2025-03-10T23:28:12.721+0000] {dag.py:3239} INFO - Sync 1 DAGs
[2025-03-10T23:28:12.748+0000] {logging_mixin.py:190} INFO - [2025-03-10T23:28:12.748+0000] {dag.py:4180} INFO - Setting next_dagrun for tutorial to 2025-03-09 00:00:00+00:00, run_after=2025-03-10 00:00:00+00:00
[2025-03-10T23:28:12.768+0000] {processor.py:208} INFO - Processing /home/airflow/.local/lib/python3.12/site-packages/airflow/example_dags/tutorial.py took 0.087 seconds
[2025-03-10T23:28:43.632+0000] {processor.py:186} INFO - Started process (PID=288) to work on /home/airflow/.local/lib/python3.12/site-packages/airflow/example_dags/tutorial.py
[2025-03-10T23:28:43.633+0000] {processor.py:914} INFO - Processing file /home/airflow/.local/lib/python3.12/site-packages/airflow/example_dags/tutorial.py for tasks to queue
[2025-03-10T23:28:43.636+0000] {logging_mixin.py:190} INFO - [2025-03-10T23:28:43.635+0000] {dagbag.py:588} INFO - Filling up the DagBag from /home/airflow/.local/lib/python3.12/site-packages/airflow/example_dags/tutorial.py
[2025-03-10T23:28:43.645+0000] {processor.py:925} INFO - DAG(s) 'tutorial' retrieved from /home/airflow/.local/lib/python3.12/site-packages/airflow/example_dags/tutorial.py
[2025-03-10T23:28:43.672+0000] {logging_mixin.py:190} INFO - [2025-03-10T23:28:43.672+0000] {dag.py:3239} INFO - Sync 1 DAGs
[2025-03-10T23:28:43.702+0000] {logging_mixin.py:190} INFO - [2025-03-10T23:28:43.702+0000] {dag.py:4180} INFO - Setting next_dagrun for tutorial to 2025-03-09 00:00:00+00:00, run_after=2025-03-10 00:00:00+00:00
[2025-03-10T23:28:43.725+0000] {processor.py:208} INFO - Processing /home/airflow/.local/lib/python3.12/site-packages/airflow/example_dags/tutorial.py took 0.100 seconds
[2025-03-10T23:29:14.792+0000] {processor.py:186} INFO - Started process (PID=351) to work on /home/airflow/.local/lib/python3.12/site-packages/airflow/example_dags/tutorial.py
[2025-03-10T23:29:14.793+0000] {processor.py:914} INFO - Processing file /home/airflow/.local/lib/python3.12/site-packages/airflow/example_dags/tutorial.py for tasks to queue
[2025-03-10T23:29:14.796+0000] {logging_mixin.py:190} INFO - [2025-03-10T23:29:14.796+0000] {dagbag.py:588} INFO - Filling up the DagBag from /home/airflow/.local/lib/python3.12/site-packages/airflow/example_dags/tutorial.py
[2025-03-10T23:29:14.805+0000] {processor.py:925} INFO - DAG(s) 'tutorial' retrieved from /home/airflow/.local/lib/python3.12/site-packages/airflow/example_dags/tutorial.py
[2025-03-10T23:29:14.831+0000] {logging_mixin.py:190} INFO - [2025-03-10T23:29:14.831+0000] {dag.py:3239} INFO - Sync 1 DAGs
[2025-03-10T23:29:14.860+0000] {logging_mixin.py:190} INFO - [2025-03-10T23:29:14.859+0000] {dag.py:4180} INFO - Setting next_dagrun for tutorial to 2025-03-09 00:00:00+00:00, run_after=2025-03-10 00:00:00+00:00
[2025-03-10T23:29:14.885+0000] {processor.py:208} INFO - Processing /home/airflow/.local/lib/python3.12/site-packages/airflow/example_dags/tutorial.py took 0.099 seconds
[2025-03-10T23:35:23.138+0000] {processor.py:186} INFO - Started process (PID=119) to work on /home/airflow/.local/lib/python3.12/site-packages/airflow/example_dags/tutorial.py
[2025-03-10T23:35:23.151+0000] {processor.py:914} INFO - Processing file /home/airflow/.local/lib/python3.12/site-packages/airflow/example_dags/tutorial.py for tasks to queue
[2025-03-10T23:35:23.167+0000] {logging_mixin.py:190} INFO - [2025-03-10T23:35:23.165+0000] {dagbag.py:588} INFO - Filling up the DagBag from /home/airflow/.local/lib/python3.12/site-packages/airflow/example_dags/tutorial.py
[2025-03-10T23:35:23.221+0000] {processor.py:925} INFO - DAG(s) 'tutorial' retrieved from /home/airflow/.local/lib/python3.12/site-packages/airflow/example_dags/tutorial.py
[2025-03-10T23:35:23.391+0000] {logging_mixin.py:190} INFO - [2025-03-10T23:35:23.390+0000] {dag.py:3239} INFO - Sync 1 DAGs
[2025-03-10T23:35:23.582+0000] {logging_mixin.py:190} INFO - [2025-03-10T23:35:23.580+0000] {dag.py:4180} INFO - Setting next_dagrun for tutorial to 2025-03-09 00:00:00+00:00, run_after=2025-03-10 00:00:00+00:00
[2025-03-10T23:35:23.704+0000] {processor.py:208} INFO - Processing /home/airflow/.local/lib/python3.12/site-packages/airflow/example_dags/tutorial.py took 0.605 seconds
[2025-03-10T23:35:54.233+0000] {processor.py:186} INFO - Started process (PID=188) to work on /home/airflow/.local/lib/python3.12/site-packages/airflow/example_dags/tutorial.py
[2025-03-10T23:35:54.234+0000] {processor.py:914} INFO - Processing file /home/airflow/.local/lib/python3.12/site-packages/airflow/example_dags/tutorial.py for tasks to queue
[2025-03-10T23:35:54.236+0000] {logging_mixin.py:190} INFO - [2025-03-10T23:35:54.236+0000] {dagbag.py:588} INFO - Filling up the DagBag from /home/airflow/.local/lib/python3.12/site-packages/airflow/example_dags/tutorial.py
[2025-03-10T23:35:54.245+0000] {processor.py:925} INFO - DAG(s) 'tutorial' retrieved from /home/airflow/.local/lib/python3.12/site-packages/airflow/example_dags/tutorial.py
[2025-03-10T23:35:54.276+0000] {logging_mixin.py:190} INFO - [2025-03-10T23:35:54.276+0000] {dag.py:3239} INFO - Sync 1 DAGs
[2025-03-10T23:35:54.321+0000] {logging_mixin.py:190} INFO - [2025-03-10T23:35:54.320+0000] {dag.py:4180} INFO - Setting next_dagrun for tutorial to 2025-03-09 00:00:00+00:00, run_after=2025-03-10 00:00:00+00:00
[2025-03-10T23:35:54.347+0000] {processor.py:208} INFO - Processing /home/airflow/.local/lib/python3.12/site-packages/airflow/example_dags/tutorial.py took 0.122 seconds
[2025-03-10T23:36:24.484+0000] {processor.py:186} INFO - Started process (PID=251) to work on /home/airflow/.local/lib/python3.12/site-packages/airflow/example_dags/tutorial.py
[2025-03-10T23:36:24.485+0000] {processor.py:914} INFO - Processing file /home/airflow/.local/lib/python3.12/site-packages/airflow/example_dags/tutorial.py for tasks to queue
[2025-03-10T23:36:24.488+0000] {logging_mixin.py:190} INFO - [2025-03-10T23:36:24.488+0000] {dagbag.py:588} INFO - Filling up the DagBag from /home/airflow/.local/lib/python3.12/site-packages/airflow/example_dags/tutorial.py
[2025-03-10T23:36:24.498+0000] {processor.py:925} INFO - DAG(s) 'tutorial' retrieved from /home/airflow/.local/lib/python3.12/site-packages/airflow/example_dags/tutorial.py
[2025-03-10T23:36:24.523+0000] {logging_mixin.py:190} INFO - [2025-03-10T23:36:24.523+0000] {dag.py:3239} INFO - Sync 1 DAGs
[2025-03-10T23:36:24.553+0000] {logging_mixin.py:190} INFO - [2025-03-10T23:36:24.552+0000] {dag.py:4180} INFO - Setting next_dagrun for tutorial to 2025-03-09 00:00:00+00:00, run_after=2025-03-10 00:00:00+00:00
[2025-03-10T23:36:24.573+0000] {processor.py:208} INFO - Processing /home/airflow/.local/lib/python3.12/site-packages/airflow/example_dags/tutorial.py took 0.098 seconds
[2025-03-10T23:36:54.719+0000] {processor.py:186} INFO - Started process (PID=314) to work on /home/airflow/.local/lib/python3.12/site-packages/airflow/example_dags/tutorial.py
[2025-03-10T23:36:54.721+0000] {processor.py:914} INFO - Processing file /home/airflow/.local/lib/python3.12/site-packages/airflow/example_dags/tutorial.py for tasks to queue
[2025-03-10T23:36:54.724+0000] {logging_mixin.py:190} INFO - [2025-03-10T23:36:54.723+0000] {dagbag.py:588} INFO - Filling up the DagBag from /home/airflow/.local/lib/python3.12/site-packages/airflow/example_dags/tutorial.py
[2025-03-10T23:36:54.732+0000] {processor.py:925} INFO - DAG(s) 'tutorial' retrieved from /home/airflow/.local/lib/python3.12/site-packages/airflow/example_dags/tutorial.py
[2025-03-10T23:36:54.758+0000] {logging_mixin.py:190} INFO - [2025-03-10T23:36:54.757+0000] {dag.py:3239} INFO - Sync 1 DAGs
[2025-03-10T23:36:54.786+0000] {logging_mixin.py:190} INFO - [2025-03-10T23:36:54.786+0000] {dag.py:4180} INFO - Setting next_dagrun for tutorial to 2025-03-09 00:00:00+00:00, run_after=2025-03-10 00:00:00+00:00
[2025-03-10T23:36:54.807+0000] {processor.py:208} INFO - Processing /home/airflow/.local/lib/python3.12/site-packages/airflow/example_dags/tutorial.py took 0.096 seconds
[2025-03-10T23:37:25.382+0000] {processor.py:186} INFO - Started process (PID=377) to work on /home/airflow/.local/lib/python3.12/site-packages/airflow/example_dags/tutorial.py
[2025-03-10T23:37:25.383+0000] {processor.py:914} INFO - Processing file /home/airflow/.local/lib/python3.12/site-packages/airflow/example_dags/tutorial.py for tasks to queue
[2025-03-10T23:37:25.387+0000] {logging_mixin.py:190} INFO - [2025-03-10T23:37:25.386+0000] {dagbag.py:588} INFO - Filling up the DagBag from /home/airflow/.local/lib/python3.12/site-packages/airflow/example_dags/tutorial.py
[2025-03-10T23:37:25.397+0000] {processor.py:925} INFO - DAG(s) 'tutorial' retrieved from /home/airflow/.local/lib/python3.12/site-packages/airflow/example_dags/tutorial.py
[2025-03-10T23:37:25.431+0000] {logging_mixin.py:190} INFO - [2025-03-10T23:37:25.431+0000] {dag.py:3239} INFO - Sync 1 DAGs
[2025-03-10T23:37:25.479+0000] {logging_mixin.py:190} INFO - [2025-03-10T23:37:25.478+0000] {dag.py:4180} INFO - Setting next_dagrun for tutorial to 2025-03-09 00:00:00+00:00, run_after=2025-03-10 00:00:00+00:00
[2025-03-10T23:37:25.510+0000] {processor.py:208} INFO - Processing /home/airflow/.local/lib/python3.12/site-packages/airflow/example_dags/tutorial.py took 0.137 seconds
