[2025-03-10T20:30:08.330+0000] {processor.py:186} INFO - Started process (PID=103) to work on /home/airflow/.local/lib/python3.12/site-packages/airflow/example_dags/tutorial_dag.py
[2025-03-10T20:30:08.331+0000] {processor.py:914} INFO - Processing file /home/airflow/.local/lib/python3.12/site-packages/airflow/example_dags/tutorial_dag.py for tasks to queue
[2025-03-10T20:30:08.336+0000] {logging_mixin.py:190} INFO - [2025-03-10T20:30:08.336+0000] {dagbag.py:588} INFO - Filling up the DagBag from /home/airflow/.local/lib/python3.12/site-packages/airflow/example_dags/tutorial_dag.py
[2025-03-10T20:30:08.350+0000] {processor.py:925} INFO - DAG(s) 'tutorial_dag' retrieved from /home/airflow/.local/lib/python3.12/site-packages/airflow/example_dags/tutorial_dag.py
[2025-03-10T20:30:08.480+0000] {logging_mixin.py:190} INFO - [2025-03-10T20:30:08.478+0000] {override.py:1912} INFO - Created Permission View: can read on DAG:tutorial_dag
[2025-03-10T20:30:08.526+0000] {logging_mixin.py:190} INFO - [2025-03-10T20:30:08.525+0000] {override.py:1912} INFO - Created Permission View: can edit on DAG:tutorial_dag
[2025-03-10T20:30:08.555+0000] {logging_mixin.py:190} INFO - [2025-03-10T20:30:08.553+0000] {override.py:1912} INFO - Created Permission View: can delete on DAG:tutorial_dag
[2025-03-10T20:30:08.587+0000] {logging_mixin.py:190} INFO - [2025-03-10T20:30:08.586+0000] {override.py:1912} INFO - Created Permission View: menu access on DAG Run:tutorial_dag
[2025-03-10T20:30:08.620+0000] {logging_mixin.py:190} INFO - [2025-03-10T20:30:08.619+0000] {override.py:1912} INFO - Created Permission View: can read on DAG Run:tutorial_dag
[2025-03-10T20:30:08.654+0000] {logging_mixin.py:190} INFO - [2025-03-10T20:30:08.652+0000] {override.py:1912} INFO - Created Permission View: can create on DAG Run:tutorial_dag
[2025-03-10T20:30:08.688+0000] {logging_mixin.py:190} INFO - [2025-03-10T20:30:08.686+0000] {override.py:1912} INFO - Created Permission View: can delete on DAG Run:tutorial_dag
[2025-03-10T20:30:08.691+0000] {logging_mixin.py:190} INFO - [2025-03-10T20:30:08.690+0000] {dag.py:3239} INFO - Sync 1 DAGs
[2025-03-10T20:30:08.794+0000] {logging_mixin.py:190} INFO - [2025-03-10T20:30:08.793+0000] {dag.py:3262} INFO - Creating ORM DAG for tutorial_dag
[2025-03-10T20:30:08.798+0000] {logging_mixin.py:190} INFO - [2025-03-10T20:30:08.797+0000] {dag.py:4180} INFO - Setting next_dagrun for tutorial_dag to None, run_after=None
[2025-03-10T20:30:08.875+0000] {processor.py:208} INFO - Processing /home/airflow/.local/lib/python3.12/site-packages/airflow/example_dags/tutorial_dag.py took 0.557 seconds
[2025-03-10T20:30:39.541+0000] {processor.py:186} INFO - Started process (PID=166) to work on /home/airflow/.local/lib/python3.12/site-packages/airflow/example_dags/tutorial_dag.py
[2025-03-10T20:30:39.542+0000] {processor.py:914} INFO - Processing file /home/airflow/.local/lib/python3.12/site-packages/airflow/example_dags/tutorial_dag.py for tasks to queue
[2025-03-10T20:30:39.544+0000] {logging_mixin.py:190} INFO - [2025-03-10T20:30:39.544+0000] {dagbag.py:588} INFO - Filling up the DagBag from /home/airflow/.local/lib/python3.12/site-packages/airflow/example_dags/tutorial_dag.py
[2025-03-10T20:30:39.552+0000] {processor.py:925} INFO - DAG(s) 'tutorial_dag' retrieved from /home/airflow/.local/lib/python3.12/site-packages/airflow/example_dags/tutorial_dag.py
[2025-03-10T20:30:39.575+0000] {logging_mixin.py:190} INFO - [2025-03-10T20:30:39.575+0000] {dag.py:3239} INFO - Sync 1 DAGs
[2025-03-10T20:30:39.595+0000] {logging_mixin.py:190} INFO - [2025-03-10T20:30:39.594+0000] {dag.py:4180} INFO - Setting next_dagrun for tutorial_dag to None, run_after=None
[2025-03-10T20:30:39.620+0000] {processor.py:208} INFO - Processing /home/airflow/.local/lib/python3.12/site-packages/airflow/example_dags/tutorial_dag.py took 0.086 seconds
[2025-03-10T20:31:10.135+0000] {processor.py:186} INFO - Started process (PID=229) to work on /home/airflow/.local/lib/python3.12/site-packages/airflow/example_dags/tutorial_dag.py
[2025-03-10T20:31:10.138+0000] {processor.py:914} INFO - Processing file /home/airflow/.local/lib/python3.12/site-packages/airflow/example_dags/tutorial_dag.py for tasks to queue
[2025-03-10T20:31:10.152+0000] {logging_mixin.py:190} INFO - [2025-03-10T20:31:10.150+0000] {dagbag.py:588} INFO - Filling up the DagBag from /home/airflow/.local/lib/python3.12/site-packages/airflow/example_dags/tutorial_dag.py
[2025-03-10T20:31:10.189+0000] {processor.py:925} INFO - DAG(s) 'tutorial_dag' retrieved from /home/airflow/.local/lib/python3.12/site-packages/airflow/example_dags/tutorial_dag.py
[2025-03-10T20:31:10.292+0000] {logging_mixin.py:190} INFO - [2025-03-10T20:31:10.291+0000] {dag.py:3239} INFO - Sync 1 DAGs
[2025-03-10T20:31:10.369+0000] {logging_mixin.py:190} INFO - [2025-03-10T20:31:10.368+0000] {dag.py:4180} INFO - Setting next_dagrun for tutorial_dag to None, run_after=None
[2025-03-10T20:31:10.456+0000] {processor.py:208} INFO - Processing /home/airflow/.local/lib/python3.12/site-packages/airflow/example_dags/tutorial_dag.py took 0.348 seconds
[2025-03-10T20:31:40.681+0000] {processor.py:186} INFO - Started process (PID=291) to work on /home/airflow/.local/lib/python3.12/site-packages/airflow/example_dags/tutorial_dag.py
[2025-03-10T20:31:40.682+0000] {processor.py:914} INFO - Processing file /home/airflow/.local/lib/python3.12/site-packages/airflow/example_dags/tutorial_dag.py for tasks to queue
[2025-03-10T20:31:40.685+0000] {logging_mixin.py:190} INFO - [2025-03-10T20:31:40.685+0000] {dagbag.py:588} INFO - Filling up the DagBag from /home/airflow/.local/lib/python3.12/site-packages/airflow/example_dags/tutorial_dag.py
[2025-03-10T20:31:40.694+0000] {processor.py:925} INFO - DAG(s) 'tutorial_dag' retrieved from /home/airflow/.local/lib/python3.12/site-packages/airflow/example_dags/tutorial_dag.py
[2025-03-10T20:31:40.724+0000] {logging_mixin.py:190} INFO - [2025-03-10T20:31:40.723+0000] {dag.py:3239} INFO - Sync 1 DAGs
[2025-03-10T20:31:40.743+0000] {logging_mixin.py:190} INFO - [2025-03-10T20:31:40.743+0000] {dag.py:4180} INFO - Setting next_dagrun for tutorial_dag to None, run_after=None
[2025-03-10T20:31:40.766+0000] {processor.py:208} INFO - Processing /home/airflow/.local/lib/python3.12/site-packages/airflow/example_dags/tutorial_dag.py took 0.094 seconds
[2025-03-10T20:32:11.080+0000] {processor.py:186} INFO - Started process (PID=354) to work on /home/airflow/.local/lib/python3.12/site-packages/airflow/example_dags/tutorial_dag.py
[2025-03-10T20:32:11.080+0000] {processor.py:914} INFO - Processing file /home/airflow/.local/lib/python3.12/site-packages/airflow/example_dags/tutorial_dag.py for tasks to queue
[2025-03-10T20:32:11.083+0000] {logging_mixin.py:190} INFO - [2025-03-10T20:32:11.083+0000] {dagbag.py:588} INFO - Filling up the DagBag from /home/airflow/.local/lib/python3.12/site-packages/airflow/example_dags/tutorial_dag.py
[2025-03-10T20:32:11.091+0000] {processor.py:925} INFO - DAG(s) 'tutorial_dag' retrieved from /home/airflow/.local/lib/python3.12/site-packages/airflow/example_dags/tutorial_dag.py
[2025-03-10T20:32:11.116+0000] {logging_mixin.py:190} INFO - [2025-03-10T20:32:11.116+0000] {dag.py:3239} INFO - Sync 1 DAGs
[2025-03-10T20:32:11.135+0000] {logging_mixin.py:190} INFO - [2025-03-10T20:32:11.134+0000] {dag.py:4180} INFO - Setting next_dagrun for tutorial_dag to None, run_after=None
[2025-03-10T20:32:11.156+0000] {processor.py:208} INFO - Processing /home/airflow/.local/lib/python3.12/site-packages/airflow/example_dags/tutorial_dag.py took 0.085 seconds
[2025-03-10T20:32:42.473+0000] {processor.py:186} INFO - Started process (PID=417) to work on /home/airflow/.local/lib/python3.12/site-packages/airflow/example_dags/tutorial_dag.py
[2025-03-10T20:32:42.474+0000] {processor.py:914} INFO - Processing file /home/airflow/.local/lib/python3.12/site-packages/airflow/example_dags/tutorial_dag.py for tasks to queue
[2025-03-10T20:32:42.477+0000] {logging_mixin.py:190} INFO - [2025-03-10T20:32:42.477+0000] {dagbag.py:588} INFO - Filling up the DagBag from /home/airflow/.local/lib/python3.12/site-packages/airflow/example_dags/tutorial_dag.py
[2025-03-10T20:32:42.485+0000] {processor.py:925} INFO - DAG(s) 'tutorial_dag' retrieved from /home/airflow/.local/lib/python3.12/site-packages/airflow/example_dags/tutorial_dag.py
[2025-03-10T20:32:42.512+0000] {logging_mixin.py:190} INFO - [2025-03-10T20:32:42.511+0000] {dag.py:3239} INFO - Sync 1 DAGs
[2025-03-10T20:32:42.531+0000] {logging_mixin.py:190} INFO - [2025-03-10T20:32:42.531+0000] {dag.py:4180} INFO - Setting next_dagrun for tutorial_dag to None, run_after=None
[2025-03-10T20:32:42.553+0000] {processor.py:208} INFO - Processing /home/airflow/.local/lib/python3.12/site-packages/airflow/example_dags/tutorial_dag.py took 0.088 seconds
[2025-03-10T20:33:13.777+0000] {processor.py:186} INFO - Started process (PID=480) to work on /home/airflow/.local/lib/python3.12/site-packages/airflow/example_dags/tutorial_dag.py
[2025-03-10T20:33:13.778+0000] {processor.py:914} INFO - Processing file /home/airflow/.local/lib/python3.12/site-packages/airflow/example_dags/tutorial_dag.py for tasks to queue
[2025-03-10T20:33:13.781+0000] {logging_mixin.py:190} INFO - [2025-03-10T20:33:13.781+0000] {dagbag.py:588} INFO - Filling up the DagBag from /home/airflow/.local/lib/python3.12/site-packages/airflow/example_dags/tutorial_dag.py
[2025-03-10T20:33:13.790+0000] {processor.py:925} INFO - DAG(s) 'tutorial_dag' retrieved from /home/airflow/.local/lib/python3.12/site-packages/airflow/example_dags/tutorial_dag.py
[2025-03-10T20:33:13.816+0000] {logging_mixin.py:190} INFO - [2025-03-10T20:33:13.815+0000] {dag.py:3239} INFO - Sync 1 DAGs
[2025-03-10T20:33:13.836+0000] {logging_mixin.py:190} INFO - [2025-03-10T20:33:13.835+0000] {dag.py:4180} INFO - Setting next_dagrun for tutorial_dag to None, run_after=None
[2025-03-10T20:33:13.856+0000] {processor.py:208} INFO - Processing /home/airflow/.local/lib/python3.12/site-packages/airflow/example_dags/tutorial_dag.py took 0.088 seconds
[2025-03-10T20:33:44.436+0000] {processor.py:186} INFO - Started process (PID=543) to work on /home/airflow/.local/lib/python3.12/site-packages/airflow/example_dags/tutorial_dag.py
[2025-03-10T20:33:44.437+0000] {processor.py:914} INFO - Processing file /home/airflow/.local/lib/python3.12/site-packages/airflow/example_dags/tutorial_dag.py for tasks to queue
[2025-03-10T20:33:44.441+0000] {logging_mixin.py:190} INFO - [2025-03-10T20:33:44.440+0000] {dagbag.py:588} INFO - Filling up the DagBag from /home/airflow/.local/lib/python3.12/site-packages/airflow/example_dags/tutorial_dag.py
[2025-03-10T20:33:44.449+0000] {processor.py:925} INFO - DAG(s) 'tutorial_dag' retrieved from /home/airflow/.local/lib/python3.12/site-packages/airflow/example_dags/tutorial_dag.py
[2025-03-10T20:33:44.476+0000] {logging_mixin.py:190} INFO - [2025-03-10T20:33:44.476+0000] {dag.py:3239} INFO - Sync 1 DAGs
[2025-03-10T20:33:44.495+0000] {logging_mixin.py:190} INFO - [2025-03-10T20:33:44.495+0000] {dag.py:4180} INFO - Setting next_dagrun for tutorial_dag to None, run_after=None
[2025-03-10T20:33:44.516+0000] {processor.py:208} INFO - Processing /home/airflow/.local/lib/python3.12/site-packages/airflow/example_dags/tutorial_dag.py took 0.088 seconds
[2025-03-10T20:34:15.771+0000] {processor.py:186} INFO - Started process (PID=606) to work on /home/airflow/.local/lib/python3.12/site-packages/airflow/example_dags/tutorial_dag.py
[2025-03-10T20:34:15.772+0000] {processor.py:914} INFO - Processing file /home/airflow/.local/lib/python3.12/site-packages/airflow/example_dags/tutorial_dag.py for tasks to queue
[2025-03-10T20:34:15.775+0000] {logging_mixin.py:190} INFO - [2025-03-10T20:34:15.775+0000] {dagbag.py:588} INFO - Filling up the DagBag from /home/airflow/.local/lib/python3.12/site-packages/airflow/example_dags/tutorial_dag.py
[2025-03-10T20:34:15.783+0000] {processor.py:925} INFO - DAG(s) 'tutorial_dag' retrieved from /home/airflow/.local/lib/python3.12/site-packages/airflow/example_dags/tutorial_dag.py
[2025-03-10T20:34:15.807+0000] {logging_mixin.py:190} INFO - [2025-03-10T20:34:15.807+0000] {dag.py:3239} INFO - Sync 1 DAGs
[2025-03-10T20:34:15.826+0000] {logging_mixin.py:190} INFO - [2025-03-10T20:34:15.826+0000] {dag.py:4180} INFO - Setting next_dagrun for tutorial_dag to None, run_after=None
[2025-03-10T20:34:15.849+0000] {processor.py:208} INFO - Processing /home/airflow/.local/lib/python3.12/site-packages/airflow/example_dags/tutorial_dag.py took 0.085 seconds
[2025-03-10T20:34:47.133+0000] {processor.py:186} INFO - Started process (PID=669) to work on /home/airflow/.local/lib/python3.12/site-packages/airflow/example_dags/tutorial_dag.py
[2025-03-10T20:34:47.134+0000] {processor.py:914} INFO - Processing file /home/airflow/.local/lib/python3.12/site-packages/airflow/example_dags/tutorial_dag.py for tasks to queue
[2025-03-10T20:34:47.137+0000] {logging_mixin.py:190} INFO - [2025-03-10T20:34:47.137+0000] {dagbag.py:588} INFO - Filling up the DagBag from /home/airflow/.local/lib/python3.12/site-packages/airflow/example_dags/tutorial_dag.py
[2025-03-10T20:34:47.144+0000] {processor.py:925} INFO - DAG(s) 'tutorial_dag' retrieved from /home/airflow/.local/lib/python3.12/site-packages/airflow/example_dags/tutorial_dag.py
[2025-03-10T20:34:47.167+0000] {logging_mixin.py:190} INFO - [2025-03-10T20:34:47.167+0000] {dag.py:3239} INFO - Sync 1 DAGs
[2025-03-10T20:34:47.185+0000] {logging_mixin.py:190} INFO - [2025-03-10T20:34:47.184+0000] {dag.py:4180} INFO - Setting next_dagrun for tutorial_dag to None, run_after=None
[2025-03-10T20:34:47.204+0000] {processor.py:208} INFO - Processing /home/airflow/.local/lib/python3.12/site-packages/airflow/example_dags/tutorial_dag.py took 0.079 seconds
[2025-03-10T20:35:18.508+0000] {processor.py:186} INFO - Started process (PID=732) to work on /home/airflow/.local/lib/python3.12/site-packages/airflow/example_dags/tutorial_dag.py
[2025-03-10T20:35:18.509+0000] {processor.py:914} INFO - Processing file /home/airflow/.local/lib/python3.12/site-packages/airflow/example_dags/tutorial_dag.py for tasks to queue
[2025-03-10T20:35:18.513+0000] {logging_mixin.py:190} INFO - [2025-03-10T20:35:18.512+0000] {dagbag.py:588} INFO - Filling up the DagBag from /home/airflow/.local/lib/python3.12/site-packages/airflow/example_dags/tutorial_dag.py
[2025-03-10T20:35:18.521+0000] {processor.py:925} INFO - DAG(s) 'tutorial_dag' retrieved from /home/airflow/.local/lib/python3.12/site-packages/airflow/example_dags/tutorial_dag.py
[2025-03-10T20:35:18.546+0000] {logging_mixin.py:190} INFO - [2025-03-10T20:35:18.545+0000] {dag.py:3239} INFO - Sync 1 DAGs
[2025-03-10T20:35:18.563+0000] {logging_mixin.py:190} INFO - [2025-03-10T20:35:18.563+0000] {dag.py:4180} INFO - Setting next_dagrun for tutorial_dag to None, run_after=None
[2025-03-10T20:35:18.584+0000] {processor.py:208} INFO - Processing /home/airflow/.local/lib/python3.12/site-packages/airflow/example_dags/tutorial_dag.py took 0.084 seconds
[2025-03-10T20:35:49.600+0000] {processor.py:186} INFO - Started process (PID=795) to work on /home/airflow/.local/lib/python3.12/site-packages/airflow/example_dags/tutorial_dag.py
[2025-03-10T20:35:49.601+0000] {processor.py:914} INFO - Processing file /home/airflow/.local/lib/python3.12/site-packages/airflow/example_dags/tutorial_dag.py for tasks to queue
[2025-03-10T20:35:49.604+0000] {logging_mixin.py:190} INFO - [2025-03-10T20:35:49.603+0000] {dagbag.py:588} INFO - Filling up the DagBag from /home/airflow/.local/lib/python3.12/site-packages/airflow/example_dags/tutorial_dag.py
[2025-03-10T20:35:49.611+0000] {processor.py:925} INFO - DAG(s) 'tutorial_dag' retrieved from /home/airflow/.local/lib/python3.12/site-packages/airflow/example_dags/tutorial_dag.py
[2025-03-10T20:35:49.634+0000] {logging_mixin.py:190} INFO - [2025-03-10T20:35:49.634+0000] {dag.py:3239} INFO - Sync 1 DAGs
[2025-03-10T20:35:49.653+0000] {logging_mixin.py:190} INFO - [2025-03-10T20:35:49.653+0000] {dag.py:4180} INFO - Setting next_dagrun for tutorial_dag to None, run_after=None
[2025-03-10T20:35:49.676+0000] {processor.py:208} INFO - Processing /home/airflow/.local/lib/python3.12/site-packages/airflow/example_dags/tutorial_dag.py took 0.083 seconds
[2025-03-10T20:36:20.922+0000] {processor.py:186} INFO - Started process (PID=858) to work on /home/airflow/.local/lib/python3.12/site-packages/airflow/example_dags/tutorial_dag.py
[2025-03-10T20:36:20.923+0000] {processor.py:914} INFO - Processing file /home/airflow/.local/lib/python3.12/site-packages/airflow/example_dags/tutorial_dag.py for tasks to queue
[2025-03-10T20:36:20.926+0000] {logging_mixin.py:190} INFO - [2025-03-10T20:36:20.925+0000] {dagbag.py:588} INFO - Filling up the DagBag from /home/airflow/.local/lib/python3.12/site-packages/airflow/example_dags/tutorial_dag.py
[2025-03-10T20:36:20.933+0000] {processor.py:925} INFO - DAG(s) 'tutorial_dag' retrieved from /home/airflow/.local/lib/python3.12/site-packages/airflow/example_dags/tutorial_dag.py
[2025-03-10T20:36:20.958+0000] {logging_mixin.py:190} INFO - [2025-03-10T20:36:20.957+0000] {dag.py:3239} INFO - Sync 1 DAGs
[2025-03-10T20:36:20.976+0000] {logging_mixin.py:190} INFO - [2025-03-10T20:36:20.975+0000] {dag.py:4180} INFO - Setting next_dagrun for tutorial_dag to None, run_after=None
[2025-03-10T20:36:20.997+0000] {processor.py:208} INFO - Processing /home/airflow/.local/lib/python3.12/site-packages/airflow/example_dags/tutorial_dag.py took 0.083 seconds
[2025-03-10T20:36:51.572+0000] {processor.py:186} INFO - Started process (PID=921) to work on /home/airflow/.local/lib/python3.12/site-packages/airflow/example_dags/tutorial_dag.py
[2025-03-10T20:36:51.573+0000] {processor.py:914} INFO - Processing file /home/airflow/.local/lib/python3.12/site-packages/airflow/example_dags/tutorial_dag.py for tasks to queue
[2025-03-10T20:36:51.576+0000] {logging_mixin.py:190} INFO - [2025-03-10T20:36:51.576+0000] {dagbag.py:588} INFO - Filling up the DagBag from /home/airflow/.local/lib/python3.12/site-packages/airflow/example_dags/tutorial_dag.py
[2025-03-10T20:36:51.584+0000] {processor.py:925} INFO - DAG(s) 'tutorial_dag' retrieved from /home/airflow/.local/lib/python3.12/site-packages/airflow/example_dags/tutorial_dag.py
[2025-03-10T20:36:51.609+0000] {logging_mixin.py:190} INFO - [2025-03-10T20:36:51.609+0000] {dag.py:3239} INFO - Sync 1 DAGs
[2025-03-10T20:36:51.628+0000] {logging_mixin.py:190} INFO - [2025-03-10T20:36:51.628+0000] {dag.py:4180} INFO - Setting next_dagrun for tutorial_dag to None, run_after=None
[2025-03-10T20:36:51.648+0000] {processor.py:208} INFO - Processing /home/airflow/.local/lib/python3.12/site-packages/airflow/example_dags/tutorial_dag.py took 0.085 seconds
[2025-03-10T20:37:22.923+0000] {processor.py:186} INFO - Started process (PID=985) to work on /home/airflow/.local/lib/python3.12/site-packages/airflow/example_dags/tutorial_dag.py
[2025-03-10T20:37:22.924+0000] {processor.py:914} INFO - Processing file /home/airflow/.local/lib/python3.12/site-packages/airflow/example_dags/tutorial_dag.py for tasks to queue
[2025-03-10T20:37:22.927+0000] {logging_mixin.py:190} INFO - [2025-03-10T20:37:22.927+0000] {dagbag.py:588} INFO - Filling up the DagBag from /home/airflow/.local/lib/python3.12/site-packages/airflow/example_dags/tutorial_dag.py
[2025-03-10T20:37:22.935+0000] {processor.py:925} INFO - DAG(s) 'tutorial_dag' retrieved from /home/airflow/.local/lib/python3.12/site-packages/airflow/example_dags/tutorial_dag.py
[2025-03-10T20:37:22.962+0000] {logging_mixin.py:190} INFO - [2025-03-10T20:37:22.961+0000] {dag.py:3239} INFO - Sync 1 DAGs
[2025-03-10T20:37:22.980+0000] {logging_mixin.py:190} INFO - [2025-03-10T20:37:22.980+0000] {dag.py:4180} INFO - Setting next_dagrun for tutorial_dag to None, run_after=None
[2025-03-10T20:37:23.000+0000] {processor.py:208} INFO - Processing /home/airflow/.local/lib/python3.12/site-packages/airflow/example_dags/tutorial_dag.py took 0.086 seconds
[2025-03-10T20:37:54.315+0000] {processor.py:186} INFO - Started process (PID=1048) to work on /home/airflow/.local/lib/python3.12/site-packages/airflow/example_dags/tutorial_dag.py
[2025-03-10T20:37:54.317+0000] {processor.py:914} INFO - Processing file /home/airflow/.local/lib/python3.12/site-packages/airflow/example_dags/tutorial_dag.py for tasks to queue
[2025-03-10T20:37:54.319+0000] {logging_mixin.py:190} INFO - [2025-03-10T20:37:54.319+0000] {dagbag.py:588} INFO - Filling up the DagBag from /home/airflow/.local/lib/python3.12/site-packages/airflow/example_dags/tutorial_dag.py
[2025-03-10T20:37:54.328+0000] {processor.py:925} INFO - DAG(s) 'tutorial_dag' retrieved from /home/airflow/.local/lib/python3.12/site-packages/airflow/example_dags/tutorial_dag.py
[2025-03-10T20:37:54.354+0000] {logging_mixin.py:190} INFO - [2025-03-10T20:37:54.354+0000] {dag.py:3239} INFO - Sync 1 DAGs
[2025-03-10T20:37:54.374+0000] {logging_mixin.py:190} INFO - [2025-03-10T20:37:54.373+0000] {dag.py:4180} INFO - Setting next_dagrun for tutorial_dag to None, run_after=None
[2025-03-10T20:37:54.398+0000] {processor.py:208} INFO - Processing /home/airflow/.local/lib/python3.12/site-packages/airflow/example_dags/tutorial_dag.py took 0.089 seconds
[2025-03-10T20:38:25.603+0000] {processor.py:186} INFO - Started process (PID=1111) to work on /home/airflow/.local/lib/python3.12/site-packages/airflow/example_dags/tutorial_dag.py
[2025-03-10T20:38:25.604+0000] {processor.py:914} INFO - Processing file /home/airflow/.local/lib/python3.12/site-packages/airflow/example_dags/tutorial_dag.py for tasks to queue
[2025-03-10T20:38:25.607+0000] {logging_mixin.py:190} INFO - [2025-03-10T20:38:25.607+0000] {dagbag.py:588} INFO - Filling up the DagBag from /home/airflow/.local/lib/python3.12/site-packages/airflow/example_dags/tutorial_dag.py
[2025-03-10T20:38:25.615+0000] {processor.py:925} INFO - DAG(s) 'tutorial_dag' retrieved from /home/airflow/.local/lib/python3.12/site-packages/airflow/example_dags/tutorial_dag.py
[2025-03-10T20:38:25.647+0000] {logging_mixin.py:190} INFO - [2025-03-10T20:38:25.647+0000] {dag.py:3239} INFO - Sync 1 DAGs
[2025-03-10T20:38:25.675+0000] {logging_mixin.py:190} INFO - [2025-03-10T20:38:25.675+0000] {dag.py:4180} INFO - Setting next_dagrun for tutorial_dag to None, run_after=None
[2025-03-10T20:38:25.703+0000] {processor.py:208} INFO - Processing /home/airflow/.local/lib/python3.12/site-packages/airflow/example_dags/tutorial_dag.py took 0.106 seconds
[2025-03-10T20:38:56.279+0000] {processor.py:186} INFO - Started process (PID=1174) to work on /home/airflow/.local/lib/python3.12/site-packages/airflow/example_dags/tutorial_dag.py
[2025-03-10T20:38:56.279+0000] {processor.py:914} INFO - Processing file /home/airflow/.local/lib/python3.12/site-packages/airflow/example_dags/tutorial_dag.py for tasks to queue
[2025-03-10T20:38:56.282+0000] {logging_mixin.py:190} INFO - [2025-03-10T20:38:56.282+0000] {dagbag.py:588} INFO - Filling up the DagBag from /home/airflow/.local/lib/python3.12/site-packages/airflow/example_dags/tutorial_dag.py
[2025-03-10T20:38:56.290+0000] {processor.py:925} INFO - DAG(s) 'tutorial_dag' retrieved from /home/airflow/.local/lib/python3.12/site-packages/airflow/example_dags/tutorial_dag.py
[2025-03-10T20:38:56.315+0000] {logging_mixin.py:190} INFO - [2025-03-10T20:38:56.315+0000] {dag.py:3239} INFO - Sync 1 DAGs
[2025-03-10T20:38:56.333+0000] {logging_mixin.py:190} INFO - [2025-03-10T20:38:56.333+0000] {dag.py:4180} INFO - Setting next_dagrun for tutorial_dag to None, run_after=None
[2025-03-10T20:38:56.355+0000] {processor.py:208} INFO - Processing /home/airflow/.local/lib/python3.12/site-packages/airflow/example_dags/tutorial_dag.py took 0.083 seconds
[2025-03-10T20:39:27.337+0000] {processor.py:186} INFO - Started process (PID=1237) to work on /home/airflow/.local/lib/python3.12/site-packages/airflow/example_dags/tutorial_dag.py
[2025-03-10T20:39:27.339+0000] {processor.py:914} INFO - Processing file /home/airflow/.local/lib/python3.12/site-packages/airflow/example_dags/tutorial_dag.py for tasks to queue
[2025-03-10T20:39:27.342+0000] {logging_mixin.py:190} INFO - [2025-03-10T20:39:27.341+0000] {dagbag.py:588} INFO - Filling up the DagBag from /home/airflow/.local/lib/python3.12/site-packages/airflow/example_dags/tutorial_dag.py
[2025-03-10T20:39:27.350+0000] {processor.py:925} INFO - DAG(s) 'tutorial_dag' retrieved from /home/airflow/.local/lib/python3.12/site-packages/airflow/example_dags/tutorial_dag.py
[2025-03-10T20:39:27.376+0000] {logging_mixin.py:190} INFO - [2025-03-10T20:39:27.375+0000] {dag.py:3239} INFO - Sync 1 DAGs
[2025-03-10T20:39:27.394+0000] {logging_mixin.py:190} INFO - [2025-03-10T20:39:27.394+0000] {dag.py:4180} INFO - Setting next_dagrun for tutorial_dag to None, run_after=None
[2025-03-10T20:39:27.414+0000] {processor.py:208} INFO - Processing /home/airflow/.local/lib/python3.12/site-packages/airflow/example_dags/tutorial_dag.py took 0.086 seconds
[2025-03-10T20:39:57.993+0000] {processor.py:186} INFO - Started process (PID=1300) to work on /home/airflow/.local/lib/python3.12/site-packages/airflow/example_dags/tutorial_dag.py
[2025-03-10T20:39:57.995+0000] {processor.py:914} INFO - Processing file /home/airflow/.local/lib/python3.12/site-packages/airflow/example_dags/tutorial_dag.py for tasks to queue
[2025-03-10T20:39:57.998+0000] {logging_mixin.py:190} INFO - [2025-03-10T20:39:57.997+0000] {dagbag.py:588} INFO - Filling up the DagBag from /home/airflow/.local/lib/python3.12/site-packages/airflow/example_dags/tutorial_dag.py
[2025-03-10T20:39:58.006+0000] {processor.py:925} INFO - DAG(s) 'tutorial_dag' retrieved from /home/airflow/.local/lib/python3.12/site-packages/airflow/example_dags/tutorial_dag.py
[2025-03-10T20:39:58.031+0000] {logging_mixin.py:190} INFO - [2025-03-10T20:39:58.030+0000] {dag.py:3239} INFO - Sync 1 DAGs
[2025-03-10T20:39:58.050+0000] {logging_mixin.py:190} INFO - [2025-03-10T20:39:58.050+0000] {dag.py:4180} INFO - Setting next_dagrun for tutorial_dag to None, run_after=None
[2025-03-10T20:39:58.071+0000] {processor.py:208} INFO - Processing /home/airflow/.local/lib/python3.12/site-packages/airflow/example_dags/tutorial_dag.py took 0.086 seconds
[2025-03-10T20:40:29.046+0000] {processor.py:186} INFO - Started process (PID=1363) to work on /home/airflow/.local/lib/python3.12/site-packages/airflow/example_dags/tutorial_dag.py
[2025-03-10T20:40:29.047+0000] {processor.py:914} INFO - Processing file /home/airflow/.local/lib/python3.12/site-packages/airflow/example_dags/tutorial_dag.py for tasks to queue
[2025-03-10T20:40:29.050+0000] {logging_mixin.py:190} INFO - [2025-03-10T20:40:29.050+0000] {dagbag.py:588} INFO - Filling up the DagBag from /home/airflow/.local/lib/python3.12/site-packages/airflow/example_dags/tutorial_dag.py
[2025-03-10T20:40:29.058+0000] {processor.py:925} INFO - DAG(s) 'tutorial_dag' retrieved from /home/airflow/.local/lib/python3.12/site-packages/airflow/example_dags/tutorial_dag.py
[2025-03-10T20:40:29.085+0000] {logging_mixin.py:190} INFO - [2025-03-10T20:40:29.084+0000] {dag.py:3239} INFO - Sync 1 DAGs
[2025-03-10T20:40:29.102+0000] {logging_mixin.py:190} INFO - [2025-03-10T20:40:29.102+0000] {dag.py:4180} INFO - Setting next_dagrun for tutorial_dag to None, run_after=None
[2025-03-10T20:40:29.122+0000] {processor.py:208} INFO - Processing /home/airflow/.local/lib/python3.12/site-packages/airflow/example_dags/tutorial_dag.py took 0.084 seconds
[2025-03-10T20:41:00.420+0000] {processor.py:186} INFO - Started process (PID=1426) to work on /home/airflow/.local/lib/python3.12/site-packages/airflow/example_dags/tutorial_dag.py
[2025-03-10T20:41:00.421+0000] {processor.py:914} INFO - Processing file /home/airflow/.local/lib/python3.12/site-packages/airflow/example_dags/tutorial_dag.py for tasks to queue
[2025-03-10T20:41:00.424+0000] {logging_mixin.py:190} INFO - [2025-03-10T20:41:00.424+0000] {dagbag.py:588} INFO - Filling up the DagBag from /home/airflow/.local/lib/python3.12/site-packages/airflow/example_dags/tutorial_dag.py
[2025-03-10T20:41:00.433+0000] {processor.py:925} INFO - DAG(s) 'tutorial_dag' retrieved from /home/airflow/.local/lib/python3.12/site-packages/airflow/example_dags/tutorial_dag.py
[2025-03-10T20:41:00.459+0000] {logging_mixin.py:190} INFO - [2025-03-10T20:41:00.458+0000] {dag.py:3239} INFO - Sync 1 DAGs
[2025-03-10T20:41:00.477+0000] {logging_mixin.py:190} INFO - [2025-03-10T20:41:00.476+0000] {dag.py:4180} INFO - Setting next_dagrun for tutorial_dag to None, run_after=None
[2025-03-10T20:41:00.497+0000] {processor.py:208} INFO - Processing /home/airflow/.local/lib/python3.12/site-packages/airflow/example_dags/tutorial_dag.py took 0.086 seconds
[2025-03-10T20:41:31.033+0000] {processor.py:186} INFO - Started process (PID=1489) to work on /home/airflow/.local/lib/python3.12/site-packages/airflow/example_dags/tutorial_dag.py
[2025-03-10T20:41:31.034+0000] {processor.py:914} INFO - Processing file /home/airflow/.local/lib/python3.12/site-packages/airflow/example_dags/tutorial_dag.py for tasks to queue
[2025-03-10T20:41:31.038+0000] {logging_mixin.py:190} INFO - [2025-03-10T20:41:31.038+0000] {dagbag.py:588} INFO - Filling up the DagBag from /home/airflow/.local/lib/python3.12/site-packages/airflow/example_dags/tutorial_dag.py
[2025-03-10T20:41:31.045+0000] {processor.py:925} INFO - DAG(s) 'tutorial_dag' retrieved from /home/airflow/.local/lib/python3.12/site-packages/airflow/example_dags/tutorial_dag.py
[2025-03-10T20:41:31.075+0000] {logging_mixin.py:190} INFO - [2025-03-10T20:41:31.074+0000] {dag.py:3239} INFO - Sync 1 DAGs
[2025-03-10T20:41:31.096+0000] {logging_mixin.py:190} INFO - [2025-03-10T20:41:31.096+0000] {dag.py:4180} INFO - Setting next_dagrun for tutorial_dag to None, run_after=None
[2025-03-10T20:41:31.118+0000] {processor.py:208} INFO - Processing /home/airflow/.local/lib/python3.12/site-packages/airflow/example_dags/tutorial_dag.py took 0.091 seconds
[2025-03-10T20:42:01.823+0000] {processor.py:186} INFO - Started process (PID=1552) to work on /home/airflow/.local/lib/python3.12/site-packages/airflow/example_dags/tutorial_dag.py
[2025-03-10T20:42:01.825+0000] {processor.py:914} INFO - Processing file /home/airflow/.local/lib/python3.12/site-packages/airflow/example_dags/tutorial_dag.py for tasks to queue
[2025-03-10T20:42:01.827+0000] {logging_mixin.py:190} INFO - [2025-03-10T20:42:01.827+0000] {dagbag.py:588} INFO - Filling up the DagBag from /home/airflow/.local/lib/python3.12/site-packages/airflow/example_dags/tutorial_dag.py
[2025-03-10T20:42:01.835+0000] {processor.py:925} INFO - DAG(s) 'tutorial_dag' retrieved from /home/airflow/.local/lib/python3.12/site-packages/airflow/example_dags/tutorial_dag.py
[2025-03-10T20:42:01.862+0000] {logging_mixin.py:190} INFO - [2025-03-10T20:42:01.862+0000] {dag.py:3239} INFO - Sync 1 DAGs
[2025-03-10T20:42:01.880+0000] {logging_mixin.py:190} INFO - [2025-03-10T20:42:01.880+0000] {dag.py:4180} INFO - Setting next_dagrun for tutorial_dag to None, run_after=None
[2025-03-10T20:42:01.903+0000] {processor.py:208} INFO - Processing /home/airflow/.local/lib/python3.12/site-packages/airflow/example_dags/tutorial_dag.py took 0.086 seconds
[2025-03-10T20:42:32.982+0000] {processor.py:186} INFO - Started process (PID=1615) to work on /home/airflow/.local/lib/python3.12/site-packages/airflow/example_dags/tutorial_dag.py
[2025-03-10T20:42:32.983+0000] {processor.py:914} INFO - Processing file /home/airflow/.local/lib/python3.12/site-packages/airflow/example_dags/tutorial_dag.py for tasks to queue
[2025-03-10T20:42:32.986+0000] {logging_mixin.py:190} INFO - [2025-03-10T20:42:32.985+0000] {dagbag.py:588} INFO - Filling up the DagBag from /home/airflow/.local/lib/python3.12/site-packages/airflow/example_dags/tutorial_dag.py
[2025-03-10T20:42:32.993+0000] {processor.py:925} INFO - DAG(s) 'tutorial_dag' retrieved from /home/airflow/.local/lib/python3.12/site-packages/airflow/example_dags/tutorial_dag.py
[2025-03-10T20:42:33.017+0000] {logging_mixin.py:190} INFO - [2025-03-10T20:42:33.017+0000] {dag.py:3239} INFO - Sync 1 DAGs
[2025-03-10T20:42:33.034+0000] {logging_mixin.py:190} INFO - [2025-03-10T20:42:33.034+0000] {dag.py:4180} INFO - Setting next_dagrun for tutorial_dag to None, run_after=None
[2025-03-10T20:42:33.054+0000] {processor.py:208} INFO - Processing /home/airflow/.local/lib/python3.12/site-packages/airflow/example_dags/tutorial_dag.py took 0.079 seconds
[2025-03-10T20:43:04.097+0000] {processor.py:186} INFO - Started process (PID=1678) to work on /home/airflow/.local/lib/python3.12/site-packages/airflow/example_dags/tutorial_dag.py
[2025-03-10T20:43:04.098+0000] {processor.py:914} INFO - Processing file /home/airflow/.local/lib/python3.12/site-packages/airflow/example_dags/tutorial_dag.py for tasks to queue
[2025-03-10T20:43:04.101+0000] {logging_mixin.py:190} INFO - [2025-03-10T20:43:04.100+0000] {dagbag.py:588} INFO - Filling up the DagBag from /home/airflow/.local/lib/python3.12/site-packages/airflow/example_dags/tutorial_dag.py
[2025-03-10T20:43:04.108+0000] {processor.py:925} INFO - DAG(s) 'tutorial_dag' retrieved from /home/airflow/.local/lib/python3.12/site-packages/airflow/example_dags/tutorial_dag.py
[2025-03-10T20:43:04.134+0000] {logging_mixin.py:190} INFO - [2025-03-10T20:43:04.133+0000] {dag.py:3239} INFO - Sync 1 DAGs
[2025-03-10T20:43:04.151+0000] {logging_mixin.py:190} INFO - [2025-03-10T20:43:04.151+0000] {dag.py:4180} INFO - Setting next_dagrun for tutorial_dag to None, run_after=None
[2025-03-10T20:43:04.171+0000] {processor.py:208} INFO - Processing /home/airflow/.local/lib/python3.12/site-packages/airflow/example_dags/tutorial_dag.py took 0.081 seconds
[2025-03-10T20:43:34.893+0000] {processor.py:186} INFO - Started process (PID=1741) to work on /home/airflow/.local/lib/python3.12/site-packages/airflow/example_dags/tutorial_dag.py
[2025-03-10T20:43:34.894+0000] {processor.py:914} INFO - Processing file /home/airflow/.local/lib/python3.12/site-packages/airflow/example_dags/tutorial_dag.py for tasks to queue
[2025-03-10T20:43:34.897+0000] {logging_mixin.py:190} INFO - [2025-03-10T20:43:34.897+0000] {dagbag.py:588} INFO - Filling up the DagBag from /home/airflow/.local/lib/python3.12/site-packages/airflow/example_dags/tutorial_dag.py
[2025-03-10T20:43:34.906+0000] {processor.py:925} INFO - DAG(s) 'tutorial_dag' retrieved from /home/airflow/.local/lib/python3.12/site-packages/airflow/example_dags/tutorial_dag.py
[2025-03-10T20:43:34.931+0000] {logging_mixin.py:190} INFO - [2025-03-10T20:43:34.931+0000] {dag.py:3239} INFO - Sync 1 DAGs
[2025-03-10T20:43:34.949+0000] {logging_mixin.py:190} INFO - [2025-03-10T20:43:34.949+0000] {dag.py:4180} INFO - Setting next_dagrun for tutorial_dag to None, run_after=None
[2025-03-10T20:43:34.969+0000] {processor.py:208} INFO - Processing /home/airflow/.local/lib/python3.12/site-packages/airflow/example_dags/tutorial_dag.py took 0.084 seconds
[2025-03-10T20:44:05.604+0000] {processor.py:186} INFO - Started process (PID=1804) to work on /home/airflow/.local/lib/python3.12/site-packages/airflow/example_dags/tutorial_dag.py
[2025-03-10T20:44:05.605+0000] {processor.py:914} INFO - Processing file /home/airflow/.local/lib/python3.12/site-packages/airflow/example_dags/tutorial_dag.py for tasks to queue
[2025-03-10T20:44:05.608+0000] {logging_mixin.py:190} INFO - [2025-03-10T20:44:05.608+0000] {dagbag.py:588} INFO - Filling up the DagBag from /home/airflow/.local/lib/python3.12/site-packages/airflow/example_dags/tutorial_dag.py
[2025-03-10T20:44:05.617+0000] {processor.py:925} INFO - DAG(s) 'tutorial_dag' retrieved from /home/airflow/.local/lib/python3.12/site-packages/airflow/example_dags/tutorial_dag.py
[2025-03-10T20:44:05.643+0000] {logging_mixin.py:190} INFO - [2025-03-10T20:44:05.642+0000] {dag.py:3239} INFO - Sync 1 DAGs
[2025-03-10T20:44:05.661+0000] {logging_mixin.py:190} INFO - [2025-03-10T20:44:05.661+0000] {dag.py:4180} INFO - Setting next_dagrun for tutorial_dag to None, run_after=None
[2025-03-10T20:44:05.686+0000] {processor.py:208} INFO - Processing /home/airflow/.local/lib/python3.12/site-packages/airflow/example_dags/tutorial_dag.py took 0.090 seconds
[2025-03-10T20:44:36.298+0000] {processor.py:186} INFO - Started process (PID=1867) to work on /home/airflow/.local/lib/python3.12/site-packages/airflow/example_dags/tutorial_dag.py
[2025-03-10T20:44:36.299+0000] {processor.py:914} INFO - Processing file /home/airflow/.local/lib/python3.12/site-packages/airflow/example_dags/tutorial_dag.py for tasks to queue
[2025-03-10T20:44:36.302+0000] {logging_mixin.py:190} INFO - [2025-03-10T20:44:36.302+0000] {dagbag.py:588} INFO - Filling up the DagBag from /home/airflow/.local/lib/python3.12/site-packages/airflow/example_dags/tutorial_dag.py
[2025-03-10T20:44:36.310+0000] {processor.py:925} INFO - DAG(s) 'tutorial_dag' retrieved from /home/airflow/.local/lib/python3.12/site-packages/airflow/example_dags/tutorial_dag.py
[2025-03-10T20:44:36.334+0000] {logging_mixin.py:190} INFO - [2025-03-10T20:44:36.334+0000] {dag.py:3239} INFO - Sync 1 DAGs
[2025-03-10T20:44:36.352+0000] {logging_mixin.py:190} INFO - [2025-03-10T20:44:36.352+0000] {dag.py:4180} INFO - Setting next_dagrun for tutorial_dag to None, run_after=None
[2025-03-10T20:44:36.372+0000] {processor.py:208} INFO - Processing /home/airflow/.local/lib/python3.12/site-packages/airflow/example_dags/tutorial_dag.py took 0.081 seconds
[2025-03-10T20:45:07.187+0000] {processor.py:186} INFO - Started process (PID=1930) to work on /home/airflow/.local/lib/python3.12/site-packages/airflow/example_dags/tutorial_dag.py
[2025-03-10T20:45:07.188+0000] {processor.py:914} INFO - Processing file /home/airflow/.local/lib/python3.12/site-packages/airflow/example_dags/tutorial_dag.py for tasks to queue
[2025-03-10T20:45:07.192+0000] {logging_mixin.py:190} INFO - [2025-03-10T20:45:07.192+0000] {dagbag.py:588} INFO - Filling up the DagBag from /home/airflow/.local/lib/python3.12/site-packages/airflow/example_dags/tutorial_dag.py
[2025-03-10T20:45:07.201+0000] {processor.py:925} INFO - DAG(s) 'tutorial_dag' retrieved from /home/airflow/.local/lib/python3.12/site-packages/airflow/example_dags/tutorial_dag.py
[2025-03-10T20:45:07.233+0000] {logging_mixin.py:190} INFO - [2025-03-10T20:45:07.233+0000] {dag.py:3239} INFO - Sync 1 DAGs
[2025-03-10T20:45:07.258+0000] {logging_mixin.py:190} INFO - [2025-03-10T20:45:07.258+0000] {dag.py:4180} INFO - Setting next_dagrun for tutorial_dag to None, run_after=None
[2025-03-10T20:45:07.279+0000] {processor.py:208} INFO - Processing /home/airflow/.local/lib/python3.12/site-packages/airflow/example_dags/tutorial_dag.py took 0.124 seconds
[2025-03-10T20:45:38.129+0000] {processor.py:186} INFO - Started process (PID=1993) to work on /home/airflow/.local/lib/python3.12/site-packages/airflow/example_dags/tutorial_dag.py
[2025-03-10T20:45:38.130+0000] {processor.py:914} INFO - Processing file /home/airflow/.local/lib/python3.12/site-packages/airflow/example_dags/tutorial_dag.py for tasks to queue
[2025-03-10T20:45:38.133+0000] {logging_mixin.py:190} INFO - [2025-03-10T20:45:38.132+0000] {dagbag.py:588} INFO - Filling up the DagBag from /home/airflow/.local/lib/python3.12/site-packages/airflow/example_dags/tutorial_dag.py
[2025-03-10T20:45:38.141+0000] {processor.py:925} INFO - DAG(s) 'tutorial_dag' retrieved from /home/airflow/.local/lib/python3.12/site-packages/airflow/example_dags/tutorial_dag.py
[2025-03-10T20:45:38.166+0000] {logging_mixin.py:190} INFO - [2025-03-10T20:45:38.166+0000] {dag.py:3239} INFO - Sync 1 DAGs
[2025-03-10T20:45:38.184+0000] {logging_mixin.py:190} INFO - [2025-03-10T20:45:38.183+0000] {dag.py:4180} INFO - Setting next_dagrun for tutorial_dag to None, run_after=None
[2025-03-10T20:45:38.204+0000] {processor.py:208} INFO - Processing /home/airflow/.local/lib/python3.12/site-packages/airflow/example_dags/tutorial_dag.py took 0.083 seconds
[2025-03-10T20:46:09.202+0000] {processor.py:186} INFO - Started process (PID=2056) to work on /home/airflow/.local/lib/python3.12/site-packages/airflow/example_dags/tutorial_dag.py
[2025-03-10T20:46:09.203+0000] {processor.py:914} INFO - Processing file /home/airflow/.local/lib/python3.12/site-packages/airflow/example_dags/tutorial_dag.py for tasks to queue
[2025-03-10T20:46:09.206+0000] {logging_mixin.py:190} INFO - [2025-03-10T20:46:09.206+0000] {dagbag.py:588} INFO - Filling up the DagBag from /home/airflow/.local/lib/python3.12/site-packages/airflow/example_dags/tutorial_dag.py
[2025-03-10T20:46:09.213+0000] {processor.py:925} INFO - DAG(s) 'tutorial_dag' retrieved from /home/airflow/.local/lib/python3.12/site-packages/airflow/example_dags/tutorial_dag.py
[2025-03-10T20:46:09.236+0000] {logging_mixin.py:190} INFO - [2025-03-10T20:46:09.235+0000] {dag.py:3239} INFO - Sync 1 DAGs
[2025-03-10T20:46:09.476+0000] {logging_mixin.py:190} INFO - [2025-03-10T20:46:09.476+0000] {dag.py:4180} INFO - Setting next_dagrun for tutorial_dag to None, run_after=None
[2025-03-10T20:46:09.496+0000] {processor.py:208} INFO - Processing /home/airflow/.local/lib/python3.12/site-packages/airflow/example_dags/tutorial_dag.py took 0.300 seconds
[2025-03-10T20:46:40.333+0000] {processor.py:186} INFO - Started process (PID=2119) to work on /home/airflow/.local/lib/python3.12/site-packages/airflow/example_dags/tutorial_dag.py
[2025-03-10T20:46:40.335+0000] {processor.py:914} INFO - Processing file /home/airflow/.local/lib/python3.12/site-packages/airflow/example_dags/tutorial_dag.py for tasks to queue
[2025-03-10T20:46:40.339+0000] {logging_mixin.py:190} INFO - [2025-03-10T20:46:40.338+0000] {dagbag.py:588} INFO - Filling up the DagBag from /home/airflow/.local/lib/python3.12/site-packages/airflow/example_dags/tutorial_dag.py
[2025-03-10T20:46:40.347+0000] {processor.py:925} INFO - DAG(s) 'tutorial_dag' retrieved from /home/airflow/.local/lib/python3.12/site-packages/airflow/example_dags/tutorial_dag.py
[2025-03-10T20:46:40.373+0000] {logging_mixin.py:190} INFO - [2025-03-10T20:46:40.372+0000] {dag.py:3239} INFO - Sync 1 DAGs
[2025-03-10T20:46:40.391+0000] {logging_mixin.py:190} INFO - [2025-03-10T20:46:40.391+0000] {dag.py:4180} INFO - Setting next_dagrun for tutorial_dag to None, run_after=None
[2025-03-10T20:46:40.671+0000] {processor.py:208} INFO - Processing /home/airflow/.local/lib/python3.12/site-packages/airflow/example_dags/tutorial_dag.py took 0.345 seconds
[2025-03-10T20:47:11.267+0000] {processor.py:186} INFO - Started process (PID=2188) to work on /home/airflow/.local/lib/python3.12/site-packages/airflow/example_dags/tutorial_dag.py
[2025-03-10T20:47:11.268+0000] {processor.py:914} INFO - Processing file /home/airflow/.local/lib/python3.12/site-packages/airflow/example_dags/tutorial_dag.py for tasks to queue
[2025-03-10T20:47:11.271+0000] {logging_mixin.py:190} INFO - [2025-03-10T20:47:11.271+0000] {dagbag.py:588} INFO - Filling up the DagBag from /home/airflow/.local/lib/python3.12/site-packages/airflow/example_dags/tutorial_dag.py
[2025-03-10T20:47:11.280+0000] {processor.py:925} INFO - DAG(s) 'tutorial_dag' retrieved from /home/airflow/.local/lib/python3.12/site-packages/airflow/example_dags/tutorial_dag.py
[2025-03-10T20:47:11.306+0000] {logging_mixin.py:190} INFO - [2025-03-10T20:47:11.306+0000] {dag.py:3239} INFO - Sync 1 DAGs
[2025-03-10T20:47:11.324+0000] {logging_mixin.py:190} INFO - [2025-03-10T20:47:11.324+0000] {dag.py:4180} INFO - Setting next_dagrun for tutorial_dag to None, run_after=None
[2025-03-10T20:47:11.347+0000] {processor.py:208} INFO - Processing /home/airflow/.local/lib/python3.12/site-packages/airflow/example_dags/tutorial_dag.py took 0.086 seconds
[2025-03-10T20:47:41.978+0000] {processor.py:186} INFO - Started process (PID=2251) to work on /home/airflow/.local/lib/python3.12/site-packages/airflow/example_dags/tutorial_dag.py
[2025-03-10T20:47:41.979+0000] {processor.py:914} INFO - Processing file /home/airflow/.local/lib/python3.12/site-packages/airflow/example_dags/tutorial_dag.py for tasks to queue
[2025-03-10T20:47:41.982+0000] {logging_mixin.py:190} INFO - [2025-03-10T20:47:41.982+0000] {dagbag.py:588} INFO - Filling up the DagBag from /home/airflow/.local/lib/python3.12/site-packages/airflow/example_dags/tutorial_dag.py
[2025-03-10T20:47:41.991+0000] {processor.py:925} INFO - DAG(s) 'tutorial_dag' retrieved from /home/airflow/.local/lib/python3.12/site-packages/airflow/example_dags/tutorial_dag.py
[2025-03-10T20:47:42.019+0000] {logging_mixin.py:190} INFO - [2025-03-10T20:47:42.018+0000] {dag.py:3239} INFO - Sync 1 DAGs
[2025-03-10T20:47:42.043+0000] {logging_mixin.py:190} INFO - [2025-03-10T20:47:42.043+0000] {dag.py:4180} INFO - Setting next_dagrun for tutorial_dag to None, run_after=None
[2025-03-10T20:47:42.065+0000] {processor.py:208} INFO - Processing /home/airflow/.local/lib/python3.12/site-packages/airflow/example_dags/tutorial_dag.py took 0.096 seconds
[2025-03-10T20:48:12.446+0000] {processor.py:186} INFO - Started process (PID=2314) to work on /home/airflow/.local/lib/python3.12/site-packages/airflow/example_dags/tutorial_dag.py
[2025-03-10T20:48:12.447+0000] {processor.py:914} INFO - Processing file /home/airflow/.local/lib/python3.12/site-packages/airflow/example_dags/tutorial_dag.py for tasks to queue
[2025-03-10T20:48:12.450+0000] {logging_mixin.py:190} INFO - [2025-03-10T20:48:12.450+0000] {dagbag.py:588} INFO - Filling up the DagBag from /home/airflow/.local/lib/python3.12/site-packages/airflow/example_dags/tutorial_dag.py
[2025-03-10T20:48:12.458+0000] {processor.py:925} INFO - DAG(s) 'tutorial_dag' retrieved from /home/airflow/.local/lib/python3.12/site-packages/airflow/example_dags/tutorial_dag.py
[2025-03-10T20:48:12.484+0000] {logging_mixin.py:190} INFO - [2025-03-10T20:48:12.484+0000] {dag.py:3239} INFO - Sync 1 DAGs
[2025-03-10T20:48:12.503+0000] {logging_mixin.py:190} INFO - [2025-03-10T20:48:12.503+0000] {dag.py:4180} INFO - Setting next_dagrun for tutorial_dag to None, run_after=None
[2025-03-10T20:48:12.525+0000] {processor.py:208} INFO - Processing /home/airflow/.local/lib/python3.12/site-packages/airflow/example_dags/tutorial_dag.py took 0.088 seconds
[2025-03-10T20:48:42.993+0000] {processor.py:186} INFO - Started process (PID=2377) to work on /home/airflow/.local/lib/python3.12/site-packages/airflow/example_dags/tutorial_dag.py
[2025-03-10T20:48:42.994+0000] {processor.py:914} INFO - Processing file /home/airflow/.local/lib/python3.12/site-packages/airflow/example_dags/tutorial_dag.py for tasks to queue
[2025-03-10T20:48:42.997+0000] {logging_mixin.py:190} INFO - [2025-03-10T20:48:42.996+0000] {dagbag.py:588} INFO - Filling up the DagBag from /home/airflow/.local/lib/python3.12/site-packages/airflow/example_dags/tutorial_dag.py
[2025-03-10T20:48:43.005+0000] {processor.py:925} INFO - DAG(s) 'tutorial_dag' retrieved from /home/airflow/.local/lib/python3.12/site-packages/airflow/example_dags/tutorial_dag.py
[2025-03-10T20:48:43.031+0000] {logging_mixin.py:190} INFO - [2025-03-10T20:48:43.030+0000] {dag.py:3239} INFO - Sync 1 DAGs
[2025-03-10T20:48:43.050+0000] {logging_mixin.py:190} INFO - [2025-03-10T20:48:43.049+0000] {dag.py:4180} INFO - Setting next_dagrun for tutorial_dag to None, run_after=None
[2025-03-10T20:48:43.072+0000] {processor.py:208} INFO - Processing /home/airflow/.local/lib/python3.12/site-packages/airflow/example_dags/tutorial_dag.py took 0.086 seconds
[2025-03-10T20:49:13.581+0000] {processor.py:186} INFO - Started process (PID=2440) to work on /home/airflow/.local/lib/python3.12/site-packages/airflow/example_dags/tutorial_dag.py
[2025-03-10T20:49:13.582+0000] {processor.py:914} INFO - Processing file /home/airflow/.local/lib/python3.12/site-packages/airflow/example_dags/tutorial_dag.py for tasks to queue
[2025-03-10T20:49:13.585+0000] {logging_mixin.py:190} INFO - [2025-03-10T20:49:13.585+0000] {dagbag.py:588} INFO - Filling up the DagBag from /home/airflow/.local/lib/python3.12/site-packages/airflow/example_dags/tutorial_dag.py
[2025-03-10T20:49:13.594+0000] {processor.py:925} INFO - DAG(s) 'tutorial_dag' retrieved from /home/airflow/.local/lib/python3.12/site-packages/airflow/example_dags/tutorial_dag.py
[2025-03-10T20:49:13.619+0000] {logging_mixin.py:190} INFO - [2025-03-10T20:49:13.619+0000] {dag.py:3239} INFO - Sync 1 DAGs
[2025-03-10T20:49:13.637+0000] {logging_mixin.py:190} INFO - [2025-03-10T20:49:13.636+0000] {dag.py:4180} INFO - Setting next_dagrun for tutorial_dag to None, run_after=None
[2025-03-10T20:49:13.659+0000] {processor.py:208} INFO - Processing /home/airflow/.local/lib/python3.12/site-packages/airflow/example_dags/tutorial_dag.py took 0.087 seconds
[2025-03-10T20:49:43.981+0000] {processor.py:186} INFO - Started process (PID=2503) to work on /home/airflow/.local/lib/python3.12/site-packages/airflow/example_dags/tutorial_dag.py
[2025-03-10T20:49:43.982+0000] {processor.py:914} INFO - Processing file /home/airflow/.local/lib/python3.12/site-packages/airflow/example_dags/tutorial_dag.py for tasks to queue
[2025-03-10T20:49:43.985+0000] {logging_mixin.py:190} INFO - [2025-03-10T20:49:43.985+0000] {dagbag.py:588} INFO - Filling up the DagBag from /home/airflow/.local/lib/python3.12/site-packages/airflow/example_dags/tutorial_dag.py
[2025-03-10T20:49:43.992+0000] {processor.py:925} INFO - DAG(s) 'tutorial_dag' retrieved from /home/airflow/.local/lib/python3.12/site-packages/airflow/example_dags/tutorial_dag.py
[2025-03-10T20:49:44.023+0000] {logging_mixin.py:190} INFO - [2025-03-10T20:49:44.022+0000] {dag.py:3239} INFO - Sync 1 DAGs
[2025-03-10T20:49:44.043+0000] {logging_mixin.py:190} INFO - [2025-03-10T20:49:44.042+0000] {dag.py:4180} INFO - Setting next_dagrun for tutorial_dag to None, run_after=None
[2025-03-10T20:49:44.064+0000] {processor.py:208} INFO - Processing /home/airflow/.local/lib/python3.12/site-packages/airflow/example_dags/tutorial_dag.py took 0.090 seconds
[2025-03-10T20:50:14.587+0000] {processor.py:186} INFO - Started process (PID=2566) to work on /home/airflow/.local/lib/python3.12/site-packages/airflow/example_dags/tutorial_dag.py
[2025-03-10T20:50:14.588+0000] {processor.py:914} INFO - Processing file /home/airflow/.local/lib/python3.12/site-packages/airflow/example_dags/tutorial_dag.py for tasks to queue
[2025-03-10T20:50:14.591+0000] {logging_mixin.py:190} INFO - [2025-03-10T20:50:14.591+0000] {dagbag.py:588} INFO - Filling up the DagBag from /home/airflow/.local/lib/python3.12/site-packages/airflow/example_dags/tutorial_dag.py
[2025-03-10T20:50:14.599+0000] {processor.py:925} INFO - DAG(s) 'tutorial_dag' retrieved from /home/airflow/.local/lib/python3.12/site-packages/airflow/example_dags/tutorial_dag.py
[2025-03-10T20:50:14.626+0000] {logging_mixin.py:190} INFO - [2025-03-10T20:50:14.625+0000] {dag.py:3239} INFO - Sync 1 DAGs
[2025-03-10T20:50:14.644+0000] {logging_mixin.py:190} INFO - [2025-03-10T20:50:14.643+0000] {dag.py:4180} INFO - Setting next_dagrun for tutorial_dag to None, run_after=None
[2025-03-10T20:50:14.664+0000] {processor.py:208} INFO - Processing /home/airflow/.local/lib/python3.12/site-packages/airflow/example_dags/tutorial_dag.py took 0.085 seconds
[2025-03-10T20:50:45.083+0000] {processor.py:186} INFO - Started process (PID=2629) to work on /home/airflow/.local/lib/python3.12/site-packages/airflow/example_dags/tutorial_dag.py
[2025-03-10T20:50:45.084+0000] {processor.py:914} INFO - Processing file /home/airflow/.local/lib/python3.12/site-packages/airflow/example_dags/tutorial_dag.py for tasks to queue
[2025-03-10T20:50:45.087+0000] {logging_mixin.py:190} INFO - [2025-03-10T20:50:45.086+0000] {dagbag.py:588} INFO - Filling up the DagBag from /home/airflow/.local/lib/python3.12/site-packages/airflow/example_dags/tutorial_dag.py
[2025-03-10T20:50:45.094+0000] {processor.py:925} INFO - DAG(s) 'tutorial_dag' retrieved from /home/airflow/.local/lib/python3.12/site-packages/airflow/example_dags/tutorial_dag.py
[2025-03-10T20:50:45.118+0000] {logging_mixin.py:190} INFO - [2025-03-10T20:50:45.118+0000] {dag.py:3239} INFO - Sync 1 DAGs
[2025-03-10T20:50:45.138+0000] {logging_mixin.py:190} INFO - [2025-03-10T20:50:45.137+0000] {dag.py:4180} INFO - Setting next_dagrun for tutorial_dag to None, run_after=None
[2025-03-10T20:50:45.160+0000] {processor.py:208} INFO - Processing /home/airflow/.local/lib/python3.12/site-packages/airflow/example_dags/tutorial_dag.py took 0.084 seconds
[2025-03-10T23:08:57.044+0000] {processor.py:186} INFO - Started process (PID=99) to work on /home/airflow/.local/lib/python3.12/site-packages/airflow/example_dags/tutorial_dag.py
[2025-03-10T23:08:57.046+0000] {processor.py:914} INFO - Processing file /home/airflow/.local/lib/python3.12/site-packages/airflow/example_dags/tutorial_dag.py for tasks to queue
[2025-03-10T23:08:57.049+0000] {logging_mixin.py:190} INFO - [2025-03-10T23:08:57.049+0000] {dagbag.py:588} INFO - Filling up the DagBag from /home/airflow/.local/lib/python3.12/site-packages/airflow/example_dags/tutorial_dag.py
[2025-03-10T23:08:57.059+0000] {processor.py:925} INFO - DAG(s) 'tutorial_dag' retrieved from /home/airflow/.local/lib/python3.12/site-packages/airflow/example_dags/tutorial_dag.py
[2025-03-10T23:08:57.095+0000] {logging_mixin.py:190} INFO - [2025-03-10T23:08:57.094+0000] {dag.py:3239} INFO - Sync 1 DAGs
[2025-03-10T23:08:57.121+0000] {logging_mixin.py:190} INFO - [2025-03-10T23:08:57.120+0000] {dag.py:4180} INFO - Setting next_dagrun for tutorial_dag to None, run_after=None
[2025-03-10T23:08:57.145+0000] {processor.py:208} INFO - Processing /home/airflow/.local/lib/python3.12/site-packages/airflow/example_dags/tutorial_dag.py took 0.110 seconds
[2025-03-10T23:10:32.813+0000] {processor.py:186} INFO - Started process (PID=156) to work on /home/airflow/.local/lib/python3.12/site-packages/airflow/example_dags/tutorial_dag.py
[2025-03-10T23:10:32.814+0000] {processor.py:914} INFO - Processing file /home/airflow/.local/lib/python3.12/site-packages/airflow/example_dags/tutorial_dag.py for tasks to queue
[2025-03-10T23:10:32.816+0000] {logging_mixin.py:190} INFO - [2025-03-10T23:10:32.815+0000] {dagbag.py:588} INFO - Filling up the DagBag from /home/airflow/.local/lib/python3.12/site-packages/airflow/example_dags/tutorial_dag.py
[2025-03-10T23:10:32.826+0000] {processor.py:925} INFO - DAG(s) 'tutorial_dag' retrieved from /home/airflow/.local/lib/python3.12/site-packages/airflow/example_dags/tutorial_dag.py
[2025-03-10T23:10:32.865+0000] {logging_mixin.py:190} INFO - [2025-03-10T23:10:32.864+0000] {dag.py:3239} INFO - Sync 1 DAGs
[2025-03-10T23:10:32.889+0000] {logging_mixin.py:190} INFO - [2025-03-10T23:10:32.889+0000] {dag.py:4180} INFO - Setting next_dagrun for tutorial_dag to None, run_after=None
[2025-03-10T23:10:32.914+0000] {processor.py:208} INFO - Processing /home/airflow/.local/lib/python3.12/site-packages/airflow/example_dags/tutorial_dag.py took 0.109 seconds
[2025-03-10T23:13:19.660+0000] {processor.py:186} INFO - Started process (PID=214) to work on /home/airflow/.local/lib/python3.12/site-packages/airflow/example_dags/tutorial_dag.py
[2025-03-10T23:13:19.664+0000] {processor.py:914} INFO - Processing file /home/airflow/.local/lib/python3.12/site-packages/airflow/example_dags/tutorial_dag.py for tasks to queue
[2025-03-10T23:13:19.668+0000] {logging_mixin.py:190} INFO - [2025-03-10T23:13:19.667+0000] {dagbag.py:588} INFO - Filling up the DagBag from /home/airflow/.local/lib/python3.12/site-packages/airflow/example_dags/tutorial_dag.py
[2025-03-10T23:13:19.695+0000] {processor.py:925} INFO - DAG(s) 'tutorial_dag' retrieved from /home/airflow/.local/lib/python3.12/site-packages/airflow/example_dags/tutorial_dag.py
[2025-03-10T23:13:19.781+0000] {logging_mixin.py:190} INFO - [2025-03-10T23:13:19.780+0000] {dag.py:3239} INFO - Sync 1 DAGs
[2025-03-10T23:13:19.888+0000] {logging_mixin.py:190} INFO - [2025-03-10T23:13:19.887+0000] {dag.py:4180} INFO - Setting next_dagrun for tutorial_dag to None, run_after=None
[2025-03-10T23:13:19.994+0000] {processor.py:208} INFO - Processing /home/airflow/.local/lib/python3.12/site-packages/airflow/example_dags/tutorial_dag.py took 0.360 seconds
[2025-03-10T23:14:53.493+0000] {processor.py:186} INFO - Started process (PID=287) to work on /home/airflow/.local/lib/python3.12/site-packages/airflow/example_dags/tutorial_dag.py
[2025-03-10T23:14:53.501+0000] {processor.py:914} INFO - Processing file /home/airflow/.local/lib/python3.12/site-packages/airflow/example_dags/tutorial_dag.py for tasks to queue
[2025-03-10T23:14:53.513+0000] {logging_mixin.py:190} INFO - [2025-03-10T23:14:53.506+0000] {dagbag.py:588} INFO - Filling up the DagBag from /home/airflow/.local/lib/python3.12/site-packages/airflow/example_dags/tutorial_dag.py
[2025-03-10T23:14:53.610+0000] {processor.py:925} INFO - DAG(s) 'tutorial_dag' retrieved from /home/airflow/.local/lib/python3.12/site-packages/airflow/example_dags/tutorial_dag.py
[2025-03-10T23:14:54.482+0000] {logging_mixin.py:190} INFO - [2025-03-10T23:14:54.479+0000] {dag.py:3239} INFO - Sync 1 DAGs
[2025-03-10T23:14:54.597+0000] {logging_mixin.py:190} INFO - [2025-03-10T23:14:54.596+0000] {dag.py:4180} INFO - Setting next_dagrun for tutorial_dag to None, run_after=None
[2025-03-10T23:14:54.743+0000] {processor.py:208} INFO - Processing /home/airflow/.local/lib/python3.12/site-packages/airflow/example_dags/tutorial_dag.py took 1.299 seconds
[2025-03-10T23:15:25.175+0000] {processor.py:186} INFO - Started process (PID=349) to work on /home/airflow/.local/lib/python3.12/site-packages/airflow/example_dags/tutorial_dag.py
[2025-03-10T23:15:25.178+0000] {processor.py:914} INFO - Processing file /home/airflow/.local/lib/python3.12/site-packages/airflow/example_dags/tutorial_dag.py for tasks to queue
[2025-03-10T23:15:25.184+0000] {logging_mixin.py:190} INFO - [2025-03-10T23:15:25.182+0000] {dagbag.py:588} INFO - Filling up the DagBag from /home/airflow/.local/lib/python3.12/site-packages/airflow/example_dags/tutorial_dag.py
[2025-03-10T23:15:25.216+0000] {processor.py:925} INFO - DAG(s) 'tutorial_dag' retrieved from /home/airflow/.local/lib/python3.12/site-packages/airflow/example_dags/tutorial_dag.py
[2025-03-10T23:15:25.319+0000] {logging_mixin.py:190} INFO - [2025-03-10T23:15:25.318+0000] {dag.py:3239} INFO - Sync 1 DAGs
[2025-03-10T23:15:25.408+0000] {logging_mixin.py:190} INFO - [2025-03-10T23:15:25.407+0000] {dag.py:4180} INFO - Setting next_dagrun for tutorial_dag to None, run_after=None
[2025-03-10T23:15:25.506+0000] {processor.py:208} INFO - Processing /home/airflow/.local/lib/python3.12/site-packages/airflow/example_dags/tutorial_dag.py took 0.360 seconds
[2025-03-10T23:15:56.327+0000] {processor.py:186} INFO - Started process (PID=412) to work on /home/airflow/.local/lib/python3.12/site-packages/airflow/example_dags/tutorial_dag.py
[2025-03-10T23:15:56.328+0000] {processor.py:914} INFO - Processing file /home/airflow/.local/lib/python3.12/site-packages/airflow/example_dags/tutorial_dag.py for tasks to queue
[2025-03-10T23:15:56.329+0000] {logging_mixin.py:190} INFO - [2025-03-10T23:15:56.329+0000] {dagbag.py:588} INFO - Filling up the DagBag from /home/airflow/.local/lib/python3.12/site-packages/airflow/example_dags/tutorial_dag.py
[2025-03-10T23:15:56.338+0000] {processor.py:925} INFO - DAG(s) 'tutorial_dag' retrieved from /home/airflow/.local/lib/python3.12/site-packages/airflow/example_dags/tutorial_dag.py
[2025-03-10T23:15:56.363+0000] {logging_mixin.py:190} INFO - [2025-03-10T23:15:56.363+0000] {dag.py:3239} INFO - Sync 1 DAGs
[2025-03-10T23:15:56.382+0000] {logging_mixin.py:190} INFO - [2025-03-10T23:15:56.382+0000] {dag.py:4180} INFO - Setting next_dagrun for tutorial_dag to None, run_after=None
[2025-03-10T23:15:56.402+0000] {processor.py:208} INFO - Processing /home/airflow/.local/lib/python3.12/site-packages/airflow/example_dags/tutorial_dag.py took 0.085 seconds
[2025-03-10T23:16:27.105+0000] {processor.py:186} INFO - Started process (PID=475) to work on /home/airflow/.local/lib/python3.12/site-packages/airflow/example_dags/tutorial_dag.py
[2025-03-10T23:16:27.106+0000] {processor.py:914} INFO - Processing file /home/airflow/.local/lib/python3.12/site-packages/airflow/example_dags/tutorial_dag.py for tasks to queue
[2025-03-10T23:16:27.108+0000] {logging_mixin.py:190} INFO - [2025-03-10T23:16:27.108+0000] {dagbag.py:588} INFO - Filling up the DagBag from /home/airflow/.local/lib/python3.12/site-packages/airflow/example_dags/tutorial_dag.py
[2025-03-10T23:16:27.117+0000] {processor.py:925} INFO - DAG(s) 'tutorial_dag' retrieved from /home/airflow/.local/lib/python3.12/site-packages/airflow/example_dags/tutorial_dag.py
[2025-03-10T23:16:27.143+0000] {logging_mixin.py:190} INFO - [2025-03-10T23:16:27.143+0000] {dag.py:3239} INFO - Sync 1 DAGs
[2025-03-10T23:16:27.161+0000] {logging_mixin.py:190} INFO - [2025-03-10T23:16:27.161+0000] {dag.py:4180} INFO - Setting next_dagrun for tutorial_dag to None, run_after=None
[2025-03-10T23:16:27.180+0000] {processor.py:208} INFO - Processing /home/airflow/.local/lib/python3.12/site-packages/airflow/example_dags/tutorial_dag.py took 0.083 seconds
[2025-03-10T23:16:57.757+0000] {processor.py:186} INFO - Started process (PID=538) to work on /home/airflow/.local/lib/python3.12/site-packages/airflow/example_dags/tutorial_dag.py
[2025-03-10T23:16:57.758+0000] {processor.py:914} INFO - Processing file /home/airflow/.local/lib/python3.12/site-packages/airflow/example_dags/tutorial_dag.py for tasks to queue
[2025-03-10T23:16:57.760+0000] {logging_mixin.py:190} INFO - [2025-03-10T23:16:57.759+0000] {dagbag.py:588} INFO - Filling up the DagBag from /home/airflow/.local/lib/python3.12/site-packages/airflow/example_dags/tutorial_dag.py
[2025-03-10T23:16:57.768+0000] {processor.py:925} INFO - DAG(s) 'tutorial_dag' retrieved from /home/airflow/.local/lib/python3.12/site-packages/airflow/example_dags/tutorial_dag.py
[2025-03-10T23:16:57.795+0000] {logging_mixin.py:190} INFO - [2025-03-10T23:16:57.795+0000] {dag.py:3239} INFO - Sync 1 DAGs
[2025-03-10T23:16:57.815+0000] {logging_mixin.py:190} INFO - [2025-03-10T23:16:57.815+0000] {dag.py:4180} INFO - Setting next_dagrun for tutorial_dag to None, run_after=None
[2025-03-10T23:16:57.836+0000] {processor.py:208} INFO - Processing /home/airflow/.local/lib/python3.12/site-packages/airflow/example_dags/tutorial_dag.py took 0.088 seconds
[2025-03-10T23:17:28.070+0000] {processor.py:186} INFO - Started process (PID=601) to work on /home/airflow/.local/lib/python3.12/site-packages/airflow/example_dags/tutorial_dag.py
[2025-03-10T23:17:28.071+0000] {processor.py:914} INFO - Processing file /home/airflow/.local/lib/python3.12/site-packages/airflow/example_dags/tutorial_dag.py for tasks to queue
[2025-03-10T23:17:28.073+0000] {logging_mixin.py:190} INFO - [2025-03-10T23:17:28.072+0000] {dagbag.py:588} INFO - Filling up the DagBag from /home/airflow/.local/lib/python3.12/site-packages/airflow/example_dags/tutorial_dag.py
[2025-03-10T23:17:28.082+0000] {processor.py:925} INFO - DAG(s) 'tutorial_dag' retrieved from /home/airflow/.local/lib/python3.12/site-packages/airflow/example_dags/tutorial_dag.py
[2025-03-10T23:17:28.108+0000] {logging_mixin.py:190} INFO - [2025-03-10T23:17:28.107+0000] {dag.py:3239} INFO - Sync 1 DAGs
[2025-03-10T23:17:28.127+0000] {logging_mixin.py:190} INFO - [2025-03-10T23:17:28.126+0000] {dag.py:4180} INFO - Setting next_dagrun for tutorial_dag to None, run_after=None
[2025-03-10T23:17:28.145+0000] {processor.py:208} INFO - Processing /home/airflow/.local/lib/python3.12/site-packages/airflow/example_dags/tutorial_dag.py took 0.084 seconds
[2025-03-10T23:17:58.780+0000] {processor.py:186} INFO - Started process (PID=664) to work on /home/airflow/.local/lib/python3.12/site-packages/airflow/example_dags/tutorial_dag.py
[2025-03-10T23:17:58.781+0000] {processor.py:914} INFO - Processing file /home/airflow/.local/lib/python3.12/site-packages/airflow/example_dags/tutorial_dag.py for tasks to queue
[2025-03-10T23:17:58.782+0000] {logging_mixin.py:190} INFO - [2025-03-10T23:17:58.782+0000] {dagbag.py:588} INFO - Filling up the DagBag from /home/airflow/.local/lib/python3.12/site-packages/airflow/example_dags/tutorial_dag.py
[2025-03-10T23:17:58.791+0000] {processor.py:925} INFO - DAG(s) 'tutorial_dag' retrieved from /home/airflow/.local/lib/python3.12/site-packages/airflow/example_dags/tutorial_dag.py
[2025-03-10T23:17:58.825+0000] {logging_mixin.py:190} INFO - [2025-03-10T23:17:58.825+0000] {dag.py:3239} INFO - Sync 1 DAGs
[2025-03-10T23:17:58.851+0000] {logging_mixin.py:190} INFO - [2025-03-10T23:17:58.850+0000] {dag.py:4180} INFO - Setting next_dagrun for tutorial_dag to None, run_after=None
[2025-03-10T23:17:58.887+0000] {processor.py:208} INFO - Processing /home/airflow/.local/lib/python3.12/site-packages/airflow/example_dags/tutorial_dag.py took 0.115 seconds
[2025-03-10T23:18:29.512+0000] {processor.py:186} INFO - Started process (PID=727) to work on /home/airflow/.local/lib/python3.12/site-packages/airflow/example_dags/tutorial_dag.py
[2025-03-10T23:18:29.514+0000] {processor.py:914} INFO - Processing file /home/airflow/.local/lib/python3.12/site-packages/airflow/example_dags/tutorial_dag.py for tasks to queue
[2025-03-10T23:18:29.515+0000] {logging_mixin.py:190} INFO - [2025-03-10T23:18:29.515+0000] {dagbag.py:588} INFO - Filling up the DagBag from /home/airflow/.local/lib/python3.12/site-packages/airflow/example_dags/tutorial_dag.py
[2025-03-10T23:18:29.525+0000] {processor.py:925} INFO - DAG(s) 'tutorial_dag' retrieved from /home/airflow/.local/lib/python3.12/site-packages/airflow/example_dags/tutorial_dag.py
[2025-03-10T23:18:29.552+0000] {logging_mixin.py:190} INFO - [2025-03-10T23:18:29.552+0000] {dag.py:3239} INFO - Sync 1 DAGs
[2025-03-10T23:18:29.571+0000] {logging_mixin.py:190} INFO - [2025-03-10T23:18:29.571+0000] {dag.py:4180} INFO - Setting next_dagrun for tutorial_dag to None, run_after=None
[2025-03-10T23:18:29.593+0000] {processor.py:208} INFO - Processing /home/airflow/.local/lib/python3.12/site-packages/airflow/example_dags/tutorial_dag.py took 0.089 seconds
[2025-03-10T23:18:59.945+0000] {processor.py:186} INFO - Started process (PID=790) to work on /home/airflow/.local/lib/python3.12/site-packages/airflow/example_dags/tutorial_dag.py
[2025-03-10T23:18:59.946+0000] {processor.py:914} INFO - Processing file /home/airflow/.local/lib/python3.12/site-packages/airflow/example_dags/tutorial_dag.py for tasks to queue
[2025-03-10T23:18:59.947+0000] {logging_mixin.py:190} INFO - [2025-03-10T23:18:59.947+0000] {dagbag.py:588} INFO - Filling up the DagBag from /home/airflow/.local/lib/python3.12/site-packages/airflow/example_dags/tutorial_dag.py
[2025-03-10T23:18:59.956+0000] {processor.py:925} INFO - DAG(s) 'tutorial_dag' retrieved from /home/airflow/.local/lib/python3.12/site-packages/airflow/example_dags/tutorial_dag.py
[2025-03-10T23:18:59.982+0000] {logging_mixin.py:190} INFO - [2025-03-10T23:18:59.982+0000] {dag.py:3239} INFO - Sync 1 DAGs
[2025-03-10T23:19:00.000+0000] {logging_mixin.py:190} INFO - [2025-03-10T23:19:00.000+0000] {dag.py:4180} INFO - Setting next_dagrun for tutorial_dag to None, run_after=None
[2025-03-10T23:19:00.021+0000] {processor.py:208} INFO - Processing /home/airflow/.local/lib/python3.12/site-packages/airflow/example_dags/tutorial_dag.py took 0.086 seconds
[2025-03-10T23:27:09.994+0000] {processor.py:186} INFO - Started process (PID=86) to work on /home/airflow/.local/lib/python3.12/site-packages/airflow/example_dags/tutorial_dag.py
[2025-03-10T23:27:09.995+0000] {processor.py:914} INFO - Processing file /home/airflow/.local/lib/python3.12/site-packages/airflow/example_dags/tutorial_dag.py for tasks to queue
[2025-03-10T23:27:09.998+0000] {logging_mixin.py:190} INFO - [2025-03-10T23:27:09.998+0000] {dagbag.py:588} INFO - Filling up the DagBag from /home/airflow/.local/lib/python3.12/site-packages/airflow/example_dags/tutorial_dag.py
[2025-03-10T23:27:10.006+0000] {processor.py:925} INFO - DAG(s) 'tutorial_dag' retrieved from /home/airflow/.local/lib/python3.12/site-packages/airflow/example_dags/tutorial_dag.py
[2025-03-10T23:27:10.034+0000] {logging_mixin.py:190} INFO - [2025-03-10T23:27:10.034+0000] {dag.py:3239} INFO - Sync 1 DAGs
[2025-03-10T23:27:10.053+0000] {logging_mixin.py:190} INFO - [2025-03-10T23:27:10.052+0000] {dag.py:4180} INFO - Setting next_dagrun for tutorial_dag to None, run_after=None
[2025-03-10T23:27:10.074+0000] {processor.py:208} INFO - Processing /home/airflow/.local/lib/python3.12/site-packages/airflow/example_dags/tutorial_dag.py took 0.087 seconds
[2025-03-10T23:27:41.189+0000] {processor.py:186} INFO - Started process (PID=149) to work on /home/airflow/.local/lib/python3.12/site-packages/airflow/example_dags/tutorial_dag.py
[2025-03-10T23:27:41.190+0000] {processor.py:914} INFO - Processing file /home/airflow/.local/lib/python3.12/site-packages/airflow/example_dags/tutorial_dag.py for tasks to queue
[2025-03-10T23:27:41.193+0000] {logging_mixin.py:190} INFO - [2025-03-10T23:27:41.192+0000] {dagbag.py:588} INFO - Filling up the DagBag from /home/airflow/.local/lib/python3.12/site-packages/airflow/example_dags/tutorial_dag.py
[2025-03-10T23:27:41.200+0000] {processor.py:925} INFO - DAG(s) 'tutorial_dag' retrieved from /home/airflow/.local/lib/python3.12/site-packages/airflow/example_dags/tutorial_dag.py
[2025-03-10T23:27:41.223+0000] {logging_mixin.py:190} INFO - [2025-03-10T23:27:41.223+0000] {dag.py:3239} INFO - Sync 1 DAGs
[2025-03-10T23:27:41.241+0000] {logging_mixin.py:190} INFO - [2025-03-10T23:27:41.241+0000] {dag.py:4180} INFO - Setting next_dagrun for tutorial_dag to None, run_after=None
[2025-03-10T23:27:41.266+0000] {processor.py:208} INFO - Processing /home/airflow/.local/lib/python3.12/site-packages/airflow/example_dags/tutorial_dag.py took 0.083 seconds
[2025-03-10T23:28:11.857+0000] {processor.py:186} INFO - Started process (PID=212) to work on /home/airflow/.local/lib/python3.12/site-packages/airflow/example_dags/tutorial_dag.py
[2025-03-10T23:28:11.858+0000] {processor.py:914} INFO - Processing file /home/airflow/.local/lib/python3.12/site-packages/airflow/example_dags/tutorial_dag.py for tasks to queue
[2025-03-10T23:28:11.861+0000] {logging_mixin.py:190} INFO - [2025-03-10T23:28:11.861+0000] {dagbag.py:588} INFO - Filling up the DagBag from /home/airflow/.local/lib/python3.12/site-packages/airflow/example_dags/tutorial_dag.py
[2025-03-10T23:28:11.868+0000] {processor.py:925} INFO - DAG(s) 'tutorial_dag' retrieved from /home/airflow/.local/lib/python3.12/site-packages/airflow/example_dags/tutorial_dag.py
[2025-03-10T23:28:11.895+0000] {logging_mixin.py:190} INFO - [2025-03-10T23:28:11.895+0000] {dag.py:3239} INFO - Sync 1 DAGs
[2025-03-10T23:28:11.917+0000] {logging_mixin.py:190} INFO - [2025-03-10T23:28:11.917+0000] {dag.py:4180} INFO - Setting next_dagrun for tutorial_dag to None, run_after=None
[2025-03-10T23:28:11.938+0000] {processor.py:208} INFO - Processing /home/airflow/.local/lib/python3.12/site-packages/airflow/example_dags/tutorial_dag.py took 0.087 seconds
[2025-03-10T23:28:42.776+0000] {processor.py:186} INFO - Started process (PID=275) to work on /home/airflow/.local/lib/python3.12/site-packages/airflow/example_dags/tutorial_dag.py
[2025-03-10T23:28:42.777+0000] {processor.py:914} INFO - Processing file /home/airflow/.local/lib/python3.12/site-packages/airflow/example_dags/tutorial_dag.py for tasks to queue
[2025-03-10T23:28:42.780+0000] {logging_mixin.py:190} INFO - [2025-03-10T23:28:42.780+0000] {dagbag.py:588} INFO - Filling up the DagBag from /home/airflow/.local/lib/python3.12/site-packages/airflow/example_dags/tutorial_dag.py
[2025-03-10T23:28:42.787+0000] {processor.py:925} INFO - DAG(s) 'tutorial_dag' retrieved from /home/airflow/.local/lib/python3.12/site-packages/airflow/example_dags/tutorial_dag.py
[2025-03-10T23:28:42.816+0000] {logging_mixin.py:190} INFO - [2025-03-10T23:28:42.815+0000] {dag.py:3239} INFO - Sync 1 DAGs
[2025-03-10T23:28:42.835+0000] {logging_mixin.py:190} INFO - [2025-03-10T23:28:42.835+0000] {dag.py:4180} INFO - Setting next_dagrun for tutorial_dag to None, run_after=None
[2025-03-10T23:28:42.856+0000] {processor.py:208} INFO - Processing /home/airflow/.local/lib/python3.12/site-packages/airflow/example_dags/tutorial_dag.py took 0.086 seconds
[2025-03-10T23:29:13.788+0000] {processor.py:186} INFO - Started process (PID=338) to work on /home/airflow/.local/lib/python3.12/site-packages/airflow/example_dags/tutorial_dag.py
[2025-03-10T23:29:13.788+0000] {processor.py:914} INFO - Processing file /home/airflow/.local/lib/python3.12/site-packages/airflow/example_dags/tutorial_dag.py for tasks to queue
[2025-03-10T23:29:13.791+0000] {logging_mixin.py:190} INFO - [2025-03-10T23:29:13.791+0000] {dagbag.py:588} INFO - Filling up the DagBag from /home/airflow/.local/lib/python3.12/site-packages/airflow/example_dags/tutorial_dag.py
[2025-03-10T23:29:13.798+0000] {processor.py:925} INFO - DAG(s) 'tutorial_dag' retrieved from /home/airflow/.local/lib/python3.12/site-packages/airflow/example_dags/tutorial_dag.py
[2025-03-10T23:29:13.821+0000] {logging_mixin.py:190} INFO - [2025-03-10T23:29:13.821+0000] {dag.py:3239} INFO - Sync 1 DAGs
[2025-03-10T23:29:13.841+0000] {logging_mixin.py:190} INFO - [2025-03-10T23:29:13.841+0000] {dag.py:4180} INFO - Setting next_dagrun for tutorial_dag to None, run_after=None
[2025-03-10T23:29:13.862+0000] {processor.py:208} INFO - Processing /home/airflow/.local/lib/python3.12/site-packages/airflow/example_dags/tutorial_dag.py took 0.081 seconds
[2025-03-10T23:35:18.215+0000] {processor.py:186} INFO - Started process (PID=106) to work on /home/airflow/.local/lib/python3.12/site-packages/airflow/example_dags/tutorial_dag.py
[2025-03-10T23:35:18.219+0000] {processor.py:914} INFO - Processing file /home/airflow/.local/lib/python3.12/site-packages/airflow/example_dags/tutorial_dag.py for tasks to queue
[2025-03-10T23:35:18.235+0000] {logging_mixin.py:190} INFO - [2025-03-10T23:35:18.233+0000] {dagbag.py:588} INFO - Filling up the DagBag from /home/airflow/.local/lib/python3.12/site-packages/airflow/example_dags/tutorial_dag.py
[2025-03-10T23:35:18.279+0000] {processor.py:925} INFO - DAG(s) 'tutorial_dag' retrieved from /home/airflow/.local/lib/python3.12/site-packages/airflow/example_dags/tutorial_dag.py
[2025-03-10T23:35:18.407+0000] {logging_mixin.py:190} INFO - [2025-03-10T23:35:18.406+0000] {dag.py:3239} INFO - Sync 1 DAGs
[2025-03-10T23:35:18.509+0000] {logging_mixin.py:190} INFO - [2025-03-10T23:35:18.508+0000] {dag.py:4180} INFO - Setting next_dagrun for tutorial_dag to None, run_after=None
[2025-03-10T23:35:18.611+0000] {processor.py:208} INFO - Processing /home/airflow/.local/lib/python3.12/site-packages/airflow/example_dags/tutorial_dag.py took 0.434 seconds
[2025-03-10T23:35:49.190+0000] {processor.py:186} INFO - Started process (PID=169) to work on /home/airflow/.local/lib/python3.12/site-packages/airflow/example_dags/tutorial_dag.py
[2025-03-10T23:35:49.191+0000] {processor.py:914} INFO - Processing file /home/airflow/.local/lib/python3.12/site-packages/airflow/example_dags/tutorial_dag.py for tasks to queue
[2025-03-10T23:35:49.194+0000] {logging_mixin.py:190} INFO - [2025-03-10T23:35:49.193+0000] {dagbag.py:588} INFO - Filling up the DagBag from /home/airflow/.local/lib/python3.12/site-packages/airflow/example_dags/tutorial_dag.py
[2025-03-10T23:35:49.202+0000] {processor.py:925} INFO - DAG(s) 'tutorial_dag' retrieved from /home/airflow/.local/lib/python3.12/site-packages/airflow/example_dags/tutorial_dag.py
[2025-03-10T23:35:49.226+0000] {logging_mixin.py:190} INFO - [2025-03-10T23:35:49.226+0000] {dag.py:3239} INFO - Sync 1 DAGs
[2025-03-10T23:35:49.249+0000] {logging_mixin.py:190} INFO - [2025-03-10T23:35:49.248+0000] {dag.py:4180} INFO - Setting next_dagrun for tutorial_dag to None, run_after=None
[2025-03-10T23:35:49.269+0000] {processor.py:208} INFO - Processing /home/airflow/.local/lib/python3.12/site-packages/airflow/example_dags/tutorial_dag.py took 0.088 seconds
[2025-03-10T23:36:19.562+0000] {processor.py:186} INFO - Started process (PID=232) to work on /home/airflow/.local/lib/python3.12/site-packages/airflow/example_dags/tutorial_dag.py
[2025-03-10T23:36:19.564+0000] {processor.py:914} INFO - Processing file /home/airflow/.local/lib/python3.12/site-packages/airflow/example_dags/tutorial_dag.py for tasks to queue
[2025-03-10T23:36:19.567+0000] {logging_mixin.py:190} INFO - [2025-03-10T23:36:19.566+0000] {dagbag.py:588} INFO - Filling up the DagBag from /home/airflow/.local/lib/python3.12/site-packages/airflow/example_dags/tutorial_dag.py
[2025-03-10T23:36:19.574+0000] {processor.py:925} INFO - DAG(s) 'tutorial_dag' retrieved from /home/airflow/.local/lib/python3.12/site-packages/airflow/example_dags/tutorial_dag.py
[2025-03-10T23:36:19.598+0000] {logging_mixin.py:190} INFO - [2025-03-10T23:36:19.598+0000] {dag.py:3239} INFO - Sync 1 DAGs
[2025-03-10T23:36:19.616+0000] {logging_mixin.py:190} INFO - [2025-03-10T23:36:19.615+0000] {dag.py:4180} INFO - Setting next_dagrun for tutorial_dag to None, run_after=None
[2025-03-10T23:36:19.640+0000] {processor.py:208} INFO - Processing /home/airflow/.local/lib/python3.12/site-packages/airflow/example_dags/tutorial_dag.py took 0.086 seconds
[2025-03-10T23:36:49.681+0000] {processor.py:186} INFO - Started process (PID=294) to work on /home/airflow/.local/lib/python3.12/site-packages/airflow/example_dags/tutorial_dag.py
[2025-03-10T23:36:49.682+0000] {processor.py:914} INFO - Processing file /home/airflow/.local/lib/python3.12/site-packages/airflow/example_dags/tutorial_dag.py for tasks to queue
[2025-03-10T23:36:49.685+0000] {logging_mixin.py:190} INFO - [2025-03-10T23:36:49.685+0000] {dagbag.py:588} INFO - Filling up the DagBag from /home/airflow/.local/lib/python3.12/site-packages/airflow/example_dags/tutorial_dag.py
[2025-03-10T23:36:49.694+0000] {processor.py:925} INFO - DAG(s) 'tutorial_dag' retrieved from /home/airflow/.local/lib/python3.12/site-packages/airflow/example_dags/tutorial_dag.py
[2025-03-10T23:36:49.721+0000] {logging_mixin.py:190} INFO - [2025-03-10T23:36:49.721+0000] {dag.py:3239} INFO - Sync 1 DAGs
[2025-03-10T23:36:49.740+0000] {logging_mixin.py:190} INFO - [2025-03-10T23:36:49.740+0000] {dag.py:4180} INFO - Setting next_dagrun for tutorial_dag to None, run_after=None
[2025-03-10T23:36:49.762+0000] {processor.py:208} INFO - Processing /home/airflow/.local/lib/python3.12/site-packages/airflow/example_dags/tutorial_dag.py took 0.089 seconds
[2025-03-10T23:37:20.513+0000] {processor.py:186} INFO - Started process (PID=357) to work on /home/airflow/.local/lib/python3.12/site-packages/airflow/example_dags/tutorial_dag.py
[2025-03-10T23:37:20.514+0000] {processor.py:914} INFO - Processing file /home/airflow/.local/lib/python3.12/site-packages/airflow/example_dags/tutorial_dag.py for tasks to queue
[2025-03-10T23:37:20.517+0000] {logging_mixin.py:190} INFO - [2025-03-10T23:37:20.517+0000] {dagbag.py:588} INFO - Filling up the DagBag from /home/airflow/.local/lib/python3.12/site-packages/airflow/example_dags/tutorial_dag.py
[2025-03-10T23:37:20.526+0000] {processor.py:925} INFO - DAG(s) 'tutorial_dag' retrieved from /home/airflow/.local/lib/python3.12/site-packages/airflow/example_dags/tutorial_dag.py
[2025-03-10T23:37:20.551+0000] {logging_mixin.py:190} INFO - [2025-03-10T23:37:20.551+0000] {dag.py:3239} INFO - Sync 1 DAGs
[2025-03-10T23:37:20.570+0000] {logging_mixin.py:190} INFO - [2025-03-10T23:37:20.569+0000] {dag.py:4180} INFO - Setting next_dagrun for tutorial_dag to None, run_after=None
[2025-03-10T23:37:20.591+0000] {processor.py:208} INFO - Processing /home/airflow/.local/lib/python3.12/site-packages/airflow/example_dags/tutorial_dag.py took 0.086 seconds
